#    1 | steps:     8 | steps_t:     0 | t: 0.062460 | r:  -507.000000 | e:   1.000000 | Q:        nan | won: False 
#    2 | steps:    15 | steps_t:     0 | t: 0.068445 | r:  -506.000000 | e:   1.000000 | Q:        nan | won: False 
#    3 | steps:    22 | steps_t:     0 | t: 0.073460 | r:  -506.000000 | e:   1.000000 | Q:        nan | won: False 
#    4 | steps:    33 | steps_t:     0 | t: 0.079415 | r:  -510.000000 | e:   1.000000 | Q:        nan | won: False 
#    5 | steps:    46 | steps_t:     0 | t: 0.090415 | r:  -512.000000 | e:   1.000000 | Q:        nan | won: False 
#    6 | steps:    58 | steps_t:     0 | t: 0.100360 | r:  -511.000000 | e:   1.000000 | Q:        nan | won: False 
#    7 | steps:    66 | steps_t:     0 | t: 0.104348 | r:  -507.000000 | e:   1.000000 | Q:        nan | won: False 
#    8 | steps:    74 | steps_t:     0 | t: 0.109077 | r:  -507.000000 | e:   1.000000 | Q:        nan | won: False 
#    9 | steps:    83 | steps_t:     0 | t: 0.116058 | r:  -508.000000 | e:   1.000000 | Q:        nan | won: False 
#   10 | steps:    91 | steps_t:     0 | t: 0.121043 | r:  -507.000000 | e:   1.000000 | Q:        nan | won: False 
#   11 | steps:    99 | steps_t:     0 | t: 0.126032 | r:  -507.000000 | e:   1.000000 | Q:        nan | won: False 
#   12 | steps:   106 | steps_t:     0 | t: 0.130023 | r:  -506.000000 | e:   1.000000 | Q:        nan | won: False 
#   13 | steps:   125 | steps_t:     0 | t: 0.140991 | r:  -518.000000 | e:   1.000000 | Q:        nan | won: False 
#   14 | steps:   132 | steps_t:     0 | t: 0.149968 | r:  -506.000000 | e:   1.000000 | Q:        nan | won: False 
#   15 | steps:   140 | steps_t:     0 | t: 0.155950 | r:  -507.000000 | e:   1.000000 | Q:        nan | won: False 
#   16 | steps:   148 | steps_t:     0 | t: 0.161939 | r:  -507.000000 | e:   1.000000 | Q:        nan | won: False 
#   17 | steps:   165 | steps_t:     0 | t: 0.171910 | r:  -516.000000 | e:   1.000000 | Q:        nan | won: False 
#   18 | steps:   189 | steps_t:     0 | t: 0.186869 | r:  -523.000000 | e:   1.000000 | Q:        nan | won: False 
#   19 | steps:   201 | steps_t:     0 | t: 0.192852 | r:  -511.000000 | e:   1.000000 | Q:        nan | won: False 
#   20 | steps:   208 | steps_t:     0 | t: 0.196841 | r:  -506.000000 | e:   1.000000 | Q:        nan | won: False 
#   21 | steps:   220 | steps_t:     0 | t: 0.203822 | r:  -511.000000 | e:   1.000000 | Q:        nan | won: False 
#   22 | steps:   229 | steps_t:     0 | t: 0.210806 | r:  -508.000000 | e:   1.000000 | Q:        nan | won: False 
#   23 | steps:   237 | steps_t:     0 | t: 0.218786 | r:  -507.000000 | e:   1.000000 | Q:        nan | won: False 
#   24 | steps:   257 | steps_t:     0 | t: 0.228757 | r:  -519.000000 | e:   1.000000 | Q:        nan | won: False 
#   25 | steps:   265 | steps_t:     0 | t: 0.234740 | r:  -507.000000 | e:   1.000000 | Q:        nan | won: False 
#   26 | steps:   278 | steps_t:     0 | t: 0.240723 | r:  -512.000000 | e:   1.000000 | Q:        nan | won: False 
#   27 | steps:   294 | steps_t:     0 | t: 0.252693 | r:  -515.000000 | e:   1.000000 | Q:        nan | won: False 
#   28 | steps:   301 | steps_t:     0 | t: 0.255684 | r:  -506.000000 | e:   1.000000 | Q:        nan | won: False 
#   29 | steps:   312 | steps_t:     0 | t: 0.262666 | r:  -510.000000 | e:   1.000000 | Q:        nan | won: False 
#   30 | steps:   340 | steps_t:     0 | t: 0.277627 | r:  -527.000000 | e:   1.000000 | Q:        nan | won: False 
#   31 | steps:   348 | steps_t:     0 | t: 0.283610 | r:  -507.000000 | e:   1.000000 | Q:        nan | won: False 
#   32 | steps:   356 | steps_t:     0 | t: 0.287597 | r:  -507.000000 | e:   1.000000 | Q:        nan | won: False 
#   33 | steps:   365 | steps_t:     0 | t: 0.293585 | r:  -508.000000 | e:   1.000000 | Q:        nan | won: False 
#   34 | steps:   371 | steps_t:     0 | t: 0.297572 | r:  -505.000000 | e:   1.000000 | Q:        nan | won: False 
#   35 | steps:   388 | steps_t:     0 | t: 0.306548 | r:  -505.000000 | e:   1.000000 | Q:        nan | won: False 
#   36 | steps:   399 | steps_t:     0 | t: 0.314529 | r:  -510.000000 | e:   1.000000 | Q:        nan | won: False 
#   37 | steps:   430 | steps_t:     0 | t: 0.329486 | r:  -519.000000 | e:   1.000000 | Q:        nan | won: False 
#   38 | steps:   436 | steps_t:     0 | t: 0.334473 | r:  -505.000000 | e:   1.000000 | Q:        nan | won: False 
#   39 | steps:   444 | steps_t:     0 | t: 0.339460 | r:  -507.000000 | e:   1.000000 | Q:        nan | won: False 
#   40 | steps:   451 | steps_t:     0 | t: 0.343451 | r:  -506.000000 | e:   1.000000 | Q:        nan | won: False 
#   41 | steps:   466 | steps_t:     0 | t: 0.353422 | r:  -514.000000 | e:   1.000000 | Q:        nan | won: False 
#   42 | steps:   475 | steps_t:     0 | t: 0.358409 | r:  -508.000000 | e:   1.000000 | Q:        nan | won: False 
#   43 | steps:   485 | steps_t:     0 | t: 0.368383 | r:  -509.000000 | e:   1.000000 | Q:        nan | won: False 
#   44 | steps:   491 | steps_t:     0 | t: 0.371373 | r:  -505.000000 | e:   1.000000 | Q:        nan | won: False 
#   45 | steps:   508 | steps_t:     0 | t: 0.383342 | r:  -505.000000 | e:   1.000000 | Q:        nan | won: False 
#   46 | steps:   528 | steps_t:     0 | t: 0.394316 | r:  -519.000000 | e:   1.000000 | Q:        nan | won: False 
#   47 | steps:   537 | steps_t:     0 | t: 0.400298 | r:  -508.000000 | e:   1.000000 | Q:        nan | won: False 
#   48 | steps:   560 | steps_t:     0 | t: 0.411268 | r:  -522.000000 | e:   1.000000 | Q:        nan | won: False 
#   49 | steps:   571 | steps_t:     0 | t: 0.418250 | r:  -510.000000 | e:   1.000000 | Q:        nan | won: False 
#   50 | steps:   589 | steps_t:     0 | t: 0.427227 | r:  -506.000000 | e:   1.000000 | Q:        nan | won: False 
#   51 | steps:   596 | steps_t:     0 | t: 0.434207 | r:  -506.000000 | e:   1.000000 | Q:        nan | won: False 
#   52 | steps:   604 | steps_t:     0 | t: 0.439192 | r:  -507.000000 | e:   1.000000 | Q:        nan | won: False 
#   53 | steps:   613 | steps_t:     0 | t: 0.445177 | r:  -508.000000 | e:   1.000000 | Q:        nan | won: False 
#   54 | steps:   622 | steps_t:     0 | t: 0.486068 | r:  -508.000000 | e:   1.000000 | Q:        nan | won: False 
#   55 | steps:   640 | steps_t:     0 | t: 0.511512 | r:  -517.000000 | e:   1.000000 | Q:        nan | won: False 
#   56 | steps:   646 | steps_t:     0 | t: 0.528466 | r:  -505.000000 | e:   1.000000 | Q:        nan | won: False 
#   57 | steps:   655 | steps_t:     0 | t: 0.535447 | r:  -508.000000 | e:   1.000000 | Q:        nan | won: False 
#   58 | steps:   665 | steps_t:     0 | t: 0.554396 | r:  -509.000000 | e:   1.000000 | Q:        nan | won: False 
#   59 | steps:   673 | steps_t:     0 | t: 0.566365 | r:  -507.000000 | e:   1.000000 | Q:        nan | won: False 
#   60 | steps:   686 | steps_t:     0 | t: 0.572347 | r:  -512.000000 | e:   1.000000 | Q:        nan | won: False 
#   61 | steps:   702 | steps_t:     0 | t: 0.584316 | r:  -515.000000 | e:   1.000000 | Q:        nan | won: False 
#   62 | steps:   712 | steps_t:     0 | t: 0.591298 | r:  -509.000000 | e:   1.000000 | Q:        nan | won: False 
#   63 | steps:   723 | steps_t:     0 | t: 0.601271 | r:  -510.000000 | e:   1.000000 | Q:        nan | won: False 
#   64 | steps:   734 | steps_t:     0 | t: 0.607769 | r:  -510.000000 | e:   1.000000 | Q:        nan | won: False 
#   65 | steps:   741 | steps_t:     0 | t: 0.617742 | r:  -506.000000 | e:   1.000000 | Q:        nan | won: False 
#   66 | steps:   751 | steps_t:     0 | t: 0.626719 | r:  -509.000000 | e:   1.000000 | Q:        nan | won: False 
#   67 | steps:   756 | steps_t:     0 | t: 0.631705 | r:  -504.000000 | e:   1.000000 | Q:        nan | won: False 
#   68 | steps:   766 | steps_t:     0 | t: 0.637689 | r:  -509.000000 | e:   1.000000 | Q:        nan | won: False 
#   69 | steps:   778 | steps_t:     0 | t: 0.646665 | r:  -511.000000 | e:   1.000000 | Q:        nan | won: False 
#   70 | steps:   784 | steps_t:     0 | t: 0.652648 | r:  -505.000000 | e:   1.000000 | Q:        nan | won: False 
#   71 | steps:   793 | steps_t:     0 | t: 0.657634 | r:  -508.000000 | e:   1.000000 | Q:        nan | won: False 
#   72 | steps:   799 | steps_t:     0 | t: 0.664617 | r:  -505.000000 | e:   1.000000 | Q:        nan | won: False 
#   73 | steps:   808 | steps_t:     0 | t: 0.670599 | r:  -508.000000 | e:   1.000000 | Q:        nan | won: False 
#   74 | steps:   821 | steps_t:     0 | t: 0.679580 | r:  -512.000000 | e:   1.000000 | Q:        nan | won: False 
#   75 | steps:   830 | steps_t:     0 | t: 0.686557 | r:  -508.000000 | e:   1.000000 | Q:        nan | won: False 
#   76 | steps:   852 | steps_t:     0 | t: 0.699522 | r:  -521.000000 | e:   1.000000 | Q:        nan | won: False 
#   77 | steps:   859 | steps_t:     0 | t: 0.703511 | r:  -506.000000 | e:   1.000000 | Q:        nan | won: False 
#   78 | steps:   870 | steps_t:     0 | t: 0.710502 | r:  -510.000000 | e:   1.000000 | Q:        nan | won: False 
#   79 | steps:   880 | steps_t:     0 | t: 0.719476 | r:  -509.000000 | e:   1.000000 | Q:        nan | won: False 
#   80 | steps:   898 | steps_t:     0 | t: 0.730446 | r:  -517.000000 | e:   1.000000 | Q:        nan | won: False 
#   81 | steps:   906 | steps_t:     0 | t: 0.736428 | r:  -507.000000 | e:   1.000000 | Q:        nan | won: False 
#   82 | steps:   915 | steps_t:     0 | t: 0.740418 | r:  -508.000000 | e:   1.000000 | Q:        nan | won: False 
#   83 | steps:   935 | steps_t:     0 | t: 0.752386 | r:  -519.000000 | e:   1.000000 | Q:        nan | won: False 
#   84 | steps:   957 | steps_t:     0 | t: 0.763357 | r:  -521.000000 | e:   1.000000 | Q:        nan | won: False 
#   85 | steps:   964 | steps_t:     0 | t: 0.768343 | r:  -506.000000 | e:   1.000000 | Q:        nan | won: False 
#   86 | steps:   974 | steps_t:     0 | t: 0.773330 | r:  -509.000000 | e:   1.000000 | Q:        nan | won: False 
#   87 | steps:   981 | steps_t:     0 | t: 0.779315 | r:  -506.000000 | e:   1.000000 | Q:        nan | won: False 
#   88 | steps:   992 | steps_t:     0 | t: 0.785298 | r:  -510.000000 | e:   1.000000 | Q:        nan | won: False 
#   89 | steps:  1000 | steps_t:     0 | t: 0.790286 | r:  -507.000000 | e:   1.000000 | Q:        nan | won: False 
#   90 | steps:  1008 | steps_t:     0 | t: 0.796270 | r:  -507.000000 | e:   1.000000 | Q:        nan | won: False 
#   91 | steps:  1017 | steps_t:     0 | t: 0.802253 | r:  -508.000000 | e:   1.000000 | Q:        nan | won: False 
#   92 | steps:  1032 | steps_t:     0 | t: 0.807890 | r:  -514.000000 | e:   1.000000 | Q:        nan | won: False 
#   93 | steps:  1040 | steps_t:     0 | t: 0.815869 | r:  -507.000000 | e:   1.000000 | Q:        nan | won: False 
#   94 | steps:  1049 | steps_t:     0 | t: 0.820856 | r:  -508.000000 | e:   1.000000 | Q:        nan | won: False 
#   95 | steps:  1055 | steps_t:     0 | t: 0.823848 | r:  -505.000000 | e:   1.000000 | Q:        nan | won: False 
#   96 | steps:  1063 | steps_t:     0 | t: 0.831826 | r:  -507.000000 | e:   1.000000 | Q:        nan | won: False 
#   97 | steps:  1073 | steps_t:     0 | t: 0.838808 | r:  -509.000000 | e:   1.000000 | Q:        nan | won: False 
#   98 | steps:  1081 | steps_t:     0 | t: 0.846788 | r:  -507.000000 | e:   1.000000 | Q:        nan | won: False 
#   99 | steps:  1090 | steps_t:     0 | t: 0.852769 | r:  -508.000000 | e:   1.000000 | Q:        nan | won: False 
#  100 | steps:  1111 | steps_t:     0 | t: 0.863741 | r:  -520.000000 | e:   1.000000 | Q:        nan | won: False 
#  101 | steps:  1122 | steps_t:     0 | t: 0.870722 | r:  -510.000000 | e:   1.000000 | Q:        nan | won: False 
#  102 | steps:  1133 | steps_t:     0 | t: 0.878701 | r:  -510.000000 | e:   1.000000 | Q:        nan | won: False 
#  103 | steps:  1142 | steps_t:     0 | t: 0.884684 | r:  -508.000000 | e:   1.000000 | Q:        nan | won: False 
#  104 | steps:  1151 | steps_t:     0 | t: 0.888674 | r:  -508.000000 | e:   1.000000 | Q:        nan | won: False 
#  105 | steps:  1157 | steps_t:     0 | t: 0.894660 | r:  -505.000000 | e:   1.000000 | Q:        nan | won: False 
#  106 | steps:  1169 | steps_t:     0 | t: 0.902636 | r:  -511.000000 | e:   1.000000 | Q:        nan | won: False 
#  107 | steps:  1177 | steps_t:     0 | t: 0.906625 | r:  -507.000000 | e:   1.000000 | Q:        nan | won: False 
#  108 | steps:  1196 | steps_t:     0 | t: 0.917596 | r:  -518.000000 | e:   1.000000 | Q:        nan | won: False 
#  109 | steps:  1204 | steps_t:     0 | t: 0.921587 | r:  -507.000000 | e:   1.000000 | Q:        nan | won: False 
#  110 | steps:  1228 | steps_t:     0 | t: 0.934551 | r:  -523.000000 | e:   1.000000 | Q:        nan | won: False 
#  111 | steps:  1234 | steps_t:     0 | t: 0.938542 | r:  -505.000000 | e:   1.000000 | Q:        nan | won: False 
#  112 | steps:  1240 | steps_t:     0 | t: 0.941533 | r:  -505.000000 | e:   1.000000 | Q:        nan | won: False 
#  113 | steps:  1246 | steps_t:     0 | t: 0.947518 | r:  -505.000000 | e:   1.000000 | Q:        nan | won: False 
#  114 | steps:  1279 | steps_t:     0 | t: 0.963474 | r:  -521.000000 | e:   1.000000 | Q:        nan | won: False 
#  115 | steps:  1291 | steps_t:     0 | t: 0.970455 | r:  -511.000000 | e:   1.000000 | Q:        nan | won: False 
#  116 | steps:  1314 | steps_t:     0 | t: 0.983421 | r:  -522.000000 | e:   1.000000 | Q:        nan | won: False 
#  117 | steps:  1333 | steps_t:     0 | t: 0.992398 | r:  -518.000000 | e:   1.000000 | Q:        nan | won: False 
#  118 | steps:  1351 | steps_t:     0 | t: 1.002369 | r:  -517.000000 | e:   1.000000 | Q:        nan | won: False 
#  119 | steps:  1357 | steps_t:     0 | t: 1.006360 | r:  -505.000000 | e:   1.000000 | Q:        nan | won: False 
#  120 | steps:  1369 | steps_t:     0 | t: 1.015033 | r:  -511.000000 | e:   1.000000 | Q:        nan | won: False 
#  121 | steps:  1380 | steps_t:     0 | t: 1.020017 | r:  -510.000000 | e:   1.000000 | Q:        nan | won: False 
#  122 | steps:  1391 | steps_t:     0 | t: 1.027000 | r:  -510.000000 | e:   1.000000 | Q:        nan | won: False 
#  123 | steps:  1402 | steps_t:     0 | t: 1.033982 | r:  -510.000000 | e:   1.000000 | Q:        nan | won: False 
#  124 | steps:  1411 | steps_t:     0 | t: 1.037970 | r:  -508.000000 | e:   1.000000 | Q:        nan | won: False 
#  125 | steps:  1417 | steps_t:     0 | t: 1.042956 | r:  -505.000000 | e:   1.000000 | Q:        nan | won: False 
#  126 | steps:  1425 | steps_t:     0 | t: 1.049940 | r:  -507.000000 | e:   1.000000 | Q:        nan | won: False 
#  127 | steps:  1431 | steps_t:     0 | t: 1.052929 | r:  -505.000000 | e:   1.000000 | Q:        nan | won: False 
#  128 | steps:  1438 | steps_t:     0 | t: 1.056919 | r:  -506.000000 | e:   1.000000 | Q:        nan | won: False 
#  129 | steps:  1448 | steps_t:     0 | t: 1.063900 | r:  -509.000000 | e:   1.000000 | Q:        nan | won: False 
#  130 | steps:  1458 | steps_t:     0 | t: 1.069883 | r:  -509.000000 | e:   1.000000 | Q:        nan | won: False 
#  131 | steps:  1481 | steps_t:     0 | t: 1.081854 | r:  -522.000000 | e:   1.000000 | Q:        nan | won: False 
#  132 | steps:  1495 | steps_t:     0 | t: 1.088834 | r:  -513.000000 | e:   1.000000 | Q:        nan | won: False 
#  133 | steps:  1505 | steps_t:     0 | t: 1.097809 | r:  -509.000000 | e:   1.000000 | Q:        nan | won: False 
#  134 | steps:  1516 | steps_t:     0 | t: 1.103792 | r:  -510.000000 | e:   1.000000 | Q:        nan | won: False 
#  135 | steps:  1527 | steps_t:     0 | t: 1.111971 | r:  -510.000000 | e:   1.000000 | Q:        nan | won: False 
#  136 | steps:  1544 | steps_t:     0 | t: 1.122943 | r:  -516.000000 | e:   1.000000 | Q:        nan | won: False 
#  137 | steps:  1554 | steps_t:     0 | t: 1.130922 | r:  -509.000000 | e:   1.000000 | Q:        nan | won: False 
#  138 | steps:  1570 | steps_t:     0 | t: 1.141892 | r:  -515.000000 | e:   1.000000 | Q:        nan | won: False 
#  139 | steps:  1579 | steps_t:     0 | t: 1.149874 | r:  -508.000000 | e:   1.000000 | Q:        nan | won: False 
#  140 | steps:  1589 | steps_t:     0 | t: 1.155854 | r:  -509.000000 | e:   1.000000 | Q:        nan | won: False 
#  141 | steps:  1596 | steps_t:     0 | t: 1.161840 | r:  -506.000000 | e:   1.000000 | Q:        nan | won: False 
#  142 | steps:  1620 | steps_t:     0 | t: 1.174804 | r:  -523.000000 | e:   1.000000 | Q:        nan | won: False 
#  143 | steps:  1631 | steps_t:     0 | t: 1.184777 | r:  -510.000000 | e:   1.000000 | Q:        nan | won: False 
#  144 | steps:  1641 | steps_t:     0 | t: 1.189762 | r:  -509.000000 | e:   1.000000 | Q:        nan | won: False 
#  145 | steps:  1650 | steps_t:     0 | t: 1.197744 | r:  -508.000000 | e:   1.000000 | Q:        nan | won: False 
#  146 | steps:  1666 | steps_t:     0 | t: 1.205720 | r:  -515.000000 | e:   1.000000 | Q:        nan | won: False 
#  147 | steps:  1674 | steps_t:     0 | t: 1.212212 | r:  -507.000000 | e:   1.000000 | Q:        nan | won: False 
#  148 | steps:  1682 | steps_t:     0 | t: 1.217199 | r:  -507.000000 | e:   1.000000 | Q:        nan | won: False 
#  149 | steps:  1693 | steps_t:     0 | t: 1.222184 | r:  -510.000000 | e:   1.000000 | Q:        nan | won: False 
#  150 | steps:  1699 | steps_t:     0 | t: 1.228169 | r:  -505.000000 | e:   1.000000 | Q:        nan | won: False 
#  151 | steps:  1710 | steps_t:     0 | t: 1.234155 | r:  -510.000000 | e:   1.000000 | Q:        nan | won: False 
#  152 | steps:  1718 | steps_t:     0 | t: 1.238143 | r:  -507.000000 | e:   1.000000 | Q:        nan | won: False 
#  153 | steps:  1734 | steps_t:     0 | t: 1.247120 | r:  -515.000000 | e:   1.000000 | Q:        nan | won: False 
#  154 | steps:  1740 | steps_t:     0 | t: 1.252106 | r:  -505.000000 | e:   1.000000 | Q:        nan | won: False 
#  155 | steps:  1754 | steps_t:     0 | t: 1.260085 | r:  -513.000000 | e:   1.000000 | Q:        nan | won: False 
#  156 | steps:  1765 | steps_t:     0 | t: 1.268063 | r:  -510.000000 | e:   1.000000 | Q:        nan | won: False 
#  157 | steps:  1775 | steps_t:     0 | t: 1.272051 | r:  -509.000000 | e:   1.000000 | Q:        nan | won: False 
#  158 | steps:  1785 | steps_t:     0 | t: 1.279035 | r:  -509.000000 | e:   1.000000 | Q:        nan | won: False 
#  159 | steps:  1792 | steps_t:     0 | t: 1.284020 | r:  -506.000000 | e:   1.000000 | Q:        nan | won: False 
#  160 | steps:  1799 | steps_t:     0 | t: 1.287012 | r:  -506.000000 | e:   1.000000 | Q:        nan | won: False 
#  161 | steps:  1807 | steps_t:     0 | t: 1.292997 | r:  -507.000000 | e:   1.000000 | Q:        nan | won: False 
#  162 | steps:  1817 | steps_t:     0 | t: 1.300975 | r:  -509.000000 | e:   1.000000 | Q:        nan | won: False 
#  163 | steps:  1824 | steps_t:     0 | t: 1.304963 | r:  -506.000000 | e:   1.000000 | Q:        nan | won: False 
#  164 | steps:  1832 | steps_t:     0 | t: 1.311454 | r:  -507.000000 | e:   1.000000 | Q:        nan | won: False 
#  165 | steps:  1841 | steps_t:     0 | t: 1.318438 | r:  -508.000000 | e:   1.000000 | Q:        nan | won: False 
#  166 | steps:  1851 | steps_t:     0 | t: 1.323422 | r:  -509.000000 | e:   1.000000 | Q:        nan | won: False 
#  167 | steps:  1858 | steps_t:     0 | t: 1.330404 | r:  -506.000000 | e:   1.000000 | Q:        nan | won: False 
#  168 | steps:  1867 | steps_t:     0 | t: 1.336388 | r:  -508.000000 | e:   1.000000 | Q:        nan | won: False 
#  169 | steps:  1898 | steps_t:     0 | t: 1.352345 | r:  -519.000000 | e:   1.000000 | Q:        nan | won: False 
#  170 | steps:  1910 | steps_t:     0 | t: 1.358328 | r:  -511.000000 | e:   1.000000 | Q:        nan | won: False 
#  171 | steps:  1921 | steps_t:     0 | t: 1.367306 | r:  -510.000000 | e:   1.000000 | Q:        nan | won: False 
#  172 | steps:  1929 | steps_t:     0 | t: 1.370296 | r:  -507.000000 | e:   1.000000 | Q:        nan | won: False 
#  173 | steps:  1936 | steps_t:     0 | t: 1.375284 | r:  -506.000000 | e:   1.000000 | Q:        nan | won: False 
#  174 | steps:  1944 | steps_t:     0 | t: 1.381269 | r:  -507.000000 | e:   1.000000 | Q:        nan | won: False 
#  175 | steps:  1952 | steps_t:     0 | t: 1.386255 | r:  -507.000000 | e:   1.000000 | Q:        nan | won: False 
#  176 | steps:  1959 | steps_t:     0 | t: 1.390245 | r:  -506.000000 | e:   1.000000 | Q:        nan | won: False 
#  177 | steps:  1965 | steps_t:     0 | t: 1.396230 | r:  -505.000000 | e:   1.000000 | Q:        nan | won: False 
#  178 | steps:  1972 | steps_t:     0 | t: 1.401214 | r:  -506.000000 | e:   1.000000 | Q:        nan | won: False 
#  179 | steps:  1980 | steps_t:     0 | t: 1.405203 | r:  -507.000000 | e:   1.000000 | Q:        nan | won: False 
#  180 | steps:  1999 | steps_t:     0 | t: 1.416174 | r:  -496.000000 | e:   1.000000 | Q:        nan | won: False 
#  181 | steps:  2018 | steps_t:     0 | t: 1.425152 | r:  -518.000000 | e:   1.000000 | Q:        nan | won: False 
#  182 | steps:  2025 | steps_t:     0 | t: 1.432132 | r:  -506.000000 | e:   1.000000 | Q:        nan | won: False 
#  183 | steps:  2033 | steps_t:     0 | t: 1.438115 | r:  -507.000000 | e:   1.000000 | Q:        nan | won: False 
#  184 | steps:  2039 | steps_t:     0 | t: 1.441107 | r:  -505.000000 | e:   1.000000 | Q:        nan | won: False 
#  185 | steps:  2045 | steps_t:     0 | t: 1.446098 | r:  -505.000000 | e:   1.000000 | Q:        nan | won: False 
#  186 | steps:  2054 | steps_t:     0 | t: 1.452077 | r:  -508.000000 | e:   1.000000 | Q:        nan | won: False 
#  187 | steps:  2059 | steps_t:     0 | t: 1.455071 | r:  -504.000000 | e:   1.000000 | Q:        nan | won: False 
#  188 | steps:  2067 | steps_t:     0 | t: 1.462053 | r:  -507.000000 | e:   1.000000 | Q:        nan | won: False 
#  189 | steps:  2079 | steps_t:     0 | t: 1.468035 | r:  -511.000000 | e:   1.000000 | Q:        nan | won: False 
#  190 | steps:  2087 | steps_t:     0 | t: 1.473023 | r:  -507.000000 | e:   1.000000 | Q:        nan | won: False 
#  191 | steps:  2095 | steps_t:     0 | t: 1.479009 | r:  -507.000000 | e:   1.000000 | Q:        nan | won: False 
#  192 | steps:  2107 | steps_t:     0 | t: 1.485986 | r:  -511.000000 | e:   1.000000 | Q:        nan | won: False 
#  193 | steps:  2126 | steps_t:     0 | t: 1.495961 | r:  -518.000000 | e:   1.000000 | Q:        nan | won: False 
#  194 | steps:  2135 | steps_t:     0 | t: 1.501945 | r:  -508.000000 | e:   1.000000 | Q:        nan | won: False 
#  195 | steps:  2147 | steps_t:     0 | t: 1.507929 | r:  -511.000000 | e:   1.000000 | Q:        nan | won: False 
#  196 | steps:  2158 | steps_t:     0 | t: 1.515910 | r:  -510.000000 | e:   1.000000 | Q:        nan | won: False 
#  197 | steps:  2176 | steps_t:     0 | t: 1.522888 | r:  -517.000000 | e:   1.000000 | Q:        nan | won: False 
#  198 | steps:  2187 | steps_t:     0 | t: 1.530868 | r:  -510.000000 | e:   1.000000 | Q:        nan | won: False 
#  199 | steps:  2194 | steps_t:     0 | t: 1.534857 | r:  -506.000000 | e:   1.000000 | Q:        nan | won: False 
#  200 | steps:  2204 | steps_t:     0 | t: 1.539843 | r:  -509.000000 | e:   1.000000 | Q:        nan | won: False 
#  201 | steps:  2214 | steps_t:     0 | t: 1.547822 | r:  -509.000000 | e:   1.000000 | Q:        nan | won: False 
#  202 | steps:  2228 | steps_t:     0 | t: 1.554802 | r:  -513.000000 | e:   1.000000 | Q:        nan | won: False 
#  203 | steps:  2235 | steps_t:     0 | t: 1.558792 | r:  -506.000000 | e:   1.000000 | Q:        nan | won: False 
#  204 | steps:  2243 | steps_t:     0 | t: 1.564777 | r:  -507.000000 | e:   1.000000 | Q:        nan | won: False 
#  205 | steps:  2253 | steps_t:     0 | t: 1.569762 | r:  -509.000000 | e:   1.000000 | Q:        nan | won: False 
#  206 | steps:  2264 | steps_t:     0 | t: 1.575748 | r:  -510.000000 | e:   1.000000 | Q:        nan | won: False 
#  207 | steps:  2272 | steps_t:     0 | t: 1.581732 | r:  -507.000000 | e:   1.000000 | Q:        nan | won: False 
#  208 | steps:  2285 | steps_t:     0 | t: 1.634591 | r:  -512.000000 | e:   1.000000 | Q:        nan | won: False 
#  209 | steps:  2296 | steps_t:     0 | t: 1.664510 | r:  -510.000000 | e:   1.000000 | Q:        nan | won: False 
#  210 | steps:  2303 | steps_t:     0 | t: 1.671492 | r:  -506.000000 | e:   1.000000 | Q:        nan | won: False 
#  211 | steps:  2319 | steps_t:     0 | t: 1.699419 | r:  -515.000000 | e:   1.000000 | Q:        nan | won: False 
#  212 | steps:  2327 | steps_t:     0 | t: 1.706398 | r:  -507.000000 | e:   1.000000 | Q:        nan | won: False 
#  213 | steps:  2341 | steps_t:     0 | t: 1.722357 | r:  -513.000000 | e:   1.000000 | Q:        nan | won: False 
#  214 | steps:  2349 | steps_t:     0 | t: 1.736318 | r:  -507.000000 | e:   1.000000 | Q:        nan | won: False 
#  215 | steps:  2361 | steps_t:     0 | t: 1.752275 | r:  -511.000000 | e:   1.000000 | Q:        nan | won: False 
#  216 | steps:  2370 | steps_t:     0 | t: 1.768233 | r:  -508.000000 | e:   1.000000 | Q:        nan | won: False 
#  217 | steps:  2383 | steps_t:     0 | t: 1.779205 | r:  -512.000000 | e:   1.000000 | Q:        nan | won: False 
#  218 | steps:  2391 | steps_t:     0 | t: 1.786187 | r:  -507.000000 | e:   1.000000 | Q:        nan | won: False 
#  219 | steps:  2406 | steps_t:     0 | t: 1.800149 | r:  -514.000000 | e:   1.000000 | Q:        nan | won: False 
#  220 | steps:  2416 | steps_t:     0 | t: 1.808126 | r:  -509.000000 | e:   1.000000 | Q:        nan | won: False 
#  221 | steps:  2427 | steps_t:     0 | t: 1.822089 | r:  -510.000000 | e:   1.000000 | Q:        nan | won: False 
#  222 | steps:  2439 | steps_t:     0 | t: 1.832061 | r:  -511.000000 | e:   1.000000 | Q:        nan | won: False 
#  223 | steps:  2462 | steps_t:     0 | t: 1.847021 | r:  -511.000000 | e:   1.000000 | Q:        nan | won: False 
#  224 | steps:  2472 | steps_t:     0 | t: 1.854003 | r:  -509.000000 | e:   1.000000 | Q:        nan | won: False 
#  225 | steps:  2486 | steps_t:     0 | t: 1.865972 | r:  -513.000000 | e:   1.000000 | Q:        nan | won: False 
#  226 | steps:  2506 | steps_t:     0 | t: 1.879935 | r:  -519.000000 | e:   1.000000 | Q:        nan | won: False 
#  227 | steps:  2514 | steps_t:     0 | t: 1.885918 | r:  -507.000000 | e:   1.000000 | Q:        nan | won: False 
#  228 | steps:  2530 | steps_t:     0 | t: 1.895892 | r:  -515.000000 | e:   1.000000 | Q:        nan | won: False 
#  229 | steps:  2539 | steps_t:     0 | t: 1.901874 | r:  -508.000000 | e:   1.000000 | Q:        nan | won: False 
#  230 | steps:  2545 | steps_t:     0 | t: 1.905864 | r:  -505.000000 | e:   1.000000 | Q:        nan | won: False 
#  231 | steps:  2555 | steps_t:     0 | t: 1.913844 | r:  -509.000000 | e:   1.000000 | Q:        nan | won: False 
#  232 | steps:  2562 | steps_t:     0 | t: 1.918829 | r:  -506.000000 | e:   1.000000 | Q:        nan | won: False 
#  233 | steps:  2572 | steps_t:     0 | t: 1.923817 | r:  -509.000000 | e:   1.000000 | Q:        nan | won: False 
#  234 | steps:  2585 | steps_t:     0 | t: 1.932793 | r:  -512.000000 | e:   1.000000 | Q:        nan | won: False 
#  235 | steps:  2593 | steps_t:     0 | t: 1.936780 | r:  -507.000000 | e:   1.000000 | Q:        nan | won: False 
#  236 | steps:  2602 | steps_t:     0 | t: 1.941767 | r:  -508.000000 | e:   1.000000 | Q:        nan | won: False 
#  237 | steps:  2617 | steps_t:     0 | t: 1.950744 | r:  -492.000000 | e:   1.000000 | Q:        nan | won: False 
#  238 | steps:  2626 | steps_t:     0 | t: 1.955730 | r:  -508.000000 | e:   1.000000 | Q:        nan | won: False 
#  239 | steps:  2650 | steps_t:     0 | t: 1.971688 | r:  -523.000000 | e:   1.000000 | Q:        nan | won: False 
#  240 | steps:  2656 | steps_t:     0 | t: 1.977672 | r:  -505.000000 | e:   1.000000 | Q:        nan | won: False 
#  241 | steps:  2667 | steps_t:     0 | t: 1.987645 | r:  -510.000000 | e:   1.000000 | Q:        nan | won: False 
#  242 | steps:  2675 | steps_t:     0 | t: 1.995625 | r:  -507.000000 | e:   1.000000 | Q:        nan | won: False 
#  243 | steps:  2693 | steps_t:     0 | t: 2.008590 | r:  -517.000000 | e:   1.000000 | Q:        nan | won: False 
#  244 | steps:  2701 | steps_t:     0 | t: 2.020559 | r:  -507.000000 | e:   1.000000 | Q:        nan | won: False 
#  245 | steps:  2712 | steps_t:     0 | t: 2.034520 | r:  -510.000000 | e:   1.000000 | Q:        nan | won: False 
#  246 | steps:  2726 | steps_t:     0 | t: 2.053469 | r:  -513.000000 | e:   1.000000 | Q:        nan | won: False 
#  247 | steps:  2735 | steps_t:     0 | t: 2.062446 | r:  -508.000000 | e:   1.000000 | Q:        nan | won: False 
#  248 | steps:  2746 | steps_t:     0 | t: 2.074414 | r:  -510.000000 | e:   1.000000 | Q:        nan | won: False 
#  249 | steps:  2753 | steps_t:     0 | t: 2.084386 | r:  -506.000000 | e:   1.000000 | Q:        nan | won: False 
#  250 | steps:  2761 | steps_t:     0 | t: 2.095357 | r:  -507.000000 | e:   1.000000 | Q:        nan | won: False 
#  251 | steps:  2767 | steps_t:     0 | t: 2.102340 | r:  -505.000000 | e:   1.000000 | Q:        nan | won: False 
#  252 | steps:  2774 | steps_t:     0 | t: 2.110318 | r:  -506.000000 | e:   1.000000 | Q:        nan | won: False 
#  253 | steps:  2781 | steps_t:     0 | t: 2.118297 | r:  -506.000000 | e:   1.000000 | Q:        nan | won: False 
#  254 | steps:  2798 | steps_t:     0 | t: 2.131262 | r:  -516.000000 | e:   1.000000 | Q:        nan | won: False 
#  255 | steps:  2810 | steps_t:     0 | t: 2.138242 | r:  -511.000000 | e:   1.000000 | Q:        nan | won: False 
#  256 | steps:  2818 | steps_t:     0 | t: 2.147220 | r:  -507.000000 | e:   1.000000 | Q:        nan | won: False 
#  257 | steps:  2828 | steps_t:     0 | t: 2.156195 | r:  -509.000000 | e:   1.000000 | Q:        nan | won: False 
#  258 | steps:  2838 | steps_t:     0 | t: 2.165171 | r:  -509.000000 | e:   1.000000 | Q:        nan | won: False 
#  259 | steps:  2847 | steps_t:     0 | t: 2.171154 | r:  -508.000000 | e:   1.000000 | Q:        nan | won: False 
#  260 | steps:  2858 | steps_t:     0 | t: 2.178136 | r:  -510.000000 | e:   1.000000 | Q:        nan | won: False 
#  261 | steps:  2867 | steps_t:     0 | t: 2.184119 | r:  -508.000000 | e:   1.000000 | Q:        nan | won: False 
#  262 | steps:  2885 | steps_t:     0 | t: 2.195090 | r:  -506.000000 | e:   1.000000 | Q:        nan | won: False 
#  263 | steps:  2894 | steps_t:     0 | t: 2.201075 | r:  -508.000000 | e:   1.000000 | Q:        nan | won: False 
#  264 | steps:  2905 | steps_t:     0 | t: 2.207060 | r:  -510.000000 | e:   1.000000 | Q:        nan | won: False 
#  265 | steps:  2912 | steps_t:     0 | t: 2.213045 | r:  -506.000000 | e:   1.000000 | Q:        nan | won: False 
#  266 | steps:  2921 | steps_t:     0 | t: 2.219541 | r:  -508.000000 | e:   1.000000 | Q:        nan | won: False 
#  267 | steps:  2929 | steps_t:     0 | t: 2.228518 | r:  -507.000000 | e:   1.000000 | Q:        nan | won: False 
#  268 | steps:  2945 | steps_t:     0 | t: 2.239487 | r:  -504.000000 | e:   1.000000 | Q:        nan | won: False 
#  269 | steps:  2952 | steps_t:     0 | t: 2.248466 | r:  -506.000000 | e:   1.000000 | Q:        nan | won: False 
#  270 | steps:  2964 | steps_t:     0 | t: 2.257440 | r:  -511.000000 | e:   1.000000 | Q:        nan | won: False 
#  271 | steps:  2971 | steps_t:     0 | t: 2.265418 | r:  -506.000000 | e:   1.000000 | Q:        nan | won: False 
#  272 | steps:  2979 | steps_t:     0 | t: 2.271403 | r:  -507.000000 | e:   1.000000 | Q:        nan | won: False 
#  273 | steps:  2993 | steps_t:     0 | t: 2.281375 | r:  -513.000000 | e:   1.000000 | Q:        nan | won: False 
#  274 | steps:  3006 | steps_t:     0 | t: 2.289354 | r:  -512.000000 | e:   1.000000 | Q:        nan | won: False 
#  275 | steps:  3021 | steps_t:     0 | t: 2.300326 | r:  -503.000000 | e:   1.000000 | Q:        nan | won: False 
#  276 | steps:  3039 | steps_t:     0 | t: 2.311296 | r:  -506.000000 | e:   1.000000 | Q:        nan | won: False 
#  277 | steps:  3047 | steps_t:     0 | t: 2.319274 | r:  -507.000000 | e:   1.000000 | Q:        nan | won: False 
#  278 | steps:  3055 | steps_t:     0 | t: 2.323265 | r:  -507.000000 | e:   1.000000 | Q:        nan | won: False 
#  279 | steps:  3061 | steps_t:     0 | t: 2.330247 | r:  -505.000000 | e:   1.000000 | Q:        nan | won: False 
#  280 | steps:  3069 | steps_t:     0 | t: 2.335231 | r:  -507.000000 | e:   1.000000 | Q:        nan | won: False 
#  281 | steps:  3091 | steps_t:     0 | t: 2.349195 | r:  -521.000000 | e:   1.000000 | Q:        nan | won: False 
#  282 | steps:  3099 | steps_t:     0 | t: 2.353182 | r:  -507.000000 | e:   1.000000 | Q:        nan | won: False 
#  283 | steps:  3105 | steps_t:     0 | t: 2.357172 | r:  -505.000000 | e:   1.000000 | Q:        nan | won: False 
#  284 | steps:  3115 | steps_t:     0 | t: 2.367147 | r:  -509.000000 | e:   1.000000 | Q:        nan | won: False 
#  285 | steps:  3125 | steps_t:     0 | t: 2.372133 | r:  -509.000000 | e:   1.000000 | Q:        nan | won: False 
#  286 | steps:  3133 | steps_t:     0 | t: 2.379115 | r:  -507.000000 | e:   1.000000 | Q:        nan | won: False 
#  287 | steps:  3151 | steps_t:     0 | t: 2.387092 | r:  -506.000000 | e:   1.000000 | Q:        nan | won: False 
#  288 | steps:  3159 | steps_t:     0 | t: 2.391081 | r:  -507.000000 | e:   1.000000 | Q:        nan | won: False 
#  289 | steps:  3169 | steps_t:     0 | t: 2.399060 | r:  -509.000000 | e:   1.000000 | Q:        nan | won: False 
#  290 | steps:  3179 | steps_t:     0 | t: 2.404048 | r:  -509.000000 | e:   1.000000 | Q:        nan | won: False 
#  291 | steps:  3190 | steps_t:     0 | t: 2.411030 | r:  -510.000000 | e:   1.000000 | Q:        nan | won: False 
#  292 | steps:  3196 | steps_t:     0 | t: 2.415018 | r:  -505.000000 | e:   1.000000 | Q:        nan | won: False 
#  293 | steps:  3203 | steps_t:     0 | t: 2.418686 | r:  -506.000000 | e:   1.000000 | Q:        nan | won: False 
#  294 | steps:  3213 | steps_t:     0 | t: 2.424670 | r:  -509.000000 | e:   1.000000 | Q:        nan | won: False 
#  295 | steps:  3221 | steps_t:     0 | t: 2.432652 | r:  -507.000000 | e:   1.000000 | Q:        nan | won: False 
#  296 | steps:  3228 | steps_t:     0 | t: 2.436637 | r:  -506.000000 | e:   1.000000 | Q:        nan | won: False 
#  297 | steps:  3237 | steps_t:     0 | t: 2.442624 | r:  -508.000000 | e:   1.000000 | Q:        nan | won: False 
#  298 | steps:  3250 | steps_t:     0 | t: 2.451597 | r:  -512.000000 | e:   1.000000 | Q:        nan | won: False 
#  299 | steps:  3257 | steps_t:     0 | t: 2.454589 | r:  -506.000000 | e:   1.000000 | Q:        nan | won: False 
#  300 | steps:  3264 | steps_t:     0 | t: 2.460604 | r:  -506.000000 | e:   1.000000 | Q:        nan | won: False 
#  301 | steps:  3288 | steps_t:     0 | t: 2.474537 | r:  -523.000000 | e:   1.000000 | Q:        nan | won: False 
#  302 | steps:  3294 | steps_t:     0 | t: 2.482516 | r:  -505.000000 | e:   1.000000 | Q:        nan | won: False 
#  303 | steps:  3302 | steps_t:     0 | t: 2.488501 | r:  -507.000000 | e:   1.000000 | Q:        nan | won: False 
#  304 | steps:  3312 | steps_t:     0 | t: 2.497479 | r:  -509.000000 | e:   1.000000 | Q:        nan | won: False 
#  305 | steps:  3322 | steps_t:     0 | t: 2.504457 | r:  -509.000000 | e:   1.000000 | Q:        nan | won: False 
#  306 | steps:  3327 | steps_t:     0 | t: 2.508446 | r:  -504.000000 | e:   1.000000 | Q:        nan | won: False 
#  307 | steps:  3338 | steps_t:     0 | t: 2.519417 | r:  -510.000000 | e:   1.000000 | Q:        nan | won: False 
#  308 | steps:  3346 | steps_t:     0 | t: 2.524403 | r:  -507.000000 | e:   1.000000 | Q:        nan | won: False 
#  309 | steps:  3354 | steps_t:     0 | t: 2.535375 | r:  -507.000000 | e:   1.000000 | Q:        nan | won: False 
#  310 | steps:  3361 | steps_t:     0 | t: 2.547343 | r:  -506.000000 | e:   1.000000 | Q:        nan | won: False 
#  311 | steps:  3371 | steps_t:     0 | t: 2.554323 | r:  -509.000000 | e:   1.000000 | Q:        nan | won: False 
#  312 | steps:  3380 | steps_t:     0 | t: 2.560308 | r:  -508.000000 | e:   1.000000 | Q:        nan | won: False 
#  313 | steps:  3402 | steps_t:     0 | t: 2.571278 | r:  -510.000000 | e:   1.000000 | Q:        nan | won: False 
#  314 | steps:  3410 | steps_t:     0 | t: 2.580256 | r:  -507.000000 | e:   1.000000 | Q:        nan | won: False 
#  315 | steps:  3419 | steps_t:     0 | t: 2.586240 | r:  -508.000000 | e:   1.000000 | Q:        nan | won: False 
#  316 | steps:  3427 | steps_t:     0 | t: 2.590227 | r:  -507.000000 | e:   1.000000 | Q:        nan | won: False 
#  317 | steps:  3433 | steps_t:     0 | t: 2.596213 | r:  -505.000000 | e:   1.000000 | Q:        nan | won: False 
#  318 | steps:  3440 | steps_t:     0 | t: 2.601198 | r:  -506.000000 | e:   1.000000 | Q:        nan | won: False 
#  319 | steps:  3448 | steps_t:     0 | t: 2.606185 | r:  -507.000000 | e:   1.000000 | Q:        nan | won: False 
#  320 | steps:  3469 | steps_t:     0 | t: 2.619150 | r:  -520.000000 | e:   1.000000 | Q:        nan | won: False 
#  321 | steps:  3476 | steps_t:     0 | t: 2.624135 | r:  -506.000000 | e:   1.000000 | Q:        nan | won: False 
#  322 | steps:  3483 | steps_t:     0 | t: 2.633113 | r:  -506.000000 | e:   1.000000 | Q:        nan | won: False 
#  323 | steps:  3499 | steps_t:     0 | t: 2.642089 | r:  -515.000000 | e:   1.000000 | Q:        nan | won: False 
#  324 | steps:  3508 | steps_t:     0 | t: 2.650068 | r:  -508.000000 | e:   1.000000 | Q:        nan | won: False 
#  325 | steps:  3525 | steps_t:     0 | t: 2.658047 | r:  -516.000000 | e:   1.000000 | Q:        nan | won: False 
#  326 | steps:  3532 | steps_t:     0 | t: 2.666025 | r:  -506.000000 | e:   1.000000 | Q:        nan | won: False 
#  327 | steps:  3541 | steps_t:     0 | t: 2.671010 | r:  -508.000000 | e:   1.000000 | Q:        nan | won: False 
#  328 | steps:  3551 | steps_t:     0 | t: 2.680985 | r:  -509.000000 | e:   1.000000 | Q:        nan | won: False 
#  329 | steps:  3571 | steps_t:     0 | t: 2.696943 | r:  -519.000000 | e:   1.000000 | Q:        nan | won: False 
#  330 | steps:  3582 | steps_t:     0 | t: 2.705918 | r:  -510.000000 | e:   1.000000 | Q:        nan | won: False 
#  331 | steps:  3596 | steps_t:     0 | t: 2.721876 | r:  -513.000000 | e:   1.000000 | Q:        nan | won: False 
#  332 | steps:  3602 | steps_t:     0 | t: 2.729854 | r:  -505.000000 | e:   1.000000 | Q:        nan | won: False 
#  333 | steps:  3611 | steps_t:     0 | t: 2.736835 | r:  -508.000000 | e:   1.000000 | Q:        nan | won: False 
#  334 | steps:  3617 | steps_t:     0 | t: 2.740825 | r:  -505.000000 | e:   1.000000 | Q:        nan | won: False 
#  335 | steps:  3626 | steps_t:     0 | t: 2.750798 | r:  -508.000000 | e:   1.000000 | Q:        nan | won: False 
#  336 | steps:  3635 | steps_t:     0 | t: 2.786702 | r:  -508.000000 | e:   1.000000 | Q:        nan | won: False 
#  337 | steps:  3645 | steps_t:     0 | t: 2.812633 | r:  -509.000000 | e:   1.000000 | Q:        nan | won: False 
#  338 | steps:  3656 | steps_t:     0 | t: 2.832094 | r:  -510.000000 | e:   1.000000 | Q:        nan | won: False 
#  339 | steps:  3679 | steps_t:     0 | t: 2.847057 | r:  -522.000000 | e:   1.000000 | Q:        nan | won: False 
#  340 | steps:  3697 | steps_t:     0 | t: 2.856031 | r:  -517.000000 | e:   1.000000 | Q:        nan | won: False 
#  341 | steps:  3705 | steps_t:     0 | t: 2.864010 | r:  -507.000000 | e:   1.000000 | Q:        nan | won: False 
#  342 | steps:  3713 | steps_t:     0 | t: 2.870991 | r:  -507.000000 | e:   1.000000 | Q:        nan | won: False 
#  343 | steps:  3720 | steps_t:     0 | t: 2.875978 | r:  -506.000000 | e:   1.000000 | Q:        nan | won: False 
#  344 | steps:  3729 | steps_t:     0 | t: 2.884954 | r:  -508.000000 | e:   1.000000 | Q:        nan | won: False 
#  345 | steps:  3736 | steps_t:     0 | t: 2.888943 | r:  -506.000000 | e:   1.000000 | Q:        nan | won: False 
#  346 | steps:  3748 | steps_t:     0 | t: 2.897918 | r:  -511.000000 | e:   1.000000 | Q:        nan | won: False 
#  347 | steps:  3757 | steps_t:     0 | t: 2.903901 | r:  -508.000000 | e:   1.000000 | Q:        nan | won: False 
#  348 | steps:  3765 | steps_t:     0 | t: 2.908889 | r:  -507.000000 | e:   1.000000 | Q:        nan | won: False 
#  349 | steps:  3806 | steps_t:     0 | t: 2.932941 | r:  -529.000000 | e:   1.000000 | Q:        nan | won: False 
#  350 | steps:  3816 | steps_t:     0 | t: 2.936929 | r:  -509.000000 | e:   1.000000 | Q:        nan | won: False 
#  351 | steps:  3826 | steps_t:     0 | t: 2.945906 | r:  -509.000000 | e:   1.000000 | Q:        nan | won: False 
#  352 | steps:  3834 | steps_t:     0 | t: 2.963858 | r:  -507.000000 | e:   1.000000 | Q:        nan | won: False 
#  353 | steps:  3845 | steps_t:     0 | t: 3.009735 | r:  -510.000000 | e:   1.000000 | Q:        nan | won: False 
#  354 | steps:  3862 | steps_t:     0 | t: 3.042161 | r:  -516.000000 | e:   1.000000 | Q:        nan | won: False 
#  355 | steps:  3874 | steps_t:     0 | t: 3.053129 | r:  -511.000000 | e:   1.000000 | Q:        nan | won: False 
#  356 | steps:  3891 | steps_t:     0 | t: 3.075070 | r:  -516.000000 | e:   1.000000 | Q:        nan | won: False 
#  357 | steps:  3900 | steps_t:     0 | t: 3.082052 | r:  -508.000000 | e:   1.000000 | Q:        nan | won: False 
#  358 | steps:  3906 | steps_t:     0 | t: 3.086041 | r:  -505.000000 | e:   1.000000 | Q:        nan | won: False 
#  359 | steps:  3916 | steps_t:     0 | t: 3.091027 | r:  -509.000000 | e:   1.000000 | Q:        nan | won: False 
#  360 | steps:  3927 | steps_t:     0 | t: 3.099010 | r:  -510.000000 | e:   1.000000 | Q:        nan | won: False 
#  361 | steps:  3935 | steps_t:     0 | t: 3.102996 | r:  -507.000000 | e:   1.000000 | Q:        nan | won: False 
#  362 | steps:  3946 | steps_t:     0 | t: 3.111974 | r:  -510.000000 | e:   1.000000 | Q:        nan | won: False 
#  363 | steps:  3953 | steps_t:     0 | t: 3.115961 | r:  -506.000000 | e:   1.000000 | Q:        nan | won: False 
#  364 | steps:  3959 | steps_t:     0 | t: 3.123456 | r:  -505.000000 | e:   1.000000 | Q:        nan | won: False 
#  365 | steps:  3969 | steps_t:     0 | t: 3.135423 | r:  -509.000000 | e:   1.000000 | Q:        nan | won: False 
#  366 | steps:  3979 | steps_t:     0 | t: 3.143402 | r:  -509.000000 | e:   1.000000 | Q:        nan | won: False 
#  367 | steps:  3988 | steps_t:     0 | t: 3.153377 | r:  -508.000000 | e:   1.000000 | Q:        nan | won: False 
#  368 | steps:  3998 | steps_t:     0 | t: 3.169332 | r:  -509.000000 | e:   1.000000 | Q:        nan | won: False 
#  369 | steps:  4008 | steps_t:     0 | t: 3.185290 | r:  -509.000000 | e:   1.000000 | Q:        nan | won: False 
#  370 | steps:  4017 | steps_t:     0 | t: 3.205238 | r:  -508.000000 | e:   1.000000 | Q:        nan | won: False 
#  371 | steps:  4039 | steps_t:     0 | t: 3.235670 | r:  -521.000000 | e:   1.000000 | Q:        nan | won: False 
#  372 | steps:  4047 | steps_t:     0 | t: 3.244643 | r:  -507.000000 | e:   1.000000 | Q:        nan | won: False 
#  373 | steps:  4053 | steps_t:     0 | t: 3.252622 | r:  -505.000000 | e:   1.000000 | Q:        nan | won: False 
#  374 | steps:  4059 | steps_t:     0 | t: 3.271574 | r:  -505.000000 | e:   1.000000 | Q:        nan | won: False 
#  375 | steps:  4078 | steps_t:     0 | t: 3.316452 | r:  -518.000000 | e:   1.000000 | Q:        nan | won: False 
#  376 | steps:  4083 | steps_t:     0 | t: 3.326425 | r:  -504.000000 | e:   1.000000 | Q:        nan | won: False 
#  377 | steps:  4090 | steps_t:     0 | t: 3.344379 | r:  -506.000000 | e:   1.000000 | Q:        nan | won: False 
#  378 | steps:  4104 | steps_t:     0 | t: 3.356344 | r:  -513.000000 | e:   1.000000 | Q:        nan | won: False 
#  379 | steps:  4111 | steps_t:     0 | t: 3.368313 | r:  -506.000000 | e:   1.000000 | Q:        nan | won: False 
#  380 | steps:  4131 | steps_t:     0 | t: 3.387262 | r:  -519.000000 | e:   1.000000 | Q:        nan | won: False 
#  381 | steps:  4140 | steps_t:     0 | t: 3.395243 | r:  -508.000000 | e:   1.000000 | Q:        nan | won: False 
#  382 | steps:  4148 | steps_t:     0 | t: 3.403220 | r:  -507.000000 | e:   1.000000 | Q:        nan | won: False 
#  383 | steps:  4156 | steps_t:     0 | t: 3.411199 | r:  -507.000000 | e:   1.000000 | Q:        nan | won: False 
#  384 | steps:  4164 | steps_t:     0 | t: 3.420176 | r:  -507.000000 | e:   1.000000 | Q:        nan | won: False 
#  385 | steps:  4182 | steps_t:     0 | t: 3.437129 | r:  -506.000000 | e:   1.000000 | Q:        nan | won: False 
#  386 | steps:  4196 | steps_t:     0 | t: 3.451093 | r:  -513.000000 | e:   1.000000 | Q:        nan | won: False 
#  387 | steps:  4209 | steps_t:     0 | t: 3.465054 | r:  -512.000000 | e:   1.000000 | Q:        nan | won: False 
#  388 | steps:  4220 | steps_t:     0 | t: 3.475026 | r:  -510.000000 | e:   1.000000 | Q:        nan | won: False 
#  389 | steps:  4228 | steps_t:     0 | t: 3.485998 | r:  -507.000000 | e:   1.000000 | Q:        nan | won: False 
#  390 | steps:  4244 | steps_t:     0 | t: 3.505945 | r:  -515.000000 | e:   1.000000 | Q:        nan | won: False 
#  391 | steps:  4258 | steps_t:     0 | t: 3.538856 | r:  -513.000000 | e:   1.000000 | Q:        nan | won: False 
#  392 | steps:  4267 | steps_t:     0 | t: 3.567779 | r:  -508.000000 | e:   1.000000 | Q:        nan | won: False 
#  393 | steps:  4282 | steps_t:     0 | t: 3.581742 | r:  -514.000000 | e:   1.000000 | Q:        nan | won: False 
#  394 | steps:  4290 | steps_t:     0 | t: 3.586728 | r:  -507.000000 | e:   1.000000 | Q:        nan | won: False 
#  395 | steps:  4300 | steps_t:     0 | t: 3.591715 | r:  -509.000000 | e:   1.000000 | Q:        nan | won: False 
#  396 | steps:  4311 | steps_t:     0 | t: 3.600693 | r:  -510.000000 | e:   1.000000 | Q:        nan | won: False 
#  397 | steps:  4318 | steps_t:     0 | t: 3.604681 | r:  -506.000000 | e:   1.000000 | Q:        nan | won: False 
#  398 | steps:  4323 | steps_t:     0 | t: 3.607671 | r:  -504.000000 | e:   1.000000 | Q:        nan | won: False 
#  399 | steps:  4333 | steps_t:     0 | t: 3.620636 | r:  -509.000000 | e:   1.000000 | Q:        nan | won: False 
#  400 | steps:  4344 | steps_t:     0 | t: 3.628616 | r:  -510.000000 | e:   1.000000 | Q:        nan | won: False 
#  401 | steps:  4353 | steps_t:     0 | t: 3.634601 | r:  -508.000000 | e:   1.000000 | Q:        nan | won: False 
#  402 | steps:  4359 | steps_t:     0 | t: 3.638589 | r:  -505.000000 | e:   1.000000 | Q:        nan | won: False 
#  403 | steps:  4371 | steps_t:     0 | t: 3.649561 | r:  -511.000000 | e:   1.000000 | Q:        nan | won: False 
#  404 | steps:  4382 | steps_t:     0 | t: 3.654546 | r:  -510.000000 | e:   1.000000 | Q:        nan | won: False 
#  405 | steps:  4399 | steps_t:     0 | t: 3.666515 | r:  -516.000000 | e:   1.000000 | Q:        nan | won: False 
#  406 | steps:  4408 | steps_t:     0 | t: 3.671500 | r:  -508.000000 | e:   1.000000 | Q:        nan | won: False 
#  407 | steps:  4418 | steps_t:     0 | t: 3.678485 | r:  -509.000000 | e:   1.000000 | Q:        nan | won: False 
#  408 | steps:  4424 | steps_t:     0 | t: 3.681475 | r:  -505.000000 | e:   1.000000 | Q:        nan | won: False 
#  409 | steps:  4431 | steps_t:     0 | t: 3.686461 | r:  -506.000000 | e:   1.000000 | Q:        nan | won: False 
#  410 | steps:  4441 | steps_t:     0 | t: 3.693445 | r:  -509.000000 | e:   1.000000 | Q:        nan | won: False 
#  411 | steps:  4451 | steps_t:     0 | t: 3.701421 | r:  -509.000000 | e:   1.000000 | Q:        nan | won: False 
#  412 | steps:  4466 | steps_t:     0 | t: 3.708403 | r:  -514.000000 | e:   1.000000 | Q:        nan | won: False 
#  413 | steps:  4472 | steps_t:     0 | t: 3.715383 | r:  -505.000000 | e:   1.000000 | Q:        nan | won: False 
#  414 | steps:  4480 | steps_t:     0 | t: 3.721367 | r:  -507.000000 | e:   1.000000 | Q:        nan | won: False 
#  415 | steps:  4488 | steps_t:     0 | t: 3.728352 | r:  -507.000000 | e:   1.000000 | Q:        nan | won: False 
#  416 | steps:  4498 | steps_t:     0 | t: 3.737326 | r:  -509.000000 | e:   1.000000 | Q:        nan | won: False 
#  417 | steps:  4506 | steps_t:     0 | t: 3.745304 | r:  -507.000000 | e:   1.000000 | Q:        nan | won: False 
#  418 | steps:  4515 | steps_t:     0 | t: 3.756274 | r:  -508.000000 | e:   1.000000 | Q:        nan | won: False 
#  419 | steps:  4524 | steps_t:     0 | t: 3.768245 | r:  -508.000000 | e:   1.000000 | Q:        nan | won: False 
#  420 | steps:  4547 | steps_t:     0 | t: 3.782205 | r:  -522.000000 | e:   1.000000 | Q:        nan | won: False 
#  421 | steps:  4559 | steps_t:     0 | t: 3.788188 | r:  -511.000000 | e:   1.000000 | Q:        nan | won: False 
#  422 | steps:  4565 | steps_t:     0 | t: 3.791180 | r:  -505.000000 | e:   1.000000 | Q:        nan | won: False 
#  423 | steps:  4574 | steps_t:     0 | t: 3.798162 | r:  -508.000000 | e:   1.000000 | Q:        nan | won: False 
#  424 | steps:  4585 | steps_t:     0 | t: 3.803150 | r:  -510.000000 | e:   1.000000 | Q:        nan | won: False 
#  425 | steps:  4593 | steps_t:     0 | t: 3.807138 | r:  -507.000000 | e:   1.000000 | Q:        nan | won: False 
#  426 | steps:  4600 | steps_t:     0 | t: 3.814119 | r:  -506.000000 | e:   1.000000 | Q:        nan | won: False 
#  427 | steps:  4622 | steps_t:     0 | t: 3.824093 | r:  -521.000000 | e:   1.000000 | Q:        nan | won: False 
#  428 | steps:  4630 | steps_t:     0 | t: 3.830077 | r:  -507.000000 | e:   1.000000 | Q:        nan | won: False 
#  429 | steps:  4639 | steps_t:     0 | t: 3.835064 | r:  -508.000000 | e:   1.000000 | Q:        nan | won: False 
#  430 | steps:  4649 | steps_t:     0 | t: 3.841047 | r:  -509.000000 | e:   1.000000 | Q:        nan | won: False 
#  431 | steps:  4654 | steps_t:     0 | t: 3.846035 | r:  -504.000000 | e:   1.000000 | Q:        nan | won: False 
#  432 | steps:  4661 | steps_t:     0 | t: 3.850022 | r:  -506.000000 | e:   1.000000 | Q:        nan | won: False 
#  433 | steps:  4674 | steps_t:     0 | t: 3.856007 | r:  -512.000000 | e:   1.000000 | Q:        nan | won: False 
#  434 | steps:  4685 | steps_t:     0 | t: 3.863988 | r:  -510.000000 | e:   1.000000 | Q:        nan | won: False 
#  435 | steps:  4699 | steps_t:     0 | t: 3.873960 | r:  -491.000000 | e:   1.000000 | Q:        nan | won: False 
#  436 | steps:  4706 | steps_t:     0 | t: 3.879943 | r:  -506.000000 | e:   1.000000 | Q:        nan | won: False 
#  437 | steps:  4713 | steps_t:     0 | t: 3.883934 | r:  -506.000000 | e:   1.000000 | Q:        nan | won: False 
#  438 | steps:  4721 | steps_t:     0 | t: 3.888921 | r:  -507.000000 | e:   1.000000 | Q:        nan | won: False 
#  439 | steps:  4732 | steps_t:     0 | t: 3.895901 | r:  -510.000000 | e:   1.000000 | Q:        nan | won: False 
#  440 | steps:  4743 | steps_t:     0 | t: 3.901887 | r:  -510.000000 | e:   1.000000 | Q:        nan | won: False 
#  441 | steps:  4750 | steps_t:     0 | t: 3.905876 | r:  -506.000000 | e:   1.000000 | Q:        nan | won: False 
#  442 | steps:  4763 | steps_t:     0 | t: 3.915847 | r:  -512.000000 | e:   1.000000 | Q:        nan | won: False 
#  443 | steps:  4775 | steps_t:     0 | t: 3.922828 | r:  -511.000000 | e:   1.000000 | Q:        nan | won: False 
#  444 | steps:  4782 | steps_t:     0 | t: 3.928813 | r:  -506.000000 | e:   1.000000 | Q:        nan | won: False 
#  445 | steps:  4787 | steps_t:     0 | t: 3.931804 | r:  -504.000000 | e:   1.000000 | Q:        nan | won: False 
#  446 | steps:  4800 | steps_t:     0 | t: 3.937790 | r:  -512.000000 | e:   1.000000 | Q:        nan | won: False 
#  447 | steps:  4807 | steps_t:     0 | t: 3.942780 | r:  -506.000000 | e:   1.000000 | Q:        nan | won: False 
#  448 | steps:  4815 | steps_t:     0 | t: 3.949756 | r:  -507.000000 | e:   1.000000 | Q:        nan | won: False 
#  449 | steps:  4825 | steps_t:     0 | t: 3.953745 | r:  -509.000000 | e:   1.000000 | Q:        nan | won: False 
#  450 | steps:  4836 | steps_t:     0 | t: 3.961726 | r:  -510.000000 | e:   1.000000 | Q:        nan | won: False 
#  451 | steps:  4855 | steps_t:     0 | t: 3.970702 | r:  -507.000000 | e:   1.000000 | Q:        nan | won: False 
#  452 | steps:  4870 | steps_t:     0 | t: 3.983665 | r:  -514.000000 | e:   1.000000 | Q:        nan | won: False 
#  453 | steps:  4878 | steps_t:     0 | t: 3.988652 | r:  -507.000000 | e:   1.000000 | Q:        nan | won: False 
#  454 | steps:  4884 | steps_t:     0 | t: 3.993642 | r:  -505.000000 | e:   1.000000 | Q:        nan | won: False 
#  455 | steps:  4893 | steps_t:     0 | t: 3.999623 | r:  -508.000000 | e:   1.000000 | Q:        nan | won: False 
#  456 | steps:  4903 | steps_t:     0 | t: 4.004610 | r:  -509.000000 | e:   1.000000 | Q:        nan | won: False 
#  457 | steps:  4910 | steps_t:     0 | t: 4.009598 | r:  -506.000000 | e:   1.000000 | Q:        nan | won: False 
#  458 | steps:  4920 | steps_t:     0 | t: 4.017576 | r:  -509.000000 | e:   1.000000 | Q:        nan | won: False 
#  459 | steps:  4927 | steps_t:     0 | t: 4.025555 | r:  -506.000000 | e:   1.000000 | Q:        nan | won: False 
#  460 | steps:  4937 | steps_t:     0 | t: 4.035527 | r:  -509.000000 | e:   1.000000 | Q:        nan | won: False 
#  461 | steps:  4950 | steps_t:     0 | t: 4.054477 | r:  -512.000000 | e:   1.000000 | Q:        nan | won: False 
#  462 | steps:  4958 | steps_t:     0 | t: 4.062454 | r:  -507.000000 | e:   1.000000 | Q:        nan | won: False 
#  463 | steps:  4969 | steps_t:     0 | t: 4.086393 | r:  -510.000000 | e:   1.000000 | Q:        nan | won: False 
#  464 | steps:  4978 | steps_t:     0 | t: 4.098359 | r:  -508.000000 | e:   1.000000 | Q:        nan | won: False 
#  465 | steps:  4986 | steps_t:     0 | t: 4.109329 | r:  -507.000000 | e:   1.000000 | Q:        nan | won: False 
#  466 | steps:  5007 | steps_t:     5 | t: 4.640127 | r:  -520.000000 | e:   0.999500 | Q:        nan | won: False 
#  467 | steps:  5016 | steps_t:    13 | t: 4.781748 | r:  -508.000000 | e:   0.998700 | Q:        nan | won: False 
#  468 | steps:  5027 | steps_t:    23 | t: 4.865523 | r:  -510.000000 | e:   0.997700 | Q:        nan | won: False 
#  469 | steps:  5037 | steps_t:    32 | t: 4.948303 | r:  -509.000000 | e:   0.996800 | Q:        nan | won: False 
#  470 | steps:  5051 | steps_t:    45 | t: 5.090690 | r:  -513.000000 | e:   0.995500 | Q:        nan | won: False 
#  471 | steps:  5065 | steps_t:    58 | t: 5.218348 | r:  -513.000000 | e:   0.994200 | Q:        nan | won: False 
#  472 | steps:  5074 | steps_t:    66 | t: 5.288682 | r:  -508.000000 | e:   0.993400 | Q:        nan | won: False 
#  473 | steps:  5081 | steps_t:    72 | t: 5.344521 | r:  -506.000000 | e:   0.992800 | Q:        nan | won: False 
#  474 | steps:  5096 | steps_t:    86 | t: 5.466444 | r:  -503.000000 | e:   0.991400 | Q:        nan | won: False 
#  475 | steps:  5105 | steps_t:    94 | t: 5.538253 | r:  -508.000000 | e:   0.990600 | Q:        nan | won: False 
#  476 | steps:  5113 | steps_t:   101 | t: 5.601084 | r:  -507.000000 | e:   0.989900 | Q:        nan | won: False 
#  477 | steps:  5127 | steps_t:   114 | t: 5.736721 | r:  -513.000000 | e:   0.988600 | Q:        nan | won: False 
#  478 | steps:  5134 | steps_t:   120 | t: 5.815511 | r:  -506.000000 | e:   0.988000 | Q: -223.000259 | won: False 
#  479 | steps:  5141 | steps_t:   126 | t: 5.878343 | r:  -506.000000 | e:   0.987400 | Q:        nan | won: False 
#  480 | steps:  5166 | steps_t:   150 | t: 6.086785 | r:  -524.000000 | e:   0.985000 | Q:        nan | won: False 
#  481 | steps:  5176 | steps_t:   159 | t: 6.165574 | r:  -509.000000 | e:   0.984100 | Q: -303.186584 | won: False 
#  482 | steps:  5194 | steps_t:   176 | t: 6.311479 | r:  -517.000000 | e:   0.982400 | Q:        nan | won: False 
#  483 | steps:  5202 | steps_t:   183 | t: 6.372317 | r:  -507.000000 | e:   0.981700 | Q:        nan | won: False 
#  484 | steps:  5209 | steps_t:   189 | t: 6.426173 | r:  -506.000000 | e:   0.981100 | Q:        nan | won: False 
#  485 | steps:  5217 | steps_t:   196 | t: 6.489005 | r:  -507.000000 | e:   0.980400 | Q:        nan | won: False 
#  486 | steps:  5227 | steps_t:   205 | t: 6.567795 | r:  -509.000000 | e:   0.979500 | Q:        nan | won: False 
#  487 | steps:  5235 | steps_t:   212 | t: 6.629628 | r:  -507.000000 | e:   0.978800 | Q:        nan | won: False 
#  488 | steps:  5251 | steps_t:   227 | t: 6.754296 | r:  -515.000000 | e:   0.977300 | Q:        nan | won: False 
#  489 | steps:  5257 | steps_t:   232 | t: 6.800172 | r:  -505.000000 | e:   0.976800 | Q:        nan | won: False 
#  490 | steps:  5273 | steps_t:   247 | t: 6.928830 | r:  -504.000000 | e:   0.975300 | Q: -322.651276 | won: False 
#  491 | steps:  5281 | steps_t:   254 | t: 6.991660 | r:  -507.000000 | e:   0.974600 | Q:        nan | won: False 
#  492 | steps:  5288 | steps_t:   260 | t: 7.045517 | r:  -506.000000 | e:   0.974000 | Q:        nan | won: False 
#  493 | steps:  5297 | steps_t:   268 | t: 7.119320 | r:  -508.000000 | e:   0.973200 | Q: -324.765198 | won: False 
#  494 | steps:  5306 | steps_t:   276 | t: 7.190129 | r:  -508.000000 | e:   0.972400 | Q:        nan | won: False 
#  495 | steps:  5316 | steps_t:   285 | t: 7.269915 | r:  -509.000000 | e:   0.971500 | Q: -308.916016 | won: False 
#  496 | steps:  5325 | steps_t:   293 | t: 7.339729 | r:  -508.000000 | e:   0.970700 | Q:        nan | won: False 
#  497 | steps:  5337 | steps_t:   304 | t: 7.433479 | r:  -511.000000 | e:   0.969600 | Q:        nan | won: False 
#  498 | steps:  5356 | steps_t:   322 | t: 7.583078 | r:  -518.000000 | e:   0.967800 | Q:        nan | won: False 
#  499 | steps:  5364 | steps_t:   329 | t: 7.646907 | r:  -507.000000 | e:   0.967100 | Q:        nan | won: False 
#  500 | steps:  5384 | steps_t:   348 | t: 7.812463 | r:  -519.000000 | e:   0.965200 | Q: -318.213501 | won: False 
#  501 | steps:  5398 | steps_t:   361 | t: 10.023558 | r:  -513.000000 | e:   0.963900 | Q:        nan | won: False 
#  502 | steps:  5411 | steps_t:   373 | t: 12.951013 | r:  -512.000000 | e:   0.962700 | Q:        nan | won: False 
#  503 | steps:  5424 | steps_t:   385 | t: 15.771302 | r:  -512.000000 | e:   0.961500 | Q:        nan | won: False 
#  504 | steps:  5431 | steps_t:   391 | t: 17.795373 | r:  -506.000000 | e:   0.960900 | Q:        nan | won: False 
#  505 | steps:  5440 | steps_t:   399 | t: 20.095457 | r:  -508.000000 | e:   0.960100 | Q: -305.644897 | won: False 
#  506 | steps:  5448 | steps_t:   406 | t: 22.339682 | r:  -507.000000 | e:   0.959400 | Q: -301.672302 | won: False 
#  507 | steps:  5457 | steps_t:   414 | t: 24.891397 | r:  -508.000000 | e:   0.958600 | Q:        nan | won: False 
#  508 | steps:  5465 | steps_t:   421 | t: 27.095188 | r:  -507.000000 | e:   0.957900 | Q: -301.028961 | won: False 
