#    1 | steps:    30 | steps_t: 111645 | t: 0.111075 | r:    82.000000 | e:   0.100000 | Q: 122.029747 | won: True 
#    2 | steps:    51 | steps_t: 111645 | t: 0.149194 | r:  -509.000000 | e:   0.100000 | Q: 140.587097 | won: False 
#    3 | steps:    76 | steps_t: 111645 | t: 0.184280 | r:    87.000000 | e:   0.100000 | Q: 140.587097 | won: True 
#    4 | steps:    98 | steps_t: 111645 | t: 0.215195 | r:    90.000000 | e:   0.100000 | Q: 122.029747 | won: True 
#    5 | steps:   120 | steps_t: 111645 | t: 0.244393 | r:  -510.000000 | e:   0.100000 | Q: 140.587097 | won: False 
#    6 | steps:   143 | steps_t: 111645 | t: 0.276364 | r:  -511.000000 | e:   0.100000 | Q: 131.390472 | won: False 
#    7 | steps:   167 | steps_t: 111645 | t: 0.305804 | r:  -512.000000 | e:   0.100000 | Q: 140.587097 | won: False 
#    8 | steps:   192 | steps_t: 111645 | t: 0.342445 | r:  -513.000000 | e:   0.100000 | Q: 148.358063 | won: False 
#    9 | steps:   222 | steps_t: 111645 | t: 0.383168 | r:  -518.000000 | e:   0.100000 | Q: 112.654129 | won: False 
#   10 | steps:   243 | steps_t: 111645 | t: 0.417723 | r:    91.000000 | e:   0.100000 | Q: 117.769760 | won: True 
#   11 | steps:   261 | steps_t: 111645 | t: 0.444700 | r:  -517.000000 | e:   0.100000 | Q: 119.069260 | won: False 
#   12 | steps:   286 | steps_t: 111645 | t: 0.478677 | r:    87.000000 | e:   0.100000 | Q: 127.661171 | won: True 
#   13 | steps:   313 | steps_t: 111645 | t: 0.518105 | r:  -515.000000 | e:   0.100000 | Q: 119.069260 | won: False 
#   14 | steps:   342 | steps_t: 111645 | t: 0.560180 | r:  -517.000000 | e:   0.100000 | Q: 119.069260 | won: False 
#   15 | steps:   372 | steps_t: 111645 | t: 0.606421 | r:    82.000000 | e:   0.100000 | Q: 122.029747 | won: True 
#   16 | steps:   397 | steps_t: 111645 | t: 0.645592 | r:  -513.000000 | e:   0.100000 | Q: 140.587097 | won: False 
#   17 | steps:   416 | steps_t: 111645 | t: 0.674256 | r:  -507.000000 | e:   0.100000 | Q: 119.069260 | won: False 
#   18 | steps:   446 | steps_t: 111645 | t: 0.732414 | r:    82.000000 | e:   0.100000 | Q: 122.029747 | won: True 
#   19 | steps:   461 | steps_t: 111645 | t: 0.756537 | r:  -492.000000 | e:   0.100000 | Q: 112.654129 | won: False 
#   20 | steps:   483 | steps_t: 111645 | t: 0.788760 | r:  -510.000000 | e:   0.100000 | Q: 140.587097 | won: False 
#   21 | steps:   507 | steps_t: 111645 | t: 0.829345 | r:  -512.000000 | e:   0.100000 | Q: 148.358063 | won: False 
#   22 | steps:   541 | steps_t: 111645 | t: 0.888663 | r:    78.000000 | e:   0.100000 | Q: 140.655960 | won: True 
#   23 | steps:   558 | steps_t: 111645 | t: 0.913357 | r:  -505.000000 | e:   0.100000 | Q: 112.654129 | won: False 
#   24 | steps:   588 | steps_t: 111645 | t: 0.957566 | r:  -518.000000 | e:   0.100000 | Q: 137.685837 | won: False 
#   25 | steps:   627 | steps_t: 111645 | t: 1.015412 | r:  -527.000000 | e:   0.100000 | Q: 122.886604 | won: False 
#   26 | steps:   649 | steps_t: 111645 | t: 1.047516 | r:    90.000000 | e:   0.100000 | Q: 122.029747 | won: True 
#   27 | steps:   680 | steps_t: 111645 | t: 1.094121 | r:  -519.000000 | e:   0.100000 | Q: 208.109970 | won: False 
#   28 | steps:   713 | steps_t: 111645 | t: 1.147723 | r:    79.000000 | e:   0.100000 | Q: 140.655960 | won: True 
#   29 | steps:   741 | steps_t: 111645 | t: 1.188505 | r:  -516.000000 | e:   0.100000 | Q: 119.069260 | won: False 
#   30 | steps:   763 | steps_t: 111645 | t: 1.223722 | r:    90.000000 | e:   0.100000 | Q: 122.029747 | won: True 
#   31 | steps:   776 | steps_t: 111645 | t: 1.241112 | r:  -512.000000 | e:   0.100000 | Q: 108.374748 | won: False 
#   32 | steps:   793 | steps_t: 111645 | t: 1.264622 | r:  -516.000000 | e:   0.100000 | Q: 119.880463 | won: False 
#   33 | steps:   816 | steps_t: 111645 | t: 1.299183 | r:    89.000000 | e:   0.100000 | Q: 116.250702 | won: True 
#   34 | steps:   837 | steps_t: 111645 | t: 1.331720 | r:    91.000000 | e:   0.100000 | Q: 117.769760 | won: True 
#   35 | steps:   871 | steps_t: 111645 | t: 1.378846 | r:    78.000000 | e:   0.100000 | Q: 122.029747 | won: True 
#   36 | steps:   881 | steps_t: 111645 | t: 1.392525 | r:  -509.000000 | e:   0.100000 | Q: 112.574493 | won: False 
#   37 | steps:   911 | steps_t: 111645 | t: 1.436965 | r:  -518.000000 | e:   0.100000 | Q: 139.770920 | won: False 
#   38 | steps:   946 | steps_t: 111645 | t: 1.490735 | r:    77.000000 | e:   0.100000 | Q: 119.882111 | won: True 
#   39 | steps:   979 | steps_t: 111645 | t: 1.535580 | r:    79.000000 | e:   0.100000 | Q: 140.655960 | won: True 
#   40 | steps:  1009 | steps_t: 111652 | t: 1.700960 | r:    82.000000 | e:   0.100000 | Q: 131.752884 | won: True 
#   41 | steps:  1031 | steps_t: 111673 | t: 1.871917 | r:  -510.000000 | e:   0.100000 | Q: 154.988281 | won: False 
#   42 | steps:  1052 | steps_t: 111693 | t: 2.043787 | r:    91.000000 | e:   0.100000 | Q: 110.605133 | won: True 
#   43 | steps:  1087 | steps_t: 111727 | t: 2.320067 | r:  -512.000000 | e:   0.100000 | Q: 195.031769 | won: False 
#   44 | steps:  1121 | steps_t: 111760 | t: 2.601611 | r:    78.000000 | e:   0.100000 | Q: 187.363373 | won: True 
#   45 | steps:  1142 | steps_t: 111780 | t: 2.779666 | r:    91.000000 | e:   0.100000 | Q: 170.781982 | won: True 
#   46 | steps:  1164 | steps_t: 111801 | t: 2.969659 | r:    90.000000 | e:   0.100000 | Q: 148.488998 | won: True 
#   47 | steps:  1186 | steps_t: 111822 | t: 3.148136 | r:  -510.000000 | e:   0.100000 | Q: 115.224915 | won: False 
#   48 | steps:  1212 | steps_t: 111847 | t: 3.362026 | r:    86.000000 | e:   0.100000 | Q: 117.476784 | won: True 
#   49 | steps:  1223 | steps_t: 111857 | t: 3.450408 | r:  -510.000000 | e:   0.100000 | Q: 147.648483 | won: False 
#   50 | steps:  1249 | steps_t: 111882 | t: 3.667729 | r:    86.000000 | e:   0.100000 | Q: 153.858978 | won: True 
#   51 | steps:  1281 | steps_t: 111913 | t: 3.956084 | r:  -520.000000 | e:   0.100000 | Q: 136.771133 | won: False 
#   52 | steps:  1335 | steps_t: 111966 | t: 4.419983 | r:    58.000000 | e:   0.100000 | Q: 170.651855 | won: True 
#   53 | steps:  1359 | steps_t: 111989 | t: 4.627184 | r:  -512.000000 | e:   0.100000 | Q: 163.681961 | won: False 
#   54 | steps:  1373 | steps_t: 112002 | t: 4.762055 | r:  -513.000000 | e:   0.100000 | Q: 170.966492 | won: False 
#   55 | steps:  1403 | steps_t: 112031 | t: 5.010543 | r:    82.000000 | e:   0.100000 | Q: 160.944260 | won: True 
#   56 | steps:  1453 | steps_t: 112080 | t: 5.437243 | r:  -549.000000 | e:   0.100000 | Q: 170.170334 | won: False 
#   57 | steps:  1487 | steps_t: 112113 | t: 5.759563 | r:    78.000000 | e:   0.100000 | Q: 150.633820 | won: True 
#   58 | steps:  1517 | steps_t: 112142 | t: 6.022020 | r:    82.000000 | e:   0.100000 | Q: 142.663406 | won: True 
#   59 | steps:  1550 | steps_t: 112174 | t: 6.324818 | r:    79.000000 | e:   0.100000 | Q: 181.101212 | won: True 
#   60 | steps:  1595 | steps_t: 112218 | t: 8.019934 | r:    67.000000 | e:   0.100000 | Q: 175.967880 | won: True 
#   61 | steps:  1616 | steps_t: 112238 | t: 8.798731 | r:    91.000000 | e:   0.100000 | Q: 185.241226 | won: True 
#   62 | steps:  1646 | steps_t: 112267 | t: 9.910414 | r:    82.000000 | e:   0.100000 | Q: 139.836868 | won: True 
#   63 | steps:  1666 | steps_t: 112286 | t: 10.637202 | r:  -508.000000 | e:   0.100000 | Q: 150.851288 | won: False 
#   64 | steps:  1700 | steps_t: 112319 | t: 11.444079 | r:    78.000000 | e:   0.100000 | Q: 145.072250 | won: True 
#   65 | steps:  1716 | steps_t: 112334 | t: 11.568015 | r:  -504.000000 | e:   0.100000 | Q: 107.362389 | won: False 
#   66 | steps:  1736 | steps_t: 112353 | t: 11.730007 | r:  -508.000000 | e:   0.100000 | Q: 102.897911 | won: False 
#   67 | steps:  1765 | steps_t: 112381 | t: 11.969665 | r:    83.000000 | e:   0.100000 | Q: 125.083649 | won: True 
#   68 | steps:  1799 | steps_t: 112414 | t: 12.262052 | r:    78.000000 | e:   0.100000 | Q: 183.695694 | won: True 
#   69 | steps:  1828 | steps_t: 112442 | t: 12.494443 | r:  -528.000000 | e:   0.100000 | Q: 111.429436 | won: False 
#   70 | steps:  1840 | steps_t: 112453 | t: 12.589849 | r:  -511.000000 | e:   0.100000 | Q: 141.573196 | won: False 
#   71 | steps:  1872 | steps_t: 112484 | t: 12.858904 | r:  -520.000000 | e:   0.100000 | Q: 184.896744 | won: False 
#   72 | steps:  1894 | steps_t: 112505 | t: 13.045306 | r:    90.000000 | e:   0.100000 | Q: 115.857727 | won: True 
#   73 | steps:  1915 | steps_t: 112525 | t: 13.222127 | r:  -509.000000 | e:   0.100000 | Q: 106.316521 | won: False 
#   74 | steps:  1948 | steps_t: 112557 | t: 13.507937 | r:  -521.000000 | e:   0.100000 | Q: 108.302284 | won: False 
#   75 | steps:  1982 | steps_t: 112590 | t: 13.798949 | r:    78.000000 | e:   0.100000 | Q: 164.187271 | won: True 
#   76 | steps:  2007 | steps_t: 112614 | t: 14.013884 | r:    87.000000 | e:   0.100000 | Q: 152.483994 | won: True 
#   77 | steps:  2029 | steps_t: 112635 | t: 14.196592 | r:  -510.000000 | e:   0.100000 | Q: 160.225021 | won: False 
#   78 | steps:  2035 | steps_t: 112640 | t: 14.241369 | r:  -505.000000 | e:   0.100000 | Q: 102.365456 | won: False 
#   79 | steps:  2059 | steps_t: 112663 | t: 14.440372 | r:  -512.000000 | e:   0.100000 | Q: 157.127167 | won: False 
#   80 | steps:  2093 | steps_t: 112696 | t: 14.742460 | r:    78.000000 | e:   0.100000 | Q: 129.263870 | won: True 
#   81 | steps:  2118 | steps_t: 112720 | t: 14.947337 | r:    87.000000 | e:   0.100000 | Q: 134.073959 | won: True 
#   82 | steps:  2151 | steps_t: 112752 | t: 15.229384 | r:    79.000000 | e:   0.100000 | Q: 139.397690 | won: True 
#   83 | steps:  2172 | steps_t: 112772 | t: 15.407705 | r:  -509.000000 | e:   0.100000 | Q:  95.940102 | won: False 
#   84 | steps:  2194 | steps_t: 112793 | t: 15.601663 | r:  -510.000000 | e:   0.100000 | Q: 118.383194 | won: False 
#   85 | steps:  2220 | steps_t: 112818 | t: 15.826613 | r:    86.000000 | e:   0.100000 | Q: 141.440155 | won: True 
#   86 | steps:  2241 | steps_t: 112838 | t: 16.005657 | r:    91.000000 | e:   0.100000 | Q: 140.434174 | won: True 
#   87 | steps:  2275 | steps_t: 112871 | t: 16.319449 | r:    78.000000 | e:   0.100000 | Q: 162.235733 | won: True 
#   88 | steps:  2319 | steps_t: 112914 | t: 16.703217 | r:  -532.000000 | e:   0.100000 | Q: 159.380325 | won: False 
#   89 | steps:  2353 | steps_t: 112947 | t: 17.028380 | r:    78.000000 | e:   0.100000 | Q: 130.342499 | won: True 
#   90 | steps:  2372 | steps_t: 112965 | t: 17.208643 | r:  -507.000000 | e:   0.100000 | Q: 175.453094 | won: False 
#   91 | steps:  2393 | steps_t: 112985 | t: 17.410145 | r:    91.000000 | e:   0.100000 | Q: 131.810272 | won: True 
#   92 | steps:  2427 | steps_t: 113018 | t: 17.750529 | r:    78.000000 | e:   0.100000 | Q: 103.555252 | won: True 
#   93 | steps:  2453 | steps_t: 113043 | t: 18.008173 | r:    86.000000 | e:   0.100000 | Q: 164.643158 | won: True 
#   94 | steps:  2483 | steps_t: 113072 | t: 18.284927 | r:    82.000000 | e:   0.100000 | Q: 175.114410 | won: True 
#   95 | steps:  2508 | steps_t: 113096 | t: 18.539987 | r:    87.000000 | e:   0.100000 | Q: 139.429535 | won: True 
#   96 | steps:  2529 | steps_t: 113116 | t: 18.754201 | r:    91.000000 | e:   0.100000 | Q: 111.933678 | won: True 
#   97 | steps:  2562 | steps_t: 113148 | t: 19.076896 | r:  -521.000000 | e:   0.100000 | Q: 147.511810 | won: False 
#   98 | steps:  2595 | steps_t: 113180 | t: 19.422070 | r:    79.000000 | e:   0.100000 | Q: 134.790924 | won: True 
#   99 | steps:  2629 | steps_t: 113213 | t: 19.731715 | r:    78.000000 | e:   0.100000 | Q: 233.301102 | won: True 
#  100 | steps:  2659 | steps_t: 113242 | t: 20.034358 | r:    82.000000 | e:   0.100000 | Q: 182.323227 | won: True 
#  101 | steps:  2692 | steps_t: 113274 | t: 20.367545 | r:  -532.000000 | e:   0.100000 | Q: 173.070847 | won: False 
#  102 | steps:  2726 | steps_t: 113307 | t: 20.732176 | r:    78.000000 | e:   0.100000 | Q: 155.758545 | won: True 
#  103 | steps:  2747 | steps_t: 113327 | t: 20.929405 | r:  -509.000000 | e:   0.100000 | Q: 119.425766 | won: False 
#  104 | steps:  2772 | steps_t: 113351 | t: 21.180025 | r:    87.000000 | e:   0.100000 | Q: 135.685822 | won: True 
#  105 | steps:  2806 | steps_t: 113384 | t: 21.552862 | r:    78.000000 | e:   0.100000 | Q: 187.269043 | won: True 
#  106 | steps:  2825 | steps_t: 113402 | t: 21.729713 | r:  -496.000000 | e:   0.100000 | Q: 162.714279 | won: False 
#  107 | steps:  2858 | steps_t: 113434 | t: 22.098244 | r:    79.000000 | e:   0.100000 | Q: 163.342087 | won: True 
#  108 | steps:  2879 | steps_t: 113454 | t: 22.284677 | r:    91.000000 | e:   0.100000 | Q: 124.906166 | won: True 
#  109 | steps:  2913 | steps_t: 113487 | t: 22.634400 | r:    78.000000 | e:   0.100000 | Q: 148.639694 | won: True 
#  110 | steps:  2929 | steps_t: 113502 | t: 22.816805 | r:  -504.000000 | e:   0.100000 | Q: 101.170639 | won: False 
#  111 | steps:  2954 | steps_t: 113526 | t: 23.087080 | r:  -513.000000 | e:   0.100000 | Q: 111.250061 | won: False 
#  112 | steps:  2988 | steps_t: 113559 | t: 23.451397 | r:    78.000000 | e:   0.100000 | Q: 129.705902 | won: True 
#  113 | steps:  3010 | steps_t: 113580 | t: 23.654146 | r:    90.000000 | e:   0.100000 | Q: 123.394646 | won: True 
#  114 | steps:  3039 | steps_t: 113608 | t: 23.980879 | r:    83.000000 | e:   0.100000 | Q: 177.108307 | won: True 
#  115 | steps:  3057 | steps_t: 113625 | t: 24.142324 | r:  -517.000000 | e:   0.100000 | Q: 151.181580 | won: False 
#  116 | steps:  3088 | steps_t: 113655 | t: 24.466674 | r:  -530.000000 | e:   0.100000 | Q: 150.815628 | won: False 
#  117 | steps:  3118 | steps_t: 113684 | t: 24.796341 | r:    82.000000 | e:   0.100000 | Q: 151.425446 | won: True 
#  118 | steps:  3134 | steps_t: 113699 | t: 24.989092 | r:  -515.000000 | e:   0.100000 | Q:  84.295547 | won: False 
#  119 | steps:  3146 | steps_t: 113710 | t: 25.101564 | r:  -511.000000 | e:   0.100000 | Q: 132.651932 | won: False 
#  120 | steps:  3192 | steps_t: 113755 | t: 25.645644 | r:    66.000000 | e:   0.100000 | Q: 150.907043 | won: True 
#  121 | steps:  3238 | steps_t: 113800 | t: 26.137492 | r:    66.000000 | e:   0.100000 | Q: 154.759018 | won: True 
#  122 | steps:  3257 | steps_t: 113818 | t: 26.341034 | r:  -507.000000 | e:   0.100000 | Q: 103.562569 | won: False 
#  123 | steps:  3291 | steps_t: 113851 | t: 26.711009 | r:  -533.000000 | e:   0.100000 | Q: 160.042664 | won: False 
#  124 | steps:  3313 | steps_t: 113872 | t: 26.960145 | r:  -510.000000 | e:   0.100000 | Q: 142.877609 | won: False 
#  125 | steps:  3326 | steps_t: 113884 | t: 27.088390 | r:  -512.000000 | e:   0.100000 | Q: 167.632309 | won: False 
#  126 | steps:  3348 | steps_t: 113905 | t: 27.338988 | r:  -510.000000 | e:   0.100000 | Q: 126.775894 | won: False 
#  127 | steps:  3365 | steps_t: 113921 | t: 27.506493 | r:  -505.000000 | e:   0.100000 | Q: 105.775780 | won: False 
#  128 | steps:  3390 | steps_t: 113945 | t: 27.802824 | r:  -513.000000 | e:   0.100000 | Q: 147.085175 | won: False 
#  129 | steps:  3411 | steps_t: 113965 | t: 28.058242 | r:    91.000000 | e:   0.100000 | Q: 149.454422 | won: True 
#  130 | steps:  3437 | steps_t: 113990 | t: 28.327835 | r:    86.000000 | e:   0.100000 | Q: 105.249710 | won: True 
#  131 | steps:  3471 | steps_t: 114023 | t: 28.746218 | r:    78.000000 | e:   0.100000 | Q: 143.524689 | won: True 
#  132 | steps:  3493 | steps_t: 114044 | t: 28.958808 | r:  -510.000000 | e:   0.100000 | Q: 135.566177 | won: False 
#  133 | steps:  3520 | steps_t: 114070 | t: 29.247410 | r:  -515.000000 | e:   0.100000 | Q: 168.809937 | won: False 
#  134 | steps:  3548 | steps_t: 114097 | t: 29.553105 | r:  -516.000000 | e:   0.100000 | Q: 150.295227 | won: False 
#  135 | steps:  3577 | steps_t: 114125 | t: 29.895663 | r:  -517.000000 | e:   0.100000 | Q: 182.701889 | won: False 
#  136 | steps:  3610 | steps_t: 114157 | t: 30.299085 | r:  -521.000000 | e:   0.100000 | Q: 160.174774 | won: False 
#  137 | steps:  3634 | steps_t: 114180 | t: 30.558228 | r:  -512.000000 | e:   0.100000 | Q: 158.606171 | won: False 
#  138 | steps:  3659 | steps_t: 114204 | t: 30.868220 | r:  -513.000000 | e:   0.100000 | Q: 126.032875 | won: False 
#  139 | steps:  3689 | steps_t: 114233 | t: 31.215513 | r:    82.000000 | e:   0.100000 | Q: 120.420525 | won: True 
#  140 | steps:  3702 | steps_t: 114245 | t: 31.389279 | r:  -512.000000 | e:   0.100000 | Q: 132.345627 | won: False 
#  141 | steps:  3728 | steps_t: 114270 | t: 31.692571 | r:    86.000000 | e:   0.100000 | Q: 155.465805 | won: True 
#  142 | steps:  3749 | steps_t: 114290 | t: 31.943190 | r:    91.000000 | e:   0.100000 | Q: 113.584946 | won: True 
#  143 | steps:  3770 | steps_t: 114310 | t: 32.183668 | r:    91.000000 | e:   0.100000 | Q: 157.318161 | won: True 
#  144 | steps:  3800 | steps_t: 114339 | t: 32.513754 | r:  -518.000000 | e:   0.100000 | Q: 128.111801 | won: False 
#  145 | steps:  3830 | steps_t: 114368 | t: 32.842550 | r:    82.000000 | e:   0.100000 | Q: 185.980957 | won: True 
#  146 | steps:  3860 | steps_t: 114397 | t: 33.193487 | r:  -518.000000 | e:   0.100000 | Q:  94.109375 | won: False 
#  147 | steps:  3913 | steps_t: 114449 | t: 33.817911 | r:    59.000000 | e:   0.100000 | Q: 146.009460 | won: True 
#  148 | steps:  3925 | steps_t: 114460 | t: 33.961518 | r:  -511.000000 | e:   0.100000 | Q: 122.581139 | won: False 
#  149 | steps:  3958 | steps_t: 114492 | t: 34.327690 | r:  -521.000000 | e:   0.100000 | Q: 131.043411 | won: False 
#  150 | steps:  3991 | steps_t: 114524 | t: 34.738072 | r:    79.000000 | e:   0.100000 | Q: 169.401138 | won: True 
#  151 | steps:  4025 | steps_t: 114557 | t: 35.091199 | r:    78.000000 | e:   0.100000 | Q: 165.178787 | won: True 
#  152 | steps:  4058 | steps_t: 114589 | t: 35.458497 | r:    79.000000 | e:   0.100000 | Q: 137.953323 | won: True 
#  153 | steps:  4079 | steps_t: 114609 | t: 35.732908 | r:    91.000000 | e:   0.100000 | Q: 155.421295 | won: True 
#  154 | steps:  4093 | steps_t: 114622 | t: 35.882202 | r:  -513.000000 | e:   0.100000 | Q: 113.723076 | won: False 
#  155 | steps:  4115 | steps_t: 114643 | t: 36.145020 | r:    90.000000 | e:   0.100000 | Q: 117.628082 | won: True 
#  156 | steps:  4137 | steps_t: 114664 | t: 36.433158 | r:    90.000000 | e:   0.100000 | Q: 156.059601 | won: True 
#  157 | steps:  4183 | steps_t: 114709 | t: 36.955292 | r:    66.000000 | e:   0.100000 | Q: 103.756485 | won: True 
#  158 | steps:  4209 | steps_t: 114734 | t: 37.282989 | r:    86.000000 | e:   0.100000 | Q: 127.594490 | won: True 
#  159 | steps:  4230 | steps_t: 114754 | t: 37.534073 | r:    91.000000 | e:   0.100000 | Q: 136.426086 | won: True 
#  160 | steps:  4245 | steps_t: 114768 | t: 37.697446 | r:  -503.000000 | e:   0.100000 | Q: 120.822556 | won: False 
#  161 | steps:  4266 | steps_t: 114788 | t: 37.935368 | r:    91.000000 | e:   0.100000 | Q: 115.566505 | won: True 
#  162 | steps:  4292 | steps_t: 114813 | t: 38.243262 | r:    86.000000 | e:   0.100000 | Q: 140.996368 | won: True 
#  163 | steps:  4309 | steps_t: 114829 | t: 38.413447 | r:  -505.000000 | e:   0.100000 | Q: 108.422829 | won: False 
#  164 | steps:  4342 | steps_t: 114861 | t: 38.818025 | r:    79.000000 | e:   0.100000 | Q: 166.003647 | won: True 
#  165 | steps:  4364 | steps_t: 114882 | t: 39.066194 | r:    90.000000 | e:   0.100000 | Q: 113.457710 | won: True 
#  166 | steps:  4380 | steps_t: 114897 | t: 39.282527 | r:  -504.000000 | e:   0.100000 | Q: 108.946655 | won: False 
#  167 | steps:  4402 | steps_t: 114918 | t: 39.566528 | r:    90.000000 | e:   0.100000 | Q: 110.413353 | won: True 
#  168 | steps:  4423 | steps_t: 114938 | t: 39.790860 | r:    91.000000 | e:   0.100000 | Q: 124.746613 | won: True 
#  169 | steps:  4448 | steps_t: 114962 | t: 40.105519 | r:    87.000000 | e:   0.100000 | Q: 154.534225 | won: True 
#  170 | steps:  4494 | steps_t: 115007 | t: 40.644652 | r:  -545.000000 | e:   0.100000 | Q: 169.219482 | won: False 
#  171 | steps:  4527 | steps_t: 115039 | t: 41.028740 | r:    79.000000 | e:   0.100000 | Q: 115.453964 | won: True 
#  172 | steps:  4554 | steps_t: 115065 | t: 41.335074 | r:  -515.000000 | e:   0.100000 | Q: 206.001663 | won: False 
#  173 | steps:  4584 | steps_t: 115094 | t: 41.697795 | r:    82.000000 | e:   0.100000 | Q: 111.193542 | won: True 
#  174 | steps:  4608 | steps_t: 115117 | t: 42.005432 | r:  -512.000000 | e:   0.100000 | Q: 105.519379 | won: False 
#  175 | steps:  4629 | steps_t: 115137 | t: 42.244420 | r:    91.000000 | e:   0.100000 | Q: 121.365044 | won: True 
#  176 | steps:  4663 | steps_t: 115170 | t: 42.659455 | r:    78.000000 | e:   0.100000 | Q: 149.134888 | won: True 
#  177 | steps:  4697 | steps_t: 115203 | t: 43.076270 | r:    78.000000 | e:   0.100000 | Q: 157.268570 | won: True 
#  178 | steps:  4746 | steps_t: 115251 | t: 43.691396 | r:    63.000000 | e:   0.100000 | Q: 163.812698 | won: True 
#  179 | steps:  4763 | steps_t: 115267 | t: 43.919639 | r:  -505.000000 | e:   0.100000 | Q: 117.387703 | won: False 
#  180 | steps:  4782 | steps_t: 115285 | t: 44.116054 | r:  -507.000000 | e:   0.100000 | Q: 114.006653 | won: False 
#  181 | steps:  4815 | steps_t: 115317 | t: 44.488339 | r:    79.000000 | e:   0.100000 | Q: 161.000519 | won: True 
#  182 | steps:  4844 | steps_t: 115345 | t: 44.884548 | r:  -517.000000 | e:   0.100000 | Q: 123.446136 | won: False 
#  183 | steps:  4869 | steps_t: 115369 | t: 45.152352 | r:    87.000000 | e:   0.100000 | Q: 133.175308 | won: True 
#  184 | steps:  4903 | steps_t: 115402 | t: 45.533484 | r:  -522.000000 | e:   0.100000 | Q: 175.220612 | won: False 
#  185 | steps:  4937 | steps_t: 115435 | t: 45.995479 | r:  -522.000000 | e:   0.100000 | Q: 149.810883 | won: False 
#  186 | steps:  4989 | steps_t: 115486 | t: 46.632741 | r:    60.000000 | e:   0.100000 | Q: 230.181946 | won: True 
#  187 | steps:  5019 | steps_t: 115515 | t: 46.989905 | r:    82.000000 | e:   0.100000 | Q: 110.631752 | won: True 
#  188 | steps:  5044 | steps_t: 115539 | t: 47.331160 | r:  -513.000000 | e:   0.100000 | Q: 168.082001 | won: False 
#  189 | steps:  5074 | steps_t: 115568 | t: 47.701689 | r:  -518.000000 | e:   0.100000 | Q: 144.525681 | won: False 
#  190 | steps:  5090 | steps_t: 115583 | t: 47.906300 | r:  -515.000000 | e:   0.100000 | Q:  90.605522 | won: False 
#  191 | steps:  5114 | steps_t: 115606 | t: 48.192547 | r:  -512.000000 | e:   0.100000 | Q: 137.967712 | won: False 
#  192 | steps:  5127 | steps_t: 115618 | t: 48.359649 | r:  -512.000000 | e:   0.100000 | Q: 139.557419 | won: False 
#  193 | steps:  5149 | steps_t: 115639 | t: 48.628902 | r:    90.000000 | e:   0.100000 | Q: 184.303528 | won: True 
#  194 | steps:  5176 | steps_t: 115665 | t: 48.962663 | r:  -515.000000 | e:   0.100000 | Q: 101.901634 | won: False 
#  195 | steps:  5209 | steps_t: 115697 | t: 49.370128 | r:    79.000000 | e:   0.100000 | Q: 191.156448 | won: True 
#  196 | steps:  5228 | steps_t: 115715 | t: 49.614518 | r:  -507.000000 | e:   0.100000 | Q: 145.981689 | won: False 
#  197 | steps:  5249 | steps_t: 115735 | t: 49.855692 | r:    91.000000 | e:   0.100000 | Q: 142.164948 | won: True 
#  198 | steps:  5295 | steps_t: 115780 | t: 50.443872 | r:    66.000000 | e:   0.100000 | Q: 142.494659 | won: True 
#  199 | steps:  5320 | steps_t: 115804 | t: 50.768511 | r:    87.000000 | e:   0.100000 | Q: 112.287155 | won: True 
#  200 | steps:  5354 | steps_t: 115837 | t: 51.244030 | r:    78.000000 | e:   0.100000 | Q: 106.751076 | won: True 
#  201 | steps:  5380 | steps_t: 115862 | t: 51.544657 | r:    86.000000 | e:   0.100000 | Q: 129.992630 | won: True 
#  202 | steps:  5409 | steps_t: 115890 | t: 51.900206 | r:  -517.000000 | e:   0.100000 | Q: 153.864182 | won: False 
#  203 | steps:  5443 | steps_t: 115923 | t: 52.337357 | r:    78.000000 | e:   0.100000 | Q: 115.477539 | won: True 
#  204 | steps:  5468 | steps_t: 115947 | t: 52.678575 | r:    87.000000 | e:   0.100000 | Q: 154.436752 | won: True 
#  205 | steps:  5493 | steps_t: 115971 | t: 52.999629 | r:    87.000000 | e:   0.100000 | Q: 134.087494 | won: True 
#  206 | steps:  5542 | steps_t: 116019 | t: 53.579015 | r:    63.000000 | e:   0.100000 | Q: 175.589233 | won: True 
#  207 | steps:  5575 | steps_t: 116051 | t: 54.006164 | r:    79.000000 | e:   0.100000 | Q: 153.769714 | won: True 
#  208 | steps:  5607 | steps_t: 116082 | t: 54.403598 | r:  -520.000000 | e:   0.100000 | Q: 162.853088 | won: False 
#  209 | steps:  5629 | steps_t: 116103 | t: 54.712377 | r:    90.000000 | e:   0.100000 | Q: 118.549461 | won: True 
#  210 | steps:  5649 | steps_t: 116122 | t: 54.958318 | r:  -508.000000 | e:   0.100000 | Q: 117.791962 | won: False 
#  211 | steps:  5682 | steps_t: 116154 | t: 55.363786 | r:    79.000000 | e:   0.100000 | Q: 127.388214 | won: True 
#  212 | steps:  5700 | steps_t: 116171 | t: 55.619266 | r:  -506.000000 | e:   0.100000 | Q: 166.319183 | won: False 
#  213 | steps:  5714 | steps_t: 116184 | t: 55.792311 | r:  -491.000000 | e:   0.100000 | Q: 139.609879 | won: False 
#  214 | steps:  5764 | steps_t: 116233 | t: 56.367428 | r:  -538.000000 | e:   0.100000 | Q: 179.442841 | won: False 
#  215 | steps:  5798 | steps_t: 116266 | t: 56.787231 | r:    78.000000 | e:   0.100000 | Q: 139.685745 | won: True 
#  216 | steps:  5816 | steps_t: 116283 | t: 56.991985 | r:  -506.000000 | e:   0.100000 | Q: 187.759781 | won: False 
#  217 | steps:  5850 | steps_t: 116316 | t: 57.465342 | r:    78.000000 | e:   0.100000 | Q: 184.348785 | won: True 
#  218 | steps:  5880 | steps_t: 116345 | t: 57.833564 | r:    82.000000 | e:   0.100000 | Q: 195.446381 | won: True 
#  219 | steps:  5910 | steps_t: 116374 | t: 58.225253 | r:    82.000000 | e:   0.100000 | Q: 191.359985 | won: True 
#  220 | steps:  5932 | steps_t: 116395 | t: 58.485286 | r:    90.000000 | e:   0.100000 | Q: 136.861877 | won: True 
#  221 | steps:  5953 | steps_t: 116415 | t: 58.743282 | r:    91.000000 | e:   0.100000 | Q: 147.690933 | won: True 
#  222 | steps:  5999 | steps_t: 116460 | t: 59.336218 | r:    66.000000 | e:   0.100000 | Q: 161.985062 | won: True 
#  223 | steps:  6020 | steps_t: 116480 | t: 59.631413 | r:  -509.000000 | e:   0.100000 | Q: 117.124268 | won: False 
#  224 | steps:  6046 | steps_t: 116505 | t: 59.944878 | r:    86.000000 | e:   0.100000 | Q: 160.186783 | won: True 
#  225 | steps:  6067 | steps_t: 116525 | t: 60.218902 | r:    91.000000 | e:   0.100000 | Q: 128.317307 | won: True 
#  226 | steps:  6121 | steps_t: 116578 | t: 60.885721 | r:    58.000000 | e:   0.100000 | Q: 198.548355 | won: True 
#  227 | steps:  6146 | steps_t: 116602 | t: 61.186979 | r:  -513.000000 | e:   0.100000 | Q: 123.894562 | won: False 
#  228 | steps:  6158 | steps_t: 116613 | t: 61.499776 | r:  -511.000000 | e:   0.100000 | Q: 167.798462 | won: False 
#  229 | steps:  6184 | steps_t: 116638 | t: 62.457088 | r:    86.000000 | e:   0.100000 | Q: 127.521210 | won: True 
#  230 | steps:  6228 | steps_t: 116681 | t: 63.440105 | r:    68.000000 | e:   0.100000 | Q: 146.005966 | won: True 
#  231 | steps:  6243 | steps_t: 116695 | t: 63.569759 | r:  -514.000000 | e:   0.100000 | Q: 122.357803 | won: False 
#  232 | steps:  6270 | steps_t: 116721 | t: 63.850747 | r:  -515.000000 | e:   0.100000 | Q: 128.404663 | won: False 
#  233 | steps:  6300 | steps_t: 116750 | t: 64.205363 | r:    82.000000 | e:   0.100000 | Q: 131.817825 | won: True 
#  234 | steps:  6322 | steps_t: 116771 | t: 64.462383 | r:  -510.000000 | e:   0.100000 | Q: 149.285736 | won: False 
#  235 | steps:  6343 | steps_t: 116791 | t: 64.726794 | r:    91.000000 | e:   0.100000 | Q: 117.764862 | won: True 
#  236 | steps:  6389 | steps_t: 116836 | t: 65.265784 | r:    66.000000 | e:   0.100000 | Q: 137.711121 | won: True 
#  237 | steps:  6411 | steps_t: 116857 | t: 65.487061 | r:    90.000000 | e:   0.100000 | Q: 101.746475 | won: True 
#  238 | steps:  6453 | steps_t: 116898 | t: 66.024135 | r:    70.000000 | e:   0.100000 | Q: 124.383194 | won: True 
#  239 | steps:  6483 | steps_t: 116927 | t: 66.377030 | r:    82.000000 | e:   0.100000 | Q: 116.000336 | won: True 
#  240 | steps:  6497 | steps_t: 116940 | t: 66.526411 | r:  -513.000000 | e:   0.100000 | Q: 141.035904 | won: False 
#  241 | steps:  6526 | steps_t: 116968 | t: 66.882746 | r:  -517.000000 | e:   0.100000 | Q: 103.041199 | won: False 
#  242 | steps:  6552 | steps_t: 116993 | t: 67.160511 | r:    86.000000 | e:   0.100000 | Q: 142.697647 | won: True 
#  243 | steps:  6568 | steps_t: 117008 | t: 67.359709 | r:  -515.000000 | e:   0.100000 | Q: 115.983383 | won: False 
#  244 | steps:  6588 | steps_t: 117027 | t: 67.605952 | r:  -508.000000 | e:   0.100000 | Q: 141.128632 | won: False 
#  245 | steps:  6618 | steps_t: 117056 | t: 67.986398 | r:    82.000000 | e:   0.100000 | Q: 127.968346 | won: True 
#  246 | steps:  6652 | steps_t: 117089 | t: 68.379566 | r:    78.000000 | e:   0.100000 | Q: 130.238556 | won: True 
#  247 | steps:  6674 | steps_t: 117110 | t: 68.669745 | r:    90.000000 | e:   0.100000 | Q: 124.260674 | won: True 
#  248 | steps:  6695 | steps_t: 117130 | t: 68.941037 | r:    91.000000 | e:   0.100000 | Q: 152.732269 | won: True 
#  249 | steps:  6713 | steps_t: 117147 | t: 69.144678 | r:  -506.000000 | e:   0.100000 | Q: 117.843231 | won: False 
#  250 | steps:  6735 | steps_t: 117168 | t: 69.401690 | r:    90.000000 | e:   0.100000 | Q: 118.660492 | won: True 
#  251 | steps:  6761 | steps_t: 117193 | t: 69.704892 | r:  -514.000000 | e:   0.100000 | Q: 166.565491 | won: False 
#  252 | steps:  6793 | steps_t: 117224 | t: 70.120307 | r:  -520.000000 | e:   0.100000 | Q: 151.711121 | won: False 
#  253 | steps:  6814 | steps_t: 117244 | t: 70.335206 | r:    91.000000 | e:   0.100000 | Q: 133.336502 | won: True 
#  254 | steps:  6836 | steps_t: 117265 | t: 70.560340 | r:  -510.000000 | e:   0.100000 | Q: 154.240280 | won: False 
#  255 | steps:  6866 | steps_t: 117294 | t: 70.960642 | r:    82.000000 | e:   0.100000 | Q: 137.358017 | won: True 
#  256 | steps:  6885 | steps_t: 117312 | t: 71.156789 | r:  -496.000000 | e:   0.100000 | Q: 113.632233 | won: False 
#  257 | steps:  6907 | steps_t: 117333 | t: 71.404880 | r:    90.000000 | e:   0.100000 | Q: 101.447327 | won: True 
#  258 | steps:  6927 | steps_t: 117352 | t: 71.616486 | r:  -508.000000 | e:   0.100000 | Q: 119.427353 | won: False 
#  259 | steps:  6961 | steps_t: 117385 | t: 72.070958 | r:    78.000000 | e:   0.100000 | Q: 184.674698 | won: True 
#  260 | steps:  6995 | steps_t: 117418 | t: 72.522332 | r:    78.000000 | e:   0.100000 | Q: 131.681793 | won: True 
#  261 | steps:  7034 | steps_t: 117456 | t: 72.975443 | r:  -527.000000 | e:   0.100000 | Q: 163.347519 | won: False 
#  262 | steps:  7060 | steps_t: 117481 | t: 73.295927 | r:    86.000000 | e:   0.100000 | Q: 158.381439 | won: True 
#  263 | steps:  7082 | steps_t: 117502 | t: 73.545169 | r:  -510.000000 | e:   0.100000 | Q: 334.846893 | won: False 
#  264 | steps:  7097 | steps_t: 117516 | t: 73.721177 | r:  -514.000000 | e:   0.100000 | Q: 239.159454 | won: False 
#  265 | steps:  7139 | steps_t: 117557 | t: 74.230279 | r:    70.000000 | e:   0.100000 | Q: 181.777008 | won: True 
#  266 | steps:  7152 | steps_t: 117569 | t: 74.409554 | r:  -501.000000 | e:   0.100000 | Q: 112.899857 | won: False 
#  267 | steps:  7185 | steps_t: 117601 | t: 74.760263 | r:    79.000000 | e:   0.100000 | Q: 183.943954 | won: True 
#  268 | steps:  7231 | steps_t: 117646 | t: 75.292881 | r:    66.000000 | e:   0.100000 | Q: 221.731766 | won: True 
#  269 | steps:  7250 | steps_t: 117664 | t: 75.536133 | r:  -496.000000 | e:   0.100000 | Q: 143.695389 | won: False 
#  270 | steps:  7271 | steps_t: 117684 | t: 75.786653 | r:    91.000000 | e:   0.100000 | Q: 126.481895 | won: True 
#  271 | steps:  7320 | steps_t: 117732 | t: 76.433183 | r:  -537.000000 | e:   0.100000 | Q: 162.563751 | won: False 
#  272 | steps:  7379 | steps_t: 117790 | t: 77.166396 | r:  -547.000000 | e:   0.100000 | Q: 270.577362 | won: False 
#  273 | steps:  7396 | steps_t: 117806 | t: 77.347886 | r:  -516.000000 | e:   0.100000 | Q: 132.777390 | won: False 
#  274 | steps:  7438 | steps_t: 117847 | t: 77.895734 | r:    70.000000 | e:   0.100000 | Q: 120.176666 | won: True 
#  275 | steps:  7465 | steps_t: 117873 | t: 78.177616 | r:  -504.000000 | e:   0.100000 | Q: 120.034592 | won: False 
#  276 | steps:  7491 | steps_t: 117898 | t: 78.489398 | r:    86.000000 | e:   0.100000 | Q: 124.540962 | won: True 
#  277 | steps:  7516 | steps_t: 117922 | t: 78.790098 | r:  -513.000000 | e:   0.100000 | Q: 152.228943 | won: False 
#  278 | steps:  7538 | steps_t: 117943 | t: 79.099284 | r:    90.000000 | e:   0.100000 | Q: 216.470749 | won: True 
#  279 | steps:  7559 | steps_t: 117963 | t: 79.636652 | r:    91.000000 | e:   0.100000 | Q: 187.839523 | won: True 
#  280 | steps:  7581 | steps_t: 117984 | t: 80.426814 | r:  -510.000000 | e:   0.100000 | Q: 126.916595 | won: False 
#  281 | steps:  7614 | steps_t: 118016 | t: 81.315406 | r:    79.000000 | e:   0.100000 | Q: 164.620941 | won: True 
#  282 | steps:  7629 | steps_t: 118030 | t: 81.434918 | r:  -514.000000 | e:   0.100000 | Q: 162.304352 | won: False 
#  283 | steps:  7642 | steps_t: 118042 | t: 81.546362 | r:  -512.000000 | e:   0.100000 | Q: 141.091995 | won: False 
#  284 | steps:  7664 | steps_t: 118063 | t: 81.764455 | r:    90.000000 | e:   0.100000 | Q: 112.665512 | won: True 
#  285 | steps:  7704 | steps_t: 118102 | t: 82.210841 | r:  -528.000000 | e:   0.100000 | Q: 190.543533 | won: False 
#  286 | steps:  7738 | steps_t: 118135 | t: 82.599894 | r:    78.000000 | e:   0.100000 | Q: 147.537231 | won: True 
#  287 | steps:  7768 | steps_t: 118164 | t: 82.979358 | r:    82.000000 | e:   0.100000 | Q: 102.508713 | won: True 
#  288 | steps:  7789 | steps_t: 118184 | t: 83.208422 | r:    91.000000 | e:   0.100000 | Q: 131.519577 | won: True 
#  289 | steps:  7814 | steps_t: 118208 | t: 83.489755 | r:    87.000000 | e:   0.100000 | Q: 158.497330 | won: True 
#  290 | steps:  7840 | steps_t: 118233 | t: 83.798180 | r:    86.000000 | e:   0.100000 | Q: 116.782333 | won: True 
#  291 | steps:  7866 | steps_t: 118258 | t: 84.084747 | r:    86.000000 | e:   0.100000 | Q: 141.085571 | won: True 
#  292 | steps:  7880 | steps_t: 118271 | t: 84.228739 | r:  -513.000000 | e:   0.100000 | Q: 141.888657 | won: False 
#  293 | steps:  7914 | steps_t: 118304 | t: 84.620243 | r:    78.000000 | e:   0.100000 | Q: 130.288574 | won: True 
#  294 | steps:  7944 | steps_t: 118333 | t: 85.023262 | r:  -518.000000 | e:   0.100000 | Q: 147.896133 | won: False 
#  295 | steps:  7972 | steps_t: 118360 | t: 85.324469 | r:  -516.000000 | e:   0.100000 | Q: 131.753174 | won: False 
#  296 | steps:  8014 | steps_t: 118401 | t: 85.818852 | r:    70.000000 | e:   0.100000 | Q: 169.363770 | won: True 
#  297 | steps:  8064 | steps_t: 118450 | t: 86.342009 | r:    62.000000 | e:   0.100000 | Q: 194.885849 | won: True 
#  298 | steps:  8106 | steps_t: 118491 | t: 86.873313 | r:    70.000000 | e:   0.100000 | Q: 158.737137 | won: True 
#  299 | steps:  8139 | steps_t: 118523 | t: 87.268228 | r:  -521.000000 | e:   0.100000 | Q: 124.096642 | won: False 
#  300 | steps:  8173 | steps_t: 118556 | t: 87.643892 | r:    78.000000 | e:   0.100000 | Q: 156.417450 | won: True 
#  301 | steps:  8194 | steps_t: 118576 | t: 87.876561 | r:  -509.000000 | e:   0.100000 | Q: 154.908279 | won: False 
#  302 | steps:  8216 | steps_t: 118597 | t: 88.117887 | r:    90.000000 | e:   0.100000 | Q: 118.616066 | won: True 
#  303 | steps:  8242 | steps_t: 118622 | t: 88.442855 | r:  -514.000000 | e:   0.100000 | Q: 182.538467 | won: False 
#  304 | steps:  8263 | steps_t: 118642 | t: 88.680382 | r:    91.000000 | e:   0.100000 | Q: 105.219254 | won: True 
#  305 | steps:  8276 | steps_t: 118654 | t: 88.811907 | r:  -512.000000 | e:   0.100000 | Q: 123.830528 | won: False 
#  306 | steps:  8291 | steps_t: 118668 | t: 88.990639 | r:  -492.000000 | e:   0.100000 | Q:  78.783157 | won: False 
#  307 | steps:  8317 | steps_t: 118693 | t: 89.365928 | r:  -514.000000 | e:   0.100000 | Q: 103.948082 | won: False 
#  308 | steps:  8358 | steps_t: 118733 | t: 89.862531 | r:  -529.000000 | e:   0.100000 | Q: 176.678802 | won: False 
#  309 | steps:  8380 | steps_t: 118754 | t: 90.122072 | r:    90.000000 | e:   0.100000 | Q: 113.386665 | won: True 
#  310 | steps:  8410 | steps_t: 118783 | t: 90.482337 | r:    82.000000 | e:   0.100000 | Q: 110.453133 | won: True 
#  311 | steps:  8432 | steps_t: 118804 | t: 90.722943 | r:    90.000000 | e:   0.100000 | Q: 101.659332 | won: True 
#  312 | steps:  8465 | steps_t: 118836 | t: 91.097239 | r:    79.000000 | e:   0.100000 | Q: 163.748245 | won: True 
#  313 | steps:  8495 | steps_t: 118865 | t: 91.507136 | r:    82.000000 | e:   0.100000 | Q: 180.548492 | won: True 
#  314 | steps:  8521 | steps_t: 118890 | t: 91.804666 | r:  -514.000000 | e:   0.100000 | Q: 157.379532 | won: False 
#  315 | steps:  8553 | steps_t: 118921 | t: 92.179059 | r:  -520.000000 | e:   0.100000 | Q: 149.105728 | won: False 
#  316 | steps:  8583 | steps_t: 118950 | t: 92.526818 | r:  -518.000000 | e:   0.100000 | Q: 131.273727 | won: False 
#  317 | steps:  8606 | steps_t: 118972 | t: 92.792668 | r:  -511.000000 | e:   0.100000 | Q: 139.998947 | won: False 
#  318 | steps:  8648 | steps_t: 119013 | t: 93.276429 | r:  -530.000000 | e:   0.100000 | Q: 122.223564 | won: False 
#  319 | steps:  8675 | steps_t: 119039 | t: 93.583771 | r:  -515.000000 | e:   0.100000 | Q:  97.758369 | won: False 
#  320 | steps:  8696 | steps_t: 119059 | t: 93.813849 | r:    91.000000 | e:   0.100000 | Q: 113.681580 | won: True 
#  321 | steps:  8717 | steps_t: 119079 | t: 94.054101 | r:    91.000000 | e:   0.100000 | Q: 115.042473 | won: True 
#  322 | steps:  8739 | steps_t: 119100 | t: 94.336455 | r:    90.000000 | e:   0.100000 | Q: 122.479065 | won: True 
#  323 | steps:  8769 | steps_t: 119129 | t: 94.643969 | r:  -518.000000 | e:   0.100000 | Q: 145.298035 | won: False 
#  324 | steps:  8834 | steps_t: 119193 | t: 95.437762 | r:  -553.000000 | e:   0.100000 | Q: 188.744797 | won: False 
#  325 | steps:  8856 | steps_t: 119214 | t: 95.703305 | r:  -510.000000 | e:   0.100000 | Q: 143.032059 | won: False 
#  326 | steps:  8913 | steps_t: 119270 | t: 96.387530 | r:  -545.000000 | e:   0.100000 | Q: 157.041565 | won: False 
#  327 | steps:  8936 | steps_t: 119292 | t: 96.666449 | r:  -511.000000 | e:   0.100000 | Q: 123.585953 | won: False 
#  328 | steps:  8953 | steps_t: 119308 | t: 96.848426 | r:  -505.000000 | e:   0.100000 | Q: 105.246735 | won: False 
#  329 | steps:  8983 | steps_t: 119337 | t: 97.426870 | r:  -507.000000 | e:   0.100000 | Q: 131.140945 | won: False 
#  330 | steps:  9025 | steps_t: 119378 | t: 98.987729 | r:    70.000000 | e:   0.100000 | Q: 112.418327 | won: True 
#  331 | steps:  9047 | steps_t: 119399 | t: 99.330883 | r:  -510.000000 | e:   0.100000 | Q: 103.728027 | won: False 
#  332 | steps:  9093 | steps_t: 119444 | t: 99.765258 | r:    66.000000 | e:   0.100000 | Q: 132.960571 | won: True 
#  333 | steps:  9120 | steps_t: 119470 | t: 100.032805 | r:  -515.000000 | e:   0.100000 | Q:  99.354012 | won: False 
#  334 | steps:  9138 | steps_t: 119487 | t: 100.209013 | r:  -506.000000 | e:   0.100000 | Q:  93.779106 | won: False 
#  335 | steps:  9160 | steps_t: 119508 | t: 100.416094 | r:  -510.000000 | e:   0.100000 | Q: 127.245148 | won: False 
#  336 | steps:  9189 | steps_t: 119536 | t: 100.743319 | r:  -517.000000 | e:   0.100000 | Q: 177.939529 | won: False 
#  337 | steps:  9212 | steps_t: 119558 | t: 101.011678 | r:  -511.000000 | e:   0.100000 | Q: 159.966400 | won: False 
#  338 | steps:  9245 | steps_t: 119590 | t: 101.377875 | r:  -521.000000 | e:   0.100000 | Q: 166.346115 | won: False 
#  339 | steps:  9285 | steps_t: 119629 | t: 101.837009 | r:  -528.000000 | e:   0.100000 | Q: 150.196869 | won: False 
#  340 | steps:  9307 | steps_t: 119650 | t: 102.094236 | r:    90.000000 | e:   0.100000 | Q: 127.969383 | won: True 
#  341 | steps:  9333 | steps_t: 119675 | t: 102.378851 | r:    86.000000 | e:   0.100000 | Q: 178.257584 | won: True 
#  342 | steps:  9348 | steps_t: 119689 | t: 102.536712 | r:  -492.000000 | e:   0.100000 | Q: 103.561058 | won: False 
#  343 | steps:  9378 | steps_t: 119718 | t: 102.923143 | r:    82.000000 | e:   0.100000 | Q: 223.915619 | won: True 
#  344 | steps:  9400 | steps_t: 119739 | t: 103.151628 | r:    90.000000 | e:   0.100000 | Q: 130.197586 | won: True 
#  345 | steps:  9424 | steps_t: 119762 | t: 103.421950 | r:  -512.000000 | e:   0.100000 | Q: 157.246780 | won: False 
#  346 | steps:  9446 | steps_t: 119783 | t: 103.683469 | r:    90.000000 | e:   0.100000 | Q: 114.304054 | won: True 
#  347 | steps:  9468 | steps_t: 119804 | t: 103.935485 | r:    90.000000 | e:   0.100000 | Q: 286.884949 | won: True 
#  348 | steps:  9518 | steps_t: 119853 | t: 104.532812 | r:    62.000000 | e:   0.100000 | Q: 214.102234 | won: True 
#  349 | steps:  9568 | steps_t: 119902 | t: 105.127274 | r:    62.000000 | e:   0.100000 | Q: 186.992691 | won: True 
#  350 | steps:  9583 | steps_t: 119916 | t: 105.297514 | r:  -503.000000 | e:   0.100000 | Q: 124.302780 | won: False 
#  351 | steps:  9625 | steps_t: 119957 | t: 105.804401 | r:    70.000000 | e:   0.100000 | Q: 137.565536 | won: True 
#  352 | steps:  9651 | steps_t: 119982 | t: 106.130812 | r:    86.000000 | e:   0.100000 | Q: 155.272888 | won: True 
#  353 | steps:  9685 | steps_t: 120015 | t: 106.521429 | r:    78.000000 | e:   0.100000 | Q: 127.447433 | won: True 
#  354 | steps:  9712 | steps_t: 120041 | t: 106.816064 | r:  -515.000000 | e:   0.100000 | Q: 145.826355 | won: False 
#  355 | steps:  9742 | steps_t: 120070 | t: 107.129729 | r:    82.000000 | e:   0.100000 | Q: 172.163589 | won: True 
#  356 | steps:  9784 | steps_t: 120111 | t: 107.651060 | r:  -530.000000 | e:   0.100000 | Q: 155.311371 | won: False 
#  357 | steps:  9806 | steps_t: 120132 | t: 107.881495 | r:    90.000000 | e:   0.100000 | Q: 104.569176 | won: True 
#  358 | steps:  9831 | steps_t: 120156 | t: 108.170972 | r:    87.000000 | e:   0.100000 | Q: 117.119652 | won: True 
#  359 | steps:  9864 | steps_t: 120188 | t: 108.575389 | r:    79.000000 | e:   0.100000 | Q: 239.775467 | won: True 
#  360 | steps:  9889 | steps_t: 120212 | t: 108.847868 | r:    87.000000 | e:   0.100000 | Q: 199.781494 | won: True 
#  361 | steps:  9950 | steps_t: 120272 | t: 109.548588 | r:    51.000000 | e:   0.100000 | Q: 174.212631 | won: True 
#  362 | steps:  9982 | steps_t: 120303 | t: 109.939418 | r:  -520.000000 | e:   0.100000 | Q: 139.143890 | won: False 
#  363 | steps:  9991 | steps_t: 120311 | t: 110.021092 | r:  -508.000000 | e:   0.100000 | Q: 120.038689 | won: False 
#  364 | steps: 10016 | steps_t: 120335 | t: 110.329795 | r:    87.000000 | e:   0.100000 | Q: 177.700912 | won: True 
#  365 | steps: 10042 | steps_t: 120360 | t: 110.608001 | r:  -514.000000 | e:   0.100000 | Q: 162.920685 | won: False 
#  366 | steps: 10069 | steps_t: 120386 | t: 110.918283 | r:  -515.000000 | e:   0.100000 | Q: 133.510651 | won: False 
#  367 | steps: 10118 | steps_t: 120434 | t: 112.192158 | r:    63.000000 | e:   0.100000 | Q: 170.213669 | won: True 
#  368 | steps: 10152 | steps_t: 120467 | t: 113.241956 | r:    78.000000 | e:   0.100000 | Q: 173.464279 | won: True 
#  369 | steps: 10180 | steps_t: 120494 | t: 113.496652 | r:  -527.000000 | e:   0.100000 | Q: 111.412018 | won: False 
#  370 | steps: 10202 | steps_t: 120515 | t: 113.724121 | r:    90.000000 | e:   0.100000 | Q: 111.506714 | won: True 
#  371 | steps: 10223 | steps_t: 120535 | t: 113.938978 | r:  -509.000000 | e:   0.100000 | Q: 150.183746 | won: False 
#  372 | steps: 10235 | steps_t: 120546 | t: 114.041898 | r:  -511.000000 | e:   0.100000 | Q: 150.360855 | won: False 
#  373 | steps: 10256 | steps_t: 120566 | t: 114.542541 | r:    91.000000 | e:   0.100000 | Q: 126.432617 | won: True 
#  374 | steps: 10277 | steps_t: 120586 | t: 115.311947 | r:    91.000000 | e:   0.100000 | Q: 108.772926 | won: True 
#  375 | steps: 10303 | steps_t: 120611 | t: 116.270059 | r:    86.000000 | e:   0.100000 | Q: 104.664131 | won: True 
#  376 | steps: 10333 | steps_t: 120640 | t: 117.382651 | r:    82.000000 | e:   0.100000 | Q: 123.890961 | won: True 
#  377 | steps: 10358 | steps_t: 120664 | t: 118.286947 | r:    87.000000 | e:   0.100000 | Q: 129.900391 | won: True 
#  378 | steps: 10380 | steps_t: 120685 | t: 119.058656 | r:  -510.000000 | e:   0.100000 | Q: 139.008728 | won: False 
#  379 | steps: 10406 | steps_t: 120710 | t: 119.371727 | r:  -514.000000 | e:   0.100000 | Q: 147.388290 | won: False 
#  380 | steps: 10427 | steps_t: 120730 | t: 119.551605 | r:    91.000000 | e:   0.100000 | Q: 140.147415 | won: True 
#  381 | steps: 10459 | steps_t: 120761 | t: 119.835371 | r:  -520.000000 | e:   0.100000 | Q: 116.462990 | won: False 
#  382 | steps: 10496 | steps_t: 120797 | t: 120.181294 | r:  -525.000000 | e:   0.100000 | Q: 121.037918 | won: False 
#  383 | steps: 10518 | steps_t: 120818 | t: 120.387049 | r:  -510.000000 | e:   0.100000 | Q: 143.437820 | won: False 
#  384 | steps: 10552 | steps_t: 120851 | t: 120.712372 | r:    78.000000 | e:   0.100000 | Q: 152.136810 | won: True 
#  385 | steps: 10570 | steps_t: 120868 | t: 120.902549 | r:  -517.000000 | e:   0.100000 | Q: 157.469925 | won: False 
#  386 | steps: 10610 | steps_t: 120907 | t: 121.298546 | r:  -528.000000 | e:   0.100000 | Q: 108.068863 | won: False 
#  387 | steps: 10640 | steps_t: 120936 | t: 121.608898 | r:    82.000000 | e:   0.100000 | Q: 164.026733 | won: True 
#  388 | steps: 10662 | steps_t: 120957 | t: 121.838976 | r:    90.000000 | e:   0.100000 | Q: 123.009323 | won: True 
#  389 | steps: 10701 | steps_t: 120995 | t: 122.191226 | r:  -527.000000 | e:   0.100000 | Q: 162.031036 | won: False 
#  390 | steps: 10722 | steps_t: 121015 | t: 122.394908 | r:    91.000000 | e:   0.100000 | Q: 103.889595 | won: True 
#  391 | steps: 10756 | steps_t: 121048 | t: 122.777313 | r:    78.000000 | e:   0.100000 | Q: 142.380997 | won: True 
#  392 | steps: 10786 | steps_t: 121077 | t: 123.061343 | r:    82.000000 | e:   0.100000 | Q: 106.000786 | won: True 
#  393 | steps: 10812 | steps_t: 121102 | t: 123.318857 | r:    86.000000 | e:   0.100000 | Q: 134.533905 | won: True 
#  394 | steps: 10845 | steps_t: 121134 | t: 123.702314 | r:    79.000000 | e:   0.100000 | Q: 125.336838 | won: True 
#  395 | steps: 10895 | steps_t: 121183 | t: 124.198326 | r:    62.000000 | e:   0.100000 | Q: 149.715240 | won: True 
#  396 | steps: 10917 | steps_t: 121204 | t: 124.457456 | r:    90.000000 | e:   0.100000 | Q: 133.723434 | won: True 
#  397 | steps: 10943 | steps_t: 121229 | t: 124.715979 | r:    86.000000 | e:   0.100000 | Q: 147.996368 | won: True 
#  398 | steps: 10955 | steps_t: 121240 | t: 124.824110 | r:  -511.000000 | e:   0.100000 | Q: 144.582031 | won: False 
#  399 | steps: 10989 | steps_t: 121273 | t: 125.273803 | r:    78.000000 | e:   0.100000 | Q: 195.791489 | won: True 
#  400 | steps: 11023 | steps_t: 121306 | t: 126.522349 | r:    78.000000 | e:   0.100000 | Q: 152.650330 | won: True 
#  401 | steps: 11048 | steps_t: 121330 | t: 127.221486 | r:  -513.000000 | e:   0.100000 | Q: 137.236206 | won: False 
#  402 | steps: 11080 | steps_t: 121361 | t: 127.492542 | r:  -520.000000 | e:   0.100000 | Q: 192.169525 | won: False 
#  403 | steps: 11114 | steps_t: 121394 | t: 127.807012 | r:    78.000000 | e:   0.100000 | Q: 147.119888 | won: True 
#  404 | steps: 11140 | steps_t: 121419 | t: 128.055236 | r:  -514.000000 | e:   0.100000 | Q: 107.216049 | won: False 
#  405 | steps: 11170 | steps_t: 121448 | t: 128.351554 | r:  -518.000000 | e:   0.100000 | Q: 149.527649 | won: False 
#  406 | steps: 11204 | steps_t: 121481 | t: 128.683442 | r:    78.000000 | e:   0.100000 | Q: 171.478882 | won: True 
#  407 | steps: 11226 | steps_t: 121502 | t: 128.914350 | r:    90.000000 | e:   0.100000 | Q: 123.786293 | won: True 
#  408 | steps: 11247 | steps_t: 121522 | t: 129.142083 | r:    91.000000 | e:   0.100000 | Q: 127.185020 | won: True 
#  409 | steps: 11280 | steps_t: 121554 | t: 129.486537 | r:    79.000000 | e:   0.100000 | Q: 140.386566 | won: True 
#  410 | steps: 11303 | steps_t: 121576 | t: 129.731699 | r:    89.000000 | e:   0.100000 | Q: 180.236725 | won: True 
#  411 | steps: 11353 | steps_t: 121625 | t: 130.311484 | r:    62.000000 | e:   0.100000 | Q: 171.080185 | won: True 
#  412 | steps: 11370 | steps_t: 121641 | t: 130.489745 | r:  -516.000000 | e:   0.100000 | Q: 134.355362 | won: False 
#  413 | steps: 11385 | steps_t: 121655 | t: 130.630157 | r:  -503.000000 | e:   0.100000 | Q: 147.749435 | won: False 
#  414 | steps: 11419 | steps_t: 121688 | t: 130.993148 | r:    78.000000 | e:   0.100000 | Q: 172.359406 | won: True 
#  415 | steps: 11441 | steps_t: 121709 | t: 131.234668 | r:  -510.000000 | e:   0.100000 | Q: 132.956055 | won: False 
#  416 | steps: 11455 | steps_t: 121722 | t: 131.388864 | r:  -502.000000 | e:   0.100000 | Q: 124.425285 | won: False 
#  417 | steps: 11482 | steps_t: 121748 | t: 131.659567 | r:  -515.000000 | e:   0.100000 | Q: 159.059967 | won: False 
#  418 | steps: 11512 | steps_t: 121777 | t: 132.001754 | r:    82.000000 | e:   0.100000 | Q: 165.908249 | won: True 
#  419 | steps: 11534 | steps_t: 121798 | t: 132.297230 | r:    90.000000 | e:   0.100000 | Q: 112.785393 | won: True 
#  420 | steps: 11556 | steps_t: 121819 | t: 132.502904 | r:    90.000000 | e:   0.100000 | Q: 153.124680 | won: True 
#  421 | steps: 11576 | steps_t: 121838 | t: 132.720474 | r:  -508.000000 | e:   0.100000 | Q: 108.653862 | won: False 
#  422 | steps: 11626 | steps_t: 121887 | t: 133.275216 | r:    62.000000 | e:   0.100000 | Q: 151.839584 | won: True 
#  423 | steps: 11656 | steps_t: 121916 | t: 133.597380 | r:  -518.000000 | e:   0.100000 | Q: 131.517090 | won: False 
#  424 | steps: 11686 | steps_t: 121945 | t: 133.918390 | r:  -518.000000 | e:   0.100000 | Q: 159.685104 | won: False 
#  425 | steps: 11700 | steps_t: 121958 | t: 134.079032 | r:  -513.000000 | e:   0.100000 | Q: 109.386353 | won: False 
#  426 | steps: 11722 | steps_t: 121979 | t: 134.330798 | r:    90.000000 | e:   0.100000 | Q: 115.916313 | won: True 
#  427 | steps: 11744 | steps_t: 122000 | t: 134.572484 | r:    90.000000 | e:   0.100000 | Q: 114.560806 | won: True 
#  428 | steps: 11766 | steps_t: 122021 | t: 134.787890 | r:    90.000000 | e:   0.100000 | Q: 106.718948 | won: True 
#  429 | steps: 11796 | steps_t: 122050 | t: 135.131060 | r:    82.000000 | e:   0.100000 | Q: 138.849548 | won: True 
#  430 | steps: 11830 | steps_t: 122083 | t: 135.505689 | r:    78.000000 | e:   0.100000 | Q: 160.300522 | won: True 
#  431 | steps: 11864 | steps_t: 122116 | t: 135.888021 | r:  -522.000000 | e:   0.100000 | Q: 169.144852 | won: False 
#  432 | steps: 11887 | steps_t: 122138 | t: 136.136875 | r:  -511.000000 | e:   0.100000 | Q: 131.470337 | won: False 
#  433 | steps: 11917 | steps_t: 122167 | t: 136.479401 | r:    82.000000 | e:   0.100000 | Q: 105.383148 | won: True 
#  434 | steps: 11962 | steps_t: 122211 | t: 136.988248 | r:  -533.000000 | e:   0.100000 | Q: 140.794876 | won: False 
#  435 | steps: 11992 | steps_t: 122240 | t: 137.311874 | r:    82.000000 | e:   0.100000 | Q: 224.207504 | won: True 
#  436 | steps: 12026 | steps_t: 122273 | t: 137.735372 | r:  -522.000000 | e:   0.100000 | Q: 160.422760 | won: False 
#  437 | steps: 12056 | steps_t: 122302 | t: 138.071407 | r:    82.000000 | e:   0.100000 | Q: 158.399826 | won: True 
#  438 | steps: 12074 | steps_t: 122319 | t: 138.518284 | r:  -506.000000 | e:   0.100000 | Q: 141.996674 | won: False 
#  439 | steps: 12099 | steps_t: 122343 | t: 139.415344 | r:  -513.000000 | e:   0.100000 | Q: 120.649239 | won: False 
#  440 | steps: 12124 | steps_t: 122367 | t: 140.184804 | r:    87.000000 | e:   0.100000 | Q: 106.194862 | won: True 
#  441 | steps: 12150 | steps_t: 122392 | t: 140.414538 | r:  -514.000000 | e:   0.100000 | Q: 119.898026 | won: False 
#  442 | steps: 12192 | steps_t: 122433 | t: 140.827281 | r:    70.000000 | e:   0.100000 | Q: 122.599457 | won: True 
#  443 | steps: 12206 | steps_t: 122446 | t: 140.988443 | r:  -513.000000 | e:   0.100000 | Q: 115.906090 | won: False 
#  444 | steps: 12232 | steps_t: 122471 | t: 141.251056 | r:    86.000000 | e:   0.100000 | Q: 124.669632 | won: True 
#  445 | steps: 12278 | steps_t: 122516 | t: 141.750113 | r:    66.000000 | e:   0.100000 | Q: 160.491440 | won: True 
#  446 | steps: 12299 | steps_t: 122536 | t: 141.995470 | r:    91.000000 | e:   0.100000 | Q: 138.358185 | won: True 
#  447 | steps: 12330 | steps_t: 122566 | t: 142.301054 | r:  -519.000000 | e:   0.100000 | Q: 113.370911 | won: False 
#  448 | steps: 12344 | steps_t: 122579 | t: 142.465970 | r:  -491.000000 | e:   0.100000 | Q: 105.191231 | won: False 
#  449 | steps: 12410 | steps_t: 122644 | t: 143.197292 | r:    46.000000 | e:   0.100000 | Q: 153.458130 | won: True 
#  450 | steps: 12422 | steps_t: 122655 | t: 143.322221 | r:  -511.000000 | e:   0.100000 | Q: 188.656631 | won: False 
#  451 | steps: 12477 | steps_t: 122709 | t: 143.955981 | r:    57.000000 | e:   0.100000 | Q: 272.286743 | won: True 
#  452 | steps: 12498 | steps_t: 122729 | t: 144.153136 | r:    91.000000 | e:   0.100000 | Q: 114.045044 | won: True 
#  453 | steps: 12523 | steps_t: 122753 | t: 144.404330 | r:    87.000000 | e:   0.100000 | Q: 150.987366 | won: True 
#  454 | steps: 12557 | steps_t: 122786 | t: 144.790349 | r:    78.000000 | e:   0.100000 | Q: 149.049622 | won: True 
#  455 | steps: 12587 | steps_t: 122815 | t: 145.135439 | r:    82.000000 | e:   0.100000 | Q: 109.464508 | won: True 
#  456 | steps: 12621 | steps_t: 122848 | t: 145.585998 | r:    78.000000 | e:   0.100000 | Q: 140.536835 | won: True 
#  457 | steps: 12655 | steps_t: 122881 | t: 145.950720 | r:    78.000000 | e:   0.100000 | Q: 130.926880 | won: True 
#  458 | steps: 12677 | steps_t: 122902 | t: 146.202007 | r:  -510.000000 | e:   0.100000 | Q: 141.795929 | won: False 
#  459 | steps: 12704 | steps_t: 122928 | t: 146.520343 | r:  -515.000000 | e:   0.100000 | Q: 109.480263 | won: False 
#  460 | steps: 12750 | steps_t: 122973 | t: 147.063422 | r:  -534.000000 | e:   0.100000 | Q: 149.403122 | won: False 
#  461 | steps: 12771 | steps_t: 122993 | t: 147.280856 | r:  -509.000000 | e:   0.100000 | Q: 113.687935 | won: False 
#  462 | steps: 12792 | steps_t: 123013 | t: 147.530791 | r:    91.000000 | e:   0.100000 | Q: 122.883385 | won: True 
#  463 | steps: 12810 | steps_t: 123030 | t: 147.708776 | r:  -506.000000 | e:   0.100000 | Q: 121.649200 | won: False 
#  464 | steps: 12831 | steps_t: 123050 | t: 147.966104 | r:    91.000000 | e:   0.100000 | Q: 106.365768 | won: True 
#  465 | steps: 12877 | steps_t: 123095 | t: 148.512294 | r:    66.000000 | e:   0.100000 | Q: 146.037186 | won: True 
#  466 | steps: 12908 | steps_t: 123125 | t: 148.843939 | r:    81.000000 | e:   0.100000 | Q: 105.272804 | won: True 
#  467 | steps: 12934 | steps_t: 123150 | t: 149.150395 | r:  -514.000000 | e:   0.100000 | Q: 142.122574 | won: False 
#  468 | steps: 12964 | steps_t: 123179 | t: 149.513741 | r:    82.000000 | e:   0.100000 | Q: 164.389175 | won: True 
#  469 | steps: 12994 | steps_t: 123208 | t: 149.841429 | r:    82.000000 | e:   0.100000 | Q: 115.673988 | won: True 
#  470 | steps: 13019 | steps_t: 123232 | t: 150.130084 | r:    87.000000 | e:   0.100000 | Q: 113.531013 | won: True 
#  471 | steps: 13040 | steps_t: 123252 | t: 150.355183 | r:    91.000000 | e:   0.100000 | Q: 162.574219 | won: True 
#  472 | steps: 13065 | steps_t: 123276 | t: 150.663427 | r:  -513.000000 | e:   0.100000 | Q: 187.820786 | won: False 
#  473 | steps: 13076 | steps_t: 123286 | t: 150.770888 | r:  -510.000000 | e:   0.100000 | Q: 124.267357 | won: False 
#  474 | steps: 13098 | steps_t: 123307 | t: 151.011109 | r:    90.000000 | e:   0.100000 | Q: 221.482681 | won: True 
#  475 | steps: 13123 | steps_t: 123331 | t: 151.329731 | r:    87.000000 | e:   0.100000 | Q: 144.859421 | won: True 
#  476 | steps: 13141 | steps_t: 123348 | t: 151.535161 | r:  -517.000000 | e:   0.100000 | Q: 145.915085 | won: False 
#  477 | steps: 13171 | steps_t: 123377 | t: 151.914644 | r:    82.000000 | e:   0.100000 | Q: 134.058258 | won: True 
#  478 | steps: 13217 | steps_t: 123422 | t: 152.472875 | r:    66.000000 | e:   0.100000 | Q: 142.004181 | won: True 
#  479 | steps: 13239 | steps_t: 123443 | t: 152.780162 | r:  -510.000000 | e:   0.100000 | Q: 140.896973 | won: False 
#  480 | steps: 13271 | steps_t: 123474 | t: 153.119964 | r:  -520.000000 | e:   0.100000 | Q: 185.141968 | won: False 
#  481 | steps: 13293 | steps_t: 123495 | t: 153.350746 | r:    90.000000 | e:   0.100000 | Q: 144.350281 | won: True 
#  482 | steps: 13327 | steps_t: 123528 | t: 153.744763 | r:    78.000000 | e:   0.100000 | Q: 113.634064 | won: True 
#  483 | steps: 13349 | steps_t: 123549 | t: 153.985197 | r:    90.000000 | e:   0.100000 | Q: 127.355286 | won: True 
#  484 | steps: 13375 | steps_t: 123574 | t: 154.296654 | r:    86.000000 | e:   0.100000 | Q: 132.767517 | won: True 
#  485 | steps: 13396 | steps_t: 123594 | t: 154.559643 | r:    91.000000 | e:   0.100000 | Q: 135.006500 | won: True 
#  486 | steps: 13418 | steps_t: 123615 | t: 154.825723 | r:    90.000000 | e:   0.100000 | Q: 132.087326 | won: True 
#  487 | steps: 13440 | steps_t: 123636 | t: 155.041082 | r:    90.000000 | e:   0.100000 | Q: 131.225021 | won: True 
#  488 | steps: 13460 | steps_t: 123655 | t: 155.274959 | r:  -508.000000 | e:   0.100000 | Q: 172.931641 | won: False 
#  489 | steps: 13500 | steps_t: 123694 | t: 155.741367 | r:  -528.000000 | e:   0.100000 | Q: 170.712418 | won: False 
#  490 | steps: 13598 | steps_t: 123791 | t: 156.890844 | r:  -586.000000 | e:   0.100000 | Q: 247.688095 | won: False 
#  491 | steps: 13640 | steps_t: 123832 | t: 157.404506 | r:  -530.000000 | e:   0.100000 | Q: 184.176346 | won: False 
#  492 | steps: 13666 | steps_t: 123857 | t: 157.693292 | r:    86.000000 | e:   0.100000 | Q: 172.733307 | won: True 
#  493 | steps: 13688 | steps_t: 123878 | t: 157.956276 | r:  -510.000000 | e:   0.100000 | Q: 192.840256 | won: False 
#  494 | steps: 13710 | steps_t: 123899 | t: 158.199338 | r:    90.000000 | e:   0.100000 | Q: 159.437195 | won: True 
#  495 | steps: 13740 | steps_t: 123928 | t: 158.550339 | r:  -518.000000 | e:   0.100000 | Q: 192.925842 | won: False 
#  496 | steps: 13774 | steps_t: 123961 | t: 158.986117 | r:    78.000000 | e:   0.100000 | Q: 170.282364 | won: True 
#  497 | steps: 13808 | steps_t: 123994 | t: 159.350229 | r:  -522.000000 | e:   0.100000 | Q: 164.581680 | won: False 
#  498 | steps: 13830 | steps_t: 124015 | t: 159.605753 | r:    90.000000 | e:   0.100000 | Q: 114.563286 | won: True 
#  499 | steps: 13864 | steps_t: 124048 | t: 160.026963 | r:    78.000000 | e:   0.100000 | Q: 136.479980 | won: True 
#  500 | steps: 13890 | steps_t: 124073 | t: 160.331494 | r:  -514.000000 | e:   0.100000 | Q: 181.548462 | won: False 
#  501 | steps: 13915 | steps_t: 124097 | t: 160.669031 | r:  -513.000000 | e:   0.100000 | Q: 162.713486 | won: False 
#  502 | steps: 13937 | steps_t: 124118 | t: 160.897077 | r:    90.000000 | e:   0.100000 | Q: 151.222809 | won: True 
#  503 | steps: 13973 | steps_t: 124153 | t: 161.322950 | r:  -524.000000 | e:   0.100000 | Q: 180.902527 | won: False 
#  504 | steps: 13989 | steps_t: 124168 | t: 161.522298 | r:  -515.000000 | e:   0.100000 | Q: 116.848312 | won: False 
#  505 | steps: 14015 | steps_t: 124193 | t: 161.862334 | r:    86.000000 | e:   0.100000 | Q: 159.632507 | won: True 
#  506 | steps: 14033 | steps_t: 124210 | t: 162.050600 | r:  -495.000000 | e:   0.100000 | Q: 131.477844 | won: False 
#  507 | steps: 14054 | steps_t: 124230 | t: 162.304709 | r:    91.000000 | e:   0.100000 | Q: 138.129349 | won: True 
#  508 | steps: 14084 | steps_t: 124259 | t: 162.637068 | r:    82.000000 | e:   0.100000 | Q: 158.930283 | won: True 
#  509 | steps: 14118 | steps_t: 124292 | t: 163.033053 | r:    78.000000 | e:   0.100000 | Q: 273.083374 | won: True 
#  510 | steps: 14187 | steps_t: 124360 | t: 163.890679 | r:  -557.000000 | e:   0.100000 | Q: 160.847717 | won: False 
#  511 | steps: 14209 | steps_t: 124381 | t: 164.143424 | r:    90.000000 | e:   0.100000 | Q: 121.897972 | won: True 
#  512 | steps: 14231 | steps_t: 124402 | t: 164.441304 | r:  -510.000000 | e:   0.100000 | Q: 155.079941 | won: False 
#  513 | steps: 14253 | steps_t: 124423 | t: 164.665890 | r:  -510.000000 | e:   0.100000 | Q: 140.169128 | won: False 
#  514 | steps: 14281 | steps_t: 124450 | t: 164.997662 | r:  -516.000000 | e:   0.100000 | Q: 119.627213 | won: False 
#  515 | steps: 14303 | steps_t: 124471 | t: 165.275249 | r:    90.000000 | e:   0.100000 | Q: 113.305161 | won: True 
#  516 | steps: 14314 | steps_t: 124481 | t: 165.385132 | r:  -510.000000 | e:   0.100000 | Q: 161.894119 | won: False 
#  517 | steps: 14336 | steps_t: 124502 | t: 165.660830 | r:    90.000000 | e:   0.100000 | Q: 111.697716 | won: True 
#  518 | steps: 14364 | steps_t: 124529 | t: 165.960325 | r:  -516.000000 | e:   0.100000 | Q: 129.180893 | won: False 
#  519 | steps: 14375 | steps_t: 124539 | t: 166.082089 | r:  -510.000000 | e:   0.100000 | Q: 100.563568 | won: False 
#  520 | steps: 14402 | steps_t: 124565 | t: 167.044092 | r:  -515.000000 | e:   0.100000 | Q: 112.449211 | won: False 
#  521 | steps: 14423 | steps_t: 124585 | t: 167.806118 | r:  -509.000000 | e:   0.100000 | Q: 173.515182 | won: False 
#  522 | steps: 14457 | steps_t: 124618 | t: 168.342933 | r:    78.000000 | e:   0.100000 | Q: 128.862396 | won: True 
#  523 | steps: 14491 | steps_t: 124651 | t: 168.675658 | r:    78.000000 | e:   0.100000 | Q: 153.145294 | won: True 
#  524 | steps: 14514 | steps_t: 124673 | t: 168.897657 | r:  -511.000000 | e:   0.100000 | Q:  99.143936 | won: False 
#  525 | steps: 14536 | steps_t: 124694 | t: 169.134830 | r:    90.000000 | e:   0.100000 | Q: 127.127335 | won: True 
#  526 | steps: 14566 | steps_t: 124723 | t: 169.462029 | r:    82.000000 | e:   0.100000 | Q: 162.442627 | won: True 
#  527 | steps: 14594 | steps_t: 124750 | t: 169.799651 | r:  -516.000000 | e:   0.100000 | Q: 154.590042 | won: False 
#  528 | steps: 14628 | steps_t: 124783 | t: 170.193866 | r:    78.000000 | e:   0.100000 | Q: 149.111084 | won: True 
#  529 | steps: 14662 | steps_t: 124816 | t: 170.587275 | r:    78.000000 | e:   0.100000 | Q: 131.983353 | won: True 
#  530 | steps: 14694 | steps_t: 124847 | t: 170.984756 | r:  -520.000000 | e:   0.100000 | Q: 207.894424 | won: False 
#  531 | steps: 14739 | steps_t: 124891 | t: 171.484524 | r:    67.000000 | e:   0.100000 | Q: 131.472183 | won: True 
#  532 | steps: 14765 | steps_t: 124916 | t: 171.759599 | r:    86.000000 | e:   0.100000 | Q: 134.421982 | won: True 
#  533 | steps: 14791 | steps_t: 124941 | t: 172.107283 | r:    86.000000 | e:   0.100000 | Q: 120.711311 | won: True 
#  534 | steps: 14812 | steps_t: 124961 | t: 172.299937 | r:    91.000000 | e:   0.100000 | Q: 133.082031 | won: True 
#  535 | steps: 14831 | steps_t: 124979 | t: 172.485041 | r:  -507.000000 | e:   0.100000 | Q: 123.857506 | won: False 
#  536 | steps: 14851 | steps_t: 124998 | t: 172.754573 | r:  -508.000000 | e:   0.100000 | Q: 136.207672 | won: False 
#  537 | steps: 14881 | steps_t: 125027 | t: 173.056425 | r:    82.000000 | e:   0.100000 | Q:  97.001221 | won: True 
#  538 | steps: 14902 | steps_t: 125047 | t: 173.265501 | r:    91.000000 | e:   0.100000 | Q: 107.408844 | won: True 
#  539 | steps: 14932 | steps_t: 125076 | t: 173.610958 | r:    82.000000 | e:   0.100000 | Q: 142.247955 | won: True 
#  540 | steps: 14955 | steps_t: 125098 | t: 173.877804 | r:  -511.000000 | e:   0.100000 | Q: 202.487732 | won: False 
#  541 | steps: 14981 | steps_t: 125123 | t: 174.173367 | r:    86.000000 | e:   0.100000 | Q: 128.801910 | won: True 
#  542 | steps: 14994 | steps_t: 125135 | t: 174.313941 | r:  -512.000000 | e:   0.100000 | Q: 115.990295 | won: False 
#  543 | steps: 15024 | steps_t: 125164 | t: 174.663124 | r:    82.000000 | e:   0.100000 | Q: 125.482864 | won: True 
#  544 | steps: 15058 | steps_t: 125197 | t: 175.067562 | r:    78.000000 | e:   0.100000 | Q: 154.486816 | won: True 
