#    1 | steps:    16 | steps_t:     0 | t: 0.021939 | r:  -515.000000 | e:   1.000000 | Q:        nan | won: False 
#    2 | steps:    27 | steps_t:     0 | t: 0.031912 | r:  -510.000000 | e:   1.000000 | Q:        nan | won: False 
#    3 | steps:    39 | steps_t:     0 | t: 0.036899 | r:  -511.000000 | e:   1.000000 | Q:        nan | won: False 
#    4 | steps:    49 | steps_t:     0 | t: 0.043882 | r:  -509.000000 | e:   1.000000 | Q:        nan | won: False 
#    5 | steps:    60 | steps_t:     0 | t: 0.049893 | r:  -510.000000 | e:   1.000000 | Q:        nan | won: False 
#    6 | steps:    67 | steps_t:     0 | t: 0.055868 | r:  -506.000000 | e:   1.000000 | Q:        nan | won: False 
#    7 | steps:    79 | steps_t:     0 | t: 0.063873 | r:  -511.000000 | e:   1.000000 | Q:        nan | won: False 
#    8 | steps:    87 | steps_t:     0 | t: 0.068832 | r:  -507.000000 | e:   1.000000 | Q:        nan | won: False 
#    9 | steps:    99 | steps_t:     0 | t: 0.074819 | r:  -511.000000 | e:   1.000000 | Q:        nan | won: False 
#   10 | steps:   109 | steps_t:     0 | t: 0.080828 | r:  -509.000000 | e:   1.000000 | Q:        nan | won: False 
#   11 | steps:   120 | steps_t:     0 | t: 0.086786 | r:  -510.000000 | e:   1.000000 | Q:        nan | won: False 
#   12 | steps:   126 | steps_t:     0 | t: 0.090774 | r:  -505.000000 | e:   1.000000 | Q:        nan | won: False 
#   13 | steps:   131 | steps_t:     0 | t: 0.096787 | r:  -504.000000 | e:   1.000000 | Q:        nan | won: False 
#   14 | steps:   138 | steps_t:     0 | t: 0.100747 | r:  -506.000000 | e:   1.000000 | Q:        nan | won: False 
#   15 | steps:   144 | steps_t:     0 | t: 0.104764 | r:  -505.000000 | e:   1.000000 | Q:        nan | won: False 
#   16 | steps:   168 | steps_t:     0 | t: 0.116704 | r:  -523.000000 | e:   1.000000 | Q:        nan | won: False 
#   17 | steps:   190 | steps_t:     0 | t: 0.128738 | r:  -521.000000 | e:   1.000000 | Q:        nan | won: False 
#   18 | steps:   198 | steps_t:     0 | t: 0.132662 | r:  -507.000000 | e:   1.000000 | Q:        nan | won: False 
#   19 | steps:   207 | steps_t:     0 | t: 0.137499 | r:  -508.000000 | e:   1.000000 | Q:        nan | won: False 
#   20 | steps:   216 | steps_t:     0 | t: 0.143482 | r:  -508.000000 | e:   1.000000 | Q:        nan | won: False 
#   21 | steps:   235 | steps_t:     0 | t: 0.153482 | r:  -496.000000 | e:   1.000000 | Q:        nan | won: False 
#   22 | steps:   248 | steps_t:     0 | t: 0.164424 | r:  -512.000000 | e:   1.000000 | Q:        nan | won: False 
#   23 | steps:   262 | steps_t:     0 | t: 0.170436 | r:  -513.000000 | e:   1.000000 | Q:        nan | won: False 
#   24 | steps:   271 | steps_t:     0 | t: 0.175424 | r:  -508.000000 | e:   1.000000 | Q:        nan | won: False 
#   25 | steps:   278 | steps_t:     0 | t: 0.182377 | r:  -506.000000 | e:   1.000000 | Q:        nan | won: False 
#   26 | steps:   287 | steps_t:     0 | t: 0.188387 | r:  -508.000000 | e:   1.000000 | Q:        nan | won: False 
#   27 | steps:   298 | steps_t:     0 | t: 0.196341 | r:  -510.000000 | e:   1.000000 | Q:        nan | won: False 
#   28 | steps:   307 | steps_t:     0 | t: 0.201326 | r:  -508.000000 | e:   1.000000 | Q:        nan | won: False 
#   29 | steps:   318 | steps_t:     0 | t: 0.206340 | r:  -510.000000 | e:   1.000000 | Q:        nan | won: False 
#   30 | steps:   333 | steps_t:     0 | t: 0.215316 | r:  -514.000000 | e:   1.000000 | Q:        nan | won: False 
#   31 | steps:   347 | steps_t:     0 | t: 0.222297 | r:  -513.000000 | e:   1.000000 | Q:        nan | won: False 
#   32 | steps:   356 | steps_t:     0 | t: 0.229253 | r:  -508.000000 | e:   1.000000 | Q:        nan | won: False 
#   33 | steps:   371 | steps_t:     0 | t: 0.236261 | r:  -492.000000 | e:   1.000000 | Q:        nan | won: False 
#   34 | steps:   379 | steps_t:     0 | t: 0.240249 | r:  -507.000000 | e:   1.000000 | Q:        nan | won: False 
#   35 | steps:   390 | steps_t:     0 | t: 0.248228 | r:  -510.000000 | e:   1.000000 | Q:        nan | won: False 
#   36 | steps:   399 | steps_t:     0 | t: 0.253190 | r:  -508.000000 | e:   1.000000 | Q:        nan | won: False 
#   37 | steps:   408 | steps_t:     0 | t: 0.258201 | r:  -508.000000 | e:   1.000000 | Q:        nan | won: False 
#   38 | steps:   420 | steps_t:     0 | t: 0.266180 | r:  -511.000000 | e:   1.000000 | Q:        nan | won: False 
#   39 | steps:   427 | steps_t:     0 | t: 0.270142 | r:  -506.000000 | e:   1.000000 | Q:        nan | won: False 
#   40 | steps:   442 | steps_t:     0 | t: 0.279119 | r:  -514.000000 | e:   1.000000 | Q:        nan | won: False 
#   41 | steps:   455 | steps_t:     0 | t: 0.285102 | r:  -512.000000 | e:   1.000000 | Q:        nan | won: False 
#   42 | steps:   463 | steps_t:     0 | t: 0.290092 | r:  -507.000000 | e:   1.000000 | Q:        nan | won: False 
#   43 | steps:   479 | steps_t:     0 | t: 0.299092 | r:  -515.000000 | e:   1.000000 | Q:        nan | won: False 
#   44 | steps:   490 | steps_t:     0 | t: 0.304078 | r:  -510.000000 | e:   1.000000 | Q:        nan | won: False 
#   45 | steps:   498 | steps_t:     0 | t: 0.310036 | r:  -507.000000 | e:   1.000000 | Q:        nan | won: False 
#   46 | steps:   505 | steps_t:     0 | t: 0.315021 | r:  -506.000000 | e:   1.000000 | Q:        nan | won: False 
#   47 | steps:   520 | steps_t:     0 | t: 0.322002 | r:  -514.000000 | e:   1.000000 | Q:        nan | won: False 
#   48 | steps:   540 | steps_t:     0 | t: 0.333004 | r:  -519.000000 | e:   1.000000 | Q:        nan | won: False 
#   49 | steps:   554 | steps_t:     0 | t: 0.339955 | r:  -513.000000 | e:   1.000000 | Q:        nan | won: False 
#   50 | steps:   568 | steps_t:     0 | t: 0.351925 | r:  -502.000000 | e:   1.000000 | Q:        nan | won: False 
#   51 | steps:   588 | steps_t:     0 | t: 0.361897 | r:  -519.000000 | e:   1.000000 | Q:        nan | won: False 
#   52 | steps:   608 | steps_t:     0 | t: 0.370900 | r:  -519.000000 | e:   1.000000 | Q:        nan | won: False 
#   53 | steps:   615 | steps_t:     0 | t: 0.378853 | r:  -506.000000 | e:   1.000000 | Q:        nan | won: False 
#   54 | steps:   624 | steps_t:     0 | t: 0.385860 | r:  -508.000000 | e:   1.000000 | Q:        nan | won: False 
#   55 | steps:   633 | steps_t:     0 | t: 0.390851 | r:  -508.000000 | e:   1.000000 | Q:        nan | won: False 
#   56 | steps:   640 | steps_t:     0 | t: 0.395806 | r:  -506.000000 | e:   1.000000 | Q:        nan | won: False 
#   57 | steps:   664 | steps_t:     0 | t: 0.406776 | r:  -523.000000 | e:   1.000000 | Q:        nan | won: False 
#   58 | steps:   672 | steps_t:     0 | t: 0.412761 | r:  -507.000000 | e:   1.000000 | Q:        nan | won: False 
#   59 | steps:   682 | steps_t:     0 | t: 0.418746 | r:  -509.000000 | e:   1.000000 | Q:        nan | won: False 
#   60 | steps:   708 | steps_t:     0 | t: 0.432734 | r:  -525.000000 | e:   1.000000 | Q:        nan | won: False 
#   61 | steps:   717 | steps_t:     0 | t: 0.437721 | r:  -508.000000 | e:   1.000000 | Q:        nan | won: False 
#   62 | steps:   729 | steps_t:     0 | t: 0.445674 | r:  -511.000000 | e:   1.000000 | Q:        nan | won: False 
#   63 | steps:   750 | steps_t:     0 | t: 0.454648 | r:  -520.000000 | e:   1.000000 | Q:        nan | won: False 
#   64 | steps:   756 | steps_t:     0 | t: 0.458639 | r:  -505.000000 | e:   1.000000 | Q:        nan | won: False 
#   65 | steps:   771 | steps_t:     0 | t: 0.467615 | r:  -503.000000 | e:   1.000000 | Q:        nan | won: False 
#   66 | steps:   783 | steps_t:     0 | t: 0.473628 | r:  -511.000000 | e:   1.000000 | Q:        nan | won: False 
#   67 | steps:   791 | steps_t:     0 | t: 0.479582 | r:  -507.000000 | e:   1.000000 | Q:        nan | won: False 
#   68 | steps:   799 | steps_t:     0 | t: 0.483572 | r:  -507.000000 | e:   1.000000 | Q:        nan | won: False 
#   69 | steps:   809 | steps_t:     0 | t: 0.488585 | r:  -509.000000 | e:   1.000000 | Q:        nan | won: False 
#   70 | steps:   883 | steps_t:     0 | t: 0.519502 | r:  -562.000000 | e:   1.000000 | Q:        nan | won: False 
#   71 | steps:   891 | steps_t:     0 | t: 0.524492 | r:  -507.000000 | e:   1.000000 | Q:        nan | won: False 
#   72 | steps:   900 | steps_t:     0 | t: 0.531443 | r:  -508.000000 | e:   1.000000 | Q:        nan | won: False 
#   73 | steps:   908 | steps_t:     0 | t: 0.535432 | r:  -507.000000 | e:   1.000000 | Q:        nan | won: False 
#   74 | steps:   917 | steps_t:     0 | t: 0.540446 | r:  -508.000000 | e:   1.000000 | Q:        nan | won: False 
#   75 | steps:   930 | steps_t:     0 | t: 0.549423 | r:  -512.000000 | e:   1.000000 | Q:        nan | won: False 
#   76 | steps:   949 | steps_t:     0 | t: 0.557402 | r:  -518.000000 | e:   1.000000 | Q:        nan | won: False 
#   77 | steps:   967 | steps_t:     0 | t: 0.568371 | r:  -506.000000 | e:   1.000000 | Q:        nan | won: False 
#   78 | steps:   974 | steps_t:     0 | t: 0.572335 | r:  -506.000000 | e:   1.000000 | Q:        nan | won: False 
#   79 | steps:   982 | steps_t:     0 | t: 0.579316 | r:  -507.000000 | e:   1.000000 | Q:        nan | won: False 
#   80 | steps:   990 | steps_t:     0 | t: 0.588293 | r:  -507.000000 | e:   1.000000 | Q:        nan | won: False 
#   81 | steps:   998 | steps_t:     0 | t: 0.597266 | r:  -507.000000 | e:   1.000000 | Q:        nan | won: False 
#   82 | steps:  1007 | steps_t:     0 | t: 0.602254 | r:  -508.000000 | e:   1.000000 | Q:        nan | won: False 
#   83 | steps:  1022 | steps_t:     0 | t: 0.615218 | r:  -514.000000 | e:   1.000000 | Q:        nan | won: False 
#   84 | steps:  1028 | steps_t:     0 | t: 0.620206 | r:  -505.000000 | e:   1.000000 | Q:        nan | won: False 
#   85 | steps:  1035 | steps_t:     0 | t: 0.626190 | r:  -506.000000 | e:   1.000000 | Q:        nan | won: False 
#   86 | steps:  1040 | steps_t:     0 | t: 0.630179 | r:  -504.000000 | e:   1.000000 | Q:        nan | won: False 
#   87 | steps:  1048 | steps_t:     0 | t: 0.662094 | r:  -507.000000 | e:   1.000000 | Q:        nan | won: False 
#   88 | steps:  1058 | steps_t:     0 | t: 0.693012 | r:  -509.000000 | e:   1.000000 | Q:        nan | won: False 
#   89 | steps:  1070 | steps_t:     0 | t: 0.711963 | r:  -511.000000 | e:   1.000000 | Q:        nan | won: False 
#   90 | steps:  1081 | steps_t:     0 | t: 0.717946 | r:  -510.000000 | e:   1.000000 | Q:        nan | won: False 
#   91 | steps:  1098 | steps_t:     0 | t: 0.733903 | r:  -516.000000 | e:   1.000000 | Q:        nan | won: False 
#   92 | steps:  1109 | steps_t:     0 | t: 0.750858 | r:  -510.000000 | e:   1.000000 | Q:        nan | won: False 
#   93 | steps:  1117 | steps_t:     0 | t: 0.756840 | r:  -507.000000 | e:   1.000000 | Q:        nan | won: False 
#   94 | steps:  1128 | steps_t:     0 | t: 0.764820 | r:  -510.000000 | e:   1.000000 | Q:        nan | won: False 
#   95 | steps:  1138 | steps_t:     0 | t: 0.774794 | r:  -509.000000 | e:   1.000000 | Q:        nan | won: False 
#   96 | steps:  1146 | steps_t:     0 | t: 0.782770 | r:  -507.000000 | e:   1.000000 | Q:        nan | won: False 
#   97 | steps:  1160 | steps_t:     0 | t: 0.787757 | r:  -502.000000 | e:   1.000000 | Q:        nan | won: False 
#   98 | steps:  1175 | steps_t:     0 | t: 0.798728 | r:  -503.000000 | e:   1.000000 | Q:        nan | won: False 
#   99 | steps:  1182 | steps_t:     0 | t: 0.802717 | r:  -506.000000 | e:   1.000000 | Q:        nan | won: False 
#  100 | steps:  1189 | steps_t:     0 | t: 0.806706 | r:  -506.000000 | e:   1.000000 | Q:        nan | won: False 
#  101 | steps:  1203 | steps_t:     0 | t: 0.815683 | r:  -513.000000 | e:   1.000000 | Q:        nan | won: False 
#  102 | steps:  1223 | steps_t:     0 | t: 0.825657 | r:  -519.000000 | e:   1.000000 | Q:        nan | won: False 
#  103 | steps:  1246 | steps_t:     0 | t: 0.841613 | r:  -522.000000 | e:   1.000000 | Q:        nan | won: False 
#  104 | steps:  1256 | steps_t:     0 | t: 0.851589 | r:  -509.000000 | e:   1.000000 | Q:        nan | won: False 
#  105 | steps:  1268 | steps_t:     0 | t: 0.857571 | r:  -511.000000 | e:   1.000000 | Q:        nan | won: False 
#  106 | steps:  1277 | steps_t:     0 | t: 0.865549 | r:  -508.000000 | e:   1.000000 | Q:        nan | won: False 
#  107 | steps:  1285 | steps_t:     0 | t: 0.870536 | r:  -507.000000 | e:   1.000000 | Q:        nan | won: False 
#  108 | steps:  1294 | steps_t:     0 | t: 0.874526 | r:  -508.000000 | e:   1.000000 | Q:        nan | won: False 
#  109 | steps:  1302 | steps_t:     0 | t: 0.881507 | r:  -507.000000 | e:   1.000000 | Q:        nan | won: False 
#  110 | steps:  1308 | steps_t:     0 | t: 0.885496 | r:  -505.000000 | e:   1.000000 | Q:        nan | won: False 
#  111 | steps:  1318 | steps_t:     0 | t: 0.890484 | r:  -509.000000 | e:   1.000000 | Q:        nan | won: False 
#  112 | steps:  1328 | steps_t:     0 | t: 0.898463 | r:  -509.000000 | e:   1.000000 | Q:        nan | won: False 
#  113 | steps:  1337 | steps_t:     0 | t: 0.902450 | r:  -508.000000 | e:   1.000000 | Q:        nan | won: False 
#  114 | steps:  1357 | steps_t:     0 | t: 0.913421 | r:  -519.000000 | e:   1.000000 | Q:        nan | won: False 
#  115 | steps:  1367 | steps_t:     0 | t: 0.919406 | r:  -509.000000 | e:   1.000000 | Q:        nan | won: False 
#  116 | steps:  1384 | steps_t:     0 | t: 0.929378 | r:  -516.000000 | e:   1.000000 | Q:        nan | won: False 
#  117 | steps:  1394 | steps_t:     0 | t: 0.934365 | r:  -509.000000 | e:   1.000000 | Q:        nan | won: False 
#  118 | steps:  1402 | steps_t:     0 | t: 0.938354 | r:  -507.000000 | e:   1.000000 | Q:        nan | won: False 
#  119 | steps:  1417 | steps_t:     0 | t: 0.947330 | r:  -503.000000 | e:   1.000000 | Q:        nan | won: False 
#  120 | steps:  1425 | steps_t:     0 | t: 0.952319 | r:  -507.000000 | e:   1.000000 | Q:        nan | won: False 
#  121 | steps:  1436 | steps_t:     0 | t: 0.957303 | r:  -510.000000 | e:   1.000000 | Q:        nan | won: False 
#  122 | steps:  1445 | steps_t:     0 | t: 0.964285 | r:  -508.000000 | e:   1.000000 | Q:        nan | won: False 
#  123 | steps:  1458 | steps_t:     0 | t: 0.970269 | r:  -512.000000 | e:   1.000000 | Q:        nan | won: False 
#  124 | steps:  1467 | steps_t:     0 | t: 0.974258 | r:  -508.000000 | e:   1.000000 | Q:        nan | won: False 
#  125 | steps:  1475 | steps_t:     0 | t: 0.981239 | r:  -507.000000 | e:   1.000000 | Q:        nan | won: False 
#  126 | steps:  1483 | steps_t:     0 | t: 0.985228 | r:  -507.000000 | e:   1.000000 | Q:        nan | won: False 
#  127 | steps:  1494 | steps_t:     0 | t: 0.990215 | r:  -510.000000 | e:   1.000000 | Q:        nan | won: False 
#  128 | steps:  1505 | steps_t:     0 | t: 0.999191 | r:  -510.000000 | e:   1.000000 | Q:        nan | won: False 
#  129 | steps:  1515 | steps_t:     0 | t: 1.004179 | r:  -509.000000 | e:   1.000000 | Q:        nan | won: False 
#  130 | steps:  1523 | steps_t:     0 | t: 1.012157 | r:  -507.000000 | e:   1.000000 | Q:        nan | won: False 
#  131 | steps:  1529 | steps_t:     0 | t: 1.016146 | r:  -505.000000 | e:   1.000000 | Q:        nan | won: False 
#  132 | steps:  1536 | steps_t:     0 | t: 1.019138 | r:  -506.000000 | e:   1.000000 | Q:        nan | won: False 
#  133 | steps:  1546 | steps_t:     0 | t: 1.025123 | r:  -509.000000 | e:   1.000000 | Q:        nan | won: False 
#  134 | steps:  1559 | steps_t:     0 | t: 1.033101 | r:  -512.000000 | e:   1.000000 | Q:        nan | won: False 
#  135 | steps:  1571 | steps_t:     0 | t: 1.038086 | r:  -511.000000 | e:   1.000000 | Q:        nan | won: False 
#  136 | steps:  1578 | steps_t:     0 | t: 1.043075 | r:  -506.000000 | e:   1.000000 | Q:        nan | won: False 
#  137 | steps:  1585 | steps_t:     0 | t: 1.048060 | r:  -506.000000 | e:   1.000000 | Q:        nan | won: False 
#  138 | steps:  1601 | steps_t:     0 | t: 1.055043 | r:  -515.000000 | e:   1.000000 | Q:        nan | won: False 
#  139 | steps:  1609 | steps_t:     0 | t: 1.061029 | r:  -507.000000 | e:   1.000000 | Q:        nan | won: False 
#  140 | steps:  1635 | steps_t:     0 | t: 1.071996 | r:  -525.000000 | e:   1.000000 | Q:        nan | won: False 
#  141 | steps:  1645 | steps_t:     0 | t: 1.079976 | r:  -509.000000 | e:   1.000000 | Q:        nan | won: False 
#  142 | steps:  1655 | steps_t:     0 | t: 1.084962 | r:  -509.000000 | e:   1.000000 | Q:        nan | won: False 
#  143 | steps:  1670 | steps_t:     0 | t: 1.090945 | r:  -514.000000 | e:   1.000000 | Q:        nan | won: False 
#  144 | steps:  1679 | steps_t:     0 | t: 1.097928 | r:  -508.000000 | e:   1.000000 | Q:        nan | won: False 
#  145 | steps:  1690 | steps_t:     0 | t: 1.102914 | r:  -510.000000 | e:   1.000000 | Q:        nan | won: False 
#  146 | steps:  1700 | steps_t:     0 | t: 1.108899 | r:  -509.000000 | e:   1.000000 | Q:        nan | won: False 
#  147 | steps:  1708 | steps_t:     0 | t: 1.115879 | r:  -507.000000 | e:   1.000000 | Q:        nan | won: False 
#  148 | steps:  1718 | steps_t:     0 | t: 1.120866 | r:  -509.000000 | e:   1.000000 | Q:        nan | won: False 
#  149 | steps:  1730 | steps_t:     0 | t: 1.128846 | r:  -511.000000 | e:   1.000000 | Q:        nan | won: False 
#  150 | steps:  1740 | steps_t:     0 | t: 1.133831 | r:  -509.000000 | e:   1.000000 | Q:        nan | won: False 
#  151 | steps:  1750 | steps_t:     0 | t: 1.138818 | r:  -509.000000 | e:   1.000000 | Q:        nan | won: False 
#  152 | steps:  1758 | steps_t:     0 | t: 1.145801 | r:  -507.000000 | e:   1.000000 | Q:        nan | won: False 
#  153 | steps:  1782 | steps_t:     0 | t: 1.155773 | r:  -523.000000 | e:   1.000000 | Q:        nan | won: False 
#  154 | steps:  1790 | steps_t:     0 | t: 1.162755 | r:  -507.000000 | e:   1.000000 | Q:        nan | won: False 
#  155 | steps:  1798 | steps_t:     0 | t: 1.166743 | r:  -507.000000 | e:   1.000000 | Q:        nan | won: False 
#  156 | steps:  1809 | steps_t:     0 | t: 1.172728 | r:  -510.000000 | e:   1.000000 | Q:        nan | won: False 
#  157 | steps:  1822 | steps_t:     0 | t: 1.180706 | r:  -512.000000 | e:   1.000000 | Q:        nan | won: False 
#  158 | steps:  1829 | steps_t:     0 | t: 1.184695 | r:  -506.000000 | e:   1.000000 | Q:        nan | won: False 
#  159 | steps:  1845 | steps_t:     0 | t: 1.190678 | r:  -515.000000 | e:   1.000000 | Q:        nan | won: False 
#  160 | steps:  1854 | steps_t:     0 | t: 1.200653 | r:  -508.000000 | e:   1.000000 | Q:        nan | won: False 
#  161 | steps:  1863 | steps_t:     0 | t: 1.205639 | r:  -508.000000 | e:   1.000000 | Q:        nan | won: False 
#  162 | steps:  1872 | steps_t:     0 | t: 1.212621 | r:  -508.000000 | e:   1.000000 | Q:        nan | won: False 
#  163 | steps:  1879 | steps_t:     0 | t: 1.216610 | r:  -506.000000 | e:   1.000000 | Q:        nan | won: False 
#  164 | steps:  1885 | steps_t:     0 | t: 1.219602 | r:  -505.000000 | e:   1.000000 | Q:        nan | won: False 
#  165 | steps:  1891 | steps_t:     0 | t: 1.222594 | r:  -505.000000 | e:   1.000000 | Q:        nan | won: False 
#  166 | steps:  1900 | steps_t:     0 | t: 1.230573 | r:  -508.000000 | e:   1.000000 | Q:        nan | won: False 
#  167 | steps:  1922 | steps_t:     0 | t: 1.240546 | r:  -521.000000 | e:   1.000000 | Q:        nan | won: False 
#  168 | steps:  1935 | steps_t:     0 | t: 1.249521 | r:  -512.000000 | e:   1.000000 | Q:        nan | won: False 
#  169 | steps:  1945 | steps_t:     0 | t: 1.254510 | r:  -509.000000 | e:   1.000000 | Q:        nan | won: False 
#  170 | steps:  1969 | steps_t:     0 | t: 1.266476 | r:  -523.000000 | e:   1.000000 | Q:        nan | won: False 
#  171 | steps:  1976 | steps_t:     0 | t: 1.270465 | r:  -506.000000 | e:   1.000000 | Q:        nan | won: False 
#  172 | steps:  1984 | steps_t:     0 | t: 1.274456 | r:  -507.000000 | e:   1.000000 | Q:        nan | won: False 
#  173 | steps:  1997 | steps_t:     0 | t: 1.282434 | r:  -512.000000 | e:   1.000000 | Q:        nan | won: False 
#  174 | steps:  2007 | steps_t:     0 | t: 1.287420 | r:  -509.000000 | e:   1.000000 | Q:        nan | won: False 
#  175 | steps:  2018 | steps_t:     0 | t: 1.295400 | r:  -510.000000 | e:   1.000000 | Q:        nan | won: False 
#  176 | steps:  2028 | steps_t:     0 | t: 1.300385 | r:  -509.000000 | e:   1.000000 | Q:        nan | won: False 
#  177 | steps:  2036 | steps_t:     0 | t: 1.304375 | r:  -507.000000 | e:   1.000000 | Q:        nan | won: False 
#  178 | steps:  2044 | steps_t:     0 | t: 1.310359 | r:  -507.000000 | e:   1.000000 | Q:        nan | won: False 
#  179 | steps:  2052 | steps_t:     0 | t: 1.316343 | r:  -507.000000 | e:   1.000000 | Q:        nan | won: False 
#  180 | steps:  2067 | steps_t:     0 | t: 1.323324 | r:  -514.000000 | e:   1.000000 | Q:        nan | won: False 
#  181 | steps:  2074 | steps_t:     0 | t: 1.329310 | r:  -506.000000 | e:   1.000000 | Q:        nan | won: False 
#  182 | steps:  2097 | steps_t:     0 | t: 1.338283 | r:  -522.000000 | e:   1.000000 | Q:        nan | won: False 
#  183 | steps:  2109 | steps_t:     0 | t: 1.345268 | r:  -511.000000 | e:   1.000000 | Q:        nan | won: False 
#  184 | steps:  2121 | steps_t:     0 | t: 1.352248 | r:  -511.000000 | e:   1.000000 | Q:        nan | won: False 
#  185 | steps:  2127 | steps_t:     0 | t: 1.355239 | r:  -505.000000 | e:   1.000000 | Q:        nan | won: False 
#  186 | steps:  2133 | steps_t:     0 | t: 1.361224 | r:  -505.000000 | e:   1.000000 | Q:        nan | won: False 
#  187 | steps:  2146 | steps_t:     0 | t: 1.368206 | r:  -512.000000 | e:   1.000000 | Q:        nan | won: False 
#  188 | steps:  2154 | steps_t:     0 | t: 1.372194 | r:  -507.000000 | e:   1.000000 | Q:        nan | won: False 
#  189 | steps:  2163 | steps_t:     0 | t: 1.379176 | r:  -508.000000 | e:   1.000000 | Q:        nan | won: False 
#  190 | steps:  2171 | steps_t:     0 | t: 1.384163 | r:  -507.000000 | e:   1.000000 | Q:        nan | won: False 
#  191 | steps:  2182 | steps_t:     0 | t: 1.389148 | r:  -510.000000 | e:   1.000000 | Q:        nan | won: False 
#  192 | steps:  2191 | steps_t:     0 | t: 1.396132 | r:  -508.000000 | e:   1.000000 | Q:        nan | won: False 
#  193 | steps:  2200 | steps_t:     0 | t: 1.400118 | r:  -508.000000 | e:   1.000000 | Q:        nan | won: False 
#  194 | steps:  2208 | steps_t:     0 | t: 1.405106 | r:  -507.000000 | e:   1.000000 | Q:        nan | won: False 
#  195 | steps:  2229 | steps_t:     0 | t: 1.415078 | r:  -520.000000 | e:   1.000000 | Q:        nan | won: False 
#  196 | steps:  2242 | steps_t:     0 | t: 1.421062 | r:  -512.000000 | e:   1.000000 | Q:        nan | won: False 
#  197 | steps:  2249 | steps_t:     0 | t: 1.425051 | r:  -506.000000 | e:   1.000000 | Q:        nan | won: False 
#  198 | steps:  2258 | steps_t:     0 | t: 1.432033 | r:  -508.000000 | e:   1.000000 | Q:        nan | won: False 
#  199 | steps:  2266 | steps_t:     0 | t: 1.436024 | r:  -507.000000 | e:   1.000000 | Q:        nan | won: False 
#  200 | steps:  2272 | steps_t:     0 | t: 1.439014 | r:  -505.000000 | e:   1.000000 | Q:        nan | won: False 
#  201 | steps:  2279 | steps_t:     0 | t: 1.444999 | r:  -506.000000 | e:   1.000000 | Q:        nan | won: False 
#  202 | steps:  2286 | steps_t:     0 | t: 1.448987 | r:  -506.000000 | e:   1.000000 | Q:        nan | won: False 
#  203 | steps:  2308 | steps_t:     0 | t: 1.457963 | r:  -521.000000 | e:   1.000000 | Q:        nan | won: False 
#  204 | steps:  2317 | steps_t:     0 | t: 1.464947 | r:  -508.000000 | e:   1.000000 | Q:        nan | won: False 
#  205 | steps:  2329 | steps_t:     0 | t: 1.470930 | r:  -511.000000 | e:   1.000000 | Q:        nan | won: False 
#  206 | steps:  2342 | steps_t:     0 | t: 1.479905 | r:  -512.000000 | e:   1.000000 | Q:        nan | won: False 
#  207 | steps:  2350 | steps_t:     0 | t: 1.483894 | r:  -507.000000 | e:   1.000000 | Q:        nan | won: False 
#  208 | steps:  2375 | steps_t:     0 | t: 1.497859 | r:  -524.000000 | e:   1.000000 | Q:        nan | won: False 
#  209 | steps:  2389 | steps_t:     0 | t: 1.503840 | r:  -513.000000 | e:   1.000000 | Q:        nan | won: False 
#  210 | steps:  2399 | steps_t:     0 | t: 1.509826 | r:  -509.000000 | e:   1.000000 | Q:        nan | won: False 
#  211 | steps:  2410 | steps_t:     0 | t: 1.515808 | r:  -510.000000 | e:   1.000000 | Q:        nan | won: False 
#  212 | steps:  2433 | steps_t:     0 | t: 1.525782 | r:  -522.000000 | e:   1.000000 | Q:        nan | won: False 
#  213 | steps:  2441 | steps_t:     0 | t: 1.531767 | r:  -507.000000 | e:   1.000000 | Q:        nan | won: False 
#  214 | steps:  2452 | steps_t:     0 | t: 1.536754 | r:  -510.000000 | e:   1.000000 | Q:        nan | won: False 
#  215 | steps:  2461 | steps_t:     0 | t: 1.540741 | r:  -508.000000 | e:   1.000000 | Q:        nan | won: False 
#  216 | steps:  2469 | steps_t:     0 | t: 1.547723 | r:  -507.000000 | e:   1.000000 | Q:        nan | won: False 
#  217 | steps:  2478 | steps_t:     0 | t: 1.551713 | r:  -508.000000 | e:   1.000000 | Q:        nan | won: False 
#  218 | steps:  2488 | steps_t:     0 | t: 1.556700 | r:  -509.000000 | e:   1.000000 | Q:        nan | won: False 
#  219 | steps:  2510 | steps_t:     0 | t: 1.568668 | r:  -521.000000 | e:   1.000000 | Q:        nan | won: False 
#  220 | steps:  2527 | steps_t:     0 | t: 1.577644 | r:  -516.000000 | e:   1.000000 | Q:        nan | won: False 
#  221 | steps:  2549 | steps_t:     0 | t: 1.586620 | r:  -521.000000 | e:   1.000000 | Q:        nan | won: False 
#  222 | steps:  2566 | steps_t:     0 | t: 1.597590 | r:  -516.000000 | e:   1.000000 | Q:        nan | won: False 
#  223 | steps:  2573 | steps_t:     0 | t: 1.600582 | r:  -506.000000 | e:   1.000000 | Q:        nan | won: False 
#  224 | steps:  2580 | steps_t:     0 | t: 1.604572 | r:  -506.000000 | e:   1.000000 | Q:        nan | won: False 
#  225 | steps:  2593 | steps_t:     0 | t: 1.613547 | r:  -512.000000 | e:   1.000000 | Q:        nan | won: False 
#  226 | steps:  2607 | steps_t:     0 | t: 1.621526 | r:  -513.000000 | e:   1.000000 | Q:        nan | won: False 
#  227 | steps:  2619 | steps_t:     0 | t: 1.629505 | r:  -511.000000 | e:   1.000000 | Q:        nan | won: False 
#  228 | steps:  2636 | steps_t:     0 | t: 1.637485 | r:  -516.000000 | e:   1.000000 | Q:        nan | won: False 
#  229 | steps:  2651 | steps_t:     0 | t: 1.646461 | r:  -514.000000 | e:   1.000000 | Q:        nan | won: False 
#  230 | steps:  2660 | steps_t:     0 | t: 1.650449 | r:  -508.000000 | e:   1.000000 | Q:        nan | won: False 
#  231 | steps:  2667 | steps_t:     0 | t: 1.655435 | r:  -506.000000 | e:   1.000000 | Q:        nan | won: False 
#  232 | steps:  2675 | steps_t:     0 | t: 1.663415 | r:  -507.000000 | e:   1.000000 | Q:        nan | won: False 
#  233 | steps:  2681 | steps_t:     0 | t: 1.666406 | r:  -505.000000 | e:   1.000000 | Q:        nan | won: False 
#  234 | steps:  2690 | steps_t:     0 | t: 1.671395 | r:  -508.000000 | e:   1.000000 | Q:        nan | won: False 
#  235 | steps:  2701 | steps_t:     0 | t: 1.678376 | r:  -510.000000 | e:   1.000000 | Q:        nan | won: False 
#  236 | steps:  2713 | steps_t:     0 | t: 1.684357 | r:  -511.000000 | e:   1.000000 | Q:        nan | won: False 
#  237 | steps:  2724 | steps_t:     0 | t: 1.689347 | r:  -510.000000 | e:   1.000000 | Q:        nan | won: False 
#  238 | steps:  2731 | steps_t:     0 | t: 1.695331 | r:  -506.000000 | e:   1.000000 | Q:        nan | won: False 
#  239 | steps:  2740 | steps_t:     0 | t: 1.700315 | r:  -508.000000 | e:   1.000000 | Q:        nan | won: False 
#  240 | steps:  2782 | steps_t:     0 | t: 1.734225 | r:  -541.000000 | e:   1.000000 | Q:        nan | won: False 
#  241 | steps:  2788 | steps_t:     0 | t: 1.740210 | r:  -505.000000 | e:   1.000000 | Q:        nan | won: False 
#  242 | steps:  2794 | steps_t:     0 | t: 1.752177 | r:  -505.000000 | e:   1.000000 | Q:        nan | won: False 
#  243 | steps:  2802 | steps_t:     0 | t: 1.756165 | r:  -507.000000 | e:   1.000000 | Q:        nan | won: False 
#  244 | steps:  2821 | steps_t:     0 | t: 1.766139 | r:  -507.000000 | e:   1.000000 | Q:        nan | won: False 
#  245 | steps:  2836 | steps_t:     0 | t: 1.773120 | r:  -514.000000 | e:   1.000000 | Q:        nan | won: False 
#  246 | steps:  2843 | steps_t:     0 | t: 1.779106 | r:  -506.000000 | e:   1.000000 | Q:        nan | won: False 
#  247 | steps:  2852 | steps_t:     0 | t: 1.784092 | r:  -508.000000 | e:   1.000000 | Q:        nan | won: False 
#  248 | steps:  2864 | steps_t:     0 | t: 1.789078 | r:  -511.000000 | e:   1.000000 | Q:        nan | won: False 
#  249 | steps:  2872 | steps_t:     0 | t: 1.796061 | r:  -507.000000 | e:   1.000000 | Q:        nan | won: False 
#  250 | steps:  2877 | steps_t:     0 | t: 1.800049 | r:  -504.000000 | e:   1.000000 | Q:        nan | won: False 
#  251 | steps:  2915 | steps_t:     0 | t: 1.816006 | r:  -526.000000 | e:   1.000000 | Q:        nan | won: False 
#  252 | steps:  2926 | steps_t:     0 | t: 1.820992 | r:  -510.000000 | e:   1.000000 | Q:        nan | won: False 
#  253 | steps:  2936 | steps_t:     0 | t: 1.828973 | r:  -509.000000 | e:   1.000000 | Q:        nan | won: False 
#  254 | steps:  2944 | steps_t:     0 | t: 1.832961 | r:  -507.000000 | e:   1.000000 | Q:        nan | won: False 
#  255 | steps:  2954 | steps_t:     0 | t: 1.838945 | r:  -509.000000 | e:   1.000000 | Q:        nan | won: False 
#  256 | steps:  2973 | steps_t:     0 | t: 1.849915 | r:  -518.000000 | e:   1.000000 | Q:        nan | won: False 
#  257 | steps:  2982 | steps_t:     0 | t: 1.853906 | r:  -508.000000 | e:   1.000000 | Q:        nan | won: False 
#  258 | steps:  2991 | steps_t:     0 | t: 1.858891 | r:  -508.000000 | e:   1.000000 | Q:        nan | won: False 
#  259 | steps:  3008 | steps_t:     0 | t: 1.868866 | r:  -516.000000 | e:   1.000000 | Q:        nan | won: False 
#  260 | steps:  3019 | steps_t:     0 | t: 1.873851 | r:  -510.000000 | e:   1.000000 | Q:        nan | won: False 
#  261 | steps:  3027 | steps_t:     0 | t: 1.879835 | r:  -507.000000 | e:   1.000000 | Q:        nan | won: False 
#  262 | steps:  3037 | steps_t:     0 | t: 1.884822 | r:  -509.000000 | e:   1.000000 | Q:        nan | won: False 
#  263 | steps:  3044 | steps_t:     0 | t: 1.888811 | r:  -506.000000 | e:   1.000000 | Q:        nan | won: False 
#  264 | steps:  3053 | steps_t:     0 | t: 1.894797 | r:  -508.000000 | e:   1.000000 | Q:        nan | won: False 
#  265 | steps:  3063 | steps_t:     0 | t: 1.900779 | r:  -509.000000 | e:   1.000000 | Q:        nan | won: False 
#  266 | steps:  3073 | steps_t:     0 | t: 1.906763 | r:  -509.000000 | e:   1.000000 | Q:        nan | won: False 
#  267 | steps:  3082 | steps_t:     0 | t: 1.913745 | r:  -508.000000 | e:   1.000000 | Q:        nan | won: False 
#  268 | steps:  3090 | steps_t:     0 | t: 1.917735 | r:  -507.000000 | e:   1.000000 | Q:        nan | won: False 
#  269 | steps:  3097 | steps_t:     0 | t: 1.922721 | r:  -506.000000 | e:   1.000000 | Q:        nan | won: False 
#  270 | steps:  3106 | steps_t:     0 | t: 1.951644 | r:  -508.000000 | e:   1.000000 | Q:        nan | won: False 
#  271 | steps:  3116 | steps_t:     0 | t: 1.968598 | r:  -509.000000 | e:   1.000000 | Q:        nan | won: False 
#  272 | steps:  3136 | steps_t:     0 | t: 2.009488 | r:  -519.000000 | e:   1.000000 | Q:        nan | won: False 
#  273 | steps:  3153 | steps_t:     0 | t: 2.017467 | r:  -516.000000 | e:   1.000000 | Q:        nan | won: False 
#  274 | steps:  3165 | steps_t:     0 | t: 2.023450 | r:  -511.000000 | e:   1.000000 | Q:        nan | won: False 
#  275 | steps:  3184 | steps_t:     0 | t: 2.033424 | r:  -518.000000 | e:   1.000000 | Q:        nan | won: False 
#  276 | steps:  3190 | steps_t:     0 | t: 2.037414 | r:  -505.000000 | e:   1.000000 | Q:        nan | won: False 
#  277 | steps:  3206 | steps_t:     0 | t: 2.047389 | r:  -515.000000 | e:   1.000000 | Q:        nan | won: False 
#  278 | steps:  3217 | steps_t:     0 | t: 2.051375 | r:  -510.000000 | e:   1.000000 | Q:        nan | won: False 
#  279 | steps:  3232 | steps_t:     0 | t: 2.058357 | r:  -514.000000 | e:   1.000000 | Q:        nan | won: False 
#  280 | steps:  3238 | steps_t:     0 | t: 2.064342 | r:  -505.000000 | e:   1.000000 | Q:        nan | won: False 
#  281 | steps:  3262 | steps_t:     0 | t: 2.073318 | r:  -523.000000 | e:   1.000000 | Q:        nan | won: False 
#  282 | steps:  3276 | steps_t:     0 | t: 2.082294 | r:  -513.000000 | e:   1.000000 | Q:        nan | won: False 
#  283 | steps:  3286 | steps_t:     0 | t: 2.087279 | r:  -509.000000 | e:   1.000000 | Q:        nan | won: False 
#  284 | steps:  3298 | steps_t:     0 | t: 2.096257 | r:  -511.000000 | e:   1.000000 | Q:        nan | won: False 
#  285 | steps:  3307 | steps_t:     0 | t: 2.100245 | r:  -508.000000 | e:   1.000000 | Q:        nan | won: False 
#  286 | steps:  3317 | steps_t:     0 | t: 2.105233 | r:  -509.000000 | e:   1.000000 | Q:        nan | won: False 
#  287 | steps:  3325 | steps_t:     0 | t: 2.110221 | r:  -507.000000 | e:   1.000000 | Q:        nan | won: False 
#  288 | steps:  3336 | steps_t:     0 | t: 2.117200 | r:  -510.000000 | e:   1.000000 | Q:        nan | won: False 
#  289 | steps:  3348 | steps_t:     0 | t: 2.123184 | r:  -511.000000 | e:   1.000000 | Q:        nan | won: False 
#  290 | steps:  3356 | steps_t:     0 | t: 2.130165 | r:  -507.000000 | e:   1.000000 | Q:        nan | won: False 
#  291 | steps:  3363 | steps_t:     0 | t: 2.133158 | r:  -506.000000 | e:   1.000000 | Q:        nan | won: False 
#  292 | steps:  3374 | steps_t:     0 | t: 2.139141 | r:  -510.000000 | e:   1.000000 | Q:        nan | won: False 
#  293 | steps:  3385 | steps_t:     0 | t: 2.146123 | r:  -510.000000 | e:   1.000000 | Q:        nan | won: False 
#  294 | steps:  3392 | steps_t:     0 | t: 2.150112 | r:  -506.000000 | e:   1.000000 | Q:        nan | won: False 
#  295 | steps:  3400 | steps_t:     0 | t: 2.154101 | r:  -507.000000 | e:   1.000000 | Q:        nan | won: False 
#  296 | steps:  3409 | steps_t:     0 | t: 2.159087 | r:  -508.000000 | e:   1.000000 | Q:        nan | won: False 
#  297 | steps:  3416 | steps_t:     0 | t: 2.166070 | r:  -506.000000 | e:   1.000000 | Q:        nan | won: False 
#  298 | steps:  3422 | steps_t:     0 | t: 2.169060 | r:  -505.000000 | e:   1.000000 | Q:        nan | won: False 
#  299 | steps:  3430 | steps_t:     0 | t: 2.174049 | r:  -507.000000 | e:   1.000000 | Q:        nan | won: False 
#  300 | steps:  3440 | steps_t:     0 | t: 2.181031 | r:  -509.000000 | e:   1.000000 | Q:        nan | won: False 
#  301 | steps:  3446 | steps_t:     0 | t: 2.184021 | r:  -505.000000 | e:   1.000000 | Q:        nan | won: False 
#  302 | steps:  3456 | steps_t:     0 | t: 2.189008 | r:  -509.000000 | e:   1.000000 | Q:        nan | won: False 
#  303 | steps:  3464 | steps_t:     0 | t: 2.194993 | r:  -507.000000 | e:   1.000000 | Q:        nan | won: False 
#  304 | steps:  3472 | steps_t:     0 | t: 2.199980 | r:  -507.000000 | e:   1.000000 | Q:        nan | won: False 
#  305 | steps:  3477 | steps_t:     0 | t: 2.202971 | r:  -504.000000 | e:   1.000000 | Q:        nan | won: False 
#  306 | steps:  3489 | steps_t:     0 | t: 2.207957 | r:  -511.000000 | e:   1.000000 | Q:        nan | won: False 
#  307 | steps:  3502 | steps_t:     0 | t: 2.215936 | r:  -512.000000 | e:   1.000000 | Q:        nan | won: False 
#  308 | steps:  3511 | steps_t:     0 | t: 2.220922 | r:  -508.000000 | e:   1.000000 | Q:        nan | won: False 
#  309 | steps:  3519 | steps_t:     0 | t: 2.224912 | r:  -507.000000 | e:   1.000000 | Q:        nan | won: False 
#  310 | steps:  3530 | steps_t:     0 | t: 2.231893 | r:  -510.000000 | e:   1.000000 | Q:        nan | won: False 
#  311 | steps:  3539 | steps_t:     0 | t: 2.236879 | r:  -508.000000 | e:   1.000000 | Q:        nan | won: False 
#  312 | steps:  3547 | steps_t:     0 | t: 2.240871 | r:  -507.000000 | e:   1.000000 | Q:        nan | won: False 
#  313 | steps:  3552 | steps_t:     0 | t: 2.246854 | r:  -504.000000 | e:   1.000000 | Q:        nan | won: False 
#  314 | steps:  3575 | steps_t:     0 | t: 2.255829 | r:  -522.000000 | e:   1.000000 | Q:        nan | won: False 
#  315 | steps:  3583 | steps_t:     0 | t: 2.262811 | r:  -507.000000 | e:   1.000000 | Q:        nan | won: False 
#  316 | steps:  3598 | steps_t:     0 | t: 2.269793 | r:  -514.000000 | e:   1.000000 | Q:        nan | won: False 
#  317 | steps:  3607 | steps_t:     0 | t: 2.273780 | r:  -508.000000 | e:   1.000000 | Q:        nan | won: False 
#  318 | steps:  3616 | steps_t:     0 | t: 2.280763 | r:  -508.000000 | e:   1.000000 | Q:        nan | won: False 
#  319 | steps:  3623 | steps_t:     0 | t: 2.284752 | r:  -506.000000 | e:   1.000000 | Q:        nan | won: False 
#  320 | steps:  3639 | steps_t:     0 | t: 2.291734 | r:  -515.000000 | e:   1.000000 | Q:        nan | won: False 
#  321 | steps:  3649 | steps_t:     0 | t: 2.298717 | r:  -509.000000 | e:   1.000000 | Q:        nan | won: False 
#  322 | steps:  3659 | steps_t:     0 | t: 2.303703 | r:  -509.000000 | e:   1.000000 | Q:        nan | won: False 
#  323 | steps:  3672 | steps_t:     0 | t: 2.312680 | r:  -512.000000 | e:   1.000000 | Q:        nan | won: False 
#  324 | steps:  3678 | steps_t:     0 | t: 2.316669 | r:  -505.000000 | e:   1.000000 | Q:        nan | won: False 
#  325 | steps:  3687 | steps_t:     0 | t: 2.320657 | r:  -508.000000 | e:   1.000000 | Q:        nan | won: False 
#  326 | steps:  3697 | steps_t:     0 | t: 2.326642 | r:  -509.000000 | e:   1.000000 | Q:        nan | won: False 
#  327 | steps:  3704 | steps_t:     0 | t: 2.332624 | r:  -506.000000 | e:   1.000000 | Q:        nan | won: False 
#  328 | steps:  3715 | steps_t:     0 | t: 2.338609 | r:  -510.000000 | e:   1.000000 | Q:        nan | won: False 
#  329 | steps:  3721 | steps_t:     0 | t: 2.341600 | r:  -505.000000 | e:   1.000000 | Q:        nan | won: False 
#  330 | steps:  3730 | steps_t:     0 | t: 2.348582 | r:  -508.000000 | e:   1.000000 | Q:        nan | won: False 
#  331 | steps:  3738 | steps_t:     0 | t: 2.352573 | r:  -507.000000 | e:   1.000000 | Q:        nan | won: False 
#  332 | steps:  3750 | steps_t:     0 | t: 2.357557 | r:  -511.000000 | e:   1.000000 | Q:        nan | won: False 
#  333 | steps:  3757 | steps_t:     0 | t: 2.363543 | r:  -506.000000 | e:   1.000000 | Q:        nan | won: False 
#  334 | steps:  3766 | steps_t:     0 | t: 2.368531 | r:  -508.000000 | e:   1.000000 | Q:        nan | won: False 
#  335 | steps:  3776 | steps_t:     0 | t: 2.375510 | r:  -509.000000 | e:   1.000000 | Q:        nan | won: False 
#  336 | steps:  3798 | steps_t:     0 | t: 2.387477 | r:  -521.000000 | e:   1.000000 | Q:        nan | won: False 
#  337 | steps:  3811 | steps_t:     0 | t: 2.395459 | r:  -512.000000 | e:   1.000000 | Q:        nan | won: False 
#  338 | steps:  3818 | steps_t:     0 | t: 2.399445 | r:  -506.000000 | e:   1.000000 | Q:        nan | won: False 
#  339 | steps:  3825 | steps_t:     0 | t: 2.403435 | r:  -506.000000 | e:   1.000000 | Q:        nan | won: False 
#  340 | steps:  3835 | steps_t:     0 | t: 2.408420 | r:  -509.000000 | e:   1.000000 | Q:        nan | won: False 
#  341 | steps:  3854 | steps_t:     0 | t: 2.418394 | r:  -518.000000 | e:   1.000000 | Q:        nan | won: False 
#  342 | steps:  3868 | steps_t:     0 | t: 2.426374 | r:  -513.000000 | e:   1.000000 | Q:        nan | won: False 
#  343 | steps:  3880 | steps_t:     0 | t: 2.433355 | r:  -511.000000 | e:   1.000000 | Q:        nan | won: False 
#  344 | steps:  3891 | steps_t:     0 | t: 2.438342 | r:  -510.000000 | e:   1.000000 | Q:        nan | won: False 
#  345 | steps:  3898 | steps_t:     0 | t: 2.443329 | r:  -506.000000 | e:   1.000000 | Q:        nan | won: False 
#  346 | steps:  3910 | steps_t:     0 | t: 2.451308 | r:  -511.000000 | e:   1.000000 | Q:        nan | won: False 
#  347 | steps:  3924 | steps_t:     0 | t: 2.457291 | r:  -513.000000 | e:   1.000000 | Q:        nan | won: False 
#  348 | steps:  3935 | steps_t:     0 | t: 2.465270 | r:  -510.000000 | e:   1.000000 | Q:        nan | won: False 
#  349 | steps:  3944 | steps_t:     0 | t: 2.470258 | r:  -508.000000 | e:   1.000000 | Q:        nan | won: False 
#  350 | steps:  3955 | steps_t:     0 | t: 2.475243 | r:  -510.000000 | e:   1.000000 | Q:        nan | won: False 
#  351 | steps:  3964 | steps_t:     0 | t: 2.481227 | r:  -508.000000 | e:   1.000000 | Q:        nan | won: False 
#  352 | steps:  3976 | steps_t:     0 | t: 2.487209 | r:  -511.000000 | e:   1.000000 | Q:        nan | won: False 
#  353 | steps:  3984 | steps_t:     0 | t: 2.491200 | r:  -507.000000 | e:   1.000000 | Q:        nan | won: False 
#  354 | steps:  3994 | steps_t:     0 | t: 2.498181 | r:  -509.000000 | e:   1.000000 | Q:        nan | won: False 
#  355 | steps:  4001 | steps_t:     0 | t: 2.502169 | r:  -506.000000 | e:   1.000000 | Q:        nan | won: False 
#  356 | steps:  4010 | steps_t:     0 | t: 2.509151 | r:  -508.000000 | e:   1.000000 | Q:        nan | won: False 
#  357 | steps:  4020 | steps_t:     0 | t: 2.517131 | r:  -509.000000 | e:   1.000000 | Q:        nan | won: False 
#  358 | steps:  4032 | steps_t:     0 | t: 2.522116 | r:  -511.000000 | e:   1.000000 | Q:        nan | won: False 
#  359 | steps:  4042 | steps_t:     0 | t: 2.529099 | r:  -509.000000 | e:   1.000000 | Q:        nan | won: False 
#  360 | steps:  4052 | steps_t:     0 | t: 2.535084 | r:  -509.000000 | e:   1.000000 | Q:        nan | won: False 
#  361 | steps:  4062 | steps_t:     0 | t: 2.540070 | r:  -509.000000 | e:   1.000000 | Q:        nan | won: False 
#  362 | steps:  4071 | steps_t:     0 | t: 2.547050 | r:  -508.000000 | e:   1.000000 | Q:        nan | won: False 
#  363 | steps:  4091 | steps_t:     0 | t: 2.556027 | r:  -519.000000 | e:   1.000000 | Q:        nan | won: False 
#  364 | steps:  4099 | steps_t:     0 | t: 2.563007 | r:  -507.000000 | e:   1.000000 | Q:        nan | won: False 
#  365 | steps:  4106 | steps_t:     0 | t: 2.566996 | r:  -506.000000 | e:   1.000000 | Q:        nan | won: False 
#  366 | steps:  4115 | steps_t:     0 | t: 2.571982 | r:  -508.000000 | e:   1.000000 | Q:        nan | won: False 
#  367 | steps:  4125 | steps_t:     0 | t: 2.577971 | r:  -509.000000 | e:   1.000000 | Q:        nan | won: False 
#  368 | steps:  4134 | steps_t:     0 | t: 2.583951 | r:  -508.000000 | e:   1.000000 | Q:        nan | won: False 
#  369 | steps:  4143 | steps_t:     0 | t: 2.589936 | r:  -508.000000 | e:   1.000000 | Q:        nan | won: False 
#  370 | steps:  4153 | steps_t:     0 | t: 2.597915 | r:  -509.000000 | e:   1.000000 | Q:        nan | won: False 
#  371 | steps:  4161 | steps_t:     0 | t: 2.600905 | r:  -507.000000 | e:   1.000000 | Q:        nan | won: False 
#  372 | steps:  4169 | steps_t:     0 | t: 2.605893 | r:  -507.000000 | e:   1.000000 | Q:        nan | won: False 
#  373 | steps:  4175 | steps_t:     0 | t: 2.610881 | r:  -505.000000 | e:   1.000000 | Q:        nan | won: False 
#  374 | steps:  4183 | steps_t:     0 | t: 2.616863 | r:  -507.000000 | e:   1.000000 | Q:        nan | won: False 
#  375 | steps:  4194 | steps_t:     0 | t: 2.622850 | r:  -510.000000 | e:   1.000000 | Q:        nan | won: False 
#  376 | steps:  4203 | steps_t:     0 | t: 2.629829 | r:  -508.000000 | e:   1.000000 | Q:        nan | won: False 
#  377 | steps:  4210 | steps_t:     0 | t: 2.633818 | r:  -506.000000 | e:   1.000000 | Q:        nan | won: False 
#  378 | steps:  4218 | steps_t:     0 | t: 2.638803 | r:  -507.000000 | e:   1.000000 | Q:        nan | won: False 
#  379 | steps:  4228 | steps_t:     0 | t: 2.645785 | r:  -509.000000 | e:   1.000000 | Q:        nan | won: False 
#  380 | steps:  4233 | steps_t:     0 | t: 2.648777 | r:  -504.000000 | e:   1.000000 | Q:        nan | won: False 
#  381 | steps:  4242 | steps_t:     0 | t: 2.652768 | r:  -508.000000 | e:   1.000000 | Q:        nan | won: False 
#  382 | steps:  4253 | steps_t:     0 | t: 2.658752 | r:  -510.000000 | e:   1.000000 | Q:        nan | won: False 
#  383 | steps:  4261 | steps_t:     0 | t: 2.664736 | r:  -507.000000 | e:   1.000000 | Q:        nan | won: False 
#  384 | steps:  4277 | steps_t:     0 | t: 2.671719 | r:  -515.000000 | e:   1.000000 | Q:        nan | won: False 
#  385 | steps:  4286 | steps_t:     0 | t: 2.676707 | r:  -508.000000 | e:   1.000000 | Q:        nan | won: False 
#  386 | steps:  4294 | steps_t:     0 | t: 2.681689 | r:  -507.000000 | e:   1.000000 | Q:        nan | won: False 
#  387 | steps:  4301 | steps_t:     0 | t: 2.685680 | r:  -506.000000 | e:   1.000000 | Q:        nan | won: False 
#  388 | steps:  4314 | steps_t:     0 | t: 2.691664 | r:  -512.000000 | e:   1.000000 | Q:        nan | won: False 
#  389 | steps:  4324 | steps_t:     0 | t: 2.698644 | r:  -509.000000 | e:   1.000000 | Q:        nan | won: False 
#  390 | steps:  4344 | steps_t:     0 | t: 2.707621 | r:  -519.000000 | e:   1.000000 | Q:        nan | won: False 
#  391 | steps:  4355 | steps_t:     0 | t: 2.715600 | r:  -510.000000 | e:   1.000000 | Q:        nan | won: False 
#  392 | steps:  4366 | steps_t:     0 | t: 2.720585 | r:  -510.000000 | e:   1.000000 | Q:        nan | won: False 
#  393 | steps:  4386 | steps_t:     0 | t: 2.730559 | r:  -519.000000 | e:   1.000000 | Q:        nan | won: False 
#  394 | steps:  4396 | steps_t:     0 | t: 2.735547 | r:  -509.000000 | e:   1.000000 | Q:        nan | won: False 
#  395 | steps:  4406 | steps_t:     0 | t: 2.740532 | r:  -509.000000 | e:   1.000000 | Q:        nan | won: False 
#  396 | steps:  4430 | steps_t:     0 | t: 2.752500 | r:  -523.000000 | e:   1.000000 | Q:        nan | won: False 
#  397 | steps:  4439 | steps_t:     0 | t: 2.757488 | r:  -508.000000 | e:   1.000000 | Q:        nan | won: False 
#  398 | steps:  4447 | steps_t:     0 | t: 2.763471 | r:  -507.000000 | e:   1.000000 | Q:        nan | won: False 
#  399 | steps:  4472 | steps_t:     0 | t: 2.774441 | r:  -524.000000 | e:   1.000000 | Q:        nan | won: False 
#  400 | steps:  4494 | steps_t:     0 | t: 2.786410 | r:  -521.000000 | e:   1.000000 | Q:        nan | won: False 
#  401 | steps:  4500 | steps_t:     0 | t: 2.789401 | r:  -505.000000 | e:   1.000000 | Q:        nan | won: False 
#  402 | steps:  4510 | steps_t:     0 | t: 2.797380 | r:  -509.000000 | e:   1.000000 | Q:        nan | won: False 
#  403 | steps:  4518 | steps_t:     0 | t: 2.801370 | r:  -507.000000 | e:   1.000000 | Q:        nan | won: False 
#  404 | steps:  4527 | steps_t:     0 | t: 2.805358 | r:  -508.000000 | e:   1.000000 | Q:        nan | won: False 
#  405 | steps:  4536 | steps_t:     0 | t: 2.813339 | r:  -508.000000 | e:   1.000000 | Q:        nan | won: False 
#  406 | steps:  4545 | steps_t:     0 | t: 2.817326 | r:  -508.000000 | e:   1.000000 | Q:        nan | won: False 
#  407 | steps:  4560 | steps_t:     0 | t: 2.825307 | r:  -514.000000 | e:   1.000000 | Q:        nan | won: False 
#  408 | steps:  4571 | steps_t:     0 | t: 2.835279 | r:  -510.000000 | e:   1.000000 | Q:        nan | won: False 
#  409 | steps:  4579 | steps_t:     0 | t: 2.839269 | r:  -507.000000 | e:   1.000000 | Q:        nan | won: False 
#  410 | steps:  4591 | steps_t:     0 | t: 2.847248 | r:  -511.000000 | e:   1.000000 | Q:        nan | won: False 
#  411 | steps:  4598 | steps_t:     0 | t: 2.851237 | r:  -506.000000 | e:   1.000000 | Q:        nan | won: False 
#  412 | steps:  4607 | steps_t:     0 | t: 2.855225 | r:  -508.000000 | e:   1.000000 | Q:        nan | won: False 
#  413 | steps:  4616 | steps_t:     0 | t: 2.862207 | r:  -508.000000 | e:   1.000000 | Q:        nan | won: False 
#  414 | steps:  4625 | steps_t:     0 | t: 2.867193 | r:  -508.000000 | e:   1.000000 | Q:        nan | won: False 
#  415 | steps:  4647 | steps_t:     0 | t: 2.879163 | r:  -521.000000 | e:   1.000000 | Q:        nan | won: False 
#  416 | steps:  4654 | steps_t:     0 | t: 2.883152 | r:  -506.000000 | e:   1.000000 | Q:        nan | won: False 
#  417 | steps:  4661 | steps_t:     0 | t: 2.886143 | r:  -506.000000 | e:   1.000000 | Q:        nan | won: False 
#  418 | steps:  4672 | steps_t:     0 | t: 2.892128 | r:  -510.000000 | e:   1.000000 | Q:        nan | won: False 
#  419 | steps:  4682 | steps_t:     0 | t: 2.898110 | r:  -509.000000 | e:   1.000000 | Q:        nan | won: False 
#  420 | steps:  4693 | steps_t:     0 | t: 2.904096 | r:  -510.000000 | e:   1.000000 | Q:        nan | won: False 
#  421 | steps:  4716 | steps_t:     0 | t: 2.916062 | r:  -522.000000 | e:   1.000000 | Q:        nan | won: False 
#  422 | steps:  4729 | steps_t:     0 | t: 2.923043 | r:  -512.000000 | e:   1.000000 | Q:        nan | won: False 
#  423 | steps:  4736 | steps_t:     0 | t: 2.929028 | r:  -506.000000 | e:   1.000000 | Q:        nan | won: False 
#  424 | steps:  4747 | steps_t:     0 | t: 2.934014 | r:  -510.000000 | e:   1.000000 | Q:        nan | won: False 
#  425 | steps:  4754 | steps_t:     0 | t: 2.938005 | r:  -506.000000 | e:   1.000000 | Q:        nan | won: False 
#  426 | steps:  4767 | steps_t:     0 | t: 2.946980 | r:  -512.000000 | e:   1.000000 | Q:        nan | won: False 
#  427 | steps:  4773 | steps_t:     0 | t: 2.949971 | r:  -505.000000 | e:   1.000000 | Q:        nan | won: False 
#  428 | steps:  4781 | steps_t:     0 | t: 2.954960 | r:  -507.000000 | e:   1.000000 | Q:        nan | won: False 
#  429 | steps:  4791 | steps_t:     0 | t: 2.959946 | r:  -509.000000 | e:   1.000000 | Q:        nan | won: False 
#  430 | steps:  4801 | steps_t:     0 | t: 2.966927 | r:  -509.000000 | e:   1.000000 | Q:        nan | won: False 
#  431 | steps:  4817 | steps_t:     0 | t: 2.973908 | r:  -504.000000 | e:   1.000000 | Q:        nan | won: False 
#  432 | steps:  4830 | steps_t:     0 | t: 2.981888 | r:  -512.000000 | e:   1.000000 | Q:        nan | won: False 
#  433 | steps:  4853 | steps_t:     0 | t: 2.991859 | r:  -522.000000 | e:   1.000000 | Q:        nan | won: False 
#  434 | steps:  4861 | steps_t:     0 | t: 2.997844 | r:  -507.000000 | e:   1.000000 | Q:        nan | won: False 
#  435 | steps:  4868 | steps_t:     0 | t: 3.001833 | r:  -506.000000 | e:   1.000000 | Q:        nan | won: False 
#  436 | steps:  4875 | steps_t:     0 | t: 3.004825 | r:  -506.000000 | e:   1.000000 | Q:        nan | won: False 
#  437 | steps:  4885 | steps_t:     0 | t: 3.013802 | r:  -509.000000 | e:   1.000000 | Q:        nan | won: False 
#  438 | steps:  4894 | steps_t:     0 | t: 3.017793 | r:  -508.000000 | e:   1.000000 | Q:        nan | won: False 
#  439 | steps:  4901 | steps_t:     0 | t: 3.021781 | r:  -506.000000 | e:   1.000000 | Q:        nan | won: False 
#  440 | steps:  4907 | steps_t:     0 | t: 3.024771 | r:  -505.000000 | e:   1.000000 | Q:        nan | won: False 
#  441 | steps:  4921 | steps_t:     0 | t: 3.033748 | r:  -513.000000 | e:   1.000000 | Q:        nan | won: False 
#  442 | steps:  4934 | steps_t:     0 | t: 3.039732 | r:  -512.000000 | e:   1.000000 | Q:        nan | won: False 
#  443 | steps:  4942 | steps_t:     0 | t: 3.045716 | r:  -507.000000 | e:   1.000000 | Q:        nan | won: False 
#  444 | steps:  4957 | steps_t:     0 | t: 3.052697 | r:  -514.000000 | e:   1.000000 | Q:        nan | won: False 
#  445 | steps:  4967 | steps_t:     0 | t: 3.106554 | r:  -509.000000 | e:   1.000000 | Q:        nan | won: False 
#  446 | steps:  4986 | steps_t:     0 | t: 3.133481 | r:  -518.000000 | e:   1.000000 | Q:        nan | won: False 
#  447 | steps:  4996 | steps_t:     0 | t: 3.137470 | r:  -509.000000 | e:   1.000000 | Q:        nan | won: False 
#  448 | steps:  5006 | steps_t:     4 | t: 3.290063 | r:  -509.000000 | e:   0.999600 | Q:        nan | won: False 
#  449 | steps:  5018 | steps_t:    15 | t: 3.383812 | r:  -511.000000 | e:   0.998500 | Q:        nan | won: False 
#  450 | steps:  5038 | steps_t:    34 | t: 3.542386 | r:  -519.000000 | e:   0.996600 | Q:        nan | won: False 
#  451 | steps:  5047 | steps_t:    42 | t: 3.614196 | r:  -508.000000 | e:   0.995800 | Q:        nan | won: False 
#  452 | steps:  5059 | steps_t:    53 | t: 3.706947 | r:  -511.000000 | e:   0.994700 | Q:        nan | won: False 
#  453 | steps:  5069 | steps_t:    62 | t: 3.781747 | r:  -509.000000 | e:   0.993800 | Q:        nan | won: False 
#  454 | steps:  5095 | steps_t:    87 | t: 3.980215 | r:  -525.000000 | e:   0.991300 | Q: -17.167637 | won: False 
#  455 | steps:  5101 | steps_t:    92 | t: 4.025097 | r:  -505.000000 | e:   0.990800 | Q:        nan | won: False 
