#    1 | steps:    12 | steps_t:     0 | t: 0.021971 | r:  -511.000000 | e:   1.000000 | Q:        nan | won: False 
#    2 | steps:    19 | steps_t:     0 | t: 0.029920 | r:  -506.000000 | e:   1.000000 | Q:        nan | won: False 
#    3 | steps:    28 | steps_t:     0 | t: 0.035904 | r:  -508.000000 | e:   1.000000 | Q:        nan | won: False 
#    4 | steps:    37 | steps_t:     0 | t: 0.044881 | r:  -508.000000 | e:   1.000000 | Q:        nan | won: False 
#    5 | steps:    47 | steps_t:     0 | t: 0.051889 | r:  -509.000000 | e:   1.000000 | Q:        nan | won: False 
#    6 | steps:    58 | steps_t:     0 | t: 0.061835 | r:  -510.000000 | e:   1.000000 | Q:        nan | won: False 
#    7 | steps:    68 | steps_t:     0 | t: 0.069814 | r:  -509.000000 | e:   1.000000 | Q:        nan | won: False 
#    8 | steps:    74 | steps_t:     0 | t: 0.074803 | r:  -505.000000 | e:   1.000000 | Q:        nan | won: False 
#    9 | steps:    88 | steps_t:     0 | t: 0.083803 | r:  -502.000000 | e:   1.000000 | Q:        nan | won: False 
#   10 | steps:   106 | steps_t:     0 | t: 0.095771 | r:  -517.000000 | e:   1.000000 | Q:        nan | won: False 
#   11 | steps:   114 | steps_t:     0 | t: 0.100757 | r:  -507.000000 | e:   1.000000 | Q:        nan | won: False 
#   12 | steps:   137 | steps_t:     0 | t: 0.117686 | r:  -522.000000 | e:   1.000000 | Q:        nan | won: False 
#   13 | steps:   144 | steps_t:     0 | t: 0.123669 | r:  -506.000000 | e:   1.000000 | Q:        nan | won: False 
#   14 | steps:   152 | steps_t:     0 | t: 0.130651 | r:  -507.000000 | e:   1.000000 | Q:        nan | won: False 
#   15 | steps:   164 | steps_t:     0 | t: 0.142620 | r:  -511.000000 | e:   1.000000 | Q:        nan | won: False 
#   16 | steps:   169 | steps_t:     0 | t: 0.148605 | r:  -504.000000 | e:   1.000000 | Q:        nan | won: False 
#   17 | steps:   180 | steps_t:     0 | t: 0.160571 | r:  -510.000000 | e:   1.000000 | Q:        nan | won: False 
#   18 | steps:   187 | steps_t:     0 | t: 0.164560 | r:  -506.000000 | e:   1.000000 | Q:        nan | won: False 
#   19 | steps:   194 | steps_t:     0 | t: 0.172539 | r:  -506.000000 | e:   1.000000 | Q:        nan | won: False 
#   20 | steps:   203 | steps_t:     0 | t: 0.181515 | r:  -508.000000 | e:   1.000000 | Q:        nan | won: False 
#   21 | steps:   211 | steps_t:     0 | t: 0.188497 | r:  -507.000000 | e:   1.000000 | Q:        nan | won: False 
#   22 | steps:   220 | steps_t:     0 | t: 0.196475 | r:  -508.000000 | e:   1.000000 | Q:        nan | won: False 
#   23 | steps:   227 | steps_t:     0 | t: 0.201461 | r:  -506.000000 | e:   1.000000 | Q:        nan | won: False 
#   24 | steps:   237 | steps_t:     0 | t: 0.211434 | r:  -509.000000 | e:   1.000000 | Q:        nan | won: False 
#   25 | steps:   249 | steps_t:     0 | t: 0.218415 | r:  -511.000000 | e:   1.000000 | Q:        nan | won: False 
#   26 | steps:   262 | steps_t:     0 | t: 0.230383 | r:  -512.000000 | e:   1.000000 | Q:        nan | won: False 
#   27 | steps:   268 | steps_t:     0 | t: 0.235371 | r:  -505.000000 | e:   1.000000 | Q:        nan | won: False 
#   28 | steps:   278 | steps_t:     0 | t: 0.247340 | r:  -509.000000 | e:   1.000000 | Q:        nan | won: False 
#   29 | steps:   291 | steps_t:     0 | t: 0.256314 | r:  -512.000000 | e:   1.000000 | Q:        nan | won: False 
#   30 | steps:   298 | steps_t:     0 | t: 0.262298 | r:  -506.000000 | e:   1.000000 | Q:        nan | won: False 
#   31 | steps:   306 | steps_t:     0 | t: 0.267286 | r:  -507.000000 | e:   1.000000 | Q:        nan | won: False 
#   32 | steps:   317 | steps_t:     0 | t: 0.277258 | r:  -510.000000 | e:   1.000000 | Q:        nan | won: False 
#   33 | steps:   328 | steps_t:     0 | t: 0.284239 | r:  -510.000000 | e:   1.000000 | Q:        nan | won: False 
#   34 | steps:   335 | steps_t:     0 | t: 0.292218 | r:  -506.000000 | e:   1.000000 | Q:        nan | won: False 
#   35 | steps:   356 | steps_t:     0 | t: 0.306182 | r:  -520.000000 | e:   1.000000 | Q:        nan | won: False 
#   36 | steps:   374 | steps_t:     0 | t: 0.318149 | r:  -517.000000 | e:   1.000000 | Q:        nan | won: False 
#   37 | steps:   398 | steps_t:     0 | t: 0.334106 | r:  -523.000000 | e:   1.000000 | Q:        nan | won: False 
#   38 | steps:   404 | steps_t:     0 | t: 0.342085 | r:  -505.000000 | e:   1.000000 | Q:        nan | won: False 
#   39 | steps:   416 | steps_t:     0 | t: 0.350064 | r:  -511.000000 | e:   1.000000 | Q:        nan | won: False 
#   40 | steps:   438 | steps_t:     0 | t: 0.365023 | r:  -521.000000 | e:   1.000000 | Q:        nan | won: False 
#   41 | steps:   449 | steps_t:     0 | t: 0.374997 | r:  -510.000000 | e:   1.000000 | Q:        nan | won: False 
#   42 | steps:   464 | steps_t:     0 | t: 0.382975 | r:  -514.000000 | e:   1.000000 | Q:        nan | won: False 
#   43 | steps:   469 | steps_t:     0 | t: 0.389957 | r:  -504.000000 | e:   1.000000 | Q:        nan | won: False 
#   44 | steps:   479 | steps_t:     0 | t: 0.397935 | r:  -509.000000 | e:   1.000000 | Q:        nan | won: False 
#   45 | steps:   486 | steps_t:     0 | t: 0.404917 | r:  -506.000000 | e:   1.000000 | Q:        nan | won: False 
#   46 | steps:   494 | steps_t:     0 | t: 0.412895 | r:  -507.000000 | e:   1.000000 | Q:        nan | won: False 
#   47 | steps:   504 | steps_t:     0 | t: 0.419879 | r:  -509.000000 | e:   1.000000 | Q:        nan | won: False 
#   48 | steps:   518 | steps_t:     0 | t: 0.431844 | r:  -513.000000 | e:   1.000000 | Q:        nan | won: False 
#   49 | steps:   529 | steps_t:     0 | t: 0.440821 | r:  -510.000000 | e:   1.000000 | Q:        nan | won: False 
#   50 | steps:   540 | steps_t:     0 | t: 0.447803 | r:  -510.000000 | e:   1.000000 | Q:        nan | won: False 
#   51 | steps:   547 | steps_t:     0 | t: 0.452789 | r:  -506.000000 | e:   1.000000 | Q:        nan | won: False 
#   52 | steps:   558 | steps_t:     0 | t: 0.463760 | r:  -510.000000 | e:   1.000000 | Q:        nan | won: False 
#   53 | steps:   572 | steps_t:     0 | t: 0.473733 | r:  -513.000000 | e:   1.000000 | Q:        nan | won: False 
#   54 | steps:   579 | steps_t:     0 | t: 0.479717 | r:  -506.000000 | e:   1.000000 | Q:        nan | won: False 
#   55 | steps:   591 | steps_t:     0 | t: 0.488694 | r:  -511.000000 | e:   1.000000 | Q:        nan | won: False 
#   56 | steps:   601 | steps_t:     0 | t: 0.497669 | r:  -509.000000 | e:   1.000000 | Q:        nan | won: False 
#   57 | steps:   613 | steps_t:     0 | t: 0.509638 | r:  -511.000000 | e:   1.000000 | Q:        nan | won: False 
#   58 | steps:   642 | steps_t:     0 | t: 0.531578 | r:  -517.000000 | e:   1.000000 | Q:        nan | won: False 
#   59 | steps:   648 | steps_t:     0 | t: 0.535567 | r:  -505.000000 | e:   1.000000 | Q:        nan | won: False 
#   60 | steps:   660 | steps_t:     0 | t: 0.545542 | r:  -511.000000 | e:   1.000000 | Q:        nan | won: False 
#   61 | steps:   670 | steps_t:     0 | t: 0.553520 | r:  -509.000000 | e:   1.000000 | Q:        nan | won: False 
#   62 | steps:   680 | steps_t:     0 | t: 0.561497 | r:  -509.000000 | e:   1.000000 | Q:        nan | won: False 
#   63 | steps:   686 | steps_t:     0 | t: 0.565487 | r:  -505.000000 | e:   1.000000 | Q:        nan | won: False 
#   64 | steps:   696 | steps_t:     0 | t: 0.576459 | r:  -509.000000 | e:   1.000000 | Q:        nan | won: False 
#   65 | steps:   715 | steps_t:     0 | t: 0.588427 | r:  -518.000000 | e:   1.000000 | Q:        nan | won: False 
#   66 | steps:   732 | steps_t:     0 | t: 0.599398 | r:  -516.000000 | e:   1.000000 | Q:        nan | won: False 
#   67 | steps:   739 | steps_t:     0 | t: 0.605383 | r:  -506.000000 | e:   1.000000 | Q:        nan | won: False 
#   68 | steps:   749 | steps_t:     0 | t: 0.614357 | r:  -509.000000 | e:   1.000000 | Q:        nan | won: False 
#   69 | steps:   764 | steps_t:     0 | t: 0.625327 | r:  -514.000000 | e:   1.000000 | Q:        nan | won: False 
#   70 | steps:   774 | steps_t:     0 | t: 0.633306 | r:  -509.000000 | e:   1.000000 | Q:        nan | won: False 
#   71 | steps:   781 | steps_t:     0 | t: 0.641285 | r:  -506.000000 | e:   1.000000 | Q:        nan | won: False 
#   72 | steps:   790 | steps_t:     0 | t: 0.650261 | r:  -508.000000 | e:   1.000000 | Q:        nan | won: False 
#   73 | steps:   807 | steps_t:     0 | t: 0.670209 | r:  -516.000000 | e:   1.000000 | Q:        nan | won: False 
#   74 | steps:   817 | steps_t:     0 | t: 0.679185 | r:  -509.000000 | e:   1.000000 | Q:        nan | won: False 
#   75 | steps:   825 | steps_t:     0 | t: 0.686165 | r:  -507.000000 | e:   1.000000 | Q:        nan | won: False 
#   76 | steps:   831 | steps_t:     0 | t: 0.694144 | r:  -505.000000 | e:   1.000000 | Q:        nan | won: False 
#   77 | steps:   842 | steps_t:     0 | t: 0.702123 | r:  -510.000000 | e:   1.000000 | Q:        nan | won: False 
#   78 | steps:   849 | steps_t:     0 | t: 0.713094 | r:  -506.000000 | e:   1.000000 | Q:        nan | won: False 
#   79 | steps:   860 | steps_t:     0 | t: 0.725060 | r:  -510.000000 | e:   1.000000 | Q:        nan | won: False 
#   80 | steps:   880 | steps_t:     0 | t: 0.742015 | r:  -508.000000 | e:   1.000000 | Q:        nan | won: False 
#   81 | steps:   889 | steps_t:     0 | t: 0.749993 | r:  -508.000000 | e:   1.000000 | Q:        nan | won: False 
#   82 | steps:   903 | steps_t:     0 | t: 0.761961 | r:  -513.000000 | e:   1.000000 | Q:        nan | won: False 
#   83 | steps:   913 | steps_t:     0 | t: 0.768944 | r:  -509.000000 | e:   1.000000 | Q:        nan | won: False 
#   84 | steps:   920 | steps_t:     0 | t: 0.776923 | r:  -506.000000 | e:   1.000000 | Q:        nan | won: False 
#   85 | steps:   929 | steps_t:     0 | t: 0.783902 | r:  -508.000000 | e:   1.000000 | Q:        nan | won: False 
#   86 | steps:   952 | steps_t:     0 | t: 0.801854 | r:  -522.000000 | e:   1.000000 | Q:        nan | won: False 
#   87 | steps:   960 | steps_t:     0 | t: 0.809839 | r:  -507.000000 | e:   1.000000 | Q:        nan | won: False 
#   88 | steps:   970 | steps_t:     0 | t: 0.815817 | r:  -509.000000 | e:   1.000000 | Q:        nan | won: False 
#   89 | steps:   986 | steps_t:     0 | t: 0.828783 | r:  -515.000000 | e:   1.000000 | Q:        nan | won: False 
#   90 | steps:   996 | steps_t:     0 | t: 0.833769 | r:  -509.000000 | e:   1.000000 | Q:        nan | won: False 
#   91 | steps:  1008 | steps_t:     0 | t: 0.845738 | r:  -511.000000 | e:   1.000000 | Q:        nan | won: False 
#   92 | steps:  1017 | steps_t:     0 | t: 0.851722 | r:  -508.000000 | e:   1.000000 | Q:        nan | won: False 
#   93 | steps:  1028 | steps_t:     0 | t: 0.862691 | r:  -510.000000 | e:   1.000000 | Q:        nan | won: False 
#   94 | steps:  1043 | steps_t:     0 | t: 0.875658 | r:  -503.000000 | e:   1.000000 | Q:        nan | won: False 
#   95 | steps:  1050 | steps_t:     0 | t: 0.879741 | r:  -506.000000 | e:   1.000000 | Q:        nan | won: False 
#   96 | steps:  1063 | steps_t:     0 | t: 0.890713 | r:  -512.000000 | e:   1.000000 | Q:        nan | won: False 
#   97 | steps:  1070 | steps_t:     0 | t: 0.896697 | r:  -506.000000 | e:   1.000000 | Q:        nan | won: False 
#   98 | steps:  1087 | steps_t:     0 | t: 0.911657 | r:  -516.000000 | e:   1.000000 | Q:        nan | won: False 
#   99 | steps:  1097 | steps_t:     0 | t: 0.916643 | r:  -509.000000 | e:   1.000000 | Q:        nan | won: False 
#  100 | steps:  1107 | steps_t:     0 | t: 0.927614 | r:  -509.000000 | e:   1.000000 | Q:        nan | won: False 
#  101 | steps:  1118 | steps_t:     0 | t: 0.934594 | r:  -510.000000 | e:   1.000000 | Q:        nan | won: False 
#  102 | steps:  1127 | steps_t:     0 | t: 0.945568 | r:  -508.000000 | e:   1.000000 | Q:        nan | won: False 
#  103 | steps:  1133 | steps_t:     0 | t: 0.950553 | r:  -505.000000 | e:   1.000000 | Q:        nan | won: False 
#  104 | steps:  1141 | steps_t:     0 | t: 0.959530 | r:  -507.000000 | e:   1.000000 | Q:        nan | won: False 
#  105 | steps:  1157 | steps_t:     0 | t: 0.972493 | r:  -515.000000 | e:   1.000000 | Q:        nan | won: False 
#  106 | steps:  1173 | steps_t:     0 | t: 0.981470 | r:  -515.000000 | e:   1.000000 | Q:        nan | won: False 
#  107 | steps:  1193 | steps_t:     0 | t: 0.996430 | r:  -519.000000 | e:   1.000000 | Q:        nan | won: False 
#  108 | steps:  1203 | steps_t:     0 | t: 1.002413 | r:  -509.000000 | e:   1.000000 | Q:        nan | won: False 
#  109 | steps:  1216 | steps_t:     0 | t: 1.012387 | r:  -512.000000 | e:   1.000000 | Q:        nan | won: False 
#  110 | steps:  1223 | steps_t:     0 | t: 1.017374 | r:  -506.000000 | e:   1.000000 | Q:        nan | won: False 
#  111 | steps:  1234 | steps_t:     0 | t: 1.030340 | r:  -510.000000 | e:   1.000000 | Q:        nan | won: False 
#  112 | steps:  1256 | steps_t:     0 | t: 1.043305 | r:  -521.000000 | e:   1.000000 | Q:        nan | won: False 
#  113 | steps:  1266 | steps_t:     0 | t: 1.049288 | r:  -509.000000 | e:   1.000000 | Q:        nan | won: False 
#  114 | steps:  1279 | steps_t:     0 | t: 1.061256 | r:  -512.000000 | e:   1.000000 | Q:        nan | won: False 
#  115 | steps:  1290 | steps_t:     0 | t: 1.067241 | r:  -510.000000 | e:   1.000000 | Q:        nan | won: False 
#  116 | steps:  1300 | steps_t:     0 | t: 1.076217 | r:  -509.000000 | e:   1.000000 | Q:        nan | won: False 
#  117 | steps:  1307 | steps_t:     0 | t: 1.082200 | r:  -506.000000 | e:   1.000000 | Q:        nan | won: False 
#  118 | steps:  1316 | steps_t:     0 | t: 1.090179 | r:  -508.000000 | e:   1.000000 | Q:        nan | won: False 
#  119 | steps:  1332 | steps_t:     0 | t: 1.101150 | r:  -504.000000 | e:   1.000000 | Q:        nan | won: False 
#  120 | steps:  1340 | steps_t:     0 | t: 1.110126 | r:  -507.000000 | e:   1.000000 | Q:        nan | won: False 
#  121 | steps:  1348 | steps_t:     0 | t: 1.114114 | r:  -507.000000 | e:   1.000000 | Q:        nan | won: False 
#  122 | steps:  1359 | steps_t:     0 | t: 1.124088 | r:  -510.000000 | e:   1.000000 | Q:        nan | won: False 
#  123 | steps:  1369 | steps_t:     0 | t: 1.132067 | r:  -509.000000 | e:   1.000000 | Q:        nan | won: False 
#  124 | steps:  1380 | steps_t:     0 | t: 1.142041 | r:  -510.000000 | e:   1.000000 | Q:        nan | won: False 
#  125 | steps:  1393 | steps_t:     0 | t: 1.150018 | r:  -512.000000 | e:   1.000000 | Q:        nan | won: False 
#  126 | steps:  1402 | steps_t:     0 | t: 1.159993 | r:  -508.000000 | e:   1.000000 | Q:        nan | won: False 
#  127 | steps:  1423 | steps_t:     0 | t: 1.174952 | r:  -520.000000 | e:   1.000000 | Q:        nan | won: False 
#  128 | steps:  1432 | steps_t:     0 | t: 1.180935 | r:  -508.000000 | e:   1.000000 | Q:        nan | won: False 
#  129 | steps:  1442 | steps_t:     0 | t: 1.188914 | r:  -509.000000 | e:   1.000000 | Q:        nan | won: False 
#  130 | steps:  1447 | steps_t:     0 | t: 1.192904 | r:  -504.000000 | e:   1.000000 | Q:        nan | won: False 
#  131 | steps:  1467 | steps_t:     0 | t: 1.206867 | r:  -519.000000 | e:   1.000000 | Q:        nan | won: False 
#  132 | steps:  1473 | steps_t:     0 | t: 1.248755 | r:  -505.000000 | e:   1.000000 | Q:        nan | won: False 
#  133 | steps:  1480 | steps_t:     0 | t: 1.275682 | r:  -506.000000 | e:   1.000000 | Q:        nan | won: False 
#  134 | steps:  1500 | steps_t:     0 | t: 1.308595 | r:  -508.000000 | e:   1.000000 | Q:        nan | won: False 
#  135 | steps:  1520 | steps_t:     0 | t: 1.321560 | r:  -519.000000 | e:   1.000000 | Q:        nan | won: False 
#  136 | steps:  1530 | steps_t:     0 | t: 1.332531 | r:  -509.000000 | e:   1.000000 | Q:        nan | won: False 
#  137 | steps:  1536 | steps_t:     0 | t: 1.339513 | r:  -505.000000 | e:   1.000000 | Q:        nan | won: False 
#  138 | steps:  1545 | steps_t:     0 | t: 1.346494 | r:  -508.000000 | e:   1.000000 | Q:        nan | won: False 
#  139 | steps:  1568 | steps_t:     0 | t: 1.363447 | r:  -522.000000 | e:   1.000000 | Q:        nan | won: False 
#  140 | steps:  1577 | steps_t:     0 | t: 1.371428 | r:  -508.000000 | e:   1.000000 | Q:        nan | won: False 
#  141 | steps:  1589 | steps_t:     0 | t: 1.380403 | r:  -511.000000 | e:   1.000000 | Q:        nan | won: False 
#  142 | steps:  1595 | steps_t:     0 | t: 1.384391 | r:  -505.000000 | e:   1.000000 | Q:        nan | won: False 
#  143 | steps:  1602 | steps_t:     0 | t: 1.391373 | r:  -506.000000 | e:   1.000000 | Q:        nan | won: False 
#  144 | steps:  1615 | steps_t:     0 | t: 1.401348 | r:  -512.000000 | e:   1.000000 | Q:        nan | won: False 
#  145 | steps:  1621 | steps_t:     0 | t: 1.406333 | r:  -505.000000 | e:   1.000000 | Q:        nan | won: False 
#  146 | steps:  1634 | steps_t:     0 | t: 1.416307 | r:  -512.000000 | e:   1.000000 | Q:        nan | won: False 
#  147 | steps:  1658 | steps_t:     0 | t: 1.432263 | r:  -523.000000 | e:   1.000000 | Q:        nan | won: False 
#  148 | steps:  1665 | steps_t:     0 | t: 1.439245 | r:  -506.000000 | e:   1.000000 | Q:        nan | won: False 
#  149 | steps:  1672 | steps_t:     0 | t: 1.445229 | r:  -506.000000 | e:   1.000000 | Q:        nan | won: False 
#  150 | steps:  1684 | steps_t:     0 | t: 1.454208 | r:  -511.000000 | e:   1.000000 | Q:        nan | won: False 
#  151 | steps:  1690 | steps_t:     0 | t: 1.458194 | r:  -505.000000 | e:   1.000000 | Q:        nan | won: False 
#  152 | steps:  1712 | steps_t:     0 | t: 1.473154 | r:  -521.000000 | e:   1.000000 | Q:        nan | won: False 
#  153 | steps:  1721 | steps_t:     0 | t: 1.480135 | r:  -508.000000 | e:   1.000000 | Q:        nan | won: False 
#  154 | steps:  1738 | steps_t:     0 | t: 1.490111 | r:  -516.000000 | e:   1.000000 | Q:        nan | won: False 
#  155 | steps:  1761 | steps_t:     0 | t: 1.504073 | r:  -522.000000 | e:   1.000000 | Q:        nan | won: False 
#  156 | steps:  1781 | steps_t:     0 | t: 1.517037 | r:  -519.000000 | e:   1.000000 | Q:        nan | won: False 
#  157 | steps:  1795 | steps_t:     0 | t: 1.530003 | r:  -513.000000 | e:   1.000000 | Q:        nan | won: False 
#  158 | steps:  1815 | steps_t:     0 | t: 1.541973 | r:  -519.000000 | e:   1.000000 | Q:        nan | won: False 
#  159 | steps:  1822 | steps_t:     0 | t: 1.546958 | r:  -506.000000 | e:   1.000000 | Q:        nan | won: False 
#  160 | steps:  1831 | steps_t:     0 | t: 1.553940 | r:  -508.000000 | e:   1.000000 | Q:        nan | won: False 
#  161 | steps:  1850 | steps_t:     0 | t: 1.565906 | r:  -518.000000 | e:   1.000000 | Q:        nan | won: False 
#  162 | steps:  1868 | steps_t:     0 | t: 1.578871 | r:  -517.000000 | e:   1.000000 | Q:        nan | won: False 
#  163 | steps:  1878 | steps_t:     0 | t: 1.584856 | r:  -509.000000 | e:   1.000000 | Q:        nan | won: False 
#  164 | steps:  1889 | steps_t:     0 | t: 1.595828 | r:  -510.000000 | e:   1.000000 | Q:        nan | won: False 
#  165 | steps:  1898 | steps_t:     0 | t: 1.601810 | r:  -508.000000 | e:   1.000000 | Q:        nan | won: False 
#  166 | steps:  1917 | steps_t:     0 | t: 1.615772 | r:  -518.000000 | e:   1.000000 | Q:        nan | won: False 
#  167 | steps:  1934 | steps_t:     0 | t: 1.631730 | r:  -516.000000 | e:   1.000000 | Q:        nan | won: False 
#  168 | steps:  1940 | steps_t:     0 | t: 1.640706 | r:  -505.000000 | e:   1.000000 | Q:        nan | won: False 
#  169 | steps:  1964 | steps_t:     0 | t: 1.656663 | r:  -523.000000 | e:   1.000000 | Q:        nan | won: False 
#  170 | steps:  1984 | steps_t:     0 | t: 1.669629 | r:  -519.000000 | e:   1.000000 | Q:        nan | won: False 
#  171 | steps:  1994 | steps_t:     0 | t: 1.678606 | r:  -509.000000 | e:   1.000000 | Q:        nan | won: False 
#  172 | steps:  2001 | steps_t:     0 | t: 1.682594 | r:  -506.000000 | e:   1.000000 | Q:        nan | won: False 
#  173 | steps:  2016 | steps_t:     0 | t: 1.694562 | r:  -503.000000 | e:   1.000000 | Q:        nan | won: False 
#  174 | steps:  2026 | steps_t:     0 | t: 1.700545 | r:  -509.000000 | e:   1.000000 | Q:        nan | won: False 
#  175 | steps:  2037 | steps_t:     0 | t: 1.711518 | r:  -510.000000 | e:   1.000000 | Q:        nan | won: False 
#  176 | steps:  2048 | steps_t:     0 | t: 1.717500 | r:  -510.000000 | e:   1.000000 | Q:        nan | won: False 
#  177 | steps:  2057 | steps_t:     0 | t: 1.727475 | r:  -508.000000 | e:   1.000000 | Q:        nan | won: False 
#  178 | steps:  2069 | steps_t:     0 | t: 1.733458 | r:  -511.000000 | e:   1.000000 | Q:        nan | won: False 
#  179 | steps:  2077 | steps_t:     0 | t: 1.742435 | r:  -507.000000 | e:   1.000000 | Q:        nan | won: False 
#  180 | steps:  2086 | steps_t:     0 | t: 1.750413 | r:  -508.000000 | e:   1.000000 | Q:        nan | won: False 
#  181 | steps:  2097 | steps_t:     0 | t: 1.759389 | r:  -510.000000 | e:   1.000000 | Q:        nan | won: False 
#  182 | steps:  2106 | steps_t:     0 | t: 1.764375 | r:  -508.000000 | e:   1.000000 | Q:        nan | won: False 
#  183 | steps:  2113 | steps_t:     0 | t: 1.770360 | r:  -506.000000 | e:   1.000000 | Q:        nan | won: False 
#  184 | steps:  2121 | steps_t:     0 | t: 1.778339 | r:  -507.000000 | e:   1.000000 | Q:        nan | won: False 
#  185 | steps:  2141 | steps_t:     0 | t: 1.789308 | r:  -519.000000 | e:   1.000000 | Q:        nan | won: False 
#  186 | steps:  2153 | steps_t:     0 | t: 1.799281 | r:  -511.000000 | e:   1.000000 | Q:        nan | won: False 
#  187 | steps:  2163 | steps_t:     0 | t: 1.807261 | r:  -509.000000 | e:   1.000000 | Q:        nan | won: False 
#  188 | steps:  2184 | steps_t:     0 | t: 1.822220 | r:  -520.000000 | e:   1.000000 | Q:        nan | won: False 
#  189 | steps:  2194 | steps_t:     0 | t: 1.831196 | r:  -509.000000 | e:   1.000000 | Q:        nan | won: False 
#  190 | steps:  2204 | steps_t:     0 | t: 1.842167 | r:  -509.000000 | e:   1.000000 | Q:        nan | won: False 
#  191 | steps:  2213 | steps_t:     0 | t: 1.850147 | r:  -508.000000 | e:   1.000000 | Q:        nan | won: False 
#  192 | steps:  2223 | steps_t:     0 | t: 1.857127 | r:  -509.000000 | e:   1.000000 | Q:        nan | won: False 
#  193 | steps:  2233 | steps_t:     0 | t: 1.866102 | r:  -509.000000 | e:   1.000000 | Q:        nan | won: False 
#  194 | steps:  2242 | steps_t:     0 | t: 1.874081 | r:  -508.000000 | e:   1.000000 | Q:        nan | won: False 
#  195 | steps:  2261 | steps_t:     0 | t: 1.888551 | r:  -518.000000 | e:   1.000000 | Q:        nan | won: False 
#  196 | steps:  2279 | steps_t:     0 | t: 1.901516 | r:  -517.000000 | e:   1.000000 | Q:        nan | won: False 
#  197 | steps:  2285 | steps_t:     0 | t: 1.906503 | r:  -505.000000 | e:   1.000000 | Q:        nan | won: False 
#  198 | steps:  2295 | steps_t:     0 | t: 1.913483 | r:  -509.000000 | e:   1.000000 | Q:        nan | won: False 
#  199 | steps:  2308 | steps_t:     0 | t: 1.922460 | r:  -512.000000 | e:   1.000000 | Q:        nan | won: False 
#  200 | steps:  2318 | steps_t:     0 | t: 1.931435 | r:  -509.000000 | e:   1.000000 | Q:        nan | won: False 
#  201 | steps:  2327 | steps_t:     0 | t: 1.939415 | r:  -508.000000 | e:   1.000000 | Q:        nan | won: False 
#  202 | steps:  2351 | steps_t:     0 | t: 1.955373 | r:  -523.000000 | e:   1.000000 | Q:        nan | won: False 
#  203 | steps:  2362 | steps_t:     0 | t: 1.964347 | r:  -510.000000 | e:   1.000000 | Q:        nan | won: False 
#  204 | steps:  2375 | steps_t:     0 | t: 1.972327 | r:  -512.000000 | e:   1.000000 | Q:        nan | won: False 
#  205 | steps:  2384 | steps_t:     0 | t: 1.980305 | r:  -508.000000 | e:   1.000000 | Q:        nan | won: False 
#  206 | steps:  2407 | steps_t:     0 | t: 1.996266 | r:  -522.000000 | e:   1.000000 | Q:        nan | won: False 
#  207 | steps:  2415 | steps_t:     0 | t: 2.001252 | r:  -507.000000 | e:   1.000000 | Q:        nan | won: False 
#  208 | steps:  2422 | steps_t:     0 | t: 2.010231 | r:  -506.000000 | e:   1.000000 | Q:        nan | won: False 
#  209 | steps:  2433 | steps_t:     0 | t: 2.016215 | r:  -510.000000 | e:   1.000000 | Q:        nan | won: False 
#  210 | steps:  2441 | steps_t:     0 | t: 2.023195 | r:  -507.000000 | e:   1.000000 | Q:        nan | won: False 
#  211 | steps:  2450 | steps_t:     0 | t: 2.032172 | r:  -508.000000 | e:   1.000000 | Q:        nan | won: False 
#  212 | steps:  2466 | steps_t:     0 | t: 2.044140 | r:  -515.000000 | e:   1.000000 | Q:        nan | won: False 
#  213 | steps:  2473 | steps_t:     0 | t: 2.049125 | r:  -506.000000 | e:   1.000000 | Q:        nan | won: False 
#  214 | steps:  2483 | steps_t:     0 | t: 2.060097 | r:  -509.000000 | e:   1.000000 | Q:        nan | won: False 
#  215 | steps:  2493 | steps_t:     0 | t: 2.066080 | r:  -509.000000 | e:   1.000000 | Q:        nan | won: False 
#  216 | steps:  2511 | steps_t:     0 | t: 2.081039 | r:  -517.000000 | e:   1.000000 | Q:        nan | won: False 
#  217 | steps:  2517 | steps_t:     0 | t: 2.085029 | r:  -505.000000 | e:   1.000000 | Q:        nan | won: False 
#  218 | steps:  2526 | steps_t:     0 | t: 2.094002 | r:  -508.000000 | e:   1.000000 | Q:        nan | won: False 
#  219 | steps:  2543 | steps_t:     0 | t: 2.104973 | r:  -516.000000 | e:   1.000000 | Q:        nan | won: False 
#  220 | steps:  2565 | steps_t:     0 | t: 2.117939 | r:  -521.000000 | e:   1.000000 | Q:        nan | won: False 
#  221 | steps:  2583 | steps_t:     0 | t: 2.130904 | r:  -517.000000 | e:   1.000000 | Q:        nan | won: False 
#  222 | steps:  2592 | steps_t:     0 | t: 2.134892 | r:  -508.000000 | e:   1.000000 | Q:        nan | won: False 
#  223 | steps:  2600 | steps_t:     0 | t: 2.141875 | r:  -507.000000 | e:   1.000000 | Q:        nan | won: False 
#  224 | steps:  2618 | steps_t:     0 | t: 2.154839 | r:  -495.000000 | e:   1.000000 | Q:        nan | won: False 
#  225 | steps:  2638 | steps_t:     0 | t: 2.166807 | r:  -508.000000 | e:   1.000000 | Q:        nan | won: False 
#  226 | steps:  2643 | steps_t:     0 | t: 2.172792 | r:  -504.000000 | e:   1.000000 | Q:        nan | won: False 
#  227 | steps:  2648 | steps_t:     0 | t: 2.181767 | r:  -504.000000 | e:   1.000000 | Q:        nan | won: False 
#  228 | steps:  2659 | steps_t:     0 | t: 2.189747 | r:  -510.000000 | e:   1.000000 | Q:        nan | won: False 
#  229 | steps:  2674 | steps_t:     0 | t: 2.199719 | r:  -514.000000 | e:   1.000000 | Q:        nan | won: False 
#  230 | steps:  2684 | steps_t:     0 | t: 2.208696 | r:  -509.000000 | e:   1.000000 | Q:        nan | won: False 
#  231 | steps:  2691 | steps_t:     0 | t: 2.213681 | r:  -506.000000 | e:   1.000000 | Q:        nan | won: False 
#  232 | steps:  2698 | steps_t:     0 | t: 2.221661 | r:  -506.000000 | e:   1.000000 | Q:        nan | won: False 
#  233 | steps:  2706 | steps_t:     0 | t: 2.228642 | r:  -507.000000 | e:   1.000000 | Q:        nan | won: False 
#  234 | steps:  2720 | steps_t:     0 | t: 2.236622 | r:  -513.000000 | e:   1.000000 | Q:        nan | won: False 
#  235 | steps:  2734 | steps_t:     0 | t: 2.246594 | r:  -513.000000 | e:   1.000000 | Q:        nan | won: False 
#  236 | steps:  2740 | steps_t:     0 | t: 2.251580 | r:  -505.000000 | e:   1.000000 | Q:        nan | won: False 
#  237 | steps:  2748 | steps_t:     0 | t: 2.257565 | r:  -507.000000 | e:   1.000000 | Q:        nan | won: False 
#  238 | steps:  2759 | steps_t:     0 | t: 2.267538 | r:  -510.000000 | e:   1.000000 | Q:        nan | won: False 
#  239 | steps:  2767 | steps_t:     0 | t: 2.274520 | r:  -507.000000 | e:   1.000000 | Q:        nan | won: False 
#  240 | steps:  2776 | steps_t:     0 | t: 2.281500 | r:  -508.000000 | e:   1.000000 | Q:        nan | won: False 
#  241 | steps:  2796 | steps_t:     0 | t: 2.298333 | r:  -519.000000 | e:   1.000000 | Q:        nan | won: False 
#  242 | steps:  2807 | steps_t:     0 | t: 2.308307 | r:  -510.000000 | e:   1.000000 | Q:        nan | won: False 
#  243 | steps:  2817 | steps_t:     0 | t: 2.318280 | r:  -509.000000 | e:   1.000000 | Q:        nan | won: False 
#  244 | steps:  2825 | steps_t:     0 | t: 2.329250 | r:  -507.000000 | e:   1.000000 | Q:        nan | won: False 
#  245 | steps:  2831 | steps_t:     0 | t: 2.333240 | r:  -505.000000 | e:   1.000000 | Q:        nan | won: False 
#  246 | steps:  2836 | steps_t:     0 | t: 2.341219 | r:  -504.000000 | e:   1.000000 | Q:        nan | won: False 
#  247 | steps:  2843 | steps_t:     0 | t: 2.347202 | r:  -506.000000 | e:   1.000000 | Q:        nan | won: False 
#  248 | steps:  2850 | steps_t:     0 | t: 2.352189 | r:  -506.000000 | e:   1.000000 | Q:        nan | won: False 
#  249 | steps:  2858 | steps_t:     0 | t: 2.358173 | r:  -507.000000 | e:   1.000000 | Q:        nan | won: False 
#  250 | steps:  2870 | steps_t:     0 | t: 2.368147 | r:  -511.000000 | e:   1.000000 | Q:        nan | won: False 
#  251 | steps:  2876 | steps_t:     0 | t: 2.375127 | r:  -505.000000 | e:   1.000000 | Q:        nan | won: False 
#  252 | steps:  2882 | steps_t:     0 | t: 2.382109 | r:  -505.000000 | e:   1.000000 | Q:        nan | won: False 
#  253 | steps:  2892 | steps_t:     0 | t: 2.391170 | r:  -509.000000 | e:   1.000000 | Q:        nan | won: False 
#  254 | steps:  2899 | steps_t:     0 | t: 2.397153 | r:  -506.000000 | e:   1.000000 | Q:        nan | won: False 
#  255 | steps:  2911 | steps_t:     0 | t: 2.405131 | r:  -511.000000 | e:   1.000000 | Q:        nan | won: False 
#  256 | steps:  2931 | steps_t:     0 | t: 2.420092 | r:  -519.000000 | e:   1.000000 | Q:        nan | won: False 
#  257 | steps:  2951 | steps_t:     0 | t: 2.433056 | r:  -519.000000 | e:   1.000000 | Q:        nan | won: False 
#  258 | steps:  2957 | steps_t:     0 | t: 2.440038 | r:  -505.000000 | e:   1.000000 | Q:        nan | won: False 
#  259 | steps:  2963 | steps_t:     0 | t: 2.446023 | r:  -505.000000 | e:   1.000000 | Q:        nan | won: False 
#  260 | steps:  2971 | steps_t:     0 | t: 2.452006 | r:  -507.000000 | e:   1.000000 | Q:        nan | won: False 
#  261 | steps:  2978 | steps_t:     0 | t: 2.460982 | r:  -506.000000 | e:   1.000000 | Q:        nan | won: False 
#  262 | steps:  3003 | steps_t:     0 | t: 2.476940 | r:  -524.000000 | e:   1.000000 | Q:        nan | won: False 
#  263 | steps:  3017 | steps_t:     0 | t: 2.483920 | r:  -513.000000 | e:   1.000000 | Q:        nan | won: False 
#  264 | steps:  3026 | steps_t:     0 | t: 2.491414 | r:  -508.000000 | e:   1.000000 | Q:        nan | won: False 
#  265 | steps:  3036 | steps_t:     0 | t: 2.500391 | r:  -509.000000 | e:   1.000000 | Q:        nan | won: False 
#  266 | steps:  3046 | steps_t:     0 | t: 2.510364 | r:  -509.000000 | e:   1.000000 | Q:        nan | won: False 
#  267 | steps:  3057 | steps_t:     0 | t: 2.516346 | r:  -510.000000 | e:   1.000000 | Q:        nan | won: False 
#  268 | steps:  3068 | steps_t:     0 | t: 2.530312 | r:  -510.000000 | e:   1.000000 | Q:        nan | won: False 
#  269 | steps:  3075 | steps_t:     0 | t: 2.534300 | r:  -506.000000 | e:   1.000000 | Q:        nan | won: False 
#  270 | steps:  3081 | steps_t:     0 | t: 2.541281 | r:  -505.000000 | e:   1.000000 | Q:        nan | won: False 
#  271 | steps:  3089 | steps_t:     0 | t: 2.548263 | r:  -507.000000 | e:   1.000000 | Q:        nan | won: False 
#  272 | steps:  3102 | steps_t:     0 | t: 2.565216 | r:  -512.000000 | e:   1.000000 | Q:        nan | won: False 
#  273 | steps:  3110 | steps_t:     0 | t: 2.575190 | r:  -507.000000 | e:   1.000000 | Q:        nan | won: False 
#  274 | steps:  3119 | steps_t:     0 | t: 2.584166 | r:  -508.000000 | e:   1.000000 | Q:        nan | won: False 
#  275 | steps:  3128 | steps_t:     0 | t: 2.595654 | r:  -508.000000 | e:   1.000000 | Q:        nan | won: False 
#  276 | steps:  3137 | steps_t:     0 | t: 2.601637 | r:  -508.000000 | e:   1.000000 | Q:        nan | won: False 
#  277 | steps:  3146 | steps_t:     0 | t: 2.612607 | r:  -508.000000 | e:   1.000000 | Q:        nan | won: False 
#  278 | steps:  3153 | steps_t:     0 | t: 2.616596 | r:  -506.000000 | e:   1.000000 | Q:        nan | won: False 
#  279 | steps:  3164 | steps_t:     0 | t: 2.627567 | r:  -510.000000 | e:   1.000000 | Q:        nan | won: False 
#  280 | steps:  3182 | steps_t:     0 | t: 2.643526 | r:  -517.000000 | e:   1.000000 | Q:        nan | won: False 
#  281 | steps:  3213 | steps_t:     0 | t: 2.664467 | r:  -530.000000 | e:   1.000000 | Q:        nan | won: False 
#  282 | steps:  3221 | steps_t:     0 | t: 2.671450 | r:  -507.000000 | e:   1.000000 | Q:        nan | won: False 
#  283 | steps:  3232 | steps_t:     0 | t: 2.681422 | r:  -510.000000 | e:   1.000000 | Q:        nan | won: False 
#  284 | steps:  3244 | steps_t:     0 | t: 2.690399 | r:  -511.000000 | e:   1.000000 | Q:        nan | won: False 
#  285 | steps:  3257 | steps_t:     0 | t: 2.700372 | r:  -512.000000 | e:   1.000000 | Q:        nan | won: False 
#  286 | steps:  3300 | steps_t:     0 | t: 2.727300 | r:  -531.000000 | e:   1.000000 | Q:        nan | won: False 
#  287 | steps:  3307 | steps_t:     0 | t: 2.732287 | r:  -506.000000 | e:   1.000000 | Q:        nan | won: False 
#  288 | steps:  3320 | steps_t:     0 | t: 2.743259 | r:  -512.000000 | e:   1.000000 | Q:        nan | won: False 
#  289 | steps:  3336 | steps_t:     0 | t: 2.751236 | r:  -515.000000 | e:   1.000000 | Q:        nan | won: False 
#  290 | steps:  3344 | steps_t:     0 | t: 2.760213 | r:  -507.000000 | e:   1.000000 | Q:        nan | won: False 
#  291 | steps:  3355 | steps_t:     0 | t: 2.770187 | r:  -510.000000 | e:   1.000000 | Q:        nan | won: False 
#  292 | steps:  3362 | steps_t:     0 | t: 2.781156 | r:  -506.000000 | e:   1.000000 | Q:        nan | won: False 
#  293 | steps:  3370 | steps_t:     0 | t: 2.789135 | r:  -507.000000 | e:   1.000000 | Q:        nan | won: False 
#  294 | steps:  3375 | steps_t:     0 | t: 2.795119 | r:  -504.000000 | e:   1.000000 | Q:        nan | won: False 
#  295 | steps:  3384 | steps_t:     0 | t: 2.802099 | r:  -508.000000 | e:   1.000000 | Q:        nan | won: False 
#  296 | steps:  3392 | steps_t:     0 | t: 2.808085 | r:  -507.000000 | e:   1.000000 | Q:        nan | won: False 
#  297 | steps:  3404 | steps_t:     0 | t: 2.815065 | r:  -511.000000 | e:   1.000000 | Q:        nan | won: False 
#  298 | steps:  3410 | steps_t:     0 | t: 2.821052 | r:  -505.000000 | e:   1.000000 | Q:        nan | won: False 
#  299 | steps:  3416 | steps_t:     0 | t: 2.827034 | r:  -505.000000 | e:   1.000000 | Q:        nan | won: False 
#  300 | steps:  3425 | steps_t:     0 | t: 2.834014 | r:  -508.000000 | e:   1.000000 | Q:        nan | won: False 
#  301 | steps:  3436 | steps_t:     0 | t: 2.844986 | r:  -510.000000 | e:   1.000000 | Q:        nan | won: False 
#  302 | steps:  3448 | steps_t:     0 | t: 2.852964 | r:  -511.000000 | e:   1.000000 | Q:        nan | won: False 
#  303 | steps:  3455 | steps_t:     0 | t: 2.858949 | r:  -506.000000 | e:   1.000000 | Q:        nan | won: False 
#  304 | steps:  3463 | steps_t:     0 | t: 2.867924 | r:  -507.000000 | e:   1.000000 | Q:        nan | won: False 
#  305 | steps:  3469 | steps_t:     0 | t: 2.873909 | r:  -505.000000 | e:   1.000000 | Q:        nan | won: False 
#  306 | steps:  3475 | steps_t:     0 | t: 2.880889 | r:  -505.000000 | e:   1.000000 | Q:        nan | won: False 
#  307 | steps:  3483 | steps_t:     0 | t: 2.885876 | r:  -507.000000 | e:   1.000000 | Q:        nan | won: False 
#  308 | steps:  3492 | steps_t:     0 | t: 2.895849 | r:  -508.000000 | e:   1.000000 | Q:        nan | won: False 
#  309 | steps:  3500 | steps_t:     0 | t: 2.901832 | r:  -507.000000 | e:   1.000000 | Q:        nan | won: False 
#  310 | steps:  3511 | steps_t:     0 | t: 2.912803 | r:  -510.000000 | e:   1.000000 | Q:        nan | won: False 
#  311 | steps:  3520 | steps_t:     0 | t: 2.920783 | r:  -508.000000 | e:   1.000000 | Q:        nan | won: False 
#  312 | steps:  3529 | steps_t:     0 | t: 2.928761 | r:  -508.000000 | e:   1.000000 | Q:        nan | won: False 
#  313 | steps:  3553 | steps_t:     0 | t: 2.947712 | r:  -512.000000 | e:   1.000000 | Q:        nan | won: False 
#  314 | steps:  3561 | steps_t:     0 | t: 2.952697 | r:  -507.000000 | e:   1.000000 | Q:        nan | won: False 
#  315 | steps:  3585 | steps_t:     0 | t: 2.968654 | r:  -523.000000 | e:   1.000000 | Q:        nan | won: False 
#  316 | steps:  3599 | steps_t:     0 | t: 2.980622 | r:  -513.000000 | e:   1.000000 | Q:        nan | won: False 
#  317 | steps:  3609 | steps_t:     0 | t: 2.985609 | r:  -509.000000 | e:   1.000000 | Q:        nan | won: False 
#  318 | steps:  3619 | steps_t:     0 | t: 2.996579 | r:  -509.000000 | e:   1.000000 | Q:        nan | won: False 
#  319 | steps:  3632 | steps_t:     0 | t: 3.005556 | r:  -512.000000 | e:   1.000000 | Q:        nan | won: False 
#  320 | steps:  3640 | steps_t:     0 | t: 3.013535 | r:  -507.000000 | e:   1.000000 | Q:        nan | won: False 
#  321 | steps:  3647 | steps_t:     0 | t: 3.018520 | r:  -506.000000 | e:   1.000000 | Q:        nan | won: False 
#  322 | steps:  3660 | steps_t:     0 | t: 3.031486 | r:  -512.000000 | e:   1.000000 | Q:        nan | won: False 
#  323 | steps:  3669 | steps_t:     0 | t: 3.038470 | r:  -508.000000 | e:   1.000000 | Q:        nan | won: False 
#  324 | steps:  3679 | steps_t:     0 | t: 3.048440 | r:  -509.000000 | e:   1.000000 | Q:        nan | won: False 
#  325 | steps:  3692 | steps_t:     0 | t: 3.057417 | r:  -512.000000 | e:   1.000000 | Q:        nan | won: False 
#  326 | steps:  3702 | steps_t:     0 | t: 3.065395 | r:  -509.000000 | e:   1.000000 | Q:        nan | won: False 
#  327 | steps:  3711 | steps_t:     0 | t: 3.073375 | r:  -508.000000 | e:   1.000000 | Q:        nan | won: False 
#  328 | steps:  3717 | steps_t:     0 | t: 3.079360 | r:  -505.000000 | e:   1.000000 | Q:        nan | won: False 
#  329 | steps:  3724 | steps_t:     0 | t: 3.084345 | r:  -506.000000 | e:   1.000000 | Q:        nan | won: False 
#  330 | steps:  3732 | steps_t:     0 | t: 3.092324 | r:  -507.000000 | e:   1.000000 | Q:        nan | won: False 
#  331 | steps:  3742 | steps_t:     0 | t: 3.101300 | r:  -509.000000 | e:   1.000000 | Q:        nan | won: False 
#  332 | steps:  3749 | steps_t:     0 | t: 3.108281 | r:  -506.000000 | e:   1.000000 | Q:        nan | won: False 
#  333 | steps:  3761 | steps_t:     0 | t: 3.115264 | r:  -511.000000 | e:   1.000000 | Q:        nan | won: False 
#  334 | steps:  3782 | steps_t:     0 | t: 3.131218 | r:  -520.000000 | e:   1.000000 | Q:        nan | won: False 
#  335 | steps:  3795 | steps_t:     0 | t: 3.141195 | r:  -512.000000 | e:   1.000000 | Q:        nan | won: False 
#  336 | steps:  3805 | steps_t:     0 | t: 3.154159 | r:  -509.000000 | e:   1.000000 | Q:        nan | won: False 
#  337 | steps:  3817 | steps_t:     0 | t: 3.173108 | r:  -511.000000 | e:   1.000000 | Q:        nan | won: False 
#  338 | steps:  3842 | steps_t:     0 | t: 3.192057 | r:  -524.000000 | e:   1.000000 | Q:        nan | won: False 
#  339 | steps:  3850 | steps_t:     0 | t: 3.198040 | r:  -507.000000 | e:   1.000000 | Q:        nan | won: False 
#  340 | steps:  3858 | steps_t:     0 | t: 3.206019 | r:  -507.000000 | e:   1.000000 | Q:        nan | won: False 
#  341 | steps:  3867 | steps_t:     0 | t: 3.213998 | r:  -508.000000 | e:   1.000000 | Q:        nan | won: False 
#  342 | steps:  3876 | steps_t:     0 | t: 3.221977 | r:  -508.000000 | e:   1.000000 | Q:        nan | won: False 
#  343 | steps:  3884 | steps_t:     0 | t: 3.229955 | r:  -507.000000 | e:   1.000000 | Q:        nan | won: False 
#  344 | steps:  3890 | steps_t:     0 | t: 3.232947 | r:  -505.000000 | e:   1.000000 | Q:        nan | won: False 
#  345 | steps:  3900 | steps_t:     0 | t: 3.242920 | r:  -509.000000 | e:   1.000000 | Q:        nan | won: False 
#  346 | steps:  3908 | steps_t:     0 | t: 3.249901 | r:  -507.000000 | e:   1.000000 | Q:        nan | won: False 
#  347 | steps:  3917 | steps_t:     0 | t: 3.256885 | r:  -508.000000 | e:   1.000000 | Q:        nan | won: False 
#  348 | steps:  3933 | steps_t:     0 | t: 3.266856 | r:  -515.000000 | e:   1.000000 | Q:        nan | won: False 
#  349 | steps:  3939 | steps_t:     0 | t: 3.273839 | r:  -505.000000 | e:   1.000000 | Q:        nan | won: False 
#  350 | steps:  3949 | steps_t:     0 | t: 3.281816 | r:  -509.000000 | e:   1.000000 | Q:        nan | won: False 
#  351 | steps:  3971 | steps_t:     0 | t: 3.297776 | r:  -521.000000 | e:   1.000000 | Q:        nan | won: False 
#  352 | steps:  3978 | steps_t:     0 | t: 3.302761 | r:  -506.000000 | e:   1.000000 | Q:        nan | won: False 
#  353 | steps:  4005 | steps_t:     0 | t: 3.323705 | r:  -515.000000 | e:   1.000000 | Q:        nan | won: False 
#  354 | steps:  4012 | steps_t:     0 | t: 3.329688 | r:  -506.000000 | e:   1.000000 | Q:        nan | won: False 
#  355 | steps:  4031 | steps_t:     0 | t: 3.342655 | r:  -518.000000 | e:   1.000000 | Q:        nan | won: False 
#  356 | steps:  4038 | steps_t:     0 | t: 3.347640 | r:  -506.000000 | e:   1.000000 | Q:        nan | won: False 
#  357 | steps:  4050 | steps_t:     0 | t: 3.355620 | r:  -511.000000 | e:   1.000000 | Q:        nan | won: False 
#  358 | steps:  4069 | steps_t:     0 | t: 3.371577 | r:  -518.000000 | e:   1.000000 | Q:        nan | won: False 
#  359 | steps:  4079 | steps_t:     0 | t: 3.379555 | r:  -509.000000 | e:   1.000000 | Q:        nan | won: False 
#  360 | steps:  4085 | steps_t:     0 | t: 3.383544 | r:  -505.000000 | e:   1.000000 | Q:        nan | won: False 
#  361 | steps:  4094 | steps_t:     0 | t: 3.390527 | r:  -508.000000 | e:   1.000000 | Q:        nan | won: False 
#  362 | steps:  4110 | steps_t:     0 | t: 3.403492 | r:  -515.000000 | e:   1.000000 | Q:        nan | won: False 
#  363 | steps:  4119 | steps_t:     0 | t: 3.411470 | r:  -508.000000 | e:   1.000000 | Q:        nan | won: False 
#  364 | steps:  4124 | steps_t:     0 | t: 3.414462 | r:  -504.000000 | e:   1.000000 | Q:        nan | won: False 
#  365 | steps:  4130 | steps_t:     0 | t: 3.420446 | r:  -505.000000 | e:   1.000000 | Q:        nan | won: False 
#  366 | steps:  4139 | steps_t:     0 | t: 3.430419 | r:  -508.000000 | e:   1.000000 | Q:        nan | won: False 
#  367 | steps:  4153 | steps_t:     0 | t: 3.441389 | r:  -513.000000 | e:   1.000000 | Q:        nan | won: False 
#  368 | steps:  4159 | steps_t:     0 | t: 3.447373 | r:  -505.000000 | e:   1.000000 | Q:        nan | won: False 
#  369 | steps:  4166 | steps_t:     0 | t: 3.451362 | r:  -506.000000 | e:   1.000000 | Q:        nan | won: False 
#  370 | steps:  4186 | steps_t:     0 | t: 3.465325 | r:  -519.000000 | e:   1.000000 | Q:        nan | won: False 
#  371 | steps:  4208 | steps_t:     0 | t: 3.495246 | r:  -521.000000 | e:   1.000000 | Q:        nan | won: False 
#  372 | steps:  4215 | steps_t:     0 | t: 3.514194 | r:  -506.000000 | e:   1.000000 | Q:        nan | won: False 
#  373 | steps:  4226 | steps_t:     0 | t: 3.538133 | r:  -510.000000 | e:   1.000000 | Q:        nan | won: False 
#  374 | steps:  4243 | steps_t:     0 | t: 3.549101 | r:  -505.000000 | e:   1.000000 | Q:        nan | won: False 
#  375 | steps:  4253 | steps_t:     0 | t: 3.557080 | r:  -509.000000 | e:   1.000000 | Q:        nan | won: False 
#  376 | steps:  4261 | steps_t:     0 | t: 3.566056 | r:  -507.000000 | e:   1.000000 | Q:        nan | won: False 
#  377 | steps:  4277 | steps_t:     0 | t: 3.610936 | r:  -515.000000 | e:   1.000000 | Q:        nan | won: False 
#  378 | steps:  4286 | steps_t:     0 | t: 3.621907 | r:  -508.000000 | e:   1.000000 | Q:        nan | won: False 
#  379 | steps:  4294 | steps_t:     0 | t: 3.654820 | r:  -507.000000 | e:   1.000000 | Q:        nan | won: False 
#  380 | steps:  4300 | steps_t:     0 | t: 3.673768 | r:  -505.000000 | e:   1.000000 | Q:        nan | won: False 
#  381 | steps:  4309 | steps_t:     0 | t: 3.691720 | r:  -508.000000 | e:   1.000000 | Q:        nan | won: False 
#  382 | steps:  4316 | steps_t:     0 | t: 3.698704 | r:  -506.000000 | e:   1.000000 | Q:        nan | won: False 
#  383 | steps:  4344 | steps_t:     0 | t: 3.715655 | r:  -527.000000 | e:   1.000000 | Q:        nan | won: False 
#  384 | steps:  4357 | steps_t:     0 | t: 3.728621 | r:  -512.000000 | e:   1.000000 | Q:        nan | won: False 
#  385 | steps:  4364 | steps_t:     0 | t: 3.731612 | r:  -506.000000 | e:   1.000000 | Q:        nan | won: False 
#  386 | steps:  4384 | steps_t:     0 | t: 3.745577 | r:  -519.000000 | e:   1.000000 | Q:        nan | won: False 
#  387 | steps:  4405 | steps_t:     0 | t: 3.760535 | r:  -520.000000 | e:   1.000000 | Q:        nan | won: False 
#  388 | steps:  4420 | steps_t:     0 | t: 3.768514 | r:  -514.000000 | e:   1.000000 | Q:        nan | won: False 
#  389 | steps:  4432 | steps_t:     0 | t: 3.780481 | r:  -511.000000 | e:   1.000000 | Q:        nan | won: False 
#  390 | steps:  4441 | steps_t:     0 | t: 3.784473 | r:  -508.000000 | e:   1.000000 | Q:        nan | won: False 
#  391 | steps:  4455 | steps_t:     0 | t: 3.796440 | r:  -513.000000 | e:   1.000000 | Q:        nan | won: False 
#  392 | steps:  4466 | steps_t:     0 | t: 3.806414 | r:  -510.000000 | e:   1.000000 | Q:        nan | won: False 
#  393 | steps:  4481 | steps_t:     0 | t: 3.816817 | r:  -514.000000 | e:   1.000000 | Q:        nan | won: False 
#  394 | steps:  4489 | steps_t:     0 | t: 3.823781 | r:  -507.000000 | e:   1.000000 | Q:        nan | won: False 
#  395 | steps:  4498 | steps_t:     0 | t: 3.830761 | r:  -508.000000 | e:   1.000000 | Q:        nan | won: False 
#  396 | steps:  4507 | steps_t:     0 | t: 3.840735 | r:  -508.000000 | e:   1.000000 | Q:        nan | won: False 
#  397 | steps:  4516 | steps_t:     0 | t: 3.846719 | r:  -508.000000 | e:   1.000000 | Q:        nan | won: False 
#  398 | steps:  4522 | steps_t:     0 | t: 3.851706 | r:  -505.000000 | e:   1.000000 | Q:        nan | won: False 
#  399 | steps:  4530 | steps_t:     0 | t: 3.861681 | r:  -507.000000 | e:   1.000000 | Q:        nan | won: False 
#  400 | steps:  4537 | steps_t:     0 | t: 3.866665 | r:  -506.000000 | e:   1.000000 | Q:        nan | won: False 
#  401 | steps:  4545 | steps_t:     0 | t: 3.874644 | r:  -507.000000 | e:   1.000000 | Q:        nan | won: False 
#  402 | steps:  4552 | steps_t:     0 | t: 3.881627 | r:  -506.000000 | e:   1.000000 | Q:        nan | won: False 
#  403 | steps:  4558 | steps_t:     0 | t: 3.885616 | r:  -505.000000 | e:   1.000000 | Q:        nan | won: False 
#  404 | steps:  4579 | steps_t:     0 | t: 3.901572 | r:  -520.000000 | e:   1.000000 | Q:        nan | won: False 
#  405 | steps:  4593 | steps_t:     0 | t: 3.913539 | r:  -491.000000 | e:   1.000000 | Q:        nan | won: False 
#  406 | steps:  4604 | steps_t:     0 | t: 3.923513 | r:  -510.000000 | e:   1.000000 | Q:        nan | won: False 
#  407 | steps:  4613 | steps_t:     0 | t: 3.931492 | r:  -508.000000 | e:   1.000000 | Q:        nan | won: False 
#  408 | steps:  4620 | steps_t:     0 | t: 3.936480 | r:  -506.000000 | e:   1.000000 | Q:        nan | won: False 
#  409 | steps:  4631 | steps_t:     0 | t: 3.945454 | r:  -510.000000 | e:   1.000000 | Q:        nan | won: False 
#  410 | steps:  4641 | steps_t:     0 | t: 3.950442 | r:  -509.000000 | e:   1.000000 | Q:        nan | won: False 
#  411 | steps:  4648 | steps_t:     0 | t: 3.958420 | r:  -506.000000 | e:   1.000000 | Q:        nan | won: False 
#  412 | steps:  4658 | steps_t:     0 | t: 3.965402 | r:  -509.000000 | e:   1.000000 | Q:        nan | won: False 
#  413 | steps:  4665 | steps_t:     0 | t: 3.974378 | r:  -506.000000 | e:   1.000000 | Q:        nan | won: False 
#  414 | steps:  4672 | steps_t:     0 | t: 3.979364 | r:  -506.000000 | e:   1.000000 | Q:        nan | won: False 
#  415 | steps:  4686 | steps_t:     0 | t: 3.990336 | r:  -513.000000 | e:   1.000000 | Q:        nan | won: False 
#  416 | steps:  4703 | steps_t:     0 | t: 4.002303 | r:  -516.000000 | e:   1.000000 | Q:        nan | won: False 
#  417 | steps:  4710 | steps_t:     0 | t: 4.009284 | r:  -506.000000 | e:   1.000000 | Q:        nan | won: False 
#  418 | steps:  4720 | steps_t:     0 | t: 4.015268 | r:  -509.000000 | e:   1.000000 | Q:        nan | won: False 
#  419 | steps:  4730 | steps_t:     0 | t: 4.023247 | r:  -509.000000 | e:   1.000000 | Q:        nan | won: False 
#  420 | steps:  4739 | steps_t:     0 | t: 4.032223 | r:  -508.000000 | e:   1.000000 | Q:        nan | won: False 
#  421 | steps:  4750 | steps_t:     0 | t: 4.040202 | r:  -510.000000 | e:   1.000000 | Q:        nan | won: False 
#  422 | steps:  4759 | steps_t:     0 | t: 4.046185 | r:  -508.000000 | e:   1.000000 | Q:        nan | won: False 
#  423 | steps:  4772 | steps_t:     0 | t: 4.056159 | r:  -512.000000 | e:   1.000000 | Q:        nan | won: False 
#  424 | steps:  4779 | steps_t:     0 | t: 4.063139 | r:  -506.000000 | e:   1.000000 | Q:        nan | won: False 
#  425 | steps:  4789 | steps_t:     0 | t: 4.071119 | r:  -509.000000 | e:   1.000000 | Q:        nan | won: False 
#  426 | steps:  4796 | steps_t:     0 | t: 4.078101 | r:  -506.000000 | e:   1.000000 | Q:        nan | won: False 
#  427 | steps:  4806 | steps_t:     0 | t: 4.083086 | r:  -509.000000 | e:   1.000000 | Q:        nan | won: False 
#  428 | steps:  4819 | steps_t:     0 | t: 4.095054 | r:  -512.000000 | e:   1.000000 | Q:        nan | won: False 
#  429 | steps:  4834 | steps_t:     0 | t: 4.104031 | r:  -514.000000 | e:   1.000000 | Q:        nan | won: False 
#  430 | steps:  4847 | steps_t:     0 | t: 4.115001 | r:  -512.000000 | e:   1.000000 | Q:        nan | won: False 
#  431 | steps:  4856 | steps_t:     0 | t: 4.123977 | r:  -508.000000 | e:   1.000000 | Q:        nan | won: False 
#  432 | steps:  4867 | steps_t:     0 | t: 4.130959 | r:  -510.000000 | e:   1.000000 | Q:        nan | won: False 
#  433 | steps:  4877 | steps_t:     0 | t: 4.139935 | r:  -509.000000 | e:   1.000000 | Q:        nan | won: False 
#  434 | steps:  4898 | steps_t:     0 | t: 4.153897 | r:  -520.000000 | e:   1.000000 | Q:        nan | won: False 
#  435 | steps:  4908 | steps_t:     0 | t: 4.161875 | r:  -509.000000 | e:   1.000000 | Q:        nan | won: False 
#  436 | steps:  4915 | steps_t:     0 | t: 4.166864 | r:  -506.000000 | e:   1.000000 | Q:        nan | won: False 
#  437 | steps:  4923 | steps_t:     0 | t: 4.174841 | r:  -507.000000 | e:   1.000000 | Q:        nan | won: False 
#  438 | steps:  4938 | steps_t:     0 | t: 4.183817 | r:  -514.000000 | e:   1.000000 | Q:        nan | won: False 
#  439 | steps:  4946 | steps_t:     0 | t: 4.193792 | r:  -507.000000 | e:   1.000000 | Q:        nan | won: False 
#  440 | steps:  4952 | steps_t:     0 | t: 4.198777 | r:  -505.000000 | e:   1.000000 | Q:        nan | won: False 
#  441 | steps:  4963 | steps_t:     0 | t: 4.208750 | r:  -510.000000 | e:   1.000000 | Q:        nan | won: False 
#  442 | steps:  4970 | steps_t:     0 | t: 4.213737 | r:  -506.000000 | e:   1.000000 | Q:        nan | won: False 
#  443 | steps:  4979 | steps_t:     0 | t: 4.220720 | r:  -508.000000 | e:   1.000000 | Q:        nan | won: False 
#  444 | steps:  4986 | steps_t:     0 | t: 4.229694 | r:  -506.000000 | e:   1.000000 | Q:        nan | won: False 
#  445 | steps:  4998 | steps_t:     0 | t: 4.239668 | r:  -511.000000 | e:   1.000000 | Q:        nan | won: False 
#  446 | steps:  5009 | steps_t:     7 | t: 4.538498 | r:  -510.000000 | e:   0.999300 | Q:        nan | won: False 
#  447 | steps:  5035 | steps_t:    32 | t: 4.762896 | r:  -525.000000 | e:   0.996800 | Q:        nan | won: False 
#  448 | steps:  5043 | steps_t:    39 | t: 4.836231 | r:  -507.000000 | e:   0.996100 | Q:        nan | won: False 
#  449 | steps:  5056 | steps_t:    51 | t: 4.950923 | r:  -512.000000 | e:   0.994900 | Q:        nan | won: False 
#  450 | steps:  5064 | steps_t:    58 | t: 5.027718 | r:  -507.000000 | e:   0.994200 | Q:  -9.631781 | won: False 
#  451 | steps:  5073 | steps_t:    66 | t: 5.111494 | r:  -508.000000 | e:   0.993400 | Q:        nan | won: False 
#  452 | steps:  5096 | steps_t:    88 | t: 5.312954 | r:  -522.000000 | e:   0.991200 | Q: -32.837811 | won: False 
#  453 | steps:  5105 | steps_t:    96 | t: 5.394736 | r:  -508.000000 | e:   0.990400 | Q:        nan | won: False 
#  454 | steps:  5115 | steps_t:   105 | t: 5.483013 | r:  -509.000000 | e:   0.989500 | Q:        nan | won: False 
#  455 | steps:  5127 | steps_t:   116 | t: 5.586735 | r:  -511.000000 | e:   0.988400 | Q:        nan | won: False 
#  456 | steps:  5148 | steps_t:   136 | t: 5.774233 | r:  -520.000000 | e:   0.986400 | Q:        nan | won: False 
#  457 | steps:  5155 | steps_t:   142 | t: 5.844046 | r:  -506.000000 | e:   0.985800 | Q:        nan | won: False 
#  458 | steps:  5163 | steps_t:   149 | t: 5.914855 | r:  -507.000000 | e:   0.985100 | Q:        nan | won: False 
#  459 | steps:  5172 | steps_t:   157 | t: 5.999630 | r:  -508.000000 | e:   0.984300 | Q:        nan | won: False 
#  460 | steps:  5180 | steps_t:   164 | t: 6.072435 | r:  -507.000000 | e:   0.983600 | Q:        nan | won: False 
#  461 | steps:  5194 | steps_t:   177 | t: 6.199095 | r:  -491.000000 | e:   0.982300 | Q:        nan | won: False 
#  462 | steps:  5203 | steps_t:   185 | t: 6.282871 | r:  -508.000000 | e:   0.981500 | Q:        nan | won: False 
#  463 | steps:  5212 | steps_t:   193 | t: 6.367646 | r:  -508.000000 | e:   0.980700 | Q:        nan | won: False 
#  464 | steps:  5229 | steps_t:   209 | t: 6.514672 | r:  -516.000000 | e:   0.979100 | Q: -299.987671 | won: False 
#  465 | steps:  5237 | steps_t:   216 | t: 6.584484 | r:  -507.000000 | e:   0.978400 | Q:        nan | won: False 
#  466 | steps:  5244 | steps_t:   222 | t: 6.647316 | r:  -506.000000 | e:   0.977800 | Q:        nan | won: False 
#  467 | steps:  5253 | steps_t:   230 | t: 6.728101 | r:  -508.000000 | e:   0.977000 | Q: -318.905426 | won: False 
#  468 | steps:  5260 | steps_t:   236 | t: 6.789934 | r:  -506.000000 | e:   0.976400 | Q:        nan | won: False 
#  469 | steps:  5285 | steps_t:   260 | t: 7.005997 | r:  -524.000000 | e:   0.974000 | Q:        nan | won: False 
#  470 | steps:  5297 | steps_t:   271 | t: 7.112231 | r:  -511.000000 | e:   0.972900 | Q:        nan | won: False 
#  471 | steps:  5302 | steps_t:   275 | t: 7.163611 | r:  -504.000000 | e:   0.972500 | Q:        nan | won: False 
#  472 | steps:  5317 | steps_t:   289 | t: 7.295260 | r:  -514.000000 | e:   0.971100 | Q:        nan | won: False 
#  473 | steps:  5326 | steps_t:   297 | t: 7.380032 | r:  -508.000000 | e:   0.970300 | Q:        nan | won: False 
#  474 | steps:  5345 | steps_t:   315 | t: 7.542597 | r:  -496.000000 | e:   0.968500 | Q:        nan | won: False 
#  475 | steps:  5365 | steps_t:   334 | t: 7.731093 | r:  -519.000000 | e:   0.966600 | Q:        nan | won: False 
#  476 | steps:  5383 | steps_t:   351 | t: 7.899641 | r:  -517.000000 | e:   0.964900 | Q:        nan | won: False 
#  477 | steps:  5403 | steps_t:   370 | t: 8.076169 | r:  -519.000000 | e:   0.963000 | Q:        nan | won: False 
#  478 | steps:  5413 | steps_t:   379 | t: 8.189866 | r:  -509.000000 | e:   0.962100 | Q: -307.583099 | won: False 
#  479 | steps:  5421 | steps_t:   386 | t: 8.263667 | r:  -507.000000 | e:   0.961400 | Q:        nan | won: False 
#  480 | steps:  5426 | steps_t:   390 | t: 8.309545 | r:  -504.000000 | e:   0.961000 | Q:        nan | won: False 
#  481 | steps:  5438 | steps_t:   401 | t: 8.422243 | r:  -511.000000 | e:   0.959900 | Q:        nan | won: False 
#  482 | steps:  5453 | steps_t:   415 | t: 8.553141 | r:  -503.000000 | e:   0.958500 | Q:        nan | won: False 
#  483 | steps:  5459 | steps_t:   420 | t: 8.607994 | r:  -505.000000 | e:   0.958000 | Q:        nan | won: False 
#  484 | steps:  5473 | steps_t:   433 | t: 8.730664 | r:  -502.000000 | e:   0.956700 | Q:        nan | won: False 
#  485 | steps:  5484 | steps_t:   443 | t: 8.844360 | r:  -510.000000 | e:   0.955700 | Q:        nan | won: False 
#  486 | steps:  5491 | steps_t:   449 | t: 8.910184 | r:  -506.000000 | e:   0.955100 | Q:        nan | won: False 
#  487 | steps:  5501 | steps_t:   458 | t: 9.000941 | r:  -509.000000 | e:   0.954200 | Q:        nan | won: False 
#  488 | steps:  5514 | steps_t:   470 | t: 9.174478 | r:  -512.000000 | e:   0.953000 | Q:        nan | won: False 
#  489 | steps:  5522 | steps_t:   477 | t: 9.245286 | r:  -507.000000 | e:   0.952300 | Q:        nan | won: False 
#  490 | steps:  5530 | steps_t:   484 | t: 9.321083 | r:  -507.000000 | e:   0.951600 | Q: -320.948273 | won: False 
#  491 | steps:  5539 | steps_t:   492 | t: 9.403379 | r:  -508.000000 | e:   0.950800 | Q:        nan | won: False 
#  492 | steps:  5550 | steps_t:   502 | t: 9.522061 | r:  -510.000000 | e:   0.949800 | Q:        nan | won: False 
#  493 | steps:  5568 | steps_t:   519 | t: 9.682409 | r:  -517.000000 | e:   0.948100 | Q: -309.074707 | won: False 
#  494 | steps:  5579 | steps_t:   529 | t: 9.783139 | r:  -510.000000 | e:   0.947100 | Q:        nan | won: False 
#  495 | steps:  5588 | steps_t:   537 | t: 9.862837 | r:  -508.000000 | e:   0.946300 | Q:        nan | won: False 
#  496 | steps:  5596 | steps_t:   544 | t: 9.934647 | r:  -507.000000 | e:   0.945600 | Q:        nan | won: False 
#  497 | steps:  5604 | steps_t:   551 | t: 10.006453 | r:  -507.000000 | e:   0.944900 | Q:        nan | won: False 
#  498 | steps:  5616 | steps_t:   562 | t: 10.116160 | r:  -511.000000 | e:   0.943800 | Q:        nan | won: False 
#  499 | steps:  5629 | steps_t:   574 | t: 10.235839 | r:  -512.000000 | e:   0.942600 | Q:        nan | won: False 
#  500 | steps:  5638 | steps_t:   582 | t: 10.320613 | r:  -508.000000 | e:   0.941800 | Q: -316.465698 | won: False 
#  501 | steps:  5659 | steps_t:   602 | t: 13.322281 | r:  -520.000000 | e:   0.939800 | Q: -328.043915 | won: False 
#  502 | steps:  5669 | steps_t:   611 | t: 15.820518 | r:  -509.000000 | e:   0.938900 | Q:        nan | won: False 
#  503 | steps:  5678 | steps_t:   619 | t: 18.212590 | r:  -508.000000 | e:   0.938100 | Q:        nan | won: False 
#  504 | steps:  5699 | steps_t:   639 | t: 22.399145 | r:  -520.000000 | e:   0.936100 | Q:        nan | won: False 
#  505 | steps:  5706 | steps_t:   645 | t: 24.380086 | r:  -506.000000 | e:   0.935500 | Q:        nan | won: False 
#  506 | steps:  5718 | steps_t:   656 | t: 27.197146 | r:  -511.000000 | e:   0.934400 | Q: -323.794250 | won: False 
#  507 | steps:  5728 | steps_t:   665 | t: 29.615309 | r:  -509.000000 | e:   0.933500 | Q: -312.052582 | won: False 
#  508 | steps:  5735 | steps_t:   671 | t: 31.591440 | r:  -506.000000 | e:   0.932900 | Q: -307.375214 | won: False 
#  509 | steps:  5747 | steps_t:   682 | t: 34.259151 | r:  -511.000000 | e:   0.931800 | Q: -317.332642 | won: False 
#  510 | steps:  5760 | steps_t:   694 | t: 37.442244 | r:  -512.000000 | e:   0.930600 | Q: -329.537170 | won: False 
#  511 | steps:  5767 | steps_t:   700 | t: 39.695900 | r:  -506.000000 | e:   0.930000 | Q:        nan | won: False 
#  512 | steps:  5775 | steps_t:   707 | t: 41.824788 | r:  -507.000000 | e:   0.929300 | Q:        nan | won: False 
