#    1 | steps:     7 | steps_t:     0 | t: 0.052858 | r:  -506.000000 | e:   1.000000 | Q:        nan | won: False 
#    2 | steps:    19 | steps_t:     0 | t: 0.059839 | r:  -511.000000 | e:   1.000000 | Q:        nan | won: False 
#    3 | steps:    42 | steps_t:     0 | t: 0.079788 | r:  -522.000000 | e:   1.000000 | Q:        nan | won: False 
#    4 | steps:    52 | steps_t:     0 | t: 0.086769 | r:  -509.000000 | e:   1.000000 | Q:        nan | won: False 
#    5 | steps:    59 | steps_t:     0 | t: 0.093749 | r:  -506.000000 | e:   1.000000 | Q:        nan | won: False 
#    6 | steps:    65 | steps_t:     0 | t: 0.099734 | r:  -505.000000 | e:   1.000000 | Q:        nan | won: False 
#    7 | steps:    75 | steps_t:     0 | t: 0.108710 | r:  -509.000000 | e:   1.000000 | Q:        nan | won: False 
#    8 | steps:    85 | steps_t:     0 | t: 0.117686 | r:  -509.000000 | e:   1.000000 | Q:        nan | won: False 
#    9 | steps:   127 | steps_t:     0 | t: 0.161568 | r:  -530.000000 | e:   1.000000 | Q:        nan | won: False 
#   10 | steps:   133 | steps_t:     0 | t: 0.166556 | r:  -505.000000 | e:   1.000000 | Q:        nan | won: False 
#   11 | steps:   156 | steps_t:     0 | t: 0.189494 | r:  -522.000000 | e:   1.000000 | Q:        nan | won: False 
#   12 | steps:   164 | steps_t:     0 | t: 0.197472 | r:  -507.000000 | e:   1.000000 | Q:        nan | won: False 
#   13 | steps:   179 | steps_t:     0 | t: 0.212433 | r:  -514.000000 | e:   1.000000 | Q:        nan | won: False 
#   14 | steps:   188 | steps_t:     0 | t: 0.222405 | r:  -508.000000 | e:   1.000000 | Q:        nan | won: False 
#   15 | steps:   196 | steps_t:     0 | t: 0.233378 | r:  -507.000000 | e:   1.000000 | Q:        nan | won: False 
#   16 | steps:   203 | steps_t:     0 | t: 0.242355 | r:  -506.000000 | e:   1.000000 | Q:        nan | won: False 
#   17 | steps:   210 | steps_t:     0 | t: 0.252326 | r:  -506.000000 | e:   1.000000 | Q:        nan | won: False 
#   18 | steps:   216 | steps_t:     0 | t: 0.260304 | r:  -505.000000 | e:   1.000000 | Q:        nan | won: False 
#   19 | steps:   222 | steps_t:     0 | t: 0.268283 | r:  -505.000000 | e:   1.000000 | Q:        nan | won: False 
#   20 | steps:   227 | steps_t:     0 | t: 0.275266 | r:  -504.000000 | e:   1.000000 | Q:        nan | won: False 
#   21 | steps:   236 | steps_t:     0 | t: 0.290227 | r:  -508.000000 | e:   1.000000 | Q:        nan | won: False 
#   22 | steps:   241 | steps_t:     0 | t: 0.299200 | r:  -504.000000 | e:   1.000000 | Q:        nan | won: False 
#   23 | steps:   255 | steps_t:     0 | t: 0.309174 | r:  -513.000000 | e:   1.000000 | Q:        nan | won: False 
#   24 | steps:   276 | steps_t:     0 | t: 0.328123 | r:  -509.000000 | e:   1.000000 | Q:        nan | won: False 
#   25 | steps:   284 | steps_t:     0 | t: 0.333111 | r:  -507.000000 | e:   1.000000 | Q:        nan | won: False 
#   26 | steps:   293 | steps_t:     0 | t: 0.341090 | r:  -508.000000 | e:   1.000000 | Q:        nan | won: False 
#   27 | steps:   301 | steps_t:     0 | t: 0.349069 | r:  -507.000000 | e:   1.000000 | Q:        nan | won: False 
#   28 | steps:   321 | steps_t:     0 | t: 0.368016 | r:  -519.000000 | e:   1.000000 | Q:        nan | won: False 
#   29 | steps:   328 | steps_t:     0 | t: 0.374998 | r:  -506.000000 | e:   1.000000 | Q:        nan | won: False 
#   30 | steps:   341 | steps_t:     0 | t: 0.389958 | r:  -512.000000 | e:   1.000000 | Q:        nan | won: False 
#   31 | steps:   350 | steps_t:     0 | t: 0.405915 | r:  -508.000000 | e:   1.000000 | Q:        nan | won: False 
#   32 | steps:   356 | steps_t:     0 | t: 0.414891 | r:  -505.000000 | e:   1.000000 | Q:        nan | won: False 
#   33 | steps:   365 | steps_t:     0 | t: 0.426860 | r:  -508.000000 | e:   1.000000 | Q:        nan | won: False 
#   34 | steps:   373 | steps_t:     0 | t: 0.435837 | r:  -507.000000 | e:   1.000000 | Q:        nan | won: False 
#   35 | steps:   415 | steps_t:     0 | t: 0.467749 | r:  -541.000000 | e:   1.000000 | Q:        nan | won: False 
#   36 | steps:   424 | steps_t:     0 | t: 0.478720 | r:  -508.000000 | e:   1.000000 | Q:        nan | won: False 
#   37 | steps:   433 | steps_t:     0 | t: 0.489691 | r:  -508.000000 | e:   1.000000 | Q:        nan | won: False 
#   38 | steps:   442 | steps_t:     0 | t: 0.499663 | r:  -508.000000 | e:   1.000000 | Q:        nan | won: False 
#   39 | steps:   450 | steps_t:     0 | t: 0.509639 | r:  -507.000000 | e:   1.000000 | Q:        nan | won: False 
#   40 | steps:   458 | steps_t:     0 | t: 0.518615 | r:  -507.000000 | e:   1.000000 | Q:        nan | won: False 
#   41 | steps:   467 | steps_t:     0 | t: 0.529584 | r:  -508.000000 | e:   1.000000 | Q:        nan | won: False 
#   42 | steps:   486 | steps_t:     0 | t: 0.541551 | r:  -518.000000 | e:   1.000000 | Q:        nan | won: False 
#   43 | steps:   497 | steps_t:     0 | t: 0.551525 | r:  -510.000000 | e:   1.000000 | Q:        nan | won: False 
#   44 | steps:   505 | steps_t:     0 | t: 0.557510 | r:  -507.000000 | e:   1.000000 | Q:        nan | won: False 
#   45 | steps:   523 | steps_t:     0 | t: 0.570474 | r:  -517.000000 | e:   1.000000 | Q:        nan | won: False 
#   46 | steps:   539 | steps_t:     0 | t: 0.583442 | r:  -504.000000 | e:   1.000000 | Q:        nan | won: False 
#   47 | steps:   549 | steps_t:     0 | t: 0.592415 | r:  -509.000000 | e:   1.000000 | Q:        nan | won: False 
#   48 | steps:   555 | steps_t:     0 | t: 0.599400 | r:  -505.000000 | e:   1.000000 | Q:        nan | won: False 
#   49 | steps:   575 | steps_t:     0 | t: 0.615353 | r:  -519.000000 | e:   1.000000 | Q:        nan | won: False 
#   50 | steps:   582 | steps_t:     0 | t: 0.621340 | r:  -506.000000 | e:   1.000000 | Q:        nan | won: False 
#   51 | steps:   591 | steps_t:     0 | t: 0.630315 | r:  -508.000000 | e:   1.000000 | Q:        nan | won: False 
#   52 | steps:   602 | steps_t:     0 | t: 0.641284 | r:  -510.000000 | e:   1.000000 | Q:        nan | won: False 
#   53 | steps:   611 | steps_t:     0 | t: 0.648267 | r:  -508.000000 | e:   1.000000 | Q:        nan | won: False 
#   54 | steps:   624 | steps_t:     0 | t: 0.659238 | r:  -512.000000 | e:   1.000000 | Q:        nan | won: False 
#   55 | steps:   640 | steps_t:     0 | t: 0.677189 | r:  -515.000000 | e:   1.000000 | Q:        nan | won: False 
#   56 | steps:   649 | steps_t:     0 | t: 0.691154 | r:  -508.000000 | e:   1.000000 | Q:        nan | won: False 
#   57 | steps:   658 | steps_t:     0 | t: 0.701125 | r:  -508.000000 | e:   1.000000 | Q:        nan | won: False 
#   58 | steps:   666 | steps_t:     0 | t: 0.722068 | r:  -507.000000 | e:   1.000000 | Q:        nan | won: False 
#   59 | steps:   673 | steps_t:     0 | t: 0.731045 | r:  -506.000000 | e:   1.000000 | Q:        nan | won: False 
#   60 | steps:   685 | steps_t:     0 | t: 0.749995 | r:  -511.000000 | e:   1.000000 | Q:        nan | won: False 
#   61 | steps:   693 | steps_t:     0 | t: 0.757974 | r:  -507.000000 | e:   1.000000 | Q:        nan | won: False 
#   62 | steps:   716 | steps_t:     0 | t: 0.783904 | r:  -522.000000 | e:   1.000000 | Q:        nan | won: False 
#   63 | steps:   731 | steps_t:     0 | t: 0.800858 | r:  -514.000000 | e:   1.000000 | Q:        nan | won: False 
#   64 | steps:   749 | steps_t:     0 | t: 0.821802 | r:  -517.000000 | e:   1.000000 | Q:        nan | won: False 
#   65 | steps:   759 | steps_t:     0 | t: 0.833770 | r:  -509.000000 | e:   1.000000 | Q:        nan | won: False 
#   66 | steps:   777 | steps_t:     0 | t: 0.859703 | r:  -517.000000 | e:   1.000000 | Q:        nan | won: False 
#   67 | steps:   785 | steps_t:     0 | t: 0.872668 | r:  -507.000000 | e:   1.000000 | Q:        nan | won: False 
#   68 | steps:   798 | steps_t:     0 | t: 0.889621 | r:  -512.000000 | e:   1.000000 | Q:        nan | won: False 
#   69 | steps:   804 | steps_t:     0 | t: 0.896601 | r:  -505.000000 | e:   1.000000 | Q:        nan | won: False 
#   70 | steps:   819 | steps_t:     0 | t: 0.916549 | r:  -514.000000 | e:   1.000000 | Q:        nan | won: False 
#   71 | steps:   830 | steps_t:     0 | t: 0.930511 | r:  -510.000000 | e:   1.000000 | Q:        nan | won: False 
#   72 | steps:   839 | steps_t:     0 | t: 0.943475 | r:  -508.000000 | e:   1.000000 | Q:        nan | won: False 
#   73 | steps:   861 | steps_t:     0 | t: 0.984366 | r:  -521.000000 | e:   1.000000 | Q:        nan | won: False 
#   74 | steps:   870 | steps_t:     0 | t: 1.017278 | r:  -508.000000 | e:   1.000000 | Q:        nan | won: False 
#   75 | steps:   881 | steps_t:     0 | t: 1.046203 | r:  -510.000000 | e:   1.000000 | Q:        nan | won: False 
#   76 | steps:   893 | steps_t:     0 | t: 1.067147 | r:  -511.000000 | e:   1.000000 | Q:        nan | won: False 
#   77 | steps:   899 | steps_t:     0 | t: 1.116014 | r:  -505.000000 | e:   1.000000 | Q:        nan | won: False 
#   78 | steps:   906 | steps_t:     0 | t: 1.128979 | r:  -506.000000 | e:   1.000000 | Q:        nan | won: False 
#   79 | steps:   913 | steps_t:     0 | t: 1.173859 | r:  -506.000000 | e:   1.000000 | Q:        nan | won: False 
#   80 | steps:   921 | steps_t:     0 | t: 1.205774 | r:  -507.000000 | e:   1.000000 | Q:        nan | won: False 
#   81 | steps:   931 | steps_t:     0 | t: 1.218740 | r:  -509.000000 | e:   1.000000 | Q:        nan | won: False 
#   82 | steps:   942 | steps_t:     0 | t: 1.234698 | r:  -510.000000 | e:   1.000000 | Q:        nan | won: False 
#   83 | steps:   949 | steps_t:     0 | t: 1.250654 | r:  -506.000000 | e:   1.000000 | Q:        nan | won: False 
#   84 | steps:   970 | steps_t:     0 | t: 1.281574 | r:  -520.000000 | e:   1.000000 | Q:        nan | won: False 
#   85 | steps:   981 | steps_t:     0 | t: 1.300521 | r:  -510.000000 | e:   1.000000 | Q:        nan | won: False 
#   86 | steps:   993 | steps_t:     0 | t: 1.318474 | r:  -511.000000 | e:   1.000000 | Q:        nan | won: False 
#   87 | steps:  1004 | steps_t:     0 | t: 1.332436 | r:  -510.000000 | e:   1.000000 | Q:        nan | won: False 
#   88 | steps:  1010 | steps_t:     0 | t: 1.341413 | r:  -505.000000 | e:   1.000000 | Q:        nan | won: False 
#   89 | steps:  1020 | steps_t:     0 | t: 1.357369 | r:  -509.000000 | e:   1.000000 | Q:        nan | won: False 
#   90 | steps:  1026 | steps_t:     0 | t: 1.363353 | r:  -505.000000 | e:   1.000000 | Q:        nan | won: False 
#   91 | steps:  1046 | steps_t:     0 | t: 1.399258 | r:  -508.000000 | e:   1.000000 | Q:        nan | won: False 
#   92 | steps:  1055 | steps_t:     0 | t: 1.412223 | r:  -508.000000 | e:   1.000000 | Q:        nan | won: False 
#   93 | steps:  1065 | steps_t:     0 | t: 1.428179 | r:  -509.000000 | e:   1.000000 | Q:        nan | won: False 
#   94 | steps:  1073 | steps_t:     0 | t: 1.440149 | r:  -507.000000 | e:   1.000000 | Q:        nan | won: False 
#   95 | steps:  1081 | steps_t:     0 | t: 1.468074 | r:  -507.000000 | e:   1.000000 | Q:        nan | won: False 
#   96 | steps:  1090 | steps_t:     0 | t: 1.478047 | r:  -508.000000 | e:   1.000000 | Q:        nan | won: False 
#   97 | steps:  1096 | steps_t:     0 | t: 1.484030 | r:  -505.000000 | e:   1.000000 | Q:        nan | won: False 
#   98 | steps:  1102 | steps_t:     0 | t: 1.491012 | r:  -505.000000 | e:   1.000000 | Q:        nan | won: False 
#   99 | steps:  1108 | steps_t:     0 | t: 1.496995 | r:  -505.000000 | e:   1.000000 | Q:        nan | won: False 
#  100 | steps:  1116 | steps_t:     0 | t: 1.530905 | r:  -507.000000 | e:   1.000000 | Q:        nan | won: False 
#  101 | steps:  1130 | steps_t:     0 | t: 1.584761 | r:  -513.000000 | e:   1.000000 | Q:        nan | won: False 
#  102 | steps:  1137 | steps_t:     0 | t: 1.601715 | r:  -506.000000 | e:   1.000000 | Q:        nan | won: False 
#  103 | steps:  1143 | steps_t:     0 | t: 1.611689 | r:  -505.000000 | e:   1.000000 | Q:        nan | won: False 
#  104 | steps:  1157 | steps_t:     0 | t: 1.623658 | r:  -513.000000 | e:   1.000000 | Q:        nan | won: False 
#  105 | steps:  1175 | steps_t:     0 | t: 1.634627 | r:  -517.000000 | e:   1.000000 | Q:        nan | won: False 
#  106 | steps:  1184 | steps_t:     0 | t: 1.646595 | r:  -508.000000 | e:   1.000000 | Q:        nan | won: False 
#  107 | steps:  1195 | steps_t:     0 | t: 1.652579 | r:  -510.000000 | e:   1.000000 | Q:        nan | won: False 
#  108 | steps:  1206 | steps_t:     0 | t: 1.667539 | r:  -510.000000 | e:   1.000000 | Q:        nan | won: False 
#  109 | steps:  1214 | steps_t:     0 | t: 1.681502 | r:  -507.000000 | e:   1.000000 | Q:        nan | won: False 
#  110 | steps:  1222 | steps_t:     0 | t: 1.688483 | r:  -507.000000 | e:   1.000000 | Q:        nan | won: False 
#  111 | steps:  1241 | steps_t:     0 | t: 1.708429 | r:  -518.000000 | e:   1.000000 | Q:        nan | won: False 
#  112 | steps:  1258 | steps_t:     0 | t: 1.735356 | r:  -505.000000 | e:   1.000000 | Q:        nan | won: False 
#  113 | steps:  1266 | steps_t:     0 | t: 1.743338 | r:  -507.000000 | e:   1.000000 | Q:        nan | won: False 
#  114 | steps:  1274 | steps_t:     0 | t: 1.751315 | r:  -507.000000 | e:   1.000000 | Q:        nan | won: False 
#  115 | steps:  1291 | steps_t:     0 | t: 1.764280 | r:  -516.000000 | e:   1.000000 | Q:        nan | won: False 
#  116 | steps:  1299 | steps_t:     0 | t: 1.768268 | r:  -507.000000 | e:   1.000000 | Q:        nan | won: False 
#  117 | steps:  1318 | steps_t:     0 | t: 1.784226 | r:  -518.000000 | e:   1.000000 | Q:        nan | won: False 
#  118 | steps:  1328 | steps_t:     0 | t: 1.797191 | r:  -509.000000 | e:   1.000000 | Q:        nan | won: False 
#  119 | steps:  1338 | steps_t:     0 | t: 1.806168 | r:  -509.000000 | e:   1.000000 | Q:        nan | won: False 
#  120 | steps:  1349 | steps_t:     0 | t: 1.818136 | r:  -510.000000 | e:   1.000000 | Q:        nan | won: False 
#  121 | steps:  1361 | steps_t:     0 | t: 1.829108 | r:  -511.000000 | e:   1.000000 | Q:        nan | won: False 
#  122 | steps:  1372 | steps_t:     0 | t: 1.835090 | r:  -510.000000 | e:   1.000000 | Q:        nan | won: False 
#  123 | steps:  1391 | steps_t:     0 | t: 1.852045 | r:  -518.000000 | e:   1.000000 | Q:        nan | won: False 
#  124 | steps:  1398 | steps_t:     0 | t: 1.861022 | r:  -506.000000 | e:   1.000000 | Q:        nan | won: False 
#  125 | steps:  1406 | steps_t:     0 | t: 1.872989 | r:  -507.000000 | e:   1.000000 | Q:        nan | won: False 
#  126 | steps:  1417 | steps_t:     0 | t: 1.907895 | r:  -510.000000 | e:   1.000000 | Q:        nan | won: False 
#  127 | steps:  1437 | steps_t:     0 | t: 1.951780 | r:  -519.000000 | e:   1.000000 | Q:        nan | won: False 
#  128 | steps:  1447 | steps_t:     0 | t: 1.965742 | r:  -509.000000 | e:   1.000000 | Q:        nan | won: False 
#  129 | steps:  1455 | steps_t:     0 | t: 1.988680 | r:  -507.000000 | e:   1.000000 | Q:        nan | won: False 
#  130 | steps:  1468 | steps_t:     0 | t: 1.999650 | r:  -512.000000 | e:   1.000000 | Q:        nan | won: False 
#  131 | steps:  1478 | steps_t:     0 | t: 2.008627 | r:  -509.000000 | e:   1.000000 | Q:        nan | won: False 
#  132 | steps:  1491 | steps_t:     0 | t: 2.018600 | r:  -512.000000 | e:   1.000000 | Q:        nan | won: False 
#  133 | steps:  1498 | steps_t:     0 | t: 2.026577 | r:  -506.000000 | e:   1.000000 | Q:        nan | won: False 
#  134 | steps:  1515 | steps_t:     0 | t: 2.044532 | r:  -516.000000 | e:   1.000000 | Q:        nan | won: False 
#  135 | steps:  1523 | steps_t:     0 | t: 2.051511 | r:  -507.000000 | e:   1.000000 | Q:        nan | won: False 
#  136 | steps:  1534 | steps_t:     0 | t: 2.063479 | r:  -510.000000 | e:   1.000000 | Q:        nan | won: False 
#  137 | steps:  1543 | steps_t:     0 | t: 2.067469 | r:  -508.000000 | e:   1.000000 | Q:        nan | won: False 
#  138 | steps:  1557 | steps_t:     0 | t: 2.082429 | r:  -513.000000 | e:   1.000000 | Q:        nan | won: False 
#  139 | steps:  1565 | steps_t:     0 | t: 2.089412 | r:  -507.000000 | e:   1.000000 | Q:        nan | won: False 
#  140 | steps:  1572 | steps_t:     0 | t: 2.096391 | r:  -506.000000 | e:   1.000000 | Q:        nan | won: False 
#  141 | steps:  1581 | steps_t:     0 | t: 2.101378 | r:  -508.000000 | e:   1.000000 | Q:        nan | won: False 
#  142 | steps:  1591 | steps_t:     0 | t: 2.112350 | r:  -509.000000 | e:   1.000000 | Q:        nan | won: False 
#  143 | steps:  1607 | steps_t:     0 | t: 2.127308 | r:  -504.000000 | e:   1.000000 | Q:        nan | won: False 
#  144 | steps:  1612 | steps_t:     0 | t: 2.131298 | r:  -504.000000 | e:   1.000000 | Q:        nan | won: False 
#  145 | steps:  1619 | steps_t:     0 | t: 2.141272 | r:  -506.000000 | e:   1.000000 | Q:        nan | won: False 
#  146 | steps:  1627 | steps_t:     0 | t: 2.148252 | r:  -507.000000 | e:   1.000000 | Q:        nan | won: False 
#  147 | steps:  1634 | steps_t:     0 | t: 2.156231 | r:  -506.000000 | e:   1.000000 | Q:        nan | won: False 
#  148 | steps:  1642 | steps_t:     0 | t: 2.166204 | r:  -507.000000 | e:   1.000000 | Q:        nan | won: False 
#  149 | steps:  1648 | steps_t:     0 | t: 2.177176 | r:  -505.000000 | e:   1.000000 | Q:        nan | won: False 
#  150 | steps:  1659 | steps_t:     0 | t: 2.188147 | r:  -510.000000 | e:   1.000000 | Q:        nan | won: False 
#  151 | steps:  1670 | steps_t:     0 | t: 2.198119 | r:  -510.000000 | e:   1.000000 | Q:        nan | won: False 
#  152 | steps:  1678 | steps_t:     0 | t: 2.208093 | r:  -507.000000 | e:   1.000000 | Q:        nan | won: False 
#  153 | steps:  1685 | steps_t:     0 | t: 2.214076 | r:  -506.000000 | e:   1.000000 | Q:        nan | won: False 
#  154 | steps:  1699 | steps_t:     0 | t: 2.225049 | r:  -513.000000 | e:   1.000000 | Q:        nan | won: False 
#  155 | steps:  1712 | steps_t:     0 | t: 2.234025 | r:  -512.000000 | e:   1.000000 | Q:        nan | won: False 
#  156 | steps:  1721 | steps_t:     0 | t: 2.242001 | r:  -508.000000 | e:   1.000000 | Q:        nan | won: False 
#  157 | steps:  1729 | steps_t:     0 | t: 2.247985 | r:  -507.000000 | e:   1.000000 | Q:        nan | won: False 
#  158 | steps:  1738 | steps_t:     0 | t: 2.253971 | r:  -508.000000 | e:   1.000000 | Q:        nan | won: False 
#  159 | steps:  1754 | steps_t:     0 | t: 2.262946 | r:  -515.000000 | e:   1.000000 | Q:        nan | won: False 
#  160 | steps:  1763 | steps_t:     0 | t: 2.267933 | r:  -508.000000 | e:   1.000000 | Q:        nan | won: False 
#  161 | steps:  1782 | steps_t:     0 | t: 2.279899 | r:  -518.000000 | e:   1.000000 | Q:        nan | won: False 
#  162 | steps:  1792 | steps_t:     0 | t: 2.284887 | r:  -509.000000 | e:   1.000000 | Q:        nan | won: False 
#  163 | steps:  1807 | steps_t:     0 | t: 2.296855 | r:  -514.000000 | e:   1.000000 | Q:        nan | won: False 
#  164 | steps:  1815 | steps_t:     0 | t: 2.301842 | r:  -507.000000 | e:   1.000000 | Q:        nan | won: False 
#  165 | steps:  1824 | steps_t:     0 | t: 2.310818 | r:  -508.000000 | e:   1.000000 | Q:        nan | won: False 
#  166 | steps:  1835 | steps_t:     0 | t: 2.315805 | r:  -510.000000 | e:   1.000000 | Q:        nan | won: False 
#  167 | steps:  1846 | steps_t:     0 | t: 2.324780 | r:  -510.000000 | e:   1.000000 | Q:        nan | won: False 
#  168 | steps:  1871 | steps_t:     0 | t: 2.335750 | r:  -513.000000 | e:   1.000000 | Q:        nan | won: False 
#  169 | steps:  1883 | steps_t:     0 | t: 2.344728 | r:  -511.000000 | e:   1.000000 | Q:        nan | won: False 
#  170 | steps:  1896 | steps_t:     0 | t: 2.349712 | r:  -512.000000 | e:   1.000000 | Q:        nan | won: False 
#  171 | steps:  1906 | steps_t:     0 | t: 2.357692 | r:  -509.000000 | e:   1.000000 | Q:        nan | won: False 
#  172 | steps:  1915 | steps_t:     0 | t: 2.363678 | r:  -508.000000 | e:   1.000000 | Q:        nan | won: False 
#  173 | steps:  1925 | steps_t:     0 | t: 2.368663 | r:  -509.000000 | e:   1.000000 | Q:        nan | won: False 
#  174 | steps:  1936 | steps_t:     0 | t: 2.376643 | r:  -510.000000 | e:   1.000000 | Q:        nan | won: False 
#  175 | steps:  1957 | steps_t:     0 | t: 2.386615 | r:  -520.000000 | e:   1.000000 | Q:        nan | won: False 
#  176 | steps:  1966 | steps_t:     0 | t: 2.393598 | r:  -508.000000 | e:   1.000000 | Q:        nan | won: False 
#  177 | steps:  1973 | steps_t:     0 | t: 2.397586 | r:  -506.000000 | e:   1.000000 | Q:        nan | won: False 
#  178 | steps:  1983 | steps_t:     0 | t: 2.402572 | r:  -509.000000 | e:   1.000000 | Q:        nan | won: False 
#  179 | steps:  1998 | steps_t:     0 | t: 2.413542 | r:  -492.000000 | e:   1.000000 | Q:        nan | won: False 
#  180 | steps:  2020 | steps_t:     0 | t: 2.425513 | r:  -521.000000 | e:   1.000000 | Q:        nan | won: False 
#  181 | steps:  2036 | steps_t:     0 | t: 2.433488 | r:  -515.000000 | e:   1.000000 | Q:        nan | won: False 
#  182 | steps:  2044 | steps_t:     0 | t: 2.440472 | r:  -507.000000 | e:   1.000000 | Q:        nan | won: False 
#  183 | steps:  2053 | steps_t:     0 | t: 2.446454 | r:  -508.000000 | e:   1.000000 | Q:        nan | won: False 
#  184 | steps:  2060 | steps_t:     0 | t: 2.450444 | r:  -506.000000 | e:   1.000000 | Q:        nan | won: False 
#  185 | steps:  2067 | steps_t:     0 | t: 2.457429 | r:  -506.000000 | e:   1.000000 | Q:        nan | won: False 
#  186 | steps:  2077 | steps_t:     0 | t: 2.464407 | r:  -509.000000 | e:   1.000000 | Q:        nan | won: False 
#  187 | steps:  2085 | steps_t:     0 | t: 2.467400 | r:  -507.000000 | e:   1.000000 | Q:        nan | won: False 
#  188 | steps:  2094 | steps_t:     0 | t: 2.477373 | r:  -508.000000 | e:   1.000000 | Q:        nan | won: False 
#  189 | steps:  2101 | steps_t:     0 | t: 2.481361 | r:  -506.000000 | e:   1.000000 | Q:        nan | won: False 
#  190 | steps:  2112 | steps_t:     0 | t: 2.488343 | r:  -510.000000 | e:   1.000000 | Q:        nan | won: False 
#  191 | steps:  2122 | steps_t:     0 | t: 2.494329 | r:  -509.000000 | e:   1.000000 | Q:        nan | won: False 
#  192 | steps:  2134 | steps_t:     0 | t: 2.501308 | r:  -511.000000 | e:   1.000000 | Q:        nan | won: False 
#  193 | steps:  2143 | steps_t:     0 | t: 2.509286 | r:  -508.000000 | e:   1.000000 | Q:        nan | won: False 
#  194 | steps:  2154 | steps_t:     0 | t: 2.515270 | r:  -510.000000 | e:   1.000000 | Q:        nan | won: False 
#  195 | steps:  2165 | steps_t:     0 | t: 2.524247 | r:  -510.000000 | e:   1.000000 | Q:        nan | won: False 
#  196 | steps:  2174 | steps_t:     0 | t: 2.530230 | r:  -508.000000 | e:   1.000000 | Q:        nan | won: False 
#  197 | steps:  2182 | steps_t:     0 | t: 2.534220 | r:  -507.000000 | e:   1.000000 | Q:        nan | won: False 
#  198 | steps:  2194 | steps_t:     0 | t: 2.544194 | r:  -511.000000 | e:   1.000000 | Q:        nan | won: False 
#  199 | steps:  2202 | steps_t:     0 | t: 2.548182 | r:  -507.000000 | e:   1.000000 | Q:        nan | won: False 
#  200 | steps:  2209 | steps_t:     0 | t: 2.555165 | r:  -506.000000 | e:   1.000000 | Q:        nan | won: False 
#  201 | steps:  2228 | steps_t:     0 | t: 2.564139 | r:  -518.000000 | e:   1.000000 | Q:        nan | won: False 
#  202 | steps:  2234 | steps_t:     0 | t: 2.568129 | r:  -505.000000 | e:   1.000000 | Q:        nan | won: False 
#  203 | steps:  2244 | steps_t:     0 | t: 2.576108 | r:  -509.000000 | e:   1.000000 | Q:        nan | won: False 
#  204 | steps:  2256 | steps_t:     0 | t: 2.582091 | r:  -511.000000 | e:   1.000000 | Q:        nan | won: False 
#  205 | steps:  2262 | steps_t:     0 | t: 2.585083 | r:  -505.000000 | e:   1.000000 | Q:        nan | won: False 
#  206 | steps:  2272 | steps_t:     0 | t: 2.593063 | r:  -509.000000 | e:   1.000000 | Q:        nan | won: False 
#  207 | steps:  2284 | steps_t:     0 | t: 2.599047 | r:  -511.000000 | e:   1.000000 | Q:        nan | won: False 
#  208 | steps:  2295 | steps_t:     0 | t: 2.607025 | r:  -510.000000 | e:   1.000000 | Q:        nan | won: False 
#  209 | steps:  2306 | steps_t:     0 | t: 2.614006 | r:  -510.000000 | e:   1.000000 | Q:        nan | won: False 
#  210 | steps:  2316 | steps_t:     0 | t: 2.618992 | r:  -509.000000 | e:   1.000000 | Q:        nan | won: False 
#  211 | steps:  2331 | steps_t:     0 | t: 2.629963 | r:  -492.000000 | e:   1.000000 | Q:        nan | won: False 
#  212 | steps:  2345 | steps_t:     0 | t: 2.638941 | r:  -502.000000 | e:   1.000000 | Q:        nan | won: False 
#  213 | steps:  2352 | steps_t:     0 | t: 2.644927 | r:  -506.000000 | e:   1.000000 | Q:        nan | won: False 
#  214 | steps:  2360 | steps_t:     0 | t: 2.648913 | r:  -507.000000 | e:   1.000000 | Q:        nan | won: False 
#  215 | steps:  2379 | steps_t:     0 | t: 2.660880 | r:  -518.000000 | e:   1.000000 | Q:        nan | won: False 
#  216 | steps:  2388 | steps_t:     0 | t: 2.665867 | r:  -508.000000 | e:   1.000000 | Q:        nan | won: False 
#  217 | steps:  2394 | steps_t:     0 | t: 2.668859 | r:  -505.000000 | e:   1.000000 | Q:        nan | won: False 
#  218 | steps:  2411 | steps_t:     0 | t: 2.679830 | r:  -516.000000 | e:   1.000000 | Q:        nan | won: False 
#  219 | steps:  2439 | steps_t:     0 | t: 2.696784 | r:  -527.000000 | e:   1.000000 | Q:        nan | won: False 
#  220 | steps:  2448 | steps_t:     0 | t: 2.701771 | r:  -508.000000 | e:   1.000000 | Q:        nan | won: False 
#  221 | steps:  2455 | steps_t:     0 | t: 2.707755 | r:  -506.000000 | e:   1.000000 | Q:        nan | won: False 
#  222 | steps:  2464 | steps_t:     0 | t: 2.712742 | r:  -508.000000 | e:   1.000000 | Q:        nan | won: False 
#  223 | steps:  2486 | steps_t:     0 | t: 2.726705 | r:  -521.000000 | e:   1.000000 | Q:        nan | won: False 
#  224 | steps:  2500 | steps_t:     0 | t: 2.733685 | r:  -513.000000 | e:   1.000000 | Q:        nan | won: False 
#  225 | steps:  2512 | steps_t:     0 | t: 2.742662 | r:  -511.000000 | e:   1.000000 | Q:        nan | won: False 
#  226 | steps:  2522 | steps_t:     0 | t: 2.747648 | r:  -509.000000 | e:   1.000000 | Q:        nan | won: False 
#  227 | steps:  2531 | steps_t:     0 | t: 2.752635 | r:  -508.000000 | e:   1.000000 | Q:        nan | won: False 
#  228 | steps:  2541 | steps_t:     0 | t: 2.775574 | r:  -509.000000 | e:   1.000000 | Q:        nan | won: False 
#  229 | steps:  2548 | steps_t:     0 | t: 2.785547 | r:  -506.000000 | e:   1.000000 | Q:        nan | won: False 
#  230 | steps:  2561 | steps_t:     0 | t: 2.810480 | r:  -512.000000 | e:   1.000000 | Q:        nan | won: False 
#  231 | steps:  2570 | steps_t:     0 | t: 2.818459 | r:  -508.000000 | e:   1.000000 | Q:        nan | won: False 
#  232 | steps:  2582 | steps_t:     0 | t: 2.829431 | r:  -511.000000 | e:   1.000000 | Q:        nan | won: False 
#  233 | steps:  2590 | steps_t:     0 | t: 2.833418 | r:  -507.000000 | e:   1.000000 | Q:        nan | won: False 
#  234 | steps:  2598 | steps_t:     0 | t: 2.840403 | r:  -507.000000 | e:   1.000000 | Q:        nan | won: False 
#  235 | steps:  2607 | steps_t:     0 | t: 2.846384 | r:  -508.000000 | e:   1.000000 | Q:        nan | won: False 
#  236 | steps:  2618 | steps_t:     0 | t: 2.851371 | r:  -510.000000 | e:   1.000000 | Q:        nan | won: False 
#  237 | steps:  2631 | steps_t:     0 | t: 2.862343 | r:  -512.000000 | e:   1.000000 | Q:        nan | won: False 
#  238 | steps:  2637 | steps_t:     0 | t: 2.866331 | r:  -505.000000 | e:   1.000000 | Q:        nan | won: False 
#  239 | steps:  2657 | steps_t:     0 | t: 2.885283 | r:  -519.000000 | e:   1.000000 | Q:        nan | won: False 
#  240 | steps:  2666 | steps_t:     0 | t: 2.896251 | r:  -508.000000 | e:   1.000000 | Q:        nan | won: False 
#  241 | steps:  2674 | steps_t:     0 | t: 2.901237 | r:  -507.000000 | e:   1.000000 | Q:        nan | won: False 
#  242 | steps:  2695 | steps_t:     0 | t: 2.913206 | r:  -520.000000 | e:   1.000000 | Q:        nan | won: False 
#  243 | steps:  2706 | steps_t:     0 | t: 2.918191 | r:  -510.000000 | e:   1.000000 | Q:        nan | won: False 
#  244 | steps:  2714 | steps_t:     0 | t: 2.928165 | r:  -507.000000 | e:   1.000000 | Q:        nan | won: False 
#  245 | steps:  2721 | steps_t:     0 | t: 2.933152 | r:  -506.000000 | e:   1.000000 | Q:        nan | won: False 
#  246 | steps:  2729 | steps_t:     0 | t: 2.939137 | r:  -507.000000 | e:   1.000000 | Q:        nan | won: False 
#  247 | steps:  2738 | steps_t:     0 | t: 2.945120 | r:  -508.000000 | e:   1.000000 | Q:        nan | won: False 
#  248 | steps:  2753 | steps_t:     0 | t: 2.952102 | r:  -514.000000 | e:   1.000000 | Q:        nan | won: False 
#  249 | steps:  2759 | steps_t:     0 | t: 2.958086 | r:  -505.000000 | e:   1.000000 | Q:        nan | won: False 
#  250 | steps:  2766 | steps_t:     0 | t: 2.962075 | r:  -506.000000 | e:   1.000000 | Q:        nan | won: False 
#  251 | steps:  2773 | steps_t:     0 | t: 2.965067 | r:  -506.000000 | e:   1.000000 | Q:        nan | won: False 
#  252 | steps:  2780 | steps_t:     0 | t: 2.970054 | r:  -506.000000 | e:   1.000000 | Q:        nan | won: False 
#  253 | steps:  2793 | steps_t:     0 | t: 2.978032 | r:  -512.000000 | e:   1.000000 | Q:        nan | won: False 
#  254 | steps:  2803 | steps_t:     0 | t: 2.983019 | r:  -509.000000 | e:   1.000000 | Q:        nan | won: False 
#  255 | steps:  2811 | steps_t:     0 | t: 2.992992 | r:  -507.000000 | e:   1.000000 | Q:        nan | won: False 
#  256 | steps:  2822 | steps_t:     0 | t: 2.997978 | r:  -510.000000 | e:   1.000000 | Q:        nan | won: False 
#  257 | steps:  2834 | steps_t:     0 | t: 3.006955 | r:  -511.000000 | e:   1.000000 | Q:        nan | won: False 
#  258 | steps:  2842 | steps_t:     0 | t: 3.010944 | r:  -507.000000 | e:   1.000000 | Q:        nan | won: False 
#  259 | steps:  2855 | steps_t:     0 | t: 3.016927 | r:  -512.000000 | e:   1.000000 | Q:        nan | won: False 
#  260 | steps:  2863 | steps_t:     0 | t: 3.025904 | r:  -507.000000 | e:   1.000000 | Q:        nan | won: False 
#  261 | steps:  2871 | steps_t:     0 | t: 3.031888 | r:  -507.000000 | e:   1.000000 | Q:        nan | won: False 
#  262 | steps:  2879 | steps_t:     0 | t: 3.039868 | r:  -507.000000 | e:   1.000000 | Q:        nan | won: False 
#  263 | steps:  2887 | steps_t:     0 | t: 3.045852 | r:  -507.000000 | e:   1.000000 | Q:        nan | won: False 
#  264 | steps:  2896 | steps_t:     0 | t: 3.050838 | r:  -508.000000 | e:   1.000000 | Q:        nan | won: False 
#  265 | steps:  2904 | steps_t:     0 | t: 3.058817 | r:  -507.000000 | e:   1.000000 | Q:        nan | won: False 
#  266 | steps:  2928 | steps_t:     0 | t: 3.068791 | r:  -523.000000 | e:   1.000000 | Q:        nan | won: False 
#  267 | steps:  2935 | steps_t:     0 | t: 3.075772 | r:  -506.000000 | e:   1.000000 | Q:        nan | won: False 
#  268 | steps:  2941 | steps_t:     0 | t: 3.078762 | r:  -505.000000 | e:   1.000000 | Q:        nan | won: False 
#  269 | steps:  2961 | steps_t:     0 | t: 3.090731 | r:  -519.000000 | e:   1.000000 | Q:        nan | won: False 
#  270 | steps:  2968 | steps_t:     0 | t: 3.094721 | r:  -506.000000 | e:   1.000000 | Q:        nan | won: False 
#  271 | steps:  2978 | steps_t:     0 | t: 3.099706 | r:  -509.000000 | e:   1.000000 | Q:        nan | won: False 
#  272 | steps:  2990 | steps_t:     0 | t: 3.112674 | r:  -511.000000 | e:   1.000000 | Q:        nan | won: False 
#  273 | steps:  3000 | steps_t:     0 | t: 3.157553 | r:  -509.000000 | e:   1.000000 | Q:        nan | won: False 
#  274 | steps:  3008 | steps_t:     0 | t: 3.177499 | r:  -507.000000 | e:   1.000000 | Q:        nan | won: False 
#  275 | steps:  3023 | steps_t:     0 | t: 3.185477 | r:  -514.000000 | e:   1.000000 | Q:        nan | won: False 
#  276 | steps:  3033 | steps_t:     0 | t: 3.193457 | r:  -509.000000 | e:   1.000000 | Q:        nan | won: False 
#  277 | steps:  3043 | steps_t:     0 | t: 3.198443 | r:  -509.000000 | e:   1.000000 | Q:        nan | won: False 
#  278 | steps:  3052 | steps_t:     0 | t: 3.203430 | r:  -508.000000 | e:   1.000000 | Q:        nan | won: False 
#  279 | steps:  3061 | steps_t:     0 | t: 3.213404 | r:  -508.000000 | e:   1.000000 | Q:        nan | won: False 
#  280 | steps:  3070 | steps_t:     0 | t: 3.218388 | r:  -508.000000 | e:   1.000000 | Q:        nan | won: False 
#  281 | steps:  3081 | steps_t:     0 | t: 3.226368 | r:  -510.000000 | e:   1.000000 | Q:        nan | won: False 
#  282 | steps:  3088 | steps_t:     0 | t: 3.230356 | r:  -506.000000 | e:   1.000000 | Q:        nan | won: False 
#  283 | steps:  3101 | steps_t:     0 | t: 3.239335 | r:  -512.000000 | e:   1.000000 | Q:        nan | won: False 
#  284 | steps:  3110 | steps_t:     0 | t: 3.244320 | r:  -508.000000 | e:   1.000000 | Q:        nan | won: False 
#  285 | steps:  3128 | steps_t:     0 | t: 3.253297 | r:  -517.000000 | e:   1.000000 | Q:        nan | won: False 
#  286 | steps:  3134 | steps_t:     0 | t: 3.258284 | r:  -505.000000 | e:   1.000000 | Q:        nan | won: False 
#  287 | steps:  3139 | steps_t:     0 | t: 3.262271 | r:  -504.000000 | e:   1.000000 | Q:        nan | won: False 
#  288 | steps:  3148 | steps_t:     0 | t: 3.266261 | r:  -508.000000 | e:   1.000000 | Q:        nan | won: False 
#  289 | steps:  3169 | steps_t:     0 | t: 3.278229 | r:  -509.000000 | e:   1.000000 | Q:        nan | won: False 
#  290 | steps:  3175 | steps_t:     0 | t: 3.281220 | r:  -505.000000 | e:   1.000000 | Q:        nan | won: False 
#  291 | steps:  3186 | steps_t:     0 | t: 3.288203 | r:  -510.000000 | e:   1.000000 | Q:        nan | won: False 
#  292 | steps:  3203 | steps_t:     0 | t: 3.298175 | r:  -516.000000 | e:   1.000000 | Q:        nan | won: False 
#  293 | steps:  3220 | steps_t:     0 | t: 3.308149 | r:  -516.000000 | e:   1.000000 | Q:        nan | won: False 
#  294 | steps:  3227 | steps_t:     0 | t: 3.312138 | r:  -506.000000 | e:   1.000000 | Q:        nan | won: False 
#  295 | steps:  3234 | steps_t:     0 | t: 3.316128 | r:  -506.000000 | e:   1.000000 | Q:        nan | won: False 
#  296 | steps:  3241 | steps_t:     0 | t: 3.321115 | r:  -506.000000 | e:   1.000000 | Q:        nan | won: False 
#  297 | steps:  3248 | steps_t:     0 | t: 3.326101 | r:  -506.000000 | e:   1.000000 | Q:        nan | won: False 
#  298 | steps:  3259 | steps_t:     0 | t: 3.331087 | r:  -510.000000 | e:   1.000000 | Q:        nan | won: False 
#  299 | steps:  3269 | steps_t:     0 | t: 3.336073 | r:  -509.000000 | e:   1.000000 | Q:        nan | won: False 
#  300 | steps:  3281 | steps_t:     0 | t: 3.344053 | r:  -511.000000 | e:   1.000000 | Q:        nan | won: False 
#  301 | steps:  3292 | steps_t:     0 | t: 3.349040 | r:  -510.000000 | e:   1.000000 | Q:        nan | won: False 
#  302 | steps:  3301 | steps_t:     0 | t: 3.359014 | r:  -508.000000 | e:   1.000000 | Q:        nan | won: False 
#  303 | steps:  3313 | steps_t:     0 | t: 3.363999 | r:  -511.000000 | e:   1.000000 | Q:        nan | won: False 
#  304 | steps:  3339 | steps_t:     0 | t: 3.377962 | r:  -525.000000 | e:   1.000000 | Q:        nan | won: False 
#  305 | steps:  3361 | steps_t:     0 | t: 3.389930 | r:  -521.000000 | e:   1.000000 | Q:        nan | won: False 
#  306 | steps:  3367 | steps_t:     0 | t: 3.392921 | r:  -505.000000 | e:   1.000000 | Q:        nan | won: False 
#  307 | steps:  3373 | steps_t:     0 | t: 3.395913 | r:  -505.000000 | e:   1.000000 | Q:        nan | won: False 
#  308 | steps:  3389 | steps_t:     0 | t: 3.404891 | r:  -515.000000 | e:   1.000000 | Q:        nan | won: False 
#  309 | steps:  3398 | steps_t:     0 | t: 3.410873 | r:  -508.000000 | e:   1.000000 | Q:        nan | won: False 
#  310 | steps:  3407 | steps_t:     0 | t: 3.415862 | r:  -508.000000 | e:   1.000000 | Q:        nan | won: False 
#  311 | steps:  3434 | steps_t:     0 | t: 3.430821 | r:  -515.000000 | e:   1.000000 | Q:        nan | won: False 
#  312 | steps:  3442 | steps_t:     0 | t: 3.434809 | r:  -507.000000 | e:   1.000000 | Q:        nan | won: False 
#  313 | steps:  3448 | steps_t:     0 | t: 3.441793 | r:  -505.000000 | e:   1.000000 | Q:        nan | won: False 
#  314 | steps:  3454 | steps_t:     0 | t: 3.444783 | r:  -505.000000 | e:   1.000000 | Q:        nan | won: False 
#  315 | steps:  3462 | steps_t:     0 | t: 3.449770 | r:  -507.000000 | e:   1.000000 | Q:        nan | won: False 
#  316 | steps:  3469 | steps_t:     0 | t: 3.454758 | r:  -506.000000 | e:   1.000000 | Q:        nan | won: False 
#  317 | steps:  3476 | steps_t:     0 | t: 3.459742 | r:  -506.000000 | e:   1.000000 | Q:        nan | won: False 
#  318 | steps:  3486 | steps_t:     0 | t: 3.463732 | r:  -509.000000 | e:   1.000000 | Q:        nan | won: False 
#  319 | steps:  3495 | steps_t:     0 | t: 3.468718 | r:  -508.000000 | e:   1.000000 | Q:        nan | won: False 
#  320 | steps:  3517 | steps_t:     0 | t: 3.480687 | r:  -521.000000 | e:   1.000000 | Q:        nan | won: False 
#  321 | steps:  3524 | steps_t:     0 | t: 3.484676 | r:  -506.000000 | e:   1.000000 | Q:        nan | won: False 
#  322 | steps:  3543 | steps_t:     0 | t: 3.495647 | r:  -518.000000 | e:   1.000000 | Q:        nan | won: False 
#  323 | steps:  3550 | steps_t:     0 | t: 3.499636 | r:  -506.000000 | e:   1.000000 | Q:        nan | won: False 
#  324 | steps:  3560 | steps_t:     0 | t: 3.507617 | r:  -509.000000 | e:   1.000000 | Q:        nan | won: False 
#  325 | steps:  3570 | steps_t:     0 | t: 3.512601 | r:  -509.000000 | e:   1.000000 | Q:        nan | won: False 
#  326 | steps:  3586 | steps_t:     0 | t: 3.520582 | r:  -515.000000 | e:   1.000000 | Q:        nan | won: False 
#  327 | steps:  3594 | steps_t:     0 | t: 3.526564 | r:  -507.000000 | e:   1.000000 | Q:        nan | won: False 
#  328 | steps:  3603 | steps_t:     0 | t: 3.531552 | r:  -508.000000 | e:   1.000000 | Q:        nan | won: False 
#  329 | steps:  3612 | steps_t:     0 | t: 3.540527 | r:  -508.000000 | e:   1.000000 | Q:        nan | won: False 
#  330 | steps:  3622 | steps_t:     0 | t: 3.546513 | r:  -509.000000 | e:   1.000000 | Q:        nan | won: False 
#  331 | steps:  3635 | steps_t:     0 | t: 3.552496 | r:  -512.000000 | e:   1.000000 | Q:        nan | won: False 
#  332 | steps:  3641 | steps_t:     0 | t: 3.558481 | r:  -505.000000 | e:   1.000000 | Q:        nan | won: False 
#  333 | steps:  3647 | steps_t:     0 | t: 3.561471 | r:  -505.000000 | e:   1.000000 | Q:        nan | won: False 
#  334 | steps:  3656 | steps_t:     0 | t: 3.566460 | r:  -508.000000 | e:   1.000000 | Q:        nan | won: False 
#  335 | steps:  3662 | steps_t:     0 | t: 3.570448 | r:  -505.000000 | e:   1.000000 | Q:        nan | won: False 
#  336 | steps:  3674 | steps_t:     0 | t: 3.578427 | r:  -511.000000 | e:   1.000000 | Q:        nan | won: False 
#  337 | steps:  3680 | steps_t:     0 | t: 3.581417 | r:  -505.000000 | e:   1.000000 | Q:        nan | won: False 
#  338 | steps:  3688 | steps_t:     0 | t: 3.585406 | r:  -507.000000 | e:   1.000000 | Q:        nan | won: False 
#  339 | steps:  3695 | steps_t:     0 | t: 3.592390 | r:  -506.000000 | e:   1.000000 | Q:        nan | won: False 
#  340 | steps:  3710 | steps_t:     0 | t: 3.600369 | r:  -492.000000 | e:   1.000000 | Q:        nan | won: False 
#  341 | steps:  3719 | steps_t:     0 | t: 3.608346 | r:  -508.000000 | e:   1.000000 | Q:        nan | won: False 
#  342 | steps:  3729 | steps_t:     0 | t: 3.613334 | r:  -509.000000 | e:   1.000000 | Q:        nan | won: False 
#  343 | steps:  3736 | steps_t:     0 | t: 3.617323 | r:  -506.000000 | e:   1.000000 | Q:        nan | won: False 
#  344 | steps:  3756 | steps_t:     0 | t: 3.629291 | r:  -519.000000 | e:   1.000000 | Q:        nan | won: False 
#  345 | steps:  3766 | steps_t:     0 | t: 3.634276 | r:  -509.000000 | e:   1.000000 | Q:        nan | won: False 
#  346 | steps:  3779 | steps_t:     0 | t: 3.643253 | r:  -512.000000 | e:   1.000000 | Q:        nan | won: False 
#  347 | steps:  3788 | steps_t:     0 | t: 3.647242 | r:  -508.000000 | e:   1.000000 | Q:        nan | won: False 
#  348 | steps:  3794 | steps_t:     0 | t: 3.651231 | r:  -505.000000 | e:   1.000000 | Q:        nan | won: False 
#  349 | steps:  3803 | steps_t:     0 | t: 3.659211 | r:  -508.000000 | e:   1.000000 | Q:        nan | won: False 
#  350 | steps:  3813 | steps_t:     0 | t: 3.664198 | r:  -509.000000 | e:   1.000000 | Q:        nan | won: False 
#  351 | steps:  3819 | steps_t:     0 | t: 3.668186 | r:  -505.000000 | e:   1.000000 | Q:        nan | won: False 
#  352 | steps:  3826 | steps_t:     0 | t: 3.674171 | r:  -506.000000 | e:   1.000000 | Q:        nan | won: False 
#  353 | steps:  3839 | steps_t:     0 | t: 3.681152 | r:  -512.000000 | e:   1.000000 | Q:        nan | won: False 
#  354 | steps:  3848 | steps_t:     0 | t: 3.687137 | r:  -508.000000 | e:   1.000000 | Q:        nan | won: False 
#  355 | steps:  3853 | steps_t:     0 | t: 3.692122 | r:  -504.000000 | e:   1.000000 | Q:        nan | won: False 
#  356 | steps:  3861 | steps_t:     0 | t: 3.696111 | r:  -507.000000 | e:   1.000000 | Q:        nan | won: False 
#  357 | steps:  3870 | steps_t:     0 | t: 3.701097 | r:  -508.000000 | e:   1.000000 | Q:        nan | won: False 
#  358 | steps:  3876 | steps_t:     0 | t: 3.707083 | r:  -505.000000 | e:   1.000000 | Q:        nan | won: False 
#  359 | steps:  3883 | steps_t:     0 | t: 3.711071 | r:  -506.000000 | e:   1.000000 | Q:        nan | won: False 
#  360 | steps:  3893 | steps_t:     0 | t: 3.716058 | r:  -509.000000 | e:   1.000000 | Q:        nan | won: False 
#  361 | steps:  3902 | steps_t:     0 | t: 3.721047 | r:  -508.000000 | e:   1.000000 | Q:        nan | won: False 
#  362 | steps:  3910 | steps_t:     0 | t: 3.727027 | r:  -507.000000 | e:   1.000000 | Q:        nan | won: False 
#  363 | steps:  3918 | steps_t:     0 | t: 3.732015 | r:  -507.000000 | e:   1.000000 | Q:        nan | won: False 
#  364 | steps:  3931 | steps_t:     0 | t: 3.739994 | r:  -512.000000 | e:   1.000000 | Q:        nan | won: False 
#  365 | steps:  3938 | steps_t:     0 | t: 3.743984 | r:  -506.000000 | e:   1.000000 | Q:        nan | won: False 
#  366 | steps:  3944 | steps_t:     0 | t: 3.746974 | r:  -505.000000 | e:   1.000000 | Q:        nan | won: False 
#  367 | steps:  3950 | steps_t:     0 | t: 3.750963 | r:  -505.000000 | e:   1.000000 | Q:        nan | won: False 
#  368 | steps:  3961 | steps_t:     0 | t: 3.758944 | r:  -510.000000 | e:   1.000000 | Q:        nan | won: False 
#  369 | steps:  3968 | steps_t:     0 | t: 3.764926 | r:  -506.000000 | e:   1.000000 | Q:        nan | won: False 
#  370 | steps:  3978 | steps_t:     0 | t: 3.769914 | r:  -509.000000 | e:   1.000000 | Q:        nan | won: False 
#  371 | steps:  3985 | steps_t:     0 | t: 3.775897 | r:  -506.000000 | e:   1.000000 | Q:        nan | won: False 
#  372 | steps:  3994 | steps_t:     0 | t: 3.779886 | r:  -508.000000 | e:   1.000000 | Q:        nan | won: False 
#  373 | steps:  4005 | steps_t:     0 | t: 3.785870 | r:  -510.000000 | e:   1.000000 | Q:        nan | won: False 
#  374 | steps:  4017 | steps_t:     0 | t: 3.794847 | r:  -511.000000 | e:   1.000000 | Q:        nan | won: False 
#  375 | steps:  4040 | steps_t:     0 | t: 3.806816 | r:  -522.000000 | e:   1.000000 | Q:        nan | won: False 
#  376 | steps:  4060 | steps_t:     0 | t: 3.816788 | r:  -519.000000 | e:   1.000000 | Q:        nan | won: False 
#  377 | steps:  4068 | steps_t:     0 | t: 3.823770 | r:  -507.000000 | e:   1.000000 | Q:        nan | won: False 
#  378 | steps:  4077 | steps_t:     0 | t: 3.828757 | r:  -508.000000 | e:   1.000000 | Q:        nan | won: False 
#  379 | steps:  4102 | steps_t:     0 | t: 3.841721 | r:  -524.000000 | e:   1.000000 | Q:        nan | won: False 
#  380 | steps:  4114 | steps_t:     0 | t: 3.847704 | r:  -511.000000 | e:   1.000000 | Q:        nan | won: False 
#  381 | steps:  4124 | steps_t:     0 | t: 3.853692 | r:  -509.000000 | e:   1.000000 | Q:        nan | won: False 
#  382 | steps:  4131 | steps_t:     0 | t: 3.858675 | r:  -506.000000 | e:   1.000000 | Q:        nan | won: False 
#  383 | steps:  4152 | steps_t:     0 | t: 3.868649 | r:  -520.000000 | e:   1.000000 | Q:        nan | won: False 
#  384 | steps:  4162 | steps_t:     0 | t: 3.876627 | r:  -509.000000 | e:   1.000000 | Q:        nan | won: False 
#  385 | steps:  4169 | steps_t:     0 | t: 3.881615 | r:  -506.000000 | e:   1.000000 | Q:        nan | won: False 
#  386 | steps:  4179 | steps_t:     0 | t: 3.885603 | r:  -509.000000 | e:   1.000000 | Q:        nan | won: False 
#  387 | steps:  4191 | steps_t:     0 | t: 3.894579 | r:  -511.000000 | e:   1.000000 | Q:        nan | won: False 
#  388 | steps:  4200 | steps_t:     0 | t: 3.898569 | r:  -508.000000 | e:   1.000000 | Q:        nan | won: False 
#  389 | steps:  4206 | steps_t:     0 | t: 3.902558 | r:  -505.000000 | e:   1.000000 | Q:        nan | won: False 
#  390 | steps:  4225 | steps_t:     0 | t: 3.913528 | r:  -518.000000 | e:   1.000000 | Q:        nan | won: False 
#  391 | steps:  4237 | steps_t:     0 | t: 3.918517 | r:  -511.000000 | e:   1.000000 | Q:        nan | won: False 
#  392 | steps:  4244 | steps_t:     0 | t: 3.925496 | r:  -506.000000 | e:   1.000000 | Q:        nan | won: False 
#  393 | steps:  4257 | steps_t:     0 | t: 3.931480 | r:  -512.000000 | e:   1.000000 | Q:        nan | won: False 
#  394 | steps:  4270 | steps_t:     0 | t: 3.940459 | r:  -512.000000 | e:   1.000000 | Q:        nan | won: False 
#  395 | steps:  4278 | steps_t:     0 | t: 3.946441 | r:  -507.000000 | e:   1.000000 | Q:        nan | won: False 
#  396 | steps:  4285 | steps_t:     0 | t: 3.950431 | r:  -506.000000 | e:   1.000000 | Q:        nan | won: False 
#  397 | steps:  4292 | steps_t:     0 | t: 3.957412 | r:  -506.000000 | e:   1.000000 | Q:        nan | won: False 
#  398 | steps:  4298 | steps_t:     0 | t: 3.960403 | r:  -505.000000 | e:   1.000000 | Q:        nan | won: False 
#  399 | steps:  4306 | steps_t:     0 | t: 3.965391 | r:  -507.000000 | e:   1.000000 | Q:        nan | won: False 
#  400 | steps:  4314 | steps_t:     0 | t: 3.969380 | r:  -507.000000 | e:   1.000000 | Q:        nan | won: False 
#  401 | steps:  4323 | steps_t:     0 | t: 3.976361 | r:  -508.000000 | e:   1.000000 | Q:        nan | won: False 
#  402 | steps:  4346 | steps_t:     0 | t: 3.988330 | r:  -522.000000 | e:   1.000000 | Q:        nan | won: False 
#  403 | steps:  4354 | steps_t:     0 | t: 3.994313 | r:  -507.000000 | e:   1.000000 | Q:        nan | won: False 
#  404 | steps:  4360 | steps_t:     0 | t: 3.997305 | r:  -505.000000 | e:   1.000000 | Q:        nan | won: False 
#  405 | steps:  4373 | steps_t:     0 | t: 4.006281 | r:  -512.000000 | e:   1.000000 | Q:        nan | won: False 
#  406 | steps:  4379 | steps_t:     0 | t: 4.010271 | r:  -505.000000 | e:   1.000000 | Q:        nan | won: False 
#  407 | steps:  4388 | steps_t:     0 | t: 4.015257 | r:  -508.000000 | e:   1.000000 | Q:        nan | won: False 
#  408 | steps:  4399 | steps_t:     0 | t: 4.021243 | r:  -510.000000 | e:   1.000000 | Q:        nan | won: False 
#  409 | steps:  4410 | steps_t:     0 | t: 4.028221 | r:  -510.000000 | e:   1.000000 | Q:        nan | won: False 
#  410 | steps:  4419 | steps_t:     0 | t: 4.032212 | r:  -508.000000 | e:   1.000000 | Q:        nan | won: False 
#  411 | steps:  4426 | steps_t:     0 | t: 4.038197 | r:  -506.000000 | e:   1.000000 | Q:        nan | won: False 
#  412 | steps:  4437 | steps_t:     0 | t: 4.048169 | r:  -510.000000 | e:   1.000000 | Q:        nan | won: False 
#  413 | steps:  4445 | steps_t:     0 | t: 4.054154 | r:  -507.000000 | e:   1.000000 | Q:        nan | won: False 
#  414 | steps:  4455 | steps_t:     0 | t: 4.064126 | r:  -509.000000 | e:   1.000000 | Q:        nan | won: False 
#  415 | steps:  4474 | steps_t:     0 | t: 4.076093 | r:  -518.000000 | e:   1.000000 | Q:        nan | won: False 
#  416 | steps:  4480 | steps_t:     0 | t: 4.080083 | r:  -505.000000 | e:   1.000000 | Q:        nan | won: False 
#  417 | steps:  4493 | steps_t:     0 | t: 4.085070 | r:  -512.000000 | e:   1.000000 | Q:        nan | won: False 
#  418 | steps:  4521 | steps_t:     0 | t: 4.099032 | r:  -516.000000 | e:   1.000000 | Q:        nan | won: False 
#  419 | steps:  4529 | steps_t:     0 | t: 4.105017 | r:  -507.000000 | e:   1.000000 | Q:        nan | won: False 
#  420 | steps:  4539 | steps_t:     0 | t: 4.111998 | r:  -509.000000 | e:   1.000000 | Q:        nan | won: False 
#  421 | steps:  4549 | steps_t:     0 | t: 4.116984 | r:  -509.000000 | e:   1.000000 | Q:        nan | won: False 
#  422 | steps:  4557 | steps_t:     0 | t: 4.123966 | r:  -507.000000 | e:   1.000000 | Q:        nan | won: False 
#  423 | steps:  4566 | steps_t:     0 | t: 4.128952 | r:  -508.000000 | e:   1.000000 | Q:        nan | won: False 
#  424 | steps:  4579 | steps_t:     0 | t: 4.134936 | r:  -512.000000 | e:   1.000000 | Q:        nan | won: False 
#  425 | steps:  4585 | steps_t:     0 | t: 4.141919 | r:  -505.000000 | e:   1.000000 | Q:        nan | won: False 
#  426 | steps:  4601 | steps_t:     0 | t: 4.148899 | r:  -504.000000 | e:   1.000000 | Q:        nan | won: False 
#  427 | steps:  4609 | steps_t:     0 | t: 4.152888 | r:  -507.000000 | e:   1.000000 | Q:        nan | won: False 
#  428 | steps:  4620 | steps_t:     0 | t: 4.160867 | r:  -510.000000 | e:   1.000000 | Q:        nan | won: False 
#  429 | steps:  4627 | steps_t:     0 | t: 4.165854 | r:  -506.000000 | e:   1.000000 | Q:        nan | won: False 
#  430 | steps:  4634 | steps_t:     0 | t: 4.169843 | r:  -506.000000 | e:   1.000000 | Q:        nan | won: False 
#  431 | steps:  4644 | steps_t:     0 | t: 4.177822 | r:  -509.000000 | e:   1.000000 | Q:        nan | won: False 
#  432 | steps:  4650 | steps_t:     0 | t: 4.182808 | r:  -505.000000 | e:   1.000000 | Q:        nan | won: False 
#  433 | steps:  4663 | steps_t:     0 | t: 4.191784 | r:  -512.000000 | e:   1.000000 | Q:        nan | won: False 
#  434 | steps:  4673 | steps_t:     0 | t: 4.196772 | r:  -509.000000 | e:   1.000000 | Q:        nan | won: False 
#  435 | steps:  4696 | steps_t:     0 | t: 4.209736 | r:  -522.000000 | e:   1.000000 | Q:        nan | won: False 
#  436 | steps:  4702 | steps_t:     0 | t: 4.214723 | r:  -505.000000 | e:   1.000000 | Q:        nan | won: False 
#  437 | steps:  4709 | steps_t:     0 | t: 4.219711 | r:  -506.000000 | e:   1.000000 | Q:        nan | won: False 
#  438 | steps:  4717 | steps_t:     0 | t: 4.225693 | r:  -507.000000 | e:   1.000000 | Q:        nan | won: False 
#  439 | steps:  4732 | steps_t:     0 | t: 4.232674 | r:  -514.000000 | e:   1.000000 | Q:        nan | won: False 
#  440 | steps:  4752 | steps_t:     0 | t: 4.247636 | r:  -519.000000 | e:   1.000000 | Q:        nan | won: False 
#  441 | steps:  4761 | steps_t:     0 | t: 4.251624 | r:  -508.000000 | e:   1.000000 | Q:        nan | won: False 
#  442 | steps:  4769 | steps_t:     0 | t: 4.260602 | r:  -507.000000 | e:   1.000000 | Q:        nan | won: False 
#  443 | steps:  4779 | steps_t:     0 | t: 4.303487 | r:  -509.000000 | e:   1.000000 | Q:        nan | won: False 
#  444 | steps:  4789 | steps_t:     0 | t: 4.332408 | r:  -509.000000 | e:   1.000000 | Q:        nan | won: False 
#  445 | steps:  4800 | steps_t:     0 | t: 4.347368 | r:  -510.000000 | e:   1.000000 | Q:        nan | won: False 
#  446 | steps:  4815 | steps_t:     0 | t: 4.359338 | r:  -503.000000 | e:   1.000000 | Q:        nan | won: False 
#  447 | steps:  4821 | steps_t:     0 | t: 4.364323 | r:  -505.000000 | e:   1.000000 | Q:        nan | won: False 
#  448 | steps:  4833 | steps_t:     0 | t: 4.370308 | r:  -511.000000 | e:   1.000000 | Q:        nan | won: False 
#  449 | steps:  4839 | steps_t:     0 | t: 4.376292 | r:  -505.000000 | e:   1.000000 | Q:        nan | won: False 
#  450 | steps:  4847 | steps_t:     0 | t: 4.380280 | r:  -507.000000 | e:   1.000000 | Q:        nan | won: False 
#  451 | steps:  4854 | steps_t:     0 | t: 4.384271 | r:  -506.000000 | e:   1.000000 | Q:        nan | won: False 
#  452 | steps:  4862 | steps_t:     0 | t: 4.391252 | r:  -507.000000 | e:   1.000000 | Q:        nan | won: False 
#  453 | steps:  4872 | steps_t:     0 | t: 4.396237 | r:  -509.000000 | e:   1.000000 | Q:        nan | won: False 
#  454 | steps:  4890 | steps_t:     0 | t: 4.406213 | r:  -495.000000 | e:   1.000000 | Q:        nan | won: False 
#  455 | steps:  4900 | steps_t:     0 | t: 4.411197 | r:  -509.000000 | e:   1.000000 | Q:        nan | won: False 
#  456 | steps:  4910 | steps_t:     0 | t: 4.417181 | r:  -509.000000 | e:   1.000000 | Q:        nan | won: False 
#  457 | steps:  4918 | steps_t:     0 | t: 4.424164 | r:  -507.000000 | e:   1.000000 | Q:        nan | won: False 
#  458 | steps:  4933 | steps_t:     0 | t: 4.430147 | r:  -514.000000 | e:   1.000000 | Q:        nan | won: False 
#  459 | steps:  4945 | steps_t:     0 | t: 4.436130 | r:  -511.000000 | e:   1.000000 | Q:        nan | won: False 
#  460 | steps:  4961 | steps_t:     0 | t: 4.446106 | r:  -515.000000 | e:   1.000000 | Q:        nan | won: False 
#  461 | steps:  4978 | steps_t:     0 | t: 4.454084 | r:  -505.000000 | e:   1.000000 | Q:        nan | won: False 
#  462 | steps:  5013 | steps_t:    11 | t: 4.673733 | r:  -512.000000 | e:   0.998900 | Q:        nan | won: False 
#  463 | steps:  5025 | steps_t:    22 | t: 4.767480 | r:  -511.000000 | e:   0.997800 | Q:        nan | won: False 
#  464 | steps:  5032 | steps_t:    28 | t: 4.821337 | r:  -506.000000 | e:   0.997200 | Q:        nan | won: False 
#  465 | steps:  5040 | steps_t:    35 | t: 4.882173 | r:  -507.000000 | e:   0.996500 | Q:        nan | won: False 
#  466 | steps:  5047 | steps_t:    41 | t: 4.936030 | r:  -506.000000 | e:   0.995900 | Q:        nan | won: False 
#  467 | steps:  5055 | steps_t:    48 | t: 4.994872 | r:  -507.000000 | e:   0.995200 | Q:        nan | won: False 
#  468 | steps:  5064 | steps_t:    56 | t: 5.066681 | r:  -508.000000 | e:   0.994400 | Q:        nan | won: False 
#  469 | steps:  5072 | steps_t:    63 | t: 5.128515 | r:  -507.000000 | e:   0.993700 | Q:        nan | won: False 
#  470 | steps:  5085 | steps_t:    75 | t: 5.227251 | r:  -512.000000 | e:   0.992500 | Q:        nan | won: False 
#  471 | steps:  5094 | steps_t:    83 | t: 5.298060 | r:  -508.000000 | e:   0.991700 | Q:        nan | won: False 
#  472 | steps:  5103 | steps_t:    91 | t: 5.367876 | r:  -508.000000 | e:   0.990900 | Q:        nan | won: False 
#  473 | steps:  5113 | steps_t:   100 | t: 5.444668 | r:  -509.000000 | e:   0.990000 | Q:        nan | won: False 
#  474 | steps:  5124 | steps_t:   110 | t: 5.531437 | r:  -510.000000 | e:   0.989000 | Q:        nan | won: False 
#  475 | steps:  5132 | steps_t:   117 | t: 5.593272 | r:  -507.000000 | e:   0.988300 | Q:        nan | won: False 
#  476 | steps:  5142 | steps_t:   126 | t: 5.669068 | r:  -509.000000 | e:   0.987400 | Q: -178.289017 | won: False 
#  477 | steps:  5150 | steps_t:   133 | t: 5.728907 | r:  -507.000000 | e:   0.986700 | Q:        nan | won: False 
#  478 | steps:  5163 | steps_t:   145 | t: 5.827644 | r:  -512.000000 | e:   0.985500 | Q:        nan | won: False 
#  479 | steps:  5169 | steps_t:   150 | t: 5.872525 | r:  -505.000000 | e:   0.985000 | Q:        nan | won: False 
#  480 | steps:  5176 | steps_t:   156 | t: 5.927377 | r:  -506.000000 | e:   0.984400 | Q: -317.627716 | won: False 
#  481 | steps:  5193 | steps_t:   172 | t: 6.060024 | r:  -516.000000 | e:   0.982800 | Q:        nan | won: False 
#  482 | steps:  5202 | steps_t:   180 | t: 6.129835 | r:  -508.000000 | e:   0.982000 | Q:        nan | won: False 
#  483 | steps:  5209 | steps_t:   186 | t: 6.182694 | r:  -506.000000 | e:   0.981400 | Q:        nan | won: False 
#  484 | steps:  5216 | steps_t:   192 | t: 6.237549 | r:  -506.000000 | e:   0.980800 | Q:        nan | won: False 
#  485 | steps:  5225 | steps_t:   200 | t: 6.307363 | r:  -508.000000 | e:   0.980000 | Q:        nan | won: False 
#  486 | steps:  5236 | steps_t:   210 | t: 6.392134 | r:  -510.000000 | e:   0.979000 | Q:        nan | won: False 
#  487 | steps:  5255 | steps_t:   228 | t: 6.541734 | r:  -518.000000 | e:   0.977200 | Q: -312.077393 | won: False 
#  488 | steps:  5273 | steps_t:   245 | t: 6.679365 | r:  -517.000000 | e:   0.975500 | Q:        nan | won: False 
#  489 | steps:  5281 | steps_t:   252 | t: 6.742197 | r:  -507.000000 | e:   0.974800 | Q:        nan | won: False 
#  490 | steps:  5289 | steps_t:   259 | t: 6.802037 | r:  -507.000000 | e:   0.974100 | Q:        nan | won: False 
#  491 | steps:  5303 | steps_t:   272 | t: 6.911744 | r:  -513.000000 | e:   0.972800 | Q:        nan | won: False 
#  492 | steps:  5313 | steps_t:   281 | t: 6.990533 | r:  -509.000000 | e:   0.971900 | Q:        nan | won: False 
#  493 | steps:  5322 | steps_t:   289 | t: 7.063338 | r:  -508.000000 | e:   0.971100 | Q:        nan | won: False 
#  494 | steps:  5332 | steps_t:   298 | t: 7.140133 | r:  -509.000000 | e:   0.970200 | Q:        nan | won: False 
#  495 | steps:  5341 | steps_t:   306 | t: 7.212938 | r:  -508.000000 | e:   0.969400 | Q: -311.554657 | won: False 
#  496 | steps:  5349 | steps_t:   313 | t: 7.273775 | r:  -507.000000 | e:   0.968700 | Q:        nan | won: False 
#  497 | steps:  5371 | steps_t:   334 | t: 7.443322 | r:  -521.000000 | e:   0.966600 | Q:        nan | won: False 
#  498 | steps:  5381 | steps_t:   343 | t: 7.522111 | r:  -509.000000 | e:   0.965700 | Q:        nan | won: False 
#  499 | steps:  5390 | steps_t:   351 | t: 7.590926 | r:  -508.000000 | e:   0.964900 | Q:        nan | won: False 
#  500 | steps:  5404 | steps_t:   364 | t: 7.696643 | r:  -513.000000 | e:   0.963600 | Q:        nan | won: False 
#  501 | steps:  5412 | steps_t:   371 | t: 8.883251 | r:  -507.000000 | e:   0.962900 | Q:        nan | won: False 
#  502 | steps:  5425 | steps_t:   383 | t: 11.907071 | r:  -512.000000 | e:   0.961700 | Q: -294.609558 | won: False 
#  503 | steps:  5434 | steps_t:   391 | t: 14.291033 | r:  -508.000000 | e:   0.960900 | Q:        nan | won: False 
#  504 | steps:  5441 | steps_t:   397 | t: 16.387179 | r:  -506.000000 | e:   0.960300 | Q:        nan | won: False 
#  505 | steps:  5448 | steps_t:   403 | t: 18.516618 | r:  -506.000000 | e:   0.959700 | Q:        nan | won: False 
#  506 | steps:  5462 | steps_t:   416 | t: 21.881665 | r:  -513.000000 | e:   0.958400 | Q: -325.941681 | won: False 
#  507 | steps:  5473 | steps_t:   426 | t: 24.770283 | r:  -510.000000 | e:   0.957400 | Q:        nan | won: False 
#  508 | steps:  5482 | steps_t:   434 | t: 27.149157 | r:  -508.000000 | e:   0.956600 | Q: -318.506805 | won: False 
#  509 | steps:  5490 | steps_t:   441 | t: 29.397774 | r:  -507.000000 | e:   0.955900 | Q: -313.096924 | won: False 
#  510 | steps:  5496 | steps_t:   446 | t: 31.375009 | r:  -505.000000 | e:   0.955400 | Q: -315.236420 | won: False 
#  511 | steps:  5504 | steps_t:   453 | t: 33.661581 | r:  -507.000000 | e:   0.954700 | Q: -314.738617 | won: False 
#  512 | steps:  5512 | steps_t:   460 | t: 35.965041 | r:  -507.000000 | e:   0.954000 | Q:        nan | won: False 
#  513 | steps:  5524 | steps_t:   471 | t: 38.837700 | r:  -511.000000 | e:   0.952900 | Q: -324.599518 | won: False 
#  514 | steps:  5531 | steps_t:   477 | t: 40.897096 | r:  -506.000000 | e:   0.952300 | Q:        nan | won: False 
