#    1 | steps:    17 | steps_t:     0 | t: 0.023073 | r:  -516.000000 | e:   1.000000 | Q:        nan | won: False 
#    2 | steps:    25 | steps_t:     0 | t: 0.032050 | r:  -507.000000 | e:   1.000000 | Q:        nan | won: False 
#    3 | steps:    31 | steps_t:     0 | t: 0.035069 | r:  -505.000000 | e:   1.000000 | Q:        nan | won: False 
#    4 | steps:    39 | steps_t:     0 | t: 0.039031 | r:  -507.000000 | e:   1.000000 | Q:        nan | won: False 
#    5 | steps:    50 | steps_t:     0 | t: 0.047011 | r:  -510.000000 | e:   1.000000 | Q:        nan | won: False 
#    6 | steps:    62 | steps_t:     0 | t: 0.052994 | r:  -511.000000 | e:   1.000000 | Q:        nan | won: False 
#    7 | steps:    76 | steps_t:     0 | t: 0.060973 | r:  -513.000000 | e:   1.000000 | Q:        nan | won: False 
#    8 | steps:    83 | steps_t:     0 | t: 0.065958 | r:  -506.000000 | e:   1.000000 | Q:        nan | won: False 
#    9 | steps:    91 | steps_t:     0 | t: 0.070973 | r:  -507.000000 | e:   1.000000 | Q:        nan | won: False 
#   10 | steps:   100 | steps_t:     0 | t: 0.074963 | r:  -508.000000 | e:   1.000000 | Q:        nan | won: False 
#   11 | steps:   110 | steps_t:     0 | t: 0.082941 | r:  -509.000000 | e:   1.000000 | Q:        nan | won: False 
#   12 | steps:   117 | steps_t:     0 | t: 0.086933 | r:  -506.000000 | e:   1.000000 | Q:        nan | won: False 
#   13 | steps:   139 | steps_t:     0 | t: 0.099870 | r:  -521.000000 | e:   1.000000 | Q:        nan | won: False 
#   14 | steps:   146 | steps_t:     0 | t: 0.104858 | r:  -506.000000 | e:   1.000000 | Q:        nan | won: False 
#   15 | steps:   153 | steps_t:     0 | t: 0.107847 | r:  -506.000000 | e:   1.000000 | Q:        nan | won: False 
#   16 | steps:   161 | steps_t:     0 | t: 0.114829 | r:  -507.000000 | e:   1.000000 | Q:        nan | won: False 
#   17 | steps:   169 | steps_t:     0 | t: 0.118818 | r:  -507.000000 | e:   1.000000 | Q:        nan | won: False 
#   18 | steps:   178 | steps_t:     0 | t: 0.123804 | r:  -508.000000 | e:   1.000000 | Q:        nan | won: False 
#   19 | steps:   192 | steps_t:     0 | t: 0.132780 | r:  -513.000000 | e:   1.000000 | Q:        nan | won: False 
#   20 | steps:   200 | steps_t:     0 | t: 0.136770 | r:  -507.000000 | e:   1.000000 | Q:        nan | won: False 
#   21 | steps:   211 | steps_t:     0 | t: 0.142756 | r:  -510.000000 | e:   1.000000 | Q:        nan | won: False 
#   22 | steps:   219 | steps_t:     0 | t: 0.148737 | r:  -507.000000 | e:   1.000000 | Q:        nan | won: False 
#   23 | steps:   229 | steps_t:     0 | t: 0.153726 | r:  -509.000000 | e:   1.000000 | Q:        nan | won: False 
#   24 | steps:   240 | steps_t:     0 | t: 0.158713 | r:  -510.000000 | e:   1.000000 | Q:        nan | won: False 
#   25 | steps:   251 | steps_t:     0 | t: 0.165692 | r:  -510.000000 | e:   1.000000 | Q:        nan | won: False 
#   26 | steps:   259 | steps_t:     0 | t: 0.170679 | r:  -507.000000 | e:   1.000000 | Q:        nan | won: False 
#   27 | steps:   273 | steps_t:     0 | t: 0.178658 | r:  -513.000000 | e:   1.000000 | Q:        nan | won: False 
#   28 | steps:   285 | steps_t:     0 | t: 0.188631 | r:  -511.000000 | e:   1.000000 | Q:        nan | won: False 
#   29 | steps:   296 | steps_t:     0 | t: 0.196612 | r:  -510.000000 | e:   1.000000 | Q:        nan | won: False 
#   30 | steps:   306 | steps_t:     0 | t: 0.200599 | r:  -509.000000 | e:   1.000000 | Q:        nan | won: False 
#   31 | steps:   317 | steps_t:     0 | t: 0.206583 | r:  -510.000000 | e:   1.000000 | Q:        nan | won: False 
#   32 | steps:   327 | steps_t:     0 | t: 0.214563 | r:  -509.000000 | e:   1.000000 | Q:        nan | won: False 
#   33 | steps:   371 | steps_t:     0 | t: 0.233510 | r:  -543.000000 | e:   1.000000 | Q:        nan | won: False 
#   34 | steps:   392 | steps_t:     0 | t: 0.241490 | r:  -520.000000 | e:   1.000000 | Q:        nan | won: False 
#   35 | steps:   402 | steps_t:     0 | t: 0.248471 | r:  -509.000000 | e:   1.000000 | Q:        nan | won: False 
#   36 | steps:   411 | steps_t:     0 | t: 0.253457 | r:  -508.000000 | e:   1.000000 | Q:        nan | won: False 
#   37 | steps:   424 | steps_t:     0 | t: 0.262435 | r:  -512.000000 | e:   1.000000 | Q:        nan | won: False 
#   38 | steps:   442 | steps_t:     0 | t: 0.270413 | r:  -517.000000 | e:   1.000000 | Q:        nan | won: False 
#   39 | steps:   464 | steps_t:     0 | t: 0.282380 | r:  -521.000000 | e:   1.000000 | Q:        nan | won: False 
#   40 | steps:   475 | steps_t:     0 | t: 0.288365 | r:  -510.000000 | e:   1.000000 | Q:        nan | won: False 
#   41 | steps:   482 | steps_t:     0 | t: 0.291356 | r:  -506.000000 | e:   1.000000 | Q:        nan | won: False 
#   42 | steps:   491 | steps_t:     0 | t: 0.299336 | r:  -508.000000 | e:   1.000000 | Q:        nan | won: False 
#   43 | steps:   499 | steps_t:     0 | t: 0.303324 | r:  -507.000000 | e:   1.000000 | Q:        nan | won: False 
#   44 | steps:   506 | steps_t:     0 | t: 0.307313 | r:  -506.000000 | e:   1.000000 | Q:        nan | won: False 
#   45 | steps:   516 | steps_t:     0 | t: 0.314294 | r:  -509.000000 | e:   1.000000 | Q:        nan | won: False 
#   46 | steps:   528 | steps_t:     0 | t: 0.319281 | r:  -511.000000 | e:   1.000000 | Q:        nan | won: False 
#   47 | steps:   534 | steps_t:     0 | t: 0.323272 | r:  -505.000000 | e:   1.000000 | Q:        nan | won: False 
#   48 | steps:   548 | steps_t:     0 | t: 0.332247 | r:  -513.000000 | e:   1.000000 | Q:        nan | won: False 
#   49 | steps:   559 | steps_t:     0 | t: 0.337233 | r:  -510.000000 | e:   1.000000 | Q:        nan | won: False 
#   50 | steps:   565 | steps_t:     0 | t: 0.341222 | r:  -505.000000 | e:   1.000000 | Q:        nan | won: False 
#   51 | steps:   578 | steps_t:     0 | t: 0.350199 | r:  -512.000000 | e:   1.000000 | Q:        nan | won: False 
#   52 | steps:   595 | steps_t:     0 | t: 0.358179 | r:  -516.000000 | e:   1.000000 | Q:        nan | won: False 
#   53 | steps:   604 | steps_t:     0 | t: 0.364161 | r:  -508.000000 | e:   1.000000 | Q:        nan | won: False 
#   54 | steps:   611 | steps_t:     0 | t: 0.368150 | r:  -506.000000 | e:   1.000000 | Q:        nan | won: False 
#   55 | steps:   636 | steps_t:     0 | t: 0.381116 | r:  -524.000000 | e:   1.000000 | Q:        nan | won: False 
#   56 | steps:   647 | steps_t:     0 | t: 0.387100 | r:  -510.000000 | e:   1.000000 | Q:        nan | won: False 
#   57 | steps:   655 | steps_t:     0 | t: 0.391089 | r:  -507.000000 | e:   1.000000 | Q:        nan | won: False 
#   58 | steps:   663 | steps_t:     0 | t: 0.398070 | r:  -507.000000 | e:   1.000000 | Q:        nan | won: False 
#   59 | steps:   693 | steps_t:     0 | t: 0.411037 | r:  -518.000000 | e:   1.000000 | Q:        nan | won: False 
#   60 | steps:   701 | steps_t:     0 | t: 0.416022 | r:  -507.000000 | e:   1.000000 | Q:        nan | won: False 
#   61 | steps:   711 | steps_t:     0 | t: 0.421010 | r:  -509.000000 | e:   1.000000 | Q:        nan | won: False 
#   62 | steps:   718 | steps_t:     0 | t: 0.424999 | r:  -506.000000 | e:   1.000000 | Q:        nan | won: False 
#   63 | steps:   724 | steps_t:     0 | t: 0.429986 | r:  -505.000000 | e:   1.000000 | Q:        nan | won: False 
#   64 | steps:   733 | steps_t:     0 | t: 0.434971 | r:  -508.000000 | e:   1.000000 | Q:        nan | won: False 
#   65 | steps:   739 | steps_t:     0 | t: 0.438963 | r:  -505.000000 | e:   1.000000 | Q:        nan | won: False 
#   66 | steps:   745 | steps_t:     0 | t: 0.442952 | r:  -505.000000 | e:   1.000000 | Q:        nan | won: False 
#   67 | steps:   753 | steps_t:     0 | t: 0.448935 | r:  -507.000000 | e:   1.000000 | Q:        nan | won: False 
#   68 | steps:   762 | steps_t:     0 | t: 0.452923 | r:  -508.000000 | e:   1.000000 | Q:        nan | won: False 
#   69 | steps:   776 | steps_t:     0 | t: 0.461900 | r:  -513.000000 | e:   1.000000 | Q:        nan | won: False 
#   70 | steps:   786 | steps_t:     0 | t: 0.466886 | r:  -509.000000 | e:   1.000000 | Q:        nan | won: False 
#   71 | steps:   808 | steps_t:     0 | t: 0.478856 | r:  -521.000000 | e:   1.000000 | Q:        nan | won: False 
#   72 | steps:   818 | steps_t:     0 | t: 0.483841 | r:  -509.000000 | e:   1.000000 | Q:        nan | won: False 
#   73 | steps:   838 | steps_t:     0 | t: 0.492818 | r:  -519.000000 | e:   1.000000 | Q:        nan | won: False 
#   74 | steps:   848 | steps_t:     0 | t: 0.498801 | r:  -509.000000 | e:   1.000000 | Q:        nan | won: False 
#   75 | steps:   855 | steps_t:     0 | t: 0.502790 | r:  -506.000000 | e:   1.000000 | Q:        nan | won: False 
#   76 | steps:   865 | steps_t:     0 | t: 0.506780 | r:  -509.000000 | e:   1.000000 | Q:        nan | won: False 
#   77 | steps:   872 | steps_t:     0 | t: 0.513762 | r:  -506.000000 | e:   1.000000 | Q:        nan | won: False 
#   78 | steps:   878 | steps_t:     0 | t: 0.516752 | r:  -505.000000 | e:   1.000000 | Q:        nan | won: False 
#   79 | steps:   902 | steps_t:     0 | t: 0.529720 | r:  -523.000000 | e:   1.000000 | Q:        nan | won: False 
#   80 | steps:   910 | steps_t:     0 | t: 0.533707 | r:  -507.000000 | e:   1.000000 | Q:        nan | won: False 
#   81 | steps:   917 | steps_t:     0 | t: 0.537698 | r:  -506.000000 | e:   1.000000 | Q:        nan | won: False 
#   82 | steps:   930 | steps_t:     0 | t: 0.545677 | r:  -512.000000 | e:   1.000000 | Q:        nan | won: False 
#   83 | steps:   939 | steps_t:     0 | t: 0.550662 | r:  -508.000000 | e:   1.000000 | Q:        nan | won: False 
#   84 | steps:   947 | steps_t:     0 | t: 0.554653 | r:  -507.000000 | e:   1.000000 | Q:        nan | won: False 
#   85 | steps:   963 | steps_t:     0 | t: 0.563627 | r:  -515.000000 | e:   1.000000 | Q:        nan | won: False 
#   86 | steps:   971 | steps_t:     0 | t: 0.568614 | r:  -507.000000 | e:   1.000000 | Q:        nan | won: False 
#   87 | steps:   982 | steps_t:     0 | t: 0.573601 | r:  -510.000000 | e:   1.000000 | Q:        nan | won: False 
#   88 | steps:   995 | steps_t:     0 | t: 0.582579 | r:  -512.000000 | e:   1.000000 | Q:        nan | won: False 
#   89 | steps:  1002 | steps_t:     0 | t: 0.585569 | r:  -506.000000 | e:   1.000000 | Q:        nan | won: False 
#   90 | steps:  1010 | steps_t:     0 | t: 0.590557 | r:  -507.000000 | e:   1.000000 | Q:        nan | won: False 
#   91 | steps:  1017 | steps_t:     0 | t: 0.596540 | r:  -506.000000 | e:   1.000000 | Q:        nan | won: False 
#   92 | steps:  1037 | steps_t:     0 | t: 0.610504 | r:  -519.000000 | e:   1.000000 | Q:        nan | won: False 
#   93 | steps:  1050 | steps_t:     0 | t: 0.621474 | r:  -512.000000 | e:   1.000000 | Q:        nan | won: False 
#   94 | steps:  1058 | steps_t:     0 | t: 0.628455 | r:  -507.000000 | e:   1.000000 | Q:        nan | won: False 
#   95 | steps:  1066 | steps_t:     0 | t: 0.636435 | r:  -507.000000 | e:   1.000000 | Q:        nan | won: False 
#   96 | steps:  1088 | steps_t:     0 | t: 0.684306 | r:  -521.000000 | e:   1.000000 | Q:        nan | won: False 
#   97 | steps:  1097 | steps_t:     0 | t: 0.720209 | r:  -508.000000 | e:   1.000000 | Q:        nan | won: False 
#   98 | steps:  1107 | steps_t:     0 | t: 0.733176 | r:  -509.000000 | e:   1.000000 | Q:        nan | won: False 
#   99 | steps:  1117 | steps_t:     0 | t: 0.750128 | r:  -509.000000 | e:   1.000000 | Q:        nan | won: False 
#  100 | steps:  1123 | steps_t:     0 | t: 0.754117 | r:  -505.000000 | e:   1.000000 | Q:        nan | won: False 
#  101 | steps:  1136 | steps_t:     0 | t: 0.763096 | r:  -512.000000 | e:   1.000000 | Q:        nan | won: False 
#  102 | steps:  1150 | steps_t:     0 | t: 0.769078 | r:  -513.000000 | e:   1.000000 | Q:        nan | won: False 
#  103 | steps:  1159 | steps_t:     0 | t: 0.774065 | r:  -508.000000 | e:   1.000000 | Q:        nan | won: False 
#  104 | steps:  1169 | steps_t:     0 | t: 0.782044 | r:  -509.000000 | e:   1.000000 | Q:        nan | won: False 
#  105 | steps:  1181 | steps_t:     0 | t: 0.788027 | r:  -511.000000 | e:   1.000000 | Q:        nan | won: False 
#  106 | steps:  1188 | steps_t:     0 | t: 0.792016 | r:  -506.000000 | e:   1.000000 | Q:        nan | won: False 
#  107 | steps:  1199 | steps_t:     0 | t: 0.798997 | r:  -510.000000 | e:   1.000000 | Q:        nan | won: False 
#  108 | steps:  1213 | steps_t:     0 | t: 0.805979 | r:  -502.000000 | e:   1.000000 | Q:        nan | won: False 
#  109 | steps:  1223 | steps_t:     0 | t: 0.812963 | r:  -509.000000 | e:   1.000000 | Q:        nan | won: False 
#  110 | steps:  1233 | steps_t:     0 | t: 0.817947 | r:  -509.000000 | e:   1.000000 | Q:        nan | won: False 
#  111 | steps:  1254 | steps_t:     0 | t: 0.828919 | r:  -520.000000 | e:   1.000000 | Q:        nan | won: False 
#  112 | steps:  1264 | steps_t:     0 | t: 0.833905 | r:  -509.000000 | e:   1.000000 | Q:        nan | won: False 
#  113 | steps:  1278 | steps_t:     0 | t: 0.840886 | r:  -513.000000 | e:   1.000000 | Q:        nan | won: False 
#  114 | steps:  1284 | steps_t:     0 | t: 0.846870 | r:  -505.000000 | e:   1.000000 | Q:        nan | won: False 
#  115 | steps:  1293 | steps_t:     0 | t: 0.851857 | r:  -508.000000 | e:   1.000000 | Q:        nan | won: False 
#  116 | steps:  1302 | steps_t:     0 | t: 0.855847 | r:  -508.000000 | e:   1.000000 | Q:        nan | won: False 
#  117 | steps:  1313 | steps_t:     0 | t: 0.863826 | r:  -510.000000 | e:   1.000000 | Q:        nan | won: False 
#  118 | steps:  1321 | steps_t:     0 | t: 0.867814 | r:  -507.000000 | e:   1.000000 | Q:        nan | won: False 
#  119 | steps:  1335 | steps_t:     0 | t: 0.874795 | r:  -502.000000 | e:   1.000000 | Q:        nan | won: False 
#  120 | steps:  1344 | steps_t:     0 | t: 0.881777 | r:  -508.000000 | e:   1.000000 | Q:        nan | won: False 
#  121 | steps:  1351 | steps_t:     0 | t: 0.886765 | r:  -506.000000 | e:   1.000000 | Q:        nan | won: False 
#  122 | steps:  1360 | steps_t:     0 | t: 0.890754 | r:  -508.000000 | e:   1.000000 | Q:        nan | won: False 
#  123 | steps:  1385 | steps_t:     0 | t: 0.903717 | r:  -524.000000 | e:   1.000000 | Q:        nan | won: False 
#  124 | steps:  1391 | steps_t:     0 | t: 0.906710 | r:  -505.000000 | e:   1.000000 | Q:        nan | won: False 
#  125 | steps:  1400 | steps_t:     0 | t: 0.913692 | r:  -508.000000 | e:   1.000000 | Q:        nan | won: False 
#  126 | steps:  1418 | steps_t:     0 | t: 0.921669 | r:  -517.000000 | e:   1.000000 | Q:        nan | won: False 
#  127 | steps:  1425 | steps_t:     0 | t: 0.926658 | r:  -506.000000 | e:   1.000000 | Q:        nan | won: False 
#  128 | steps:  1434 | steps_t:     0 | t: 0.933639 | r:  -508.000000 | e:   1.000000 | Q:        nan | won: False 
#  129 | steps:  1445 | steps_t:     0 | t: 0.938625 | r:  -510.000000 | e:   1.000000 | Q:        nan | won: False 
#  130 | steps:  1454 | steps_t:     0 | t: 0.944612 | r:  -508.000000 | e:   1.000000 | Q:        nan | won: False 
#  131 | steps:  1467 | steps_t:     0 | t: 0.951590 | r:  -512.000000 | e:   1.000000 | Q:        nan | won: False 
#  132 | steps:  1474 | steps_t:     0 | t: 0.954582 | r:  -506.000000 | e:   1.000000 | Q:        nan | won: False 
#  133 | steps:  1484 | steps_t:     0 | t: 0.962561 | r:  -509.000000 | e:   1.000000 | Q:        nan | won: False 
#  134 | steps:  1491 | steps_t:     0 | t: 0.965552 | r:  -506.000000 | e:   1.000000 | Q:        nan | won: False 
#  135 | steps:  1519 | steps_t:     0 | t: 0.979516 | r:  -527.000000 | e:   1.000000 | Q:        nan | won: False 
#  136 | steps:  1526 | steps_t:     0 | t: 0.983505 | r:  -506.000000 | e:   1.000000 | Q:        nan | won: False 
#  137 | steps:  1532 | steps_t:     0 | t: 0.987495 | r:  -505.000000 | e:   1.000000 | Q:        nan | won: False 
#  138 | steps:  1544 | steps_t:     0 | t: 0.994028 | r:  -511.000000 | e:   1.000000 | Q:        nan | won: False 
#  139 | steps:  1553 | steps_t:     0 | t: 0.999012 | r:  -508.000000 | e:   1.000000 | Q:        nan | won: False 
#  140 | steps:  1562 | steps_t:     0 | t: 1.004025 | r:  -508.000000 | e:   1.000000 | Q:        nan | won: False 
#  141 | steps:  1574 | steps_t:     0 | t: 1.011979 | r:  -511.000000 | e:   1.000000 | Q:        nan | won: False 
#  142 | steps:  1589 | steps_t:     0 | t: 1.018960 | r:  -503.000000 | e:   1.000000 | Q:        nan | won: False 
#  143 | steps:  1599 | steps_t:     0 | t: 1.023973 | r:  -509.000000 | e:   1.000000 | Q:        nan | won: False 
#  144 | steps:  1608 | steps_t:     0 | t: 1.031925 | r:  -508.000000 | e:   1.000000 | Q:        nan | won: False 
#  145 | steps:  1617 | steps_t:     0 | t: 1.036911 | r:  -508.000000 | e:   1.000000 | Q:        nan | won: False 
#  146 | steps:  1623 | steps_t:     0 | t: 1.041928 | r:  -505.000000 | e:   1.000000 | Q:        nan | won: False 
#  147 | steps:  1632 | steps_t:     0 | t: 1.048906 | r:  -508.000000 | e:   1.000000 | Q:        nan | won: False 
#  148 | steps:  1654 | steps_t:     0 | t: 1.057882 | r:  -510.000000 | e:   1.000000 | Q:        nan | won: False 
#  149 | steps:  1673 | steps_t:     0 | t: 1.068852 | r:  -518.000000 | e:   1.000000 | Q:        nan | won: False 
#  150 | steps:  1682 | steps_t:     0 | t: 1.074812 | r:  -508.000000 | e:   1.000000 | Q:        nan | won: False 
#  151 | steps:  1687 | steps_t:     0 | t: 1.079798 | r:  -504.000000 | e:   1.000000 | Q:        nan | won: False 
#  152 | steps:  1697 | steps_t:     0 | t: 1.084784 | r:  -509.000000 | e:   1.000000 | Q:        nan | won: False 
#  153 | steps:  1705 | steps_t:     0 | t: 1.089769 | r:  -507.000000 | e:   1.000000 | Q:        nan | won: False 
#  154 | steps:  1714 | steps_t:     0 | t: 1.096750 | r:  -508.000000 | e:   1.000000 | Q:        nan | won: False 
#  155 | steps:  1728 | steps_t:     0 | t: 1.103734 | r:  -513.000000 | e:   1.000000 | Q:        nan | won: False 
#  156 | steps:  1733 | steps_t:     0 | t: 1.105728 | r:  -504.000000 | e:   1.000000 | Q:        nan | won: False 
#  157 | steps:  1740 | steps_t:     0 | t: 1.113708 | r:  -506.000000 | e:   1.000000 | Q:        nan | won: False 
#  158 | steps:  1748 | steps_t:     0 | t: 1.116698 | r:  -507.000000 | e:   1.000000 | Q:        nan | won: False 
#  159 | steps:  1755 | steps_t:     0 | t: 1.121686 | r:  -506.000000 | e:   1.000000 | Q:        nan | won: False 
#  160 | steps:  1770 | steps_t:     0 | t: 1.130661 | r:  -514.000000 | e:   1.000000 | Q:        nan | won: False 
#  161 | steps:  1779 | steps_t:     0 | t: 1.134650 | r:  -508.000000 | e:   1.000000 | Q:        nan | won: False 
#  162 | steps:  1790 | steps_t:     0 | t: 1.140634 | r:  -510.000000 | e:   1.000000 | Q:        nan | won: False 
#  163 | steps:  1812 | steps_t:     0 | t: 1.152600 | r:  -521.000000 | e:   1.000000 | Q:        nan | won: False 
#  164 | steps:  1820 | steps_t:     0 | t: 1.156592 | r:  -507.000000 | e:   1.000000 | Q:        nan | won: False 
#  165 | steps:  1830 | steps_t:     0 | t: 1.163573 | r:  -509.000000 | e:   1.000000 | Q:        nan | won: False 
#  166 | steps:  1840 | steps_t:     0 | t: 1.168560 | r:  -509.000000 | e:   1.000000 | Q:        nan | won: False 
#  167 | steps:  1859 | steps_t:     0 | t: 1.179530 | r:  -518.000000 | e:   1.000000 | Q:        nan | won: False 
#  168 | steps:  1869 | steps_t:     0 | t: 1.184517 | r:  -509.000000 | e:   1.000000 | Q:        nan | won: False 
#  169 | steps:  1881 | steps_t:     0 | t: 1.190499 | r:  -511.000000 | e:   1.000000 | Q:        nan | won: False 
#  170 | steps:  1890 | steps_t:     0 | t: 1.196484 | r:  -508.000000 | e:   1.000000 | Q:        nan | won: False 
#  171 | steps:  1903 | steps_t:     0 | t: 1.203466 | r:  -512.000000 | e:   1.000000 | Q:        nan | won: False 
#  172 | steps:  1916 | steps_t:     0 | t: 1.210448 | r:  -512.000000 | e:   1.000000 | Q:        nan | won: False 
#  173 | steps:  1924 | steps_t:     0 | t: 1.215433 | r:  -507.000000 | e:   1.000000 | Q:        nan | won: False 
#  174 | steps:  1936 | steps_t:     0 | t: 1.221416 | r:  -511.000000 | e:   1.000000 | Q:        nan | won: False 
#  175 | steps:  1944 | steps_t:     0 | t: 1.225407 | r:  -507.000000 | e:   1.000000 | Q:        nan | won: False 
#  176 | steps:  1951 | steps_t:     0 | t: 1.231392 | r:  -506.000000 | e:   1.000000 | Q:        nan | won: False 
#  177 | steps:  1961 | steps_t:     0 | t: 1.238372 | r:  -509.000000 | e:   1.000000 | Q:        nan | won: False 
#  178 | steps:  1968 | steps_t:     0 | t: 1.243359 | r:  -506.000000 | e:   1.000000 | Q:        nan | won: False 
#  179 | steps:  1980 | steps_t:     0 | t: 1.252334 | r:  -511.000000 | e:   1.000000 | Q:        nan | won: False 
#  180 | steps:  1990 | steps_t:     0 | t: 1.258319 | r:  -509.000000 | e:   1.000000 | Q:        nan | won: False 
#  181 | steps:  1998 | steps_t:     0 | t: 1.265299 | r:  -507.000000 | e:   1.000000 | Q:        nan | won: False 
#  182 | steps:  2004 | steps_t:     0 | t: 1.268291 | r:  -505.000000 | e:   1.000000 | Q:        nan | won: False 
#  183 | steps:  2012 | steps_t:     0 | t: 1.273279 | r:  -507.000000 | e:   1.000000 | Q:        nan | won: False 
#  184 | steps:  2023 | steps_t:     0 | t: 1.281259 | r:  -510.000000 | e:   1.000000 | Q:        nan | won: False 
#  185 | steps:  2031 | steps_t:     0 | t: 1.285246 | r:  -507.000000 | e:   1.000000 | Q:        nan | won: False 
#  186 | steps:  2045 | steps_t:     0 | t: 1.292227 | r:  -513.000000 | e:   1.000000 | Q:        nan | won: False 
#  187 | steps:  2063 | steps_t:     0 | t: 1.302201 | r:  -517.000000 | e:   1.000000 | Q:        nan | won: False 
#  188 | steps:  2072 | steps_t:     0 | t: 1.306190 | r:  -508.000000 | e:   1.000000 | Q:        nan | won: False 
#  189 | steps:  2086 | steps_t:     0 | t: 1.315169 | r:  -513.000000 | e:   1.000000 | Q:        nan | won: False 
#  190 | steps:  2108 | steps_t:     0 | t: 1.324142 | r:  -521.000000 | e:   1.000000 | Q:        nan | won: False 
#  191 | steps:  2119 | steps_t:     0 | t: 1.331123 | r:  -510.000000 | e:   1.000000 | Q:        nan | won: False 
#  192 | steps:  2127 | steps_t:     0 | t: 1.336109 | r:  -507.000000 | e:   1.000000 | Q:        nan | won: False 
#  193 | steps:  2139 | steps_t:     0 | t: 1.341096 | r:  -511.000000 | e:   1.000000 | Q:        nan | won: False 
#  194 | steps:  2148 | steps_t:     0 | t: 1.352067 | r:  -508.000000 | e:   1.000000 | Q:        nan | won: False 
#  195 | steps:  2165 | steps_t:     0 | t: 1.362042 | r:  -516.000000 | e:   1.000000 | Q:        nan | won: False 
#  196 | steps:  2176 | steps_t:     0 | t: 1.367028 | r:  -510.000000 | e:   1.000000 | Q:        nan | won: False 
#  197 | steps:  2181 | steps_t:     0 | t: 1.370019 | r:  -504.000000 | e:   1.000000 | Q:        nan | won: False 
#  198 | steps:  2190 | steps_t:     0 | t: 1.374008 | r:  -508.000000 | e:   1.000000 | Q:        nan | won: False 
#  199 | steps:  2198 | steps_t:     0 | t: 1.381988 | r:  -507.000000 | e:   1.000000 | Q:        nan | won: False 
#  200 | steps:  2204 | steps_t:     0 | t: 1.384980 | r:  -505.000000 | e:   1.000000 | Q:        nan | won: False 
#  201 | steps:  2211 | steps_t:     0 | t: 1.388968 | r:  -506.000000 | e:   1.000000 | Q:        nan | won: False 
#  202 | steps:  2218 | steps_t:     0 | t: 1.391960 | r:  -506.000000 | e:   1.000000 | Q:        nan | won: False 
#  203 | steps:  2241 | steps_t:     0 | t: 1.403929 | r:  -522.000000 | e:   1.000000 | Q:        nan | won: False 
#  204 | steps:  2248 | steps_t:     0 | t: 1.407920 | r:  -506.000000 | e:   1.000000 | Q:        nan | won: False 
#  205 | steps:  2271 | steps_t:     0 | t: 1.419885 | r:  -522.000000 | e:   1.000000 | Q:        nan | won: False 
#  206 | steps:  2280 | steps_t:     0 | t: 1.423877 | r:  -508.000000 | e:   1.000000 | Q:        nan | won: False 
#  207 | steps:  2299 | steps_t:     0 | t: 1.434846 | r:  -518.000000 | e:   1.000000 | Q:        nan | won: False 
#  208 | steps:  2305 | steps_t:     0 | t: 1.437838 | r:  -505.000000 | e:   1.000000 | Q:        nan | won: False 
#  209 | steps:  2317 | steps_t:     0 | t: 1.445818 | r:  -511.000000 | e:   1.000000 | Q:        nan | won: False 
#  210 | steps:  2326 | steps_t:     0 | t: 1.449805 | r:  -508.000000 | e:   1.000000 | Q:        nan | won: False 
#  211 | steps:  2340 | steps_t:     0 | t: 1.457787 | r:  -513.000000 | e:   1.000000 | Q:        nan | won: False 
#  212 | steps:  2348 | steps_t:     0 | t: 1.465764 | r:  -507.000000 | e:   1.000000 | Q:        nan | won: False 
#  213 | steps:  2355 | steps_t:     0 | t: 1.469754 | r:  -506.000000 | e:   1.000000 | Q:        nan | won: False 
#  214 | steps:  2365 | steps_t:     0 | t: 1.474740 | r:  -509.000000 | e:   1.000000 | Q:        nan | won: False 
#  215 | steps:  2385 | steps_t:     0 | t: 1.485711 | r:  -519.000000 | e:   1.000000 | Q:        nan | won: False 
#  216 | steps:  2396 | steps_t:     0 | t: 1.490697 | r:  -510.000000 | e:   1.000000 | Q:        nan | won: False 
#  217 | steps:  2410 | steps_t:     0 | t: 1.499673 | r:  -513.000000 | e:   1.000000 | Q:        nan | won: False 
#  218 | steps:  2426 | steps_t:     0 | t: 1.507652 | r:  -515.000000 | e:   1.000000 | Q:        nan | won: False 
#  219 | steps:  2446 | steps_t:     0 | t: 1.518622 | r:  -519.000000 | e:   1.000000 | Q:        nan | won: False 
#  220 | steps:  2451 | steps_t:     0 | t: 1.521616 | r:  -504.000000 | e:   1.000000 | Q:        nan | won: False 
#  221 | steps:  2463 | steps_t:     0 | t: 1.530589 | r:  -511.000000 | e:   1.000000 | Q:        nan | won: False 
#  222 | steps:  2477 | steps_t:     0 | t: 1.540565 | r:  -513.000000 | e:   1.000000 | Q:        nan | won: False 
#  223 | steps:  2498 | steps_t:     0 | t: 1.564500 | r:  -520.000000 | e:   1.000000 | Q:        nan | won: False 
#  224 | steps:  2505 | steps_t:     0 | t: 1.568488 | r:  -506.000000 | e:   1.000000 | Q:        nan | won: False 
#  225 | steps:  2518 | steps_t:     0 | t: 1.574473 | r:  -512.000000 | e:   1.000000 | Q:        nan | won: False 
#  226 | steps:  2527 | steps_t:     0 | t: 1.581455 | r:  -508.000000 | e:   1.000000 | Q:        nan | won: False 
#  227 | steps:  2534 | steps_t:     0 | t: 1.585443 | r:  -506.000000 | e:   1.000000 | Q:        nan | won: False 
#  228 | steps:  2543 | steps_t:     0 | t: 1.589433 | r:  -508.000000 | e:   1.000000 | Q:        nan | won: False 
#  229 | steps:  2553 | steps_t:     0 | t: 1.597412 | r:  -509.000000 | e:   1.000000 | Q:        nan | won: False 
#  230 | steps:  2578 | steps_t:     0 | t: 1.607383 | r:  -524.000000 | e:   1.000000 | Q:        nan | won: False 
#  231 | steps:  2587 | steps_t:     0 | t: 1.614366 | r:  -508.000000 | e:   1.000000 | Q:        nan | won: False 
#  232 | steps:  2611 | steps_t:     0 | t: 1.627332 | r:  -523.000000 | e:   1.000000 | Q:        nan | won: False 
#  233 | steps:  2620 | steps_t:     0 | t: 1.634313 | r:  -508.000000 | e:   1.000000 | Q:        nan | won: False 
#  234 | steps:  2627 | steps_t:     0 | t: 1.638303 | r:  -506.000000 | e:   1.000000 | Q:        nan | won: False 
#  235 | steps:  2648 | steps_t:     0 | t: 1.650270 | r:  -520.000000 | e:   1.000000 | Q:        nan | won: False 
#  236 | steps:  2656 | steps_t:     0 | t: 1.654258 | r:  -507.000000 | e:   1.000000 | Q:        nan | won: False 
#  237 | steps:  2663 | steps_t:     0 | t: 1.657250 | r:  -506.000000 | e:   1.000000 | Q:        nan | won: False 
#  238 | steps:  2680 | steps_t:     0 | t: 1.667225 | r:  -516.000000 | e:   1.000000 | Q:        nan | won: False 
#  239 | steps:  2693 | steps_t:     0 | t: 1.674206 | r:  -512.000000 | e:   1.000000 | Q:        nan | won: False 
#  240 | steps:  2716 | steps_t:     0 | t: 1.686173 | r:  -522.000000 | e:   1.000000 | Q:        nan | won: False 
#  241 | steps:  2725 | steps_t:     0 | t: 1.691160 | r:  -508.000000 | e:   1.000000 | Q:        nan | won: False 
#  242 | steps:  2735 | steps_t:     0 | t: 1.698141 | r:  -509.000000 | e:   1.000000 | Q:        nan | won: False 
#  243 | steps:  2755 | steps_t:     0 | t: 1.706121 | r:  -519.000000 | e:   1.000000 | Q:        nan | won: False 
#  244 | steps:  2763 | steps_t:     0 | t: 1.713101 | r:  -507.000000 | e:   1.000000 | Q:        nan | won: False 
#  245 | steps:  2785 | steps_t:     0 | t: 1.723075 | r:  -521.000000 | e:   1.000000 | Q:        nan | won: False 
#  246 | steps:  2794 | steps_t:     0 | t: 1.730057 | r:  -508.000000 | e:   1.000000 | Q:        nan | won: False 
#  247 | steps:  2813 | steps_t:     0 | t: 1.739032 | r:  -518.000000 | e:   1.000000 | Q:        nan | won: False 
#  248 | steps:  2820 | steps_t:     0 | t: 1.743023 | r:  -506.000000 | e:   1.000000 | Q:        nan | won: False 
#  249 | steps:  2833 | steps_t:     0 | t: 1.751000 | r:  -512.000000 | e:   1.000000 | Q:        nan | won: False 
#  250 | steps:  2841 | steps_t:     0 | t: 1.760975 | r:  -507.000000 | e:   1.000000 | Q:        nan | won: False 
#  251 | steps:  2860 | steps_t:     0 | t: 1.803859 | r:  -518.000000 | e:   1.000000 | Q:        nan | won: False 
#  252 | steps:  2868 | steps_t:     0 | t: 1.819817 | r:  -507.000000 | e:   1.000000 | Q:        nan | won: False 
#  253 | steps:  2890 | steps_t:     0 | t: 1.842756 | r:  -521.000000 | e:   1.000000 | Q:        nan | won: False 
#  254 | steps:  2897 | steps_t:     0 | t: 1.847741 | r:  -506.000000 | e:   1.000000 | Q:        nan | won: False 
#  255 | steps:  2917 | steps_t:     0 | t: 1.856716 | r:  -519.000000 | e:   1.000000 | Q:        nan | won: False 
#  256 | steps:  2923 | steps_t:     0 | t: 1.862703 | r:  -505.000000 | e:   1.000000 | Q:        nan | won: False 
#  257 | steps:  2931 | steps_t:     0 | t: 1.866690 | r:  -507.000000 | e:   1.000000 | Q:        nan | won: False 
#  258 | steps:  2939 | steps_t:     0 | t: 1.871680 | r:  -507.000000 | e:   1.000000 | Q:        nan | won: False 
#  259 | steps:  2962 | steps_t:     0 | t: 1.883645 | r:  -522.000000 | e:   1.000000 | Q:        nan | won: False 
#  260 | steps:  2974 | steps_t:     0 | t: 1.890629 | r:  -511.000000 | e:   1.000000 | Q:        nan | won: False 
#  261 | steps:  2989 | steps_t:     0 | t: 1.900600 | r:  -514.000000 | e:   1.000000 | Q:        nan | won: False 
#  262 | steps:  3005 | steps_t:     0 | t: 1.907583 | r:  -504.000000 | e:   1.000000 | Q:        nan | won: False 
#  263 | steps:  3011 | steps_t:     0 | t: 1.913568 | r:  -505.000000 | e:   1.000000 | Q:        nan | won: False 
#  264 | steps:  3018 | steps_t:     0 | t: 1.917555 | r:  -506.000000 | e:   1.000000 | Q:        nan | won: False 
#  265 | steps:  3028 | steps_t:     0 | t: 1.922542 | r:  -509.000000 | e:   1.000000 | Q:        nan | won: False 
#  266 | steps:  3037 | steps_t:     0 | t: 1.930521 | r:  -508.000000 | e:   1.000000 | Q:        nan | won: False 
#  267 | steps:  3044 | steps_t:     0 | t: 1.933511 | r:  -506.000000 | e:   1.000000 | Q:        nan | won: False 
#  268 | steps:  3051 | steps_t:     0 | t: 1.937501 | r:  -506.000000 | e:   1.000000 | Q:        nan | won: False 
#  269 | steps:  3062 | steps_t:     0 | t: 1.946477 | r:  -510.000000 | e:   1.000000 | Q:        nan | won: False 
#  270 | steps:  3073 | steps_t:     0 | t: 1.953459 | r:  -510.000000 | e:   1.000000 | Q:        nan | won: False 
#  271 | steps:  3086 | steps_t:     0 | t: 1.962435 | r:  -512.000000 | e:   1.000000 | Q:        nan | won: False 
#  272 | steps:  3106 | steps_t:     0 | t: 1.971410 | r:  -519.000000 | e:   1.000000 | Q:        nan | won: False 
#  273 | steps:  3114 | steps_t:     0 | t: 1.975399 | r:  -507.000000 | e:   1.000000 | Q:        nan | won: False 
#  274 | steps:  3122 | steps_t:     0 | t: 1.981385 | r:  -507.000000 | e:   1.000000 | Q:        nan | won: False 
#  275 | steps:  3135 | steps_t:     0 | t: 1.988366 | r:  -512.000000 | e:   1.000000 | Q:        nan | won: False 
#  276 | steps:  3155 | steps_t:     0 | t: 1.999336 | r:  -519.000000 | e:   1.000000 | Q:        nan | won: False 
#  277 | steps:  3162 | steps_t:     0 | t: 2.002327 | r:  -506.000000 | e:   1.000000 | Q:        nan | won: False 
#  278 | steps:  3180 | steps_t:     0 | t: 2.013299 | r:  -517.000000 | e:   1.000000 | Q:        nan | won: False 
#  279 | steps:  3190 | steps_t:     0 | t: 2.018285 | r:  -509.000000 | e:   1.000000 | Q:        nan | won: False 
#  280 | steps:  3202 | steps_t:     0 | t: 2.024270 | r:  -511.000000 | e:   1.000000 | Q:        nan | won: False 
#  281 | steps:  3211 | steps_t:     0 | t: 2.030253 | r:  -508.000000 | e:   1.000000 | Q:        nan | won: False 
#  282 | steps:  3218 | steps_t:     0 | t: 2.035241 | r:  -506.000000 | e:   1.000000 | Q:        nan | won: False 
#  283 | steps:  3238 | steps_t:     0 | t: 2.045214 | r:  -519.000000 | e:   1.000000 | Q:        nan | won: False 
#  284 | steps:  3246 | steps_t:     0 | t: 2.049201 | r:  -507.000000 | e:   1.000000 | Q:        nan | won: False 
#  285 | steps:  3256 | steps_t:     0 | t: 2.054188 | r:  -509.000000 | e:   1.000000 | Q:        nan | won: False 
#  286 | steps:  3270 | steps_t:     0 | t: 2.064162 | r:  -513.000000 | e:   1.000000 | Q:        nan | won: False 
#  287 | steps:  3278 | steps_t:     0 | t: 2.068152 | r:  -507.000000 | e:   1.000000 | Q:        nan | won: False 
#  288 | steps:  3288 | steps_t:     0 | t: 2.073138 | r:  -509.000000 | e:   1.000000 | Q:        nan | won: False 
#  289 | steps:  3301 | steps_t:     0 | t: 2.081116 | r:  -512.000000 | e:   1.000000 | Q:        nan | won: False 
#  290 | steps:  3310 | steps_t:     0 | t: 2.087102 | r:  -508.000000 | e:   1.000000 | Q:        nan | won: False 
#  291 | steps:  3324 | steps_t:     0 | t: 2.096078 | r:  -491.000000 | e:   1.000000 | Q:        nan | won: False 
#  292 | steps:  3341 | steps_t:     0 | t: 2.103059 | r:  -516.000000 | e:   1.000000 | Q:        nan | won: False 
#  293 | steps:  3352 | steps_t:     0 | t: 2.108044 | r:  -510.000000 | e:   1.000000 | Q:        nan | won: False 
#  294 | steps:  3370 | steps_t:     0 | t: 2.118018 | r:  -517.000000 | e:   1.000000 | Q:        nan | won: False 
#  295 | steps:  3379 | steps_t:     0 | t: 2.123006 | r:  -508.000000 | e:   1.000000 | Q:        nan | won: False 
#  296 | steps:  3388 | steps_t:     0 | t: 2.129986 | r:  -508.000000 | e:   1.000000 | Q:        nan | won: False 
#  297 | steps:  3395 | steps_t:     0 | t: 2.133975 | r:  -506.000000 | e:   1.000000 | Q:        nan | won: False 
#  298 | steps:  3403 | steps_t:     0 | t: 2.138964 | r:  -507.000000 | e:   1.000000 | Q:        nan | won: False 
#  299 | steps:  3421 | steps_t:     0 | t: 2.149934 | r:  -506.000000 | e:   1.000000 | Q:        nan | won: False 
#  300 | steps:  3429 | steps_t:     0 | t: 2.153922 | r:  -507.000000 | e:   1.000000 | Q:        nan | won: False 
#  301 | steps:  3435 | steps_t:     0 | t: 2.157914 | r:  -505.000000 | e:   1.000000 | Q:        nan | won: False 
#  302 | steps:  3442 | steps_t:     0 | t: 2.164894 | r:  -506.000000 | e:   1.000000 | Q:        nan | won: False 
#  303 | steps:  3453 | steps_t:     0 | t: 2.169879 | r:  -510.000000 | e:   1.000000 | Q:        nan | won: False 
#  304 | steps:  3464 | steps_t:     0 | t: 2.174866 | r:  -510.000000 | e:   1.000000 | Q:        nan | won: False 
#  305 | steps:  3475 | steps_t:     0 | t: 2.181847 | r:  -510.000000 | e:   1.000000 | Q:        nan | won: False 
#  306 | steps:  3520 | steps_t:     0 | t: 2.200796 | r:  -533.000000 | e:   1.000000 | Q:        nan | won: False 
#  307 | steps:  3528 | steps_t:     0 | t: 2.204787 | r:  -507.000000 | e:   1.000000 | Q:        nan | won: False 
#  308 | steps:  3543 | steps_t:     0 | t: 2.214760 | r:  -514.000000 | e:   1.000000 | Q:        nan | won: False 
#  309 | steps:  3554 | steps_t:     0 | t: 2.220744 | r:  -510.000000 | e:   1.000000 | Q:        nan | won: False 
#  310 | steps:  3562 | steps_t:     0 | t: 2.224734 | r:  -507.000000 | e:   1.000000 | Q:        nan | won: False 
#  311 | steps:  3571 | steps_t:     0 | t: 2.231714 | r:  -508.000000 | e:   1.000000 | Q:        nan | won: False 
#  312 | steps:  3578 | steps_t:     0 | t: 2.235704 | r:  -506.000000 | e:   1.000000 | Q:        nan | won: False 
#  313 | steps:  3588 | steps_t:     0 | t: 2.240690 | r:  -509.000000 | e:   1.000000 | Q:        nan | won: False 
#  314 | steps:  3596 | steps_t:     0 | t: 2.246675 | r:  -507.000000 | e:   1.000000 | Q:        nan | won: False 
#  315 | steps:  3606 | steps_t:     0 | t: 2.251660 | r:  -509.000000 | e:   1.000000 | Q:        nan | won: False 
#  316 | steps:  3620 | steps_t:     0 | t: 2.260637 | r:  -513.000000 | e:   1.000000 | Q:        nan | won: False 
#  317 | steps:  3628 | steps_t:     0 | t: 2.265624 | r:  -507.000000 | e:   1.000000 | Q:        nan | won: False 
#  318 | steps:  3636 | steps_t:     0 | t: 2.269614 | r:  -507.000000 | e:   1.000000 | Q:        nan | won: False 
#  319 | steps:  3644 | steps_t:     0 | t: 2.273601 | r:  -507.000000 | e:   1.000000 | Q:        nan | won: False 
#  320 | steps:  3654 | steps_t:     0 | t: 2.281580 | r:  -509.000000 | e:   1.000000 | Q:        nan | won: False 
#  321 | steps:  3666 | steps_t:     0 | t: 2.286566 | r:  -511.000000 | e:   1.000000 | Q:        nan | won: False 
#  322 | steps:  3675 | steps_t:     0 | t: 2.291553 | r:  -508.000000 | e:   1.000000 | Q:        nan | won: False 
#  323 | steps:  3680 | steps_t:     0 | t: 2.297539 | r:  -504.000000 | e:   1.000000 | Q:        nan | won: False 
#  324 | steps:  3689 | steps_t:     0 | t: 2.301528 | r:  -508.000000 | e:   1.000000 | Q:        nan | won: False 
#  325 | steps:  3697 | steps_t:     0 | t: 2.305518 | r:  -507.000000 | e:   1.000000 | Q:        nan | won: False 
#  326 | steps:  3704 | steps_t:     0 | t: 2.312499 | r:  -506.000000 | e:   1.000000 | Q:        nan | won: False 
#  327 | steps:  3710 | steps_t:     0 | t: 2.315489 | r:  -505.000000 | e:   1.000000 | Q:        nan | won: False 
#  328 | steps:  3719 | steps_t:     0 | t: 2.320477 | r:  -508.000000 | e:   1.000000 | Q:        nan | won: False 
#  329 | steps:  3735 | steps_t:     0 | t: 2.330450 | r:  -504.000000 | e:   1.000000 | Q:        nan | won: False 
#  330 | steps:  3742 | steps_t:     0 | t: 2.333441 | r:  -506.000000 | e:   1.000000 | Q:        nan | won: False 
#  331 | steps:  3752 | steps_t:     0 | t: 2.339425 | r:  -509.000000 | e:   1.000000 | Q:        nan | won: False 
#  332 | steps:  3759 | steps_t:     0 | t: 2.346408 | r:  -506.000000 | e:   1.000000 | Q:        nan | won: False 
#  333 | steps:  3765 | steps_t:     0 | t: 2.349398 | r:  -505.000000 | e:   1.000000 | Q:        nan | won: False 
#  334 | steps:  3780 | steps_t:     0 | t: 2.356381 | r:  -514.000000 | e:   1.000000 | Q:        nan | won: False 
#  335 | steps:  3789 | steps_t:     0 | t: 2.362365 | r:  -508.000000 | e:   1.000000 | Q:        nan | won: False 
#  336 | steps:  3797 | steps_t:     0 | t: 2.366353 | r:  -507.000000 | e:   1.000000 | Q:        nan | won: False 
#  337 | steps:  3805 | steps_t:     0 | t: 2.371341 | r:  -507.000000 | e:   1.000000 | Q:        nan | won: False 
#  338 | steps:  3813 | steps_t:     0 | t: 2.375329 | r:  -507.000000 | e:   1.000000 | Q:        nan | won: False 
#  339 | steps:  3820 | steps_t:     0 | t: 2.381314 | r:  -506.000000 | e:   1.000000 | Q:        nan | won: False 
#  340 | steps:  3826 | steps_t:     0 | t: 2.384305 | r:  -505.000000 | e:   1.000000 | Q:        nan | won: False 
#  341 | steps:  3834 | steps_t:     0 | t: 2.388295 | r:  -507.000000 | e:   1.000000 | Q:        nan | won: False 
#  342 | steps:  3840 | steps_t:     0 | t: 2.392284 | r:  -505.000000 | e:   1.000000 | Q:        nan | won: False 
#  343 | steps:  3849 | steps_t:     0 | t: 2.398268 | r:  -508.000000 | e:   1.000000 | Q:        nan | won: False 
#  344 | steps:  3860 | steps_t:     0 | t: 2.403254 | r:  -510.000000 | e:   1.000000 | Q:        nan | won: False 
#  345 | steps:  3866 | steps_t:     0 | t: 2.407245 | r:  -505.000000 | e:   1.000000 | Q:        nan | won: False 
#  346 | steps:  3882 | steps_t:     0 | t: 2.416219 | r:  -504.000000 | e:   1.000000 | Q:        nan | won: False 
#  347 | steps:  3894 | steps_t:     0 | t: 2.422204 | r:  -511.000000 | e:   1.000000 | Q:        nan | won: False 
#  348 | steps:  3904 | steps_t:     0 | t: 2.429188 | r:  -509.000000 | e:   1.000000 | Q:        nan | won: False 
#  349 | steps:  3913 | steps_t:     0 | t: 2.433174 | r:  -508.000000 | e:   1.000000 | Q:        nan | won: False 
#  350 | steps:  3923 | steps_t:     0 | t: 2.438161 | r:  -509.000000 | e:   1.000000 | Q:        nan | won: False 
#  351 | steps:  3930 | steps_t:     0 | t: 2.445144 | r:  -506.000000 | e:   1.000000 | Q:        nan | won: False 
#  352 | steps:  3938 | steps_t:     0 | t: 2.449131 | r:  -507.000000 | e:   1.000000 | Q:        nan | won: False 
#  353 | steps:  3943 | steps_t:     0 | t: 2.452125 | r:  -504.000000 | e:   1.000000 | Q:        nan | won: False 
#  354 | steps:  3954 | steps_t:     0 | t: 2.457111 | r:  -510.000000 | e:   1.000000 | Q:        nan | won: False 
#  355 | steps:  3963 | steps_t:     0 | t: 2.465090 | r:  -508.000000 | e:   1.000000 | Q:        nan | won: False 
#  356 | steps:  3970 | steps_t:     0 | t: 2.469079 | r:  -506.000000 | e:   1.000000 | Q:        nan | won: False 
#  357 | steps:  3976 | steps_t:     0 | t: 2.472072 | r:  -505.000000 | e:   1.000000 | Q:        nan | won: False 
#  358 | steps:  3988 | steps_t:     0 | t: 2.481048 | r:  -511.000000 | e:   1.000000 | Q:        nan | won: False 
#  359 | steps:  4005 | steps_t:     0 | t: 2.488030 | r:  -516.000000 | e:   1.000000 | Q:        nan | won: False 
#  360 | steps:  4016 | steps_t:     0 | t: 2.496007 | r:  -510.000000 | e:   1.000000 | Q:        nan | won: False 
#  361 | steps:  4025 | steps_t:     0 | t: 2.500993 | r:  -508.000000 | e:   1.000000 | Q:        nan | won: False 
#  362 | steps:  4033 | steps_t:     0 | t: 2.504982 | r:  -507.000000 | e:   1.000000 | Q:        nan | won: False 
#  363 | steps:  4044 | steps_t:     0 | t: 2.512961 | r:  -510.000000 | e:   1.000000 | Q:        nan | won: False 
#  364 | steps:  4053 | steps_t:     0 | t: 2.516951 | r:  -508.000000 | e:   1.000000 | Q:        nan | won: False 
#  365 | steps:  4063 | steps_t:     0 | t: 2.521938 | r:  -509.000000 | e:   1.000000 | Q:        nan | won: False 
#  366 | steps:  4080 | steps_t:     0 | t: 2.531910 | r:  -505.000000 | e:   1.000000 | Q:        nan | won: False 
#  367 | steps:  4087 | steps_t:     0 | t: 2.535900 | r:  -506.000000 | e:   1.000000 | Q:        nan | won: False 
#  368 | steps:  4104 | steps_t:     0 | t: 2.545875 | r:  -516.000000 | e:   1.000000 | Q:        nan | won: False 
#  369 | steps:  4119 | steps_t:     0 | t: 2.552856 | r:  -514.000000 | e:   1.000000 | Q:        nan | won: False 
#  370 | steps:  4131 | steps_t:     0 | t: 2.557841 | r:  -511.000000 | e:   1.000000 | Q:        nan | won: False 
#  371 | steps:  4141 | steps_t:     0 | t: 2.565819 | r:  -509.000000 | e:   1.000000 | Q:        nan | won: False 
#  372 | steps:  4148 | steps_t:     0 | t: 2.569809 | r:  -506.000000 | e:   1.000000 | Q:        nan | won: False 
#  373 | steps:  4172 | steps_t:     0 | t: 2.581777 | r:  -523.000000 | e:   1.000000 | Q:        nan | won: False 
#  374 | steps:  4182 | steps_t:     0 | t: 2.586766 | r:  -509.000000 | e:   1.000000 | Q:        nan | won: False 
#  375 | steps:  4191 | steps_t:     0 | t: 2.590753 | r:  -508.000000 | e:   1.000000 | Q:        nan | won: False 
#  376 | steps:  4198 | steps_t:     0 | t: 2.597735 | r:  -506.000000 | e:   1.000000 | Q:        nan | won: False 
#  377 | steps:  4211 | steps_t:     0 | t: 2.602721 | r:  -512.000000 | e:   1.000000 | Q:        nan | won: False 
#  378 | steps:  4222 | steps_t:     0 | t: 2.607707 | r:  -510.000000 | e:   1.000000 | Q:        nan | won: False 
#  379 | steps:  4231 | steps_t:     0 | t: 2.614688 | r:  -508.000000 | e:   1.000000 | Q:        nan | won: False 
#  380 | steps:  4251 | steps_t:     0 | t: 2.622670 | r:  -519.000000 | e:   1.000000 | Q:        nan | won: False 
#  381 | steps:  4267 | steps_t:     0 | t: 2.632642 | r:  -515.000000 | e:   1.000000 | Q:        nan | won: False 
#  382 | steps:  4278 | steps_t:     0 | t: 2.636630 | r:  -510.000000 | e:   1.000000 | Q:        nan | won: False 
#  383 | steps:  4288 | steps_t:     0 | t: 2.642616 | r:  -509.000000 | e:   1.000000 | Q:        nan | won: False 
#  384 | steps:  4310 | steps_t:     0 | t: 2.654582 | r:  -521.000000 | e:   1.000000 | Q:        nan | won: False 
#  385 | steps:  4317 | steps_t:     0 | t: 2.658575 | r:  -506.000000 | e:   1.000000 | Q:        nan | won: False 
#  386 | steps:  4326 | steps_t:     0 | t: 2.664555 | r:  -508.000000 | e:   1.000000 | Q:        nan | won: False 
#  387 | steps:  4334 | steps_t:     0 | t: 2.669543 | r:  -507.000000 | e:   1.000000 | Q:        nan | won: False 
#  388 | steps:  4344 | steps_t:     0 | t: 2.674530 | r:  -509.000000 | e:   1.000000 | Q:        nan | won: False 
#  389 | steps:  4367 | steps_t:     0 | t: 2.686496 | r:  -522.000000 | e:   1.000000 | Q:        nan | won: False 
#  390 | steps:  4380 | steps_t:     0 | t: 2.692481 | r:  -512.000000 | e:   1.000000 | Q:        nan | won: False 
#  391 | steps:  4388 | steps_t:     0 | t: 2.698465 | r:  -507.000000 | e:   1.000000 | Q:        nan | won: False 
#  392 | steps:  4394 | steps_t:     0 | t: 2.702454 | r:  -505.000000 | e:   1.000000 | Q:        nan | won: False 
#  393 | steps:  4407 | steps_t:     0 | t: 2.708438 | r:  -512.000000 | e:   1.000000 | Q:        nan | won: False 
#  394 | steps:  4413 | steps_t:     0 | t: 2.714422 | r:  -505.000000 | e:   1.000000 | Q:        nan | won: False 
#  395 | steps:  4432 | steps_t:     0 | t: 2.722401 | r:  -518.000000 | e:   1.000000 | Q:        nan | won: False 
#  396 | steps:  4443 | steps_t:     0 | t: 2.730380 | r:  -510.000000 | e:   1.000000 | Q:        nan | won: False 
#  397 | steps:  4452 | steps_t:     0 | t: 2.734368 | r:  -508.000000 | e:   1.000000 | Q:        nan | won: False 
#  398 | steps:  4472 | steps_t:     0 | t: 2.746337 | r:  -519.000000 | e:   1.000000 | Q:        nan | won: False 
#  399 | steps:  4482 | steps_t:     0 | t: 2.751323 | r:  -509.000000 | e:   1.000000 | Q:        nan | won: False 
#  400 | steps:  4491 | steps_t:     0 | t: 2.756313 | r:  -508.000000 | e:   1.000000 | Q:        nan | won: False 
#  401 | steps:  4506 | steps_t:     0 | t: 2.765286 | r:  -492.000000 | e:   1.000000 | Q:        nan | won: False 
#  402 | steps:  4513 | steps_t:     0 | t: 2.769276 | r:  -506.000000 | e:   1.000000 | Q:        nan | won: False 
#  403 | steps:  4521 | steps_t:     0 | t: 2.773266 | r:  -507.000000 | e:   1.000000 | Q:        nan | won: False 
#  404 | steps:  4529 | steps_t:     0 | t: 2.779251 | r:  -507.000000 | e:   1.000000 | Q:        nan | won: False 
#  405 | steps:  4540 | steps_t:     0 | t: 2.785233 | r:  -510.000000 | e:   1.000000 | Q:        nan | won: False 
#  406 | steps:  4548 | steps_t:     0 | t: 2.789223 | r:  -507.000000 | e:   1.000000 | Q:        nan | won: False 
#  407 | steps:  4554 | steps_t:     0 | t: 2.795208 | r:  -505.000000 | e:   1.000000 | Q:        nan | won: False 
#  408 | steps:  4559 | steps_t:     0 | t: 2.798198 | r:  -504.000000 | e:   1.000000 | Q:        nan | won: False 
#  409 | steps:  4568 | steps_t:     0 | t: 2.804185 | r:  -508.000000 | e:   1.000000 | Q:        nan | won: False 
#  410 | steps:  4582 | steps_t:     0 | t: 2.813160 | r:  -513.000000 | e:   1.000000 | Q:        nan | won: False 
#  411 | steps:  4595 | steps_t:     0 | t: 2.819144 | r:  -512.000000 | e:   1.000000 | Q:        nan | won: False 
#  412 | steps:  4605 | steps_t:     0 | t: 2.824128 | r:  -509.000000 | e:   1.000000 | Q:        nan | won: False 
#  413 | steps:  4612 | steps_t:     0 | t: 2.831112 | r:  -506.000000 | e:   1.000000 | Q:        nan | won: False 
#  414 | steps:  4631 | steps_t:     0 | t: 2.840089 | r:  -518.000000 | e:   1.000000 | Q:        nan | won: False 
#  415 | steps:  4638 | steps_t:     0 | t: 2.846072 | r:  -506.000000 | e:   1.000000 | Q:        nan | won: False 
#  416 | steps:  4653 | steps_t:     0 | t: 2.853052 | r:  -503.000000 | e:   1.000000 | Q:        nan | won: False 
#  417 | steps:  4666 | steps_t:     0 | t: 2.860034 | r:  -512.000000 | e:   1.000000 | Q:        nan | won: False 
#  418 | steps:  4675 | steps_t:     0 | t: 2.865019 | r:  -508.000000 | e:   1.000000 | Q:        nan | won: False 
#  419 | steps:  4683 | steps_t:     0 | t: 2.870006 | r:  -507.000000 | e:   1.000000 | Q:        nan | won: False 
#  420 | steps:  4694 | steps_t:     0 | t: 2.874994 | r:  -510.000000 | e:   1.000000 | Q:        nan | won: False 
#  421 | steps:  4704 | steps_t:     0 | t: 2.882973 | r:  -509.000000 | e:   1.000000 | Q:        nan | won: False 
#  422 | steps:  4725 | steps_t:     0 | t: 2.893944 | r:  -520.000000 | e:   1.000000 | Q:        nan | won: False 
#  423 | steps:  4734 | steps_t:     0 | t: 2.898928 | r:  -508.000000 | e:   1.000000 | Q:        nan | won: False 
#  424 | steps:  4743 | steps_t:     0 | t: 2.903915 | r:  -508.000000 | e:   1.000000 | Q:        nan | won: False 
#  425 | steps:  4756 | steps_t:     0 | t: 2.911896 | r:  -512.000000 | e:   1.000000 | Q:        nan | won: False 
#  426 | steps:  4763 | steps_t:     0 | t: 2.915883 | r:  -506.000000 | e:   1.000000 | Q:        nan | won: False 
#  427 | steps:  4769 | steps_t:     0 | t: 2.918877 | r:  -505.000000 | e:   1.000000 | Q:        nan | won: False 
#  428 | steps:  4777 | steps_t:     0 | t: 2.923864 | r:  -507.000000 | e:   1.000000 | Q:        nan | won: False 
#  429 | steps:  4784 | steps_t:     0 | t: 2.929848 | r:  -506.000000 | e:   1.000000 | Q:        nan | won: False 
#  430 | steps:  4794 | steps_t:     0 | t: 2.933836 | r:  -509.000000 | e:   1.000000 | Q:        nan | won: False 
#  431 | steps:  4808 | steps_t:     0 | t: 2.940816 | r:  -513.000000 | e:   1.000000 | Q:        nan | won: False 
#  432 | steps:  4832 | steps_t:     0 | t: 2.954781 | r:  -523.000000 | e:   1.000000 | Q:        nan | won: False 
#  433 | steps:  4843 | steps_t:     0 | t: 2.962760 | r:  -510.000000 | e:   1.000000 | Q:        nan | won: False 
#  434 | steps:  4855 | steps_t:     0 | t: 2.968742 | r:  -511.000000 | e:   1.000000 | Q:        nan | won: False 
#  435 | steps:  4861 | steps_t:     0 | t: 2.971735 | r:  -505.000000 | e:   1.000000 | Q:        nan | won: False 
#  436 | steps:  4876 | steps_t:     0 | t: 2.981708 | r:  -492.000000 | e:   1.000000 | Q:        nan | won: False 
#  437 | steps:  4891 | steps_t:     0 | t: 2.988688 | r:  -514.000000 | e:   1.000000 | Q:        nan | won: False 
#  438 | steps:  4912 | steps_t:     0 | t: 3.011628 | r:  -520.000000 | e:   1.000000 | Q:        nan | won: False 
#  439 | steps:  4919 | steps_t:     0 | t: 3.035564 | r:  -506.000000 | e:   1.000000 | Q:        nan | won: False 
#  440 | steps:  4927 | steps_t:     0 | t: 3.059501 | r:  -507.000000 | e:   1.000000 | Q:        nan | won: False 
#  441 | steps:  4935 | steps_t:     0 | t: 3.067478 | r:  -507.000000 | e:   1.000000 | Q:        nan | won: False 
#  442 | steps:  4943 | steps_t:     0 | t: 3.081441 | r:  -507.000000 | e:   1.000000 | Q:        nan | won: False 
#  443 | steps:  4951 | steps_t:     0 | t: 3.086427 | r:  -507.000000 | e:   1.000000 | Q:        nan | won: False 
#  444 | steps:  4962 | steps_t:     0 | t: 3.091415 | r:  -510.000000 | e:   1.000000 | Q:        nan | won: False 
#  445 | steps:  4969 | steps_t:     0 | t: 3.098396 | r:  -506.000000 | e:   1.000000 | Q:        nan | won: False 
#  446 | steps:  4978 | steps_t:     0 | t: 3.103382 | r:  -508.000000 | e:   1.000000 | Q:        nan | won: False 
#  447 | steps:  4985 | steps_t:     0 | t: 3.107372 | r:  -506.000000 | e:   1.000000 | Q:        nan | won: False 
#  448 | steps:  4994 | steps_t:     0 | t: 3.114352 | r:  -508.000000 | e:   1.000000 | Q:        nan | won: False 
#  449 | steps:  5003 | steps_t:     1 | t: 3.246030 | r:  -508.000000 | e:   0.999900 | Q:        nan | won: False 
#  450 | steps:  5012 | steps_t:     9 | t: 3.316811 | r:  -508.000000 | e:   0.999100 | Q:        nan | won: False 
#  451 | steps:  5018 | steps_t:    14 | t: 3.360694 | r:  -505.000000 | e:   0.998600 | Q:        nan | won: False 
#  452 | steps:  5024 | steps_t:    19 | t: 3.405573 | r:  -505.000000 | e:   0.998100 | Q:        nan | won: False 
#  453 | steps:  5039 | steps_t:    33 | t: 3.519269 | r:  -514.000000 | e:   0.996700 | Q:        nan | won: False 
#  454 | steps:  5053 | steps_t:    46 | t: 3.626981 | r:  -513.000000 | e:   0.995400 | Q:        nan | won: False 
#  455 | steps:  5060 | steps_t:    52 | t: 3.680838 | r:  -506.000000 | e:   0.994800 | Q:        nan | won: False 
#  456 | steps:  5072 | steps_t:    63 | t: 3.772591 | r:  -511.000000 | e:   0.993700 | Q:        nan | won: False 
#  457 | steps:  5080 | steps_t:    70 | t: 3.832431 | r:  -507.000000 | e:   0.993000 | Q:        nan | won: False 
#  458 | steps:  5088 | steps_t:    77 | t: 3.893269 | r:  -507.000000 | e:   0.992300 | Q:        nan | won: False 
#  459 | steps:  5097 | steps_t:    85 | t: 3.960090 | r:  -508.000000 | e:   0.991500 | Q:        nan | won: False 
#  460 | steps:  5103 | steps_t:    90 | t: 4.001978 | r:  -505.000000 | e:   0.991000 | Q:        nan | won: False 
#  461 | steps:  5112 | steps_t:    98 | t: 4.070793 | r:  -508.000000 | e:   0.990200 | Q:        nan | won: False 
#  462 | steps:  5125 | steps_t:   110 | t: 4.175514 | r:  -512.000000 | e:   0.989000 | Q:        nan | won: False 
#  463 | steps:  5133 | steps_t:   117 | t: 4.236350 | r:  -507.000000 | e:   0.988300 | Q:        nan | won: False 
#  464 | steps:  5152 | steps_t:   135 | t: 4.384953 | r:  -518.000000 | e:   0.986500 | Q:        nan | won: False 
#  465 | steps:  5160 | steps_t:   142 | t: 4.444792 | r:  -507.000000 | e:   0.985800 | Q:        nan | won: False 
#  466 | steps:  5168 | steps_t:   149 | t: 4.503635 | r:  -507.000000 | e:   0.985100 | Q: -278.297272 | won: False 
#  467 | steps:  5177 | steps_t:   157 | t: 4.572450 | r:  -508.000000 | e:   0.984300 | Q:        nan | won: False 
#  468 | steps:  5186 | steps_t:   165 | t: 4.639273 | r:  -508.000000 | e:   0.983500 | Q:        nan | won: False 
#  469 | steps:  5193 | steps_t:   171 | t: 4.690136 | r:  -506.000000 | e:   0.982900 | Q:        nan | won: False 
#  470 | steps:  5209 | steps_t:   186 | t: 4.814802 | r:  -515.000000 | e:   0.981400 | Q: -283.546936 | won: False 
#  471 | steps:  5226 | steps_t:   202 | t: 4.944457 | r:  -516.000000 | e:   0.979800 | Q:        nan | won: False 
#  472 | steps:  5237 | steps_t:   212 | t: 5.030225 | r:  -510.000000 | e:   0.978800 | Q: -308.435822 | won: False 
#  473 | steps:  5245 | steps_t:   219 | t: 5.091063 | r:  -507.000000 | e:   0.978100 | Q:        nan | won: False 
#  474 | steps:  5254 | steps_t:   227 | t: 5.160880 | r:  -508.000000 | e:   0.977300 | Q: -317.270996 | won: False 
#  475 | steps:  5282 | steps_t:   254 | t: 5.383281 | r:  -516.000000 | e:   0.974600 | Q: -323.124969 | won: False 
#  476 | steps:  5292 | steps_t:   263 | t: 5.458081 | r:  -509.000000 | e:   0.973700 | Q: -306.463562 | won: False 
#  477 | steps:  5299 | steps_t:   269 | t: 5.509943 | r:  -506.000000 | e:   0.973100 | Q:        nan | won: False 
#  478 | steps:  5307 | steps_t:   276 | t: 5.570781 | r:  -507.000000 | e:   0.972400 | Q:        nan | won: False 
#  479 | steps:  5331 | steps_t:   299 | t: 5.752295 | r:  -523.000000 | e:   0.970100 | Q:        nan | won: False 
#  480 | steps:  5341 | steps_t:   308 | t: 5.829089 | r:  -509.000000 | e:   0.969200 | Q: -321.680084 | won: False 
#  481 | steps:  5346 | steps_t:   312 | t: 5.865990 | r:  -504.000000 | e:   0.968800 | Q:        nan | won: False 
#  482 | steps:  5355 | steps_t:   320 | t: 5.935802 | r:  -508.000000 | e:   0.968000 | Q: -324.552612 | won: False 
#  483 | steps:  5362 | steps_t:   326 | t: 5.991654 | r:  -506.000000 | e:   0.967400 | Q:        nan | won: False 
#  484 | steps:  5370 | steps_t:   333 | t: 6.051494 | r:  -507.000000 | e:   0.966700 | Q:        nan | won: False 
#  485 | steps:  5380 | steps_t:   342 | t: 6.130283 | r:  -509.000000 | e:   0.965800 | Q: -320.487793 | won: False 
#  486 | steps:  5387 | steps_t:   348 | t: 6.185137 | r:  -506.000000 | e:   0.965200 | Q:        nan | won: False 
#  487 | steps:  5394 | steps_t:   354 | t: 6.238992 | r:  -506.000000 | e:   0.964600 | Q: -309.952118 | won: False 
#  488 | steps:  5402 | steps_t:   361 | t: 6.304815 | r:  -507.000000 | e:   0.963900 | Q:        nan | won: False 
#  489 | steps:  5414 | steps_t:   372 | t: 6.397568 | r:  -511.000000 | e:   0.962800 | Q:        nan | won: False 
#  490 | steps:  5419 | steps_t:   376 | t: 6.434469 | r:  -504.000000 | e:   0.962400 | Q:        nan | won: False 
#  491 | steps:  5430 | steps_t:   386 | t: 6.516251 | r:  -510.000000 | e:   0.961400 | Q:        nan | won: False 
#  492 | steps:  5445 | steps_t:   400 | t: 6.638922 | r:  -514.000000 | e:   0.960000 | Q:        nan | won: False 
#  493 | steps:  5455 | steps_t:   409 | t: 6.716714 | r:  -509.000000 | e:   0.959100 | Q:        nan | won: False 
#  494 | steps:  5462 | steps_t:   415 | t: 6.768576 | r:  -506.000000 | e:   0.958500 | Q:        nan | won: False 
#  495 | steps:  5471 | steps_t:   423 | t: 6.838389 | r:  -508.000000 | e:   0.957700 | Q: -303.195953 | won: False 
#  496 | steps:  5481 | steps_t:   432 | t: 6.914187 | r:  -509.000000 | e:   0.956800 | Q:        nan | won: False 
#  497 | steps:  5492 | steps_t:   442 | t: 7.001951 | r:  -510.000000 | e:   0.955800 | Q: -307.680359 | won: False 
#  498 | steps:  5499 | steps_t:   448 | t: 7.057801 | r:  -506.000000 | e:   0.955200 | Q: -298.205261 | won: False 
#  499 | steps:  5507 | steps_t:   455 | t: 7.120634 | r:  -507.000000 | e:   0.954500 | Q:        nan | won: False 
#  500 | steps:  5513 | steps_t:   460 | t: 7.166510 | r:  -505.000000 | e:   0.954000 | Q:        nan | won: False 
