#    1 | steps:     8 | steps_t:     0 | t: 0.094673 | r:  -507.000000 | e:   1.000000 | Q:        nan | won: False 
#    2 | steps:    21 | steps_t:     0 | t: 0.102654 | r:  -512.000000 | e:   1.000000 | Q:        nan | won: False 
#    3 | steps:    45 | steps_t:     0 | t: 0.116645 | r:  -523.000000 | e:   1.000000 | Q:        nan | won: False 
#    4 | steps:    57 | steps_t:     0 | t: 0.127588 | r:  -511.000000 | e:   1.000000 | Q:        nan | won: False 
#    5 | steps:    72 | steps_t:     0 | t: 0.134569 | r:  -503.000000 | e:   1.000000 | Q:        nan | won: False 
#    6 | steps:    80 | steps_t:     0 | t: 0.141551 | r:  -507.000000 | e:   1.000000 | Q:        nan | won: False 
#    7 | steps:    89 | steps_t:     0 | t: 0.149529 | r:  -508.000000 | e:   1.000000 | Q:        nan | won: False 
#    8 | steps:    96 | steps_t:     0 | t: 0.155518 | r:  -506.000000 | e:   1.000000 | Q:        nan | won: False 
#    9 | steps:   103 | steps_t:     0 | t: 0.162494 | r:  -506.000000 | e:   1.000000 | Q:        nan | won: False 
#   10 | steps:   113 | steps_t:     0 | t: 0.169478 | r:  -509.000000 | e:   1.000000 | Q:        nan | won: False 
#   11 | steps:   122 | steps_t:     0 | t: 0.178518 | r:  -508.000000 | e:   1.000000 | Q:        nan | won: False 
#   12 | steps:   131 | steps_t:     0 | t: 0.184439 | r:  -508.000000 | e:   1.000000 | Q:        nan | won: False 
#   13 | steps:   153 | steps_t:     0 | t: 0.198398 | r:  -521.000000 | e:   1.000000 | Q:        nan | won: False 
#   14 | steps:   160 | steps_t:     0 | t: 0.204383 | r:  -506.000000 | e:   1.000000 | Q:        nan | won: False 
#   15 | steps:   169 | steps_t:     0 | t: 0.213359 | r:  -508.000000 | e:   1.000000 | Q:        nan | won: False 
#   16 | steps:   175 | steps_t:     0 | t: 0.217349 | r:  -505.000000 | e:   1.000000 | Q:        nan | won: False 
#   17 | steps:   186 | steps_t:     0 | t: 0.226327 | r:  -510.000000 | e:   1.000000 | Q:        nan | won: False 
#   18 | steps:   208 | steps_t:     0 | t: 0.239292 | r:  -521.000000 | e:   1.000000 | Q:        nan | won: False 
#   19 | steps:   216 | steps_t:     0 | t: 0.245273 | r:  -507.000000 | e:   1.000000 | Q:        nan | won: False 
#   20 | steps:   230 | steps_t:     0 | t: 0.255248 | r:  -513.000000 | e:   1.000000 | Q:        nan | won: False 
#   21 | steps:   247 | steps_t:     0 | t: 0.266216 | r:  -516.000000 | e:   1.000000 | Q:        nan | won: False 
#   22 | steps:   257 | steps_t:     0 | t: 0.276193 | r:  -509.000000 | e:   1.000000 | Q:        nan | won: False 
#   23 | steps:   265 | steps_t:     0 | t: 0.281177 | r:  -507.000000 | e:   1.000000 | Q:        nan | won: False 
#   24 | steps:   276 | steps_t:     0 | t: 0.289157 | r:  -510.000000 | e:   1.000000 | Q:        nan | won: False 
#   25 | steps:   285 | steps_t:     0 | t: 0.296137 | r:  -508.000000 | e:   1.000000 | Q:        nan | won: False 
#   26 | steps:   292 | steps_t:     0 | t: 0.300126 | r:  -506.000000 | e:   1.000000 | Q:        nan | won: False 
#   27 | steps:   300 | steps_t:     0 | t: 0.307109 | r:  -507.000000 | e:   1.000000 | Q:        nan | won: False 
#   28 | steps:   310 | steps_t:     0 | t: 0.314089 | r:  -509.000000 | e:   1.000000 | Q:        nan | won: False 
#   29 | steps:   319 | steps_t:     0 | t: 0.321071 | r:  -508.000000 | e:   1.000000 | Q:        nan | won: False 
#   30 | steps:   326 | steps_t:     0 | t: 0.330046 | r:  -506.000000 | e:   1.000000 | Q:        nan | won: False 
#   31 | steps:   338 | steps_t:     0 | t: 0.343012 | r:  -511.000000 | e:   1.000000 | Q:        nan | won: False 
#   32 | steps:   351 | steps_t:     0 | t: 0.353985 | r:  -512.000000 | e:   1.000000 | Q:        nan | won: False 
#   33 | steps:   362 | steps_t:     0 | t: 0.360964 | r:  -510.000000 | e:   1.000000 | Q:        nan | won: False 
#   34 | steps:   369 | steps_t:     0 | t: 0.365951 | r:  -506.000000 | e:   1.000000 | Q:        nan | won: False 
#   35 | steps:   377 | steps_t:     0 | t: 0.371936 | r:  -507.000000 | e:   1.000000 | Q:        nan | won: False 
#   36 | steps:   391 | steps_t:     0 | t: 0.381908 | r:  -513.000000 | e:   1.000000 | Q:        nan | won: False 
#   37 | steps:   400 | steps_t:     0 | t: 0.388890 | r:  -508.000000 | e:   1.000000 | Q:        nan | won: False 
#   38 | steps:   408 | steps_t:     0 | t: 0.395871 | r:  -507.000000 | e:   1.000000 | Q:        nan | won: False 
#   39 | steps:   422 | steps_t:     0 | t: 0.404847 | r:  -513.000000 | e:   1.000000 | Q:        nan | won: False 
#   40 | steps:   431 | steps_t:     0 | t: 0.411828 | r:  -508.000000 | e:   1.000000 | Q:        nan | won: False 
#   41 | steps:   438 | steps_t:     0 | t: 0.416815 | r:  -506.000000 | e:   1.000000 | Q:        nan | won: False 
#   42 | steps:   444 | steps_t:     0 | t: 0.422801 | r:  -505.000000 | e:   1.000000 | Q:        nan | won: False 
#   43 | steps:   452 | steps_t:     0 | t: 0.430778 | r:  -507.000000 | e:   1.000000 | Q:        nan | won: False 
#   44 | steps:   467 | steps_t:     0 | t: 0.440751 | r:  -503.000000 | e:   1.000000 | Q:        nan | won: False 
#   45 | steps:   482 | steps_t:     0 | t: 0.449727 | r:  -514.000000 | e:   1.000000 | Q:        nan | won: False 
#   46 | steps:   490 | steps_t:     0 | t: 0.459700 | r:  -507.000000 | e:   1.000000 | Q:        nan | won: False 
#   47 | steps:   496 | steps_t:     0 | t: 0.463689 | r:  -505.000000 | e:   1.000000 | Q:        nan | won: False 
#   48 | steps:   507 | steps_t:     0 | t: 0.471669 | r:  -510.000000 | e:   1.000000 | Q:        nan | won: False 
#   49 | steps:   514 | steps_t:     0 | t: 0.478649 | r:  -506.000000 | e:   1.000000 | Q:        nan | won: False 
#   50 | steps:   522 | steps_t:     0 | t: 0.483636 | r:  -507.000000 | e:   1.000000 | Q:        nan | won: False 
#   51 | steps:   531 | steps_t:     0 | t: 0.492612 | r:  -508.000000 | e:   1.000000 | Q:        nan | won: False 
#   52 | steps:   553 | steps_t:     0 | t: 0.506575 | r:  -510.000000 | e:   1.000000 | Q:        nan | won: False 
#   53 | steps:   564 | steps_t:     0 | t: 0.513555 | r:  -510.000000 | e:   1.000000 | Q:        nan | won: False 
#   54 | steps:   577 | steps_t:     0 | t: 0.528517 | r:  -512.000000 | e:   1.000000 | Q:        nan | won: False 
#   55 | steps:   589 | steps_t:     0 | t: 0.535498 | r:  -511.000000 | e:   1.000000 | Q:        nan | won: False 
#   56 | steps:   599 | steps_t:     0 | t: 0.545470 | r:  -509.000000 | e:   1.000000 | Q:        nan | won: False 
#   57 | steps:   620 | steps_t:     0 | t: 0.560431 | r:  -520.000000 | e:   1.000000 | Q:        nan | won: False 
#   58 | steps:   626 | steps_t:     0 | t: 0.565418 | r:  -505.000000 | e:   1.000000 | Q:        nan | won: False 
#   59 | steps:   638 | steps_t:     0 | t: 0.575391 | r:  -511.000000 | e:   1.000000 | Q:        nan | won: False 
#   60 | steps:   654 | steps_t:     0 | t: 0.588356 | r:  -515.000000 | e:   1.000000 | Q:        nan | won: False 
#   61 | steps:   669 | steps_t:     0 | t: 0.600324 | r:  -514.000000 | e:   1.000000 | Q:        nan | won: False 
#   62 | steps:   697 | steps_t:     0 | t: 0.620272 | r:  -527.000000 | e:   1.000000 | Q:        nan | won: False 
#   63 | steps:   719 | steps_t:     0 | t: 0.636229 | r:  -521.000000 | e:   1.000000 | Q:        nan | won: False 
#   64 | steps:   729 | steps_t:     0 | t: 0.647197 | r:  -509.000000 | e:   1.000000 | Q:        nan | won: False 
#   65 | steps:   736 | steps_t:     0 | t: 0.654181 | r:  -506.000000 | e:   1.000000 | Q:        nan | won: False 
#   66 | steps:   747 | steps_t:     0 | t: 0.663156 | r:  -510.000000 | e:   1.000000 | Q:        nan | won: False 
#   67 | steps:   767 | steps_t:     0 | t: 0.681106 | r:  -519.000000 | e:   1.000000 | Q:        nan | won: False 
#   68 | steps:   790 | steps_t:     0 | t: 0.699059 | r:  -522.000000 | e:   1.000000 | Q:        nan | won: False 
#   69 | steps:   807 | steps_t:     0 | t: 0.717013 | r:  -505.000000 | e:   1.000000 | Q:        nan | won: False 
#   70 | steps:   816 | steps_t:     0 | t: 0.725987 | r:  -508.000000 | e:   1.000000 | Q:        nan | won: False 
#   71 | steps:   823 | steps_t:     0 | t: 0.742942 | r:  -506.000000 | e:   1.000000 | Q:        nan | won: False 
#   72 | steps:   835 | steps_t:     0 | t: 0.762889 | r:  -511.000000 | e:   1.000000 | Q:        nan | won: False 
#   73 | steps:   842 | steps_t:     0 | t: 0.772862 | r:  -506.000000 | e:   1.000000 | Q:        nan | won: False 
#   74 | steps:   860 | steps_t:     0 | t: 0.804777 | r:  -517.000000 | e:   1.000000 | Q:        nan | won: False 
#   75 | steps:   867 | steps_t:     0 | t: 0.815747 | r:  -506.000000 | e:   1.000000 | Q:        nan | won: False 
#   76 | steps:   878 | steps_t:     0 | t: 0.833700 | r:  -510.000000 | e:   1.000000 | Q:        nan | won: False 
#   77 | steps:   888 | steps_t:     0 | t: 0.855641 | r:  -509.000000 | e:   1.000000 | Q:        nan | won: False 
#   78 | steps:   931 | steps_t:     0 | t: 0.922462 | r:  -531.000000 | e:   1.000000 | Q:        nan | won: False 
#   79 | steps:   940 | steps_t:     0 | t: 0.943406 | r:  -508.000000 | e:   1.000000 | Q:        nan | won: False 
#   80 | steps:   957 | steps_t:     0 | t: 0.967342 | r:  -516.000000 | e:   1.000000 | Q:        nan | won: False 
#   81 | steps:   963 | steps_t:     0 | t: 0.979310 | r:  -505.000000 | e:   1.000000 | Q:        nan | won: False 
#   82 | steps:   981 | steps_t:     0 | t: 0.998259 | r:  -517.000000 | e:   1.000000 | Q:        nan | won: False 
#   83 | steps:   992 | steps_t:     0 | t: 1.016211 | r:  -510.000000 | e:   1.000000 | Q:        nan | won: False 
#   84 | steps:   999 | steps_t:     0 | t: 1.030174 | r:  -506.000000 | e:   1.000000 | Q:        nan | won: False 
#   85 | steps:  1005 | steps_t:     0 | t: 1.039149 | r:  -505.000000 | e:   1.000000 | Q:        nan | won: False 
#   86 | steps:  1010 | steps_t:     0 | t: 1.046132 | r:  -504.000000 | e:   1.000000 | Q:        nan | won: False 
#   87 | steps:  1021 | steps_t:     0 | t: 1.066078 | r:  -510.000000 | e:   1.000000 | Q:        nan | won: False 
#   88 | steps:  1028 | steps_t:     0 | t: 1.078047 | r:  -506.000000 | e:   1.000000 | Q:        nan | won: False 
#   89 | steps:  1036 | steps_t:     0 | t: 1.090013 | r:  -507.000000 | e:   1.000000 | Q:        nan | won: False 
#   90 | steps:  1041 | steps_t:     0 | t: 1.095997 | r:  -504.000000 | e:   1.000000 | Q:        nan | won: False 
#   91 | steps:  1050 | steps_t:     0 | t: 1.113950 | r:  -508.000000 | e:   1.000000 | Q:        nan | won: False 
#   92 | steps:  1057 | steps_t:     0 | t: 1.125919 | r:  -506.000000 | e:   1.000000 | Q:        nan | won: False 
#   93 | steps:  1067 | steps_t:     0 | t: 1.143869 | r:  -509.000000 | e:   1.000000 | Q:        nan | won: False 
#   94 | steps:  1076 | steps_t:     0 | t: 1.158829 | r:  -508.000000 | e:   1.000000 | Q:        nan | won: False 
#   95 | steps:  1098 | steps_t:     0 | t: 1.182767 | r:  -521.000000 | e:   1.000000 | Q:        nan | won: False 
#   96 | steps:  1106 | steps_t:     0 | t: 1.191741 | r:  -507.000000 | e:   1.000000 | Q:        nan | won: False 
#   97 | steps:  1124 | steps_t:     0 | t: 1.208699 | r:  -517.000000 | e:   1.000000 | Q:        nan | won: False 
#   98 | steps:  1144 | steps_t:     0 | t: 1.220664 | r:  -519.000000 | e:   1.000000 | Q:        nan | won: False 
#   99 | steps:  1170 | steps_t:     0 | t: 1.233629 | r:  -525.000000 | e:   1.000000 | Q:        nan | won: False 
#  100 | steps:  1182 | steps_t:     0 | t: 1.245597 | r:  -511.000000 | e:   1.000000 | Q:        nan | won: False 
#  101 | steps:  1195 | steps_t:     0 | t: 1.253577 | r:  -512.000000 | e:   1.000000 | Q:        nan | won: False 
#  102 | steps:  1204 | steps_t:     0 | t: 1.259562 | r:  -508.000000 | e:   1.000000 | Q:        nan | won: False 
#  103 | steps:  1210 | steps_t:     0 | t: 1.263548 | r:  -505.000000 | e:   1.000000 | Q:        nan | won: False 
#  104 | steps:  1220 | steps_t:     0 | t: 1.271529 | r:  -509.000000 | e:   1.000000 | Q:        nan | won: False 
#  105 | steps:  1233 | steps_t:     0 | t: 1.279506 | r:  -512.000000 | e:   1.000000 | Q:        nan | won: False 
#  106 | steps:  1241 | steps_t:     0 | t: 1.284494 | r:  -507.000000 | e:   1.000000 | Q:        nan | won: False 
#  107 | steps:  1249 | steps_t:     0 | t: 1.292472 | r:  -507.000000 | e:   1.000000 | Q:        nan | won: False 
#  108 | steps:  1257 | steps_t:     0 | t: 1.297458 | r:  -507.000000 | e:   1.000000 | Q:        nan | won: False 
#  109 | steps:  1280 | steps_t:     0 | t: 1.312417 | r:  -522.000000 | e:   1.000000 | Q:        nan | won: False 
#  110 | steps:  1290 | steps_t:     0 | t: 1.319400 | r:  -509.000000 | e:   1.000000 | Q:        nan | won: False 
#  111 | steps:  1302 | steps_t:     0 | t: 1.329372 | r:  -511.000000 | e:   1.000000 | Q:        nan | won: False 
#  112 | steps:  1308 | steps_t:     0 | t: 1.333363 | r:  -505.000000 | e:   1.000000 | Q:        nan | won: False 
#  113 | steps:  1316 | steps_t:     0 | t: 1.340344 | r:  -507.000000 | e:   1.000000 | Q:        nan | won: False 
#  114 | steps:  1327 | steps_t:     0 | t: 1.379240 | r:  -510.000000 | e:   1.000000 | Q:        nan | won: False 
#  115 | steps:  1345 | steps_t:     0 | t: 1.421128 | r:  -517.000000 | e:   1.000000 | Q:        nan | won: False 
#  116 | steps:  1351 | steps_t:     0 | t: 1.425117 | r:  -505.000000 | e:   1.000000 | Q:        nan | won: False 
#  117 | steps:  1358 | steps_t:     0 | t: 1.428108 | r:  -506.000000 | e:   1.000000 | Q:        nan | won: False 
#  118 | steps:  1383 | steps_t:     0 | t: 1.446062 | r:  -524.000000 | e:   1.000000 | Q:        nan | won: False 
#  119 | steps:  1395 | steps_t:     0 | t: 1.454040 | r:  -511.000000 | e:   1.000000 | Q:        nan | won: False 
#  120 | steps:  1405 | steps_t:     0 | t: 1.461021 | r:  -509.000000 | e:   1.000000 | Q:        nan | won: False 
#  121 | steps:  1413 | steps_t:     0 | t: 1.466006 | r:  -507.000000 | e:   1.000000 | Q:        nan | won: False 
#  122 | steps:  1421 | steps_t:     0 | t: 1.474983 | r:  -507.000000 | e:   1.000000 | Q:        nan | won: False 
#  123 | steps:  1442 | steps_t:     0 | t: 1.484956 | r:  -520.000000 | e:   1.000000 | Q:        nan | won: False 
#  124 | steps:  1451 | steps_t:     0 | t: 1.492935 | r:  -508.000000 | e:   1.000000 | Q:        nan | won: False 
#  125 | steps:  1461 | steps_t:     0 | t: 1.497922 | r:  -509.000000 | e:   1.000000 | Q:        nan | won: False 
#  126 | steps:  1469 | steps_t:     0 | t: 1.505902 | r:  -507.000000 | e:   1.000000 | Q:        nan | won: False 
#  127 | steps:  1480 | steps_t:     0 | t: 1.511883 | r:  -510.000000 | e:   1.000000 | Q:        nan | won: False 
#  128 | steps:  1486 | steps_t:     0 | t: 1.515874 | r:  -505.000000 | e:   1.000000 | Q:        nan | won: False 
#  129 | steps:  1496 | steps_t:     0 | t: 1.528840 | r:  -509.000000 | e:   1.000000 | Q:        nan | won: False 
#  130 | steps:  1509 | steps_t:     0 | t: 1.541804 | r:  -512.000000 | e:   1.000000 | Q:        nan | won: False 
#  131 | steps:  1517 | steps_t:     0 | t: 1.547789 | r:  -507.000000 | e:   1.000000 | Q:        nan | won: False 
#  132 | steps:  1531 | steps_t:     0 | t: 1.560755 | r:  -513.000000 | e:   1.000000 | Q:        nan | won: False 
#  133 | steps:  1544 | steps_t:     0 | t: 1.568733 | r:  -512.000000 | e:   1.000000 | Q:        nan | won: False 
#  134 | steps:  1562 | steps_t:     0 | t: 1.579702 | r:  -517.000000 | e:   1.000000 | Q:        nan | won: False 
#  135 | steps:  1571 | steps_t:     0 | t: 1.588679 | r:  -508.000000 | e:   1.000000 | Q:        nan | won: False 
#  136 | steps:  1580 | steps_t:     0 | t: 1.595661 | r:  -508.000000 | e:   1.000000 | Q:        nan | won: False 
#  137 | steps:  1588 | steps_t:     0 | t: 1.599648 | r:  -507.000000 | e:   1.000000 | Q:        nan | won: False 
#  138 | steps:  1595 | steps_t:     0 | t: 1.606633 | r:  -506.000000 | e:   1.000000 | Q:        nan | won: False 
#  139 | steps:  1612 | steps_t:     0 | t: 1.616604 | r:  -516.000000 | e:   1.000000 | Q:        nan | won: False 
#  140 | steps:  1621 | steps_t:     0 | t: 1.625581 | r:  -508.000000 | e:   1.000000 | Q:        nan | won: False 
#  141 | steps:  1635 | steps_t:     0 | t: 1.632560 | r:  -513.000000 | e:   1.000000 | Q:        nan | won: False 
#  142 | steps:  1655 | steps_t:     0 | t: 1.646524 | r:  -519.000000 | e:   1.000000 | Q:        nan | won: False 
#  143 | steps:  1663 | steps_t:     0 | t: 1.651510 | r:  -507.000000 | e:   1.000000 | Q:        nan | won: False 
#  144 | steps:  1682 | steps_t:     0 | t: 1.665473 | r:  -496.000000 | e:   1.000000 | Q:        nan | won: False 
#  145 | steps:  1701 | steps_t:     0 | t: 1.678438 | r:  -518.000000 | e:   1.000000 | Q:        nan | won: False 
#  146 | steps:  1707 | steps_t:     0 | t: 1.682427 | r:  -505.000000 | e:   1.000000 | Q:        nan | won: False 
#  147 | steps:  1725 | steps_t:     0 | t: 1.696391 | r:  -517.000000 | e:   1.000000 | Q:        nan | won: False 
#  148 | steps:  1738 | steps_t:     0 | t: 1.706364 | r:  -512.000000 | e:   1.000000 | Q:        nan | won: False 
#  149 | steps:  1755 | steps_t:     0 | t: 1.715340 | r:  -516.000000 | e:   1.000000 | Q:        nan | won: False 
#  150 | steps:  1765 | steps_t:     0 | t: 1.724317 | r:  -509.000000 | e:   1.000000 | Q:        nan | won: False 
#  151 | steps:  1779 | steps_t:     0 | t: 1.737283 | r:  -513.000000 | e:   1.000000 | Q:        nan | won: False 
#  152 | steps:  1786 | steps_t:     0 | t: 1.742270 | r:  -506.000000 | e:   1.000000 | Q:        nan | won: False 
#  153 | steps:  1795 | steps_t:     0 | t: 1.747254 | r:  -508.000000 | e:   1.000000 | Q:        nan | won: False 
#  154 | steps:  1804 | steps_t:     0 | t: 1.754239 | r:  -508.000000 | e:   1.000000 | Q:        nan | won: False 
#  155 | steps:  1813 | steps_t:     0 | t: 1.762215 | r:  -508.000000 | e:   1.000000 | Q:        nan | won: False 
#  156 | steps:  1827 | steps_t:     0 | t: 1.770193 | r:  -513.000000 | e:   1.000000 | Q:        nan | won: False 
#  157 | steps:  1836 | steps_t:     0 | t: 1.778173 | r:  -508.000000 | e:   1.000000 | Q:        nan | won: False 
#  158 | steps:  1843 | steps_t:     0 | t: 1.782161 | r:  -506.000000 | e:   1.000000 | Q:        nan | won: False 
#  159 | steps:  1855 | steps_t:     0 | t: 1.794131 | r:  -511.000000 | e:   1.000000 | Q:        nan | won: False 
#  160 | steps:  1863 | steps_t:     0 | t: 1.799116 | r:  -507.000000 | e:   1.000000 | Q:        nan | won: False 
#  161 | steps:  1874 | steps_t:     0 | t: 1.814078 | r:  -510.000000 | e:   1.000000 | Q:        nan | won: False 
#  162 | steps:  1884 | steps_t:     0 | t: 1.827044 | r:  -509.000000 | e:   1.000000 | Q:        nan | won: False 
#  163 | steps:  1914 | steps_t:     0 | t: 1.847985 | r:  -518.000000 | e:   1.000000 | Q:        nan | won: False 
#  164 | steps:  1923 | steps_t:     0 | t: 1.856961 | r:  -508.000000 | e:   1.000000 | Q:        nan | won: False 
#  165 | steps:  1934 | steps_t:     0 | t: 1.863941 | r:  -510.000000 | e:   1.000000 | Q:        nan | won: False 
#  166 | steps:  1951 | steps_t:     0 | t: 1.879902 | r:  -516.000000 | e:   1.000000 | Q:        nan | won: False 
#  167 | steps:  1956 | steps_t:     0 | t: 1.883892 | r:  -504.000000 | e:   1.000000 | Q:        nan | won: False 
#  168 | steps:  1963 | steps_t:     0 | t: 1.891867 | r:  -506.000000 | e:   1.000000 | Q:        nan | won: False 
#  169 | steps:  1972 | steps_t:     0 | t: 1.899846 | r:  -508.000000 | e:   1.000000 | Q:        nan | won: False 
#  170 | steps:  1994 | steps_t:     0 | t: 1.918796 | r:  -521.000000 | e:   1.000000 | Q:        nan | won: False 
#  171 | steps:  2010 | steps_t:     0 | t: 1.929765 | r:  -515.000000 | e:   1.000000 | Q:        nan | won: False 
#  172 | steps:  2016 | steps_t:     0 | t: 1.933755 | r:  -505.000000 | e:   1.000000 | Q:        nan | won: False 
#  173 | steps:  2023 | steps_t:     0 | t: 1.940737 | r:  -506.000000 | e:   1.000000 | Q:        nan | won: False 
#  174 | steps:  2032 | steps_t:     0 | t: 1.946721 | r:  -508.000000 | e:   1.000000 | Q:        nan | won: False 
#  175 | steps:  2043 | steps_t:     0 | t: 1.955698 | r:  -510.000000 | e:   1.000000 | Q:        nan | won: False 
#  176 | steps:  2051 | steps_t:     0 | t: 1.961681 | r:  -507.000000 | e:   1.000000 | Q:        nan | won: False 
#  177 | steps:  2070 | steps_t:     0 | t: 1.972652 | r:  -518.000000 | e:   1.000000 | Q:        nan | won: False 
#  178 | steps:  2079 | steps_t:     0 | t: 1.977638 | r:  -508.000000 | e:   1.000000 | Q:        nan | won: False 
#  179 | steps:  2087 | steps_t:     0 | t: 1.983621 | r:  -507.000000 | e:   1.000000 | Q:        nan | won: False 
#  180 | steps:  2114 | steps_t:     0 | t: 1.997584 | r:  -526.000000 | e:   1.000000 | Q:        nan | won: False 
#  181 | steps:  2128 | steps_t:     0 | t: 2.006560 | r:  -513.000000 | e:   1.000000 | Q:        nan | won: False 
#  182 | steps:  2138 | steps_t:     0 | t: 2.012545 | r:  -509.000000 | e:   1.000000 | Q:        nan | won: False 
#  183 | steps:  2148 | steps_t:     0 | t: 2.018533 | r:  -509.000000 | e:   1.000000 | Q:        nan | won: False 
#  184 | steps:  2156 | steps_t:     0 | t: 2.027506 | r:  -507.000000 | e:   1.000000 | Q:        nan | won: False 
#  185 | steps:  2166 | steps_t:     0 | t: 2.032491 | r:  -509.000000 | e:   1.000000 | Q:        nan | won: False 
#  186 | steps:  2176 | steps_t:     0 | t: 2.041468 | r:  -509.000000 | e:   1.000000 | Q:        nan | won: False 
#  187 | steps:  2185 | steps_t:     0 | t: 2.046453 | r:  -508.000000 | e:   1.000000 | Q:        nan | won: False 
#  188 | steps:  2197 | steps_t:     0 | t: 2.057425 | r:  -511.000000 | e:   1.000000 | Q:        nan | won: False 
#  189 | steps:  2206 | steps_t:     0 | t: 2.063410 | r:  -508.000000 | e:   1.000000 | Q:        nan | won: False 
#  190 | steps:  2214 | steps_t:     0 | t: 2.067397 | r:  -507.000000 | e:   1.000000 | Q:        nan | won: False 
#  191 | steps:  2220 | steps_t:     0 | t: 2.074381 | r:  -505.000000 | e:   1.000000 | Q:        nan | won: False 
#  192 | steps:  2229 | steps_t:     0 | t: 2.080363 | r:  -508.000000 | e:   1.000000 | Q:        nan | won: False 
#  193 | steps:  2237 | steps_t:     0 | t: 2.087346 | r:  -507.000000 | e:   1.000000 | Q:        nan | won: False 
#  194 | steps:  2246 | steps_t:     0 | t: 2.094328 | r:  -508.000000 | e:   1.000000 | Q:        nan | won: False 
#  195 | steps:  2257 | steps_t:     0 | t: 2.100309 | r:  -510.000000 | e:   1.000000 | Q:        nan | won: False 
#  196 | steps:  2268 | steps_t:     0 | t: 2.109286 | r:  -510.000000 | e:   1.000000 | Q:        nan | won: False 
#  197 | steps:  2281 | steps_t:     0 | t: 2.115271 | r:  -512.000000 | e:   1.000000 | Q:        nan | won: False 
#  198 | steps:  2290 | steps_t:     0 | t: 2.123249 | r:  -508.000000 | e:   1.000000 | Q:        nan | won: False 
#  199 | steps:  2301 | steps_t:     0 | t: 2.131227 | r:  -510.000000 | e:   1.000000 | Q:        nan | won: False 
#  200 | steps:  2311 | steps_t:     0 | t: 2.139207 | r:  -509.000000 | e:   1.000000 | Q:        nan | won: False 
#  201 | steps:  2319 | steps_t:     0 | t: 2.145189 | r:  -507.000000 | e:   1.000000 | Q:        nan | won: False 
#  202 | steps:  2327 | steps_t:     0 | t: 2.148181 | r:  -507.000000 | e:   1.000000 | Q:        nan | won: False 
#  203 | steps:  2337 | steps_t:     0 | t: 2.158156 | r:  -509.000000 | e:   1.000000 | Q:        nan | won: False 
#  204 | steps:  2344 | steps_t:     0 | t: 2.163142 | r:  -506.000000 | e:   1.000000 | Q:        nan | won: False 
#  205 | steps:  2354 | steps_t:     0 | t: 2.171120 | r:  -509.000000 | e:   1.000000 | Q:        nan | won: False 
#  206 | steps:  2362 | steps_t:     0 | t: 2.176107 | r:  -507.000000 | e:   1.000000 | Q:        nan | won: False 
#  207 | steps:  2383 | steps_t:     0 | t: 2.188077 | r:  -509.000000 | e:   1.000000 | Q:        nan | won: False 
#  208 | steps:  2404 | steps_t:     0 | t: 2.197051 | r:  -520.000000 | e:   1.000000 | Q:        nan | won: False 
#  209 | steps:  2424 | steps_t:     0 | t: 2.211014 | r:  -519.000000 | e:   1.000000 | Q:        nan | won: False 
#  210 | steps:  2429 | steps_t:     0 | t: 2.214005 | r:  -504.000000 | e:   1.000000 | Q:        nan | won: False 
#  211 | steps:  2435 | steps_t:     0 | t: 2.218994 | r:  -505.000000 | e:   1.000000 | Q:        nan | won: False 
#  212 | steps:  2443 | steps_t:     0 | t: 2.227969 | r:  -507.000000 | e:   1.000000 | Q:        nan | won: False 
#  213 | steps:  2453 | steps_t:     0 | t: 2.232955 | r:  -509.000000 | e:   1.000000 | Q:        nan | won: False 
#  214 | steps:  2464 | steps_t:     0 | t: 2.243929 | r:  -510.000000 | e:   1.000000 | Q:        nan | won: False 
#  215 | steps:  2483 | steps_t:     0 | t: 2.254898 | r:  -507.000000 | e:   1.000000 | Q:        nan | won: False 
#  216 | steps:  2491 | steps_t:     0 | t: 2.259882 | r:  -507.000000 | e:   1.000000 | Q:        nan | won: False 
#  217 | steps:  2499 | steps_t:     0 | t: 2.263872 | r:  -507.000000 | e:   1.000000 | Q:        nan | won: False 
#  218 | steps:  2506 | steps_t:     0 | t: 2.269859 | r:  -506.000000 | e:   1.000000 | Q:        nan | won: False 
#  219 | steps:  2513 | steps_t:     0 | t: 2.275840 | r:  -506.000000 | e:   1.000000 | Q:        nan | won: False 
#  220 | steps:  2521 | steps_t:     0 | t: 2.281824 | r:  -507.000000 | e:   1.000000 | Q:        nan | won: False 
#  221 | steps:  2532 | steps_t:     0 | t: 2.289803 | r:  -510.000000 | e:   1.000000 | Q:        nan | won: False 
#  222 | steps:  2544 | steps_t:     0 | t: 2.296785 | r:  -511.000000 | e:   1.000000 | Q:        nan | won: False 
#  223 | steps:  2560 | steps_t:     0 | t: 2.309751 | r:  -515.000000 | e:   1.000000 | Q:        nan | won: False 
#  224 | steps:  2575 | steps_t:     0 | t: 2.317729 | r:  -514.000000 | e:   1.000000 | Q:        nan | won: False 
#  225 | steps:  2595 | steps_t:     0 | t: 2.330692 | r:  -519.000000 | e:   1.000000 | Q:        nan | won: False 
#  226 | steps:  2603 | steps_t:     0 | t: 2.337676 | r:  -507.000000 | e:   1.000000 | Q:        nan | won: False 
#  227 | steps:  2616 | steps_t:     0 | t: 2.345653 | r:  -512.000000 | e:   1.000000 | Q:        nan | won: False 
#  228 | steps:  2627 | steps_t:     0 | t: 2.353633 | r:  -510.000000 | e:   1.000000 | Q:        nan | won: False 
#  229 | steps:  2638 | steps_t:     0 | t: 2.360613 | r:  -510.000000 | e:   1.000000 | Q:        nan | won: False 
#  230 | steps:  2649 | steps_t:     0 | t: 2.365599 | r:  -510.000000 | e:   1.000000 | Q:        nan | won: False 
#  231 | steps:  2655 | steps_t:     0 | t: 2.372583 | r:  -505.000000 | e:   1.000000 | Q:        nan | won: False 
#  232 | steps:  2663 | steps_t:     0 | t: 2.378566 | r:  -507.000000 | e:   1.000000 | Q:        nan | won: False 
#  233 | steps:  2671 | steps_t:     0 | t: 2.382555 | r:  -507.000000 | e:   1.000000 | Q:        nan | won: False 
#  234 | steps:  2682 | steps_t:     0 | t: 2.393527 | r:  -510.000000 | e:   1.000000 | Q:        nan | won: False 
#  235 | steps:  2693 | steps_t:     0 | t: 2.398512 | r:  -510.000000 | e:   1.000000 | Q:        nan | won: False 
#  236 | steps:  2700 | steps_t:     0 | t: 2.405496 | r:  -506.000000 | e:   1.000000 | Q:        nan | won: False 
#  237 | steps:  2707 | steps_t:     0 | t: 2.409485 | r:  -506.000000 | e:   1.000000 | Q:        nan | won: False 
#  238 | steps:  2716 | steps_t:     0 | t: 2.416464 | r:  -508.000000 | e:   1.000000 | Q:        nan | won: False 
#  239 | steps:  2723 | steps_t:     0 | t: 2.423446 | r:  -506.000000 | e:   1.000000 | Q:        nan | won: False 
#  240 | steps:  2735 | steps_t:     0 | t: 2.429429 | r:  -511.000000 | e:   1.000000 | Q:        nan | won: False 
#  241 | steps:  2749 | steps_t:     0 | t: 2.439404 | r:  -513.000000 | e:   1.000000 | Q:        nan | won: False 
#  242 | steps:  2762 | steps_t:     0 | t: 2.447381 | r:  -512.000000 | e:   1.000000 | Q:        nan | won: False 
#  243 | steps:  2769 | steps_t:     0 | t: 2.451370 | r:  -506.000000 | e:   1.000000 | Q:        nan | won: False 
#  244 | steps:  2795 | steps_t:     0 | t: 2.465333 | r:  -525.000000 | e:   1.000000 | Q:        nan | won: False 
#  245 | steps:  2801 | steps_t:     0 | t: 2.472315 | r:  -505.000000 | e:   1.000000 | Q:        nan | won: False 
#  246 | steps:  2811 | steps_t:     0 | t: 2.478298 | r:  -509.000000 | e:   1.000000 | Q:        nan | won: False 
#  247 | steps:  2818 | steps_t:     0 | t: 2.482287 | r:  -506.000000 | e:   1.000000 | Q:        nan | won: False 
#  248 | steps:  2838 | steps_t:     0 | t: 2.495252 | r:  -519.000000 | e:   1.000000 | Q:        nan | won: False 
#  249 | steps:  2850 | steps_t:     0 | t: 2.500239 | r:  -511.000000 | e:   1.000000 | Q:        nan | won: False 
#  250 | steps:  2856 | steps_t:     0 | t: 2.507223 | r:  -505.000000 | e:   1.000000 | Q:        nan | won: False 
#  251 | steps:  2870 | steps_t:     0 | t: 2.515201 | r:  -513.000000 | e:   1.000000 | Q:        nan | won: False 
#  252 | steps:  2881 | steps_t:     0 | t: 2.524176 | r:  -510.000000 | e:   1.000000 | Q:        nan | won: False 
#  253 | steps:  2887 | steps_t:     0 | t: 2.528166 | r:  -505.000000 | e:   1.000000 | Q:        nan | won: False 
#  254 | steps:  2906 | steps_t:     0 | t: 2.540133 | r:  -507.000000 | e:   1.000000 | Q:        nan | won: False 
#  255 | steps:  2918 | steps_t:     0 | t: 2.546116 | r:  -511.000000 | e:   1.000000 | Q:        nan | won: False 
#  256 | steps:  2928 | steps_t:     0 | t: 2.554096 | r:  -509.000000 | e:   1.000000 | Q:        nan | won: False 
#  257 | steps:  2938 | steps_t:     0 | t: 2.561076 | r:  -509.000000 | e:   1.000000 | Q:        nan | won: False 
#  258 | steps:  2947 | steps_t:     0 | t: 2.566066 | r:  -508.000000 | e:   1.000000 | Q:        nan | won: False 
#  259 | steps:  2960 | steps_t:     0 | t: 2.577035 | r:  -512.000000 | e:   1.000000 | Q:        nan | won: False 
#  260 | steps:  2974 | steps_t:     0 | t: 2.583018 | r:  -513.000000 | e:   1.000000 | Q:        nan | won: False 
#  261 | steps:  2985 | steps_t:     0 | t: 2.593991 | r:  -510.000000 | e:   1.000000 | Q:        nan | won: False 
#  262 | steps:  2998 | steps_t:     0 | t: 2.600970 | r:  -512.000000 | e:   1.000000 | Q:        nan | won: False 
#  263 | steps:  3008 | steps_t:     0 | t: 2.608951 | r:  -509.000000 | e:   1.000000 | Q:        nan | won: False 
#  264 | steps:  3019 | steps_t:     0 | t: 2.614933 | r:  -510.000000 | e:   1.000000 | Q:        nan | won: False 
#  265 | steps:  3028 | steps_t:     0 | t: 2.620918 | r:  -508.000000 | e:   1.000000 | Q:        nan | won: False 
#  266 | steps:  3040 | steps_t:     0 | t: 2.655824 | r:  -511.000000 | e:   1.000000 | Q:        nan | won: False 
#  267 | steps:  3056 | steps_t:     0 | t: 2.681756 | r:  -515.000000 | e:   1.000000 | Q:        nan | won: False 
#  268 | steps:  3068 | steps_t:     0 | t: 2.711674 | r:  -511.000000 | e:   1.000000 | Q:        nan | won: False 
#  269 | steps:  3087 | steps_t:     0 | t: 2.724640 | r:  -518.000000 | e:   1.000000 | Q:        nan | won: False 
#  270 | steps:  3095 | steps_t:     0 | t: 2.728629 | r:  -507.000000 | e:   1.000000 | Q:        nan | won: False 
#  271 | steps:  3108 | steps_t:     0 | t: 2.739601 | r:  -512.000000 | e:   1.000000 | Q:        nan | won: False 
#  272 | steps:  3114 | steps_t:     0 | t: 2.744586 | r:  -505.000000 | e:   1.000000 | Q:        nan | won: False 
#  273 | steps:  3123 | steps_t:     0 | t: 2.749573 | r:  -508.000000 | e:   1.000000 | Q:        nan | won: False 
#  274 | steps:  3133 | steps_t:     0 | t: 2.759547 | r:  -509.000000 | e:   1.000000 | Q:        nan | won: False 
#  275 | steps:  3146 | steps_t:     0 | t: 2.765530 | r:  -512.000000 | e:   1.000000 | Q:        nan | won: False 
#  276 | steps:  3155 | steps_t:     0 | t: 2.774507 | r:  -508.000000 | e:   1.000000 | Q:        nan | won: False 
#  277 | steps:  3165 | steps_t:     0 | t: 2.780491 | r:  -509.000000 | e:   1.000000 | Q:        nan | won: False 
#  278 | steps:  3176 | steps_t:     0 | t: 2.787472 | r:  -510.000000 | e:   1.000000 | Q:        nan | won: False 
#  279 | steps:  3183 | steps_t:     0 | t: 2.792459 | r:  -506.000000 | e:   1.000000 | Q:        nan | won: False 
#  280 | steps:  3195 | steps_t:     0 | t: 2.798441 | r:  -511.000000 | e:   1.000000 | Q:        nan | won: False 
#  281 | steps:  3202 | steps_t:     0 | t: 2.806422 | r:  -506.000000 | e:   1.000000 | Q:        nan | won: False 
#  282 | steps:  3213 | steps_t:     0 | t: 2.813402 | r:  -510.000000 | e:   1.000000 | Q:        nan | won: False 
#  283 | steps:  3224 | steps_t:     0 | t: 2.822380 | r:  -510.000000 | e:   1.000000 | Q:        nan | won: False 
#  284 | steps:  3232 | steps_t:     0 | t: 2.827365 | r:  -507.000000 | e:   1.000000 | Q:        nan | won: False 
#  285 | steps:  3244 | steps_t:     0 | t: 2.833348 | r:  -511.000000 | e:   1.000000 | Q:        nan | won: False 
#  286 | steps:  3254 | steps_t:     0 | t: 2.842326 | r:  -509.000000 | e:   1.000000 | Q:        nan | won: False 
#  287 | steps:  3262 | steps_t:     0 | t: 2.846314 | r:  -507.000000 | e:   1.000000 | Q:        nan | won: False 
#  288 | steps:  3282 | steps_t:     0 | t: 2.858285 | r:  -519.000000 | e:   1.000000 | Q:        nan | won: False 
#  289 | steps:  3289 | steps_t:     0 | t: 2.862271 | r:  -506.000000 | e:   1.000000 | Q:        nan | won: False 
#  290 | steps:  3302 | steps_t:     0 | t: 2.871248 | r:  -512.000000 | e:   1.000000 | Q:        nan | won: False 
#  291 | steps:  3314 | steps_t:     0 | t: 2.879226 | r:  -511.000000 | e:   1.000000 | Q:        nan | won: False 
#  292 | steps:  3322 | steps_t:     0 | t: 2.883215 | r:  -507.000000 | e:   1.000000 | Q:        nan | won: False 
#  293 | steps:  3331 | steps_t:     0 | t: 2.893189 | r:  -508.000000 | e:   1.000000 | Q:        nan | won: False 
#  294 | steps:  3347 | steps_t:     0 | t: 2.901168 | r:  -515.000000 | e:   1.000000 | Q:        nan | won: False 
#  295 | steps:  3357 | steps_t:     0 | t: 2.909148 | r:  -509.000000 | e:   1.000000 | Q:        nan | won: False 
#  296 | steps:  3364 | steps_t:     0 | t: 2.914136 | r:  -506.000000 | e:   1.000000 | Q:        nan | won: False 
#  297 | steps:  3377 | steps_t:     0 | t: 2.924106 | r:  -512.000000 | e:   1.000000 | Q:        nan | won: False 
#  298 | steps:  3394 | steps_t:     0 | t: 2.934080 | r:  -516.000000 | e:   1.000000 | Q:        nan | won: False 
#  299 | steps:  3402 | steps_t:     0 | t: 2.943056 | r:  -507.000000 | e:   1.000000 | Q:        nan | won: False 
#  300 | steps:  3411 | steps_t:     0 | t: 2.948041 | r:  -508.000000 | e:   1.000000 | Q:        nan | won: False 
#  301 | steps:  3422 | steps_t:     0 | t: 2.960010 | r:  -510.000000 | e:   1.000000 | Q:        nan | won: False 
#  302 | steps:  3429 | steps_t:     0 | t: 2.963999 | r:  -506.000000 | e:   1.000000 | Q:        nan | won: False 
#  303 | steps:  3438 | steps_t:     0 | t: 2.970982 | r:  -508.000000 | e:   1.000000 | Q:        nan | won: False 
#  304 | steps:  3448 | steps_t:     0 | t: 2.977962 | r:  -509.000000 | e:   1.000000 | Q:        nan | won: False 
#  305 | steps:  3463 | steps_t:     0 | t: 2.990927 | r:  -514.000000 | e:   1.000000 | Q:        nan | won: False 
#  306 | steps:  3473 | steps_t:     0 | t: 2.996910 | r:  -509.000000 | e:   1.000000 | Q:        nan | won: False 
#  307 | steps:  3480 | steps_t:     0 | t: 3.000901 | r:  -506.000000 | e:   1.000000 | Q:        nan | won: False 
#  308 | steps:  3494 | steps_t:     0 | t: 3.009877 | r:  -502.000000 | e:   1.000000 | Q:        nan | won: False 
#  309 | steps:  3504 | steps_t:     0 | t: 3.014864 | r:  -509.000000 | e:   1.000000 | Q:        nan | won: False 
#  310 | steps:  3514 | steps_t:     0 | t: 3.023839 | r:  -509.000000 | e:   1.000000 | Q:        nan | won: False 
#  311 | steps:  3536 | steps_t:     0 | t: 3.036805 | r:  -521.000000 | e:   1.000000 | Q:        nan | won: False 
#  312 | steps:  3549 | steps_t:     0 | t: 3.045780 | r:  -512.000000 | e:   1.000000 | Q:        nan | won: False 
#  313 | steps:  3560 | steps_t:     0 | t: 3.052762 | r:  -510.000000 | e:   1.000000 | Q:        nan | won: False 
#  314 | steps:  3580 | steps_t:     0 | t: 3.067720 | r:  -519.000000 | e:   1.000000 | Q:        nan | won: False 
#  315 | steps:  3595 | steps_t:     0 | t: 3.078693 | r:  -514.000000 | e:   1.000000 | Q:        nan | won: False 
#  316 | steps:  3606 | steps_t:     0 | t: 3.083678 | r:  -510.000000 | e:   1.000000 | Q:        nan | won: False 
#  317 | steps:  3616 | steps_t:     0 | t: 3.094651 | r:  -509.000000 | e:   1.000000 | Q:        nan | won: False 
#  318 | steps:  3624 | steps_t:     0 | t: 3.099638 | r:  -507.000000 | e:   1.000000 | Q:        nan | won: False 
#  319 | steps:  3632 | steps_t:     0 | t: 3.110610 | r:  -507.000000 | e:   1.000000 | Q:        nan | won: False 
#  320 | steps:  3639 | steps_t:     0 | t: 3.114596 | r:  -506.000000 | e:   1.000000 | Q:        nan | won: False 
#  321 | steps:  3649 | steps_t:     0 | t: 3.121579 | r:  -509.000000 | e:   1.000000 | Q:        nan | won: False 
#  322 | steps:  3657 | steps_t:     0 | t: 3.127562 | r:  -507.000000 | e:   1.000000 | Q:        nan | won: False 
#  323 | steps:  3666 | steps_t:     0 | t: 3.132550 | r:  -508.000000 | e:   1.000000 | Q:        nan | won: False 
#  324 | steps:  3689 | steps_t:     0 | t: 3.146510 | r:  -522.000000 | e:   1.000000 | Q:        nan | won: False 
#  325 | steps:  3701 | steps_t:     0 | t: 3.153492 | r:  -511.000000 | e:   1.000000 | Q:        nan | won: False 
#  326 | steps:  3710 | steps_t:     0 | t: 3.159477 | r:  -508.000000 | e:   1.000000 | Q:        nan | won: False 
#  327 | steps:  3720 | steps_t:     0 | t: 3.165460 | r:  -509.000000 | e:   1.000000 | Q:        nan | won: False 
#  328 | steps:  3741 | steps_t:     0 | t: 3.178425 | r:  -520.000000 | e:   1.000000 | Q:        nan | won: False 
#  329 | steps:  3751 | steps_t:     0 | t: 3.183412 | r:  -509.000000 | e:   1.000000 | Q:        nan | won: False 
#  330 | steps:  3770 | steps_t:     0 | t: 3.195380 | r:  -518.000000 | e:   1.000000 | Q:        nan | won: False 
#  331 | steps:  3783 | steps_t:     0 | t: 3.203359 | r:  -512.000000 | e:   1.000000 | Q:        nan | won: False 
#  332 | steps:  3792 | steps_t:     0 | t: 3.210340 | r:  -508.000000 | e:   1.000000 | Q:        nan | won: False 
#  333 | steps:  3800 | steps_t:     0 | t: 3.214330 | r:  -507.000000 | e:   1.000000 | Q:        nan | won: False 
#  334 | steps:  3811 | steps_t:     0 | t: 3.224305 | r:  -510.000000 | e:   1.000000 | Q:        nan | won: False 
#  335 | steps:  3821 | steps_t:     0 | t: 3.229288 | r:  -509.000000 | e:   1.000000 | Q:        nan | won: False 
#  336 | steps:  3827 | steps_t:     0 | t: 3.233279 | r:  -505.000000 | e:   1.000000 | Q:        nan | won: False 
#  337 | steps:  3834 | steps_t:     0 | t: 3.240260 | r:  -506.000000 | e:   1.000000 | Q:        nan | won: False 
#  338 | steps:  3852 | steps_t:     0 | t: 3.250234 | r:  -517.000000 | e:   1.000000 | Q:        nan | won: False 
#  339 | steps:  3858 | steps_t:     0 | t: 3.256219 | r:  -505.000000 | e:   1.000000 | Q:        nan | won: False 
#  340 | steps:  3867 | steps_t:     0 | t: 3.262200 | r:  -508.000000 | e:   1.000000 | Q:        nan | won: False 
#  341 | steps:  3883 | steps_t:     0 | t: 3.272177 | r:  -515.000000 | e:   1.000000 | Q:        nan | won: False 
#  342 | steps:  3888 | steps_t:     0 | t: 3.276165 | r:  -504.000000 | e:   1.000000 | Q:        nan | won: False 
#  343 | steps:  3899 | steps_t:     0 | t: 3.282149 | r:  -510.000000 | e:   1.000000 | Q:        nan | won: False 
#  344 | steps:  3915 | steps_t:     0 | t: 3.293119 | r:  -504.000000 | e:   1.000000 | Q:        nan | won: False 
#  345 | steps:  3925 | steps_t:     0 | t: 3.298105 | r:  -509.000000 | e:   1.000000 | Q:        nan | won: False 
#  346 | steps:  3936 | steps_t:     0 | t: 3.310074 | r:  -510.000000 | e:   1.000000 | Q:        nan | won: False 
#  347 | steps:  3946 | steps_t:     0 | t: 3.315059 | r:  -509.000000 | e:   1.000000 | Q:        nan | won: False 
#  348 | steps:  3953 | steps_t:     0 | t: 3.322043 | r:  -506.000000 | e:   1.000000 | Q:        nan | won: False 
#  349 | steps:  3975 | steps_t:     0 | t: 3.337002 | r:  -521.000000 | e:   1.000000 | Q:        nan | won: False 
#  350 | steps:  3986 | steps_t:     0 | t: 3.344979 | r:  -510.000000 | e:   1.000000 | Q:        nan | won: False 
#  351 | steps:  3993 | steps_t:     0 | t: 3.348970 | r:  -506.000000 | e:   1.000000 | Q:        nan | won: False 
#  352 | steps:  4004 | steps_t:     0 | t: 3.356949 | r:  -510.000000 | e:   1.000000 | Q:        nan | won: False 
#  353 | steps:  4012 | steps_t:     0 | t: 3.360936 | r:  -507.000000 | e:   1.000000 | Q:        nan | won: False 
#  354 | steps:  4021 | steps_t:     0 | t: 3.365923 | r:  -508.000000 | e:   1.000000 | Q:        nan | won: False 
#  355 | steps:  4032 | steps_t:     0 | t: 3.373904 | r:  -510.000000 | e:   1.000000 | Q:        nan | won: False 
#  356 | steps:  4042 | steps_t:     0 | t: 3.380883 | r:  -509.000000 | e:   1.000000 | Q:        nan | won: False 
#  357 | steps:  4049 | steps_t:     0 | t: 3.384872 | r:  -506.000000 | e:   1.000000 | Q:        nan | won: False 
#  358 | steps:  4059 | steps_t:     0 | t: 3.394846 | r:  -509.000000 | e:   1.000000 | Q:        nan | won: False 
#  359 | steps:  4067 | steps_t:     0 | t: 3.398835 | r:  -507.000000 | e:   1.000000 | Q:        nan | won: False 
#  360 | steps:  4076 | steps_t:     0 | t: 3.405819 | r:  -508.000000 | e:   1.000000 | Q:        nan | won: False 
#  361 | steps:  4083 | steps_t:     0 | t: 3.410804 | r:  -506.000000 | e:   1.000000 | Q:        nan | won: False 
#  362 | steps:  4092 | steps_t:     0 | t: 3.415789 | r:  -508.000000 | e:   1.000000 | Q:        nan | won: False 
#  363 | steps:  4100 | steps_t:     0 | t: 3.423771 | r:  -507.000000 | e:   1.000000 | Q:        nan | won: False 
#  364 | steps:  4108 | steps_t:     0 | t: 3.428755 | r:  -507.000000 | e:   1.000000 | Q:        nan | won: False 
#  365 | steps:  4113 | steps_t:     0 | t: 3.433743 | r:  -504.000000 | e:   1.000000 | Q:        nan | won: False 
#  366 | steps:  4120 | steps_t:     0 | t: 3.443718 | r:  -506.000000 | e:   1.000000 | Q:        nan | won: False 
#  367 | steps:  4137 | steps_t:     0 | t: 3.454687 | r:  -516.000000 | e:   1.000000 | Q:        nan | won: False 
#  368 | steps:  4142 | steps_t:     0 | t: 3.458675 | r:  -504.000000 | e:   1.000000 | Q:        nan | won: False 
#  369 | steps:  4148 | steps_t:     0 | t: 3.462665 | r:  -505.000000 | e:   1.000000 | Q:        nan | won: False 
#  370 | steps:  4168 | steps_t:     0 | t: 3.476629 | r:  -519.000000 | e:   1.000000 | Q:        nan | won: False 
#  371 | steps:  4182 | steps_t:     0 | t: 3.482611 | r:  -513.000000 | e:   1.000000 | Q:        nan | won: False 
#  372 | steps:  4191 | steps_t:     0 | t: 3.490590 | r:  -508.000000 | e:   1.000000 | Q:        nan | won: False 
#  373 | steps:  4197 | steps_t:     0 | t: 3.495578 | r:  -505.000000 | e:   1.000000 | Q:        nan | won: False 
#  374 | steps:  4205 | steps_t:     0 | t: 3.499566 | r:  -507.000000 | e:   1.000000 | Q:        nan | won: False 
#  375 | steps:  4219 | steps_t:     0 | t: 3.511534 | r:  -513.000000 | e:   1.000000 | Q:        nan | won: False 
#  376 | steps:  4226 | steps_t:     0 | t: 3.515524 | r:  -506.000000 | e:   1.000000 | Q:        nan | won: False 
#  377 | steps:  4233 | steps_t:     0 | t: 3.522506 | r:  -506.000000 | e:   1.000000 | Q:        nan | won: False 
#  378 | steps:  4241 | steps_t:     0 | t: 3.528489 | r:  -507.000000 | e:   1.000000 | Q:        nan | won: False 
#  379 | steps:  4248 | steps_t:     0 | t: 3.533475 | r:  -506.000000 | e:   1.000000 | Q:        nan | won: False 
#  380 | steps:  4272 | steps_t:     0 | t: 3.548434 | r:  -523.000000 | e:   1.000000 | Q:        nan | won: False 
#  381 | steps:  4283 | steps_t:     0 | t: 3.556414 | r:  -510.000000 | e:   1.000000 | Q:        nan | won: False 
#  382 | steps:  4291 | steps_t:     0 | t: 3.562397 | r:  -507.000000 | e:   1.000000 | Q:        nan | won: False 
#  383 | steps:  4299 | steps_t:     0 | t: 3.567386 | r:  -507.000000 | e:   1.000000 | Q:        nan | won: False 
#  384 | steps:  4309 | steps_t:     0 | t: 3.577360 | r:  -509.000000 | e:   1.000000 | Q:        nan | won: False 
#  385 | steps:  4326 | steps_t:     0 | t: 3.587332 | r:  -505.000000 | e:   1.000000 | Q:        nan | won: False 
#  386 | steps:  4335 | steps_t:     0 | t: 3.593316 | r:  -508.000000 | e:   1.000000 | Q:        nan | won: False 
#  387 | steps:  4343 | steps_t:     0 | t: 3.598301 | r:  -507.000000 | e:   1.000000 | Q:        nan | won: False 
#  388 | steps:  4352 | steps_t:     0 | t: 3.605287 | r:  -508.000000 | e:   1.000000 | Q:        nan | won: False 
#  389 | steps:  4361 | steps_t:     0 | t: 3.612266 | r:  -508.000000 | e:   1.000000 | Q:        nan | won: False 
#  390 | steps:  4382 | steps_t:     0 | t: 3.624233 | r:  -520.000000 | e:   1.000000 | Q:        nan | won: False 
#  391 | steps:  4390 | steps_t:     0 | t: 3.628221 | r:  -507.000000 | e:   1.000000 | Q:        nan | won: False 
#  392 | steps:  4399 | steps_t:     0 | t: 3.633208 | r:  -508.000000 | e:   1.000000 | Q:        nan | won: False 
#  393 | steps:  4411 | steps_t:     0 | t: 3.642184 | r:  -511.000000 | e:   1.000000 | Q:        nan | won: False 
#  394 | steps:  4420 | steps_t:     0 | t: 3.646173 | r:  -508.000000 | e:   1.000000 | Q:        nan | won: False 
#  395 | steps:  4426 | steps_t:     0 | t: 3.650162 | r:  -505.000000 | e:   1.000000 | Q:        nan | won: False 
#  396 | steps:  4435 | steps_t:     0 | t: 3.657145 | r:  -508.000000 | e:   1.000000 | Q:        nan | won: False 
#  397 | steps:  4443 | steps_t:     0 | t: 3.662130 | r:  -507.000000 | e:   1.000000 | Q:        nan | won: False 
#  398 | steps:  4452 | steps_t:     0 | t: 3.669114 | r:  -508.000000 | e:   1.000000 | Q:        nan | won: False 
#  399 | steps:  4459 | steps_t:     0 | t: 3.675098 | r:  -506.000000 | e:   1.000000 | Q:        nan | won: False 
#  400 | steps:  4468 | steps_t:     0 | t: 3.680082 | r:  -508.000000 | e:   1.000000 | Q:        nan | won: False 
#  401 | steps:  4476 | steps_t:     0 | t: 3.689061 | r:  -507.000000 | e:   1.000000 | Q:        nan | won: False 
#  402 | steps:  4483 | steps_t:     0 | t: 3.694047 | r:  -506.000000 | e:   1.000000 | Q:        nan | won: False 
#  403 | steps:  4490 | steps_t:     0 | t: 3.697038 | r:  -506.000000 | e:   1.000000 | Q:        nan | won: False 
#  404 | steps:  4499 | steps_t:     0 | t: 3.705019 | r:  -508.000000 | e:   1.000000 | Q:        nan | won: False 
#  405 | steps:  4521 | steps_t:     0 | t: 3.716985 | r:  -521.000000 | e:   1.000000 | Q:        nan | won: False 
#  406 | steps:  4529 | steps_t:     0 | t: 3.722968 | r:  -507.000000 | e:   1.000000 | Q:        nan | won: False 
#  407 | steps:  4536 | steps_t:     0 | t: 3.727954 | r:  -506.000000 | e:   1.000000 | Q:        nan | won: False 
#  408 | steps:  4543 | steps_t:     0 | t: 3.731945 | r:  -506.000000 | e:   1.000000 | Q:        nan | won: False 
#  409 | steps:  4551 | steps_t:     0 | t: 3.740920 | r:  -507.000000 | e:   1.000000 | Q:        nan | won: False 
#  410 | steps:  4561 | steps_t:     0 | t: 3.747904 | r:  -509.000000 | e:   1.000000 | Q:        nan | won: False 
#  411 | steps:  4575 | steps_t:     0 | t: 3.756879 | r:  -513.000000 | e:   1.000000 | Q:        nan | won: False 
#  412 | steps:  4582 | steps_t:     0 | t: 3.761865 | r:  -506.000000 | e:   1.000000 | Q:        nan | won: False 
#  413 | steps:  4602 | steps_t:     0 | t: 3.775827 | r:  -519.000000 | e:   1.000000 | Q:        nan | won: False 
#  414 | steps:  4611 | steps_t:     0 | t: 3.780814 | r:  -508.000000 | e:   1.000000 | Q:        nan | won: False 
#  415 | steps:  4632 | steps_t:     0 | t: 3.792782 | r:  -509.000000 | e:   1.000000 | Q:        nan | won: False 
#  416 | steps:  4642 | steps_t:     0 | t: 3.798767 | r:  -509.000000 | e:   1.000000 | Q:        nan | won: False 
#  417 | steps:  4648 | steps_t:     0 | t: 3.804751 | r:  -505.000000 | e:   1.000000 | Q:        nan | won: False 
#  418 | steps:  4658 | steps_t:     0 | t: 3.812730 | r:  -509.000000 | e:   1.000000 | Q:        nan | won: False 
#  419 | steps:  4665 | steps_t:     0 | t: 3.816718 | r:  -506.000000 | e:   1.000000 | Q:        nan | won: False 
#  420 | steps:  4676 | steps_t:     0 | t: 3.827691 | r:  -510.000000 | e:   1.000000 | Q:        nan | won: False 
#  421 | steps:  4681 | steps_t:     0 | t: 3.830682 | r:  -504.000000 | e:   1.000000 | Q:        nan | won: False 
#  422 | steps:  4706 | steps_t:     0 | t: 3.845640 | r:  -524.000000 | e:   1.000000 | Q:        nan | won: False 
#  423 | steps:  4717 | steps_t:     0 | t: 3.851623 | r:  -510.000000 | e:   1.000000 | Q:        nan | won: False 
#  424 | steps:  4742 | steps_t:     0 | t: 3.866584 | r:  -513.000000 | e:   1.000000 | Q:        nan | won: False 
#  425 | steps:  4759 | steps_t:     0 | t: 3.878552 | r:  -516.000000 | e:   1.000000 | Q:        nan | won: False 
#  426 | steps:  4768 | steps_t:     0 | t: 3.883538 | r:  -508.000000 | e:   1.000000 | Q:        nan | won: False 
#  427 | steps:  4785 | steps_t:     0 | t: 3.894510 | r:  -516.000000 | e:   1.000000 | Q:        nan | won: False 
#  428 | steps:  4792 | steps_t:     0 | t: 3.898498 | r:  -506.000000 | e:   1.000000 | Q:        nan | won: False 
#  429 | steps:  4802 | steps_t:     0 | t: 3.906481 | r:  -509.000000 | e:   1.000000 | Q:        nan | won: False 
#  430 | steps:  4809 | steps_t:     0 | t: 3.911463 | r:  -506.000000 | e:   1.000000 | Q:        nan | won: False 
#  431 | steps:  4816 | steps_t:     0 | t: 3.915453 | r:  -506.000000 | e:   1.000000 | Q:        nan | won: False 
#  432 | steps:  4822 | steps_t:     0 | t: 3.920442 | r:  -505.000000 | e:   1.000000 | Q:        nan | won: False 
#  433 | steps:  4835 | steps_t:     0 | t: 3.945374 | r:  -512.000000 | e:   1.000000 | Q:        nan | won: False 
#  434 | steps:  4846 | steps_t:     0 | t: 3.972302 | r:  -510.000000 | e:   1.000000 | Q:        nan | won: False 
#  435 | steps:  4855 | steps_t:     0 | t: 3.990253 | r:  -508.000000 | e:   1.000000 | Q:        nan | won: False 
#  436 | steps:  4862 | steps_t:     0 | t: 4.007208 | r:  -506.000000 | e:   1.000000 | Q:        nan | won: False 
#  437 | steps:  4869 | steps_t:     0 | t: 4.012194 | r:  -506.000000 | e:   1.000000 | Q:        nan | won: False 
#  438 | steps:  4880 | steps_t:     0 | t: 4.022168 | r:  -510.000000 | e:   1.000000 | Q:        nan | won: False 
#  439 | steps:  4893 | steps_t:     0 | t: 4.030146 | r:  -512.000000 | e:   1.000000 | Q:        nan | won: False 
#  440 | steps:  4902 | steps_t:     0 | t: 4.034135 | r:  -508.000000 | e:   1.000000 | Q:        nan | won: False 
#  441 | steps:  4912 | steps_t:     0 | t: 4.045108 | r:  -509.000000 | e:   1.000000 | Q:        nan | won: False 
#  442 | steps:  4921 | steps_t:     0 | t: 4.050094 | r:  -508.000000 | e:   1.000000 | Q:        nan | won: False 
#  443 | steps:  4941 | steps_t:     0 | t: 4.064056 | r:  -519.000000 | e:   1.000000 | Q:        nan | won: False 
#  444 | steps:  4949 | steps_t:     0 | t: 4.069043 | r:  -507.000000 | e:   1.000000 | Q:        nan | won: False 
#  445 | steps:  4957 | steps_t:     0 | t: 4.076025 | r:  -507.000000 | e:   1.000000 | Q:        nan | won: False 
#  446 | steps:  4964 | steps_t:     0 | t: 4.080012 | r:  -506.000000 | e:   1.000000 | Q:        nan | won: False 
#  447 | steps:  4983 | steps_t:     0 | t: 4.093978 | r:  -518.000000 | e:   1.000000 | Q:        nan | won: False 
#  448 | steps:  4993 | steps_t:     0 | t: 4.098963 | r:  -509.000000 | e:   1.000000 | Q:        nan | won: False 
#  449 | steps:  5004 | steps_t:     2 | t: 4.342381 | r:  -510.000000 | e:   0.999800 | Q:        nan | won: False 
#  450 | steps:  5029 | steps_t:    26 | t: 4.563790 | r:  -513.000000 | e:   0.997400 | Q:        nan | won: False 
#  451 | steps:  5036 | steps_t:    32 | t: 4.628616 | r:  -506.000000 | e:   0.996800 | Q:        nan | won: False 
#  452 | steps:  5047 | steps_t:    42 | t: 4.728350 | r:  -510.000000 | e:   0.995800 | Q:        nan | won: False 
#  453 | steps:  5056 | steps_t:    50 | t: 4.801154 | r:  -508.000000 | e:   0.995000 | Q:        nan | won: False 
#  454 | steps:  5098 | steps_t:    91 | t: 5.147229 | r:  -541.000000 | e:   0.990900 | Q:        nan | won: False 
#  455 | steps:  5109 | steps_t:   101 | t: 5.237984 | r:  -510.000000 | e:   0.989900 | Q:        nan | won: False 
#  456 | steps:  5117 | steps_t:   108 | t: 5.304806 | r:  -507.000000 | e:   0.989200 | Q:        nan | won: False 
#  457 | steps:  5123 | steps_t:   113 | t: 5.355673 | r:  -505.000000 | e:   0.988700 | Q:        nan | won: False 
#  458 | steps:  5130 | steps_t:   119 | t: 5.411522 | r:  -506.000000 | e:   0.988100 | Q:        nan | won: False 
#  459 | steps:  5140 | steps_t:   128 | t: 5.500401 | r:  -509.000000 | e:   0.987200 | Q: -193.954620 | won: False 
#  460 | steps:  5154 | steps_t:   141 | t: 5.613098 | r:  -513.000000 | e:   0.985900 | Q: -230.074051 | won: False 
#  461 | steps:  5165 | steps_t:   151 | t: 5.705849 | r:  -510.000000 | e:   0.984900 | Q: -279.106995 | won: False 
#  462 | steps:  5181 | steps_t:   166 | t: 5.836500 | r:  -515.000000 | e:   0.983400 | Q: -307.087433 | won: False 
#  463 | steps:  5194 | steps_t:   178 | t: 5.943214 | r:  -512.000000 | e:   0.982200 | Q:        nan | won: False 
#  464 | steps:  5214 | steps_t:   197 | t: 6.109770 | r:  -519.000000 | e:   0.980300 | Q: -320.674469 | won: False 
#  465 | steps:  5223 | steps_t:   205 | t: 6.186564 | r:  -508.000000 | e:   0.979500 | Q:        nan | won: False 
#  466 | steps:  5230 | steps_t:   211 | t: 6.245406 | r:  -506.000000 | e:   0.978900 | Q: -308.130981 | won: False 
#  467 | steps:  5246 | steps_t:   226 | t: 6.379050 | r:  -515.000000 | e:   0.977400 | Q: -317.343964 | won: False 
#  468 | steps:  5252 | steps_t:   231 | t: 6.428916 | r:  -505.000000 | e:   0.976900 | Q:        nan | won: False 
#  469 | steps:  5260 | steps_t:   238 | t: 6.493742 | r:  -507.000000 | e:   0.976200 | Q: -322.147949 | won: False 
#  470 | steps:  5282 | steps_t:   259 | t: 6.672264 | r:  -521.000000 | e:   0.974100 | Q:        nan | won: False 
#  471 | steps:  5298 | steps_t:   274 | t: 6.804909 | r:  -504.000000 | e:   0.972600 | Q:        nan | won: False 
#  472 | steps:  5316 | steps_t:   291 | t: 6.951516 | r:  -517.000000 | e:   0.970900 | Q: -274.736359 | won: False 
#  473 | steps:  5339 | steps_t:   313 | t: 7.142008 | r:  -522.000000 | e:   0.968700 | Q: -284.984894 | won: False 
#  474 | steps:  5347 | steps_t:   320 | t: 7.206833 | r:  -507.000000 | e:   0.968000 | Q:        nan | won: False 
#  475 | steps:  5360 | steps_t:   332 | t: 7.317538 | r:  -501.000000 | e:   0.966800 | Q: -288.485840 | won: False 
#  476 | steps:  5372 | steps_t:   343 | t: 7.417270 | r:  -511.000000 | e:   0.965700 | Q:        nan | won: False 
#  477 | steps:  5379 | steps_t:   349 | t: 7.479105 | r:  -506.000000 | e:   0.965100 | Q:        nan | won: False 
#  478 | steps:  5391 | steps_t:   360 | t: 7.579836 | r:  -511.000000 | e:   0.964000 | Q: -301.770599 | won: False 
#  479 | steps:  5413 | steps_t:   381 | t: 7.756364 | r:  -521.000000 | e:   0.961900 | Q:        nan | won: False 
#  480 | steps:  5425 | steps_t:   392 | t: 7.855099 | r:  -511.000000 | e:   0.960800 | Q:        nan | won: False 
#  481 | steps:  5437 | steps_t:   403 | t: 7.953835 | r:  -511.000000 | e:   0.959700 | Q: -318.534180 | won: False 
#  482 | steps:  5445 | steps_t:   410 | t: 8.021654 | r:  -507.000000 | e:   0.959000 | Q:        nan | won: False 
#  483 | steps:  5457 | steps_t:   421 | t: 8.121388 | r:  -511.000000 | e:   0.957900 | Q:        nan | won: False 
#  484 | steps:  5462 | steps_t:   425 | t: 8.164273 | r:  -504.000000 | e:   0.957500 | Q:        nan | won: False 
#  485 | steps:  5470 | steps_t:   432 | t: 8.230097 | r:  -507.000000 | e:   0.956800 | Q:        nan | won: False 
#  486 | steps:  5477 | steps_t:   438 | t: 8.287941 | r:  -506.000000 | e:   0.956200 | Q:        nan | won: False 
#  487 | steps:  5484 | steps_t:   444 | t: 8.347782 | r:  -506.000000 | e:   0.955600 | Q: -289.573700 | won: False 
#  488 | steps:  5510 | steps_t:   469 | t: 8.555226 | r:  -514.000000 | e:   0.953100 | Q:        nan | won: False 
#  489 | steps:  5522 | steps_t:   480 | t: 8.653963 | r:  -511.000000 | e:   0.952000 | Q:        nan | won: False 
#  490 | steps:  5541 | steps_t:   498 | t: 8.807551 | r:  -518.000000 | e:   0.950200 | Q: -288.564545 | won: False 
#  491 | steps:  5550 | steps_t:   506 | t: 8.885344 | r:  -508.000000 | e:   0.949400 | Q: -282.563843 | won: False 
#  492 | steps:  5562 | steps_t:   517 | t: 8.983081 | r:  -511.000000 | e:   0.948300 | Q: -281.193787 | won: False 
#  493 | steps:  5571 | steps_t:   525 | t: 9.059876 | r:  -508.000000 | e:   0.947500 | Q:        nan | won: False 
#  494 | steps:  5580 | steps_t:   533 | t: 9.134676 | r:  -508.000000 | e:   0.946700 | Q:        nan | won: False 
#  495 | steps:  5587 | steps_t:   539 | t: 9.193518 | r:  -506.000000 | e:   0.946100 | Q:        nan | won: False 
#  496 | steps:  5594 | steps_t:   545 | t: 9.252363 | r:  -506.000000 | e:   0.945500 | Q:        nan | won: False 
#  497 | steps:  5603 | steps_t:   553 | t: 9.327162 | r:  -508.000000 | e:   0.944700 | Q: -333.687958 | won: False 
#  498 | steps:  5621 | steps_t:   570 | t: 9.477758 | r:  -517.000000 | e:   0.943000 | Q: -336.030548 | won: False 
#  499 | steps:  5631 | steps_t:   579 | t: 9.563529 | r:  -509.000000 | e:   0.942100 | Q:        nan | won: False 
#  500 | steps:  5640 | steps_t:   587 | t: 9.636334 | r:  -508.000000 | e:   0.941300 | Q:        nan | won: False 
#  501 | steps:  5655 | steps_t:   601 | t: 12.317266 | r:  -514.000000 | e:   0.939900 | Q: -294.035004 | won: False 
#  502 | steps:  5668 | steps_t:   613 | t: 15.293523 | r:  -512.000000 | e:   0.938700 | Q: -307.331482 | won: False 
#  503 | steps:  5685 | steps_t:   629 | t: 18.796724 | r:  -516.000000 | e:   0.937100 | Q:        nan | won: False 
#  504 | steps:  5695 | steps_t:   638 | t: 21.332379 | r:  -509.000000 | e:   0.936200 | Q: -301.102905 | won: False 
