#    1 | steps:     7 | steps_t:     0 | t: 0.022934 | r:  -506.000000 | e:   1.000000 | Q:        nan | won: False 
#    2 | steps:    20 | steps_t:     0 | t: 0.027705 | r:  -512.000000 | e:   1.000000 | Q:        nan | won: False 
#    3 | steps:    34 | steps_t:     0 | t: 0.032639 | r:  -513.000000 | e:   1.000000 | Q:        nan | won: False 
#    4 | steps:    41 | steps_t:     0 | t: 0.035461 | r:  -506.000000 | e:   1.000000 | Q:        nan | won: False 
#    5 | steps:    55 | steps_t:     0 | t: 0.043478 | r:  -513.000000 | e:   1.000000 | Q:        nan | won: False 
#    6 | steps:    70 | steps_t:     0 | t: 0.049943 | r:  -514.000000 | e:   1.000000 | Q:        nan | won: False 
#    7 | steps:    86 | steps_t:     0 | t: 0.057476 | r:  -504.000000 | e:   1.000000 | Q:        nan | won: False 
#    8 | steps:    93 | steps_t:     0 | t: 0.061584 | r:  -506.000000 | e:   1.000000 | Q:        nan | won: False 
#    9 | steps:   103 | steps_t:     0 | t: 0.068485 | r:  -509.000000 | e:   1.000000 | Q:        nan | won: False 
#   10 | steps:   117 | steps_t:     0 | t: 0.076058 | r:  -513.000000 | e:   1.000000 | Q:        nan | won: False 
#   11 | steps:   131 | steps_t:     0 | t: 0.081266 | r:  -513.000000 | e:   1.000000 | Q:        nan | won: False 
#   12 | steps:   139 | steps_t:     0 | t: 0.083966 | r:  -507.000000 | e:   1.000000 | Q:        nan | won: False 
#   13 | steps:   150 | steps_t:     0 | t: 0.089011 | r:  -510.000000 | e:   1.000000 | Q:        nan | won: False 
#   14 | steps:   164 | steps_t:     0 | t: 0.093689 | r:  -513.000000 | e:   1.000000 | Q:        nan | won: False 
#   15 | steps:   172 | steps_t:     0 | t: 0.096300 | r:  -507.000000 | e:   1.000000 | Q:        nan | won: False 
#   16 | steps:   182 | steps_t:     0 | t: 0.099963 | r:  -509.000000 | e:   1.000000 | Q:        nan | won: False 
#   17 | steps:   192 | steps_t:     0 | t: 0.103365 | r:  -509.000000 | e:   1.000000 | Q:        nan | won: False 
#   18 | steps:   199 | steps_t:     0 | t: 0.106016 | r:  -506.000000 | e:   1.000000 | Q:        nan | won: False 
#   19 | steps:   216 | steps_t:     0 | t: 0.111912 | r:  -516.000000 | e:   1.000000 | Q:        nan | won: False 
#   20 | steps:   223 | steps_t:     0 | t: 0.114380 | r:  -506.000000 | e:   1.000000 | Q:        nan | won: False 
#   21 | steps:   235 | steps_t:     0 | t: 0.118767 | r:  -511.000000 | e:   1.000000 | Q:        nan | won: False 
#   22 | steps:   240 | steps_t:     0 | t: 0.120576 | r:  -504.000000 | e:   1.000000 | Q:        nan | won: False 
#   23 | steps:   259 | steps_t:     0 | t: 0.127185 | r:  -507.000000 | e:   1.000000 | Q:        nan | won: False 
#   24 | steps:   266 | steps_t:     0 | t: 0.129687 | r:  -506.000000 | e:   1.000000 | Q:        nan | won: False 
#   25 | steps:   274 | steps_t:     0 | t: 0.132546 | r:  -507.000000 | e:   1.000000 | Q:        nan | won: False 
#   26 | steps:   283 | steps_t:     0 | t: 0.135818 | r:  -508.000000 | e:   1.000000 | Q:        nan | won: False 
#   27 | steps:   297 | steps_t:     0 | t: 0.140411 | r:  -513.000000 | e:   1.000000 | Q:        nan | won: False 
#   28 | steps:   304 | steps_t:     0 | t: 0.142595 | r:  -506.000000 | e:   1.000000 | Q:        nan | won: False 
#   29 | steps:   325 | steps_t:     0 | t: 0.149187 | r:  -520.000000 | e:   1.000000 | Q:        nan | won: False 
#   30 | steps:   332 | steps_t:     0 | t: 0.151581 | r:  -506.000000 | e:   1.000000 | Q:        nan | won: False 
#   31 | steps:   342 | steps_t:     0 | t: 0.155083 | r:  -509.000000 | e:   1.000000 | Q:        nan | won: False 
#   32 | steps:   350 | steps_t:     0 | t: 0.157703 | r:  -507.000000 | e:   1.000000 | Q:        nan | won: False 
#   33 | steps:   358 | steps_t:     0 | t: 0.160268 | r:  -507.000000 | e:   1.000000 | Q:        nan | won: False 
#   34 | steps:   368 | steps_t:     0 | t: 0.163371 | r:  -509.000000 | e:   1.000000 | Q:        nan | won: False 
#   35 | steps:   378 | steps_t:     0 | t: 0.166680 | r:  -509.000000 | e:   1.000000 | Q:        nan | won: False 
#   36 | steps:   388 | steps_t:     0 | t: 0.169885 | r:  -509.000000 | e:   1.000000 | Q:        nan | won: False 
#   37 | steps:   394 | steps_t:     0 | t: 0.171840 | r:  -505.000000 | e:   1.000000 | Q:        nan | won: False 
#   38 | steps:   403 | steps_t:     0 | t: 0.174778 | r:  -508.000000 | e:   1.000000 | Q:        nan | won: False 
#   39 | steps:   422 | steps_t:     0 | t: 0.180764 | r:  -518.000000 | e:   1.000000 | Q:        nan | won: False 
#   40 | steps:   445 | steps_t:     0 | t: 0.188286 | r:  -522.000000 | e:   1.000000 | Q:        nan | won: False 
#   41 | steps:   466 | steps_t:     0 | t: 0.194890 | r:  -520.000000 | e:   1.000000 | Q:        nan | won: False 
#   42 | steps:   474 | steps_t:     0 | t: 0.197583 | r:  -507.000000 | e:   1.000000 | Q:        nan | won: False 
#   43 | steps:   483 | steps_t:     0 | t: 0.200592 | r:  -508.000000 | e:   1.000000 | Q:        nan | won: False 
#   44 | steps:   491 | steps_t:     0 | t: 0.203152 | r:  -507.000000 | e:   1.000000 | Q:        nan | won: False 
#   45 | steps:   500 | steps_t:     0 | t: 0.205944 | r:  -508.000000 | e:   1.000000 | Q:        nan | won: False 
#   46 | steps:   508 | steps_t:     0 | t: 0.208553 | r:  -507.000000 | e:   1.000000 | Q:        nan | won: False 
#   47 | steps:   514 | steps_t:     0 | t: 0.210572 | r:  -505.000000 | e:   1.000000 | Q:        nan | won: False 
#   48 | steps:   522 | steps_t:     0 | t: 0.213320 | r:  -507.000000 | e:   1.000000 | Q:        nan | won: False 
#   49 | steps:   536 | steps_t:     0 | t: 0.217829 | r:  -513.000000 | e:   1.000000 | Q:        nan | won: False 
#   50 | steps:   541 | steps_t:     0 | t: 0.219638 | r:  -504.000000 | e:   1.000000 | Q:        nan | won: False 
#   51 | steps:   560 | steps_t:     0 | t: 0.225790 | r:  -518.000000 | e:   1.000000 | Q:        nan | won: False 
#   52 | steps:   572 | steps_t:     0 | t: 0.229680 | r:  -511.000000 | e:   1.000000 | Q:        nan | won: False 
#   53 | steps:   582 | steps_t:     0 | t: 0.232945 | r:  -509.000000 | e:   1.000000 | Q:        nan | won: False 
#   54 | steps:   601 | steps_t:     0 | t: 0.238882 | r:  -507.000000 | e:   1.000000 | Q:        nan | won: False 
#   55 | steps:   610 | steps_t:     0 | t: 0.241819 | r:  -508.000000 | e:   1.000000 | Q:        nan | won: False 
#   56 | steps:   620 | steps_t:     0 | t: 0.245252 | r:  -509.000000 | e:   1.000000 | Q:        nan | won: False 
#   57 | steps:   629 | steps_t:     0 | t: 0.248194 | r:  -508.000000 | e:   1.000000 | Q:        nan | won: False 
#   58 | steps:   639 | steps_t:     0 | t: 0.251554 | r:  -509.000000 | e:   1.000000 | Q:        nan | won: False 
#   59 | steps:   645 | steps_t:     0 | t: 0.253743 | r:  -505.000000 | e:   1.000000 | Q:        nan | won: False 
#   60 | steps:   652 | steps_t:     0 | t: 0.256024 | r:  -506.000000 | e:   1.000000 | Q:        nan | won: False 
#   61 | steps:   661 | steps_t:     0 | t: 0.258828 | r:  -508.000000 | e:   1.000000 | Q:        nan | won: False 
#   62 | steps:   672 | steps_t:     0 | t: 0.262373 | r:  -510.000000 | e:   1.000000 | Q:        nan | won: False 
#   63 | steps:   682 | steps_t:     0 | t: 0.265546 | r:  -509.000000 | e:   1.000000 | Q:        nan | won: False 
#   64 | steps:   703 | steps_t:     0 | t: 0.272183 | r:  -520.000000 | e:   1.000000 | Q:        nan | won: False 
#   65 | steps:   712 | steps_t:     0 | t: 0.275219 | r:  -508.000000 | e:   1.000000 | Q:        nan | won: False 
#   66 | steps:   718 | steps_t:     0 | t: 0.277256 | r:  -505.000000 | e:   1.000000 | Q:        nan | won: False 
#   67 | steps:   730 | steps_t:     0 | t: 0.281217 | r:  -511.000000 | e:   1.000000 | Q:        nan | won: False 
#   68 | steps:   738 | steps_t:     0 | t: 0.283852 | r:  -507.000000 | e:   1.000000 | Q:        nan | won: False 
#   69 | steps:   748 | steps_t:     0 | t: 0.287153 | r:  -509.000000 | e:   1.000000 | Q:        nan | won: False 
#   70 | steps:   768 | steps_t:     0 | t: 0.293452 | r:  -519.000000 | e:   1.000000 | Q:        nan | won: False 
#   71 | steps:   779 | steps_t:     0 | t: 0.297040 | r:  -510.000000 | e:   1.000000 | Q:        nan | won: False 
#   72 | steps:   791 | steps_t:     0 | t: 0.301279 | r:  -511.000000 | e:   1.000000 | Q:        nan | won: False 
#   73 | steps:   805 | steps_t:     0 | t: 0.306154 | r:  -513.000000 | e:   1.000000 | Q:        nan | won: False 
#   74 | steps:   817 | steps_t:     0 | t: 0.310702 | r:  -511.000000 | e:   1.000000 | Q:        nan | won: False 
#   75 | steps:   823 | steps_t:     0 | t: 0.312879 | r:  -505.000000 | e:   1.000000 | Q:        nan | won: False 
#   76 | steps:   831 | steps_t:     0 | t: 0.315745 | r:  -507.000000 | e:   1.000000 | Q:        nan | won: False 
#   77 | steps:   854 | steps_t:     0 | t: 0.323935 | r:  -522.000000 | e:   1.000000 | Q:        nan | won: False 
#   78 | steps:   862 | steps_t:     0 | t: 0.326734 | r:  -507.000000 | e:   1.000000 | Q:        nan | won: False 
#   79 | steps:   872 | steps_t:     0 | t: 0.330187 | r:  -509.000000 | e:   1.000000 | Q:        nan | won: False 
#   80 | steps:   888 | steps_t:     0 | t: 0.335723 | r:  -515.000000 | e:   1.000000 | Q:        nan | won: False 
#   81 | steps:   907 | steps_t:     0 | t: 0.343335 | r:  -518.000000 | e:   1.000000 | Q:        nan | won: False 
#   82 | steps:   916 | steps_t:     0 | t: 0.346673 | r:  -508.000000 | e:   1.000000 | Q:        nan | won: False 
#   83 | steps:   929 | steps_t:     0 | t: 0.351371 | r:  -512.000000 | e:   1.000000 | Q:        nan | won: False 
#   84 | steps:   937 | steps_t:     0 | t: 0.354023 | r:  -507.000000 | e:   1.000000 | Q:        nan | won: False 
#   85 | steps:   951 | steps_t:     0 | t: 0.358362 | r:  -513.000000 | e:   1.000000 | Q:        nan | won: False 
#   86 | steps:   957 | steps_t:     0 | t: 0.360296 | r:  -505.000000 | e:   1.000000 | Q:        nan | won: False 
#   87 | steps:   967 | steps_t:     0 | t: 0.363482 | r:  -509.000000 | e:   1.000000 | Q:        nan | won: False 
#   88 | steps:   978 | steps_t:     0 | t: 0.367089 | r:  -510.000000 | e:   1.000000 | Q:        nan | won: False 
#   89 | steps:   987 | steps_t:     0 | t: 0.370078 | r:  -508.000000 | e:   1.000000 | Q:        nan | won: False 
#   90 | steps:   995 | steps_t:     0 | t: 0.373035 | r:  -507.000000 | e:   1.000000 | Q:        nan | won: False 
#   91 | steps:  1004 | steps_t:     0 | t: 0.375884 | r:  -508.000000 | e:   1.000000 | Q:        nan | won: False 
#   92 | steps:  1011 | steps_t:     0 | t: 0.378241 | r:  -506.000000 | e:   1.000000 | Q:        nan | won: False 
#   93 | steps:  1019 | steps_t:     0 | t: 0.380720 | r:  -507.000000 | e:   1.000000 | Q:        nan | won: False 
#   94 | steps:  1036 | steps_t:     0 | t: 0.386191 | r:  -516.000000 | e:   1.000000 | Q:        nan | won: False 
#   95 | steps:  1047 | steps_t:     0 | t: 0.389639 | r:  -510.000000 | e:   1.000000 | Q:        nan | won: False 
#   96 | steps:  1053 | steps_t:     0 | t: 0.391578 | r:  -505.000000 | e:   1.000000 | Q:        nan | won: False 
#   97 | steps:  1062 | steps_t:     0 | t: 0.394453 | r:  -508.000000 | e:   1.000000 | Q:        nan | won: False 
#   98 | steps:  1069 | steps_t:     0 | t: 0.396694 | r:  -506.000000 | e:   1.000000 | Q:        nan | won: False 
#   99 | steps:  1087 | steps_t:     0 | t: 0.402502 | r:  -517.000000 | e:   1.000000 | Q:        nan | won: False 
#  100 | steps:  1096 | steps_t:     0 | t: 0.405671 | r:  -508.000000 | e:   1.000000 | Q:        nan | won: False 
#  101 | steps:  1106 | steps_t:     0 | t: 0.408934 | r:  -509.000000 | e:   1.000000 | Q:        nan | won: False 
#  102 | steps:  1113 | steps_t:     0 | t: 0.411195 | r:  -506.000000 | e:   1.000000 | Q:        nan | won: False 
#  103 | steps:  1126 | steps_t:     0 | t: 0.415342 | r:  -512.000000 | e:   1.000000 | Q:        nan | won: False 
#  104 | steps:  1145 | steps_t:     0 | t: 0.421315 | r:  -518.000000 | e:   1.000000 | Q:        nan | won: False 
#  105 | steps:  1154 | steps_t:     0 | t: 0.424223 | r:  -508.000000 | e:   1.000000 | Q:        nan | won: False 
#  106 | steps:  1175 | steps_t:     0 | t: 0.431030 | r:  -520.000000 | e:   1.000000 | Q:        nan | won: False 
#  107 | steps:  1184 | steps_t:     0 | t: 0.434057 | r:  -508.000000 | e:   1.000000 | Q:        nan | won: False 
#  108 | steps:  1198 | steps_t:     0 | t: 0.438601 | r:  -513.000000 | e:   1.000000 | Q:        nan | won: False 
#  109 | steps:  1205 | steps_t:     0 | t: 0.440867 | r:  -506.000000 | e:   1.000000 | Q:        nan | won: False 
#  110 | steps:  1225 | steps_t:     0 | t: 0.447156 | r:  -519.000000 | e:   1.000000 | Q:        nan | won: False 
#  111 | steps:  1231 | steps_t:     0 | t: 0.449157 | r:  -505.000000 | e:   1.000000 | Q:        nan | won: False 
#  112 | steps:  1242 | steps_t:     0 | t: 0.452540 | r:  -510.000000 | e:   1.000000 | Q:        nan | won: False 
#  113 | steps:  1255 | steps_t:     0 | t: 0.456584 | r:  -512.000000 | e:   1.000000 | Q:        nan | won: False 
#  114 | steps:  1279 | steps_t:     0 | t: 0.464102 | r:  -523.000000 | e:   1.000000 | Q:        nan | won: False 
#  115 | steps:  1299 | steps_t:     0 | t: 0.470652 | r:  -519.000000 | e:   1.000000 | Q:        nan | won: False 
#  116 | steps:  1319 | steps_t:     0 | t: 0.477102 | r:  -519.000000 | e:   1.000000 | Q:        nan | won: False 
#  117 | steps:  1332 | steps_t:     0 | t: 0.481154 | r:  -512.000000 | e:   1.000000 | Q:        nan | won: False 
#  118 | steps:  1340 | steps_t:     0 | t: 0.483652 | r:  -507.000000 | e:   1.000000 | Q:        nan | won: False 
#  119 | steps:  1347 | steps_t:     0 | t: 0.485973 | r:  -506.000000 | e:   1.000000 | Q:        nan | won: False 
#  120 | steps:  1356 | steps_t:     0 | t: 0.488873 | r:  -508.000000 | e:   1.000000 | Q:        nan | won: False 
#  121 | steps:  1370 | steps_t:     0 | t: 0.493250 | r:  -513.000000 | e:   1.000000 | Q:        nan | won: False 
#  122 | steps:  1381 | steps_t:     0 | t: 0.496916 | r:  -510.000000 | e:   1.000000 | Q:        nan | won: False 
#  123 | steps:  1399 | steps_t:     0 | t: 0.502850 | r:  -517.000000 | e:   1.000000 | Q:        nan | won: False 
#  124 | steps:  1417 | steps_t:     0 | t: 0.509269 | r:  -517.000000 | e:   1.000000 | Q:        nan | won: False 
#  125 | steps:  1441 | steps_t:     0 | t: 0.517555 | r:  -523.000000 | e:   1.000000 | Q:        nan | won: False 
#  126 | steps:  1450 | steps_t:     0 | t: 0.520770 | r:  -508.000000 | e:   1.000000 | Q:        nan | won: False 
#  127 | steps:  1460 | steps_t:     0 | t: 0.524197 | r:  -509.000000 | e:   1.000000 | Q:        nan | won: False 
#  128 | steps:  1475 | steps_t:     0 | t: 0.529499 | r:  -514.000000 | e:   1.000000 | Q:        nan | won: False 
#  129 | steps:  1483 | steps_t:     0 | t: 0.532374 | r:  -507.000000 | e:   1.000000 | Q:        nan | won: False 
#  130 | steps:  1488 | steps_t:     0 | t: 0.534068 | r:  -504.000000 | e:   1.000000 | Q:        nan | won: False 
#  131 | steps:  1509 | steps_t:     0 | t: 0.540823 | r:  -520.000000 | e:   1.000000 | Q:        nan | won: False 
#  132 | steps:  1518 | steps_t:     0 | t: 0.543775 | r:  -508.000000 | e:   1.000000 | Q:        nan | won: False 
#  133 | steps:  1526 | steps_t:     0 | t: 0.546222 | r:  -507.000000 | e:   1.000000 | Q:        nan | won: False 
#  134 | steps:  1537 | steps_t:     0 | t: 0.549695 | r:  -510.000000 | e:   1.000000 | Q:        nan | won: False 
#  135 | steps:  1543 | steps_t:     0 | t: 0.551658 | r:  -505.000000 | e:   1.000000 | Q:        nan | won: False 
#  136 | steps:  1553 | steps_t:     0 | t: 0.554712 | r:  -509.000000 | e:   1.000000 | Q:        nan | won: False 
#  137 | steps:  1575 | steps_t:     0 | t: 0.561570 | r:  -521.000000 | e:   1.000000 | Q:        nan | won: False 
#  138 | steps:  1593 | steps_t:     0 | t: 0.567370 | r:  -506.000000 | e:   1.000000 | Q:        nan | won: False 
#  139 | steps:  1613 | steps_t:     0 | t: 0.573933 | r:  -519.000000 | e:   1.000000 | Q:        nan | won: False 
#  140 | steps:  1627 | steps_t:     0 | t: 0.579036 | r:  -513.000000 | e:   1.000000 | Q:        nan | won: False 
#  141 | steps:  1636 | steps_t:     0 | t: 0.582341 | r:  -508.000000 | e:   1.000000 | Q:        nan | won: False 
#  142 | steps:  1655 | steps_t:     0 | t: 0.588938 | r:  -507.000000 | e:   1.000000 | Q:        nan | won: False 
#  143 | steps:  1667 | steps_t:     0 | t: 0.593235 | r:  -511.000000 | e:   1.000000 | Q:        nan | won: False 
#  144 | steps:  1677 | steps_t:     0 | t: 0.596709 | r:  -509.000000 | e:   1.000000 | Q:        nan | won: False 
#  145 | steps:  1688 | steps_t:     0 | t: 0.601356 | r:  -510.000000 | e:   1.000000 | Q:        nan | won: False 
#  146 | steps:  1698 | steps_t:     0 | t: 0.606023 | r:  -509.000000 | e:   1.000000 | Q:        nan | won: False 
#  147 | steps:  1707 | steps_t:     0 | t: 0.609965 | r:  -508.000000 | e:   1.000000 | Q:        nan | won: False 
#  148 | steps:  1731 | steps_t:     0 | t: 0.623468 | r:  -523.000000 | e:   1.000000 | Q:        nan | won: False 
#  149 | steps:  1741 | steps_t:     0 | t: 0.628808 | r:  -509.000000 | e:   1.000000 | Q:        nan | won: False 
#  150 | steps:  1749 | steps_t:     0 | t: 0.633837 | r:  -507.000000 | e:   1.000000 | Q:        nan | won: False 
#  151 | steps:  1764 | steps_t:     0 | t: 0.642685 | r:  -492.000000 | e:   1.000000 | Q:        nan | won: False 
#  152 | steps:  1778 | steps_t:     0 | t: 0.651313 | r:  -513.000000 | e:   1.000000 | Q:        nan | won: False 
#  153 | steps:  1796 | steps_t:     0 | t: 0.662007 | r:  -517.000000 | e:   1.000000 | Q:        nan | won: False 
#  154 | steps:  1805 | steps_t:     0 | t: 0.665267 | r:  -508.000000 | e:   1.000000 | Q:        nan | won: False 
#  155 | steps:  1816 | steps_t:     0 | t: 0.669336 | r:  -510.000000 | e:   1.000000 | Q:        nan | won: False 
#  156 | steps:  1827 | steps_t:     0 | t: 0.673951 | r:  -510.000000 | e:   1.000000 | Q:        nan | won: False 
#  157 | steps:  1849 | steps_t:     0 | t: 0.682324 | r:  -521.000000 | e:   1.000000 | Q:        nan | won: False 
#  158 | steps:  1857 | steps_t:     0 | t: 0.685728 | r:  -507.000000 | e:   1.000000 | Q:        nan | won: False 
#  159 | steps:  1869 | steps_t:     0 | t: 0.691085 | r:  -511.000000 | e:   1.000000 | Q:        nan | won: False 
#  160 | steps:  1888 | steps_t:     0 | t: 0.697892 | r:  -518.000000 | e:   1.000000 | Q:        nan | won: False 
#  161 | steps:  1895 | steps_t:     0 | t: 0.700804 | r:  -506.000000 | e:   1.000000 | Q:        nan | won: False 
#  162 | steps:  1905 | steps_t:     0 | t: 0.705100 | r:  -509.000000 | e:   1.000000 | Q:        nan | won: False 
#  163 | steps:  1920 | steps_t:     0 | t: 0.710689 | r:  -514.000000 | e:   1.000000 | Q:        nan | won: False 
#  164 | steps:  1934 | steps_t:     0 | t: 0.716480 | r:  -513.000000 | e:   1.000000 | Q:        nan | won: False 
#  165 | steps:  1942 | steps_t:     0 | t: 0.719862 | r:  -507.000000 | e:   1.000000 | Q:        nan | won: False 
#  166 | steps:  1951 | steps_t:     0 | t: 0.723412 | r:  -508.000000 | e:   1.000000 | Q:        nan | won: False 
#  167 | steps:  1969 | steps_t:     0 | t: 0.729963 | r:  -517.000000 | e:   1.000000 | Q:        nan | won: False 
#  168 | steps:  1977 | steps_t:     0 | t: 0.733084 | r:  -507.000000 | e:   1.000000 | Q:        nan | won: False 
#  169 | steps:  2000 | steps_t:     0 | t: 0.741709 | r:  -522.000000 | e:   1.000000 | Q:        nan | won: False 
#  170 | steps:  2011 | steps_t:     0 | t: 0.746060 | r:  -510.000000 | e:   1.000000 | Q:        nan | won: False 
#  171 | steps:  2027 | steps_t:     0 | t: 0.752201 | r:  -515.000000 | e:   1.000000 | Q:        nan | won: False 
#  172 | steps:  2039 | steps_t:     0 | t: 0.756810 | r:  -511.000000 | e:   1.000000 | Q:        nan | won: False 
#  173 | steps:  2048 | steps_t:     0 | t: 0.760195 | r:  -508.000000 | e:   1.000000 | Q:        nan | won: False 
#  174 | steps:  2056 | steps_t:     0 | t: 0.763071 | r:  -507.000000 | e:   1.000000 | Q:        nan | won: False 
#  175 | steps:  2063 | steps_t:     0 | t: 0.765841 | r:  -506.000000 | e:   1.000000 | Q:        nan | won: False 
#  176 | steps:  2084 | steps_t:     0 | t: 0.774479 | r:  -520.000000 | e:   1.000000 | Q:        nan | won: False 
#  177 | steps:  2091 | steps_t:     0 | t: 0.777648 | r:  -506.000000 | e:   1.000000 | Q:        nan | won: False 
#  178 | steps:  2099 | steps_t:     0 | t: 0.780702 | r:  -507.000000 | e:   1.000000 | Q:        nan | won: False 
#  179 | steps:  2113 | steps_t:     0 | t: 0.785868 | r:  -502.000000 | e:   1.000000 | Q:        nan | won: False 
#  180 | steps:  2135 | steps_t:     0 | t: 0.793757 | r:  -521.000000 | e:   1.000000 | Q:        nan | won: False 
#  181 | steps:  2154 | steps_t:     0 | t: 0.800648 | r:  -518.000000 | e:   1.000000 | Q:        nan | won: False 
#  182 | steps:  2160 | steps_t:     0 | t: 0.802852 | r:  -505.000000 | e:   1.000000 | Q:        nan | won: False 
#  183 | steps:  2170 | steps_t:     0 | t: 0.806566 | r:  -509.000000 | e:   1.000000 | Q:        nan | won: False 
#  184 | steps:  2180 | steps_t:     0 | t: 0.810438 | r:  -509.000000 | e:   1.000000 | Q:        nan | won: False 
#  185 | steps:  2192 | steps_t:     0 | t: 0.814704 | r:  -511.000000 | e:   1.000000 | Q:        nan | won: False 
#  186 | steps:  2200 | steps_t:     0 | t: 0.817525 | r:  -507.000000 | e:   1.000000 | Q:        nan | won: False 
#  187 | steps:  2213 | steps_t:     0 | t: 0.822256 | r:  -512.000000 | e:   1.000000 | Q:        nan | won: False 
#  188 | steps:  2222 | steps_t:     0 | t: 0.825480 | r:  -508.000000 | e:   1.000000 | Q:        nan | won: False 
#  189 | steps:  2230 | steps_t:     0 | t: 0.828291 | r:  -507.000000 | e:   1.000000 | Q:        nan | won: False 
#  190 | steps:  2236 | steps_t:     0 | t: 0.830298 | r:  -505.000000 | e:   1.000000 | Q:        nan | won: False 
#  191 | steps:  2250 | steps_t:     0 | t: 0.835079 | r:  -502.000000 | e:   1.000000 | Q:        nan | won: False 
#  192 | steps:  2263 | steps_t:     0 | t: 0.840252 | r:  -512.000000 | e:   1.000000 | Q:        nan | won: False 
#  193 | steps:  2272 | steps_t:     0 | t: 0.843418 | r:  -508.000000 | e:   1.000000 | Q:        nan | won: False 
#  194 | steps:  2281 | steps_t:     0 | t: 0.846588 | r:  -508.000000 | e:   1.000000 | Q:        nan | won: False 
#  195 | steps:  2298 | steps_t:     0 | t: 0.852627 | r:  -516.000000 | e:   1.000000 | Q:        nan | won: False 
#  196 | steps:  2306 | steps_t:     0 | t: 0.855556 | r:  -507.000000 | e:   1.000000 | Q:        nan | won: False 
#  197 | steps:  2329 | steps_t:     0 | t: 0.863626 | r:  -522.000000 | e:   1.000000 | Q:        nan | won: False 
#  198 | steps:  2351 | steps_t:     0 | t: 0.872003 | r:  -521.000000 | e:   1.000000 | Q:        nan | won: False 
#  199 | steps:  2357 | steps_t:     0 | t: 0.874377 | r:  -505.000000 | e:   1.000000 | Q:        nan | won: False 
#  200 | steps:  2365 | steps_t:     0 | t: 0.877288 | r:  -507.000000 | e:   1.000000 | Q:        nan | won: False 
#  201 | steps:  2373 | steps_t:     0 | t: 0.880159 | r:  -507.000000 | e:   1.000000 | Q:        nan | won: False 
#  202 | steps:  2379 | steps_t:     0 | t: 0.882391 | r:  -505.000000 | e:   1.000000 | Q:        nan | won: False 
#  203 | steps:  2387 | steps_t:     0 | t: 0.885161 | r:  -507.000000 | e:   1.000000 | Q:        nan | won: False 
#  204 | steps:  2397 | steps_t:     0 | t: 0.888566 | r:  -509.000000 | e:   1.000000 | Q:        nan | won: False 
#  205 | steps:  2405 | steps_t:     0 | t: 0.891526 | r:  -507.000000 | e:   1.000000 | Q:        nan | won: False 
#  206 | steps:  2412 | steps_t:     0 | t: 0.894071 | r:  -506.000000 | e:   1.000000 | Q:        nan | won: False 
#  207 | steps:  2418 | steps_t:     0 | t: 0.896169 | r:  -505.000000 | e:   1.000000 | Q:        nan | won: False 
#  208 | steps:  2426 | steps_t:     0 | t: 0.899004 | r:  -507.000000 | e:   1.000000 | Q:        nan | won: False 
#  209 | steps:  2437 | steps_t:     0 | t: 0.903451 | r:  -510.000000 | e:   1.000000 | Q:        nan | won: False 
#  210 | steps:  2445 | steps_t:     0 | t: 0.906511 | r:  -507.000000 | e:   1.000000 | Q:        nan | won: False 
