#    1 | steps:    12 | steps_t:     0 | t: 0.018356 | r:  -511.000000 | e:   1.000000 | Q:        nan | won: False 
#    2 | steps:    19 | steps_t:     0 | t: 0.020721 | r:  -506.000000 | e:   1.000000 | Q:        nan | won: False 
#    3 | steps:    26 | steps_t:     0 | t: 0.023067 | r:  -506.000000 | e:   1.000000 | Q:        nan | won: False 
#    4 | steps:    45 | steps_t:     0 | t: 0.030192 | r:  -518.000000 | e:   1.000000 | Q:        nan | won: False 
#    5 | steps:    56 | steps_t:     0 | t: 0.034156 | r:  -510.000000 | e:   1.000000 | Q:        nan | won: False 
#    6 | steps:    67 | steps_t:     0 | t: 0.038151 | r:  -510.000000 | e:   1.000000 | Q:        nan | won: False 
#    7 | steps:    78 | steps_t:     0 | t: 0.042230 | r:  -510.000000 | e:   1.000000 | Q:        nan | won: False 
#    8 | steps:    87 | steps_t:     5 | t: 0.176686 | r:  -508.000000 | e:   0.999500 | Q:        nan | won: False 
#    9 | steps:   100 | steps_t:    17 | t: 0.271115 | r:  -512.000000 | e:   0.998300 | Q:        nan | won: False 
#   10 | steps:   109 | steps_t:    25 | t: 0.328727 | r:  -508.000000 | e:   0.997500 | Q:        nan | won: False 
#   11 | steps:   121 | steps_t:    36 | t: 0.405826 | r:  -511.000000 | e:   0.996400 | Q:        nan | won: False 
#   12 | steps:   129 | steps_t:    43 | t: 0.457197 | r:  -507.000000 | e:   0.995700 | Q:        nan | won: False 
#   13 | steps:   150 | steps_t:    63 | t: 0.600294 | r:  -520.000000 | e:   0.993700 | Q:        nan | won: False 
#   14 | steps:   158 | steps_t:    70 | t: 0.652089 | r:  -507.000000 | e:   0.993000 | Q:        nan | won: False 
#   15 | steps:   166 | steps_t:    77 | t: 0.700756 | r:  -507.000000 | e:   0.992300 | Q:        nan | won: False 
#   16 | steps:   174 | steps_t:    84 | t: 0.749588 | r:  -507.000000 | e:   0.991600 | Q:        nan | won: False 
#   17 | steps:   187 | steps_t:    96 | t: 0.829604 | r:  -512.000000 | e:   0.990400 | Q:        nan | won: False 
#   18 | steps:   194 | steps_t:   102 | t: 0.870762 | r:  -506.000000 | e:   0.989800 | Q:        nan | won: False 
#   19 | steps:   202 | steps_t:   109 | t: 0.917265 | r:  -507.000000 | e:   0.989100 | Q:        nan | won: False 
#   20 | steps:   212 | steps_t:   118 | t: 0.979922 | r:  -509.000000 | e:   0.988200 | Q:        nan | won: False 
#   21 | steps:   227 | steps_t:   132 | t: 1.080267 | r:  -514.000000 | e:   0.986800 | Q: -158.643997 | won: False 
#   22 | steps:   248 | steps_t:   152 | t: 1.230181 | r:  -520.000000 | e:   0.984800 | Q:        nan | won: False 
#   23 | steps:   253 | steps_t:   156 | t: 1.258333 | r:  -504.000000 | e:   0.984400 | Q:        nan | won: False 
#   24 | steps:   271 | steps_t:   173 | t: 1.376544 | r:  -517.000000 | e:   0.982700 | Q:        nan | won: False 
#   25 | steps:   286 | steps_t:   187 | t: 1.474591 | r:  -514.000000 | e:   0.981300 | Q:        nan | won: False 
#   26 | steps:   292 | steps_t:   192 | t: 1.513146 | r:  -505.000000 | e:   0.980800 | Q: -249.412048 | won: False 
#   27 | steps:   301 | steps_t:   200 | t: 1.568286 | r:  -508.000000 | e:   0.980000 | Q:        nan | won: False 
#   28 | steps:   310 | steps_t:   208 | t: 1.625271 | r:  -508.000000 | e:   0.979200 | Q:        nan | won: False 
#   29 | steps:   318 | steps_t:   215 | t: 1.672635 | r:  -507.000000 | e:   0.978500 | Q:        nan | won: False 
#   30 | steps:   337 | steps_t:   233 | t: 1.797764 | r:  -518.000000 | e:   0.976700 | Q:        nan | won: False 
#   31 | steps:   352 | steps_t:   247 | t: 1.899066 | r:  -514.000000 | e:   0.975300 | Q:        nan | won: False 
#   32 | steps:   362 | steps_t:   256 | t: 1.962363 | r:  -509.000000 | e:   0.974400 | Q:        nan | won: False 
#   33 | steps:   375 | steps_t:   268 | t: 2.051389 | r:  -512.000000 | e:   0.973200 | Q:        nan | won: False 
#   34 | steps:   396 | steps_t:   288 | t: 2.198228 | r:  -520.000000 | e:   0.971200 | Q:        nan | won: False 
#   35 | steps:   404 | steps_t:   295 | t: 2.246023 | r:  -507.000000 | e:   0.970500 | Q:        nan | won: False 
#   36 | steps:   419 | steps_t:   309 | t: 2.345725 | r:  -492.000000 | e:   0.969100 | Q: -253.380264 | won: False 
#   37 | steps:   428 | steps_t:   317 | t: 2.401906 | r:  -508.000000 | e:   0.968300 | Q:        nan | won: False 
#   38 | steps:   437 | steps_t:   325 | t: 2.457292 | r:  -508.000000 | e:   0.967500 | Q: -280.192200 | won: False 
#   39 | steps:   446 | steps_t:   333 | t: 2.514065 | r:  -508.000000 | e:   0.966700 | Q:        nan | won: False 
#   40 | steps:   459 | steps_t:   345 | t: 2.595382 | r:  -512.000000 | e:   0.965500 | Q: -281.758606 | won: False 
#   41 | steps:   469 | steps_t:   354 | t: 2.661972 | r:  -509.000000 | e:   0.964600 | Q:        nan | won: False 
#   42 | steps:   487 | steps_t:   371 | t: 2.782623 | r:  -517.000000 | e:   0.962900 | Q:        nan | won: False 
#   43 | steps:   494 | steps_t:   377 | t: 2.829144 | r:  -506.000000 | e:   0.962300 | Q:        nan | won: False 
#   44 | steps:   511 | steps_t:   393 | t: 2.944125 | r:  -516.000000 | e:   0.960700 | Q: -257.374573 | won: False 
#   45 | steps:   517 | steps_t:   398 | t: 2.978766 | r:  -505.000000 | e:   0.960200 | Q:        nan | won: False 
#   46 | steps:   534 | steps_t:   414 | t: 3.097483 | r:  -516.000000 | e:   0.958600 | Q: -287.647278 | won: False 
#   47 | steps:   555 | steps_t:   434 | t: 3.248084 | r:  -520.000000 | e:   0.956600 | Q:        nan | won: False 
#   48 | steps:   562 | steps_t:   440 | t: 3.294052 | r:  -506.000000 | e:   0.956000 | Q: -280.986237 | won: False 
#   49 | steps:   569 | steps_t:   446 | t: 3.338024 | r:  -506.000000 | e:   0.955400 | Q:        nan | won: False 
#   50 | steps:   577 | steps_t:   453 | t: 3.387043 | r:  -507.000000 | e:   0.954700 | Q:        nan | won: False 
#   51 | steps:   585 | steps_t:   460 | t: 3.437114 | r:  -507.000000 | e:   0.954000 | Q:        nan | won: False 
#   52 | steps:   596 | steps_t:   470 | t: 3.506762 | r:  -510.000000 | e:   0.953000 | Q:        nan | won: False 
#   53 | steps:   611 | steps_t:   484 | t: 3.609882 | r:  -503.000000 | e:   0.951600 | Q: -291.561188 | won: False 
#   54 | steps:   619 | steps_t:   491 | t: 3.659451 | r:  -507.000000 | e:   0.950900 | Q:        nan | won: False 
#   55 | steps:   625 | steps_t:   496 | t: 3.693827 | r:  -505.000000 | e:   0.950400 | Q:        nan | won: False 
#   56 | steps:   632 | steps_t:   502 | t: 3.739886 | r:  -506.000000 | e:   0.949800 | Q:        nan | won: False 
#   57 | steps:   639 | steps_t:   508 | t: 3.784800 | r:  -506.000000 | e:   0.949200 | Q:        nan | won: False 
#   58 | steps:   649 | steps_t:   517 | t: 3.851564 | r:  -509.000000 | e:   0.948300 | Q: -282.778473 | won: False 
#   59 | steps:   663 | steps_t:   530 | t: 3.951527 | r:  -513.000000 | e:   0.947000 | Q: -300.407593 | won: False 
#   60 | steps:   685 | steps_t:   551 | t: 4.099315 | r:  -521.000000 | e:   0.944900 | Q:        nan | won: False 
#   61 | steps:   693 | steps_t:   558 | t: 4.147145 | r:  -507.000000 | e:   0.944200 | Q:        nan | won: False 
#   62 | steps:   700 | steps_t:   564 | t: 4.189694 | r:  -506.000000 | e:   0.943600 | Q: -294.674744 | won: False 
#   63 | steps:   716 | steps_t:   579 | t: 4.305276 | r:  -515.000000 | e:   0.942100 | Q: -280.916260 | won: False 
#   64 | steps:   726 | steps_t:   588 | t: 4.371842 | r:  -509.000000 | e:   0.941200 | Q: -281.802582 | won: False 
#   65 | steps:   737 | steps_t:   598 | t: 4.448571 | r:  -510.000000 | e:   0.940200 | Q:        nan | won: False 
#   66 | steps:   742 | steps_t:   602 | t: 4.482678 | r:  -504.000000 | e:   0.939800 | Q: -301.948029 | won: False 
#   67 | steps:   750 | steps_t:   609 | t: 4.535044 | r:  -507.000000 | e:   0.939100 | Q:        nan | won: False 
#   68 | steps:   757 | steps_t:   615 | t: 4.580780 | r:  -506.000000 | e:   0.938500 | Q: -300.770660 | won: False 
#   69 | steps:   770 | steps_t:   627 | t: 4.672352 | r:  -512.000000 | e:   0.937300 | Q: -300.310486 | won: False 
#   70 | steps:   778 | steps_t:   634 | t: 4.728254 | r:  -507.000000 | e:   0.936600 | Q:        nan | won: False 
#   71 | steps:   791 | steps_t:   646 | t: 4.814230 | r:  -512.000000 | e:   0.935400 | Q: -306.160980 | won: False 
#   72 | steps:   802 | steps_t:   656 | t: 4.893654 | r:  -510.000000 | e:   0.934400 | Q: -311.895721 | won: False 
#   73 | steps:   812 | steps_t:   665 | t: 4.958785 | r:  -509.000000 | e:   0.933500 | Q: -320.178040 | won: False 
#   74 | steps:   818 | steps_t:   670 | t: 4.998615 | r:  -505.000000 | e:   0.933000 | Q:        nan | won: False 
#   75 | steps:   824 | steps_t:   675 | t: 5.035012 | r:  -505.000000 | e:   0.932500 | Q:        nan | won: False 
#   76 | steps:   835 | steps_t:   685 | t: 5.108549 | r:  -510.000000 | e:   0.931500 | Q: -273.899597 | won: False 
#   77 | steps:   843 | steps_t:   692 | t: 5.160334 | r:  -507.000000 | e:   0.930800 | Q: -265.039032 | won: False 
#   78 | steps:   852 | steps_t:   700 | t: 5.215063 | r:  -508.000000 | e:   0.930000 | Q:        nan | won: False 
#   79 | steps:   860 | steps_t:   707 | t: 5.266302 | r:  -507.000000 | e:   0.929300 | Q:        nan | won: False 
#   80 | steps:   878 | steps_t:   724 | t: 5.389235 | r:  -517.000000 | e:   0.927600 | Q:        nan | won: False 
#   81 | steps:   889 | steps_t:   734 | t: 5.462796 | r:  -510.000000 | e:   0.926600 | Q: -276.808655 | won: False 
#   82 | steps:   896 | steps_t:   740 | t: 5.512112 | r:  -506.000000 | e:   0.926000 | Q: -285.323761 | won: False 
#   83 | steps:   903 | steps_t:   746 | t: 5.555569 | r:  -506.000000 | e:   0.925400 | Q:        nan | won: False 
#   84 | steps:   910 | steps_t:   752 | t: 5.600341 | r:  -506.000000 | e:   0.924800 | Q:        nan | won: False 
#   85 | steps:   923 | steps_t:   764 | t: 5.690761 | r:  -512.000000 | e:   0.923600 | Q: -307.871674 | won: False 
#   86 | steps:   934 | steps_t:   774 | t: 5.761488 | r:  -510.000000 | e:   0.922600 | Q:        nan | won: False 
#   87 | steps:   941 | steps_t:   780 | t: 5.805154 | r:  -506.000000 | e:   0.922000 | Q: -330.707550 | won: False 
#   88 | steps:   950 | steps_t:   788 | t: 5.859738 | r:  -508.000000 | e:   0.921200 | Q:        nan | won: False 
#   89 | steps:   972 | steps_t:   809 | t: 6.015342 | r:  -521.000000 | e:   0.919100 | Q: -333.670502 | won: False 
#   90 | steps:   998 | steps_t:   834 | t: 6.211065 | r:  -514.000000 | e:   0.916600 | Q: -324.167389 | won: False 
#   91 | steps:  1005 | steps_t:   840 | t: 6.256041 | r:  -506.000000 | e:   0.916000 | Q:        nan | won: False 
#   92 | steps:  1022 | steps_t:   856 | t: 6.377484 | r:  -516.000000 | e:   0.914400 | Q: -286.578278 | won: False 
#   93 | steps:  1028 | steps_t:   861 | t: 6.415302 | r:  -505.000000 | e:   0.913900 | Q:        nan | won: False 
#   94 | steps:  1043 | steps_t:   875 | t: 6.524663 | r:  -492.000000 | e:   0.912500 | Q:        nan | won: False 
#   95 | steps:  1049 | steps_t:   880 | t: 6.562443 | r:  -505.000000 | e:   0.912000 | Q:        nan | won: False 
#   96 | steps:  1059 | steps_t:   889 | t: 6.628213 | r:  -509.000000 | e:   0.911100 | Q:        nan | won: False 
#   97 | steps:  1069 | steps_t:   898 | t: 6.699041 | r:  -509.000000 | e:   0.910200 | Q: -312.612427 | won: False 
#   98 | steps:  1079 | steps_t:   907 | t: 6.769099 | r:  -509.000000 | e:   0.909300 | Q: -311.777496 | won: False 
#   99 | steps:  1105 | steps_t:   932 | t: 6.967075 | r:  -525.000000 | e:   0.906800 | Q: -305.784760 | won: False 
#  100 | steps:  1115 | steps_t:   941 | t: 7.298692 | r:  -509.000000 | e:   0.905900 | Q:        nan | won: False 
#  101 | steps:  1124 | steps_t:   949 | t: 8.593634 | r:  -508.000000 | e:   0.905100 | Q: -303.526672 | won: False 
