#    1 | steps:     7 | steps_t:   810 | t: 0.008553 | r:  -506.000000 | e:   0.919000 | Q:        nan | won: False 
#    2 | steps:    25 | steps_t:   810 | t: 0.045835 | r:  -517.000000 | e:   0.919000 | Q: -327.407379 | won: False 
#    3 | steps:    31 | steps_t:   810 | t: 0.051847 | r:  -505.000000 | e:   0.919000 | Q: -325.207153 | won: False 
#    4 | steps:    39 | steps_t:   810 | t: 0.055753 | r:  -507.000000 | e:   0.919000 | Q:        nan | won: False 
#    5 | steps:    44 | steps_t:   810 | t: 0.059210 | r:  -504.000000 | e:   0.919000 | Q: -326.021088 | won: False 
#    6 | steps:    51 | steps_t:   810 | t: 0.063201 | r:  -506.000000 | e:   0.919000 | Q: -325.616882 | won: False 
#    7 | steps:    67 | steps_t:   810 | t: 0.074203 | r:  -515.000000 | e:   0.919000 | Q: -324.199341 | won: False 
#    8 | steps:    76 | steps_t:   810 | t: 0.079285 | r:  -508.000000 | e:   0.919000 | Q:        nan | won: False 
#    9 | steps:    84 | steps_t:   810 | t: 0.083910 | r:  -507.000000 | e:   0.919000 | Q: -330.990356 | won: False 
#   10 | steps:    92 | steps_t:   810 | t: 0.087841 | r:  -507.000000 | e:   0.919000 | Q:        nan | won: False 
#   11 | steps:   102 | steps_t:   810 | t: 0.092472 | r:  -509.000000 | e:   0.919000 | Q:        nan | won: False 
#   12 | steps:   117 | steps_t:   810 | t: 0.102514 | r:  -503.000000 | e:   0.919000 | Q: -321.257141 | won: False 
#   13 | steps:   122 | steps_t:   810 | t: 0.104443 | r:  -504.000000 | e:   0.919000 | Q:        nan | won: False 
#   14 | steps:   128 | steps_t:   810 | t: 0.106604 | r:  -505.000000 | e:   0.919000 | Q:        nan | won: False 
#   15 | steps:   143 | steps_t:   810 | t: 0.113443 | r:  -503.000000 | e:   0.919000 | Q: -330.276733 | won: False 
#   16 | steps:   150 | steps_t:   810 | t: 0.117403 | r:  -506.000000 | e:   0.919000 | Q: -325.229309 | won: False 
#   17 | steps:   156 | steps_t:   810 | t: 0.120938 | r:  -505.000000 | e:   0.919000 | Q: -328.545959 | won: False 
#   18 | steps:   180 | steps_t:   810 | t: 0.132314 | r:  -523.000000 | e:   0.919000 | Q: -325.888611 | won: False 
#   19 | steps:   188 | steps_t:   810 | t: 0.137881 | r:  -507.000000 | e:   0.919000 | Q:        nan | won: False 
#   20 | steps:   200 | steps_t:   810 | t: 0.143126 | r:  -511.000000 | e:   0.919000 | Q:        nan | won: False 
#   21 | steps:   207 | steps_t:   810 | t: 0.145722 | r:  -506.000000 | e:   0.919000 | Q:        nan | won: False 
#   22 | steps:   221 | steps_t:   810 | t: 0.150108 | r:  -513.000000 | e:   0.919000 | Q:        nan | won: False 
#   23 | steps:   228 | steps_t:   810 | t: 0.154133 | r:  -506.000000 | e:   0.919000 | Q: -328.012085 | won: False 
#   24 | steps:   238 | steps_t:   810 | t: 0.161801 | r:  -509.000000 | e:   0.919000 | Q: -324.819000 | won: False 
#   25 | steps:   246 | steps_t:   810 | t: 0.168451 | r:  -507.000000 | e:   0.919000 | Q: -327.624542 | won: False 
#   26 | steps:   255 | steps_t:   810 | t: 0.173552 | r:  -508.000000 | e:   0.919000 | Q:        nan | won: False 
#   27 | steps:   262 | steps_t:   810 | t: 0.176915 | r:  -506.000000 | e:   0.919000 | Q:        nan | won: False 
#   28 | steps:   275 | steps_t:   810 | t: 0.181310 | r:  -512.000000 | e:   0.919000 | Q:        nan | won: False 
#   29 | steps:   294 | steps_t:   810 | t: 0.188716 | r:  -518.000000 | e:   0.919000 | Q: -330.082794 | won: False 
#   30 | steps:   299 | steps_t:   810 | t: 0.193070 | r:  -504.000000 | e:   0.919000 | Q: -326.021088 | won: False 
#   31 | steps:   306 | steps_t:   810 | t: 0.196504 | r:  -506.000000 | e:   0.919000 | Q:        nan | won: False 
#   32 | steps:   316 | steps_t:   810 | t: 0.201089 | r:  -509.000000 | e:   0.919000 | Q:        nan | won: False 
#   33 | steps:   322 | steps_t:   810 | t: 0.206105 | r:  -505.000000 | e:   0.919000 | Q: -325.401459 | won: False 
#   34 | steps:   337 | steps_t:   810 | t: 0.218659 | r:  -514.000000 | e:   0.919000 | Q: -326.276154 | won: False 
#   35 | steps:   342 | steps_t:   810 | t: 0.221616 | r:  -504.000000 | e:   0.919000 | Q: -325.729370 | won: False 
#   36 | steps:   359 | steps_t:   810 | t: 0.229560 | r:  -516.000000 | e:   0.919000 | Q: -325.729370 | won: False 
#   37 | steps:   369 | steps_t:   810 | t: 0.232903 | r:  -509.000000 | e:   0.919000 | Q:        nan | won: False 
#   38 | steps:   375 | steps_t:   810 | t: 0.234839 | r:  -505.000000 | e:   0.919000 | Q:        nan | won: False 
#   39 | steps:   394 | steps_t:   810 | t: 0.248459 | r:  -518.000000 | e:   0.919000 | Q: -328.545959 | won: False 
#   40 | steps:   406 | steps_t:   810 | t: 0.253591 | r:  -511.000000 | e:   0.919000 | Q:        nan | won: False 
#   41 | steps:   416 | steps_t:   810 | t: 0.258361 | r:  -509.000000 | e:   0.919000 | Q: -325.207153 | won: False 
#   42 | steps:   423 | steps_t:   810 | t: 0.262887 | r:  -506.000000 | e:   0.919000 | Q: -329.540741 | won: False 
#   43 | steps:   437 | steps_t:   810 | t: 0.272897 | r:  -513.000000 | e:   0.919000 | Q:        nan | won: False 
#   44 | steps:   447 | steps_t:   810 | t: 0.276823 | r:  -509.000000 | e:   0.919000 | Q:        nan | won: False 
#   45 | steps:   467 | steps_t:   810 | t: 0.286159 | r:  -519.000000 | e:   0.919000 | Q: -330.492493 | won: False 
#   46 | steps:   485 | steps_t:   810 | t: 0.300420 | r:  -517.000000 | e:   0.919000 | Q: -326.463806 | won: False 
#   47 | steps:   493 | steps_t:   810 | t: 0.303276 | r:  -507.000000 | e:   0.919000 | Q:        nan | won: False 
#   48 | steps:   502 | steps_t:   810 | t: 0.308905 | r:  -508.000000 | e:   0.919000 | Q: -327.733154 | won: False 
#   49 | steps:   523 | steps_t:   810 | t: 0.320689 | r:  -520.000000 | e:   0.919000 | Q: -328.555267 | won: False 
#   50 | steps:   530 | steps_t:   810 | t: 0.323247 | r:  -506.000000 | e:   0.919000 | Q:        nan | won: False 
#   51 | steps:   537 | steps_t:   810 | t: 0.329680 | r:  -506.000000 | e:   0.919000 | Q: -325.826843 | won: False 
#   52 | steps:   552 | steps_t:   810 | t: 0.337466 | r:  -514.000000 | e:   0.919000 | Q: -325.729370 | won: False 
#   53 | steps:   565 | steps_t:   810 | t: 0.345169 | r:  -512.000000 | e:   0.919000 | Q: -329.128082 | won: False 
#   54 | steps:   574 | steps_t:   810 | t: 0.349729 | r:  -508.000000 | e:   0.919000 | Q:        nan | won: False 
#   55 | steps:   584 | steps_t:   810 | t: 0.354713 | r:  -509.000000 | e:   0.919000 | Q: -326.463806 | won: False 
#   56 | steps:   593 | steps_t:   810 | t: 0.357634 | r:  -508.000000 | e:   0.919000 | Q:        nan | won: False 
#   57 | steps:   612 | steps_t:   810 | t: 0.365478 | r:  -518.000000 | e:   0.919000 | Q: -328.921112 | won: False 
#   58 | steps:   618 | steps_t:   810 | t: 0.369055 | r:  -505.000000 | e:   0.919000 | Q: -326.021088 | won: False 
#   59 | steps:   626 | steps_t:   810 | t: 0.373168 | r:  -507.000000 | e:   0.919000 | Q: -326.485931 | won: False 
#   60 | steps:   641 | steps_t:   810 | t: 0.380039 | r:  -503.000000 | e:   0.919000 | Q: -321.532074 | won: False 
#   61 | steps:   648 | steps_t:   810 | t: 0.384954 | r:  -506.000000 | e:   0.919000 | Q: -325.207153 | won: False 
#   62 | steps:   667 | steps_t:   810 | t: 0.399712 | r:  -518.000000 | e:   0.919000 | Q: -324.199341 | won: False 
#   63 | steps:   680 | steps_t:   810 | t: 0.405876 | r:  -512.000000 | e:   0.919000 | Q: -326.463806 | won: False 
#   64 | steps:   687 | steps_t:   810 | t: 0.408551 | r:  -506.000000 | e:   0.919000 | Q:        nan | won: False 
#   65 | steps:   706 | steps_t:   810 | t: 0.419811 | r:  -518.000000 | e:   0.919000 | Q: -325.519409 | won: False 
#   66 | steps:   718 | steps_t:   810 | t: 0.425715 | r:  -511.000000 | e:   0.919000 | Q: -330.096985 | won: False 
#   67 | steps:   727 | steps_t:   810 | t: 0.430756 | r:  -508.000000 | e:   0.919000 | Q: -326.873505 | won: False 
#   68 | steps:   738 | steps_t:   810 | t: 0.435930 | r:  -510.000000 | e:   0.919000 | Q: -328.998535 | won: False 
#   69 | steps:   751 | steps_t:   810 | t: 0.443198 | r:  -512.000000 | e:   0.919000 | Q: -325.729370 | won: False 
#   70 | steps:   763 | steps_t:   810 | t: 0.448791 | r:  -511.000000 | e:   0.919000 | Q: -325.142914 | won: False 
#   71 | steps:   773 | steps_t:   810 | t: 0.453332 | r:  -509.000000 | e:   0.919000 | Q:        nan | won: False 
#   72 | steps:   784 | steps_t:   810 | t: 0.459037 | r:  -510.000000 | e:   0.919000 | Q: -325.729370 | won: False 
#   73 | steps:   795 | steps_t:   810 | t: 0.465721 | r:  -510.000000 | e:   0.919000 | Q: -330.096985 | won: False 
#   74 | steps:   802 | steps_t:   810 | t: 0.469552 | r:  -506.000000 | e:   0.919000 | Q: -326.021088 | won: False 
#   75 | steps:   815 | steps_t:   810 | t: 0.474392 | r:  -512.000000 | e:   0.919000 | Q:        nan | won: False 
#   76 | steps:   822 | steps_t:   810 | t: 0.477041 | r:  -506.000000 | e:   0.919000 | Q:        nan | won: False 
#   77 | steps:   839 | steps_t:   810 | t: 0.483211 | r:  -516.000000 | e:   0.919000 | Q:        nan | won: False 
#   78 | steps:   851 | steps_t:   810 | t: 0.489275 | r:  -511.000000 | e:   0.919000 | Q: -326.463806 | won: False 
#   79 | steps:   864 | steps_t:   810 | t: 0.494139 | r:  -512.000000 | e:   0.919000 | Q:        nan | won: False 
#   80 | steps:   874 | steps_t:   810 | t: 0.497939 | r:  -509.000000 | e:   0.919000 | Q:        nan | won: False 
#   81 | steps:   882 | steps_t:   810 | t: 0.500952 | r:  -507.000000 | e:   0.919000 | Q:        nan | won: False 
#   82 | steps:   890 | steps_t:   810 | t: 0.505314 | r:  -507.000000 | e:   0.919000 | Q: -325.401459 | won: False 
#   83 | steps:   902 | steps_t:   810 | t: 0.511120 | r:  -511.000000 | e:   0.919000 | Q: -326.486145 | won: False 
#   84 | steps:   909 | steps_t:   810 | t: 0.513862 | r:  -506.000000 | e:   0.919000 | Q:        nan | won: False 
#   85 | steps:   917 | steps_t:   810 | t: 0.518340 | r:  -507.000000 | e:   0.919000 | Q: -330.104950 | won: False 
#   86 | steps:   925 | steps_t:   810 | t: 0.521406 | r:  -507.000000 | e:   0.919000 | Q:        nan | won: False 
#   87 | steps:   937 | steps_t:   810 | t: 0.530578 | r:  -511.000000 | e:   0.919000 | Q: -324.819000 | won: False 
#   88 | steps:   947 | steps_t:   810 | t: 0.535640 | r:  -509.000000 | e:   0.919000 | Q:        nan | won: False 
#   89 | steps:   955 | steps_t:   810 | t: 0.538732 | r:  -507.000000 | e:   0.919000 | Q:        nan | won: False 
#   90 | steps:   964 | steps_t:   810 | t: 0.545806 | r:  -508.000000 | e:   0.919000 | Q: -325.717682 | won: False 
#   91 | steps:   981 | steps_t:   810 | t: 0.555007 | r:  -516.000000 | e:   0.919000 | Q: -326.873505 | won: False 
#   92 | steps:   989 | steps_t:   810 | t: 0.559241 | r:  -507.000000 | e:   0.919000 | Q: -325.729370 | won: False 
#   93 | steps:  1005 | steps_t:   813 | t: 0.672697 | r:  -515.000000 | e:   0.918700 | Q: -326.463806 | won: False 
#   94 | steps:  1012 | steps_t:   819 | t: 0.721957 | r:  -506.000000 | e:   0.918100 | Q:        nan | won: False 
#   95 | steps:  1023 | steps_t:   829 | t: 0.803033 | r:  -510.000000 | e:   0.917100 | Q: -320.348083 | won: False 
#   96 | steps:  1035 | steps_t:   840 | t: 0.888453 | r:  -511.000000 | e:   0.916000 | Q:        nan | won: False 
#   97 | steps:  1055 | steps_t:   859 | t: 1.022287 | r:  -519.000000 | e:   0.914100 | Q:        nan | won: False 
#   98 | steps:  1070 | steps_t:   873 | t: 1.117463 | r:  -514.000000 | e:   0.912700 | Q:        nan | won: False 
#   99 | steps:  1077 | steps_t:   879 | t: 1.160181 | r:  -506.000000 | e:   0.912100 | Q: -322.036957 | won: False 
#  100 | steps:  1088 | steps_t:   889 | t: 1.231153 | r:  -510.000000 | e:   0.911100 | Q: -309.026184 | won: False 
#  101 | steps:  1099 | steps_t:   899 | t: 1.302011 | r:  -510.000000 | e:   0.910100 | Q: -303.483856 | won: False 
#  102 | steps:  1110 | steps_t:   909 | t: 1.372167 | r:  -510.000000 | e:   0.909100 | Q: -313.098724 | won: False 
#  103 | steps:  1125 | steps_t:   923 | t: 1.471279 | r:  -514.000000 | e:   0.907700 | Q:        nan | won: False 
#  104 | steps:  1135 | steps_t:   932 | t: 1.535414 | r:  -509.000000 | e:   0.906800 | Q:        nan | won: False 
#  105 | steps:  1144 | steps_t:   940 | t: 1.591597 | r:  -508.000000 | e:   0.906000 | Q:        nan | won: False 
#  106 | steps:  1154 | steps_t:   949 | t: 1.652913 | r:  -509.000000 | e:   0.905100 | Q:        nan | won: False 
#  107 | steps:  1159 | steps_t:   953 | t: 1.680782 | r:  -504.000000 | e:   0.904700 | Q:        nan | won: False 
#  108 | steps:  1177 | steps_t:   970 | t: 1.790711 | r:  -517.000000 | e:   0.903000 | Q:        nan | won: False 
#  109 | steps:  1186 | steps_t:   978 | t: 1.850167 | r:  -508.000000 | e:   0.902200 | Q: -332.990936 | won: False 
#  110 | steps:  1199 | steps_t:   990 | t: 1.934371 | r:  -512.000000 | e:   0.901000 | Q:        nan | won: False 
#  111 | steps:  1208 | steps_t:   998 | t: 1.991210 | r:  -508.000000 | e:   0.900200 | Q:        nan | won: False 
#  112 | steps:  1213 | steps_t:  1002 | t: 2.021854 | r:  -504.000000 | e:   0.899800 | Q:        nan | won: False 
#  113 | steps:  1233 | steps_t:  1021 | t: 2.160652 | r:  -519.000000 | e:   0.897900 | Q: -311.543701 | won: False 
#  114 | steps:  1241 | steps_t:  1028 | t: 2.212757 | r:  -507.000000 | e:   0.897200 | Q:        nan | won: False 
#  115 | steps:  1247 | steps_t:  1033 | t: 2.254629 | r:  -505.000000 | e:   0.896700 | Q: -312.151611 | won: False 
#  116 | steps:  1257 | steps_t:  1042 | t: 2.323953 | r:  -509.000000 | e:   0.895800 | Q:        nan | won: False 
#  117 | steps:  1266 | steps_t:  1050 | t: 2.383029 | r:  -508.000000 | e:   0.895000 | Q:        nan | won: False 
#  118 | steps:  1287 | steps_t:  1070 | t: 2.532768 | r:  -520.000000 | e:   0.893000 | Q: -294.486969 | won: False 
#  119 | steps:  1295 | steps_t:  1077 | t: 2.583647 | r:  -507.000000 | e:   0.892300 | Q:        nan | won: False 
#  120 | steps:  1307 | steps_t:  1088 | t: 2.666525 | r:  -511.000000 | e:   0.891200 | Q:        nan | won: False 
#  121 | steps:  1316 | steps_t:  1096 | t: 2.724335 | r:  -508.000000 | e:   0.890400 | Q:        nan | won: False 
#  122 | steps:  1326 | steps_t:  1105 | t: 2.792052 | r:  -509.000000 | e:   0.889500 | Q: -307.632935 | won: False 
#  123 | steps:  1333 | steps_t:  1111 | t: 2.836256 | r:  -506.000000 | e:   0.888900 | Q:        nan | won: False 
#  124 | steps:  1342 | steps_t:  1119 | t: 2.898858 | r:  -508.000000 | e:   0.888100 | Q: -301.553375 | won: False 
#  125 | steps:  1353 | steps_t:  1129 | t: 2.970955 | r:  -510.000000 | e:   0.887100 | Q: -319.126312 | won: False 
#  126 | steps:  1362 | steps_t:  1137 | t: 3.031208 | r:  -508.000000 | e:   0.886300 | Q: -335.024323 | won: False 
#  127 | steps:  1369 | steps_t:  1143 | t: 3.075392 | r:  -506.000000 | e:   0.885700 | Q:        nan | won: False 
#  128 | steps:  1380 | steps_t:  1153 | t: 3.144003 | r:  -510.000000 | e:   0.884700 | Q: -320.013672 | won: False 
#  129 | steps:  1392 | steps_t:  1164 | t: 3.220424 | r:  -511.000000 | e:   0.883600 | Q: -344.330353 | won: False 
#  130 | steps:  1401 | steps_t:  1172 | t: 3.277476 | r:  -508.000000 | e:   0.882800 | Q:        nan | won: False 
