#    1 | steps:    24 | steps_t:     0 | t: 0.013972 | r:  -523.000000 | e:   1.000000 | Q:        nan | won: False 
#    2 | steps:    34 | steps_t:     0 | t: 0.017377 | r:  -509.000000 | e:   1.000000 | Q:        nan | won: False 
#    3 | steps:    44 | steps_t:     0 | t: 0.020825 | r:  -509.000000 | e:   1.000000 | Q:        nan | won: False 
#    4 | steps:    56 | steps_t:     0 | t: 0.024671 | r:  -511.000000 | e:   1.000000 | Q:        nan | won: False 
#    5 | steps:    64 | steps_t:     0 | t: 0.027327 | r:  -507.000000 | e:   1.000000 | Q:        nan | won: False 
#    6 | steps:    81 | steps_t:     0 | t: 0.032585 | r:  -516.000000 | e:   1.000000 | Q:        nan | won: False 
#    7 | steps:    90 | steps_t:     0 | t: 0.035584 | r:  -508.000000 | e:   1.000000 | Q:        nan | won: False 
#    8 | steps:    97 | steps_t:     0 | t: 0.038006 | r:  -506.000000 | e:   1.000000 | Q:        nan | won: False 
#    9 | steps:   119 | steps_t:     0 | t: 0.044854 | r:  -521.000000 | e:   1.000000 | Q:        nan | won: False 
#   10 | steps:   129 | steps_t:     0 | t: 0.048819 | r:  -509.000000 | e:   1.000000 | Q:        nan | won: False 
#   11 | steps:   137 | steps_t:     0 | t: 0.051563 | r:  -507.000000 | e:   1.000000 | Q:        nan | won: False 
#   12 | steps:   146 | steps_t:     0 | t: 0.054632 | r:  -508.000000 | e:   1.000000 | Q:        nan | won: False 
#   13 | steps:   154 | steps_t:     0 | t: 0.057267 | r:  -507.000000 | e:   1.000000 | Q:        nan | won: False 
#   14 | steps:   167 | steps_t:     0 | t: 0.061440 | r:  -512.000000 | e:   1.000000 | Q:        nan | won: False 
#   15 | steps:   175 | steps_t:     0 | t: 0.064192 | r:  -507.000000 | e:   1.000000 | Q:        nan | won: False 
#   16 | steps:   183 | steps_t:     0 | t: 0.066798 | r:  -507.000000 | e:   1.000000 | Q:        nan | won: False 
#   17 | steps:   192 | steps_t:     0 | t: 0.069688 | r:  -508.000000 | e:   1.000000 | Q:        nan | won: False 
#   18 | steps:   213 | steps_t:     0 | t: 0.077123 | r:  -520.000000 | e:   1.000000 | Q:        nan | won: False 
#   19 | steps:   224 | steps_t:     0 | t: 0.080660 | r:  -510.000000 | e:   1.000000 | Q:        nan | won: False 
#   20 | steps:   241 | steps_t:     0 | t: 0.086608 | r:  -516.000000 | e:   1.000000 | Q:        nan | won: False 
#   21 | steps:   257 | steps_t:     0 | t: 0.092156 | r:  -515.000000 | e:   1.000000 | Q:        nan | won: False 
#   22 | steps:   269 | steps_t:     0 | t: 0.095904 | r:  -511.000000 | e:   1.000000 | Q:        nan | won: False 
#   23 | steps:   281 | steps_t:     0 | t: 0.099677 | r:  -511.000000 | e:   1.000000 | Q:        nan | won: False 
#   24 | steps:   287 | steps_t:     0 | t: 0.101656 | r:  -505.000000 | e:   1.000000 | Q:        nan | won: False 
#   25 | steps:   295 | steps_t:     0 | t: 0.104215 | r:  -507.000000 | e:   1.000000 | Q:        nan | won: False 
#   26 | steps:   310 | steps_t:     0 | t: 0.109046 | r:  -514.000000 | e:   1.000000 | Q:        nan | won: False 
#   27 | steps:   321 | steps_t:     0 | t: 0.112514 | r:  -510.000000 | e:   1.000000 | Q:        nan | won: False 
#   28 | steps:   335 | steps_t:     0 | t: 0.117431 | r:  -513.000000 | e:   1.000000 | Q:        nan | won: False 
#   29 | steps:   343 | steps_t:     0 | t: 0.120420 | r:  -507.000000 | e:   1.000000 | Q:        nan | won: False 
#   30 | steps:   360 | steps_t:     0 | t: 0.126107 | r:  -516.000000 | e:   1.000000 | Q:        nan | won: False 
#   31 | steps:   371 | steps_t:     0 | t: 0.129556 | r:  -510.000000 | e:   1.000000 | Q:        nan | won: False 
#   32 | steps:   379 | steps_t:     0 | t: 0.132085 | r:  -507.000000 | e:   1.000000 | Q:        nan | won: False 
#   33 | steps:   388 | steps_t:     0 | t: 0.135019 | r:  -508.000000 | e:   1.000000 | Q:        nan | won: False 
#   34 | steps:   399 | steps_t:     0 | t: 0.138562 | r:  -510.000000 | e:   1.000000 | Q:        nan | won: False 
#   35 | steps:   409 | steps_t:     0 | t: 0.141792 | r:  -509.000000 | e:   1.000000 | Q:        nan | won: False 
#   36 | steps:   418 | steps_t:     0 | t: 0.144731 | r:  -508.000000 | e:   1.000000 | Q:        nan | won: False 
#   37 | steps:   439 | steps_t:     0 | t: 0.151871 | r:  -520.000000 | e:   1.000000 | Q:        nan | won: False 
#   38 | steps:   450 | steps_t:     0 | t: 0.155878 | r:  -510.000000 | e:   1.000000 | Q:        nan | won: False 
#   39 | steps:   465 | steps_t:     0 | t: 0.161079 | r:  -503.000000 | e:   1.000000 | Q:        nan | won: False 
#   40 | steps:   475 | steps_t:     0 | t: 0.164546 | r:  -509.000000 | e:   1.000000 | Q:        nan | won: False 
#   41 | steps:   483 | steps_t:     0 | t: 0.167235 | r:  -507.000000 | e:   1.000000 | Q:        nan | won: False 
#   42 | steps:   503 | steps_t:     0 | t: 0.173637 | r:  -519.000000 | e:   1.000000 | Q:        nan | won: False 
#   43 | steps:   522 | steps_t:     0 | t: 0.179951 | r:  -518.000000 | e:   1.000000 | Q:        nan | won: False 
#   44 | steps:   531 | steps_t:     0 | t: 0.183023 | r:  -508.000000 | e:   1.000000 | Q:        nan | won: False 
#   45 | steps:   542 | steps_t:     0 | t: 0.186759 | r:  -510.000000 | e:   1.000000 | Q:        nan | won: False 
#   46 | steps:   554 | steps_t:     0 | t: 0.190657 | r:  -511.000000 | e:   1.000000 | Q:        nan | won: False 
#   47 | steps:   564 | steps_t:     0 | t: 0.193944 | r:  -509.000000 | e:   1.000000 | Q:        nan | won: False 
#   48 | steps:   585 | steps_t:     0 | t: 0.200822 | r:  -520.000000 | e:   1.000000 | Q:        nan | won: False 
#   49 | steps:   592 | steps_t:     0 | t: 0.203223 | r:  -506.000000 | e:   1.000000 | Q:        nan | won: False 
#   50 | steps:   602 | steps_t:     0 | t: 0.206389 | r:  -509.000000 | e:   1.000000 | Q:        nan | won: False 
#   51 | steps:   609 | steps_t:     0 | t: 0.208722 | r:  -506.000000 | e:   1.000000 | Q:        nan | won: False 
#   52 | steps:   618 | steps_t:     0 | t: 0.211833 | r:  -508.000000 | e:   1.000000 | Q:        nan | won: False 
#   53 | steps:   625 | steps_t:     0 | t: 0.214259 | r:  -506.000000 | e:   1.000000 | Q:        nan | won: False 
#   54 | steps:   635 | steps_t:     0 | t: 0.217640 | r:  -509.000000 | e:   1.000000 | Q:        nan | won: False 
#   55 | steps:   645 | steps_t:     0 | t: 0.221006 | r:  -509.000000 | e:   1.000000 | Q:        nan | won: False 
#   56 | steps:   655 | steps_t:     0 | t: 0.224630 | r:  -509.000000 | e:   1.000000 | Q:        nan | won: False 
#   57 | steps:   665 | steps_t:     0 | t: 0.228212 | r:  -509.000000 | e:   1.000000 | Q:        nan | won: False 
#   58 | steps:   680 | steps_t:     0 | t: 0.233256 | r:  -514.000000 | e:   1.000000 | Q:        nan | won: False 
#   59 | steps:   687 | steps_t:     0 | t: 0.235688 | r:  -506.000000 | e:   1.000000 | Q:        nan | won: False 
#   60 | steps:   696 | steps_t:     0 | t: 0.238656 | r:  -508.000000 | e:   1.000000 | Q:        nan | won: False 
#   61 | steps:   702 | steps_t:     0 | t: 0.240816 | r:  -505.000000 | e:   1.000000 | Q:        nan | won: False 
#   62 | steps:   717 | steps_t:     0 | t: 0.245873 | r:  -514.000000 | e:   1.000000 | Q:        nan | won: False 
#   63 | steps:   723 | steps_t:     0 | t: 0.247950 | r:  -505.000000 | e:   1.000000 | Q:        nan | won: False 
#   64 | steps:   731 | steps_t:     0 | t: 0.250579 | r:  -507.000000 | e:   1.000000 | Q:        nan | won: False 
#   65 | steps:   740 | steps_t:     0 | t: 0.253533 | r:  -508.000000 | e:   1.000000 | Q:        nan | won: False 
#   66 | steps:   749 | steps_t:     0 | t: 0.256408 | r:  -508.000000 | e:   1.000000 | Q:        nan | won: False 
#   67 | steps:   770 | steps_t:     0 | t: 0.263206 | r:  -520.000000 | e:   1.000000 | Q:        nan | won: False 
#   68 | steps:   783 | steps_t:     0 | t: 0.267540 | r:  -512.000000 | e:   1.000000 | Q:        nan | won: False 
#   69 | steps:   790 | steps_t:     0 | t: 0.269918 | r:  -506.000000 | e:   1.000000 | Q:        nan | won: False 
#   70 | steps:   797 | steps_t:     0 | t: 0.272259 | r:  -506.000000 | e:   1.000000 | Q:        nan | won: False 
#   71 | steps:   808 | steps_t:     0 | t: 0.275939 | r:  -510.000000 | e:   1.000000 | Q:        nan | won: False 
#   72 | steps:   830 | steps_t:     0 | t: 0.283248 | r:  -521.000000 | e:   1.000000 | Q:        nan | won: False 
#   73 | steps:   838 | steps_t:     0 | t: 0.286861 | r:  -507.000000 | e:   1.000000 | Q:        nan | won: False 
#   74 | steps:   845 | steps_t:     0 | t: 0.289251 | r:  -506.000000 | e:   1.000000 | Q:        nan | won: False 
#   75 | steps:   860 | steps_t:     0 | t: 0.294106 | r:  -503.000000 | e:   1.000000 | Q:        nan | won: False 
#   76 | steps:   874 | steps_t:     0 | t: 0.298539 | r:  -513.000000 | e:   1.000000 | Q:        nan | won: False 
#   77 | steps:   882 | steps_t:     0 | t: 0.301214 | r:  -507.000000 | e:   1.000000 | Q:        nan | won: False 
#   78 | steps:   889 | steps_t:     0 | t: 0.303541 | r:  -506.000000 | e:   1.000000 | Q:        nan | won: False 
#   79 | steps:   899 | steps_t:     0 | t: 0.306825 | r:  -509.000000 | e:   1.000000 | Q:        nan | won: False 
#   80 | steps:   907 | steps_t:     0 | t: 0.309481 | r:  -507.000000 | e:   1.000000 | Q:        nan | won: False 
#   81 | steps:   917 | steps_t:     0 | t: 0.312835 | r:  -509.000000 | e:   1.000000 | Q:        nan | won: False 
#   82 | steps:   927 | steps_t:     0 | t: 0.316059 | r:  -509.000000 | e:   1.000000 | Q:        nan | won: False 
#   83 | steps:   946 | steps_t:     0 | t: 0.322158 | r:  -518.000000 | e:   1.000000 | Q:        nan | won: False 
#   84 | steps:   955 | steps_t:     0 | t: 0.325161 | r:  -508.000000 | e:   1.000000 | Q:        nan | won: False 
#   85 | steps:   965 | steps_t:     0 | t: 0.328484 | r:  -509.000000 | e:   1.000000 | Q:        nan | won: False 
#   86 | steps:   989 | steps_t:     0 | t: 0.336251 | r:  -523.000000 | e:   1.000000 | Q:        nan | won: False 
#   87 | steps:   995 | steps_t:     0 | t: 0.338187 | r:  -505.000000 | e:   1.000000 | Q:        nan | won: False 
#   88 | steps:  1002 | steps_t:     0 | t: 0.340585 | r:  -506.000000 | e:   1.000000 | Q:        nan | won: False 
#   89 | steps:  1009 | steps_t:     0 | t: 0.343225 | r:  -506.000000 | e:   1.000000 | Q:        nan | won: False 
#   90 | steps:  1015 | steps_t:     0 | t: 0.345350 | r:  -505.000000 | e:   1.000000 | Q:        nan | won: False 
#   91 | steps:  1023 | steps_t:     0 | t: 0.347985 | r:  -507.000000 | e:   1.000000 | Q:        nan | won: False 
#   92 | steps:  1033 | steps_t:     0 | t: 0.351311 | r:  -509.000000 | e:   1.000000 | Q:        nan | won: False 
#   93 | steps:  1041 | steps_t:     0 | t: 0.353993 | r:  -507.000000 | e:   1.000000 | Q:        nan | won: False 
#   94 | steps:  1054 | steps_t:     0 | t: 0.358168 | r:  -512.000000 | e:   1.000000 | Q:        nan | won: False 
#   95 | steps:  1065 | steps_t:     0 | t: 0.361595 | r:  -510.000000 | e:   1.000000 | Q:        nan | won: False 
#   96 | steps:  1074 | steps_t:     0 | t: 0.364576 | r:  -508.000000 | e:   1.000000 | Q:        nan | won: False 
#   97 | steps:  1083 | steps_t:     0 | t: 0.367553 | r:  -508.000000 | e:   1.000000 | Q:        nan | won: False 
#   98 | steps:  1092 | steps_t:     0 | t: 0.370537 | r:  -508.000000 | e:   1.000000 | Q:        nan | won: False 
#   99 | steps:  1099 | steps_t:     0 | t: 0.372889 | r:  -506.000000 | e:   1.000000 | Q:        nan | won: False 
#  100 | steps:  1107 | steps_t:     0 | t: 0.375599 | r:  -507.000000 | e:   1.000000 | Q:        nan | won: False 
#  101 | steps:  1123 | steps_t:     0 | t: 0.380751 | r:  -515.000000 | e:   1.000000 | Q:        nan | won: False 
#  102 | steps:  1129 | steps_t:     0 | t: 0.382826 | r:  -505.000000 | e:   1.000000 | Q:        nan | won: False 
#  103 | steps:  1138 | steps_t:     0 | t: 0.385966 | r:  -508.000000 | e:   1.000000 | Q:        nan | won: False 
#  104 | steps:  1146 | steps_t:     0 | t: 0.388632 | r:  -507.000000 | e:   1.000000 | Q:        nan | won: False 
#  105 | steps:  1152 | steps_t:     0 | t: 0.390591 | r:  -505.000000 | e:   1.000000 | Q:        nan | won: False 
#  106 | steps:  1161 | steps_t:     0 | t: 0.393477 | r:  -508.000000 | e:   1.000000 | Q:        nan | won: False 
#  107 | steps:  1174 | steps_t:     0 | t: 0.397779 | r:  -512.000000 | e:   1.000000 | Q:        nan | won: False 
#  108 | steps:  1194 | steps_t:     0 | t: 0.404549 | r:  -519.000000 | e:   1.000000 | Q:        nan | won: False 
#  109 | steps:  1204 | steps_t:     0 | t: 0.408241 | r:  -509.000000 | e:   1.000000 | Q:        nan | won: False 
#  110 | steps:  1210 | steps_t:     0 | t: 0.411300 | r:  -505.000000 | e:   1.000000 | Q:        nan | won: False 
#  111 | steps:  1217 | steps_t:     0 | t: 0.413592 | r:  -506.000000 | e:   1.000000 | Q:        nan | won: False 
#  112 | steps:  1222 | steps_t:     0 | t: 0.415370 | r:  -504.000000 | e:   1.000000 | Q:        nan | won: False 
#  113 | steps:  1230 | steps_t:     0 | t: 0.418059 | r:  -507.000000 | e:   1.000000 | Q:        nan | won: False 
#  114 | steps:  1239 | steps_t:     0 | t: 0.421088 | r:  -508.000000 | e:   1.000000 | Q:        nan | won: False 
#  115 | steps:  1248 | steps_t:     0 | t: 0.424021 | r:  -508.000000 | e:   1.000000 | Q:        nan | won: False 
#  116 | steps:  1258 | steps_t:     0 | t: 0.427273 | r:  -509.000000 | e:   1.000000 | Q:        nan | won: False 
#  117 | steps:  1269 | steps_t:     0 | t: 0.430805 | r:  -510.000000 | e:   1.000000 | Q:        nan | won: False 
#  118 | steps:  1277 | steps_t:     0 | t: 0.433342 | r:  -507.000000 | e:   1.000000 | Q:        nan | won: False 
#  119 | steps:  1290 | steps_t:     0 | t: 0.437545 | r:  -512.000000 | e:   1.000000 | Q:        nan | won: False 
#  120 | steps:  1300 | steps_t:     0 | t: 0.441040 | r:  -509.000000 | e:   1.000000 | Q:        nan | won: False 
#  121 | steps:  1308 | steps_t:     0 | t: 0.443700 | r:  -507.000000 | e:   1.000000 | Q:        nan | won: False 
#  122 | steps:  1329 | steps_t:     0 | t: 0.450624 | r:  -520.000000 | e:   1.000000 | Q:        nan | won: False 
#  123 | steps:  1341 | steps_t:     0 | t: 0.454624 | r:  -511.000000 | e:   1.000000 | Q:        nan | won: False 
#  124 | steps:  1346 | steps_t:     0 | t: 0.456301 | r:  -504.000000 | e:   1.000000 | Q:        nan | won: False 
#  125 | steps:  1353 | steps_t:     0 | t: 0.458608 | r:  -506.000000 | e:   1.000000 | Q:        nan | won: False 
#  126 | steps:  1366 | steps_t:     0 | t: 0.462667 | r:  -512.000000 | e:   1.000000 | Q:        nan | won: False 
#  127 | steps:  1374 | steps_t:     0 | t: 0.465273 | r:  -507.000000 | e:   1.000000 | Q:        nan | won: False 
#  128 | steps:  1383 | steps_t:     0 | t: 0.468278 | r:  -508.000000 | e:   1.000000 | Q:        nan | won: False 
#  129 | steps:  1394 | steps_t:     0 | t: 0.472132 | r:  -510.000000 | e:   1.000000 | Q:        nan | won: False 
#  130 | steps:  1404 | steps_t:     0 | t: 0.475455 | r:  -509.000000 | e:   1.000000 | Q:        nan | won: False 
#  131 | steps:  1415 | steps_t:     0 | t: 0.478860 | r:  -510.000000 | e:   1.000000 | Q:        nan | won: False 
#  132 | steps:  1426 | steps_t:     0 | t: 0.482393 | r:  -510.000000 | e:   1.000000 | Q:        nan | won: False 
#  133 | steps:  1438 | steps_t:     0 | t: 0.486320 | r:  -511.000000 | e:   1.000000 | Q:        nan | won: False 
#  134 | steps:  1445 | steps_t:     0 | t: 0.488615 | r:  -506.000000 | e:   1.000000 | Q:        nan | won: False 
#  135 | steps:  1454 | steps_t:     0 | t: 0.491426 | r:  -508.000000 | e:   1.000000 | Q:        nan | won: False 
#  136 | steps:  1464 | steps_t:     0 | t: 0.494698 | r:  -509.000000 | e:   1.000000 | Q:        nan | won: False 
#  137 | steps:  1470 | steps_t:     0 | t: 0.496681 | r:  -505.000000 | e:   1.000000 | Q:        nan | won: False 
#  138 | steps:  1492 | steps_t:     0 | t: 0.503652 | r:  -521.000000 | e:   1.000000 | Q:        nan | won: False 
#  139 | steps:  1504 | steps_t:     0 | t: 0.507820 | r:  -511.000000 | e:   1.000000 | Q:        nan | won: False 
#  140 | steps:  1513 | steps_t:     0 | t: 0.510686 | r:  -508.000000 | e:   1.000000 | Q:        nan | won: False 
#  141 | steps:  1520 | steps_t:     0 | t: 0.512873 | r:  -506.000000 | e:   1.000000 | Q:        nan | won: False 
#  142 | steps:  1527 | steps_t:     0 | t: 0.515238 | r:  -506.000000 | e:   1.000000 | Q:        nan | won: False 
#  143 | steps:  1548 | steps_t:     0 | t: 0.522131 | r:  -520.000000 | e:   1.000000 | Q:        nan | won: False 
#  144 | steps:  1562 | steps_t:     0 | t: 0.526727 | r:  -491.000000 | e:   1.000000 | Q:        nan | won: False 
#  145 | steps:  1568 | steps_t:     0 | t: 0.528612 | r:  -505.000000 | e:   1.000000 | Q:        nan | won: False 
#  146 | steps:  1575 | steps_t:     0 | t: 0.530913 | r:  -506.000000 | e:   1.000000 | Q:        nan | won: False 
#  147 | steps:  1584 | steps_t:     0 | t: 0.533773 | r:  -508.000000 | e:   1.000000 | Q:        nan | won: False 
#  148 | steps:  1591 | steps_t:     0 | t: 0.536326 | r:  -506.000000 | e:   1.000000 | Q:        nan | won: False 
#  149 | steps:  1601 | steps_t:     0 | t: 0.539662 | r:  -509.000000 | e:   1.000000 | Q:        nan | won: False 
#  150 | steps:  1610 | steps_t:     0 | t: 0.542666 | r:  -508.000000 | e:   1.000000 | Q:        nan | won: False 
#  151 | steps:  1621 | steps_t:     0 | t: 0.546368 | r:  -510.000000 | e:   1.000000 | Q:        nan | won: False 
#  152 | steps:  1641 | steps_t:     0 | t: 0.552718 | r:  -508.000000 | e:   1.000000 | Q:        nan | won: False 
#  153 | steps:  1652 | steps_t:     0 | t: 0.556401 | r:  -510.000000 | e:   1.000000 | Q:        nan | won: False 
#  154 | steps:  1659 | steps_t:     0 | t: 0.558922 | r:  -506.000000 | e:   1.000000 | Q:        nan | won: False 
#  155 | steps:  1668 | steps_t:     0 | t: 0.561957 | r:  -508.000000 | e:   1.000000 | Q:        nan | won: False 
#  156 | steps:  1681 | steps_t:     0 | t: 0.566649 | r:  -512.000000 | e:   1.000000 | Q:        nan | won: False 
#  157 | steps:  1695 | steps_t:     0 | t: 0.571424 | r:  -502.000000 | e:   1.000000 | Q:        nan | won: False 
#  158 | steps:  1704 | steps_t:     0 | t: 0.574431 | r:  -508.000000 | e:   1.000000 | Q:        nan | won: False 
#  159 | steps:  1714 | steps_t:     0 | t: 0.577684 | r:  -509.000000 | e:   1.000000 | Q:        nan | won: False 
#  160 | steps:  1732 | steps_t:     0 | t: 0.583556 | r:  -517.000000 | e:   1.000000 | Q:        nan | won: False 
#  161 | steps:  1738 | steps_t:     0 | t: 0.585773 | r:  -505.000000 | e:   1.000000 | Q:        nan | won: False 
#  162 | steps:  1748 | steps_t:     0 | t: 0.589266 | r:  -509.000000 | e:   1.000000 | Q:        nan | won: False 
#  163 | steps:  1767 | steps_t:     0 | t: 0.596654 | r:  -518.000000 | e:   1.000000 | Q:        nan | won: False 
#  164 | steps:  1786 | steps_t:     0 | t: 0.604452 | r:  -518.000000 | e:   1.000000 | Q:        nan | won: False 
#  165 | steps:  1810 | steps_t:     0 | t: 0.616508 | r:  -523.000000 | e:   1.000000 | Q:        nan | won: False 
#  166 | steps:  1818 | steps_t:     0 | t: 0.621363 | r:  -507.000000 | e:   1.000000 | Q:        nan | won: False 
#  167 | steps:  1826 | steps_t:     0 | t: 0.626246 | r:  -507.000000 | e:   1.000000 | Q:        nan | won: False 
#  168 | steps:  1835 | steps_t:     0 | t: 0.631193 | r:  -508.000000 | e:   1.000000 | Q:        nan | won: False 
#  169 | steps:  1844 | steps_t:     0 | t: 0.634392 | r:  -508.000000 | e:   1.000000 | Q:        nan | won: False 
#  170 | steps:  1856 | steps_t:     0 | t: 0.638864 | r:  -511.000000 | e:   1.000000 | Q:        nan | won: False 
#  171 | steps:  1863 | steps_t:     0 | t: 0.641544 | r:  -506.000000 | e:   1.000000 | Q:        nan | won: False 
#  172 | steps:  1871 | steps_t:     0 | t: 0.644430 | r:  -507.000000 | e:   1.000000 | Q:        nan | won: False 
#  173 | steps:  1881 | steps_t:     0 | t: 0.647944 | r:  -509.000000 | e:   1.000000 | Q:        nan | won: False 
#  174 | steps:  1888 | steps_t:     0 | t: 0.650712 | r:  -506.000000 | e:   1.000000 | Q:        nan | won: False 
#  175 | steps:  1894 | steps_t:     0 | t: 0.652903 | r:  -505.000000 | e:   1.000000 | Q:        nan | won: False 
#  176 | steps:  1902 | steps_t:     0 | t: 0.655957 | r:  -507.000000 | e:   1.000000 | Q:        nan | won: False 
#  177 | steps:  1925 | steps_t:     0 | t: 0.665906 | r:  -511.000000 | e:   1.000000 | Q:        nan | won: False 
#  178 | steps:  1937 | steps_t:     0 | t: 0.671072 | r:  -511.000000 | e:   1.000000 | Q:        nan | won: False 
#  179 | steps:  1950 | steps_t:     0 | t: 0.676004 | r:  -512.000000 | e:   1.000000 | Q:        nan | won: False 
#  180 | steps:  1957 | steps_t:     0 | t: 0.678875 | r:  -506.000000 | e:   1.000000 | Q:        nan | won: False 
#  181 | steps:  1965 | steps_t:     0 | t: 0.682824 | r:  -507.000000 | e:   1.000000 | Q:        nan | won: False 
#  182 | steps:  1973 | steps_t:     0 | t: 0.687281 | r:  -507.000000 | e:   1.000000 | Q:        nan | won: False 
#  183 | steps:  1981 | steps_t:     0 | t: 0.690530 | r:  -507.000000 | e:   1.000000 | Q:        nan | won: False 
#  184 | steps:  1988 | steps_t:     0 | t: 0.693646 | r:  -506.000000 | e:   1.000000 | Q:        nan | won: False 
#  185 | steps:  1997 | steps_t:     0 | t: 0.697483 | r:  -508.000000 | e:   1.000000 | Q:        nan | won: False 
#  186 | steps:  2005 | steps_t:     0 | t: 0.701478 | r:  -507.000000 | e:   1.000000 | Q:        nan | won: False 
#  187 | steps:  2022 | steps_t:     0 | t: 0.707897 | r:  -516.000000 | e:   1.000000 | Q:        nan | won: False 
#  188 | steps:  2029 | steps_t:     0 | t: 0.710476 | r:  -506.000000 | e:   1.000000 | Q:        nan | won: False 
#  189 | steps:  2044 | steps_t:     0 | t: 0.716162 | r:  -514.000000 | e:   1.000000 | Q:        nan | won: False 
#  190 | steps:  2054 | steps_t:     0 | t: 0.720249 | r:  -509.000000 | e:   1.000000 | Q:        nan | won: False 
#  191 | steps:  2071 | steps_t:     0 | t: 0.726024 | r:  -516.000000 | e:   1.000000 | Q:        nan | won: False 
#  192 | steps:  2077 | steps_t:     0 | t: 0.728108 | r:  -505.000000 | e:   1.000000 | Q:        nan | won: False 
#  193 | steps:  2084 | steps_t:     0 | t: 0.730930 | r:  -506.000000 | e:   1.000000 | Q:        nan | won: False 
#  194 | steps:  2097 | steps_t:     0 | t: 0.736431 | r:  -512.000000 | e:   1.000000 | Q:        nan | won: False 
#  195 | steps:  2109 | steps_t:     0 | t: 0.740780 | r:  -511.000000 | e:   1.000000 | Q:        nan | won: False 
#  196 | steps:  2118 | steps_t:     0 | t: 0.744179 | r:  -508.000000 | e:   1.000000 | Q:        nan | won: False 
#  197 | steps:  2125 | steps_t:     0 | t: 0.746690 | r:  -506.000000 | e:   1.000000 | Q:        nan | won: False 
#  198 | steps:  2132 | steps_t:     0 | t: 0.750454 | r:  -506.000000 | e:   1.000000 | Q:        nan | won: False 
#  199 | steps:  2143 | steps_t:     0 | t: 0.754457 | r:  -510.000000 | e:   1.000000 | Q:        nan | won: False 
#  200 | steps:  2151 | steps_t:     0 | t: 1.886441 | r:  -507.000000 | e:   1.000000 | Q:        nan | won: False 
