#    1 | steps:     9 | steps_t:  2727 | t: 0.061291 | r:  -508.000000 | e:   0.727300 | Q: -324.628815 | won: False 
#    2 | steps:    17 | steps_t:  2727 | t: 0.065259 | r:  -507.000000 | e:   0.727300 | Q:        nan | won: False 
#    3 | steps:    32 | steps_t:  2727 | t: 0.083296 | r:  -503.000000 | e:   0.727300 | Q: -324.801758 | won: False 
#    4 | steps:    47 | steps_t:  2727 | t: 0.096371 | r:  -514.000000 | e:   0.727300 | Q: -279.535370 | won: False 
#    5 | steps:    53 | steps_t:  2727 | t: 0.098509 | r:  -505.000000 | e:   0.727300 | Q:        nan | won: False 
#    6 | steps:    74 | steps_t:  2727 | t: 0.110102 | r:  -520.000000 | e:   0.727300 | Q: -271.991058 | won: False 
#    7 | steps:    80 | steps_t:  2727 | t: 0.115267 | r:  -505.000000 | e:   0.727300 | Q: -284.023163 | won: False 
#    8 | steps:    97 | steps_t:  2727 | t: 0.130840 | r:  -505.000000 | e:   0.727300 | Q: -278.942383 | won: False 
#    9 | steps:   109 | steps_t:  2727 | t: 0.136888 | r:  -511.000000 | e:   0.727300 | Q: -271.991058 | won: False 
#   10 | steps:   114 | steps_t:  2727 | t: 0.140936 | r:  -504.000000 | e:   0.727300 | Q: -340.419495 | won: False 
#   11 | steps:   133 | steps_t:  2727 | t: 0.155445 | r:  -496.000000 | e:   0.727300 | Q: -360.902771 | won: False 
#   12 | steps:   151 | steps_t:  2727 | t: 0.172236 | r:  -506.000000 | e:   0.727300 | Q: -271.991058 | won: False 
#   13 | steps:   161 | steps_t:  2727 | t: 0.175426 | r:  -509.000000 | e:   0.727300 | Q:        nan | won: False 
#   14 | steps:   170 | steps_t:  2727 | t: 0.186029 | r:  -508.000000 | e:   0.727300 | Q: -312.843719 | won: False 
#   15 | steps:   176 | steps_t:  2727 | t: 0.191928 | r:  -505.000000 | e:   0.727300 | Q: -312.423706 | won: False 
#   16 | steps:   181 | steps_t:  2727 | t: 0.197197 | r:  -504.000000 | e:   0.727300 | Q: -312.423706 | won: False 
#   17 | steps:   189 | steps_t:  2727 | t: 0.202178 | r:  -507.000000 | e:   0.727300 | Q: -427.598846 | won: False 
#   18 | steps:   205 | steps_t:  2727 | t: 0.211746 | r:  -515.000000 | e:   0.727300 | Q: -286.941833 | won: False 
#   19 | steps:   212 | steps_t:  2727 | t: 0.216654 | r:  -506.000000 | e:   0.727300 | Q: -284.023163 | won: False 
#   20 | steps:   218 | steps_t:  2727 | t: 0.220177 | r:  -505.000000 | e:   0.727300 | Q: -368.144714 | won: False 
#   21 | steps:   224 | steps_t:  2727 | t: 0.226185 | r:  -505.000000 | e:   0.727300 | Q: -284.023163 | won: False 
#   22 | steps:   234 | steps_t:  2727 | t: 0.234853 | r:  -509.000000 | e:   0.727300 | Q: -279.535370 | won: False 
#   23 | steps:   241 | steps_t:  2727 | t: 0.237634 | r:  -506.000000 | e:   0.727300 | Q:        nan | won: False 
#   24 | steps:   260 | steps_t:  2727 | t: 0.251084 | r:  -507.000000 | e:   0.727300 | Q: -394.541809 | won: False 
#   25 | steps:   288 | steps_t:  2727 | t: 0.271146 | r:  -527.000000 | e:   0.727300 | Q: -277.433685 | won: False 
#   26 | steps:   295 | steps_t:  2727 | t: 0.274505 | r:  -506.000000 | e:   0.727300 | Q:        nan | won: False 
#   27 | steps:   305 | steps_t:  2727 | t: 0.277884 | r:  -509.000000 | e:   0.727300 | Q:        nan | won: False 
#   28 | steps:   312 | steps_t:  2727 | t: 0.284855 | r:  -506.000000 | e:   0.727300 | Q: -312.843719 | won: False 
#   29 | steps:   318 | steps_t:  2727 | t: 0.289808 | r:  -505.000000 | e:   0.727300 | Q: -284.023163 | won: False 
#   30 | steps:   330 | steps_t:  2727 | t: 0.298501 | r:  -511.000000 | e:   0.727300 | Q: -271.818085 | won: False 
#   31 | steps:   338 | steps_t:  2727 | t: 0.303282 | r:  -507.000000 | e:   0.727300 | Q: -426.030701 | won: False 
#   32 | steps:   346 | steps_t:  2727 | t: 0.310059 | r:  -507.000000 | e:   0.727300 | Q: -284.023163 | won: False 
#   33 | steps:   352 | steps_t:  2727 | t: 0.317012 | r:  -505.000000 | e:   0.727300 | Q: -284.023163 | won: False 
#   34 | steps:   357 | steps_t:  2727 | t: 0.320153 | r:  -504.000000 | e:   0.727300 | Q: -341.858002 | won: False 
#   35 | steps:   365 | steps_t:  2727 | t: 0.329312 | r:  -507.000000 | e:   0.727300 | Q: -284.023163 | won: False 
#   36 | steps:   375 | steps_t:  2727 | t: 0.337937 | r:  -509.000000 | e:   0.727300 | Q: -287.534790 | won: False 
#   37 | steps:   401 | steps_t:  2727 | t: 0.354812 | r:  -525.000000 | e:   0.727300 | Q: -279.535370 | won: False 
#   38 | steps:   416 | steps_t:  2727 | t: 0.370471 | r:  -514.000000 | e:   0.727300 | Q: -276.518036 | won: False 
#   39 | steps:   424 | steps_t:  2727 | t: 0.375669 | r:  -507.000000 | e:   0.727300 | Q: -426.030701 | won: False 
#   40 | steps:   429 | steps_t:  2727 | t: 0.382783 | r:  -504.000000 | e:   0.727300 | Q: -284.023163 | won: False 
#   41 | steps:   444 | steps_t:  2727 | t: 0.393142 | r:  -492.000000 | e:   0.727300 | Q: -287.534790 | won: False 
#   42 | steps:   452 | steps_t:  2727 | t: 0.401919 | r:  -507.000000 | e:   0.727300 | Q: -340.839508 | won: False 
#   43 | steps:   462 | steps_t:  2727 | t: 0.409026 | r:  -509.000000 | e:   0.727300 | Q: -368.015411 | won: False 
#   44 | steps:   470 | steps_t:  2727 | t: 0.416139 | r:  -507.000000 | e:   0.727300 | Q: -426.030701 | won: False 
#   45 | steps:   476 | steps_t:  2727 | t: 0.419831 | r:  -505.000000 | e:   0.727300 | Q: -403.222229 | won: False 
#   46 | steps:   485 | steps_t:  2727 | t: 0.428227 | r:  -508.000000 | e:   0.727300 | Q: -284.023163 | won: False 
#   47 | steps:   492 | steps_t:  2727 | t: 0.433963 | r:  -506.000000 | e:   0.727300 | Q: -313.016724 | won: False 
#   48 | steps:   498 | steps_t:  2727 | t: 0.437443 | r:  -505.000000 | e:   0.727300 | Q: -401.783752 | won: False 
#   49 | steps:   507 | steps_t:  2727 | t: 0.444283 | r:  -508.000000 | e:   0.727300 | Q: -279.535370 | won: False 
#   50 | steps:   524 | steps_t:  2727 | t: 0.454545 | r:  -516.000000 | e:   0.727300 | Q: -333.947662 | won: False 
#   51 | steps:   543 | steps_t:  2727 | t: 0.469750 | r:  -507.000000 | e:   0.727300 | Q: -325.647217 | won: False 
#   52 | steps:   562 | steps_t:  2727 | t: 0.482083 | r:  -518.000000 | e:   0.727300 | Q: -271.398071 | won: False 
#   53 | steps:   570 | steps_t:  2727 | t: 0.487180 | r:  -507.000000 | e:   0.727300 | Q: -341.012512 | won: False 
#   54 | steps:   589 | steps_t:  2727 | t: 0.504940 | r:  -496.000000 | e:   0.727300 | Q: -284.023163 | won: False 
#   55 | steps:   605 | steps_t:  2727 | t: 0.518068 | r:  -504.000000 | e:   0.727300 | Q: -278.942383 | won: False 
#   56 | steps:   618 | steps_t:  2727 | t: 0.527701 | r:  -512.000000 | e:   0.727300 | Q: -284.023163 | won: False 
#   57 | steps:   624 | steps_t:  2727 | t: 0.532504 | r:  -505.000000 | e:   0.727300 | Q: -284.023163 | won: False 
#   58 | steps:   646 | steps_t:  2727 | t: 0.549417 | r:  -510.000000 | e:   0.727300 | Q: -271.398071 | won: False 
#   59 | steps:   661 | steps_t:  2727 | t: 0.562900 | r:  -503.000000 | e:   0.727300 | Q: -278.942383 | won: False 
#   60 | steps:   676 | steps_t:  2727 | t: 0.570672 | r:  -503.000000 | e:   0.727300 | Q: -264.156067 | won: False 
#   61 | steps:   686 | steps_t:  2727 | t: 0.579140 | r:  -509.000000 | e:   0.727300 | Q: -278.813110 | won: False 
#   62 | steps:   707 | steps_t:  2727 | t: 0.594776 | r:  -520.000000 | e:   0.727300 | Q: -271.818085 | won: False 
#   63 | steps:   727 | steps_t:  2727 | t: 0.607315 | r:  -508.000000 | e:   0.727300 | Q: -330.676697 | won: False 
#   64 | steps:   735 | steps_t:  2727 | t: 0.613255 | r:  -507.000000 | e:   0.727300 | Q: -402.376770 | won: False 
#   65 | steps:   744 | steps_t:  2727 | t: 0.617732 | r:  -508.000000 | e:   0.727300 | Q:        nan | won: False 
#   66 | steps:   760 | steps_t:  2727 | t: 0.630412 | r:  -515.000000 | e:   0.727300 | Q: -284.023163 | won: False 
#   67 | steps:   772 | steps_t:  2727 | t: 0.638267 | r:  -511.000000 | e:   0.727300 | Q: -271.991058 | won: False 
#   68 | steps:   786 | steps_t:  2727 | t: 0.645169 | r:  -513.000000 | e:   0.727300 | Q: -278.942383 | won: False 
#   69 | steps:   796 | steps_t:  2727 | t: 0.649073 | r:  -509.000000 | e:   0.727300 | Q:        nan | won: False 
#   70 | steps:   810 | steps_t:  2727 | t: 0.660473 | r:  -502.000000 | e:   0.727300 | Q: -271.991058 | won: False 
#   71 | steps:   820 | steps_t:  2727 | t: 0.669122 | r:  -509.000000 | e:   0.727300 | Q: -284.023163 | won: False 
#   72 | steps:   845 | steps_t:  2727 | t: 0.688335 | r:  -524.000000 | e:   0.727300 | Q: -269.639709 | won: False 
#   73 | steps:   851 | steps_t:  2727 | t: 0.693698 | r:  -505.000000 | e:   0.727300 | Q: -368.144714 | won: False 
#   74 | steps:   856 | steps_t:  2727 | t: 0.697682 | r:  -504.000000 | e:   0.727300 | Q: -340.419495 | won: False 
#   75 | steps:   863 | steps_t:  2727 | t: 0.703527 | r:  -506.000000 | e:   0.727300 | Q: -340.839508 | won: False 
#   76 | steps:   876 | steps_t:  2727 | t: 0.714205 | r:  -512.000000 | e:   0.727300 | Q: -396.074402 | won: False 
#   77 | steps:   882 | steps_t:  2727 | t: 0.721694 | r:  -505.000000 | e:   0.727300 | Q: -313.016724 | won: False 
#   78 | steps:   895 | steps_t:  2727 | t: 0.735064 | r:  -512.000000 | e:   0.727300 | Q: -279.535370 | won: False 
#   79 | steps:   906 | steps_t:  2727 | t: 0.744072 | r:  -510.000000 | e:   0.727300 | Q: -279.535370 | won: False 
#   80 | steps:   913 | steps_t:  2727 | t: 0.749791 | r:  -506.000000 | e:   0.727300 | Q: -284.023163 | won: False 
#   81 | steps:   921 | steps_t:  2727 | t: 0.757022 | r:  -507.000000 | e:   0.727300 | Q: -368.737732 | won: False 
#   82 | steps:   929 | steps_t:  2727 | t: 0.763161 | r:  -507.000000 | e:   0.727300 | Q: -341.012512 | won: False 
#   83 | steps:   953 | steps_t:  2727 | t: 0.785968 | r:  -523.000000 | e:   0.727300 | Q: -269.905579 | won: False 
#   84 | steps:   961 | steps_t:  2727 | t: 0.796187 | r:  -507.000000 | e:   0.727300 | Q: -284.023163 | won: False 
#   85 | steps:   969 | steps_t:  2727 | t: 0.803955 | r:  -507.000000 | e:   0.727300 | Q: -312.843719 | won: False 
#   86 | steps:   975 | steps_t:  2727 | t: 0.812241 | r:  -505.000000 | e:   0.727300 | Q: -312.423706 | won: False 
#   87 | steps:   984 | steps_t:  2727 | t: 0.819767 | r:  -508.000000 | e:   0.727300 | Q: -368.564789 | won: False 
#   88 | steps:  1003 | steps_t:  2727 | t: 0.838909 | r:  -507.000000 | e:   0.727300 | Q: -279.535370 | won: False 
#   89 | steps:  1009 | steps_t:  2727 | t: 0.843630 | r:  -505.000000 | e:   0.727300 | Q: -284.023163 | won: False 
#   90 | steps:  1018 | steps_t:  2727 | t: 0.850887 | r:  -508.000000 | e:   0.727300 | Q: -368.961456 | won: False 
#   91 | steps:  1031 | steps_t:  2727 | t: 0.859617 | r:  -501.000000 | e:   0.727300 | Q: -271.398071 | won: False 
#   92 | steps:  1039 | steps_t:  2727 | t: 0.862418 | r:  -507.000000 | e:   0.727300 | Q:        nan | won: False 
#   93 | steps:  1048 | steps_t:  2727 | t: 0.865621 | r:  -508.000000 | e:   0.727300 | Q:        nan | won: False 
#   94 | steps:  1055 | steps_t:  2727 | t: 0.871896 | r:  -506.000000 | e:   0.727300 | Q: -313.016724 | won: False 
#   95 | steps:  1062 | steps_t:  2727 | t: 0.876684 | r:  -506.000000 | e:   0.727300 | Q: -425.437744 | won: False 
#   96 | steps:  1070 | steps_t:  2727 | t: 0.885952 | r:  -507.000000 | e:   0.727300 | Q: -284.023163 | won: False 
#   97 | steps:  1080 | steps_t:  2727 | t: 0.891287 | r:  -509.000000 | e:   0.727300 | Q: -284.023163 | won: False 
#   98 | steps:  1097 | steps_t:  2727 | t: 0.905821 | r:  -505.000000 | e:   0.727300 | Q: -271.398071 | won: False 
#   99 | steps:  1109 | steps_t:  2727 | t: 0.914123 | r:  -511.000000 | e:   0.727300 | Q: -271.818085 | won: False 
#  100 | steps:  1119 | steps_t:  2727 | t: 0.921392 | r:  -509.000000 | e:   0.727300 | Q: -419.156555 | won: False 
#  101 | steps:  1130 | steps_t:  2727 | t: 0.931016 | r:  -510.000000 | e:   0.727300 | Q: -284.023163 | won: False 
#  102 | steps:  1143 | steps_t:  2727 | t: 0.942184 | r:  -512.000000 | e:   0.727300 | Q: -271.991058 | won: False 
#  103 | steps:  1151 | steps_t:  2727 | t: 0.947535 | r:  -507.000000 | e:   0.727300 | Q: -284.023163 | won: False 
#  104 | steps:  1170 | steps_t:  2727 | t: 0.960298 | r:  -507.000000 | e:   0.727300 | Q: -335.386139 | won: False 
#  105 | steps:  1175 | steps_t:  2727 | t: 0.966103 | r:  -504.000000 | e:   0.727300 | Q: -312.423706 | won: False 
#  106 | steps:  1184 | steps_t:  2727 | t: 0.972851 | r:  -508.000000 | e:   0.727300 | Q: -284.023163 | won: False 
#  107 | steps:  1191 | steps_t:  2727 | t: 0.976794 | r:  -506.000000 | e:   0.727300 | Q: -284.023163 | won: False 
#  108 | steps:  1201 | steps_t:  2727 | t: 0.982895 | r:  -509.000000 | e:   0.727300 | Q: -368.564789 | won: False 
#  109 | steps:  1206 | steps_t:  2727 | t: 0.987714 | r:  -504.000000 | e:   0.727300 | Q: -312.423706 | won: False 
#  110 | steps:  1217 | steps_t:  2727 | t: 0.997855 | r:  -510.000000 | e:   0.727300 | Q: -271.991058 | won: False 
#  111 | steps:  1226 | steps_t:  2727 | t: 1.001573 | r:  -508.000000 | e:   0.727300 | Q:        nan | won: False 
#  112 | steps:  1235 | steps_t:  2727 | t: 1.008650 | r:  -508.000000 | e:   0.727300 | Q: -340.290161 | won: False 
#  113 | steps:  1247 | steps_t:  2727 | t: 1.018505 | r:  -511.000000 | e:   0.727300 | Q: -287.361816 | won: False 
#  114 | steps:  1253 | steps_t:  2727 | t: 1.023712 | r:  -505.000000 | e:   0.727300 | Q: -340.419495 | won: False 
#  115 | steps:  1258 | steps_t:  2727 | t: 1.030685 | r:  -504.000000 | e:   0.727300 | Q: -312.423706 | won: False 
#  116 | steps:  1268 | steps_t:  2727 | t: 1.037688 | r:  -509.000000 | e:   0.727300 | Q: -279.535370 | won: False 
#  117 | steps:  1276 | steps_t:  2727 | t: 1.045072 | r:  -507.000000 | e:   0.727300 | Q: -284.023163 | won: False 
#  118 | steps:  1283 | steps_t:  2727 | t: 1.048470 | r:  -506.000000 | e:   0.727300 | Q:        nan | won: False 
#  119 | steps:  1310 | steps_t:  2727 | t: 1.072387 | r:  -515.000000 | e:   0.727300 | Q: -271.268768 | won: False 
#  120 | steps:  1318 | steps_t:  2727 | t: 1.077028 | r:  -507.000000 | e:   0.727300 | Q: -426.030701 | won: False 
#  121 | steps:  1326 | steps_t:  2727 | t: 1.081872 | r:  -507.000000 | e:   0.727300 | Q: -402.376770 | won: False 
#  122 | steps:  1335 | steps_t:  2727 | t: 1.087098 | r:  -508.000000 | e:   0.727300 | Q: -368.788483 | won: False 
#  123 | steps:  1346 | steps_t:  2727 | t: 1.099705 | r:  -510.000000 | e:   0.727300 | Q: -271.991058 | won: False 
#  124 | steps:  1355 | steps_t:  2727 | t: 1.103025 | r:  -508.000000 | e:   0.727300 | Q:        nan | won: False 
#  125 | steps:  1366 | steps_t:  2727 | t: 1.112998 | r:  -510.000000 | e:   0.727300 | Q: -313.016724 | won: False 
#  126 | steps:  1376 | steps_t:  2727 | t: 1.120821 | r:  -509.000000 | e:   0.727300 | Q: -402.203827 | won: False 
#  127 | steps:  1386 | steps_t:  2727 | t: 1.128618 | r:  -509.000000 | e:   0.727300 | Q: -284.023163 | won: False 
#  128 | steps:  1396 | steps_t:  2727 | t: 1.134491 | r:  -509.000000 | e:   0.727300 | Q: -284.023163 | won: False 
#  129 | steps:  1403 | steps_t:  2727 | t: 1.139744 | r:  -506.000000 | e:   0.727300 | Q: -284.023163 | won: False 
#  130 | steps:  1412 | steps_t:  2727 | t: 1.145525 | r:  -508.000000 | e:   0.727300 | Q: -402.203827 | won: False 
#  131 | steps:  1420 | steps_t:  2727 | t: 1.150474 | r:  -507.000000 | e:   0.727300 | Q: -427.598846 | won: False 
#  132 | steps:  1430 | steps_t:  2727 | t: 1.158986 | r:  -509.000000 | e:   0.727300 | Q: -279.535370 | won: False 
#  133 | steps:  1444 | steps_t:  2727 | t: 1.170383 | r:  -513.000000 | e:   0.727300 | Q: -364.894745 | won: False 
#  134 | steps:  1453 | steps_t:  2727 | t: 1.174914 | r:  -508.000000 | e:   0.727300 | Q: -341.012512 | won: False 
#  135 | steps:  1463 | steps_t:  2727 | t: 1.181380 | r:  -509.000000 | e:   0.727300 | Q: -368.737732 | won: False 
#  136 | steps:  1475 | steps_t:  2727 | t: 1.191575 | r:  -511.000000 | e:   0.727300 | Q: -284.023163 | won: False 
#  137 | steps:  1483 | steps_t:  2727 | t: 1.195358 | r:  -507.000000 | e:   0.727300 | Q:        nan | won: False 
#  138 | steps:  1496 | steps_t:  2727 | t: 1.209169 | r:  -501.000000 | e:   0.727300 | Q: -271.991058 | won: False 
#  139 | steps:  1506 | steps_t:  2727 | t: 1.215393 | r:  -509.000000 | e:   0.727300 | Q: -284.023163 | won: False 
#  140 | steps:  1513 | steps_t:  2727 | t: 1.218093 | r:  -506.000000 | e:   0.727300 | Q:        nan | won: False 
#  141 | steps:  1521 | steps_t:  2727 | t: 1.226506 | r:  -507.000000 | e:   0.727300 | Q: -284.023163 | won: False 
#  142 | steps:  1527 | steps_t:  2727 | t: 1.231865 | r:  -505.000000 | e:   0.727300 | Q: -368.144714 | won: False 
#  143 | steps:  1537 | steps_t:  2727 | t: 1.238555 | r:  -509.000000 | e:   0.727300 | Q: -279.535370 | won: False 
#  144 | steps:  1546 | steps_t:  2727 | t: 1.247331 | r:  -508.000000 | e:   0.727300 | Q: -425.857758 | won: False 
#  145 | steps:  1554 | steps_t:  2727 | t: 1.253976 | r:  -507.000000 | e:   0.727300 | Q: -313.016724 | won: False 
#  146 | steps:  1564 | steps_t:  2727 | t: 1.261996 | r:  -509.000000 | e:   0.727300 | Q: -340.839508 | won: False 
#  147 | steps:  1573 | steps_t:  2727 | t: 1.268918 | r:  -508.000000 | e:   0.727300 | Q: -271.991058 | won: False 
#  148 | steps:  1590 | steps_t:  2727 | t: 1.285135 | r:  -516.000000 | e:   0.727300 | Q: -271.991058 | won: False 
#  149 | steps:  1600 | steps_t:  2727 | t: 1.291521 | r:  -509.000000 | e:   0.727300 | Q: -368.564789 | won: False 
#  150 | steps:  1612 | steps_t:  2727 | t: 1.300893 | r:  -511.000000 | e:   0.727300 | Q: -271.991058 | won: False 
#  151 | steps:  1622 | steps_t:  2727 | t: 1.307558 | r:  -509.000000 | e:   0.727300 | Q: -271.398071 | won: False 
#  152 | steps:  1641 | steps_t:  2727 | t: 1.325038 | r:  -518.000000 | e:   0.727300 | Q: -271.991058 | won: False 
#  153 | steps:  1649 | steps_t:  2727 | t: 1.331538 | r:  -507.000000 | e:   0.727300 | Q: -284.023163 | won: False 
#  154 | steps:  1657 | steps_t:  2727 | t: 1.339620 | r:  -507.000000 | e:   0.727300 | Q: -340.839508 | won: False 
#  155 | steps:  1662 | steps_t:  2727 | t: 1.343585 | r:  -504.000000 | e:   0.727300 | Q: -341.858002 | won: False 
#  156 | steps:  1667 | steps_t:  2727 | t: 1.347926 | r:  -504.000000 | e:   0.727300 | Q: -312.423706 | won: False 
#  157 | steps:  1673 | steps_t:  2727 | t: 1.350051 | r:  -505.000000 | e:   0.727300 | Q:        nan | won: False 
#  158 | steps:  1681 | steps_t:  2727 | t: 1.355893 | r:  -507.000000 | e:   0.727300 | Q: -271.818085 | won: False 
#  159 | steps:  1688 | steps_t:  2727 | t: 1.360306 | r:  -506.000000 | e:   0.727300 | Q: -341.012512 | won: False 
#  160 | steps:  1696 | steps_t:  2727 | t: 1.366262 | r:  -507.000000 | e:   0.727300 | Q: -284.023163 | won: False 
#  161 | steps:  1705 | steps_t:  2727 | t: 1.371696 | r:  -508.000000 | e:   0.727300 | Q: -368.737732 | won: False 
#  162 | steps:  1714 | steps_t:  2727 | t: 1.380722 | r:  -508.000000 | e:   0.727300 | Q: -312.843719 | won: False 
#  163 | steps:  1723 | steps_t:  2727 | t: 1.385003 | r:  -508.000000 | e:   0.727300 | Q:        nan | won: False 
#  164 | steps:  1750 | steps_t:  2727 | t: 1.406039 | r:  -515.000000 | e:   0.727300 | Q: -271.268768 | won: False 
#  165 | steps:  1769 | steps_t:  2727 | t: 1.417676 | r:  -518.000000 | e:   0.727300 | Q: -271.398071 | won: False 
#  166 | steps:  1779 | steps_t:  2727 | t: 1.426299 | r:  -509.000000 | e:   0.727300 | Q: -401.654510 | won: False 
#  167 | steps:  1792 | steps_t:  2727 | t: 1.437137 | r:  -512.000000 | e:   0.727300 | Q: -279.362457 | won: False 
#  168 | steps:  1797 | steps_t:  2727 | t: 1.441140 | r:  -504.000000 | e:   0.727300 | Q: -312.423706 | won: False 
#  169 | steps:  1802 | steps_t:  2727 | t: 1.443942 | r:  -504.000000 | e:   0.727300 | Q: -368.810303 | won: False 
#  170 | steps:  1819 | steps_t:  2727 | t: 1.456881 | r:  -505.000000 | e:   0.727300 | Q: -284.023163 | won: False 
#  171 | steps:  1827 | steps_t:  2727 | t: 1.460899 | r:  -507.000000 | e:   0.727300 | Q: -284.023163 | won: False 
#  172 | steps:  1836 | steps_t:  2727 | t: 1.465043 | r:  -508.000000 | e:   0.727300 | Q: -284.023163 | won: False 
#  173 | steps:  1866 | steps_t:  2727 | t: 1.488308 | r:  -529.000000 | e:   0.727300 | Q: -284.023163 | won: False 
#  174 | steps:  1885 | steps_t:  2727 | t: 1.505453 | r:  -518.000000 | e:   0.727300 | Q: -271.991058 | won: False 
#  175 | steps:  1894 | steps_t:  2727 | t: 1.509927 | r:  -508.000000 | e:   0.727300 | Q:        nan | won: False 
#  176 | steps:  1903 | steps_t:  2727 | t: 1.516484 | r:  -508.000000 | e:   0.727300 | Q: -427.425812 | won: False 
#  177 | steps:  1913 | steps_t:  2727 | t: 1.524154 | r:  -509.000000 | e:   0.727300 | Q: -271.991058 | won: False 
#  178 | steps:  1929 | steps_t:  2727 | t: 1.538084 | r:  -504.000000 | e:   0.727300 | Q: -276.620697 | won: False 
#  179 | steps:  1951 | steps_t:  2727 | t: 1.558817 | r:  -521.000000 | e:   0.727300 | Q: -276.674622 | won: False 
#  180 | steps:  1960 | steps_t:  2727 | t: 1.568088 | r:  -508.000000 | e:   0.727300 | Q: -341.012512 | won: False 
#  181 | steps:  1969 | steps_t:  2727 | t: 1.574584 | r:  -508.000000 | e:   0.727300 | Q: -271.991058 | won: False 
#  182 | steps:  1978 | steps_t:  2727 | t: 1.580231 | r:  -508.000000 | e:   0.727300 | Q: -313.016724 | won: False 
#  183 | steps:  1999 | steps_t:  2727 | t: 1.593586 | r:  -520.000000 | e:   0.727300 | Q: -286.812561 | won: False 
#  184 | steps:  2006 | steps_t:  2727 | t: 1.599017 | r:  -506.000000 | e:   0.727300 | Q: -368.737732 | won: False 
#  185 | steps:  2015 | steps_t:  2727 | t: 1.605792 | r:  -508.000000 | e:   0.727300 | Q: -313.016724 | won: False 
#  186 | steps:  2023 | steps_t:  2727 | t: 1.611844 | r:  -507.000000 | e:   0.727300 | Q: -324.801758 | won: False 
#  187 | steps:  2028 | steps_t:  2727 | t: 1.615990 | r:  -504.000000 | e:   0.727300 | Q: -312.423706 | won: False 
#  188 | steps:  2041 | steps_t:  2727 | t: 1.626137 | r:  -512.000000 | e:   0.727300 | Q: -368.015411 | won: False 
#  189 | steps:  2061 | steps_t:  2727 | t: 1.638084 | r:  -519.000000 | e:   0.727300 | Q: -271.818085 | won: False 
#  190 | steps:  2080 | steps_t:  2727 | t: 1.649488 | r:  -507.000000 | e:   0.727300 | Q: -325.647217 | won: False 
#  191 | steps:  2086 | steps_t:  2727 | t: 1.653985 | r:  -505.000000 | e:   0.727300 | Q: -403.222229 | won: False 
#  192 | steps:  2100 | steps_t:  2727 | t: 1.665431 | r:  -513.000000 | e:   0.727300 | Q: -334.540649 | won: False 
#  193 | steps:  2107 | steps_t:  2727 | t: 1.671249 | r:  -506.000000 | e:   0.727300 | Q: -284.023163 | won: False 
#  194 | steps:  2112 | steps_t:  2727 | t: 1.675166 | r:  -504.000000 | e:   0.727300 | Q: -369.583191 | won: False 
#  195 | steps:  2119 | steps_t:  2727 | t: 1.678504 | r:  -506.000000 | e:   0.727300 | Q:        nan | won: False 
#  196 | steps:  2141 | steps_t:  2727 | t: 1.694278 | r:  -521.000000 | e:   0.727300 | Q: -271.991058 | won: False 
#  197 | steps:  2148 | steps_t:  2727 | t: 1.700961 | r:  -506.000000 | e:   0.727300 | Q: -284.023163 | won: False 
#  198 | steps:  2191 | steps_t:  2727 | t: 1.735191 | r:  -531.000000 | e:   0.727300 | Q: -262.591003 | won: False 
#  199 | steps:  2206 | steps_t:  2727 | t: 1.743594 | r:  -492.000000 | e:   0.727300 | Q: -368.368439 | won: False 
#  200 | steps:  2222 | steps_t:  2727 | t: 1.755059 | r:  -515.000000 | e:   0.727300 | Q: -271.991058 | won: False 
#  201 | steps:  2230 | steps_t:  2727 | t: 1.764317 | r:  -507.000000 | e:   0.727300 | Q: -284.023163 | won: False 
#  202 | steps:  2238 | steps_t:  2727 | t: 1.772655 | r:  -507.000000 | e:   0.727300 | Q: -312.843719 | won: False 
#  203 | steps:  2243 | steps_t:  2727 | t: 1.777272 | r:  -504.000000 | e:   0.727300 | Q: -312.423706 | won: False 
#  204 | steps:  2255 | steps_t:  2727 | t: 1.785178 | r:  -511.000000 | e:   0.727300 | Q: -286.941833 | won: False 
#  205 | steps:  2260 | steps_t:  2727 | t: 1.786835 | r:  -504.000000 | e:   0.727300 | Q:        nan | won: False 
#  206 | steps:  2268 | steps_t:  2727 | t: 1.789364 | r:  -507.000000 | e:   0.727300 | Q:        nan | won: False 
#  207 | steps:  2281 | steps_t:  2727 | t: 1.793458 | r:  -512.000000 | e:   0.727300 | Q:        nan | won: False 
#  208 | steps:  2291 | steps_t:  2727 | t: 1.797894 | r:  -509.000000 | e:   0.727300 | Q: -425.308411 | won: False 
#  209 | steps:  2296 | steps_t:  2727 | t: 1.800748 | r:  -504.000000 | e:   0.727300 | Q: -341.858002 | won: False 
#  210 | steps:  2302 | steps_t:  2727 | t: 1.802684 | r:  -505.000000 | e:   0.727300 | Q:        nan | won: False 
#  211 | steps:  2323 | steps_t:  2727 | t: 1.820845 | r:  -520.000000 | e:   0.727300 | Q: -271.991058 | won: False 
#  212 | steps:  2334 | steps_t:  2727 | t: 1.829783 | r:  -510.000000 | e:   0.727300 | Q: -279.535370 | won: False 
#  213 | steps:  2342 | steps_t:  2727 | t: 1.838566 | r:  -507.000000 | e:   0.727300 | Q: -284.023163 | won: False 
#  214 | steps:  2355 | steps_t:  2727 | t: 1.849064 | r:  -512.000000 | e:   0.727300 | Q: -324.801758 | won: False 
#  215 | steps:  2377 | steps_t:  2727 | t: 1.869828 | r:  -521.000000 | e:   0.727300 | Q: -283.300903 | won: False 
#  216 | steps:  2386 | steps_t:  2727 | t: 1.879157 | r:  -508.000000 | e:   0.727300 | Q: -284.023163 | won: False 
#  217 | steps:  2398 | steps_t:  2727 | t: 1.887440 | r:  -511.000000 | e:   0.727300 | Q: -279.535370 | won: False 
#  218 | steps:  2406 | steps_t:  2727 | t: 1.894884 | r:  -507.000000 | e:   0.727300 | Q: -284.023163 | won: False 
#  219 | steps:  2412 | steps_t:  2727 | t: 1.901546 | r:  -505.000000 | e:   0.727300 | Q: -284.023163 | won: False 
#  220 | steps:  2418 | steps_t:  2727 | t: 1.906734 | r:  -505.000000 | e:   0.727300 | Q: -312.423706 | won: False 
#  221 | steps:  2425 | steps_t:  2727 | t: 1.911490 | r:  -506.000000 | e:   0.727300 | Q: -368.564789 | won: False 
#  222 | steps:  2431 | steps_t:  2727 | t: 1.915006 | r:  -505.000000 | e:   0.727300 | Q:        nan | won: False 
#  223 | steps:  2444 | steps_t:  2727 | t: 1.923925 | r:  -512.000000 | e:   0.727300 | Q: -284.023163 | won: False 
#  224 | steps:  2458 | steps_t:  2727 | t: 1.935695 | r:  -513.000000 | e:   0.727300 | Q: -279.535370 | won: False 
#  225 | steps:  2472 | steps_t:  2727 | t: 1.945511 | r:  -502.000000 | e:   0.727300 | Q: -418.195740 | won: False 
#  226 | steps:  2480 | steps_t:  2727 | t: 1.950493 | r:  -507.000000 | e:   0.727300 | Q: -341.012512 | won: False 
#  227 | steps:  2489 | steps_t:  2727 | t: 1.956676 | r:  -508.000000 | e:   0.727300 | Q: -278.942383 | won: False 
#  228 | steps:  2497 | steps_t:  2727 | t: 1.964310 | r:  -507.000000 | e:   0.727300 | Q: -284.023163 | won: False 
#  229 | steps:  2505 | steps_t:  2727 | t: 1.970772 | r:  -507.000000 | e:   0.727300 | Q: -368.737732 | won: False 
#  230 | steps:  2513 | steps_t:  2727 | t: 1.978413 | r:  -507.000000 | e:   0.727300 | Q: -279.362457 | won: False 
#  231 | steps:  2519 | steps_t:  2727 | t: 1.983010 | r:  -505.000000 | e:   0.727300 | Q: -340.419495 | won: False 
#  232 | steps:  2529 | steps_t:  2727 | t: 1.995005 | r:  -509.000000 | e:   0.727300 | Q: -284.023163 | won: False 
#  233 | steps:  2534 | steps_t:  2727 | t: 1.997978 | r:  -504.000000 | e:   0.727300 | Q:        nan | won: False 
#  234 | steps:  2542 | steps_t:  2727 | t: 2.005800 | r:  -507.000000 | e:   0.727300 | Q: -341.012512 | won: False 
#  235 | steps:  2552 | steps_t:  2727 | t: 2.014460 | r:  -509.000000 | e:   0.727300 | Q: -279.535370 | won: False 
#  236 | steps:  2560 | steps_t:  2727 | t: 2.021805 | r:  -507.000000 | e:   0.727300 | Q: -271.818085 | won: False 
#  237 | steps:  2569 | steps_t:  2727 | t: 2.031628 | r:  -508.000000 | e:   0.727300 | Q: -340.839508 | won: False 
#  238 | steps:  2579 | steps_t:  2727 | t: 2.039981 | r:  -509.000000 | e:   0.727300 | Q: -425.308411 | won: False 
#  239 | steps:  2588 | steps_t:  2727 | t: 2.046585 | r:  -508.000000 | e:   0.727300 | Q: -398.425690 | won: False 
#  240 | steps:  2597 | steps_t:  2727 | t: 2.051036 | r:  -508.000000 | e:   0.727300 | Q: -436.588104 | won: False 
#  241 | steps:  2607 | steps_t:  2727 | t: 2.056493 | r:  -509.000000 | e:   0.727300 | Q: -368.961456 | won: False 
#  242 | steps:  2614 | steps_t:  2727 | t: 2.063687 | r:  -506.000000 | e:   0.727300 | Q: -284.023163 | won: False 
#  243 | steps:  2630 | steps_t:  2727 | t: 2.075204 | r:  -515.000000 | e:   0.727300 | Q: -284.023163 | won: False 
#  244 | steps:  2638 | steps_t:  2727 | t: 2.081767 | r:  -507.000000 | e:   0.727300 | Q: -284.023163 | won: False 
#  245 | steps:  2648 | steps_t:  2727 | t: 2.088815 | r:  -509.000000 | e:   0.727300 | Q: -284.023163 | won: False 
#  246 | steps:  2657 | steps_t:  2727 | t: 2.094548 | r:  -508.000000 | e:   0.727300 | Q: -286.812561 | won: False 
#  247 | steps:  2670 | steps_t:  2727 | t: 2.102435 | r:  -512.000000 | e:   0.727300 | Q: -287.534790 | won: False 
#  248 | steps:  2679 | steps_t:  2727 | t: 2.110631 | r:  -508.000000 | e:   0.727300 | Q: -271.991058 | won: False 
#  249 | steps:  2684 | steps_t:  2727 | t: 2.113134 | r:  -504.000000 | e:   0.727300 | Q:        nan | won: False 
#  250 | steps:  2699 | steps_t:  2727 | t: 2.126288 | r:  -514.000000 | e:   0.727300 | Q: -287.534790 | won: False 
#  251 | steps:  2709 | steps_t:  2727 | t: 2.133195 | r:  -509.000000 | e:   0.727300 | Q: -426.876526 | won: False 
#  252 | steps:  2718 | steps_t:  2727 | t: 2.140019 | r:  -508.000000 | e:   0.727300 | Q: -425.857758 | won: False 
#  253 | steps:  2728 | steps_t:  2727 | t: 2.148372 | r:  -509.000000 | e:   0.727300 | Q: -286.812561 | won: False 
#  254 | steps:  2744 | steps_t:  2727 | t: 2.157904 | r:  -504.000000 | e:   0.727300 | Q: -394.541809 | won: False 
#  255 | steps:  2753 | steps_t:  2727 | t: 2.165337 | r:  -508.000000 | e:   0.727300 | Q: -324.628815 | won: False 
#  256 | steps:  2769 | steps_t:  2727 | t: 2.181736 | r:  -504.000000 | e:   0.727300 | Q: -284.023163 | won: False 
#  257 | steps:  2788 | steps_t:  2727 | t: 2.199822 | r:  -507.000000 | e:   0.727300 | Q: -271.991058 | won: False 
#  258 | steps:  2793 | steps_t:  2727 | t: 2.202801 | r:  -504.000000 | e:   0.727300 | Q: -369.583191 | won: False 
#  259 | steps:  2801 | steps_t:  2727 | t: 2.208163 | r:  -507.000000 | e:   0.727300 | Q: -341.012512 | won: False 
#  260 | steps:  2813 | steps_t:  2727 | t: 2.219189 | r:  -511.000000 | e:   0.727300 | Q: -271.991058 | won: False 
#  261 | steps:  2830 | steps_t:  2727 | t: 2.234140 | r:  -505.000000 | e:   0.727300 | Q: -284.023163 | won: False 
#  262 | steps:  2847 | steps_t:  2727 | t: 2.244966 | r:  -505.000000 | e:   0.727300 | Q: -288.380310 | won: False 
#  263 | steps:  2855 | steps_t:  2727 | t: 2.251960 | r:  -507.000000 | e:   0.727300 | Q: -341.012512 | won: False 
#  264 | steps:  2864 | steps_t:  2727 | t: 2.258174 | r:  -508.000000 | e:   0.727300 | Q: -284.023163 | won: False 
#  265 | steps:  2871 | steps_t:  2727 | t: 2.260509 | r:  -506.000000 | e:   0.727300 | Q:        nan | won: False 
#  266 | steps:  2885 | steps_t:  2727 | t: 2.270862 | r:  -513.000000 | e:   0.727300 | Q: -271.818085 | won: False 
#  267 | steps:  2895 | steps_t:  2727 | t: 2.279822 | r:  -509.000000 | e:   0.727300 | Q: -271.818085 | won: False 
#  268 | steps:  2904 | steps_t:  2727 | t: 2.286239 | r:  -508.000000 | e:   0.727300 | Q: -425.308411 | won: False 
#  269 | steps:  2912 | steps_t:  2727 | t: 2.290416 | r:  -507.000000 | e:   0.727300 | Q: -368.737732 | won: False 
#  270 | steps:  2922 | steps_t:  2727 | t: 2.298965 | r:  -509.000000 | e:   0.727300 | Q: -271.991058 | won: False 
#  271 | steps:  2936 | steps_t:  2727 | t: 2.306843 | r:  -513.000000 | e:   0.727300 | Q: -420.002014 | won: False 
#  272 | steps:  2954 | steps_t:  2727 | t: 2.316598 | r:  -506.000000 | e:   0.727300 | Q: -418.563599 | won: False 
#  273 | steps:  2963 | steps_t:  2727 | t: 2.324393 | r:  -508.000000 | e:   0.727300 | Q: -271.818085 | won: False 
#  274 | steps:  2978 | steps_t:  2727 | t: 2.338709 | r:  -503.000000 | e:   0.727300 | Q: -271.991058 | won: False 
#  275 | steps:  2986 | steps_t:  2727 | t: 2.346615 | r:  -507.000000 | e:   0.727300 | Q: -313.016724 | won: False 
#  276 | steps:  3001 | steps_t:  2727 | t: 2.354992 | r:  -503.000000 | e:   0.727300 | Q: -419.229126 | won: False 
#  277 | steps:  3011 | steps_t:  2727 | t: 2.365505 | r:  -509.000000 | e:   0.727300 | Q: -341.012512 | won: False 
#  278 | steps:  3018 | steps_t:  2727 | t: 2.368937 | r:  -506.000000 | e:   0.727300 | Q:        nan | won: False 
#  279 | steps:  3026 | steps_t:  2727 | t: 2.373651 | r:  -507.000000 | e:   0.727300 | Q: -397.703400 | won: False 
#  280 | steps:  3032 | steps_t:  2727 | t: 2.381345 | r:  -505.000000 | e:   0.727300 | Q: -284.023163 | won: False 
#  281 | steps:  3047 | steps_t:  2727 | t: 2.390828 | r:  -492.000000 | e:   0.727300 | Q: -271.398071 | won: False 
#  282 | steps:  3055 | steps_t:  2727 | t: 2.395075 | r:  -507.000000 | e:   0.727300 | Q: -402.376770 | won: False 
#  283 | steps:  3062 | steps_t:  2727 | t: 2.397751 | r:  -506.000000 | e:   0.727300 | Q:        nan | won: False 
#  284 | steps:  3081 | steps_t:  2727 | t: 2.414272 | r:  -507.000000 | e:   0.727300 | Q: -271.991058 | won: False 
#  285 | steps:  3100 | steps_t:  2727 | t: 2.428555 | r:  -507.000000 | e:   0.727300 | Q: -284.023163 | won: False 
#  286 | steps:  3115 | steps_t:  2727 | t: 2.439139 | r:  -492.000000 | e:   0.727300 | Q: -271.398071 | won: False 
#  287 | steps:  3122 | steps_t:  2727 | t: 2.444746 | r:  -506.000000 | e:   0.727300 | Q: -341.012512 | won: False 
#  288 | steps:  3132 | steps_t:  2727 | t: 2.453267 | r:  -509.000000 | e:   0.727300 | Q: -324.801758 | won: False 
#  289 | steps:  3144 | steps_t:  2727 | t: 2.459021 | r:  -511.000000 | e:   0.727300 | Q: -417.071106 | won: False 
#  290 | steps:  3157 | steps_t:  2727 | t: 2.467427 | r:  -512.000000 | e:   0.727300 | Q: -369.806946 | won: False 
#  291 | steps:  3165 | steps_t:  2727 | t: 2.473698 | r:  -507.000000 | e:   0.727300 | Q: -341.012512 | won: False 
#  292 | steps:  3174 | steps_t:  2727 | t: 2.479432 | r:  -508.000000 | e:   0.727300 | Q: -284.023163 | won: False 
#  293 | steps:  3190 | steps_t:  2727 | t: 2.491782 | r:  -504.000000 | e:   0.727300 | Q: -330.676697 | won: False 
#  294 | steps:  3206 | steps_t:  2727 | t: 2.503278 | r:  -504.000000 | e:   0.727300 | Q: -284.023163 | won: False 
#  295 | steps:  3213 | steps_t:  2727 | t: 2.511188 | r:  -506.000000 | e:   0.727300 | Q: -284.023163 | won: False 
#  296 | steps:  3221 | steps_t:  2727 | t: 2.515219 | r:  -507.000000 | e:   0.727300 | Q:        nan | won: False 
#  297 | steps:  3228 | steps_t:  2727 | t: 2.519975 | r:  -506.000000 | e:   0.727300 | Q: -312.423706 | won: False 
#  298 | steps:  3247 | steps_t:  2727 | t: 2.532070 | r:  -518.000000 | e:   0.727300 | Q: -287.534790 | won: False 
#  299 | steps:  3256 | steps_t:  2727 | t: 2.538210 | r:  -508.000000 | e:   0.727300 | Q: -279.362457 | won: False 
#  300 | steps:  3270 | steps_t:  2727 | t: 2.550166 | r:  -513.000000 | e:   0.727300 | Q: -286.941833 | won: False 
#  301 | steps:  3276 | steps_t:  2727 | t: 2.555446 | r:  -505.000000 | e:   0.727300 | Q: -313.016724 | won: False 
#  302 | steps:  3284 | steps_t:  2727 | t: 2.562840 | r:  -507.000000 | e:   0.727300 | Q: -341.012512 | won: False 
#  303 | steps:  3293 | steps_t:  2727 | t: 2.574802 | r:  -508.000000 | e:   0.727300 | Q: -368.015411 | won: False 
#  304 | steps:  3304 | steps_t:  2727 | t: 2.581297 | r:  -510.000000 | e:   0.727300 | Q: -418.563599 | won: False 
#  305 | steps:  3314 | steps_t:  2727 | t: 2.588831 | r:  -509.000000 | e:   0.727300 | Q: -284.023163 | won: False 
#  306 | steps:  3322 | steps_t:  2727 | t: 2.595987 | r:  -507.000000 | e:   0.727300 | Q: -284.023163 | won: False 
#  307 | steps:  3335 | steps_t:  2727 | t: 2.603797 | r:  -512.000000 | e:   0.727300 | Q: -284.023163 | won: False 
#  308 | steps:  3342 | steps_t:  2727 | t: 2.609772 | r:  -506.000000 | e:   0.727300 | Q: -368.737732 | won: False 
#  309 | steps:  3350 | steps_t:  2727 | t: 2.614304 | r:  -507.000000 | e:   0.727300 | Q:        nan | won: False 
#  310 | steps:  3360 | steps_t:  2727 | t: 2.620783 | r:  -509.000000 | e:   0.727300 | Q: -427.425812 | won: False 
#  311 | steps:  3369 | steps_t:  2727 | t: 2.629200 | r:  -508.000000 | e:   0.727300 | Q: -324.079468 | won: False 
#  312 | steps:  3377 | steps_t:  2727 | t: 2.636071 | r:  -507.000000 | e:   0.727300 | Q: -279.535370 | won: False 
#  313 | steps:  3392 | steps_t:  2727 | t: 2.641221 | r:  -514.000000 | e:   0.727300 | Q:        nan | won: False 
#  314 | steps:  3399 | steps_t:  2727 | t: 2.647999 | r:  -506.000000 | e:   0.727300 | Q: -284.023163 | won: False 
#  315 | steps:  3411 | steps_t:  2727 | t: 2.656364 | r:  -511.000000 | e:   0.727300 | Q: -312.843719 | won: False 
#  316 | steps:  3424 | steps_t:  2727 | t: 2.667475 | r:  -512.000000 | e:   0.727300 | Q: -287.534790 | won: False 
#  317 | steps:  3439 | steps_t:  2727 | t: 2.677155 | r:  -503.000000 | e:   0.727300 | Q: -271.398071 | won: False 
#  318 | steps:  3451 | steps_t:  2727 | t: 2.686370 | r:  -511.000000 | e:   0.727300 | Q: -278.942383 | won: False 
#  319 | steps:  3458 | steps_t:  2727 | t: 2.692755 | r:  -506.000000 | e:   0.727300 | Q: -313.016724 | won: False 
#  320 | steps:  3473 | steps_t:  2727 | t: 2.703608 | r:  -503.000000 | e:   0.727300 | Q: -271.700409 | won: False 
#  321 | steps:  3486 | steps_t:  2727 | t: 2.711466 | r:  -512.000000 | e:   0.727300 | Q: -334.367706 | won: False 
#  322 | steps:  3496 | steps_t:  2727 | t: 2.718906 | r:  -509.000000 | e:   0.727300 | Q: -425.308411 | won: False 
#  323 | steps:  3507 | steps_t:  2727 | t: 2.726444 | r:  -510.000000 | e:   0.727300 | Q: -425.857758 | won: False 
#  324 | steps:  3515 | steps_t:  2727 | t: 2.729624 | r:  -507.000000 | e:   0.727300 | Q:        nan | won: False 
#  325 | steps:  3524 | steps_t:  2727 | t: 2.737941 | r:  -508.000000 | e:   0.727300 | Q: -287.361816 | won: False 
#  326 | steps:  3534 | steps_t:  2727 | t: 2.742733 | r:  -509.000000 | e:   0.727300 | Q:        nan | won: False 
#  327 | steps:  3543 | steps_t:  2727 | t: 2.751633 | r:  -508.000000 | e:   0.727300 | Q: -324.628815 | won: False 
#  328 | steps:  3557 | steps_t:  2727 | t: 2.761844 | r:  -513.000000 | e:   0.727300 | Q: -363.893585 | won: False 
#  329 | steps:  3564 | steps_t:  2727 | t: 2.769474 | r:  -506.000000 | e:   0.727300 | Q: -284.023163 | won: False 
#  330 | steps:  3585 | steps_t:  2727 | t: 2.788345 | r:  -509.000000 | e:   0.727300 | Q: -286.941833 | won: False 
#  331 | steps:  3603 | steps_t:  2727 | t: 2.802163 | r:  -517.000000 | e:   0.727300 | Q: -278.942383 | won: False 
#  332 | steps:  3618 | steps_t:  2727 | t: 2.816705 | r:  -503.000000 | e:   0.727300 | Q: -271.398071 | won: False 
#  333 | steps:  3624 | steps_t:  2727 | t: 2.821781 | r:  -505.000000 | e:   0.727300 | Q: -401.783752 | won: False 
#  334 | steps:  3632 | steps_t:  2727 | t: 2.826178 | r:  -507.000000 | e:   0.727300 | Q: -284.023163 | won: False 
#  335 | steps:  3639 | steps_t:  2727 | t: 2.831300 | r:  -506.000000 | e:   0.727300 | Q: -313.016724 | won: False 
#  336 | steps:  3658 | steps_t:  2727 | t: 2.847322 | r:  -518.000000 | e:   0.727300 | Q: -271.991058 | won: False 
#  337 | steps:  3666 | steps_t:  2727 | t: 2.851953 | r:  -507.000000 | e:   0.727300 | Q:        nan | won: False 
#  338 | steps:  3706 | steps_t:  2727 | t: 2.884866 | r:  -528.000000 | e:   0.727300 | Q: -271.991058 | won: False 
#  339 | steps:  3723 | steps_t:  2727 | t: 2.895196 | r:  -516.000000 | e:   0.727300 | Q: -363.893585 | won: False 
#  340 | steps:  3729 | steps_t:  2727 | t: 2.897314 | r:  -505.000000 | e:   0.727300 | Q:        nan | won: False 
#  341 | steps:  3739 | steps_t:  2727 | t: 2.901674 | r:  -509.000000 | e:   0.727300 | Q: -430.743164 | won: False 
#  342 | steps:  3747 | steps_t:  2727 | t: 2.906922 | r:  -507.000000 | e:   0.727300 | Q: -286.812561 | won: False 
#  343 | steps:  3755 | steps_t:  2727 | t: 2.913157 | r:  -507.000000 | e:   0.727300 | Q: -402.376770 | won: False 
#  344 | steps:  3764 | steps_t:  2727 | t: 2.919283 | r:  -508.000000 | e:   0.727300 | Q: -368.564789 | won: False 
#  345 | steps:  3779 | steps_t:  2727 | t: 2.927616 | r:  -514.000000 | e:   0.727300 | Q: -284.023163 | won: False 
#  346 | steps:  3789 | steps_t:  2727 | t: 2.934775 | r:  -509.000000 | e:   0.727300 | Q: -368.564789 | won: False 
#  347 | steps:  3796 | steps_t:  2727 | t: 2.942297 | r:  -506.000000 | e:   0.727300 | Q: -284.023163 | won: False 
#  348 | steps:  3804 | steps_t:  2727 | t: 2.945208 | r:  -507.000000 | e:   0.727300 | Q:        nan | won: False 
#  349 | steps:  3813 | steps_t:  2727 | t: 2.949533 | r:  -508.000000 | e:   0.727300 | Q: -368.564789 | won: False 
#  350 | steps:  3828 | steps_t:  2727 | t: 2.962677 | r:  -503.000000 | e:   0.727300 | Q: -360.902771 | won: False 
#  351 | steps:  3850 | steps_t:  2727 | t: 2.981204 | r:  -521.000000 | e:   0.727300 | Q: -279.362457 | won: False 
#  352 | steps:  3855 | steps_t:  2727 | t: 2.985392 | r:  -504.000000 | e:   0.727300 | Q: -312.423706 | won: False 
#  353 | steps:  3874 | steps_t:  2727 | t: 3.002659 | r:  -507.000000 | e:   0.727300 | Q: -284.023163 | won: False 
#  354 | steps:  3880 | steps_t:  2727 | t: 3.008506 | r:  -505.000000 | e:   0.727300 | Q: -312.423706 | won: False 
#  355 | steps:  3897 | steps_t:  2727 | t: 3.022366 | r:  -516.000000 | e:   0.727300 | Q: -284.023163 | won: False 
#  356 | steps:  3907 | steps_t:  2727 | t: 3.030208 | r:  -509.000000 | e:   0.727300 | Q: -368.015411 | won: False 
#  357 | steps:  3916 | steps_t:  2727 | t: 3.036726 | r:  -508.000000 | e:   0.727300 | Q: -271.991058 | won: False 
#  358 | steps:  3925 | steps_t:  2727 | t: 3.042538 | r:  -508.000000 | e:   0.727300 | Q: -402.376770 | won: False 
#  359 | steps:  3934 | steps_t:  2727 | t: 3.048884 | r:  -508.000000 | e:   0.727300 | Q: -279.362457 | won: False 
#  360 | steps:  3940 | steps_t:  2727 | t: 3.053558 | r:  -505.000000 | e:   0.727300 | Q: -341.012512 | won: False 
#  361 | steps:  3956 | steps_t:  2727 | t: 3.068944 | r:  -504.000000 | e:   0.727300 | Q: -324.208740 | won: False 
#  362 | steps:  3963 | steps_t:  2727 | t: 3.075636 | r:  -506.000000 | e:   0.727300 | Q: -313.016724 | won: False 
#  363 | steps:  3972 | steps_t:  2727 | t: 3.080542 | r:  -508.000000 | e:   0.727300 | Q: -418.983612 | won: False 
#  364 | steps:  3979 | steps_t:  2727 | t: 3.086514 | r:  -506.000000 | e:   0.727300 | Q: -286.812561 | won: False 
#  365 | steps:  3987 | steps_t:  2727 | t: 3.092557 | r:  -507.000000 | e:   0.727300 | Q: -426.030701 | won: False 
#  366 | steps:  3996 | steps_t:  2727 | t: 3.097379 | r:  -508.000000 | e:   0.727300 | Q: -284.023163 | won: False 
#  367 | steps:  4004 | steps_t:  2727 | t: 3.105886 | r:  -507.000000 | e:   0.727300 | Q: -271.991058 | won: False 
#  368 | steps:  4009 | steps_t:  2727 | t: 3.108353 | r:  -504.000000 | e:   0.727300 | Q:        nan | won: False 
#  369 | steps:  4038 | steps_t:  2727 | t: 3.128921 | r:  -528.000000 | e:   0.727300 | Q: -269.905579 | won: False 
#  370 | steps:  4056 | steps_t:  2727 | t: 3.142238 | r:  -517.000000 | e:   0.727300 | Q: -271.398071 | won: False 
#  371 | steps:  4062 | steps_t:  2727 | t: 3.148640 | r:  -505.000000 | e:   0.727300 | Q: -284.023163 | won: False 
#  372 | steps:  4069 | steps_t:  2727 | t: 3.151483 | r:  -506.000000 | e:   0.727300 | Q:        nan | won: False 
#  373 | steps:  4079 | steps_t:  2727 | t: 3.159673 | r:  -509.000000 | e:   0.727300 | Q: -312.843719 | won: False 
#  374 | steps:  4093 | steps_t:  2727 | t: 3.170327 | r:  -513.000000 | e:   0.727300 | Q: -426.103271 | won: False 
#  375 | steps:  4100 | steps_t:  2727 | t: 3.177938 | r:  -506.000000 | e:   0.727300 | Q: -341.012512 | won: False 
#  376 | steps:  4110 | steps_t:  2727 | t: 3.186194 | r:  -509.000000 | e:   0.727300 | Q: -287.534790 | won: False 
#  377 | steps:  4123 | steps_t:  2727 | t: 3.199089 | r:  -501.000000 | e:   0.727300 | Q: -258.902649 | won: False 
#  378 | steps:  4131 | steps_t:  2727 | t: 3.203965 | r:  -507.000000 | e:   0.727300 | Q: -426.030701 | won: False 
#  379 | steps:  4146 | steps_t:  2727 | t: 3.216723 | r:  -503.000000 | e:   0.727300 | Q: -278.942383 | won: False 
#  380 | steps:  4153 | steps_t:  2727 | t: 3.221118 | r:  -506.000000 | e:   0.727300 | Q: -425.437744 | won: False 
#  381 | steps:  4159 | steps_t:  2727 | t: 3.226321 | r:  -505.000000 | e:   0.727300 | Q: -284.023163 | won: False 
#  382 | steps:  4174 | steps_t:  2727 | t: 3.241044 | r:  -503.000000 | e:   0.727300 | Q: -264.156067 | won: False 
#  383 | steps:  4181 | steps_t:  2727 | t: 3.244841 | r:  -506.000000 | e:   0.727300 | Q: -368.737732 | won: False 
#  384 | steps:  4191 | steps_t:  2727 | t: 3.251038 | r:  -509.000000 | e:   0.727300 | Q: -340.839508 | won: False 
#  385 | steps:  4201 | steps_t:  2727 | t: 3.260731 | r:  -509.000000 | e:   0.727300 | Q: -284.023163 | won: False 
#  386 | steps:  4211 | steps_t:  2727 | t: 3.265348 | r:  -509.000000 | e:   0.727300 | Q:        nan | won: False 
#  387 | steps:  4226 | steps_t:  2727 | t: 3.279383 | r:  -503.000000 | e:   0.727300 | Q: -360.902771 | won: False 
#  388 | steps:  4253 | steps_t:  2727 | t: 3.293421 | r:  -526.000000 | e:   0.727300 | Q: -322.716278 | won: False 
#  389 | steps:  4266 | steps_t:  2727 | t: 3.301750 | r:  -512.000000 | e:   0.727300 | Q: -286.941833 | won: False 
#  390 | steps:  4276 | steps_t:  2727 | t: 3.307479 | r:  -509.000000 | e:   0.727300 | Q: -341.012512 | won: False 
#  391 | steps:  4295 | steps_t:  2727 | t: 3.323810 | r:  -507.000000 | e:   0.727300 | Q: -324.801758 | won: False 
#  392 | steps:  4304 | steps_t:  2727 | t: 3.329360 | r:  -508.000000 | e:   0.727300 | Q: -402.376770 | won: False 
#  393 | steps:  4325 | steps_t:  2727 | t: 3.346837 | r:  -509.000000 | e:   0.727300 | Q: -279.535370 | won: False 
#  394 | steps:  4331 | steps_t:  2727 | t: 3.353064 | r:  -505.000000 | e:   0.727300 | Q: -284.023163 | won: False 
#  395 | steps:  4341 | steps_t:  2727 | t: 3.362059 | r:  -509.000000 | e:   0.727300 | Q: -271.991058 | won: False 
#  396 | steps:  4351 | steps_t:  2727 | t: 3.367946 | r:  -509.000000 | e:   0.727300 | Q: -271.818085 | won: False 
#  397 | steps:  4357 | steps_t:  2727 | t: 3.371983 | r:  -505.000000 | e:   0.727300 | Q: -368.144714 | won: False 
#  398 | steps:  4363 | steps_t:  2727 | t: 3.378669 | r:  -505.000000 | e:   0.727300 | Q: -284.023163 | won: False 
#  399 | steps:  4376 | steps_t:  2727 | t: 3.386873 | r:  -501.000000 | e:   0.727300 | Q: -322.544342 | won: False 
#  400 | steps:  4383 | steps_t:  2727 | t: 3.390643 | r:  -506.000000 | e:   0.727300 | Q: -284.023163 | won: False 
#  401 | steps:  4390 | steps_t:  2727 | t: 3.397137 | r:  -506.000000 | e:   0.727300 | Q: -284.023163 | won: False 
#  402 | steps:  4400 | steps_t:  2727 | t: 3.404446 | r:  -509.000000 | e:   0.727300 | Q: -284.023163 | won: False 
#  403 | steps:  4408 | steps_t:  2727 | t: 3.409543 | r:  -507.000000 | e:   0.727300 | Q: -397.703400 | won: False 
#  404 | steps:  4415 | steps_t:  2727 | t: 3.413661 | r:  -506.000000 | e:   0.727300 | Q: -340.839508 | won: False 
#  405 | steps:  4426 | steps_t:  2727 | t: 3.422822 | r:  -510.000000 | e:   0.727300 | Q: -279.362457 | won: False 
#  406 | steps:  4437 | steps_t:  2727 | t: 3.429662 | r:  -510.000000 | e:   0.727300 | Q: -284.023163 | won: False 
#  407 | steps:  4444 | steps_t:  2727 | t: 3.431949 | r:  -506.000000 | e:   0.727300 | Q:        nan | won: False 
#  408 | steps:  4465 | steps_t:  2727 | t: 3.444968 | r:  -520.000000 | e:   0.727300 | Q: -271.398071 | won: False 
#  409 | steps:  4475 | steps_t:  2727 | t: 3.450581 | r:  -509.000000 | e:   0.727300 | Q: -430.743164 | won: False 
#  410 | steps:  4484 | steps_t:  2727 | t: 3.456207 | r:  -508.000000 | e:   0.727300 | Q: -402.376770 | won: False 
#  411 | steps:  4490 | steps_t:  2727 | t: 3.459402 | r:  -505.000000 | e:   0.727300 | Q:        nan | won: False 
#  412 | steps:  4498 | steps_t:  2727 | t: 3.464602 | r:  -507.000000 | e:   0.727300 | Q: -427.598846 | won: False 
#  413 | steps:  4508 | steps_t:  2727 | t: 3.473594 | r:  -509.000000 | e:   0.727300 | Q: -279.535370 | won: False 
#  414 | steps:  4521 | steps_t:  2727 | t: 3.482928 | r:  -512.000000 | e:   0.727300 | Q: -430.150146 | won: False 
#  415 | steps:  4526 | steps_t:  2727 | t: 3.488326 | r:  -504.000000 | e:   0.727300 | Q: -340.419495 | won: False 
#  416 | steps:  4544 | steps_t:  2727 | t: 3.501691 | r:  -517.000000 | e:   0.727300 | Q: -279.535370 | won: False 
#  417 | steps:  4555 | steps_t:  2727 | t: 3.509697 | r:  -510.000000 | e:   0.727300 | Q: -278.942383 | won: False 
#  418 | steps:  4568 | steps_t:  2727 | t: 3.519013 | r:  -512.000000 | e:   0.727300 | Q: -271.991058 | won: False 
#  419 | steps:  4574 | steps_t:  2727 | t: 3.521281 | r:  -505.000000 | e:   0.727300 | Q:        nan | won: False 
#  420 | steps:  4584 | steps_t:  2727 | t: 3.525025 | r:  -509.000000 | e:   0.727300 | Q:        nan | won: False 
#  421 | steps:  4602 | steps_t:  2727 | t: 3.542753 | r:  -506.000000 | e:   0.727300 | Q: -280.380859 | won: False 
#  422 | steps:  4618 | steps_t:  2727 | t: 3.559527 | r:  -515.000000 | e:   0.727300 | Q: -271.991058 | won: False 
#  423 | steps:  4625 | steps_t:  2727 | t: 3.562153 | r:  -506.000000 | e:   0.727300 | Q:        nan | won: False 
#  424 | steps:  4635 | steps_t:  2727 | t: 3.568728 | r:  -509.000000 | e:   0.727300 | Q: -324.628815 | won: False 
#  425 | steps:  4642 | steps_t:  2727 | t: 3.571165 | r:  -506.000000 | e:   0.727300 | Q:        nan | won: False 
#  426 | steps:  4652 | steps_t:  2727 | t: 3.577175 | r:  -509.000000 | e:   0.727300 | Q: -284.023163 | won: False 
#  427 | steps:  4661 | steps_t:  2727 | t: 3.584922 | r:  -508.000000 | e:   0.727300 | Q: -313.016724 | won: False 
#  428 | steps:  4671 | steps_t:  2727 | t: 3.594477 | r:  -509.000000 | e:   0.727300 | Q: -368.564789 | won: False 
#  429 | steps:  4685 | steps_t:  2727 | t: 3.605183 | r:  -502.000000 | e:   0.727300 | Q: -271.991058 | won: False 
#  430 | steps:  4693 | steps_t:  2727 | t: 3.609375 | r:  -507.000000 | e:   0.727300 | Q: -426.030701 | won: False 
#  431 | steps:  4699 | steps_t:  2727 | t: 3.613051 | r:  -505.000000 | e:   0.727300 | Q: -368.144714 | won: False 
#  432 | steps:  4712 | steps_t:  2727 | t: 3.623514 | r:  -512.000000 | e:   0.727300 | Q: -284.023163 | won: False 
#  433 | steps:  4720 | steps_t:  2727 | t: 3.626693 | r:  -507.000000 | e:   0.727300 | Q:        nan | won: False 
#  434 | steps:  4730 | steps_t:  2727 | t: 3.634450 | r:  -509.000000 | e:   0.727300 | Q: -368.564789 | won: False 
#  435 | steps:  4736 | steps_t:  2727 | t: 3.638665 | r:  -505.000000 | e:   0.727300 | Q: -368.144714 | won: False 
#  436 | steps:  4746 | steps_t:  2727 | t: 3.644744 | r:  -509.000000 | e:   0.727300 | Q: -340.839508 | won: False 
#  437 | steps:  4753 | steps_t:  2727 | t: 3.650496 | r:  -506.000000 | e:   0.727300 | Q: -368.737732 | won: False 
#  438 | steps:  4759 | steps_t:  2727 | t: 3.653907 | r:  -505.000000 | e:   0.727300 | Q:        nan | won: False 
#  439 | steps:  4777 | steps_t:  2727 | t: 3.666243 | r:  -517.000000 | e:   0.727300 | Q: -279.535370 | won: False 
#  440 | steps:  4788 | steps_t:  2727 | t: 3.671123 | r:  -510.000000 | e:   0.727300 | Q: -324.208740 | won: False 
#  441 | steps:  4800 | steps_t:  2727 | t: 3.679779 | r:  -511.000000 | e:   0.727300 | Q: -313.016724 | won: False 
#  442 | steps:  4810 | steps_t:  2727 | t: 3.685932 | r:  -509.000000 | e:   0.727300 | Q: -313.016724 | won: False 
#  443 | steps:  4827 | steps_t:  2727 | t: 3.701389 | r:  -516.000000 | e:   0.727300 | Q: -279.535370 | won: False 
#  444 | steps:  4834 | steps_t:  2727 | t: 3.705688 | r:  -506.000000 | e:   0.727300 | Q: -425.437744 | won: False 
#  445 | steps:  4841 | steps_t:  2727 | t: 3.712507 | r:  -506.000000 | e:   0.727300 | Q: -313.016724 | won: False 
#  446 | steps:  4850 | steps_t:  2727 | t: 3.717327 | r:  -508.000000 | e:   0.727300 | Q:        nan | won: False 
#  447 | steps:  4869 | steps_t:  2727 | t: 3.737930 | r:  -507.000000 | e:   0.727300 | Q: -284.023163 | won: False 
#  448 | steps:  4885 | steps_t:  2727 | t: 3.748373 | r:  -515.000000 | e:   0.727300 | Q: -284.023163 | won: False 
#  449 | steps:  4893 | steps_t:  2727 | t: 3.753865 | r:  -507.000000 | e:   0.727300 | Q: -368.564789 | won: False 
#  450 | steps:  4925 | steps_t:  2727 | t: 3.776929 | r:  -531.000000 | e:   0.727300 | Q: -273.006409 | won: False 
#  451 | steps:  4934 | steps_t:  2727 | t: 3.788124 | r:  -508.000000 | e:   0.727300 | Q: -284.023163 | won: False 
#  452 | steps:  4942 | steps_t:  2727 | t: 3.792814 | r:  -507.000000 | e:   0.727300 | Q: -426.030701 | won: False 
#  453 | steps:  4957 | steps_t:  2727 | t: 3.806570 | r:  -503.000000 | e:   0.727300 | Q: -264.156067 | won: False 
#  454 | steps:  4975 | steps_t:  2727 | t: 3.821012 | r:  -517.000000 | e:   0.727300 | Q: -279.535370 | won: False 
#  455 | steps:  5006 | steps_t:  2731 | t: 3.941369 | r:  -530.000000 | e:   0.726900 | Q: -265.679993 | won: False 
#  456 | steps:  5019 | steps_t:  2743 | t: 4.035931 | r:  -512.000000 | e:   0.725700 | Q: -301.084106 | won: False 
#  457 | steps:  5030 | steps_t:  2753 | t: 4.116456 | r:  -510.000000 | e:   0.724700 | Q: -427.512634 | won: False 
#  458 | steps:  5038 | steps_t:  2760 | t: 4.167777 | r:  -507.000000 | e:   0.724000 | Q:        nan | won: False 
#  459 | steps:  5051 | steps_t:  2772 | t: 4.251502 | r:  -512.000000 | e:   0.722800 | Q: -454.415314 | won: False 
#  460 | steps:  5060 | steps_t:  2780 | t: 4.314504 | r:  -508.000000 | e:   0.722000 | Q: -339.171539 | won: False 
#  461 | steps:  5067 | steps_t:  2786 | t: 4.368968 | r:  -506.000000 | e:   0.721400 | Q: -314.196228 | won: False 
#  462 | steps:  5077 | steps_t:  2795 | t: 4.431576 | r:  -509.000000 | e:   0.720500 | Q: -300.548492 | won: False 
#  463 | steps:  5086 | steps_t:  2803 | t: 4.494649 | r:  -508.000000 | e:   0.719700 | Q: -336.731903 | won: False 
#  464 | steps:  5102 | steps_t:  2818 | t: 4.613114 | r:  -504.000000 | e:   0.718200 | Q: -300.168335 | won: False 
#  465 | steps:  5113 | steps_t:  2828 | t: 4.688699 | r:  -510.000000 | e:   0.717200 | Q: -345.170837 | won: False 
#  466 | steps:  5125 | steps_t:  2839 | t: 4.772024 | r:  -511.000000 | e:   0.716100 | Q: -324.136810 | won: False 
#  467 | steps:  5133 | steps_t:  2846 | t: 4.822643 | r:  -507.000000 | e:   0.715400 | Q: -310.988098 | won: False 
#  468 | steps:  5139 | steps_t:  2851 | t: 4.858667 | r:  -505.000000 | e:   0.714900 | Q: -318.652100 | won: False 
#  469 | steps:  5147 | steps_t:  2858 | t: 4.908578 | r:  -507.000000 | e:   0.714200 | Q: -406.431488 | won: False 
#  470 | steps:  5157 | steps_t:  2867 | t: 4.970638 | r:  -509.000000 | e:   0.713300 | Q: -437.635345 | won: False 
#  471 | steps:  5166 | steps_t:  2875 | t: 5.034219 | r:  -508.000000 | e:   0.712500 | Q: -331.049164 | won: False 
#  472 | steps:  5175 | steps_t:  2883 | t: 5.093450 | r:  -508.000000 | e:   0.711700 | Q: -294.480194 | won: False 
#  473 | steps:  5185 | steps_t:  2892 | t: 5.156765 | r:  -509.000000 | e:   0.710800 | Q: -303.534668 | won: False 
#  474 | steps:  5194 | steps_t:  2900 | t: 5.216754 | r:  -508.000000 | e:   0.710000 | Q: -360.498474 | won: False 
#  475 | steps:  5205 | steps_t:  2910 | t: 5.295462 | r:  -510.000000 | e:   0.709000 | Q: -381.321411 | won: False 
#  476 | steps:  5221 | steps_t:  2925 | t: 5.406315 | r:  -515.000000 | e:   0.707500 | Q: -341.623993 | won: False 
#  477 | steps:  5229 | steps_t:  2932 | t: 5.462977 | r:  -507.000000 | e:   0.706800 | Q: -370.704773 | won: False 
#  478 | steps:  5239 | steps_t:  2941 | t: 5.532742 | r:  -509.000000 | e:   0.705900 | Q: -341.181366 | won: False 
#  479 | steps:  5245 | steps_t:  2946 | t: 5.571868 | r:  -505.000000 | e:   0.705400 | Q: -403.745728 | won: False 
#  480 | steps:  5253 | steps_t:  2953 | t: 5.627256 | r:  -507.000000 | e:   0.704700 | Q: -273.815796 | won: False 
#  481 | steps:  5260 | steps_t:  2959 | t: 5.674658 | r:  -506.000000 | e:   0.704100 | Q: -258.824646 | won: False 
#  482 | steps:  5271 | steps_t:  2969 | t: 5.754317 | r:  -510.000000 | e:   0.703100 | Q: -319.417023 | won: False 
#  483 | steps:  5278 | steps_t:  2975 | t: 5.806104 | r:  -506.000000 | e:   0.702500 | Q: -287.960754 | won: False 
#  484 | steps:  5290 | steps_t:  2986 | t: 5.897338 | r:  -511.000000 | e:   0.701400 | Q: -368.523376 | won: False 
#  485 | steps:  5300 | steps_t:  2995 | t: 5.968735 | r:  -509.000000 | e:   0.700500 | Q: -302.554718 | won: False 
#  486 | steps:  5312 | steps_t:  3006 | t: 6.056135 | r:  -511.000000 | e:   0.699400 | Q: -288.294342 | won: False 
#  487 | steps:  5318 | steps_t:  3011 | t: 6.095866 | r:  -505.000000 | e:   0.698900 | Q: -315.056122 | won: False 
#  488 | steps:  5331 | steps_t:  3023 | t: 6.193962 | r:  -512.000000 | e:   0.697700 | Q: -326.736420 | won: False 
#  489 | steps:  5337 | steps_t:  3028 | t: 6.234595 | r:  -505.000000 | e:   0.697200 | Q: -380.613434 | won: False 
#  490 | steps:  5352 | steps_t:  3042 | t: 6.339414 | r:  -503.000000 | e:   0.695800 | Q: -279.995880 | won: False 
#  491 | steps:  5368 | steps_t:  3057 | t: 6.455005 | r:  -515.000000 | e:   0.694300 | Q: -303.548340 | won: False 
#  492 | steps:  5383 | steps_t:  3071 | t: 6.562929 | r:  -514.000000 | e:   0.692900 | Q: -308.423035 | won: False 
#  493 | steps:  5404 | steps_t:  3091 | t: 6.706310 | r:  -520.000000 | e:   0.690900 | Q: -294.041687 | won: False 
#  494 | steps:  5417 | steps_t:  3103 | t: 6.798477 | r:  -512.000000 | e:   0.689700 | Q: -269.404053 | won: False 
#  495 | steps:  5428 | steps_t:  3113 | t: 6.877146 | r:  -510.000000 | e:   0.688700 | Q: -281.689362 | won: False 
#  496 | steps:  5438 | steps_t:  3122 | t: 6.946624 | r:  -509.000000 | e:   0.687800 | Q: -286.571655 | won: False 
#  497 | steps:  5445 | steps_t:  3128 | t: 6.997455 | r:  -506.000000 | e:   0.687200 | Q: -291.940704 | won: False 
#  498 | steps:  5458 | steps_t:  3140 | t: 7.088216 | r:  -512.000000 | e:   0.686000 | Q: -284.583679 | won: False 
#  499 | steps:  5472 | steps_t:  3153 | t: 7.193046 | r:  -513.000000 | e:   0.684700 | Q: -345.067688 | won: False 
#  500 | steps:  5481 | steps_t:  3161 | t: 7.258864 | r:  -508.000000 | e:   0.683900 | Q: -371.277069 | won: False 
#  501 | steps:  5486 | steps_t:  3165 | t: 7.289366 | r:  -504.000000 | e:   0.683500 | Q: -370.253906 | won: False 
#  502 | steps:  5492 | steps_t:  3170 | t: 7.325340 | r:  -505.000000 | e:   0.683000 | Q:        nan | won: False 
#  503 | steps:  5501 | steps_t:  3178 | t: 7.384324 | r:  -508.000000 | e:   0.682200 | Q: -276.999847 | won: False 
#  504 | steps:  5513 | steps_t:  3189 | t: 7.470426 | r:  -511.000000 | e:   0.681100 | Q: -337.194672 | won: False 
#  505 | steps:  5521 | steps_t:  3196 | t: 7.524731 | r:  -507.000000 | e:   0.680400 | Q: -323.182922 | won: False 
#  506 | steps:  5532 | steps_t:  3206 | t: 7.603267 | r:  -510.000000 | e:   0.679400 | Q: -414.527832 | won: False 
#  507 | steps:  5542 | steps_t:  3215 | t: 7.670379 | r:  -509.000000 | e:   0.678500 | Q: -439.717560 | won: False 
#  508 | steps:  5550 | steps_t:  3222 | t: 7.725581 | r:  -507.000000 | e:   0.677800 | Q: -341.988312 | won: False 
#  509 | steps:  5559 | steps_t:  3230 | t: 7.792101 | r:  -508.000000 | e:   0.677000 | Q: -290.510284 | won: False 
#  510 | steps:  5568 | steps_t:  3238 | t: 7.856403 | r:  -508.000000 | e:   0.676200 | Q: -321.881012 | won: False 
#  511 | steps:  5576 | steps_t:  3245 | t: 7.912951 | r:  -507.000000 | e:   0.675500 | Q: -290.659393 | won: False 
#  512 | steps:  5584 | steps_t:  3252 | t: 7.966474 | r:  -507.000000 | e:   0.674800 | Q: -346.487152 | won: False 
#  513 | steps:  5594 | steps_t:  3261 | t: 8.036917 | r:  -509.000000 | e:   0.673900 | Q: -295.652985 | won: False 
#  514 | steps:  5603 | steps_t:  3269 | t: 8.100708 | r:  -508.000000 | e:   0.673100 | Q: -357.515411 | won: False 
#  515 | steps:  5611 | steps_t:  3276 | t: 8.161750 | r:  -507.000000 | e:   0.672400 | Q: -319.252869 | won: False 
#  516 | steps:  5617 | steps_t:  3281 | t: 8.199530 | r:  -505.000000 | e:   0.671900 | Q: -340.454681 | won: False 
#  517 | steps:  5626 | steps_t:  3289 | t: 8.261553 | r:  -508.000000 | e:   0.671100 | Q: -331.918457 | won: False 
#  518 | steps:  5640 | steps_t:  3302 | t: 8.365265 | r:  -502.000000 | e:   0.669800 | Q: -287.134766 | won: False 
#  519 | steps:  5652 | steps_t:  3313 | t: 8.452407 | r:  -511.000000 | e:   0.668700 | Q: -376.179077 | won: False 
#  520 | steps:  5663 | steps_t:  3323 | t: 8.531719 | r:  -510.000000 | e:   0.667700 | Q: -388.716370 | won: False 
#  521 | steps:  5669 | steps_t:  3328 | t: 8.566943 | r:  -505.000000 | e:   0.667200 | Q: -361.120392 | won: False 
#  522 | steps:  5691 | steps_t:  3349 | t: 8.737753 | r:  -521.000000 | e:   0.665100 | Q: -250.342926 | won: False 
#  523 | steps:  5710 | steps_t:  3367 | t: 8.879103 | r:  -507.000000 | e:   0.663300 | Q: -319.819550 | won: False 
#  524 | steps:  5739 | steps_t:  3395 | t: 9.097185 | r:  -517.000000 | e:   0.660500 | Q: -265.130951 | won: False 
#  525 | steps:  5750 | steps_t:  3405 | t: 9.174260 | r:  -510.000000 | e:   0.659500 | Q: -346.964935 | won: False 
#  526 | steps:  5763 | steps_t:  3417 | t: 9.272639 | r:  -512.000000 | e:   0.658300 | Q: -269.530762 | won: False 
#  527 | steps:  5769 | steps_t:  3422 | t: 9.313462 | r:  -505.000000 | e:   0.657800 | Q: -381.591461 | won: False 
#  528 | steps:  5780 | steps_t:  3432 | t: 9.389382 | r:  -510.000000 | e:   0.656800 | Q: -291.237244 | won: False 
#  529 | steps:  5803 | steps_t:  3454 | t: 9.570551 | r:  -522.000000 | e:   0.654600 | Q: -283.084839 | won: False 
#  530 | steps:  5814 | steps_t:  3464 | t: 9.653519 | r:  -510.000000 | e:   0.653600 | Q: -374.584045 | won: False 
#  531 | steps:  5834 | steps_t:  3483 | t: 9.802435 | r:  -519.000000 | e:   0.651700 | Q: -284.867859 | won: False 
#  532 | steps:  5850 | steps_t:  3498 | t: 9.923151 | r:  -515.000000 | e:   0.650200 | Q: -282.258209 | won: False 
#  533 | steps:  5856 | steps_t:  3503 | t: 9.965008 | r:  -505.000000 | e:   0.649700 | Q: -313.441986 | won: False 
#  534 | steps:  5864 | steps_t:  3510 | t: 10.016004 | r:  -507.000000 | e:   0.649000 | Q: -288.776947 | won: False 
#  535 | steps:  5872 | steps_t:  3517 | t: 10.069246 | r:  -507.000000 | e:   0.648300 | Q: -309.410675 | won: False 
#  536 | steps:  5883 | steps_t:  3527 | t: 10.143812 | r:  -510.000000 | e:   0.647300 | Q: -345.886871 | won: False 
#  537 | steps:  5893 | steps_t:  3536 | t: 10.212814 | r:  -509.000000 | e:   0.646400 | Q: -435.723572 | won: False 
#  538 | steps:  5902 | steps_t:  3544 | t: 10.282521 | r:  -508.000000 | e:   0.645600 | Q: -304.402039 | won: False 
#  539 | steps:  5912 | steps_t:  3553 | t: 10.358011 | r:  -509.000000 | e:   0.644700 | Q: -359.830139 | won: False 
#  540 | steps:  5921 | steps_t:  3561 | t: 10.419460 | r:  -508.000000 | e:   0.643900 | Q: -286.959900 | won: False 
#  541 | steps:  5936 | steps_t:  3575 | t: 10.529234 | r:  -503.000000 | e:   0.642500 | Q: -430.585724 | won: False 
#  542 | steps:  5946 | steps_t:  3584 | t: 10.598201 | r:  -509.000000 | e:   0.641600 | Q: -448.892822 | won: False 
#  543 | steps:  5956 | steps_t:  3593 | t: 10.670653 | r:  -509.000000 | e:   0.640700 | Q: -405.737488 | won: False 
#  544 | steps:  5963 | steps_t:  3599 | t: 10.719508 | r:  -506.000000 | e:   0.640100 | Q: -361.090302 | won: False 
#  545 | steps:  5969 | steps_t:  3604 | t: 10.759212 | r:  -505.000000 | e:   0.639600 | Q: -415.973846 | won: False 
#  546 | steps:  5976 | steps_t:  3610 | t: 10.810764 | r:  -506.000000 | e:   0.639000 | Q: -398.800201 | won: False 
#  547 | steps:  5989 | steps_t:  3622 | t: 10.907890 | r:  -512.000000 | e:   0.637800 | Q: -297.579895 | won: False 
#  548 | steps:  6000 | steps_t:  3632 | t: 10.990252 | r:  -510.000000 | e:   0.636800 | Q: -414.954742 | won: False 
#  549 | steps:  6011 | steps_t:  3642 | t: 11.070069 | r:  -510.000000 | e:   0.635800 | Q: -387.444916 | won: False 
#  550 | steps:  6022 | steps_t:  3652 | t: 11.158304 | r:  -510.000000 | e:   0.634800 | Q: -314.997955 | won: False 
#  551 | steps:  6032 | steps_t:  3661 | t: 11.232300 | r:  -509.000000 | e:   0.633900 | Q: -299.040375 | won: False 
#  552 | steps:  6042 | steps_t:  3670 | t: 11.307379 | r:  -509.000000 | e:   0.633000 | Q: -255.214371 | won: False 
#  553 | steps:  6056 | steps_t:  3683 | t: 11.416456 | r:  -491.000000 | e:   0.631700 | Q: -255.833481 | won: False 
#  554 | steps:  6062 | steps_t:  3688 | t: 11.460536 | r:  -505.000000 | e:   0.631200 | Q: -316.058929 | won: False 
#  555 | steps:  6072 | steps_t:  3697 | t: 11.533160 | r:  -509.000000 | e:   0.630300 | Q: -313.345245 | won: False 
#  556 | steps:  6079 | steps_t:  3703 | t: 11.577932 | r:  -506.000000 | e:   0.629700 | Q:        nan | won: False 
#  557 | steps:  6090 | steps_t:  3713 | t: 11.659214 | r:  -510.000000 | e:   0.628700 | Q: -289.087189 | won: False 
#  558 | steps:  6111 | steps_t:  3733 | t: 11.828768 | r:  -520.000000 | e:   0.626700 | Q: -274.223389 | won: False 
#  559 | steps:  6125 | steps_t:  3746 | t: 11.938163 | r:  -502.000000 | e:   0.625400 | Q: -275.661804 | won: False 
#  560 | steps:  6131 | steps_t:  3751 | t: 11.989222 | r:  -505.000000 | e:   0.624900 | Q: -322.573151 | won: False 
#  561 | steps:  6146 | steps_t:  3765 | t: 12.171148 | r:  -514.000000 | e:   0.623500 | Q: -306.450256 | won: False 
#  562 | steps:  6153 | steps_t:  3771 | t: 12.233428 | r:  -506.000000 | e:   0.622900 | Q: -311.724304 | won: False 
#  563 | steps:  6176 | steps_t:  3793 | t: 12.438881 | r:  -522.000000 | e:   0.620700 | Q: -281.417114 | won: False 
#  564 | steps:  6187 | steps_t:  3803 | t: 12.535776 | r:  -510.000000 | e:   0.619700 | Q: -385.717133 | won: False 
#  565 | steps:  6195 | steps_t:  3810 | t: 12.599381 | r:  -507.000000 | e:   0.619000 | Q:        nan | won: False 
#  566 | steps:  6206 | steps_t:  3820 | t: 12.696415 | r:  -510.000000 | e:   0.618000 | Q: -302.128784 | won: False 
#  567 | steps:  6216 | steps_t:  3829 | t: 12.779760 | r:  -509.000000 | e:   0.617100 | Q: -296.669891 | won: False 
#  568 | steps:  6224 | steps_t:  3836 | t: 12.845501 | r:  -507.000000 | e:   0.616400 | Q: -397.887512 | won: False 
#  569 | steps:  6231 | steps_t:  3842 | t: 12.901602 | r:  -506.000000 | e:   0.615800 | Q: -307.667725 | won: False 
#  570 | steps:  6239 | steps_t:  3849 | t: 12.974609 | r:  -507.000000 | e:   0.615100 | Q: -327.237366 | won: False 
#  571 | steps:  6252 | steps_t:  3861 | t: 13.107136 | r:  -512.000000 | e:   0.613900 | Q: -253.814865 | won: False 
#  572 | steps:  6263 | steps_t:  3871 | t: 13.218625 | r:  -510.000000 | e:   0.612900 | Q: -276.334167 | won: False 
#  573 | steps:  6270 | steps_t:  3877 | t: 13.281544 | r:  -506.000000 | e:   0.612300 | Q:        nan | won: False 
#  574 | steps:  6283 | steps_t:  3889 | t: 13.411082 | r:  -512.000000 | e:   0.611100 | Q: -296.525635 | won: False 
#  575 | steps:  6318 | steps_t:  3923 | t: 13.752039 | r:  -534.000000 | e:   0.607700 | Q: -269.560394 | won: False 
#  576 | steps:  6342 | steps_t:  3946 | t: 13.978242 | r:  -523.000000 | e:   0.605400 | Q: -289.546051 | won: False 
#  577 | steps:  6350 | steps_t:  3953 | t: 14.049205 | r:  -507.000000 | e:   0.604700 | Q: -320.757874 | won: False 
#  578 | steps:  6360 | steps_t:  3962 | t: 14.144045 | r:  -509.000000 | e:   0.603800 | Q: -288.563721 | won: False 
#  579 | steps:  6370 | steps_t:  3971 | t: 14.231991 | r:  -509.000000 | e:   0.602900 | Q: -295.425934 | won: False 
#  580 | steps:  6379 | steps_t:  3979 | t: 14.316775 | r:  -508.000000 | e:   0.602100 | Q: -281.837494 | won: False 
#  581 | steps:  6395 | steps_t:  3994 | t: 14.465994 | r:  -515.000000 | e:   0.600600 | Q: -281.628326 | won: False 
#  582 | steps:  6405 | steps_t:  4003 | t: 14.558562 | r:  -509.000000 | e:   0.599700 | Q: -277.171478 | won: False 
#  583 | steps:  6432 | steps_t:  4029 | t: 14.830069 | r:  -526.000000 | e:   0.597100 | Q: -265.507202 | won: False 
#  584 | steps:  6439 | steps_t:  4035 | t: 14.896238 | r:  -506.000000 | e:   0.596500 | Q: -318.408081 | won: False 
#  585 | steps:  6453 | steps_t:  4048 | t: 15.024195 | r:  -513.000000 | e:   0.595200 | Q: -361.592560 | won: False 
#  586 | steps:  6467 | steps_t:  4061 | t: 15.150359 | r:  -513.000000 | e:   0.593900 | Q: -372.141998 | won: False 
#  587 | steps:  6480 | steps_t:  4073 | t: 15.270000 | r:  -512.000000 | e:   0.592700 | Q: -267.301697 | won: False 
#  588 | steps:  6496 | steps_t:  4088 | t: 15.419866 | r:  -504.000000 | e:   0.591200 | Q: -288.664642 | won: False 
#  589 | steps:  6511 | steps_t:  4102 | t: 15.562852 | r:  -514.000000 | e:   0.589800 | Q: -284.764801 | won: False 
#  590 | steps:  6521 | steps_t:  4111 | t: 15.647632 | r:  -509.000000 | e:   0.588900 | Q: -307.195068 | won: False 
#  591 | steps:  6534 | steps_t:  4123 | t: 15.761848 | r:  -512.000000 | e:   0.587700 | Q: -270.604248 | won: False 
#  592 | steps:  6544 | steps_t:  4132 | t: 15.864197 | r:  -509.000000 | e:   0.586800 | Q: -360.570190 | won: False 
#  593 | steps:  6559 | steps_t:  4146 | t: 16.002571 | r:  -503.000000 | e:   0.585400 | Q: -394.110535 | won: False 
#  594 | steps:  6584 | steps_t:  4170 | t: 16.214696 | r:  -513.000000 | e:   0.583000 | Q: -266.048035 | won: False 
#  595 | steps:  6596 | steps_t:  4181 | t: 16.314748 | r:  -511.000000 | e:   0.581900 | Q: -400.156128 | won: False 
#  596 | steps:  6619 | steps_t:  4203 | t: 16.547847 | r:  -511.000000 | e:   0.579700 | Q: -263.666107 | won: False 
#  597 | steps:  6627 | steps_t:  4210 | t: 16.614389 | r:  -507.000000 | e:   0.579000 | Q: -370.124634 | won: False 
#  598 | steps:  6641 | steps_t:  4223 | t: 16.750363 | r:  -513.000000 | e:   0.577700 | Q: -269.100281 | won: False 
#  599 | steps:  6653 | steps_t:  4234 | t: 16.863867 | r:  -511.000000 | e:   0.576600 | Q: -382.316223 | won: False 
#  600 | steps:  6675 | steps_t:  4255 | t: 17.101084 | r:  -521.000000 | e:   0.574500 | Q: -260.055237 | won: False 
#  601 | steps:  6687 | steps_t:  4266 | t: 17.220280 | r:  -511.000000 | e:   0.573400 | Q: -252.737671 | won: False 
#  602 | steps:  6701 | steps_t:  4279 | t: 17.354217 | r:  -513.000000 | e:   0.572100 | Q: -267.433777 | won: False 
#  603 | steps:  6713 | steps_t:  4290 | t: 17.471902 | r:  -511.000000 | e:   0.571000 | Q: -352.492004 | won: False 
#  604 | steps:  6722 | steps_t:  4298 | t: 17.568937 | r:  -508.000000 | e:   0.570200 | Q: -237.245087 | won: False 
#  605 | steps:  6733 | steps_t:  4308 | t: 17.688977 | r:  -510.000000 | e:   0.569200 | Q: -257.220612 | won: False 
#  606 | steps:  6743 | steps_t:  4317 | t: 17.784930 | r:  -509.000000 | e:   0.568300 | Q: -253.855881 | won: False 
#  607 | steps:  6753 | steps_t:  4326 | t: 17.874909 | r:  -509.000000 | e:   0.567400 | Q: -246.942505 | won: False 
