#    1 | steps:    12 | steps_t:     0 | t: 0.034446 | r:  -511.000000 | e:   1.000000 | Q:        nan | won: False 
#    2 | steps:    20 | steps_t:     0 | t: 0.037098 | r:  -507.000000 | e:   1.000000 | Q:        nan | won: False 
#    3 | steps:    33 | steps_t:     0 | t: 0.041250 | r:  -512.000000 | e:   1.000000 | Q:        nan | won: False 
#    4 | steps:    48 | steps_t:     0 | t: 0.046055 | r:  -492.000000 | e:   1.000000 | Q:        nan | won: False 
#    5 | steps:    56 | steps_t:     0 | t: 0.049361 | r:  -507.000000 | e:   1.000000 | Q:        nan | won: False 
#    6 | steps:    62 | steps_t:     0 | t: 0.051590 | r:  -505.000000 | e:   1.000000 | Q:        nan | won: False 
#    7 | steps:    76 | steps_t:     0 | t: 0.056453 | r:  -513.000000 | e:   1.000000 | Q:        nan | won: False 
#    8 | steps:    88 | steps_t:     0 | t: 0.060837 | r:  -511.000000 | e:   1.000000 | Q:        nan | won: False 
#    9 | steps:   105 | steps_t:     0 | t: 0.067310 | r:  -516.000000 | e:   1.000000 | Q:        nan | won: False 
#   10 | steps:   121 | steps_t:     0 | t: 0.072966 | r:  -504.000000 | e:   1.000000 | Q:        nan | won: False 
#   11 | steps:   128 | steps_t:     0 | t: 0.076187 | r:  -506.000000 | e:   1.000000 | Q:        nan | won: False 
#   12 | steps:   138 | steps_t:     0 | t: 0.079762 | r:  -509.000000 | e:   1.000000 | Q:        nan | won: False 
#   13 | steps:   160 | steps_t:     0 | t: 0.086931 | r:  -521.000000 | e:   1.000000 | Q:        nan | won: False 
#   14 | steps:   172 | steps_t:     0 | t: 0.091209 | r:  -511.000000 | e:   1.000000 | Q:        nan | won: False 
#   15 | steps:   186 | steps_t:     0 | t: 0.096483 | r:  -513.000000 | e:   1.000000 | Q:        nan | won: False 
#   16 | steps:   192 | steps_t:     0 | t: 0.098655 | r:  -505.000000 | e:   1.000000 | Q:        nan | won: False 
#   17 | steps:   201 | steps_t:     0 | t: 0.101383 | r:  -508.000000 | e:   1.000000 | Q:        nan | won: False 
#   18 | steps:   217 | steps_t:     0 | t: 0.106310 | r:  -515.000000 | e:   1.000000 | Q:        nan | won: False 
#   19 | steps:   234 | steps_t:     0 | t: 0.111857 | r:  -516.000000 | e:   1.000000 | Q:        nan | won: False 
#   20 | steps:   243 | steps_t:     0 | t: 0.114925 | r:  -508.000000 | e:   1.000000 | Q:        nan | won: False 
#   21 | steps:   255 | steps_t:     0 | t: 0.118748 | r:  -511.000000 | e:   1.000000 | Q:        nan | won: False 
#   22 | steps:   260 | steps_t:     0 | t: 0.120290 | r:  -504.000000 | e:   1.000000 | Q:        nan | won: False 
#   23 | steps:   275 | steps_t:     0 | t: 0.125099 | r:  -503.000000 | e:   1.000000 | Q:        nan | won: False 
#   24 | steps:   286 | steps_t:     0 | t: 0.128786 | r:  -510.000000 | e:   1.000000 | Q:        nan | won: False 
#   25 | steps:   311 | steps_t:     0 | t: 0.136705 | r:  -524.000000 | e:   1.000000 | Q:        nan | won: False 
#   26 | steps:   324 | steps_t:     0 | t: 0.141044 | r:  -512.000000 | e:   1.000000 | Q:        nan | won: False 
#   27 | steps:   339 | steps_t:     0 | t: 0.145808 | r:  -514.000000 | e:   1.000000 | Q:        nan | won: False 
#   28 | steps:   353 | steps_t:     0 | t: 0.150426 | r:  -502.000000 | e:   1.000000 | Q:        nan | won: False 
#   29 | steps:   361 | steps_t:     0 | t: 0.153000 | r:  -507.000000 | e:   1.000000 | Q:        nan | won: False 
#   30 | steps:   371 | steps_t:     0 | t: 0.156221 | r:  -509.000000 | e:   1.000000 | Q:        nan | won: False 
#   31 | steps:   378 | steps_t:     0 | t: 0.158644 | r:  -506.000000 | e:   1.000000 | Q:        nan | won: False 
#   32 | steps:   388 | steps_t:     0 | t: 0.161925 | r:  -509.000000 | e:   1.000000 | Q:        nan | won: False 
#   33 | steps:   395 | steps_t:     0 | t: 0.164110 | r:  -506.000000 | e:   1.000000 | Q:        nan | won: False 
#   34 | steps:   406 | steps_t:     0 | t: 0.167608 | r:  -510.000000 | e:   1.000000 | Q:        nan | won: False 
#   35 | steps:   423 | steps_t:     0 | t: 0.173073 | r:  -516.000000 | e:   1.000000 | Q:        nan | won: False 
#   36 | steps:   430 | steps_t:     0 | t: 0.175450 | r:  -506.000000 | e:   1.000000 | Q:        nan | won: False 
#   37 | steps:   436 | steps_t:     0 | t: 0.177386 | r:  -505.000000 | e:   1.000000 | Q:        nan | won: False 
#   38 | steps:   445 | steps_t:     0 | t: 0.180362 | r:  -508.000000 | e:   1.000000 | Q:        nan | won: False 
#   39 | steps:   466 | steps_t:     0 | t: 0.187902 | r:  -520.000000 | e:   1.000000 | Q:        nan | won: False 
#   40 | steps:   487 | steps_t:     0 | t: 0.194731 | r:  -509.000000 | e:   1.000000 | Q:        nan | won: False 
#   41 | steps:   495 | steps_t:     0 | t: 0.197275 | r:  -507.000000 | e:   1.000000 | Q:        nan | won: False 
#   42 | steps:   509 | steps_t:     0 | t: 0.201775 | r:  -513.000000 | e:   1.000000 | Q:        nan | won: False 
#   43 | steps:   518 | steps_t:     0 | t: 0.204655 | r:  -508.000000 | e:   1.000000 | Q:        nan | won: False 
#   44 | steps:   528 | steps_t:     0 | t: 0.207803 | r:  -509.000000 | e:   1.000000 | Q:        nan | won: False 
#   45 | steps:   550 | steps_t:     0 | t: 0.214675 | r:  -510.000000 | e:   1.000000 | Q:        nan | won: False 
#   46 | steps:   562 | steps_t:     0 | t: 0.219319 | r:  -511.000000 | e:   1.000000 | Q:        nan | won: False 
#   47 | steps:   570 | steps_t:     0 | t: 0.222051 | r:  -507.000000 | e:   1.000000 | Q:        nan | won: False 
#   48 | steps:   578 | steps_t:     0 | t: 0.224662 | r:  -507.000000 | e:   1.000000 | Q:        nan | won: False 
#   49 | steps:   590 | steps_t:     0 | t: 0.228387 | r:  -511.000000 | e:   1.000000 | Q:        nan | won: False 
#   50 | steps:   613 | steps_t:     0 | t: 0.235633 | r:  -522.000000 | e:   1.000000 | Q:        nan | won: False 
#   51 | steps:   620 | steps_t:     0 | t: 0.237953 | r:  -506.000000 | e:   1.000000 | Q:        nan | won: False 
#   52 | steps:   633 | steps_t:     0 | t: 0.242150 | r:  -512.000000 | e:   1.000000 | Q:        nan | won: False 
#   53 | steps:   639 | steps_t:     0 | t: 0.244121 | r:  -505.000000 | e:   1.000000 | Q:        nan | won: False 
#   54 | steps:   661 | steps_t:     0 | t: 0.251940 | r:  -521.000000 | e:   1.000000 | Q:        nan | won: False 
#   55 | steps:   670 | steps_t:     0 | t: 0.254909 | r:  -508.000000 | e:   1.000000 | Q:        nan | won: False 
#   56 | steps:   677 | steps_t:     0 | t: 0.257209 | r:  -506.000000 | e:   1.000000 | Q:        nan | won: False 
#   57 | steps:   682 | steps_t:     0 | t: 0.258809 | r:  -504.000000 | e:   1.000000 | Q:        nan | won: False 
#   58 | steps:   690 | steps_t:     0 | t: 0.262203 | r:  -507.000000 | e:   1.000000 | Q:        nan | won: False 
#   59 | steps:   697 | steps_t:     0 | t: 0.264377 | r:  -506.000000 | e:   1.000000 | Q:        nan | won: False 
#   60 | steps:   706 | steps_t:     0 | t: 0.267122 | r:  -508.000000 | e:   1.000000 | Q:        nan | won: False 
#   61 | steps:   713 | steps_t:     0 | t: 0.269335 | r:  -506.000000 | e:   1.000000 | Q:        nan | won: False 
#   62 | steps:   733 | steps_t:     0 | t: 0.275867 | r:  -519.000000 | e:   1.000000 | Q:        nan | won: False 
#   63 | steps:   739 | steps_t:     0 | t: 0.278067 | r:  -505.000000 | e:   1.000000 | Q:        nan | won: False 
#   64 | steps:   749 | steps_t:     0 | t: 0.281963 | r:  -509.000000 | e:   1.000000 | Q:        nan | won: False 
#   65 | steps:   756 | steps_t:     0 | t: 0.284478 | r:  -506.000000 | e:   1.000000 | Q:        nan | won: False 
#   66 | steps:   763 | steps_t:     0 | t: 0.286844 | r:  -506.000000 | e:   1.000000 | Q:        nan | won: False 
#   67 | steps:   772 | steps_t:     0 | t: 0.289698 | r:  -508.000000 | e:   1.000000 | Q:        nan | won: False 
#   68 | steps:   780 | steps_t:     0 | t: 0.292587 | r:  -507.000000 | e:   1.000000 | Q:        nan | won: False 
#   69 | steps:   787 | steps_t:     0 | t: 0.294865 | r:  -506.000000 | e:   1.000000 | Q:        nan | won: False 
#   70 | steps:   797 | steps_t:     0 | t: 0.298031 | r:  -509.000000 | e:   1.000000 | Q:        nan | won: False 
#   71 | steps:   820 | steps_t:     0 | t: 0.305745 | r:  -522.000000 | e:   1.000000 | Q:        nan | won: False 
#   72 | steps:   839 | steps_t:     0 | t: 0.312784 | r:  -518.000000 | e:   1.000000 | Q:        nan | won: False 
#   73 | steps:   846 | steps_t:     0 | t: 0.315420 | r:  -506.000000 | e:   1.000000 | Q:        nan | won: False 
#   74 | steps:   858 | steps_t:     0 | t: 0.319203 | r:  -511.000000 | e:   1.000000 | Q:        nan | won: False 
#   75 | steps:   864 | steps_t:     0 | t: 0.321151 | r:  -505.000000 | e:   1.000000 | Q:        nan | won: False 
#   76 | steps:   885 | steps_t:     0 | t: 0.327791 | r:  -520.000000 | e:   1.000000 | Q:        nan | won: False 
#   77 | steps:   896 | steps_t:     0 | t: 0.331334 | r:  -510.000000 | e:   1.000000 | Q:        nan | won: False 
#   78 | steps:   911 | steps_t:     0 | t: 0.336465 | r:  -514.000000 | e:   1.000000 | Q:        nan | won: False 
#   79 | steps:   918 | steps_t:     0 | t: 0.338972 | r:  -506.000000 | e:   1.000000 | Q:        nan | won: False 
#   80 | steps:   925 | steps_t:     0 | t: 0.341560 | r:  -506.000000 | e:   1.000000 | Q:        nan | won: False 
#   81 | steps:   932 | steps_t:     0 | t: 0.344423 | r:  -506.000000 | e:   1.000000 | Q:        nan | won: False 
#   82 | steps:   938 | steps_t:     0 | t: 0.346634 | r:  -505.000000 | e:   1.000000 | Q:        nan | won: False 
#   83 | steps:   956 | steps_t:     0 | t: 0.352285 | r:  -517.000000 | e:   1.000000 | Q:        nan | won: False 
#   84 | steps:   996 | steps_t:     0 | t: 0.364625 | r:  -528.000000 | e:   1.000000 | Q:        nan | won: False 
#   85 | steps:  1006 | steps_t:     0 | t: 0.367830 | r:  -509.000000 | e:   1.000000 | Q:        nan | won: False 
#   86 | steps:  1020 | steps_t:     0 | t: 0.372406 | r:  -513.000000 | e:   1.000000 | Q:        nan | won: False 
#   87 | steps:  1031 | steps_t:     0 | t: 0.376519 | r:  -510.000000 | e:   1.000000 | Q:        nan | won: False 
#   88 | steps:  1038 | steps_t:     0 | t: 0.378980 | r:  -506.000000 | e:   1.000000 | Q:        nan | won: False 
#   89 | steps:  1045 | steps_t:     0 | t: 0.381172 | r:  -506.000000 | e:   1.000000 | Q:        nan | won: False 
#   90 | steps:  1064 | steps_t:     0 | t: 0.387173 | r:  -518.000000 | e:   1.000000 | Q:        nan | won: False 
#   91 | steps:  1072 | steps_t:     0 | t: 0.389791 | r:  -507.000000 | e:   1.000000 | Q:        nan | won: False 
#   92 | steps:  1086 | steps_t:     0 | t: 0.394355 | r:  -513.000000 | e:   1.000000 | Q:        nan | won: False 
#   93 | steps:  1094 | steps_t:     0 | t: 0.396832 | r:  -507.000000 | e:   1.000000 | Q:        nan | won: False 
#   94 | steps:  1099 | steps_t:     0 | t: 0.398452 | r:  -504.000000 | e:   1.000000 | Q:        nan | won: False 
#   95 | steps:  1112 | steps_t:     0 | t: 0.402622 | r:  -512.000000 | e:   1.000000 | Q:        nan | won: False 
#   96 | steps:  1117 | steps_t:     0 | t: 0.404685 | r:  -504.000000 | e:   1.000000 | Q:        nan | won: False 
#   97 | steps:  1134 | steps_t:     0 | t: 0.410359 | r:  -516.000000 | e:   1.000000 | Q:        nan | won: False 
#   98 | steps:  1141 | steps_t:     0 | t: 0.412866 | r:  -506.000000 | e:   1.000000 | Q:        nan | won: False 
#   99 | steps:  1154 | steps_t:     0 | t: 0.416950 | r:  -512.000000 | e:   1.000000 | Q:        nan | won: False 
#  100 | steps:  1174 | steps_t:     0 | t: 0.423097 | r:  -519.000000 | e:   1.000000 | Q:        nan | won: False 
#  101 | steps:  1184 | steps_t:     0 | t: 0.426421 | r:  -509.000000 | e:   1.000000 | Q:        nan | won: False 
#  102 | steps:  1190 | steps_t:     0 | t: 0.428376 | r:  -505.000000 | e:   1.000000 | Q:        nan | won: False 
#  103 | steps:  1198 | steps_t:     0 | t: 0.430869 | r:  -507.000000 | e:   1.000000 | Q:        nan | won: False 
#  104 | steps:  1208 | steps_t:     0 | t: 0.434148 | r:  -509.000000 | e:   1.000000 | Q:        nan | won: False 
#  105 | steps:  1215 | steps_t:     0 | t: 0.436877 | r:  -506.000000 | e:   1.000000 | Q:        nan | won: False 
#  106 | steps:  1224 | steps_t:     0 | t: 0.439921 | r:  -508.000000 | e:   1.000000 | Q:        nan | won: False 
#  107 | steps:  1236 | steps_t:     0 | t: 0.443664 | r:  -511.000000 | e:   1.000000 | Q:        nan | won: False 
#  108 | steps:  1257 | steps_t:     0 | t: 0.450404 | r:  -520.000000 | e:   1.000000 | Q:        nan | won: False 
#  109 | steps:  1266 | steps_t:     0 | t: 0.453372 | r:  -508.000000 | e:   1.000000 | Q:        nan | won: False 
#  110 | steps:  1272 | steps_t:     0 | t: 0.455302 | r:  -505.000000 | e:   1.000000 | Q:        nan | won: False 
#  111 | steps:  1287 | steps_t:     0 | t: 0.460212 | r:  -514.000000 | e:   1.000000 | Q:        nan | won: False 
#  112 | steps:  1295 | steps_t:     0 | t: 0.462921 | r:  -507.000000 | e:   1.000000 | Q:        nan | won: False 
#  113 | steps:  1303 | steps_t:     0 | t: 0.465753 | r:  -507.000000 | e:   1.000000 | Q:        nan | won: False 
#  114 | steps:  1311 | steps_t:     0 | t: 0.468831 | r:  -507.000000 | e:   1.000000 | Q:        nan | won: False 
#  115 | steps:  1318 | steps_t:     0 | t: 0.471268 | r:  -506.000000 | e:   1.000000 | Q:        nan | won: False 
#  116 | steps:  1336 | steps_t:     0 | t: 0.477198 | r:  -517.000000 | e:   1.000000 | Q:        nan | won: False 
#  117 | steps:  1343 | steps_t:     0 | t: 0.479661 | r:  -506.000000 | e:   1.000000 | Q:        nan | won: False 
#  118 | steps:  1359 | steps_t:     0 | t: 0.484849 | r:  -515.000000 | e:   1.000000 | Q:        nan | won: False 
#  119 | steps:  1367 | steps_t:     0 | t: 0.487346 | r:  -507.000000 | e:   1.000000 | Q:        nan | won: False 
#  120 | steps:  1381 | steps_t:     0 | t: 0.491902 | r:  -513.000000 | e:   1.000000 | Q:        nan | won: False 
#  121 | steps:  1389 | steps_t:     0 | t: 0.494532 | r:  -507.000000 | e:   1.000000 | Q:        nan | won: False 
#  122 | steps:  1401 | steps_t:     0 | t: 0.498775 | r:  -511.000000 | e:   1.000000 | Q:        nan | won: False 
#  123 | steps:  1415 | steps_t:     0 | t: 0.503607 | r:  -513.000000 | e:   1.000000 | Q:        nan | won: False 
#  124 | steps:  1425 | steps_t:     0 | t: 0.506829 | r:  -509.000000 | e:   1.000000 | Q:        nan | won: False 
#  125 | steps:  1438 | steps_t:     0 | t: 0.511153 | r:  -512.000000 | e:   1.000000 | Q:        nan | won: False 
#  126 | steps:  1457 | steps_t:     0 | t: 0.517276 | r:  -518.000000 | e:   1.000000 | Q:        nan | won: False 
#  127 | steps:  1475 | steps_t:     0 | t: 0.522979 | r:  -517.000000 | e:   1.000000 | Q:        nan | won: False 
#  128 | steps:  1482 | steps_t:     0 | t: 0.525398 | r:  -506.000000 | e:   1.000000 | Q:        nan | won: False 
#  129 | steps:  1488 | steps_t:     0 | t: 0.527342 | r:  -505.000000 | e:   1.000000 | Q:        nan | won: False 
#  130 | steps:  1496 | steps_t:     0 | t: 0.530555 | r:  -507.000000 | e:   1.000000 | Q:        nan | won: False 
#  131 | steps:  1505 | steps_t:     0 | t: 0.533833 | r:  -508.000000 | e:   1.000000 | Q:        nan | won: False 
#  132 | steps:  1517 | steps_t:     0 | t: 0.537602 | r:  -511.000000 | e:   1.000000 | Q:        nan | won: False 
#  133 | steps:  1531 | steps_t:     0 | t: 0.542464 | r:  -513.000000 | e:   1.000000 | Q:        nan | won: False 
#  134 | steps:  1540 | steps_t:     0 | t: 0.545447 | r:  -508.000000 | e:   1.000000 | Q:        nan | won: False 
#  135 | steps:  1547 | steps_t:     0 | t: 0.547713 | r:  -506.000000 | e:   1.000000 | Q:        nan | won: False 
#  136 | steps:  1557 | steps_t:     0 | t: 0.550902 | r:  -509.000000 | e:   1.000000 | Q:        nan | won: False 
#  137 | steps:  1570 | steps_t:     0 | t: 0.555128 | r:  -512.000000 | e:   1.000000 | Q:        nan | won: False 
#  138 | steps:  1576 | steps_t:     0 | t: 0.557350 | r:  -505.000000 | e:   1.000000 | Q:        nan | won: False 
#  139 | steps:  1587 | steps_t:     0 | t: 0.561454 | r:  -510.000000 | e:   1.000000 | Q:        nan | won: False 
#  140 | steps:  1594 | steps_t:     0 | t: 0.563998 | r:  -506.000000 | e:   1.000000 | Q:        nan | won: False 
#  141 | steps:  1602 | steps_t:     0 | t: 0.566649 | r:  -507.000000 | e:   1.000000 | Q:        nan | won: False 
#  142 | steps:  1624 | steps_t:     0 | t: 0.573782 | r:  -521.000000 | e:   1.000000 | Q:        nan | won: False 
#  143 | steps:  1632 | steps_t:     0 | t: 0.576412 | r:  -507.000000 | e:   1.000000 | Q:        nan | won: False 
#  144 | steps:  1639 | steps_t:     0 | t: 0.578729 | r:  -506.000000 | e:   1.000000 | Q:        nan | won: False 
#  145 | steps:  1649 | steps_t:     0 | t: 0.581909 | r:  -509.000000 | e:   1.000000 | Q:        nan | won: False 
#  146 | steps:  1655 | steps_t:     0 | t: 0.584063 | r:  -505.000000 | e:   1.000000 | Q:        nan | won: False 
#  147 | steps:  1665 | steps_t:     0 | t: 0.587463 | r:  -509.000000 | e:   1.000000 | Q:        nan | won: False 
#  148 | steps:  1683 | steps_t:     0 | t: 0.593991 | r:  -517.000000 | e:   1.000000 | Q:        nan | won: False 
#  149 | steps:  1697 | steps_t:     0 | t: 0.598658 | r:  -513.000000 | e:   1.000000 | Q:        nan | won: False 
#  150 | steps:  1702 | steps_t:     0 | t: 0.600297 | r:  -504.000000 | e:   1.000000 | Q:        nan | won: False 
#  151 | steps:  1714 | steps_t:     0 | t: 0.604145 | r:  -511.000000 | e:   1.000000 | Q:        nan | won: False 
#  152 | steps:  1723 | steps_t:     0 | t: 0.607263 | r:  -508.000000 | e:   1.000000 | Q:        nan | won: False 
#  153 | steps:  1729 | steps_t:     0 | t: 0.609289 | r:  -505.000000 | e:   1.000000 | Q:        nan | won: False 
#  154 | steps:  1755 | steps_t:     0 | t: 0.624797 | r:  -514.000000 | e:   1.000000 | Q:        nan | won: False 
#  155 | steps:  1766 | steps_t:     0 | t: 0.628589 | r:  -510.000000 | e:   1.000000 | Q:        nan | won: False 
#  156 | steps:  1781 | steps_t:     0 | t: 0.633732 | r:  -492.000000 | e:   1.000000 | Q:        nan | won: False 
#  157 | steps:  1796 | steps_t:     0 | t: 0.640759 | r:  -514.000000 | e:   1.000000 | Q:        nan | won: False 
#  158 | steps:  1806 | steps_t:     0 | t: 0.645379 | r:  -509.000000 | e:   1.000000 | Q:        nan | won: False 
#  159 | steps:  1813 | steps_t:     0 | t: 0.648343 | r:  -506.000000 | e:   1.000000 | Q:        nan | won: False 
#  160 | steps:  1829 | steps_t:     0 | t: 0.654623 | r:  -515.000000 | e:   1.000000 | Q:        nan | won: False 
#  161 | steps:  1836 | steps_t:     0 | t: 0.657345 | r:  -506.000000 | e:   1.000000 | Q:        nan | won: False 
#  162 | steps:  1841 | steps_t:     0 | t: 0.659255 | r:  -504.000000 | e:   1.000000 | Q:        nan | won: False 
#  163 | steps:  1857 | steps_t:     0 | t: 0.665517 | r:  -515.000000 | e:   1.000000 | Q:        nan | won: False 
#  164 | steps:  1864 | steps_t:     0 | t: 0.668205 | r:  -506.000000 | e:   1.000000 | Q:        nan | won: False 
#  165 | steps:  1870 | steps_t:     0 | t: 0.670425 | r:  -505.000000 | e:   1.000000 | Q:        nan | won: False 
#  166 | steps:  1888 | steps_t:     0 | t: 0.676754 | r:  -517.000000 | e:   1.000000 | Q:        nan | won: False 
#  167 | steps:  1900 | steps_t:     0 | t: 0.681688 | r:  -511.000000 | e:   1.000000 | Q:        nan | won: False 
#  168 | steps:  1910 | steps_t:     0 | t: 0.685838 | r:  -509.000000 | e:   1.000000 | Q:        nan | won: False 
#  169 | steps:  1926 | steps_t:     0 | t: 0.691675 | r:  -515.000000 | e:   1.000000 | Q:        nan | won: False 
#  170 | steps:  1943 | steps_t:     0 | t: 0.697594 | r:  -516.000000 | e:   1.000000 | Q:        nan | won: False 
#  171 | steps:  1951 | steps_t:     0 | t: 0.701012 | r:  -507.000000 | e:   1.000000 | Q:        nan | won: False 
#  172 | steps:  1962 | steps_t:     0 | t: 0.705089 | r:  -510.000000 | e:   1.000000 | Q:        nan | won: False 
#  173 | steps:  1972 | steps_t:     0 | t: 0.708951 | r:  -509.000000 | e:   1.000000 | Q:        nan | won: False 
#  174 | steps:  1982 | steps_t:     0 | t: 0.712918 | r:  -509.000000 | e:   1.000000 | Q:        nan | won: False 
#  175 | steps:  1997 | steps_t:     0 | t: 0.719538 | r:  -514.000000 | e:   1.000000 | Q:        nan | won: False 
#  176 | steps:  2004 | steps_t:     0 | t: 0.722065 | r:  -506.000000 | e:   1.000000 | Q:        nan | won: False 
#  177 | steps:  2011 | steps_t:     0 | t: 0.724894 | r:  -506.000000 | e:   1.000000 | Q:        nan | won: False 
#  178 | steps:  2033 | steps_t:     0 | t: 0.734063 | r:  -521.000000 | e:   1.000000 | Q:        nan | won: False 
#  179 | steps:  2041 | steps_t:     0 | t: 0.737185 | r:  -507.000000 | e:   1.000000 | Q:        nan | won: False 
#  180 | steps:  2047 | steps_t:     0 | t: 0.739249 | r:  -505.000000 | e:   1.000000 | Q:        nan | won: False 
#  181 | steps:  2053 | steps_t:     0 | t: 0.741728 | r:  -505.000000 | e:   1.000000 | Q:        nan | won: False 
#  182 | steps:  2063 | steps_t:     0 | t: 0.745354 | r:  -509.000000 | e:   1.000000 | Q:        nan | won: False 
#  183 | steps:  2072 | steps_t:     0 | t: 0.749362 | r:  -508.000000 | e:   1.000000 | Q:        nan | won: False 
#  184 | steps:  2078 | steps_t:     0 | t: 0.751648 | r:  -505.000000 | e:   1.000000 | Q:        nan | won: False 
#  185 | steps:  2087 | steps_t:     0 | t: 0.754907 | r:  -508.000000 | e:   1.000000 | Q:        nan | won: False 
#  186 | steps:  2094 | steps_t:     0 | t: 0.757511 | r:  -506.000000 | e:   1.000000 | Q:        nan | won: False 
#  187 | steps:  2099 | steps_t:     0 | t: 0.759464 | r:  -504.000000 | e:   1.000000 | Q:        nan | won: False 
#  188 | steps:  2116 | steps_t:     0 | t: 0.765638 | r:  -516.000000 | e:   1.000000 | Q:        nan | won: False 
#  189 | steps:  2124 | steps_t:     0 | t: 0.768519 | r:  -507.000000 | e:   1.000000 | Q:        nan | won: False 
#  190 | steps:  2136 | steps_t:     0 | t: 0.772767 | r:  -511.000000 | e:   1.000000 | Q:        nan | won: False 
#  191 | steps:  2148 | steps_t:     0 | t: 0.777221 | r:  -511.000000 | e:   1.000000 | Q:        nan | won: False 
#  192 | steps:  2157 | steps_t:     0 | t: 0.780536 | r:  -508.000000 | e:   1.000000 | Q:        nan | won: False 
#  193 | steps:  2163 | steps_t:     0 | t: 0.782804 | r:  -505.000000 | e:   1.000000 | Q:        nan | won: False 
#  194 | steps:  2174 | steps_t:     0 | t: 0.786554 | r:  -510.000000 | e:   1.000000 | Q:        nan | won: False 
#  195 | steps:  2183 | steps_t:     0 | t: 0.789732 | r:  -508.000000 | e:   1.000000 | Q:        nan | won: False 
#  196 | steps:  2191 | steps_t:     0 | t: 0.792455 | r:  -507.000000 | e:   1.000000 | Q:        nan | won: False 
#  197 | steps:  2199 | steps_t:     0 | t: 0.795234 | r:  -507.000000 | e:   1.000000 | Q:        nan | won: False 
#  198 | steps:  2210 | steps_t:     0 | t: 0.798783 | r:  -510.000000 | e:   1.000000 | Q:        nan | won: False 
#  199 | steps:  2221 | steps_t:     0 | t: 0.802402 | r:  -510.000000 | e:   1.000000 | Q:        nan | won: False 
#  200 | steps:  2227 | steps_t:     0 | t: 0.804741 | r:  -505.000000 | e:   1.000000 | Q:        nan | won: False 
#  201 | steps:  2246 | steps_t:     0 | t: 0.810897 | r:  -518.000000 | e:   1.000000 | Q:        nan | won: False 
#  202 | steps:  2262 | steps_t:     0 | t: 0.816594 | r:  -515.000000 | e:   1.000000 | Q:        nan | won: False 
#  203 | steps:  2270 | steps_t:     0 | t: 0.819484 | r:  -507.000000 | e:   1.000000 | Q:        nan | won: False 
#  204 | steps:  2276 | steps_t:     0 | t: 0.821532 | r:  -505.000000 | e:   1.000000 | Q:        nan | won: False 
#  205 | steps:  2285 | steps_t:     0 | t: 0.824710 | r:  -508.000000 | e:   1.000000 | Q:        nan | won: False 
#  206 | steps:  2295 | steps_t:     0 | t: 0.828077 | r:  -509.000000 | e:   1.000000 | Q:        nan | won: False 
#  207 | steps:  2305 | steps_t:     0 | t: 0.831565 | r:  -509.000000 | e:   1.000000 | Q:        nan | won: False 
#  208 | steps:  2328 | steps_t:     0 | t: 0.839204 | r:  -522.000000 | e:   1.000000 | Q:        nan | won: False 
#  209 | steps:  2347 | steps_t:     0 | t: 0.846274 | r:  -518.000000 | e:   1.000000 | Q:        nan | won: False 
#  210 | steps:  2354 | steps_t:     0 | t: 0.848935 | r:  -506.000000 | e:   1.000000 | Q:        nan | won: False 
#  211 | steps:  2366 | steps_t:     0 | t: 0.853003 | r:  -511.000000 | e:   1.000000 | Q:        nan | won: False 
#  212 | steps:  2387 | steps_t:     0 | t: 0.860186 | r:  -520.000000 | e:   1.000000 | Q:        nan | won: False 
#  213 | steps:  2398 | steps_t:     0 | t: 0.863870 | r:  -510.000000 | e:   1.000000 | Q:        nan | won: False 
#  214 | steps:  2404 | steps_t:     0 | t: 0.866117 | r:  -505.000000 | e:   1.000000 | Q:        nan | won: False 
#  215 | steps:  2423 | steps_t:     0 | t: 0.873014 | r:  -507.000000 | e:   1.000000 | Q:        nan | won: False 
#  216 | steps:  2435 | steps_t:     0 | t: 0.877358 | r:  -511.000000 | e:   1.000000 | Q:        nan | won: False 
#  217 | steps:  2449 | steps_t:     0 | t: 0.882005 | r:  -513.000000 | e:   1.000000 | Q:        nan | won: False 
#  218 | steps:  2459 | steps_t:     0 | t: 0.885412 | r:  -509.000000 | e:   1.000000 | Q:        nan | won: False 
#  219 | steps:  2465 | steps_t:     0 | t: 0.887261 | r:  -505.000000 | e:   1.000000 | Q:        nan | won: False 
#  220 | steps:  2477 | steps_t:     0 | t: 0.891349 | r:  -511.000000 | e:   1.000000 | Q:        nan | won: False 
#  221 | steps:  2485 | steps_t:     0 | t: 0.894395 | r:  -507.000000 | e:   1.000000 | Q:        nan | won: False 
#  222 | steps:  2506 | steps_t:     0 | t: 0.902603 | r:  -520.000000 | e:   1.000000 | Q:        nan | won: False 
#  223 | steps:  2517 | steps_t:     0 | t: 0.907845 | r:  -510.000000 | e:   1.000000 | Q:        nan | won: False 
#  224 | steps:  2536 | steps_t:     0 | t: 0.916013 | r:  -518.000000 | e:   1.000000 | Q:        nan | won: False 
#  225 | steps:  2543 | steps_t:     0 | t: 0.919021 | r:  -506.000000 | e:   1.000000 | Q:        nan | won: False 
#  226 | steps:  2552 | steps_t:     0 | t: 0.922359 | r:  -508.000000 | e:   1.000000 | Q:        nan | won: False 
#  227 | steps:  2563 | steps_t:     0 | t: 0.926531 | r:  -510.000000 | e:   1.000000 | Q:        nan | won: False 
#  228 | steps:  2575 | steps_t:     0 | t: 0.930697 | r:  -511.000000 | e:   1.000000 | Q:        nan | won: False 
#  229 | steps:  2589 | steps_t:     0 | t: 0.936389 | r:  -502.000000 | e:   1.000000 | Q:        nan | won: False 
#  230 | steps:  2595 | steps_t:     0 | t: 0.939039 | r:  -505.000000 | e:   1.000000 | Q:        nan | won: False 
#  231 | steps:  2611 | steps_t:     0 | t: 0.944853 | r:  -504.000000 | e:   1.000000 | Q:        nan | won: False 
#  232 | steps:  2619 | steps_t:     0 | t: 0.947787 | r:  -507.000000 | e:   1.000000 | Q:        nan | won: False 
#  233 | steps:  2636 | steps_t:     0 | t: 0.954201 | r:  -516.000000 | e:   1.000000 | Q:        nan | won: False 
#  234 | steps:  2646 | steps_t:     0 | t: 0.957904 | r:  -509.000000 | e:   1.000000 | Q:        nan | won: False 
#  235 | steps:  2657 | steps_t:     0 | t: 0.961707 | r:  -510.000000 | e:   1.000000 | Q:        nan | won: False 
#  236 | steps:  2669 | steps_t:     0 | t: 0.966843 | r:  -511.000000 | e:   1.000000 | Q:        nan | won: False 
#  237 | steps:  2679 | steps_t:     0 | t: 0.971480 | r:  -509.000000 | e:   1.000000 | Q:        nan | won: False 
#  238 | steps:  2685 | steps_t:     0 | t: 0.974059 | r:  -505.000000 | e:   1.000000 | Q:        nan | won: False 
#  239 | steps:  2692 | steps_t:     0 | t: 0.976535 | r:  -506.000000 | e:   1.000000 | Q:        nan | won: False 
#  240 | steps:  2705 | steps_t:     0 | t: 0.981709 | r:  -512.000000 | e:   1.000000 | Q:        nan | won: False 
#  241 | steps:  2714 | steps_t:     0 | t: 0.985806 | r:  -508.000000 | e:   1.000000 | Q:        nan | won: False 
#  242 | steps:  2724 | steps_t:     0 | t: 0.990483 | r:  -509.000000 | e:   1.000000 | Q:        nan | won: False 
#  243 | steps:  2732 | steps_t:     0 | t: 0.994038 | r:  -507.000000 | e:   1.000000 | Q:        nan | won: False 
#  244 | steps:  2738 | steps_t:     0 | t: 0.996847 | r:  -505.000000 | e:   1.000000 | Q:        nan | won: False 
#  245 | steps:  2745 | steps_t:     0 | t: 1.000070 | r:  -506.000000 | e:   1.000000 | Q:        nan | won: False 
#  246 | steps:  2759 | steps_t:     0 | t: 1.005969 | r:  -513.000000 | e:   1.000000 | Q:        nan | won: False 
#  247 | steps:  2773 | steps_t:     0 | t: 1.011236 | r:  -513.000000 | e:   1.000000 | Q:        nan | won: False 
#  248 | steps:  2786 | steps_t:     0 | t: 1.015935 | r:  -512.000000 | e:   1.000000 | Q:        nan | won: False 
#  249 | steps:  2798 | steps_t:     0 | t: 1.020136 | r:  -511.000000 | e:   1.000000 | Q:        nan | won: False 
#  250 | steps:  2809 | steps_t:     0 | t: 1.024341 | r:  -510.000000 | e:   1.000000 | Q:        nan | won: False 
#  251 | steps:  2815 | steps_t:     0 | t: 1.026834 | r:  -505.000000 | e:   1.000000 | Q:        nan | won: False 
#  252 | steps:  2825 | steps_t:     0 | t: 1.031175 | r:  -509.000000 | e:   1.000000 | Q:        nan | won: False 
#  253 | steps:  2835 | steps_t:     0 | t: 1.035347 | r:  -509.000000 | e:   1.000000 | Q:        nan | won: False 
#  254 | steps:  2841 | steps_t:     0 | t: 1.037909 | r:  -505.000000 | e:   1.000000 | Q:        nan | won: False 
#  255 | steps:  2849 | steps_t:     0 | t: 1.041027 | r:  -507.000000 | e:   1.000000 | Q:        nan | won: False 
#  256 | steps:  2859 | steps_t:     0 | t: 1.044800 | r:  -509.000000 | e:   1.000000 | Q:        nan | won: False 
#  257 | steps:  2868 | steps_t:     0 | t: 1.048541 | r:  -508.000000 | e:   1.000000 | Q:        nan | won: False 
#  258 | steps:  2877 | steps_t:     0 | t: 1.051946 | r:  -508.000000 | e:   1.000000 | Q:        nan | won: False 
#  259 | steps:  2886 | steps_t:     0 | t: 1.055311 | r:  -508.000000 | e:   1.000000 | Q:        nan | won: False 
#  260 | steps:  2893 | steps_t:     0 | t: 1.057933 | r:  -506.000000 | e:   1.000000 | Q:        nan | won: False 
#  261 | steps:  2904 | steps_t:     0 | t: 1.062686 | r:  -510.000000 | e:   1.000000 | Q:        nan | won: False 
#  262 | steps:  2911 | steps_t:     0 | t: 1.065351 | r:  -506.000000 | e:   1.000000 | Q:        nan | won: False 
#  263 | steps:  2917 | steps_t:     0 | t: 1.067561 | r:  -505.000000 | e:   1.000000 | Q:        nan | won: False 
#  264 | steps:  2932 | steps_t:     0 | t: 1.072822 | r:  -514.000000 | e:   1.000000 | Q:        nan | won: False 
#  265 | steps:  2942 | steps_t:     0 | t: 1.076646 | r:  -509.000000 | e:   1.000000 | Q:        nan | won: False 
#  266 | steps:  2948 | steps_t:     0 | t: 1.078885 | r:  -505.000000 | e:   1.000000 | Q:        nan | won: False 
#  267 | steps:  2954 | steps_t:     0 | t: 1.080949 | r:  -505.000000 | e:   1.000000 | Q:        nan | won: False 
#  268 | steps:  2969 | steps_t:     0 | t: 1.086382 | r:  -514.000000 | e:   1.000000 | Q:        nan | won: False 
#  269 | steps:  2976 | steps_t:     0 | t: 1.089025 | r:  -506.000000 | e:   1.000000 | Q:        nan | won: False 
#  270 | steps:  2982 | steps_t:     0 | t: 1.092018 | r:  -505.000000 | e:   1.000000 | Q:        nan | won: False 
#  271 | steps:  2994 | steps_t:     0 | t: 1.097189 | r:  -511.000000 | e:   1.000000 | Q:        nan | won: False 
#  272 | steps:  3002 | steps_t:     0 | t: 1.100161 | r:  -507.000000 | e:   1.000000 | Q:        nan | won: False 
#  273 | steps:  3012 | steps_t:     0 | t: 1.103841 | r:  -509.000000 | e:   1.000000 | Q:        nan | won: False 
#  274 | steps:  3019 | steps_t:     0 | t: 1.106486 | r:  -506.000000 | e:   1.000000 | Q:        nan | won: False 
#  275 | steps:  3025 | steps_t:     0 | t: 1.108669 | r:  -505.000000 | e:   1.000000 | Q:        nan | won: False 
#  276 | steps:  3036 | steps_t:     0 | t: 1.112576 | r:  -510.000000 | e:   1.000000 | Q:        nan | won: False 
#  277 | steps:  3051 | steps_t:     0 | t: 1.118969 | r:  -503.000000 | e:   1.000000 | Q:        nan | won: False 
#  278 | steps:  3060 | steps_t:     0 | t: 1.122574 | r:  -508.000000 | e:   1.000000 | Q:        nan | won: False 
#  279 | steps:  3070 | steps_t:     0 | t: 1.127226 | r:  -509.000000 | e:   1.000000 | Q:        nan | won: False 
#  280 | steps:  3096 | steps_t:     0 | t: 1.136408 | r:  -525.000000 | e:   1.000000 | Q:        nan | won: False 
#  281 | steps:  3115 | steps_t:     0 | t: 1.143570 | r:  -518.000000 | e:   1.000000 | Q:        nan | won: False 
#  282 | steps:  3134 | steps_t:     0 | t: 1.150505 | r:  -518.000000 | e:   1.000000 | Q:        nan | won: False 
#  283 | steps:  3154 | steps_t:     0 | t: 1.158686 | r:  -519.000000 | e:   1.000000 | Q:        nan | won: False 
#  284 | steps:  3176 | steps_t:     0 | t: 1.167033 | r:  -521.000000 | e:   1.000000 | Q:        nan | won: False 
#  285 | steps:  3183 | steps_t:     0 | t: 1.169918 | r:  -506.000000 | e:   1.000000 | Q:        nan | won: False 
#  286 | steps:  3193 | steps_t:     0 | t: 1.173936 | r:  -509.000000 | e:   1.000000 | Q:        nan | won: False 
#  287 | steps:  3207 | steps_t:     0 | t: 1.179332 | r:  -513.000000 | e:   1.000000 | Q:        nan | won: False 
#  288 | steps:  3214 | steps_t:     0 | t: 1.182407 | r:  -506.000000 | e:   1.000000 | Q:        nan | won: False 
#  289 | steps:  3238 | steps_t:     0 | t: 1.192284 | r:  -523.000000 | e:   1.000000 | Q:        nan | won: False 
#  290 | steps:  3251 | steps_t:     0 | t: 1.197430 | r:  -512.000000 | e:   1.000000 | Q:        nan | won: False 
#  291 | steps:  3260 | steps_t:     0 | t: 1.200934 | r:  -508.000000 | e:   1.000000 | Q:        nan | won: False 
#  292 | steps:  3271 | steps_t:     0 | t: 1.204965 | r:  -510.000000 | e:   1.000000 | Q:        nan | won: False 
#  293 | steps:  3277 | steps_t:     0 | t: 1.207637 | r:  -505.000000 | e:   1.000000 | Q:        nan | won: False 
#  294 | steps:  3283 | steps_t:     0 | t: 1.209990 | r:  -505.000000 | e:   1.000000 | Q:        nan | won: False 
#  295 | steps:  3304 | steps_t:     0 | t: 1.218792 | r:  -520.000000 | e:   1.000000 | Q:        nan | won: False 
#  296 | steps:  3314 | steps_t:     0 | t: 1.222743 | r:  -509.000000 | e:   1.000000 | Q:        nan | won: False 
#  297 | steps:  3321 | steps_t:     0 | t: 1.225413 | r:  -506.000000 | e:   1.000000 | Q:        nan | won: False 
#  298 | steps:  3331 | steps_t:     0 | t: 1.229142 | r:  -509.000000 | e:   1.000000 | Q:        nan | won: False 
#  299 | steps:  3349 | steps_t:     0 | t: 1.235590 | r:  -517.000000 | e:   1.000000 | Q:        nan | won: False 
#  300 | steps:  3359 | steps_t:     0 | t: 1.239563 | r:  -509.000000 | e:   1.000000 | Q:        nan | won: False 
#  301 | steps:  3368 | steps_t:     0 | t: 1.243202 | r:  -508.000000 | e:   1.000000 | Q:        nan | won: False 
#  302 | steps:  3388 | steps_t:     0 | t: 1.251275 | r:  -508.000000 | e:   1.000000 | Q:        nan | won: False 
#  303 | steps:  3397 | steps_t:     0 | t: 1.254656 | r:  -508.000000 | e:   1.000000 | Q:        nan | won: False 
#  304 | steps:  3404 | steps_t:     0 | t: 1.257222 | r:  -506.000000 | e:   1.000000 | Q:        nan | won: False 
#  305 | steps:  3422 | steps_t:     0 | t: 1.263894 | r:  -517.000000 | e:   1.000000 | Q:        nan | won: False 
#  306 | steps:  3432 | steps_t:     0 | t: 1.267532 | r:  -509.000000 | e:   1.000000 | Q:        nan | won: False 
#  307 | steps:  3440 | steps_t:     0 | t: 1.270471 | r:  -507.000000 | e:   1.000000 | Q:        nan | won: False 
#  308 | steps:  3448 | steps_t:     0 | t: 1.273691 | r:  -507.000000 | e:   1.000000 | Q:        nan | won: False 
#  309 | steps:  3454 | steps_t:     0 | t: 1.276121 | r:  -505.000000 | e:   1.000000 | Q:        nan | won: False 
#  310 | steps:  3468 | steps_t:     0 | t: 1.282063 | r:  -513.000000 | e:   1.000000 | Q:        nan | won: False 
#  311 | steps:  3478 | steps_t:     0 | t: 1.285847 | r:  -509.000000 | e:   1.000000 | Q:        nan | won: False 
#  312 | steps:  3487 | steps_t:     0 | t: 1.289127 | r:  -508.000000 | e:   1.000000 | Q:        nan | won: False 
#  313 | steps:  3500 | steps_t:     0 | t: 1.293965 | r:  -512.000000 | e:   1.000000 | Q:        nan | won: False 
#  314 | steps:  3508 | steps_t:     0 | t: 1.296717 | r:  -507.000000 | e:   1.000000 | Q:        nan | won: False 
#  315 | steps:  3514 | steps_t:     0 | t: 1.298757 | r:  -505.000000 | e:   1.000000 | Q:        nan | won: False 
#  316 | steps:  3527 | steps_t:     0 | t: 1.303675 | r:  -512.000000 | e:   1.000000 | Q:        nan | won: False 
#  317 | steps:  3535 | steps_t:     0 | t: 1.306833 | r:  -507.000000 | e:   1.000000 | Q:        nan | won: False 
#  318 | steps:  3548 | steps_t:     0 | t: 1.312591 | r:  -512.000000 | e:   1.000000 | Q:        nan | won: False 
#  319 | steps:  3556 | steps_t:     0 | t: 1.316021 | r:  -507.000000 | e:   1.000000 | Q:        nan | won: False 
#  320 | steps:  3569 | steps_t:     0 | t: 1.320773 | r:  -512.000000 | e:   1.000000 | Q:        nan | won: False 
#  321 | steps:  3577 | steps_t:     0 | t: 1.323646 | r:  -507.000000 | e:   1.000000 | Q:        nan | won: False 
#  322 | steps:  3584 | steps_t:     0 | t: 1.326211 | r:  -506.000000 | e:   1.000000 | Q:        nan | won: False 
#  323 | steps:  3592 | steps_t:     0 | t: 1.328972 | r:  -507.000000 | e:   1.000000 | Q:        nan | won: False 
#  324 | steps:  3602 | steps_t:     0 | t: 1.332422 | r:  -509.000000 | e:   1.000000 | Q:        nan | won: False 
#  325 | steps:  3613 | steps_t:     0 | t: 1.336392 | r:  -510.000000 | e:   1.000000 | Q:        nan | won: False 
#  326 | steps:  3621 | steps_t:     0 | t: 1.339375 | r:  -507.000000 | e:   1.000000 | Q:        nan | won: False 
#  327 | steps:  3640 | steps_t:     0 | t: 1.346938 | r:  -518.000000 | e:   1.000000 | Q:        nan | won: False 
#  328 | steps:  3647 | steps_t:     0 | t: 1.349555 | r:  -506.000000 | e:   1.000000 | Q:        nan | won: False 
#  329 | steps:  3659 | steps_t:     0 | t: 1.353847 | r:  -511.000000 | e:   1.000000 | Q:        nan | won: False 
#  330 | steps:  3667 | steps_t:     0 | t: 1.356712 | r:  -507.000000 | e:   1.000000 | Q:        nan | won: False 
#  331 | steps:  3684 | steps_t:     0 | t: 1.362540 | r:  -505.000000 | e:   1.000000 | Q:        nan | won: False 
#  332 | steps:  3705 | steps_t:     0 | t: 1.369746 | r:  -520.000000 | e:   1.000000 | Q:        nan | won: False 
#  333 | steps:  3718 | steps_t:     0 | t: 1.375129 | r:  -512.000000 | e:   1.000000 | Q:        nan | won: False 
#  334 | steps:  3726 | steps_t:     0 | t: 1.378507 | r:  -507.000000 | e:   1.000000 | Q:        nan | won: False 
#  335 | steps:  3733 | steps_t:     0 | t: 1.380849 | r:  -506.000000 | e:   1.000000 | Q:        nan | won: False 
#  336 | steps:  3740 | steps_t:     0 | t: 1.383563 | r:  -506.000000 | e:   1.000000 | Q:        nan | won: False 
#  337 | steps:  3746 | steps_t:     0 | t: 1.385903 | r:  -505.000000 | e:   1.000000 | Q:        nan | won: False 
#  338 | steps:  3763 | steps_t:     0 | t: 1.392553 | r:  -516.000000 | e:   1.000000 | Q:        nan | won: False 
#  339 | steps:  3772 | steps_t:     0 | t: 1.395932 | r:  -508.000000 | e:   1.000000 | Q:        nan | won: False 
#  340 | steps:  3786 | steps_t:     0 | t: 1.400695 | r:  -513.000000 | e:   1.000000 | Q:        nan | won: False 
#  341 | steps:  3795 | steps_t:     0 | t: 1.403654 | r:  -508.000000 | e:   1.000000 | Q:        nan | won: False 
#  342 | steps:  3805 | steps_t:     0 | t: 1.407583 | r:  -509.000000 | e:   1.000000 | Q:        nan | won: False 
#  343 | steps:  3815 | steps_t:     0 | t: 1.411668 | r:  -509.000000 | e:   1.000000 | Q:        nan | won: False 
#  344 | steps:  3825 | steps_t:     0 | t: 1.414905 | r:  -509.000000 | e:   1.000000 | Q:        nan | won: False 
#  345 | steps:  3832 | steps_t:     0 | t: 1.417214 | r:  -506.000000 | e:   1.000000 | Q:        nan | won: False 
#  346 | steps:  3838 | steps_t:     0 | t: 1.419171 | r:  -505.000000 | e:   1.000000 | Q:        nan | won: False 
#  347 | steps:  3848 | steps_t:     0 | t: 1.422277 | r:  -509.000000 | e:   1.000000 | Q:        nan | won: False 
#  348 | steps:  3860 | steps_t:     0 | t: 1.426172 | r:  -511.000000 | e:   1.000000 | Q:        nan | won: False 
#  349 | steps:  3868 | steps_t:     0 | t: 1.428758 | r:  -507.000000 | e:   1.000000 | Q:        nan | won: False 
#  350 | steps:  3876 | steps_t:     0 | t: 1.431385 | r:  -507.000000 | e:   1.000000 | Q:        nan | won: False 
#  351 | steps:  3882 | steps_t:     0 | t: 1.433324 | r:  -505.000000 | e:   1.000000 | Q:        nan | won: False 
#  352 | steps:  3887 | steps_t:     0 | t: 1.434935 | r:  -504.000000 | e:   1.000000 | Q:        nan | won: False 
#  353 | steps:  3906 | steps_t:     0 | t: 1.441747 | r:  -507.000000 | e:   1.000000 | Q:        nan | won: False 
#  354 | steps:  3914 | steps_t:     0 | t: 1.445030 | r:  -507.000000 | e:   1.000000 | Q:        nan | won: False 
#  355 | steps:  3927 | steps_t:     0 | t: 1.449358 | r:  -512.000000 | e:   1.000000 | Q:        nan | won: False 
#  356 | steps:  3934 | steps_t:     0 | t: 1.451558 | r:  -506.000000 | e:   1.000000 | Q:        nan | won: False 
#  357 | steps:  3943 | steps_t:     0 | t: 1.454516 | r:  -508.000000 | e:   1.000000 | Q:        nan | won: False 
#  358 | steps:  3950 | steps_t:     0 | t: 1.457032 | r:  -506.000000 | e:   1.000000 | Q:        nan | won: False 
#  359 | steps:  3964 | steps_t:     0 | t: 1.461601 | r:  -513.000000 | e:   1.000000 | Q:        nan | won: False 
#  360 | steps:  3979 | steps_t:     0 | t: 1.466372 | r:  -503.000000 | e:   1.000000 | Q:        nan | won: False 
#  361 | steps:  3986 | steps_t:     0 | t: 1.468675 | r:  -506.000000 | e:   1.000000 | Q:        nan | won: False 
#  362 | steps:  3992 | steps_t:     0 | t: 1.470934 | r:  -505.000000 | e:   1.000000 | Q:        nan | won: False 
#  363 | steps:  3998 | steps_t:     0 | t: 1.473146 | r:  -505.000000 | e:   1.000000 | Q:        nan | won: False 
#  364 | steps:  4006 | steps_t:     0 | t: 1.475814 | r:  -507.000000 | e:   1.000000 | Q:        nan | won: False 
#  365 | steps:  4012 | steps_t:     0 | t: 1.478014 | r:  -505.000000 | e:   1.000000 | Q:        nan | won: False 
#  366 | steps:  4019 | steps_t:     0 | t: 1.480295 | r:  -506.000000 | e:   1.000000 | Q:        nan | won: False 
#  367 | steps:  4030 | steps_t:     0 | t: 1.483908 | r:  -510.000000 | e:   1.000000 | Q:        nan | won: False 
#  368 | steps:  4037 | steps_t:     0 | t: 1.486321 | r:  -506.000000 | e:   1.000000 | Q:        nan | won: False 
#  369 | steps:  4044 | steps_t:     0 | t: 1.488954 | r:  -506.000000 | e:   1.000000 | Q:        nan | won: False 
#  370 | steps:  4063 | steps_t:     0 | t: 1.495474 | r:  -518.000000 | e:   1.000000 | Q:        nan | won: False 
#  371 | steps:  4079 | steps_t:     0 | t: 1.500901 | r:  -515.000000 | e:   1.000000 | Q:        nan | won: False 
#  372 | steps:  4088 | steps_t:     0 | t: 1.504111 | r:  -508.000000 | e:   1.000000 | Q:        nan | won: False 
#  373 | steps:  4094 | steps_t:     0 | t: 1.506172 | r:  -505.000000 | e:   1.000000 | Q:        nan | won: False 
#  374 | steps:  4101 | steps_t:     0 | t: 1.508655 | r:  -506.000000 | e:   1.000000 | Q:        nan | won: False 
#  375 | steps:  4127 | steps_t:     0 | t: 1.517135 | r:  -525.000000 | e:   1.000000 | Q:        nan | won: False 
#  376 | steps:  4138 | steps_t:     0 | t: 1.521007 | r:  -510.000000 | e:   1.000000 | Q:        nan | won: False 
#  377 | steps:  4144 | steps_t:     0 | t: 1.523196 | r:  -505.000000 | e:   1.000000 | Q:        nan | won: False 
#  378 | steps:  4155 | steps_t:     0 | t: 1.526808 | r:  -510.000000 | e:   1.000000 | Q:        nan | won: False 
#  379 | steps:  4171 | steps_t:     0 | t: 1.532206 | r:  -515.000000 | e:   1.000000 | Q:        nan | won: False 
#  380 | steps:  4184 | steps_t:     0 | t: 1.536546 | r:  -512.000000 | e:   1.000000 | Q:        nan | won: False 
#  381 | steps:  4192 | steps_t:     0 | t: 1.539315 | r:  -507.000000 | e:   1.000000 | Q:        nan | won: False 
#  382 | steps:  4198 | steps_t:     0 | t: 1.541404 | r:  -505.000000 | e:   1.000000 | Q:        nan | won: False 
#  383 | steps:  4203 | steps_t:     0 | t: 1.543235 | r:  -504.000000 | e:   1.000000 | Q:        nan | won: False 
#  384 | steps:  4237 | steps_t:     0 | t: 1.553935 | r:  -533.000000 | e:   1.000000 | Q:        nan | won: False 
#  385 | steps:  4244 | steps_t:     0 | t: 1.556604 | r:  -506.000000 | e:   1.000000 | Q:        nan | won: False 
#  386 | steps:  4255 | steps_t:     0 | t: 1.560340 | r:  -510.000000 | e:   1.000000 | Q:        nan | won: False 
#  387 | steps:  4275 | steps_t:     0 | t: 1.567852 | r:  -519.000000 | e:   1.000000 | Q:        nan | won: False 
#  388 | steps:  4282 | steps_t:     0 | t: 1.570697 | r:  -506.000000 | e:   1.000000 | Q:        nan | won: False 
#  389 | steps:  4290 | steps_t:     0 | t: 1.573883 | r:  -507.000000 | e:   1.000000 | Q:        nan | won: False 
#  390 | steps:  4299 | steps_t:     0 | t: 1.577416 | r:  -508.000000 | e:   1.000000 | Q:        nan | won: False 
#  391 | steps:  4305 | steps_t:     0 | t: 1.579829 | r:  -505.000000 | e:   1.000000 | Q:        nan | won: False 
#  392 | steps:  4312 | steps_t:     0 | t: 1.582449 | r:  -506.000000 | e:   1.000000 | Q:        nan | won: False 
#  393 | steps:  4323 | steps_t:     0 | t: 1.586558 | r:  -510.000000 | e:   1.000000 | Q:        nan | won: False 
#  394 | steps:  4335 | steps_t:     0 | t: 1.591120 | r:  -511.000000 | e:   1.000000 | Q:        nan | won: False 
#  395 | steps:  4343 | steps_t:     0 | t: 1.594209 | r:  -507.000000 | e:   1.000000 | Q:        nan | won: False 
#  396 | steps:  4354 | steps_t:     0 | t: 1.598557 | r:  -510.000000 | e:   1.000000 | Q:        nan | won: False 
#  397 | steps:  4363 | steps_t:     0 | t: 1.602021 | r:  -508.000000 | e:   1.000000 | Q:        nan | won: False 
#  398 | steps:  4377 | steps_t:     0 | t: 1.607235 | r:  -513.000000 | e:   1.000000 | Q:        nan | won: False 
#  399 | steps:  4392 | steps_t:     0 | t: 1.612738 | r:  -503.000000 | e:   1.000000 | Q:        nan | won: False 
#  400 | steps:  4410 | steps_t:     0 | t: 1.619471 | r:  -517.000000 | e:   1.000000 | Q:        nan | won: False 
#  401 | steps:  4419 | steps_t:     0 | t: 1.622785 | r:  -508.000000 | e:   1.000000 | Q:        nan | won: False 
#  402 | steps:  4447 | steps_t:     0 | t: 1.632398 | r:  -527.000000 | e:   1.000000 | Q:        nan | won: False 
#  403 | steps:  4463 | steps_t:     0 | t: 1.638402 | r:  -515.000000 | e:   1.000000 | Q:        nan | won: False 
#  404 | steps:  4473 | steps_t:     0 | t: 1.642271 | r:  -509.000000 | e:   1.000000 | Q:        nan | won: False 
#  405 | steps:  4484 | steps_t:     0 | t: 1.646178 | r:  -510.000000 | e:   1.000000 | Q:        nan | won: False 
#  406 | steps:  4496 | steps_t:     0 | t: 1.650312 | r:  -511.000000 | e:   1.000000 | Q:        nan | won: False 
#  407 | steps:  4505 | steps_t:     0 | t: 1.653432 | r:  -508.000000 | e:   1.000000 | Q:        nan | won: False 
#  408 | steps:  4516 | steps_t:     0 | t: 1.657165 | r:  -510.000000 | e:   1.000000 | Q:        nan | won: False 
#  409 | steps:  4530 | steps_t:     0 | t: 1.662275 | r:  -513.000000 | e:   1.000000 | Q:        nan | won: False 
#  410 | steps:  4539 | steps_t:     0 | t: 1.665650 | r:  -508.000000 | e:   1.000000 | Q:        nan | won: False 
#  411 | steps:  4549 | steps_t:     0 | t: 1.669360 | r:  -509.000000 | e:   1.000000 | Q:        nan | won: False 
#  412 | steps:  4556 | steps_t:     0 | t: 1.671807 | r:  -506.000000 | e:   1.000000 | Q:        nan | won: False 
#  413 | steps:  4562 | steps_t:     0 | t: 1.673895 | r:  -505.000000 | e:   1.000000 | Q:        nan | won: False 
#  414 | steps:  4575 | steps_t:     0 | t: 1.678144 | r:  -512.000000 | e:   1.000000 | Q:        nan | won: False 
#  415 | steps:  4584 | steps_t:     0 | t: 1.681226 | r:  -508.000000 | e:   1.000000 | Q:        nan | won: False 
#  416 | steps:  4598 | steps_t:     0 | t: 1.685833 | r:  -502.000000 | e:   1.000000 | Q:        nan | won: False 
#  417 | steps:  4608 | steps_t:     0 | t: 1.689256 | r:  -509.000000 | e:   1.000000 | Q:        nan | won: False 
#  418 | steps:  4617 | steps_t:     0 | t: 1.692507 | r:  -508.000000 | e:   1.000000 | Q:        nan | won: False 
#  419 | steps:  4627 | steps_t:     0 | t: 1.696066 | r:  -509.000000 | e:   1.000000 | Q:        nan | won: False 
#  420 | steps:  4634 | steps_t:     0 | t: 1.698562 | r:  -506.000000 | e:   1.000000 | Q:        nan | won: False 
#  421 | steps:  4643 | steps_t:     0 | t: 1.702574 | r:  -508.000000 | e:   1.000000 | Q:        nan | won: False 
#  422 | steps:  4651 | steps_t:     0 | t: 1.705616 | r:  -507.000000 | e:   1.000000 | Q:        nan | won: False 
#  423 | steps:  4659 | steps_t:     0 | t: 1.708366 | r:  -507.000000 | e:   1.000000 | Q:        nan | won: False 
#  424 | steps:  4671 | steps_t:     0 | t: 1.712498 | r:  -511.000000 | e:   1.000000 | Q:        nan | won: False 
#  425 | steps:  4679 | steps_t:     0 | t: 1.715203 | r:  -507.000000 | e:   1.000000 | Q:        nan | won: False 
#  426 | steps:  4690 | steps_t:     0 | t: 1.718849 | r:  -510.000000 | e:   1.000000 | Q:        nan | won: False 
#  427 | steps:  4698 | steps_t:     0 | t: 1.721766 | r:  -507.000000 | e:   1.000000 | Q:        nan | won: False 
#  428 | steps:  4708 | steps_t:     0 | t: 1.725358 | r:  -509.000000 | e:   1.000000 | Q:        nan | won: False 
#  429 | steps:  4716 | steps_t:     0 | t: 1.728504 | r:  -507.000000 | e:   1.000000 | Q:        nan | won: False 
#  430 | steps:  4726 | steps_t:     0 | t: 1.732208 | r:  -509.000000 | e:   1.000000 | Q:        nan | won: False 
#  431 | steps:  4732 | steps_t:     0 | t: 1.734325 | r:  -505.000000 | e:   1.000000 | Q:        nan | won: False 
#  432 | steps:  4743 | steps_t:     0 | t: 1.737929 | r:  -510.000000 | e:   1.000000 | Q:        nan | won: False 
#  433 | steps:  4750 | steps_t:     0 | t: 1.740427 | r:  -506.000000 | e:   1.000000 | Q:        nan | won: False 
#  434 | steps:  4763 | steps_t:     0 | t: 1.744722 | r:  -512.000000 | e:   1.000000 | Q:        nan | won: False 
#  435 | steps:  4770 | steps_t:     0 | t: 1.747161 | r:  -506.000000 | e:   1.000000 | Q:        nan | won: False 
#  436 | steps:  4779 | steps_t:     0 | t: 1.750124 | r:  -508.000000 | e:   1.000000 | Q:        nan | won: False 
#  437 | steps:  4787 | steps_t:     0 | t: 1.752967 | r:  -507.000000 | e:   1.000000 | Q:        nan | won: False 
#  438 | steps:  4793 | steps_t:     0 | t: 1.755238 | r:  -505.000000 | e:   1.000000 | Q:        nan | won: False 
#  439 | steps:  4800 | steps_t:     0 | t: 1.757803 | r:  -506.000000 | e:   1.000000 | Q:        nan | won: False 
#  440 | steps:  4808 | steps_t:     0 | t: 1.760441 | r:  -507.000000 | e:   1.000000 | Q:        nan | won: False 
#  441 | steps:  4827 | steps_t:     0 | t: 1.767609 | r:  -518.000000 | e:   1.000000 | Q:        nan | won: False 
#  442 | steps:  4857 | steps_t:     0 | t: 1.777384 | r:  -529.000000 | e:   1.000000 | Q:        nan | won: False 
#  443 | steps:  4878 | steps_t:     0 | t: 1.785257 | r:  -520.000000 | e:   1.000000 | Q:        nan | won: False 
#  444 | steps:  4887 | steps_t:     0 | t: 1.788462 | r:  -508.000000 | e:   1.000000 | Q:        nan | won: False 
#  445 | steps:  4900 | steps_t:     0 | t: 1.792824 | r:  -512.000000 | e:   1.000000 | Q:        nan | won: False 
#  446 | steps:  4907 | steps_t:     0 | t: 1.795324 | r:  -506.000000 | e:   1.000000 | Q:        nan | won: False 
#  447 | steps:  4915 | steps_t:     0 | t: 1.798027 | r:  -507.000000 | e:   1.000000 | Q:        nan | won: False 
#  448 | steps:  4922 | steps_t:     0 | t: 1.800347 | r:  -506.000000 | e:   1.000000 | Q:        nan | won: False 
#  449 | steps:  4938 | steps_t:     0 | t: 1.805685 | r:  -515.000000 | e:   1.000000 | Q:        nan | won: False 
#  450 | steps:  4952 | steps_t:     0 | t: 1.810917 | r:  -513.000000 | e:   1.000000 | Q:        nan | won: False 
#  451 | steps:  4960 | steps_t:     0 | t: 1.813990 | r:  -507.000000 | e:   1.000000 | Q:        nan | won: False 
#  452 | steps:  4966 | steps_t:     0 | t: 1.816263 | r:  -505.000000 | e:   1.000000 | Q:        nan | won: False 
#  453 | steps:  4985 | steps_t:     0 | t: 1.822696 | r:  -518.000000 | e:   1.000000 | Q:        nan | won: False 
#  454 | steps:  4994 | steps_t:     0 | t: 1.825993 | r:  -508.000000 | e:   1.000000 | Q:        nan | won: False 
#  455 | steps:  5000 | steps_t:     0 | t: 1.828278 | r:  -505.000000 | e:   1.000000 | Q:        nan | won: False 
#  456 | steps:  5012 | steps_t:    10 | t: 2.044986 | r:  -511.000000 | e:   0.999000 | Q:        nan | won: False 
#  457 | steps:  5022 | steps_t:    19 | t: 2.114163 | r:  -509.000000 | e:   0.998100 | Q:        nan | won: False 
#  458 | steps:  5031 | steps_t:    27 | t: 2.171860 | r:  -508.000000 | e:   0.997300 | Q:        nan | won: False 
#  459 | steps:  5042 | steps_t:    37 | t: 2.243706 | r:  -510.000000 | e:   0.996300 | Q:        nan | won: False 
#  460 | steps:  5050 | steps_t:    44 | t: 2.297413 | r:  -507.000000 | e:   0.995600 | Q:        nan | won: False 
#  461 | steps:  5062 | steps_t:    55 | t: 2.376262 | r:  -511.000000 | e:   0.994500 | Q:        nan | won: False 
#  462 | steps:  5068 | steps_t:    60 | t: 2.412078 | r:  -505.000000 | e:   0.994000 | Q:        nan | won: False 
#  463 | steps:  5077 | steps_t:    68 | t: 2.474320 | r:  -508.000000 | e:   0.993200 | Q: -17.952238 | won: False 
#  464 | steps:  5088 | steps_t:    78 | t: 2.543272 | r:  -510.000000 | e:   0.992200 | Q:        nan | won: False 
#  465 | steps:  5097 | steps_t:    86 | t: 2.602532 | r:  -508.000000 | e:   0.991400 | Q:        nan | won: False 
#  466 | steps:  5104 | steps_t:    92 | t: 2.645426 | r:  -506.000000 | e:   0.990800 | Q:        nan | won: False 
#  467 | steps:  5116 | steps_t:   103 | t: 2.732853 | r:  -511.000000 | e:   0.989700 | Q:        nan | won: False 
#  468 | steps:  5131 | steps_t:   117 | t: 2.845410 | r:  -514.000000 | e:   0.988300 | Q:        nan | won: False 
#  469 | steps:  5139 | steps_t:   124 | t: 2.897873 | r:  -507.000000 | e:   0.987600 | Q:        nan | won: False 
#  470 | steps:  5146 | steps_t:   130 | t: 2.942817 | r:  -506.000000 | e:   0.987000 | Q: -253.164368 | won: False 
#  471 | steps:  5153 | steps_t:   136 | t: 2.987037 | r:  -506.000000 | e:   0.986400 | Q: -298.758972 | won: False 
#  472 | steps:  5164 | steps_t:   146 | t: 3.059335 | r:  -510.000000 | e:   0.985400 | Q:        nan | won: False 
#  473 | steps:  5174 | steps_t:   155 | t: 3.126275 | r:  -509.000000 | e:   0.984500 | Q:        nan | won: False 
#  474 | steps:  5182 | steps_t:   162 | t: 3.180143 | r:  -507.000000 | e:   0.983800 | Q:        nan | won: False 
#  475 | steps:  5194 | steps_t:   173 | t: 3.259865 | r:  -511.000000 | e:   0.982700 | Q:        nan | won: False 
#  476 | steps:  5209 | steps_t:   187 | t: 3.365386 | r:  -514.000000 | e:   0.981300 | Q:        nan | won: False 
#  477 | steps:  5216 | steps_t:   193 | t: 3.409541 | r:  -506.000000 | e:   0.980700 | Q:        nan | won: False 
#  478 | steps:  5225 | steps_t:   201 | t: 3.466284 | r:  -508.000000 | e:   0.979900 | Q:        nan | won: False 
#  479 | steps:  5234 | steps_t:   209 | t: 3.526020 | r:  -508.000000 | e:   0.979100 | Q:        nan | won: False 
#  480 | steps:  5243 | steps_t:   217 | t: 3.583371 | r:  -508.000000 | e:   0.978300 | Q: -319.005890 | won: False 
#  481 | steps:  5253 | steps_t:   226 | t: 3.647716 | r:  -509.000000 | e:   0.977400 | Q: -334.442444 | won: False 
#  482 | steps:  5260 | steps_t:   232 | t: 3.690831 | r:  -506.000000 | e:   0.976800 | Q:        nan | won: False 
#  483 | steps:  5284 | steps_t:   255 | t: 3.848954 | r:  -523.000000 | e:   0.974500 | Q:        nan | won: False 
#  484 | steps:  5293 | steps_t:   263 | t: 3.902819 | r:  -508.000000 | e:   0.973700 | Q:        nan | won: False 
#  485 | steps:  5299 | steps_t:   268 | t: 3.937084 | r:  -505.000000 | e:   0.973200 | Q:        nan | won: False 
#  486 | steps:  5319 | steps_t:   287 | t: 4.067574 | r:  -519.000000 | e:   0.971300 | Q:        nan | won: False 
#  487 | steps:  5336 | steps_t:   303 | t: 4.177793 | r:  -516.000000 | e:   0.969700 | Q:        nan | won: False 
#  488 | steps:  5346 | steps_t:   312 | t: 4.241617 | r:  -509.000000 | e:   0.968800 | Q:        nan | won: False 
#  489 | steps:  5351 | steps_t:   316 | t: 4.271896 | r:  -504.000000 | e:   0.968400 | Q:        nan | won: False 
#  490 | steps:  5361 | steps_t:   325 | t: 4.336110 | r:  -509.000000 | e:   0.967500 | Q:        nan | won: False 
#  491 | steps:  5372 | steps_t:   335 | t: 4.405721 | r:  -510.000000 | e:   0.966500 | Q:        nan | won: False 
#  492 | steps:  5378 | steps_t:   340 | t: 4.442219 | r:  -505.000000 | e:   0.966000 | Q:        nan | won: False 
#  493 | steps:  5388 | steps_t:   349 | t: 4.506428 | r:  -509.000000 | e:   0.965100 | Q:        nan | won: False 
#  494 | steps:  5397 | steps_t:   357 | t: 4.568583 | r:  -508.000000 | e:   0.964300 | Q: -325.130707 | won: False 
#  495 | steps:  5412 | steps_t:   371 | t: 4.669028 | r:  -514.000000 | e:   0.962900 | Q:        nan | won: False 
#  496 | steps:  5423 | steps_t:   381 | t: 4.739959 | r:  -510.000000 | e:   0.961900 | Q:        nan | won: False 
#  497 | steps:  5432 | steps_t:   389 | t: 4.796235 | r:  -508.000000 | e:   0.961100 | Q:        nan | won: False 
#  498 | steps:  5441 | steps_t:   397 | t: 4.854205 | r:  -508.000000 | e:   0.960300 | Q:        nan | won: False 
#  499 | steps:  5454 | steps_t:   409 | t: 4.943903 | r:  -512.000000 | e:   0.959100 | Q: -299.604187 | won: False 
#  500 | steps:  5467 | steps_t:   421 | t: 5.034988 | r:  -512.000000 | e:   0.957900 | Q:        nan | won: False 
#  501 | steps:  5476 | steps_t:   429 | t: 6.558298 | r:  -508.000000 | e:   0.957100 | Q:        nan | won: False 
#  502 | steps:  5484 | steps_t:   436 | t: 8.592780 | r:  -507.000000 | e:   0.956400 | Q: -327.063049 | won: False 
#  503 | steps:  5495 | steps_t:   446 | t: 10.976868 | r:  -510.000000 | e:   0.955400 | Q:        nan | won: False 
#  504 | steps:  5507 | steps_t:   457 | t: 13.462840 | r:  -511.000000 | e:   0.954300 | Q:        nan | won: False 
#  505 | steps:  5524 | steps_t:   473 | t: 16.576900 | r:  -516.000000 | e:   0.952700 | Q: -322.498352 | won: False 
#  506 | steps:  5537 | steps_t:   485 | t: 19.221974 | r:  -512.000000 | e:   0.951500 | Q:        nan | won: False 
#  507 | steps:  5543 | steps_t:   490 | t: 20.971180 | r:  -505.000000 | e:   0.951000 | Q:        nan | won: False 
#  508 | steps:  5550 | steps_t:   496 | t: 22.793094 | r:  -506.000000 | e:   0.950400 | Q:        nan | won: False 
#  509 | steps:  5562 | steps_t:   507 | t: 25.304145 | r:  -511.000000 | e:   0.949300 | Q: -296.559784 | won: False 
#  510 | steps:  5570 | steps_t:   514 | t: 27.336666 | r:  -507.000000 | e:   0.948600 | Q:        nan | won: False 
#  511 | steps:  5584 | steps_t:   527 | t: 30.138560 | r:  -513.000000 | e:   0.947300 | Q:        nan | won: False 
#  512 | steps:  5593 | steps_t:   535 | t: 32.256530 | r:  -508.000000 | e:   0.946500 | Q: -331.956635 | won: False 
