#    1 | steps:    11 | steps_t:   810 | t: 0.061625 | r:  -510.000000 | e:   0.919000 | Q: -328.618011 | won: False 
#    2 | steps:    19 | steps_t:   810 | t: 0.064955 | r:  -507.000000 | e:   0.919000 | Q:        nan | won: False 
#    3 | steps:    26 | steps_t:   810 | t: 0.067818 | r:  -506.000000 | e:   0.919000 | Q:        nan | won: False 
#    4 | steps:    34 | steps_t:   810 | t: 0.074922 | r:  -507.000000 | e:   0.919000 | Q: -325.616882 | won: False 
#    5 | steps:    41 | steps_t:   810 | t: 0.077600 | r:  -506.000000 | e:   0.919000 | Q:        nan | won: False 
#    6 | steps:    49 | steps_t:   810 | t: 0.083696 | r:  -507.000000 | e:   0.919000 | Q: -328.012085 | won: False 
#    7 | steps:    56 | steps_t:   810 | t: 0.089691 | r:  -506.000000 | e:   0.919000 | Q:        nan | won: False 
#    8 | steps:    66 | steps_t:   810 | t: 0.103215 | r:  -509.000000 | e:   0.919000 | Q: -327.998383 | won: False 
#    9 | steps:    75 | steps_t:   810 | t: 0.112973 | r:  -508.000000 | e:   0.919000 | Q: -325.729370 | won: False 
#   10 | steps:    81 | steps_t:   810 | t: 0.120323 | r:  -505.000000 | e:   0.919000 | Q: -327.602356 | won: False 
#   11 | steps:    90 | steps_t:   810 | t: 0.126000 | r:  -508.000000 | e:   0.919000 | Q:        nan | won: False 
#   12 | steps:    98 | steps_t:   810 | t: 0.128612 | r:  -507.000000 | e:   0.919000 | Q:        nan | won: False 
#   13 | steps:   113 | steps_t:   821 | t: 0.284039 | r:  -514.000000 | e:   0.917900 | Q: -329.588837 | won: False 
#   14 | steps:   122 | steps_t:   829 | t: 0.347662 | r:  -508.000000 | e:   0.917100 | Q: -340.373871 | won: False 
#   15 | steps:   130 | steps_t:   836 | t: 0.401765 | r:  -507.000000 | e:   0.916400 | Q: -341.613983 | won: False 
#   16 | steps:   145 | steps_t:   850 | t: 0.510589 | r:  -492.000000 | e:   0.915000 | Q:        nan | won: False 
#   17 | steps:   152 | steps_t:   856 | t: 0.559575 | r:  -506.000000 | e:   0.914400 | Q:        nan | won: False 
#   18 | steps:   175 | steps_t:   878 | t: 0.732671 | r:  -522.000000 | e:   0.912200 | Q: -334.179016 | won: False 
#   19 | steps:   197 | steps_t:   899 | t: 0.894542 | r:  -521.000000 | e:   0.910100 | Q: -337.305420 | won: False 
#   20 | steps:   209 | steps_t:   910 | t: 0.973707 | r:  -511.000000 | e:   0.909000 | Q:        nan | won: False 
#   21 | steps:   217 | steps_t:   917 | t: 1.023025 | r:  -507.000000 | e:   0.908300 | Q:        nan | won: False 
#   22 | steps:   225 | steps_t:   924 | t: 1.071868 | r:  -507.000000 | e:   0.907600 | Q: -351.472015 | won: False 
#   23 | steps:   232 | steps_t:   930 | t: 1.117741 | r:  -506.000000 | e:   0.907000 | Q: -342.086151 | won: False 
#   24 | steps:   241 | steps_t:   938 | t: 1.177341 | r:  -508.000000 | e:   0.906200 | Q: -331.572693 | won: False 
#   25 | steps:   247 | steps_t:   943 | t: 1.214413 | r:  -505.000000 | e:   0.905700 | Q:        nan | won: False 
#   26 | steps:   267 | steps_t:   962 | t: 1.347164 | r:  -519.000000 | e:   0.903800 | Q: -308.538818 | won: False 
#   27 | steps:   277 | steps_t:   971 | t: 1.412433 | r:  -509.000000 | e:   0.902900 | Q: -315.419220 | won: False 
#   28 | steps:   284 | steps_t:   977 | t: 1.456722 | r:  -506.000000 | e:   0.902300 | Q: -305.168915 | won: False 
#   29 | steps:   305 | steps_t:   997 | t: 1.604784 | r:  -520.000000 | e:   0.900300 | Q: -296.808289 | won: False 
#   30 | steps:   312 | steps_t:  1003 | t: 1.649407 | r:  -506.000000 | e:   0.899700 | Q: -315.658417 | won: False 
#   31 | steps:   326 | steps_t:  1016 | t: 1.737491 | r:  -502.000000 | e:   0.898400 | Q:        nan | won: False 
#   32 | steps:   344 | steps_t:  1033 | t: 1.858892 | r:  -495.000000 | e:   0.896700 | Q: -333.667908 | won: False 
#   33 | steps:   352 | steps_t:  1040 | t: 1.910803 | r:  -507.000000 | e:   0.896000 | Q:        nan | won: False 
#   34 | steps:   361 | steps_t:  1048 | t: 1.966865 | r:  -508.000000 | e:   0.895200 | Q: -310.988251 | won: False 
#   35 | steps:   370 | steps_t:  1056 | t: 2.022853 | r:  -508.000000 | e:   0.894400 | Q:        nan | won: False 
#   36 | steps:   379 | steps_t:  1064 | t: 2.078580 | r:  -508.000000 | e:   0.893600 | Q:        nan | won: False 
#   37 | steps:   389 | steps_t:  1073 | t: 2.140957 | r:  -509.000000 | e:   0.892700 | Q: -310.167603 | won: False 
#   38 | steps:   401 | steps_t:  1084 | t: 2.221300 | r:  -511.000000 | e:   0.891600 | Q: -315.443298 | won: False 
#   39 | steps:   409 | steps_t:  1091 | t: 2.273312 | r:  -507.000000 | e:   0.890900 | Q:        nan | won: False 
#   40 | steps:   417 | steps_t:  1098 | t: 2.323410 | r:  -507.000000 | e:   0.890200 | Q: -300.038422 | won: False 
#   41 | steps:   425 | steps_t:  1105 | t: 2.373614 | r:  -507.000000 | e:   0.889500 | Q: -300.530945 | won: False 
#   42 | steps:   436 | steps_t:  1115 | t: 2.454763 | r:  -510.000000 | e:   0.888500 | Q: -300.849426 | won: False 
#   43 | steps:   445 | steps_t:  1123 | t: 2.519765 | r:  -508.000000 | e:   0.887700 | Q: -287.891846 | won: False 
#   44 | steps:   458 | steps_t:  1135 | t: 2.603435 | r:  -512.000000 | e:   0.886500 | Q:        nan | won: False 
#   45 | steps:   469 | steps_t:  1145 | t: 2.683948 | r:  -510.000000 | e:   0.885500 | Q: -259.048798 | won: False 
#   46 | steps:   482 | steps_t:  1157 | t: 2.802781 | r:  -512.000000 | e:   0.884300 | Q: -252.885910 | won: False 
#   47 | steps:   489 | steps_t:  1163 | t: 2.845154 | r:  -506.000000 | e:   0.883700 | Q:        nan | won: False 
#   48 | steps:   496 | steps_t:  1169 | t: 2.888044 | r:  -506.000000 | e:   0.883100 | Q:        nan | won: False 
#   49 | steps:   504 | steps_t:  1176 | t: 2.943286 | r:  -507.000000 | e:   0.882400 | Q: -269.436279 | won: False 
#   50 | steps:   509 | steps_t:  1180 | t: 2.973155 | r:  -504.000000 | e:   0.882000 | Q:        nan | won: False 
#   51 | steps:   516 | steps_t:  1186 | t: 3.020508 | r:  -506.000000 | e:   0.881400 | Q: -263.017975 | won: False 
#   52 | steps:   522 | steps_t:  1191 | t: 3.057471 | r:  -505.000000 | e:   0.880900 | Q:        nan | won: False 
#   53 | steps:   528 | steps_t:  1196 | t: 3.098426 | r:  -505.000000 | e:   0.880400 | Q: -271.997131 | won: False 
#   54 | steps:   542 | steps_t:  1209 | t: 3.194536 | r:  -513.000000 | e:   0.879100 | Q: -276.044556 | won: False 
#   55 | steps:   549 | steps_t:  1215 | t: 3.242275 | r:  -506.000000 | e:   0.878500 | Q:        nan | won: False 
#   56 | steps:   556 | steps_t:  1221 | t: 3.289168 | r:  -506.000000 | e:   0.877900 | Q:        nan | won: False 
#   57 | steps:   564 | steps_t:  1228 | t: 3.343075 | r:  -507.000000 | e:   0.877200 | Q:        nan | won: False 
#   58 | steps:   584 | steps_t:  1247 | t: 3.491809 | r:  -519.000000 | e:   0.875300 | Q: -293.976349 | won: False 
#   59 | steps:   605 | steps_t:  1267 | t: 3.648510 | r:  -520.000000 | e:   0.873300 | Q: -315.992310 | won: False 
#   60 | steps:   613 | steps_t:  1274 | t: 3.701185 | r:  -507.000000 | e:   0.872600 | Q: -322.601715 | won: False 
#   61 | steps:   624 | steps_t:  1284 | t: 3.779047 | r:  -510.000000 | e:   0.871600 | Q: -306.676392 | won: False 
#   62 | steps:   632 | steps_t:  1291 | t: 3.834719 | r:  -507.000000 | e:   0.870900 | Q: -279.856445 | won: False 
#   63 | steps:   654 | steps_t:  1312 | t: 3.998987 | r:  -521.000000 | e:   0.868800 | Q: -270.132965 | won: False 
#   64 | steps:   665 | steps_t:  1322 | t: 4.085651 | r:  -510.000000 | e:   0.867800 | Q: -294.699738 | won: False 
#   65 | steps:   682 | steps_t:  1338 | t: 4.211472 | r:  -516.000000 | e:   0.866200 | Q: -290.690826 | won: False 
#   66 | steps:   689 | steps_t:  1344 | t: 4.256656 | r:  -506.000000 | e:   0.865600 | Q:        nan | won: False 
#   67 | steps:   699 | steps_t:  1353 | t: 4.323561 | r:  -509.000000 | e:   0.864700 | Q:        nan | won: False 
#   68 | steps:   707 | steps_t:  1360 | t: 4.378373 | r:  -507.000000 | e:   0.864000 | Q:        nan | won: False 
#   69 | steps:   718 | steps_t:  1370 | t: 4.454850 | r:  -510.000000 | e:   0.863000 | Q: -299.156372 | won: False 
#   70 | steps:   726 | steps_t:  1377 | t: 4.510560 | r:  -507.000000 | e:   0.862300 | Q: -285.367462 | won: False 
#   71 | steps:   738 | steps_t:  1388 | t: 4.595876 | r:  -511.000000 | e:   0.861200 | Q: -283.886871 | won: False 
#   72 | steps:   746 | steps_t:  1395 | t: 4.653847 | r:  -507.000000 | e:   0.860500 | Q: -275.875641 | won: False 
#   73 | steps:   752 | steps_t:  1400 | t: 4.694095 | r:  -505.000000 | e:   0.860000 | Q:        nan | won: False 
#   74 | steps:   762 | steps_t:  1409 | t: 4.762716 | r:  -509.000000 | e:   0.859100 | Q: -272.650330 | won: False 
#   75 | steps:   772 | steps_t:  1418 | t: 4.828519 | r:  -509.000000 | e:   0.858200 | Q:        nan | won: False 
#   76 | steps:   779 | steps_t:  1424 | t: 4.873502 | r:  -506.000000 | e:   0.857600 | Q: -295.385986 | won: False 
#   77 | steps:   785 | steps_t:  1429 | t: 4.912688 | r:  -505.000000 | e:   0.857100 | Q: -302.537140 | won: False 
#   78 | steps:   809 | steps_t:  1452 | t: 5.082517 | r:  -523.000000 | e:   0.854800 | Q: -309.275208 | won: False 
#   79 | steps:   822 | steps_t:  1464 | t: 5.179801 | r:  -512.000000 | e:   0.853600 | Q:        nan | won: False 
#   80 | steps:   832 | steps_t:  1473 | t: 5.251217 | r:  -509.000000 | e:   0.852700 | Q: -253.574875 | won: False 
#   81 | steps:   842 | steps_t:  1482 | t: 5.326158 | r:  -509.000000 | e:   0.851800 | Q: -275.281036 | won: False 
#   82 | steps:   851 | steps_t:  1490 | t: 5.388042 | r:  -508.000000 | e:   0.851000 | Q: -254.367722 | won: False 
#   83 | steps:   858 | steps_t:  1496 | t: 5.432465 | r:  -506.000000 | e:   0.850400 | Q:        nan | won: False 
#   84 | steps:   868 | steps_t:  1505 | t: 5.499215 | r:  -509.000000 | e:   0.849500 | Q: -284.280457 | won: False 
#   85 | steps:   885 | steps_t:  1521 | t: 5.620000 | r:  -516.000000 | e:   0.847900 | Q: -282.292206 | won: False 
#   86 | steps:   895 | steps_t:  1530 | t: 5.689463 | r:  -509.000000 | e:   0.847000 | Q: -313.192871 | won: False 
#   87 | steps:   904 | steps_t:  1538 | t: 5.747801 | r:  -508.000000 | e:   0.846200 | Q: -344.026428 | won: False 
#   88 | steps:   921 | steps_t:  1554 | t: 5.863903 | r:  -516.000000 | e:   0.844600 | Q:        nan | won: False 
#   89 | steps:   927 | steps_t:  1559 | t: 5.900057 | r:  -505.000000 | e:   0.844100 | Q:        nan | won: False 
#   90 | steps:   941 | steps_t:  1572 | t: 5.993966 | r:  -513.000000 | e:   0.842800 | Q: -353.059143 | won: False 
#   91 | steps:   952 | steps_t:  1582 | t: 6.075771 | r:  -510.000000 | e:   0.841800 | Q: -319.322327 | won: False 
#   92 | steps:   962 | steps_t:  1591 | t: 6.146449 | r:  -509.000000 | e:   0.840900 | Q: -342.273163 | won: False 
#   93 | steps:   973 | steps_t:  1601 | t: 6.231766 | r:  -510.000000 | e:   0.839900 | Q: -292.370544 | won: False 
#   94 | steps:   985 | steps_t:  1612 | t: 6.315386 | r:  -511.000000 | e:   0.838800 | Q: -286.560211 | won: False 
#   95 | steps:  1008 | steps_t:  1634 | t: 6.495415 | r:  -522.000000 | e:   0.836600 | Q: -310.831848 | won: False 
#   96 | steps:  1024 | steps_t:  1649 | t: 6.626775 | r:  -515.000000 | e:   0.835100 | Q: -331.321075 | won: False 
#   97 | steps:  1030 | steps_t:  1654 | t: 6.669501 | r:  -505.000000 | e:   0.834600 | Q: -352.386139 | won: False 
#   98 | steps:  1036 | steps_t:  1659 | t: 6.710132 | r:  -505.000000 | e:   0.834100 | Q: -306.958344 | won: False 
#   99 | steps:  1047 | steps_t:  1669 | t: 6.789603 | r:  -510.000000 | e:   0.833100 | Q: -297.730164 | won: False 
#  100 | steps:  1072 | steps_t:  1693 | t: 10.779511 | r:  -524.000000 | e:   0.830700 | Q: -289.669861 | won: False 
#  101 | steps:  1085 | steps_t:  1705 | t: 13.392344 | r:  -512.000000 | e:   0.829500 | Q: -285.022034 | won: False 
