#    1 | steps:     6 | steps_t:  4207 | t: 0.015047 | r:  -505.000000 | e:   0.579300 | Q:        nan | won: False 
#    2 | steps:    15 | steps_t:  4207 | t: 0.076657 | r:  -508.000000 | e:   0.579300 | Q: -363.903656 | won: False 
#    3 | steps:    28 | steps_t:  4207 | t: 0.094220 | r:  -512.000000 | e:   0.579300 | Q: -321.915802 | won: False 
#    4 | steps:    35 | steps_t:  4207 | t: 0.101043 | r:  -506.000000 | e:   0.579300 | Q: -328.111725 | won: False 
#    5 | steps:    48 | steps_t:  4207 | t: 0.110922 | r:  -512.000000 | e:   0.579300 | Q: -282.665466 | won: False 
#    6 | steps:    64 | steps_t:  4207 | t: 0.129469 | r:  -504.000000 | e:   0.579300 | Q: -259.196533 | won: False 
#    7 | steps:    72 | steps_t:  4207 | t: 0.136484 | r:  -507.000000 | e:   0.579300 | Q: -282.665466 | won: False 
#    8 | steps:    82 | steps_t:  4207 | t: 0.149358 | r:  -509.000000 | e:   0.579300 | Q: -282.665466 | won: False 
#    9 | steps:    98 | steps_t:  4207 | t: 0.166005 | r:  -504.000000 | e:   0.579300 | Q: -258.878021 | won: False 
#   10 | steps:   114 | steps_t:  4207 | t: 0.181732 | r:  -515.000000 | e:   0.579300 | Q: -259.290405 | won: False 
#   11 | steps:   121 | steps_t:  4207 | t: 0.187641 | r:  -506.000000 | e:   0.579300 | Q: -282.665466 | won: False 
#   12 | steps:   140 | steps_t:  4207 | t: 0.204783 | r:  -496.000000 | e:   0.579300 | Q: -264.869720 | won: False 
#   13 | steps:   148 | steps_t:  4207 | t: 0.210954 | r:  -507.000000 | e:   0.579300 | Q: -282.665466 | won: False 
#   14 | steps:   161 | steps_t:  4207 | t: 0.223614 | r:  -512.000000 | e:   0.579300 | Q: -258.878021 | won: False 
#   15 | steps:   172 | steps_t:  4207 | t: 0.234232 | r:  -510.000000 | e:   0.579300 | Q: -282.665466 | won: False 
#   16 | steps:   178 | steps_t:  4207 | t: 0.239643 | r:  -505.000000 | e:   0.579300 | Q: -364.222198 | won: False 
#   17 | steps:   186 | steps_t:  4207 | t: 0.245098 | r:  -507.000000 | e:   0.579300 | Q: -363.903656 | won: False 
#   18 | steps:   201 | steps_t:  4207 | t: 0.260715 | r:  -503.000000 | e:   0.579300 | Q: -276.910583 | won: False 
#   19 | steps:   212 | steps_t:  4207 | t: 0.271283 | r:  -510.000000 | e:   0.579300 | Q: -328.043640 | won: False 
#   20 | steps:   224 | steps_t:  4207 | t: 0.280139 | r:  -511.000000 | e:   0.579300 | Q: -258.809967 | won: False 
#   21 | steps:   232 | steps_t:  4207 | t: 0.286076 | r:  -507.000000 | e:   0.579300 | Q: -389.321228 | won: False 
#   22 | steps:   243 | steps_t:  4207 | t: 0.297920 | r:  -510.000000 | e:   0.579300 | Q: -276.523956 | won: False 
#   23 | steps:   257 | steps_t:  4207 | t: 0.310774 | r:  -513.000000 | e:   0.579300 | Q: -314.716797 | won: False 
#   24 | steps:   281 | steps_t:  4207 | t: 0.325972 | r:  -523.000000 | e:   0.579300 | Q: -276.948944 | won: False 
#   25 | steps:   301 | steps_t:  4207 | t: 0.347352 | r:  -519.000000 | e:   0.579300 | Q: -258.809967 | won: False 
#   26 | steps:   317 | steps_t:  4207 | t: 0.360653 | r:  -504.000000 | e:   0.579300 | Q: -276.910583 | won: False 
#   27 | steps:   335 | steps_t:  4207 | t: 0.376672 | r:  -506.000000 | e:   0.579300 | Q: -258.878021 | won: False 
#   28 | steps:   341 | steps_t:  4207 | t: 0.382476 | r:  -505.000000 | e:   0.579300 | Q: -282.665466 | won: False 
#   29 | steps:   350 | steps_t:  4207 | t: 0.390354 | r:  -508.000000 | e:   0.579300 | Q: -258.878021 | won: False 
#   30 | steps:   363 | steps_t:  4207 | t: 0.402812 | r:  -512.000000 | e:   0.579300 | Q: -258.878021 | won: False 
#   31 | steps:   373 | steps_t:  4207 | t: 0.412243 | r:  -509.000000 | e:   0.579300 | Q: -282.665466 | won: False 
#   32 | steps:   383 | steps_t:  4207 | t: 0.420915 | r:  -509.000000 | e:   0.579300 | Q: -389.253143 | won: False 
#   33 | steps:   392 | steps_t:  4207 | t: 0.429653 | r:  -508.000000 | e:   0.579300 | Q: -264.908081 | won: False 
#   34 | steps:   398 | steps_t:  4207 | t: 0.435745 | r:  -505.000000 | e:   0.579300 | Q: -328.430267 | won: False 
#   35 | steps:   418 | steps_t:  4207 | t: 0.457924 | r:  -519.000000 | e:   0.579300 | Q: -264.483124 | won: False 
#   36 | steps:   428 | steps_t:  4207 | t: 0.465386 | r:  -509.000000 | e:   0.579300 | Q: -282.665466 | won: False 
#   37 | steps:   434 | steps_t:  4207 | t: 0.472268 | r:  -505.000000 | e:   0.579300 | Q: -282.665466 | won: False 
#   38 | steps:   444 | steps_t:  4207 | t: 0.479192 | r:  -509.000000 | e:   0.579300 | Q: -258.878021 | won: False 
#   39 | steps:   454 | steps_t:  4207 | t: 0.489704 | r:  -509.000000 | e:   0.579300 | Q: -258.878021 | won: False 
#   40 | steps:   464 | steps_t:  4207 | t: 0.497984 | r:  -509.000000 | e:   0.579300 | Q: -264.551208 | won: False 
#   41 | steps:   470 | steps_t:  4207 | t: 0.501511 | r:  -505.000000 | e:   0.579300 | Q: -390.722748 | won: False 
#   42 | steps:   489 | steps_t:  4207 | t: 0.517888 | r:  -507.000000 | e:   0.579300 | Q: -264.869720 | won: False 
#   43 | steps:   499 | steps_t:  4207 | t: 0.528878 | r:  -509.000000 | e:   0.579300 | Q: -328.043640 | won: False 
#   44 | steps:   508 | steps_t:  4207 | t: 0.536209 | r:  -508.000000 | e:   0.579300 | Q: -282.665466 | won: False 
#   45 | steps:   527 | steps_t:  4207 | t: 0.555126 | r:  -507.000000 | e:   0.579300 | Q: -276.592041 | won: False 
#   46 | steps:   546 | steps_t:  4207 | t: 0.574396 | r:  -507.000000 | e:   0.579300 | Q: -264.551208 | won: False 
#   47 | steps:   554 | steps_t:  4207 | t: 0.586275 | r:  -507.000000 | e:   0.579300 | Q: -328.043640 | won: False 
#   48 | steps:   564 | steps_t:  4207 | t: 0.592435 | r:  -509.000000 | e:   0.579300 | Q: -282.665466 | won: False 
#   49 | steps:   574 | steps_t:  4207 | t: 0.606485 | r:  -509.000000 | e:   0.579300 | Q: -258.878021 | won: False 
#   50 | steps:   582 | steps_t:  4207 | t: 0.615695 | r:  -507.000000 | e:   0.579300 | Q: -282.665466 | won: False 
#   51 | steps:   590 | steps_t:  4207 | t: 0.623337 | r:  -507.000000 | e:   0.579300 | Q: -282.665466 | won: False 
#   52 | steps:   605 | steps_t:  4207 | t: 0.643137 | r:  -503.000000 | e:   0.579300 | Q: -258.878021 | won: False 
#   53 | steps:   617 | steps_t:  4207 | t: 0.656412 | r:  -511.000000 | e:   0.579300 | Q: -282.665466 | won: False 
#   54 | steps:   628 | steps_t:  4207 | t: 0.669599 | r:  -510.000000 | e:   0.579300 | Q: -264.483124 | won: False 
#   55 | steps:   642 | steps_t:  4207 | t: 0.686175 | r:  -513.000000 | e:   0.579300 | Q: -258.878021 | won: False 
#   56 | steps:   648 | steps_t:  4207 | t: 0.689242 | r:  -505.000000 | e:   0.579300 | Q:        nan | won: False 
#   57 | steps:   658 | steps_t:  4207 | t: 0.699479 | r:  -509.000000 | e:   0.579300 | Q: -389.253143 | won: False 
#   58 | steps:   677 | steps_t:  4207 | t: 0.726118 | r:  -507.000000 | e:   0.579300 | Q: -258.878021 | won: False 
#   59 | steps:   686 | steps_t:  4207 | t: 0.735625 | r:  -508.000000 | e:   0.579300 | Q: -389.253143 | won: False 
#   60 | steps:   695 | steps_t:  4207 | t: 0.745063 | r:  -508.000000 | e:   0.579300 | Q: -363.903656 | won: False 
#   61 | steps:   720 | steps_t:  4207 | t: 0.767592 | r:  -524.000000 | e:   0.579300 | Q: -258.809967 | won: False 
#   62 | steps:   730 | steps_t:  4207 | t: 0.781231 | r:  -509.000000 | e:   0.579300 | Q: -377.797974 | won: False 
#   63 | steps:   739 | steps_t:  4207 | t: 0.789251 | r:  -508.000000 | e:   0.579300 | Q: -282.665466 | won: False 
#   64 | steps:   745 | steps_t:  4207 | t: 0.795363 | r:  -505.000000 | e:   0.579300 | Q: -378.184570 | won: False 
#   65 | steps:   753 | steps_t:  4207 | t: 0.805530 | r:  -507.000000 | e:   0.579300 | Q: -282.665466 | won: False 
#   66 | steps:   761 | steps_t:  4207 | t: 0.815310 | r:  -507.000000 | e:   0.579300 | Q: -282.665466 | won: False 
#   67 | steps:   771 | steps_t:  4207 | t: 0.821141 | r:  -509.000000 | e:   0.579300 | Q: -276.948944 | won: False 
#   68 | steps:   785 | steps_t:  4207 | t: 0.838767 | r:  -502.000000 | e:   0.579300 | Q: -258.878021 | won: False 
#   69 | steps:   793 | steps_t:  4207 | t: 0.845791 | r:  -507.000000 | e:   0.579300 | Q: -282.665466 | won: False 
#   70 | steps:   821 | steps_t:  4207 | t: 0.871488 | r:  -527.000000 | e:   0.579300 | Q: -264.105774 | won: False 
#   71 | steps:   834 | steps_t:  4207 | t: 0.883322 | r:  -512.000000 | e:   0.579300 | Q: -264.551208 | won: False 
#   72 | steps:   842 | steps_t:  4207 | t: 0.892361 | r:  -507.000000 | e:   0.579300 | Q: -328.111725 | won: False 
#   73 | steps:   858 | steps_t:  4207 | t: 0.912248 | r:  -504.000000 | e:   0.579300 | Q: -259.196533 | won: False 
#   74 | steps:   867 | steps_t:  4207 | t: 0.918412 | r:  -508.000000 | e:   0.579300 | Q: -282.665466 | won: False 
#   75 | steps:   877 | steps_t:  4207 | t: 0.922634 | r:  -509.000000 | e:   0.579300 | Q:        nan | won: False 
#   76 | steps:   906 | steps_t:  4207 | t: 0.951821 | r:  -528.000000 | e:   0.579300 | Q: -246.391739 | won: False 
#   77 | steps:   919 | steps_t:  4207 | t: 0.966152 | r:  -512.000000 | e:   0.579300 | Q: -258.878021 | won: False 
#   78 | steps:   926 | steps_t:  4207 | t: 0.970825 | r:  -506.000000 | e:   0.579300 | Q: -328.430267 | won: False 
#   79 | steps:   935 | steps_t:  4207 | t: 0.982805 | r:  -508.000000 | e:   0.579300 | Q: -258.878021 | won: False 
#   80 | steps:   940 | steps_t:  4207 | t: 0.986189 | r:  -504.000000 | e:   0.579300 | Q: -378.278381 | won: False 
#   81 | steps:   957 | steps_t:  4207 | t: 1.003528 | r:  -516.000000 | e:   0.579300 | Q: -258.878021 | won: False 
#   82 | steps:   962 | steps_t:  4207 | t: 1.007492 | r:  -504.000000 | e:   0.579300 | Q: -379.267517 | won: False 
#   83 | steps:   975 | steps_t:  4207 | t: 1.015344 | r:  -501.000000 | e:   0.579300 | Q: -259.196533 | won: False 
#   84 | steps:   990 | steps_t:  4207 | t: 1.032473 | r:  -503.000000 | e:   0.579300 | Q: -249.826508 | won: False 
#   85 | steps:  1004 | steps_t:  4207 | t: 1.047796 | r:  -513.000000 | e:   0.579300 | Q: -282.665466 | won: False 
#   86 | steps:  1010 | steps_t:  4207 | t: 1.051645 | r:  -505.000000 | e:   0.579300 | Q: -390.722748 | won: False 
#   87 | steps:  1019 | steps_t:  4207 | t: 1.063354 | r:  -508.000000 | e:   0.579300 | Q: -328.111725 | won: False 
#   88 | steps:  1046 | steps_t:  4207 | t: 1.089335 | r:  -526.000000 | e:   0.579300 | Q: -264.551208 | won: False 
#   89 | steps:  1059 | steps_t:  4207 | t: 1.099784 | r:  -512.000000 | e:   0.579300 | Q: -328.111725 | won: False 
#   90 | steps:  1077 | steps_t:  4207 | t: 1.116885 | r:  -517.000000 | e:   0.579300 | Q: -264.551208 | won: False 
#   91 | steps:  1083 | steps_t:  4207 | t: 1.122532 | r:  -505.000000 | e:   0.579300 | Q: -328.111725 | won: False 
#   92 | steps:  1088 | steps_t:  4207 | t: 1.127626 | r:  -504.000000 | e:   0.579300 | Q: -282.665466 | won: False 
#   93 | steps:  1098 | steps_t:  4207 | t: 1.135034 | r:  -509.000000 | e:   0.579300 | Q: -404.815918 | won: False 
#   94 | steps:  1107 | steps_t:  4207 | t: 1.144519 | r:  -508.000000 | e:   0.579300 | Q: -328.043640 | won: False 
#   95 | steps:  1123 | steps_t:  4207 | t: 1.161189 | r:  -504.000000 | e:   0.579300 | Q: -265.952759 | won: False 
#   96 | steps:  1131 | steps_t:  4207 | t: 1.169175 | r:  -507.000000 | e:   0.579300 | Q: -282.665466 | won: False 
#   97 | steps:  1141 | steps_t:  4207 | t: 1.177460 | r:  -509.000000 | e:   0.579300 | Q: -282.665466 | won: False 
#   98 | steps:  1152 | steps_t:  4207 | t: 1.189546 | r:  -510.000000 | e:   0.579300 | Q: -282.665466 | won: False 
#   99 | steps:  1167 | steps_t:  4207 | t: 1.201610 | r:  -503.000000 | e:   0.579300 | Q: -282.665466 | won: False 
#  100 | steps:  1175 | steps_t:  4207 | t: 1.208445 | r:  -507.000000 | e:   0.579300 | Q: -282.665466 | won: False 
#  101 | steps:  1183 | steps_t:  4207 | t: 1.216634 | r:  -507.000000 | e:   0.579300 | Q: -377.866028 | won: False 
#  102 | steps:  1192 | steps_t:  4207 | t: 1.224350 | r:  -508.000000 | e:   0.579300 | Q: -282.665466 | won: False 
#  103 | steps:  1221 | steps_t:  4207 | t: 1.250006 | r:  -528.000000 | e:   0.579300 | Q: -311.019135 | won: False 
#  104 | steps:  1229 | steps_t:  4207 | t: 1.256820 | r:  -507.000000 | e:   0.579300 | Q: -282.665466 | won: False 
#  105 | steps:  1237 | steps_t:  4207 | t: 1.263570 | r:  -507.000000 | e:   0.579300 | Q: -328.043640 | won: False 
#  106 | steps:  1253 | steps_t:  4207 | t: 1.279858 | r:  -504.000000 | e:   0.579300 | Q: -259.196533 | won: False 
#  107 | steps:  1262 | steps_t:  4207 | t: 1.289917 | r:  -508.000000 | e:   0.579300 | Q: -363.835571 | won: False 
#  108 | steps:  1271 | steps_t:  4207 | t: 1.297270 | r:  -508.000000 | e:   0.579300 | Q: -276.592041 | won: False 
#  109 | steps:  1280 | steps_t:  4207 | t: 1.305556 | r:  -508.000000 | e:   0.579300 | Q: -282.665466 | won: False 
#  110 | steps:  1287 | steps_t:  4207 | t: 1.310522 | r:  -506.000000 | e:   0.579300 | Q: -258.809967 | won: False 
#  111 | steps:  1306 | steps_t:  4207 | t: 1.328829 | r:  -507.000000 | e:   0.579300 | Q: -241.805893 | won: False 
#  112 | steps:  1313 | steps_t:  4207 | t: 1.336607 | r:  -506.000000 | e:   0.579300 | Q: -328.111725 | won: False 
#  113 | steps:  1322 | steps_t:  4207 | t: 1.348945 | r:  -508.000000 | e:   0.579300 | Q: -282.665466 | won: False 
#  114 | steps:  1337 | steps_t:  4207 | t: 1.366978 | r:  -492.000000 | e:   0.579300 | Q: -258.878021 | won: False 
#  115 | steps:  1354 | steps_t:  4207 | t: 1.389880 | r:  -516.000000 | e:   0.579300 | Q: -258.878021 | won: False 
#  116 | steps:  1371 | steps_t:  4207 | t: 1.406771 | r:  -505.000000 | e:   0.579300 | Q: -276.910583 | won: False 
#  117 | steps:  1378 | steps_t:  4207 | t: 1.414362 | r:  -506.000000 | e:   0.579300 | Q: -282.665466 | won: False 
#  118 | steps:  1387 | steps_t:  4207 | t: 1.425826 | r:  -508.000000 | e:   0.579300 | Q: -276.523956 | won: False 
#  119 | steps:  1396 | steps_t:  4207 | t: 1.437614 | r:  -508.000000 | e:   0.579300 | Q: -282.665466 | won: False 
#  120 | steps:  1405 | steps_t:  4207 | t: 1.445558 | r:  -508.000000 | e:   0.579300 | Q: -282.665466 | won: False 
#  121 | steps:  1429 | steps_t:  4207 | t: 1.460987 | r:  -523.000000 | e:   0.579300 | Q: -276.592041 | won: False 
#  122 | steps:  1449 | steps_t:  4207 | t: 1.474178 | r:  -519.000000 | e:   0.579300 | Q: -259.234894 | won: False 
#  123 | steps:  1456 | steps_t:  4207 | t: 1.481445 | r:  -506.000000 | e:   0.579300 | Q: -328.111725 | won: False 
#  124 | steps:  1465 | steps_t:  4207 | t: 1.485726 | r:  -508.000000 | e:   0.579300 | Q: -264.551208 | won: False 
#  125 | steps:  1492 | steps_t:  4207 | t: 1.504610 | r:  -526.000000 | e:   0.579300 | Q: -264.483124 | won: False 
#  126 | steps:  1512 | steps_t:  4207 | t: 1.527247 | r:  -519.000000 | e:   0.579300 | Q: -258.878021 | won: False 
#  127 | steps:  1521 | steps_t:  4207 | t: 1.535647 | r:  -508.000000 | e:   0.579300 | Q: -282.665466 | won: False 
#  128 | steps:  1540 | steps_t:  4207 | t: 1.552465 | r:  -507.000000 | e:   0.579300 | Q: -315.129211 | won: False 
#  129 | steps:  1552 | steps_t:  4207 | t: 1.563275 | r:  -511.000000 | e:   0.579300 | Q: -258.878021 | won: False 
#  130 | steps:  1559 | steps_t:  4207 | t: 1.568721 | r:  -506.000000 | e:   0.579300 | Q: -276.523956 | won: False 
#  131 | steps:  1569 | steps_t:  4207 | t: 1.582676 | r:  -509.000000 | e:   0.579300 | Q: -258.878021 | won: False 
#  132 | steps:  1583 | steps_t:  4207 | t: 1.595252 | r:  -513.000000 | e:   0.579300 | Q: -258.878021 | won: False 
#  133 | steps:  1596 | steps_t:  4207 | t: 1.610659 | r:  -501.000000 | e:   0.579300 | Q: -258.878021 | won: False 
#  134 | steps:  1616 | steps_t:  4207 | t: 1.626214 | r:  -519.000000 | e:   0.579300 | Q: -258.878021 | won: False 
#  135 | steps:  1621 | steps_t:  4207 | t: 1.630850 | r:  -504.000000 | e:   0.579300 | Q: -328.430267 | won: False 
#  136 | steps:  1636 | steps_t:  4207 | t: 1.648453 | r:  -503.000000 | e:   0.579300 | Q: -321.915802 | won: False 
#  137 | steps:  1649 | steps_t:  4207 | t: 1.661327 | r:  -512.000000 | e:   0.579300 | Q: -264.551208 | won: False 
#  138 | steps:  1658 | steps_t:  4207 | t: 1.664901 | r:  -508.000000 | e:   0.579300 | Q:        nan | won: False 
#  139 | steps:  1667 | steps_t:  4207 | t: 1.675093 | r:  -508.000000 | e:   0.579300 | Q: -328.111725 | won: False 
#  140 | steps:  1676 | steps_t:  4207 | t: 1.684758 | r:  -508.000000 | e:   0.579300 | Q: -258.878021 | won: False 
#  141 | steps:  1685 | steps_t:  4207 | t: 1.696099 | r:  -508.000000 | e:   0.579300 | Q: -363.835571 | won: False 
#  142 | steps:  1698 | steps_t:  4207 | t: 1.709914 | r:  -512.000000 | e:   0.579300 | Q: -258.878021 | won: False 
#  143 | steps:  1711 | steps_t:  4207 | t: 1.724735 | r:  -512.000000 | e:   0.579300 | Q: -258.878021 | won: False 
#  144 | steps:  1718 | steps_t:  4207 | t: 1.729732 | r:  -506.000000 | e:   0.579300 | Q: -377.866028 | won: False 
#  145 | steps:  1734 | steps_t:  4207 | t: 1.746255 | r:  -504.000000 | e:   0.579300 | Q: -282.665466 | won: False 
#  146 | steps:  1748 | steps_t:  4207 | t: 1.761261 | r:  -502.000000 | e:   0.579300 | Q: -267.540527 | won: False 
#  147 | steps:  1755 | steps_t:  4207 | t: 1.766603 | r:  -506.000000 | e:   0.579300 | Q: -377.866028 | won: False 
#  148 | steps:  1763 | steps_t:  4207 | t: 1.777362 | r:  -507.000000 | e:   0.579300 | Q: -282.665466 | won: False 
#  149 | steps:  1781 | steps_t:  4207 | t: 1.791187 | r:  -517.000000 | e:   0.579300 | Q: -264.551208 | won: False 
#  150 | steps:  1789 | steps_t:  4207 | t: 1.796006 | r:  -507.000000 | e:   0.579300 | Q: -282.665466 | won: False 
#  151 | steps:  1797 | steps_t:  4207 | t: 1.801480 | r:  -507.000000 | e:   0.579300 | Q: -377.797974 | won: False 
#  152 | steps:  1802 | steps_t:  4207 | t: 1.803658 | r:  -504.000000 | e:   0.579300 | Q:        nan | won: False 
#  153 | steps:  1819 | steps_t:  4207 | t: 1.820253 | r:  -516.000000 | e:   0.579300 | Q: -258.878021 | won: False 
#  154 | steps:  1838 | steps_t:  4207 | t: 1.839136 | r:  -507.000000 | e:   0.579300 | Q: -264.869720 | won: False 
#  155 | steps:  1844 | steps_t:  4207 | t: 1.842721 | r:  -505.000000 | e:   0.579300 | Q: -321.245026 | won: False 
#  156 | steps:  1853 | steps_t:  4207 | t: 1.851722 | r:  -508.000000 | e:   0.579300 | Q: -258.878021 | won: False 
#  157 | steps:  1863 | steps_t:  4207 | t: 1.863249 | r:  -509.000000 | e:   0.579300 | Q: -258.878021 | won: False 
#  158 | steps:  1880 | steps_t:  4207 | t: 1.876690 | r:  -516.000000 | e:   0.579300 | Q: -259.290405 | won: False 
#  159 | steps:  1896 | steps_t:  4207 | t: 1.893281 | r:  -504.000000 | e:   0.579300 | Q: -276.910583 | won: False 
#  160 | steps:  1904 | steps_t:  4207 | t: 1.902822 | r:  -507.000000 | e:   0.579300 | Q: -282.665466 | won: False 
#  161 | steps:  1916 | steps_t:  4207 | t: 1.909972 | r:  -511.000000 | e:   0.579300 | Q: -321.915802 | won: False 
#  162 | steps:  1924 | steps_t:  4207 | t: 1.917436 | r:  -507.000000 | e:   0.579300 | Q: -328.043640 | won: False 
#  163 | steps:  1943 | steps_t:  4207 | t: 1.934805 | r:  -518.000000 | e:   0.579300 | Q: -258.878021 | won: False 
#  164 | steps:  1948 | steps_t:  4207 | t: 1.937812 | r:  -504.000000 | e:   0.579300 | Q: -364.222198 | won: False 
#  165 | steps:  1955 | steps_t:  4207 | t: 1.943767 | r:  -506.000000 | e:   0.579300 | Q: -282.665466 | won: False 
#  166 | steps:  1961 | steps_t:  4207 | t: 1.947083 | r:  -505.000000 | e:   0.579300 | Q: -328.430267 | won: False 
#  167 | steps:  1966 | steps_t:  4207 | t: 1.951078 | r:  -504.000000 | e:   0.579300 | Q: -364.222198 | won: False 
#  168 | steps:  1978 | steps_t:  4207 | t: 1.964689 | r:  -511.000000 | e:   0.579300 | Q: -258.809967 | won: False 
#  169 | steps:  1983 | steps_t:  4207 | t: 1.967918 | r:  -504.000000 | e:   0.579300 | Q: -328.430267 | won: False 
#  170 | steps:  1991 | steps_t:  4207 | t: 1.975365 | r:  -507.000000 | e:   0.579300 | Q: -282.665466 | won: False 
#  171 | steps:  2012 | steps_t:  4207 | t: 1.990080 | r:  -509.000000 | e:   0.579300 | Q: -264.551208 | won: False 
#  172 | steps:  2018 | steps_t:  4207 | t: 1.997634 | r:  -505.000000 | e:   0.579300 | Q: -282.665466 | won: False 
#  173 | steps:  2026 | steps_t:  4207 | t: 2.003498 | r:  -507.000000 | e:   0.579300 | Q: -258.878021 | won: False 
#  174 | steps:  2032 | steps_t:  4207 | t: 2.008044 | r:  -505.000000 | e:   0.579300 | Q: -364.222198 | won: False 
#  175 | steps:  2048 | steps_t:  4207 | t: 2.025146 | r:  -515.000000 | e:   0.579300 | Q: -258.878021 | won: False 
#  176 | steps:  2055 | steps_t:  4207 | t: 2.032710 | r:  -506.000000 | e:   0.579300 | Q: -363.903656 | won: False 
#  177 | steps:  2070 | steps_t:  4207 | t: 2.044281 | r:  -514.000000 | e:   0.579300 | Q: -259.196533 | won: False 
#  178 | steps:  2082 | steps_t:  4207 | t: 2.055633 | r:  -511.000000 | e:   0.579300 | Q: -258.878021 | won: False 
#  179 | steps:  2091 | steps_t:  4207 | t: 2.062829 | r:  -508.000000 | e:   0.579300 | Q: -410.735138 | won: False 
#  180 | steps:  2096 | steps_t:  4207 | t: 2.067769 | r:  -504.000000 | e:   0.579300 | Q: -328.430267 | won: False 
#  181 | steps:  2104 | steps_t:  4207 | t: 2.076535 | r:  -507.000000 | e:   0.579300 | Q: -282.665466 | won: False 
#  182 | steps:  2112 | steps_t:  4207 | t: 2.085609 | r:  -507.000000 | e:   0.579300 | Q: -377.866028 | won: False 
#  183 | steps:  2122 | steps_t:  4207 | t: 2.096367 | r:  -509.000000 | e:   0.579300 | Q: -328.111725 | won: False 
#  184 | steps:  2131 | steps_t:  4207 | t: 2.104543 | r:  -508.000000 | e:   0.579300 | Q: -258.878021 | won: False 
#  185 | steps:  2139 | steps_t:  4207 | t: 2.113868 | r:  -507.000000 | e:   0.579300 | Q: -282.665466 | won: False 
#  186 | steps:  2156 | steps_t:  4207 | t: 2.131790 | r:  -505.000000 | e:   0.579300 | Q: -363.573364 | won: False 
#  187 | steps:  2166 | steps_t:  4207 | t: 2.138780 | r:  -509.000000 | e:   0.579300 | Q: -276.592041 | won: False 
#  188 | steps:  2172 | steps_t:  4207 | t: 2.143623 | r:  -505.000000 | e:   0.579300 | Q: -282.665466 | won: False 
#  189 | steps:  2181 | steps_t:  4207 | t: 2.148969 | r:  -508.000000 | e:   0.579300 | Q: -328.111725 | won: False 
#  190 | steps:  2189 | steps_t:  4207 | t: 2.154960 | r:  -507.000000 | e:   0.579300 | Q: -363.835571 | won: False 
#  191 | steps:  2197 | steps_t:  4207 | t: 2.165211 | r:  -507.000000 | e:   0.579300 | Q: -282.665466 | won: False 
#  192 | steps:  2203 | steps_t:  4207 | t: 2.172815 | r:  -505.000000 | e:   0.579300 | Q: -282.665466 | won: False 
#  193 | steps:  2211 | steps_t:  4207 | t: 2.184389 | r:  -507.000000 | e:   0.579300 | Q: -328.111725 | won: False 
#  194 | steps:  2235 | steps_t:  4207 | t: 2.209321 | r:  -523.000000 | e:   0.579300 | Q: -258.878021 | won: False 
#  195 | steps:  2246 | steps_t:  4207 | t: 2.221682 | r:  -510.000000 | e:   0.579300 | Q: -258.809967 | won: False 
#  196 | steps:  2258 | steps_t:  4207 | t: 2.235657 | r:  -511.000000 | e:   0.579300 | Q: -258.878021 | won: False 
#  197 | steps:  2266 | steps_t:  4207 | t: 2.244585 | r:  -507.000000 | e:   0.579300 | Q: -328.111725 | won: False 
#  198 | steps:  2271 | steps_t:  4207 | t: 2.249388 | r:  -504.000000 | e:   0.579300 | Q: -364.222198 | won: False 
#  199 | steps:  2279 | steps_t:  4207 | t: 2.261820 | r:  -507.000000 | e:   0.579300 | Q: -328.111725 | won: False 
#  200 | steps:  2300 | steps_t:  4207 | t: 2.285389 | r:  -509.000000 | e:   0.579300 | Q: -276.910583 | won: False 
#  201 | steps:  2307 | steps_t:  4207 | t: 2.293729 | r:  -506.000000 | e:   0.579300 | Q: -363.903656 | won: False 
#  202 | steps:  2312 | steps_t:  4207 | t: 2.298374 | r:  -504.000000 | e:   0.579300 | Q: -364.222198 | won: False 
#  203 | steps:  2319 | steps_t:  4207 | t: 2.304811 | r:  -506.000000 | e:   0.579300 | Q: -282.665466 | won: False 
#  204 | steps:  2328 | steps_t:  4207 | t: 2.310293 | r:  -508.000000 | e:   0.579300 | Q: -282.665466 | won: False 
#  205 | steps:  2333 | steps_t:  4207 | t: 2.315098 | r:  -504.000000 | e:   0.579300 | Q: -365.305237 | won: False 
#  206 | steps:  2353 | steps_t:  4207 | t: 2.336351 | r:  -519.000000 | e:   0.579300 | Q: -258.878021 | won: False 
#  207 | steps:  2363 | steps_t:  4207 | t: 2.343126 | r:  -509.000000 | e:   0.579300 | Q: -321.915802 | won: False 
#  208 | steps:  2391 | steps_t:  4207 | t: 2.375705 | r:  -527.000000 | e:   0.579300 | Q: -308.667114 | won: False 
#  209 | steps:  2400 | steps_t:  4207 | t: 2.383778 | r:  -508.000000 | e:   0.579300 | Q: -282.665466 | won: False 
#  210 | steps:  2408 | steps_t:  4207 | t: 2.394215 | r:  -507.000000 | e:   0.579300 | Q: -258.809967 | won: False 
#  211 | steps:  2414 | steps_t:  4207 | t: 2.399008 | r:  -505.000000 | e:   0.579300 | Q: -364.222198 | won: False 
#  212 | steps:  2422 | steps_t:  4207 | t: 2.406032 | r:  -507.000000 | e:   0.579300 | Q: -282.665466 | won: False 
#  213 | steps:  2432 | steps_t:  4207 | t: 2.415459 | r:  -509.000000 | e:   0.579300 | Q: -258.809967 | won: False 
#  214 | steps:  2447 | steps_t:  4207 | t: 2.429926 | r:  -503.000000 | e:   0.579300 | Q: -322.234344 | won: False 
#  215 | steps:  2459 | steps_t:  4207 | t: 2.440950 | r:  -511.000000 | e:   0.579300 | Q: -258.878021 | won: False 
#  216 | steps:  2467 | steps_t:  4207 | t: 2.446579 | r:  -507.000000 | e:   0.579300 | Q: -404.458984 | won: False 
#  217 | steps:  2476 | steps_t:  4207 | t: 2.457654 | r:  -508.000000 | e:   0.579300 | Q: -282.665466 | won: False 
#  218 | steps:  2493 | steps_t:  4207 | t: 2.475156 | r:  -505.000000 | e:   0.579300 | Q: -258.878021 | won: False 
#  219 | steps:  2502 | steps_t:  4207 | t: 2.480643 | r:  -508.000000 | e:   0.579300 | Q: -363.835571 | won: False 
#  220 | steps:  2512 | steps_t:  4207 | t: 2.488505 | r:  -509.000000 | e:   0.579300 | Q: -328.043640 | won: False 
#  221 | steps:  2527 | steps_t:  4207 | t: 2.504894 | r:  -503.000000 | e:   0.579300 | Q: -258.878021 | won: False 
#  222 | steps:  2533 | steps_t:  4207 | t: 2.510785 | r:  -505.000000 | e:   0.579300 | Q: -282.665466 | won: False 
#  223 | steps:  2576 | steps_t:  4207 | t: 2.555189 | r:  -542.000000 | e:   0.579300 | Q: -247.981339 | won: False 
#  224 | steps:  2581 | steps_t:  4207 | t: 2.561262 | r:  -504.000000 | e:   0.579300 | Q: -282.665466 | won: False 
#  225 | steps:  2587 | steps_t:  4207 | t: 2.564929 | r:  -505.000000 | e:   0.579300 | Q: -363.903656 | won: False 
#  226 | steps:  2602 | steps_t:  4207 | t: 2.579729 | r:  -503.000000 | e:   0.579300 | Q: -322.234344 | won: False 
#  227 | steps:  2610 | steps_t:  4207 | t: 2.585106 | r:  -507.000000 | e:   0.579300 | Q: -410.803162 | won: False 
#  228 | steps:  2618 | steps_t:  4207 | t: 2.598633 | r:  -507.000000 | e:   0.579300 | Q: -282.665466 | won: False 
#  229 | steps:  2627 | steps_t:  4207 | t: 2.605186 | r:  -508.000000 | e:   0.579300 | Q: -282.665466 | won: False 
#  230 | steps:  2642 | steps_t:  4207 | t: 2.617428 | r:  -514.000000 | e:   0.579300 | Q: -258.878021 | won: False 
#  231 | steps:  2650 | steps_t:  4207 | t: 2.623737 | r:  -507.000000 | e:   0.579300 | Q: -328.043640 | won: False 
#  232 | steps:  2658 | steps_t:  4207 | t: 2.632875 | r:  -507.000000 | e:   0.579300 | Q: -377.866028 | won: False 
#  233 | steps:  2681 | steps_t:  4207 | t: 2.654849 | r:  -511.000000 | e:   0.579300 | Q: -259.196533 | won: False 
#  234 | steps:  2691 | steps_t:  4207 | t: 2.667069 | r:  -509.000000 | e:   0.579300 | Q: -282.665466 | won: False 
#  235 | steps:  2700 | steps_t:  4207 | t: 2.675655 | r:  -508.000000 | e:   0.579300 | Q: -282.665466 | won: False 
#  236 | steps:  2708 | steps_t:  4207 | t: 2.683917 | r:  -507.000000 | e:   0.579300 | Q: -282.665466 | won: False 
#  237 | steps:  2739 | steps_t:  4207 | t: 2.712436 | r:  -530.000000 | e:   0.579300 | Q: -265.695343 | won: False 
#  238 | steps:  2752 | steps_t:  4207 | t: 2.723757 | r:  -501.000000 | e:   0.579300 | Q: -259.196533 | won: False 
#  239 | steps:  2757 | steps_t:  4207 | t: 2.729273 | r:  -504.000000 | e:   0.579300 | Q: -364.222198 | won: False 
#  240 | steps:  2766 | steps_t:  4207 | t: 2.739746 | r:  -508.000000 | e:   0.579300 | Q: -282.665466 | won: False 
#  241 | steps:  2774 | steps_t:  4207 | t: 2.749106 | r:  -507.000000 | e:   0.579300 | Q: -258.878021 | won: False 
#  242 | steps:  2807 | steps_t:  4207 | t: 2.781076 | r:  -532.000000 | e:   0.579300 | Q: -246.391739 | won: False 
#  243 | steps:  2825 | steps_t:  4207 | t: 2.799861 | r:  -506.000000 | e:   0.579300 | Q: -259.196533 | won: False 
#  244 | steps:  2834 | steps_t:  4207 | t: 2.806576 | r:  -508.000000 | e:   0.579300 | Q: -363.903656 | won: False 
#  245 | steps:  2841 | steps_t:  4207 | t: 2.814855 | r:  -506.000000 | e:   0.579300 | Q: -282.665466 | won: False 
#  246 | steps:  2848 | steps_t:  4207 | t: 2.819884 | r:  -506.000000 | e:   0.579300 | Q: -389.321228 | won: False 
#  247 | steps:  2857 | steps_t:  4207 | t: 2.829332 | r:  -508.000000 | e:   0.579300 | Q: -258.878021 | won: False 
#  248 | steps:  2867 | steps_t:  4207 | t: 2.841775 | r:  -509.000000 | e:   0.579300 | Q: -282.665466 | won: False 
#  249 | steps:  2875 | steps_t:  4207 | t: 2.852175 | r:  -507.000000 | e:   0.579300 | Q: -389.321228 | won: False 
#  250 | steps:  2889 | steps_t:  4207 | t: 2.865854 | r:  -502.000000 | e:   0.579300 | Q: -282.665466 | won: False 
#  251 | steps:  2894 | steps_t:  4207 | t: 2.869132 | r:  -504.000000 | e:   0.579300 | Q: -365.305237 | won: False 
#  252 | steps:  2902 | steps_t:  4207 | t: 2.874613 | r:  -507.000000 | e:   0.579300 | Q: -258.878021 | won: False 
#  253 | steps:  2915 | steps_t:  4207 | t: 2.889948 | r:  -512.000000 | e:   0.579300 | Q: -276.592041 | won: False 
#  254 | steps:  2923 | steps_t:  4207 | t: 2.898262 | r:  -507.000000 | e:   0.579300 | Q: -328.111725 | won: False 
#  255 | steps:  2943 | steps_t:  4207 | t: 2.917647 | r:  -508.000000 | e:   0.579300 | Q: -259.196533 | won: False 
#  256 | steps:  2959 | steps_t:  4207 | t: 2.930589 | r:  -515.000000 | e:   0.579300 | Q: -258.878021 | won: False 
#  257 | steps:  2965 | steps_t:  4207 | t: 2.934989 | r:  -505.000000 | e:   0.579300 | Q: -282.665466 | won: False 
#  258 | steps:  2974 | steps_t:  4207 | t: 2.944540 | r:  -508.000000 | e:   0.579300 | Q: -377.797974 | won: False 
#  259 | steps:  2981 | steps_t:  4207 | t: 2.953911 | r:  -506.000000 | e:   0.579300 | Q: -282.665466 | won: False 
#  260 | steps:  3000 | steps_t:  4207 | t: 2.974254 | r:  -507.000000 | e:   0.579300 | Q: -258.878021 | won: False 
#  261 | steps:  3005 | steps_t:  4207 | t: 2.979185 | r:  -504.000000 | e:   0.579300 | Q: -379.267517 | won: False 
#  262 | steps:  3013 | steps_t:  4207 | t: 2.990113 | r:  -507.000000 | e:   0.579300 | Q: -282.665466 | won: False 
#  263 | steps:  3021 | steps_t:  4207 | t: 3.000963 | r:  -507.000000 | e:   0.579300 | Q: -258.878021 | won: False 
#  264 | steps:  3027 | steps_t:  4207 | t: 3.008026 | r:  -505.000000 | e:   0.579300 | Q: -282.665466 | won: False 
#  265 | steps:  3043 | steps_t:  4207 | t: 3.023617 | r:  -515.000000 | e:   0.579300 | Q: -258.809967 | won: False 
#  266 | steps:  3049 | steps_t:  4207 | t: 3.027426 | r:  -505.000000 | e:   0.579300 | Q: -328.430267 | won: False 
#  267 | steps:  3065 | steps_t:  4207 | t: 3.037987 | r:  -515.000000 | e:   0.579300 | Q: -276.523956 | won: False 
#  268 | steps:  3072 | steps_t:  4207 | t: 3.041919 | r:  -506.000000 | e:   0.579300 | Q: -377.866028 | won: False 
#  269 | steps:  3081 | steps_t:  4207 | t: 3.053904 | r:  -508.000000 | e:   0.579300 | Q: -282.665466 | won: False 
#  270 | steps:  3096 | steps_t:  4207 | t: 3.065697 | r:  -503.000000 | e:   0.579300 | Q: -322.234344 | won: False 
#  271 | steps:  3117 | steps_t:  4207 | t: 3.088356 | r:  -509.000000 | e:   0.579300 | Q: -258.878021 | won: False 
#  272 | steps:  3128 | steps_t:  4207 | t: 3.096835 | r:  -510.000000 | e:   0.579300 | Q: -276.592041 | won: False 
#  273 | steps:  3136 | steps_t:  4207 | t: 3.104283 | r:  -507.000000 | e:   0.579300 | Q: -282.665466 | won: False 
#  274 | steps:  3158 | steps_t:  4207 | t: 3.122049 | r:  -510.000000 | e:   0.579300 | Q: -258.878021 | won: False 
#  275 | steps:  3166 | steps_t:  4207 | t: 3.131558 | r:  -507.000000 | e:   0.579300 | Q: -328.111725 | won: False 
#  276 | steps:  3180 | steps_t:  4207 | t: 3.143767 | r:  -513.000000 | e:   0.579300 | Q: -328.111725 | won: False 
#  277 | steps:  3194 | steps_t:  4207 | t: 3.158312 | r:  -513.000000 | e:   0.579300 | Q: -258.878021 | won: False 
#  278 | steps:  3203 | steps_t:  4207 | t: 3.165111 | r:  -508.000000 | e:   0.579300 | Q: -328.111725 | won: False 
#  279 | steps:  3212 | steps_t:  4207 | t: 3.178934 | r:  -508.000000 | e:   0.579300 | Q: -282.665466 | won: False 
#  280 | steps:  3228 | steps_t:  4207 | t: 3.195270 | r:  -515.000000 | e:   0.579300 | Q: -276.592041 | won: False 
#  281 | steps:  3234 | steps_t:  4207 | t: 3.201502 | r:  -505.000000 | e:   0.579300 | Q: -282.665466 | won: False 
#  282 | steps:  3240 | steps_t:  4207 | t: 3.210080 | r:  -505.000000 | e:   0.579300 | Q: -282.665466 | won: False 
#  283 | steps:  3261 | steps_t:  4207 | t: 3.229907 | r:  -520.000000 | e:   0.579300 | Q: -264.551208 | won: False 
#  284 | steps:  3278 | steps_t:  4207 | t: 3.244121 | r:  -516.000000 | e:   0.579300 | Q: -258.878021 | won: False 
#  285 | steps:  3296 | steps_t:  4207 | t: 3.259600 | r:  -506.000000 | e:   0.579300 | Q: -258.878021 | won: False 
#  286 | steps:  3311 | steps_t:  4207 | t: 3.276835 | r:  -503.000000 | e:   0.579300 | Q: -258.878021 | won: False 
#  287 | steps:  3319 | steps_t:  4207 | t: 3.283640 | r:  -507.000000 | e:   0.579300 | Q: -328.043640 | won: False 
#  288 | steps:  3327 | steps_t:  4207 | t: 3.289291 | r:  -507.000000 | e:   0.579300 | Q: -363.903656 | won: False 
#  289 | steps:  3337 | steps_t:  4207 | t: 3.294334 | r:  -509.000000 | e:   0.579300 | Q: -282.665466 | won: False 
#  290 | steps:  3350 | steps_t:  4207 | t: 3.305204 | r:  -512.000000 | e:   0.579300 | Q: -322.272675 | won: False 
#  291 | steps:  3356 | steps_t:  4207 | t: 3.316150 | r:  -505.000000 | e:   0.579300 | Q: -282.665466 | won: False 
#  292 | steps:  3365 | steps_t:  4207 | t: 3.328145 | r:  -508.000000 | e:   0.579300 | Q: -258.878021 | won: False 
#  293 | steps:  3373 | steps_t:  4207 | t: 3.333259 | r:  -507.000000 | e:   0.579300 | Q: -328.043640 | won: False 
#  294 | steps:  3381 | steps_t:  4207 | t: 3.340618 | r:  -507.000000 | e:   0.579300 | Q: -282.665466 | won: False 
#  295 | steps:  3391 | steps_t:  4207 | t: 3.354208 | r:  -509.000000 | e:   0.579300 | Q: -282.665466 | won: False 
#  296 | steps:  3401 | steps_t:  4207 | t: 3.365572 | r:  -509.000000 | e:   0.579300 | Q: -282.665466 | won: False 
#  297 | steps:  3428 | steps_t:  4207 | t: 3.399123 | r:  -526.000000 | e:   0.579300 | Q: -258.878021 | won: False 
#  298 | steps:  3436 | steps_t:  4207 | t: 3.408863 | r:  -507.000000 | e:   0.579300 | Q: -282.665466 | won: False 
#  299 | steps:  3449 | steps_t:  4207 | t: 3.422303 | r:  -512.000000 | e:   0.579300 | Q: -258.878021 | won: False 
#  300 | steps:  3459 | steps_t:  4207 | t: 3.428465 | r:  -509.000000 | e:   0.579300 | Q: -264.869720 | won: False 
#  301 | steps:  3468 | steps_t:  4207 | t: 3.436045 | r:  -508.000000 | e:   0.579300 | Q: -410.735138 | won: False 
#  302 | steps:  3488 | steps_t:  4207 | t: 3.453884 | r:  -508.000000 | e:   0.579300 | Q: -259.196533 | won: False 
#  303 | steps:  3507 | steps_t:  4207 | t: 3.473799 | r:  -507.000000 | e:   0.579300 | Q: -276.910583 | won: False 
#  304 | steps:  3515 | steps_t:  4207 | t: 3.482534 | r:  -507.000000 | e:   0.579300 | Q: -282.665466 | won: False 
#  305 | steps:  3521 | steps_t:  4207 | t: 3.487605 | r:  -505.000000 | e:   0.579300 | Q: -264.908081 | won: False 
#  306 | steps:  3534 | steps_t:  4207 | t: 3.500148 | r:  -512.000000 | e:   0.579300 | Q: -276.523956 | won: False 
#  307 | steps:  3543 | steps_t:  4207 | t: 3.507344 | r:  -508.000000 | e:   0.579300 | Q: -282.665466 | won: False 
#  308 | steps:  3574 | steps_t:  4207 | t: 3.531714 | r:  -530.000000 | e:   0.579300 | Q: -303.820099 | won: False 
#  309 | steps:  3582 | steps_t:  4207 | t: 3.540950 | r:  -507.000000 | e:   0.579300 | Q: -363.903656 | won: False 
#  310 | steps:  3589 | steps_t:  4207 | t: 3.547016 | r:  -506.000000 | e:   0.579300 | Q: -282.665466 | won: False 
#  311 | steps:  3600 | steps_t:  4207 | t: 3.556541 | r:  -510.000000 | e:   0.579300 | Q: -258.878021 | won: False 
#  312 | steps:  3609 | steps_t:  4207 | t: 3.566851 | r:  -508.000000 | e:   0.579300 | Q: -328.043640 | won: False 
#  313 | steps:  3617 | steps_t:  4207 | t: 3.575886 | r:  -507.000000 | e:   0.579300 | Q: -282.665466 | won: False 
#  314 | steps:  3634 | steps_t:  4207 | t: 3.590287 | r:  -516.000000 | e:   0.579300 | Q: -258.878021 | won: False 
#  315 | steps:  3642 | steps_t:  4207 | t: 3.595732 | r:  -507.000000 | e:   0.579300 | Q: -389.321228 | won: False 
#  316 | steps:  3650 | steps_t:  4207 | t: 3.607360 | r:  -507.000000 | e:   0.579300 | Q: -282.665466 | won: False 
#  317 | steps:  3656 | steps_t:  4207 | t: 3.612226 | r:  -505.000000 | e:   0.579300 | Q: -282.665466 | won: False 
#  318 | steps:  3662 | steps_t:  4207 | t: 3.616677 | r:  -505.000000 | e:   0.579300 | Q: -328.430267 | won: False 
#  319 | steps:  3670 | steps_t:  4207 | t: 3.624629 | r:  -507.000000 | e:   0.579300 | Q: -258.878021 | won: False 
#  320 | steps:  3679 | steps_t:  4207 | t: 3.631566 | r:  -508.000000 | e:   0.579300 | Q: -389.321228 | won: False 
#  321 | steps:  3687 | steps_t:  4207 | t: 3.638194 | r:  -507.000000 | e:   0.579300 | Q: -258.878021 | won: False 
#  322 | steps:  3713 | steps_t:  4207 | t: 3.655891 | r:  -525.000000 | e:   0.579300 | Q: -258.809967 | won: False 
#  323 | steps:  3723 | steps_t:  4207 | t: 3.669774 | r:  -509.000000 | e:   0.579300 | Q: -258.878021 | won: False 
#  324 | steps:  3731 | steps_t:  4207 | t: 3.680242 | r:  -507.000000 | e:   0.579300 | Q: -328.111725 | won: False 
#  325 | steps:  3744 | steps_t:  4207 | t: 3.700752 | r:  -512.000000 | e:   0.579300 | Q: -264.483124 | won: False 
#  326 | steps:  3764 | steps_t:  4207 | t: 3.717383 | r:  -508.000000 | e:   0.579300 | Q: -258.878021 | won: False 
#  327 | steps:  3771 | steps_t:  4207 | t: 3.723345 | r:  -506.000000 | e:   0.579300 | Q: -282.665466 | won: False 
#  328 | steps:  3779 | steps_t:  4207 | t: 3.734584 | r:  -507.000000 | e:   0.579300 | Q: -282.665466 | won: False 
#  329 | steps:  3798 | steps_t:  4207 | t: 3.751479 | r:  -507.000000 | e:   0.579300 | Q: -241.805893 | won: False 
#  330 | steps:  3816 | steps_t:  4207 | t: 3.767943 | r:  -506.000000 | e:   0.579300 | Q: -363.573364 | won: False 
#  331 | steps:  3837 | steps_t:  4207 | t: 3.786096 | r:  -509.000000 | e:   0.579300 | Q: -277.993530 | won: False 
#  332 | steps:  3842 | steps_t:  4207 | t: 3.790117 | r:  -504.000000 | e:   0.579300 | Q: -379.267517 | won: False 
#  333 | steps:  3851 | steps_t:  4207 | t: 3.801241 | r:  -508.000000 | e:   0.579300 | Q: -258.878021 | won: False 
#  334 | steps:  3860 | steps_t:  4207 | t: 3.811000 | r:  -508.000000 | e:   0.579300 | Q: -377.797974 | won: False 
#  335 | steps:  3870 | steps_t:  4207 | t: 3.819060 | r:  -509.000000 | e:   0.579300 | Q: -282.665466 | won: False 
#  336 | steps:  3884 | steps_t:  4207 | t: 3.834210 | r:  -502.000000 | e:   0.579300 | Q: -276.910583 | won: False 
#  337 | steps:  3915 | steps_t:  4207 | t: 3.864834 | r:  -519.000000 | e:   0.579300 | Q: -260.461731 | won: False 
#  338 | steps:  3930 | steps_t:  4207 | t: 3.881899 | r:  -503.000000 | e:   0.579300 | Q: -249.826508 | won: False 
#  339 | steps:  3936 | steps_t:  4207 | t: 3.888601 | r:  -505.000000 | e:   0.579300 | Q: -282.665466 | won: False 
#  340 | steps:  3954 | steps_t:  4207 | t: 3.905227 | r:  -517.000000 | e:   0.579300 | Q: -258.878021 | won: False 
#  341 | steps:  3960 | steps_t:  4207 | t: 3.908852 | r:  -505.000000 | e:   0.579300 | Q: -389.639709 | won: False 
#  342 | steps:  3969 | steps_t:  4207 | t: 3.915587 | r:  -508.000000 | e:   0.579300 | Q: -377.797974 | won: False 
#  343 | steps:  3988 | steps_t:  4207 | t: 3.935497 | r:  -507.000000 | e:   0.579300 | Q: -264.551208 | won: False 
#  344 | steps:  3996 | steps_t:  4207 | t: 3.943718 | r:  -507.000000 | e:   0.579300 | Q: -282.665466 | won: False 
#  345 | steps:  4005 | steps_t:  4207 | t: 3.950320 | r:  -508.000000 | e:   0.579300 | Q: -328.043640 | won: False 
#  346 | steps:  4012 | steps_t:  4207 | t: 3.958705 | r:  -506.000000 | e:   0.579300 | Q: -363.903656 | won: False 
#  347 | steps:  4021 | steps_t:  4207 | t: 3.965484 | r:  -508.000000 | e:   0.579300 | Q: -258.878021 | won: False 
#  348 | steps:  4036 | steps_t:  4207 | t: 3.980330 | r:  -503.000000 | e:   0.579300 | Q: -255.499664 | won: False 
#  349 | steps:  4063 | steps_t:  4207 | t: 4.004512 | r:  -526.000000 | e:   0.579300 | Q: -258.809967 | won: False 
#  350 | steps:  4076 | steps_t:  4207 | t: 4.020757 | r:  -512.000000 | e:   0.579300 | Q: -282.665466 | won: False 
#  351 | steps:  4085 | steps_t:  4207 | t: 4.030761 | r:  -508.000000 | e:   0.579300 | Q: -282.665466 | won: False 
#  352 | steps:  4093 | steps_t:  4207 | t: 4.039905 | r:  -507.000000 | e:   0.579300 | Q: -282.665466 | won: False 
#  353 | steps:  4102 | steps_t:  4207 | t: 4.047727 | r:  -508.000000 | e:   0.579300 | Q: -363.903656 | won: False 
#  354 | steps:  4111 | steps_t:  4207 | t: 4.058699 | r:  -508.000000 | e:   0.579300 | Q: -282.665466 | won: False 
#  355 | steps:  4133 | steps_t:  4207 | t: 4.084939 | r:  -521.000000 | e:   0.579300 | Q: -264.551208 | won: False 
#  356 | steps:  4146 | steps_t:  4207 | t: 4.096660 | r:  -512.000000 | e:   0.579300 | Q: -264.551208 | won: False 
#  357 | steps:  4151 | steps_t:  4207 | t: 4.102636 | r:  -504.000000 | e:   0.579300 | Q: -282.665466 | won: False 
#  358 | steps:  4158 | steps_t:  4207 | t: 4.108673 | r:  -506.000000 | e:   0.579300 | Q: -404.777557 | won: False 
#  359 | steps:  4164 | steps_t:  4207 | t: 4.116845 | r:  -505.000000 | e:   0.579300 | Q: -282.665466 | won: False 
#  360 | steps:  4169 | steps_t:  4207 | t: 4.121404 | r:  -504.000000 | e:   0.579300 | Q: -328.430267 | won: False 
#  361 | steps:  4181 | steps_t:  4207 | t: 4.134002 | r:  -511.000000 | e:   0.579300 | Q: -264.551208 | won: False 
#  362 | steps:  4195 | steps_t:  4207 | t: 4.147697 | r:  -513.000000 | e:   0.579300 | Q: -258.878021 | won: False 
#  363 | steps:  4211 | steps_t:  4207 | t: 4.165517 | r:  -504.000000 | e:   0.579300 | Q: -264.551208 | won: False 
#  364 | steps:  4221 | steps_t:  4207 | t: 4.171452 | r:  -509.000000 | e:   0.579300 | Q: -328.043640 | won: False 
#  365 | steps:  4228 | steps_t:  4207 | t: 4.178844 | r:  -506.000000 | e:   0.579300 | Q: -282.665466 | won: False 
#  366 | steps:  4237 | steps_t:  4207 | t: 4.185268 | r:  -508.000000 | e:   0.579300 | Q: -321.847748 | won: False 
#  367 | steps:  4246 | steps_t:  4207 | t: 4.194674 | r:  -508.000000 | e:   0.579300 | Q: -258.809967 | won: False 
#  368 | steps:  4252 | steps_t:  4207 | t: 4.197971 | r:  -505.000000 | e:   0.579300 | Q: -390.722748 | won: False 
#  369 | steps:  4260 | steps_t:  4207 | t: 4.205030 | r:  -507.000000 | e:   0.579300 | Q: -264.483124 | won: False 
#  370 | steps:  4273 | steps_t:  4207 | t: 4.215354 | r:  -512.000000 | e:   0.579300 | Q: -276.523956 | won: False 
#  371 | steps:  4283 | steps_t:  4207 | t: 4.225401 | r:  -509.000000 | e:   0.579300 | Q: -282.665466 | won: False 
#  372 | steps:  4298 | steps_t:  4207 | t: 4.236974 | r:  -503.000000 | e:   0.579300 | Q: -249.826508 | won: False 
#  373 | steps:  4304 | steps_t:  4207 | t: 4.241956 | r:  -505.000000 | e:   0.579300 | Q: -328.430267 | won: False 
#  374 | steps:  4321 | steps_t:  4207 | t: 4.257765 | r:  -516.000000 | e:   0.579300 | Q: -260.279541 | won: False 
#  375 | steps:  4327 | steps_t:  4207 | t: 4.262938 | r:  -505.000000 | e:   0.579300 | Q: -378.184570 | won: False 
#  376 | steps:  4333 | steps_t:  4207 | t: 4.268317 | r:  -505.000000 | e:   0.579300 | Q: -282.665466 | won: False 
#  377 | steps:  4341 | steps_t:  4207 | t: 4.276994 | r:  -507.000000 | e:   0.579300 | Q: -282.665466 | won: False 
#  378 | steps:  4348 | steps_t:  4207 | t: 4.282202 | r:  -506.000000 | e:   0.579300 | Q: -328.043640 | won: False 
#  379 | steps:  4369 | steps_t:  4207 | t: 4.299896 | r:  -520.000000 | e:   0.579300 | Q: -258.878021 | won: False 
#  380 | steps:  4377 | steps_t:  4207 | t: 4.306543 | r:  -507.000000 | e:   0.579300 | Q: -363.903656 | won: False 
#  381 | steps:  4392 | steps_t:  4207 | t: 4.320314 | r:  -503.000000 | e:   0.579300 | Q: -249.826508 | won: False 
#  382 | steps:  4398 | steps_t:  4207 | t: 4.324665 | r:  -505.000000 | e:   0.579300 | Q: -389.639709 | won: False 
#  383 | steps:  4408 | steps_t:  4207 | t: 4.334132 | r:  -509.000000 | e:   0.579300 | Q: -258.878021 | won: False 
#  384 | steps:  4416 | steps_t:  4207 | t: 4.345125 | r:  -507.000000 | e:   0.579300 | Q: -282.665466 | won: False 
#  385 | steps:  4438 | steps_t:  4207 | t: 4.366549 | r:  -521.000000 | e:   0.579300 | Q: -264.551208 | won: False 
#  386 | steps:  4454 | steps_t:  4207 | t: 4.385159 | r:  -504.000000 | e:   0.579300 | Q: -264.869720 | won: False 
#  387 | steps:  4475 | steps_t:  4207 | t: 4.402308 | r:  -509.000000 | e:   0.579300 | Q: -282.665466 | won: False 
#  388 | steps:  4484 | steps_t:  4207 | t: 4.409341 | r:  -508.000000 | e:   0.579300 | Q: -282.665466 | won: False 
#  389 | steps:  4492 | steps_t:  4207 | t: 4.417901 | r:  -507.000000 | e:   0.579300 | Q: -328.111725 | won: False 
#  390 | steps:  4513 | steps_t:  4207 | t: 4.433897 | r:  -520.000000 | e:   0.579300 | Q: -264.483124 | won: False 
#  391 | steps:  4529 | steps_t:  4207 | t: 4.453595 | r:  -515.000000 | e:   0.579300 | Q: -258.878021 | won: False 
#  392 | steps:  4539 | steps_t:  4207 | t: 4.461733 | r:  -509.000000 | e:   0.579300 | Q: -258.878021 | won: False 
#  393 | steps:  4548 | steps_t:  4207 | t: 4.469016 | r:  -508.000000 | e:   0.579300 | Q: -321.847748 | won: False 
#  394 | steps:  4557 | steps_t:  4207 | t: 4.477197 | r:  -508.000000 | e:   0.579300 | Q: -258.878021 | won: False 
#  395 | steps:  4577 | steps_t:  4207 | t: 4.493082 | r:  -519.000000 | e:   0.579300 | Q: -276.592041 | won: False 
#  396 | steps:  4587 | steps_t:  4207 | t: 4.502095 | r:  -509.000000 | e:   0.579300 | Q: -377.866028 | won: False 
#  397 | steps:  4596 | steps_t:  4207 | t: 4.509383 | r:  -508.000000 | e:   0.579300 | Q: -378.222900 | won: False 
#  398 | steps:  4604 | steps_t:  4207 | t: 4.513720 | r:  -507.000000 | e:   0.579300 | Q:        nan | won: False 
#  399 | steps:  4610 | steps_t:  4207 | t: 4.517972 | r:  -505.000000 | e:   0.579300 | Q: -282.665466 | won: False 
#  400 | steps:  4616 | steps_t:  4207 | t: 4.521675 | r:  -505.000000 | e:   0.579300 | Q: -282.665466 | won: False 
#  401 | steps:  4624 | steps_t:  4207 | t: 4.528624 | r:  -507.000000 | e:   0.579300 | Q: -264.483124 | won: False 
#  402 | steps:  4640 | steps_t:  4207 | t: 4.546932 | r:  -515.000000 | e:   0.579300 | Q: -258.878021 | won: False 
#  403 | steps:  4656 | steps_t:  4207 | t: 4.570508 | r:  -504.000000 | e:   0.579300 | Q: -258.878021 | won: False 
#  404 | steps:  4665 | steps_t:  4207 | t: 4.580042 | r:  -508.000000 | e:   0.579300 | Q: -377.797974 | won: False 
#  405 | steps:  4670 | steps_t:  4207 | t: 4.584274 | r:  -504.000000 | e:   0.579300 | Q: -379.267517 | won: False 
#  406 | steps:  4678 | steps_t:  4207 | t: 4.594202 | r:  -507.000000 | e:   0.579300 | Q: -282.665466 | won: False 
#  407 | steps:  4689 | steps_t:  4207 | t: 4.603018 | r:  -510.000000 | e:   0.579300 | Q: -328.043640 | won: False 
#  408 | steps:  4696 | steps_t:  4207 | t: 4.608780 | r:  -506.000000 | e:   0.579300 | Q: -282.665466 | won: False 
#  409 | steps:  4704 | steps_t:  4207 | t: 4.615051 | r:  -507.000000 | e:   0.579300 | Q: -328.111725 | won: False 
#  410 | steps:  4717 | steps_t:  4207 | t: 4.625517 | r:  -512.000000 | e:   0.579300 | Q: -258.878021 | won: False 
#  411 | steps:  4725 | steps_t:  4207 | t: 4.634322 | r:  -507.000000 | e:   0.579300 | Q: -282.665466 | won: False 
#  412 | steps:  4733 | steps_t:  4207 | t: 4.644449 | r:  -507.000000 | e:   0.579300 | Q: -282.665466 | won: False 
#  413 | steps:  4740 | steps_t:  4207 | t: 4.650417 | r:  -506.000000 | e:   0.579300 | Q: -282.665466 | won: False 
#  414 | steps:  4750 | steps_t:  4207 | t: 4.661398 | r:  -509.000000 | e:   0.579300 | Q: -282.665466 | won: False 
#  415 | steps:  4755 | steps_t:  4207 | t: 4.666517 | r:  -504.000000 | e:   0.579300 | Q: -365.305237 | won: False 
#  416 | steps:  4762 | steps_t:  4207 | t: 4.673629 | r:  -506.000000 | e:   0.579300 | Q: -276.948944 | won: False 
#  417 | steps:  4777 | steps_t:  4207 | t: 4.688643 | r:  -503.000000 | e:   0.579300 | Q: -249.826508 | won: False 
#  418 | steps:  4792 | steps_t:  4207 | t: 4.698380 | r:  -514.000000 | e:   0.579300 | Q: -314.648743 | won: False 
#  419 | steps:  4810 | steps_t:  4207 | t: 4.716735 | r:  -517.000000 | e:   0.579300 | Q: -258.809967 | won: False 
#  420 | steps:  4820 | steps_t:  4207 | t: 4.726964 | r:  -509.000000 | e:   0.579300 | Q: -321.915802 | won: False 
#  421 | steps:  4841 | steps_t:  4207 | t: 4.745494 | r:  -509.000000 | e:   0.579300 | Q: -282.665466 | won: False 
#  422 | steps:  4850 | steps_t:  4207 | t: 4.750158 | r:  -508.000000 | e:   0.579300 | Q: -414.858856 | won: False 
#  423 | steps:  4858 | steps_t:  4207 | t: 4.757237 | r:  -507.000000 | e:   0.579300 | Q: -264.551208 | won: False 
#  424 | steps:  4863 | steps_t:  4207 | t: 4.761233 | r:  -504.000000 | e:   0.579300 | Q: -328.430267 | won: False 
#  425 | steps:  4871 | steps_t:  4207 | t: 4.768553 | r:  -507.000000 | e:   0.579300 | Q: -328.111725 | won: False 
#  426 | steps:  4881 | steps_t:  4207 | t: 4.778958 | r:  -509.000000 | e:   0.579300 | Q: -264.869720 | won: False 
#  427 | steps:  4890 | steps_t:  4207 | t: 4.790453 | r:  -508.000000 | e:   0.579300 | Q: -282.665466 | won: False 
#  428 | steps:  4896 | steps_t:  4207 | t: 4.794130 | r:  -505.000000 | e:   0.579300 | Q: -364.222198 | won: False 
#  429 | steps:  4915 | steps_t:  4207 | t: 4.812776 | r:  -507.000000 | e:   0.579300 | Q: -264.869720 | won: False 
#  430 | steps:  4931 | steps_t:  4207 | t: 4.825013 | r:  -515.000000 | e:   0.579300 | Q: -258.809967 | won: False 
#  431 | steps:  4937 | steps_t:  4207 | t: 4.828544 | r:  -505.000000 | e:   0.579300 | Q: -378.184570 | won: False 
#  432 | steps:  4946 | steps_t:  4207 | t: 4.834996 | r:  -508.000000 | e:   0.579300 | Q: -264.551208 | won: False 
#  433 | steps:  4961 | steps_t:  4207 | t: 4.850904 | r:  -503.000000 | e:   0.579300 | Q: -264.869720 | won: False 
#  434 | steps:  4967 | steps_t:  4207 | t: 4.856703 | r:  -505.000000 | e:   0.579300 | Q: -364.222198 | won: False 
#  435 | steps:  4973 | steps_t:  4207 | t: 4.862197 | r:  -505.000000 | e:   0.579300 | Q: -364.222198 | won: False 
#  436 | steps:  4980 | steps_t:  4207 | t: 4.870019 | r:  -506.000000 | e:   0.579300 | Q: -282.665466 | won: False 
#  437 | steps:  4989 | steps_t:  4207 | t: 4.881334 | r:  -508.000000 | e:   0.579300 | Q: -282.665466 | won: False 
#  438 | steps:  4997 | steps_t:  4207 | t: 4.887161 | r:  -507.000000 | e:   0.579300 | Q: -282.665466 | won: False 
#  439 | steps:  5036 | steps_t:  4241 | t: 5.261702 | r:  -527.000000 | e:   0.575900 | Q: -250.884155 | won: False 
#  440 | steps:  5042 | steps_t:  4246 | t: 5.302228 | r:  -505.000000 | e:   0.575400 | Q:        nan | won: False 
#  441 | steps:  5055 | steps_t:  4258 | t: 5.403296 | r:  -512.000000 | e:   0.574200 | Q: -320.673676 | won: False 
#  442 | steps:  5073 | steps_t:  4275 | t: 5.537384 | r:  -517.000000 | e:   0.572500 | Q: -251.177872 | won: False 
#  443 | steps:  5083 | steps_t:  4284 | t: 5.613456 | r:  -509.000000 | e:   0.571600 | Q: -252.420624 | won: False 
#  444 | steps:  5107 | steps_t:  4307 | t: 5.814999 | r:  -523.000000 | e:   0.569300 | Q: -254.936295 | won: False 
#  445 | steps:  5115 | steps_t:  4314 | t: 5.875941 | r:  -507.000000 | e:   0.568600 | Q: -269.218353 | won: False 
#  446 | steps:  5128 | steps_t:  4326 | t: 5.982293 | r:  -512.000000 | e:   0.567400 | Q: -237.194473 | won: False 
#  447 | steps:  5138 | steps_t:  4335 | t: 6.062450 | r:  -509.000000 | e:   0.566500 | Q: -375.337555 | won: False 
#  448 | steps:  5148 | steps_t:  4344 | t: 6.154195 | r:  -509.000000 | e:   0.565600 | Q: -386.530090 | won: False 
#  449 | steps:  5154 | steps_t:  4349 | t: 6.208678 | r:  -505.000000 | e:   0.565100 | Q: -269.143005 | won: False 
#  450 | steps:  5169 | steps_t:  4363 | t: 6.634908 | r:  -514.000000 | e:   0.563700 | Q: -269.424011 | won: False 
#  451 | steps:  5178 | steps_t:  4371 | t: 6.924633 | r:  -508.000000 | e:   0.562900 | Q: -286.617493 | won: False 
#  452 | steps:  5201 | steps_t:  4393 | t: 7.744378 | r:  -522.000000 | e:   0.560700 | Q: -277.705109 | won: False 
#  453 | steps:  5208 | steps_t:  4399 | t: 7.967641 | r:  -506.000000 | e:   0.560100 | Q: -248.429962 | won: False 
#  454 | steps:  5221 | steps_t:  4411 | t: 8.408668 | r:  -512.000000 | e:   0.558900 | Q: -333.332214 | won: False 
#  455 | steps:  5233 | steps_t:  4422 | t: 8.811624 | r:  -511.000000 | e:   0.557800 | Q: -296.223999 | won: False 
#  456 | steps:  5256 | steps_t:  4444 | t: 9.600003 | r:  -522.000000 | e:   0.555600 | Q: -234.450775 | won: False 
#  457 | steps:  5272 | steps_t:  4459 | t: 10.140726 | r:  -515.000000 | e:   0.554100 | Q: -257.499695 | won: False 
#  458 | steps:  5285 | steps_t:  4471 | t: 10.326381 | r:  -512.000000 | e:   0.552900 | Q: -255.678696 | won: False 
#  459 | steps:  5294 | steps_t:  4479 | t: 10.397860 | r:  -508.000000 | e:   0.552100 | Q: -275.346924 | won: False 
#  460 | steps:  5308 | steps_t:  4492 | t: 10.510429 | r:  -502.000000 | e:   0.550800 | Q: -248.219360 | won: False 
#  461 | steps:  5317 | steps_t:  4500 | t: 10.579897 | r:  -508.000000 | e:   0.550000 | Q: -261.834381 | won: False 
#  462 | steps:  5339 | steps_t:  4521 | t: 10.745314 | r:  -521.000000 | e:   0.547900 | Q: -234.742462 | won: False 
#  463 | steps:  5354 | steps_t:  4535 | t: 10.863000 | r:  -514.000000 | e:   0.546500 | Q: -232.804123 | won: False 
#  464 | steps:  5366 | steps_t:  4546 | t: 10.954421 | r:  -511.000000 | e:   0.545400 | Q: -357.946198 | won: False 
#  465 | steps:  5377 | steps_t:  4556 | t: 11.040205 | r:  -510.000000 | e:   0.544400 | Q: -280.362244 | won: False 
#  466 | steps:  5389 | steps_t:  4567 | t: 11.132252 | r:  -511.000000 | e:   0.543300 | Q: -266.375061 | won: False 
#  467 | steps:  5397 | steps_t:  4574 | t: 11.188215 | r:  -507.000000 | e:   0.542600 | Q: -263.374176 | won: False 
#  468 | steps:  5404 | steps_t:  4580 | t: 11.238549 | r:  -506.000000 | e:   0.542000 | Q: -261.949371 | won: False 
#  469 | steps:  5427 | steps_t:  4602 | t: 11.417029 | r:  -522.000000 | e:   0.539800 | Q: -228.308807 | won: False 
#  470 | steps:  5437 | steps_t:  4611 | t: 11.490123 | r:  -509.000000 | e:   0.538900 | Q: -293.112274 | won: False 
#  471 | steps:  5444 | steps_t:  4617 | t: 11.544942 | r:  -506.000000 | e:   0.538300 | Q: -236.466278 | won: False 
#  472 | steps:  5453 | steps_t:  4625 | t: 11.608280 | r:  -508.000000 | e:   0.537500 | Q: -256.339722 | won: False 
#  473 | steps:  5466 | steps_t:  4637 | t: 11.709887 | r:  -512.000000 | e:   0.536300 | Q: -298.516815 | won: False 
#  474 | steps:  5474 | steps_t:  4644 | t: 11.767398 | r:  -507.000000 | e:   0.535600 | Q: -222.748505 | won: False 
#  475 | steps:  5483 | steps_t:  4652 | t: 11.833936 | r:  -508.000000 | e:   0.534800 | Q: -327.288635 | won: False 
#  476 | steps:  5496 | steps_t:  4664 | t: 11.931768 | r:  -512.000000 | e:   0.533600 | Q: -218.638641 | won: False 
#  477 | steps:  5507 | steps_t:  4674 | t: 12.014398 | r:  -510.000000 | e:   0.532600 | Q: -313.725739 | won: False 
#  478 | steps:  5517 | steps_t:  4683 | t: 12.092067 | r:  -509.000000 | e:   0.531700 | Q: -238.285080 | won: False 
#  479 | steps:  5528 | steps_t:  4693 | t: 12.185135 | r:  -510.000000 | e:   0.530700 | Q: -273.956360 | won: False 
#  480 | steps:  5539 | steps_t:  4703 | t: 12.263617 | r:  -510.000000 | e:   0.529700 | Q: -381.012726 | won: False 
#  481 | steps:  5547 | steps_t:  4710 | t: 12.323172 | r:  -507.000000 | e:   0.529000 | Q: -262.208344 | won: False 
#  482 | steps:  5564 | steps_t:  4726 | t: 12.477498 | r:  -516.000000 | e:   0.527400 | Q: -274.452423 | won: False 
#  483 | steps:  5572 | steps_t:  4733 | t: 12.543146 | r:  -507.000000 | e:   0.526700 | Q: -374.190125 | won: False 
#  484 | steps:  5589 | steps_t:  4749 | t: 12.687638 | r:  -516.000000 | e:   0.525100 | Q: -278.567383 | won: False 
#  485 | steps:  5598 | steps_t:  4757 | t: 12.755612 | r:  -508.000000 | e:   0.524300 | Q: -275.233154 | won: False 
#  486 | steps:  5608 | steps_t:  4766 | t: 12.931722 | r:  -509.000000 | e:   0.523400 | Q: -274.373596 | won: False 
#  487 | steps:  5615 | steps_t:  4772 | t: 12.982516 | r:  -506.000000 | e:   0.522800 | Q:        nan | won: False 
#  488 | steps:  5626 | steps_t:  4782 | t: 13.066408 | r:  -510.000000 | e:   0.521800 | Q: -281.056732 | won: False 
#  489 | steps:  5636 | steps_t:  4791 | t: 13.148619 | r:  -509.000000 | e:   0.520900 | Q: -321.545532 | won: False 
#  490 | steps:  5658 | steps_t:  4812 | t: 13.354027 | r:  -521.000000 | e:   0.518800 | Q: -245.297150 | won: False 
#  491 | steps:  5668 | steps_t:  4821 | t: 13.435608 | r:  -509.000000 | e:   0.517900 | Q: -358.459259 | won: False 
#  492 | steps:  5691 | steps_t:  4843 | t: 13.647039 | r:  -522.000000 | e:   0.515700 | Q: -258.716644 | won: False 
#  493 | steps:  5702 | steps_t:  4853 | t: 13.759801 | r:  -510.000000 | e:   0.514700 | Q: -259.634399 | won: False 
#  494 | steps:  5710 | steps_t:  4860 | t: 13.835986 | r:  -507.000000 | e:   0.514000 | Q: -265.525238 | won: False 
#  495 | steps:  5719 | steps_t:  4868 | t: 13.923092 | r:  -508.000000 | e:   0.513200 | Q: -262.586243 | won: False 
#  496 | steps:  5731 | steps_t:  4879 | t: 14.050758 | r:  -511.000000 | e:   0.512100 | Q: -249.275024 | won: False 
#  497 | steps:  5740 | steps_t:  4887 | t: 14.145362 | r:  -508.000000 | e:   0.511300 | Q: -280.511200 | won: False 
#  498 | steps:  5766 | steps_t:  4912 | t: 14.433461 | r:  -525.000000 | e:   0.508800 | Q: -263.931915 | won: False 
#  499 | steps:  5778 | steps_t:  4923 | t: 14.566652 | r:  -511.000000 | e:   0.507700 | Q: -288.208405 | won: False 
#  500 | steps:  5790 | steps_t:  4934 | t: 14.684703 | r:  -511.000000 | e:   0.506600 | Q: -336.682861 | won: False 
#  501 | steps:  5800 | steps_t:  4943 | t: 14.787300 | r:  -509.000000 | e:   0.505700 | Q: -292.120789 | won: False 
#  502 | steps:  5810 | steps_t:  4952 | t: 14.879384 | r:  -509.000000 | e:   0.504800 | Q: -263.700226 | won: False 
#  503 | steps:  5821 | steps_t:  4962 | t: 14.972200 | r:  -510.000000 | e:   0.503800 | Q: -285.499664 | won: False 
#  504 | steps:  5840 | steps_t:  4980 | t: 15.159032 | r:  -518.000000 | e:   0.502000 | Q: -255.359360 | won: False 
#  505 | steps:  5851 | steps_t:  4990 | t: 15.272814 | r:  -510.000000 | e:   0.501000 | Q: -264.399902 | won: False 
#  506 | steps:  5862 | steps_t:  5000 | t: 15.378263 | r:  -510.000000 | e:   0.500000 | Q: -304.120758 | won: False 
#  507 | steps:  5871 | steps_t:  5008 | t: 15.453799 | r:  -508.000000 | e:   0.499200 | Q: -234.204178 | won: False 
#  508 | steps:  5893 | steps_t:  5029 | t: 15.685044 | r:  -521.000000 | e:   0.497100 | Q: -205.252319 | won: False 
#  509 | steps:  5905 | steps_t:  5040 | t: 15.790689 | r:  -511.000000 | e:   0.496000 | Q: -351.918457 | won: False 
#  510 | steps:  5917 | steps_t:  5051 | t: 15.894387 | r:  -511.000000 | e:   0.494900 | Q: -333.096436 | won: False 
#  511 | steps:  5946 | steps_t:  5079 | t: 16.182129 | r:  -517.000000 | e:   0.492100 | Q: -237.487640 | won: False 
#  512 | steps:  5957 | steps_t:  5089 | t: 16.276331 | r:  -510.000000 | e:   0.491100 | Q: -283.511414 | won: False 
#  513 | steps:  5965 | steps_t:  5096 | t: 16.351489 | r:  -507.000000 | e:   0.490400 | Q: -254.882492 | won: False 
#  514 | steps:  5974 | steps_t:  5104 | t: 16.440124 | r:  -508.000000 | e:   0.489600 | Q: -246.277786 | won: False 
#  515 | steps:  5984 | steps_t:  5113 | t: 16.545024 | r:  -509.000000 | e:   0.488700 | Q: -285.478851 | won: False 
#  516 | steps:  5995 | steps_t:  5123 | t: 16.672060 | r:  -510.000000 | e:   0.487700 | Q: -383.809937 | won: False 
#  517 | steps:  6008 | steps_t:  5135 | t: 16.791001 | r:  -512.000000 | e:   0.486500 | Q: -303.850342 | won: False 
#  518 | steps:  6019 | steps_t:  5145 | t: 16.889729 | r:  -510.000000 | e:   0.485500 | Q: -301.237030 | won: False 
#  519 | steps:  6029 | steps_t:  5154 | t: 16.982749 | r:  -509.000000 | e:   0.484600 | Q: -294.630615 | won: False 
#  520 | steps:  6041 | steps_t:  5165 | t: 17.106900 | r:  -511.000000 | e:   0.483500 | Q: -280.341919 | won: False 
#  521 | steps:  6052 | steps_t:  5175 | t: 17.218335 | r:  -510.000000 | e:   0.482500 | Q: -277.016968 | won: False 
#  522 | steps:  6061 | steps_t:  5183 | t: 17.293683 | r:  -508.000000 | e:   0.481700 | Q: -254.653275 | won: False 
#  523 | steps:  6073 | steps_t:  5194 | t: 17.408514 | r:  -511.000000 | e:   0.480600 | Q: -305.685089 | won: False 
#  524 | steps:  6082 | steps_t:  5202 | t: 17.500899 | r:  -508.000000 | e:   0.479800 | Q: -261.004272 | won: False 
#  525 | steps:  6094 | steps_t:  5213 | t: 17.628691 | r:  -511.000000 | e:   0.478700 | Q: -252.933884 | won: False 
#  526 | steps:  6105 | steps_t:  5223 | t: 17.728166 | r:  -510.000000 | e:   0.477700 | Q: -318.144196 | won: False 
#  527 | steps:  6118 | steps_t:  5235 | t: 17.860662 | r:  -512.000000 | e:   0.476500 | Q: -282.369629 | won: False 
#  528 | steps:  6128 | steps_t:  5244 | t: 17.934928 | r:  -509.000000 | e:   0.475600 | Q: -391.380188 | won: False 
#  529 | steps:  6140 | steps_t:  5255 | t: 18.053631 | r:  -511.000000 | e:   0.474500 | Q: -274.104431 | won: False 
#  530 | steps:  6151 | steps_t:  5265 | t: 18.161954 | r:  -510.000000 | e:   0.473500 | Q: -274.760254 | won: False 
#  531 | steps:  6159 | steps_t:  5272 | t: 18.272768 | r:  -507.000000 | e:   0.472800 | Q: -269.972504 | won: False 
#  532 | steps:  6175 | steps_t:  5287 | t: 18.828648 | r:  -515.000000 | e:   0.471300 | Q: -229.769989 | won: False 
#  533 | steps:  6189 | steps_t:  5300 | t: 19.326787 | r:  -502.000000 | e:   0.470000 | Q: -246.389221 | won: False 
#  534 | steps:  6198 | steps_t:  5308 | t: 19.622009 | r:  -508.000000 | e:   0.469200 | Q: -286.805023 | won: False 
#  535 | steps:  6207 | steps_t:  5316 | t: 19.924160 | r:  -508.000000 | e:   0.468400 | Q: -264.302551 | won: False 
#  536 | steps:  6218 | steps_t:  5326 | t: 20.252001 | r:  -510.000000 | e:   0.467400 | Q: -280.869293 | won: False 
#  537 | steps:  6227 | steps_t:  5334 | t: 20.313617 | r:  -508.000000 | e:   0.466600 | Q: -346.409454 | won: False 
#  538 | steps:  6238 | steps_t:  5344 | t: 20.392302 | r:  -510.000000 | e:   0.465600 | Q: -345.105042 | won: False 
#  539 | steps:  6274 | steps_t:  5379 | t: 20.688110 | r:  -524.000000 | e:   0.462100 | Q: -253.997299 | won: False 
#  540 | steps:  6287 | steps_t:  5391 | t: 20.795059 | r:  -512.000000 | e:   0.460900 | Q: -288.774231 | won: False 
#  541 | steps:  6298 | steps_t:  5401 | t: 20.887628 | r:  -510.000000 | e:   0.459900 | Q: -293.903442 | won: False 
#  542 | steps:  6309 | steps_t:  5411 | t: 20.985522 | r:  -510.000000 | e:   0.458900 | Q: -328.426819 | won: False 
#  543 | steps:  6322 | steps_t:  5423 | t: 21.110816 | r:  -512.000000 | e:   0.457700 | Q: -260.351318 | won: False 
#  544 | steps:  6333 | steps_t:  5433 | t: 21.207153 | r:  -510.000000 | e:   0.456700 | Q: -323.283875 | won: False 
#  545 | steps:  6349 | steps_t:  5448 | t: 21.377516 | r:  -515.000000 | e:   0.455200 | Q: -242.277191 | won: False 
#  546 | steps:  6362 | steps_t:  5460 | t: 21.496212 | r:  -512.000000 | e:   0.454000 | Q: -253.028061 | won: False 
#  547 | steps:  6376 | steps_t:  5473 | t: 21.628645 | r:  -513.000000 | e:   0.452700 | Q: -277.872955 | won: False 
#  548 | steps:  6389 | steps_t:  5485 | t: 21.757977 | r:  -512.000000 | e:   0.451500 | Q: -334.776886 | won: False 
#  549 | steps:  6396 | steps_t:  5491 | t: 21.823439 | r:  -506.000000 | e:   0.450900 | Q: -254.392426 | won: False 
#  550 | steps:  6404 | steps_t:  5498 | t: 21.943215 | r:  -507.000000 | e:   0.450200 | Q: -264.603638 | won: False 
#  551 | steps:  6415 | steps_t:  5508 | t: 22.045640 | r:  -510.000000 | e:   0.449200 | Q: -277.136597 | won: False 
#  552 | steps:  6429 | steps_t:  5521 | t: 22.184587 | r:  -513.000000 | e:   0.447900 | Q: -303.598145 | won: False 
#  553 | steps:  6452 | steps_t:  5543 | t: 22.442279 | r:  -522.000000 | e:   0.445700 | Q: -251.859970 | won: False 
#  554 | steps:  6463 | steps_t:  5553 | t: 22.564436 | r:  -510.000000 | e:   0.444700 | Q: -274.168579 | won: False 
#  555 | steps:  6494 | steps_t:  5583 | t: 22.888488 | r:  -530.000000 | e:   0.441700 | Q: -261.812744 | won: False 
#  556 | steps:  6503 | steps_t:  5591 | t: 22.970124 | r:  -508.000000 | e:   0.440900 | Q: -251.549500 | won: False 
#  557 | steps:  6526 | steps_t:  5613 | t: 23.222295 | r:  -500.000000 | e:   0.438700 | Q: -219.517426 | won: False 
#  558 | steps:  6536 | steps_t:  5622 | t: 23.331680 | r:  -509.000000 | e:   0.437800 | Q: -247.857651 | won: False 
#  559 | steps:  6557 | steps_t:  5642 | t: 23.548951 | r:  -520.000000 | e:   0.435800 | Q: -253.426422 | won: False 
#  560 | steps:  6574 | steps_t:  5658 | t: 23.727663 | r:  -516.000000 | e:   0.434200 | Q: -252.322617 | won: False 
#  561 | steps:  6585 | steps_t:  5668 | t: 23.842771 | r:  -510.000000 | e:   0.433200 | Q: -257.066254 | won: False 
#  562 | steps:  6591 | steps_t:  5673 | t: 23.897749 | r:  -505.000000 | e:   0.432700 | Q: -229.902344 | won: False 
#  563 | steps:  6613 | steps_t:  5694 | t: 24.159978 | r:  -521.000000 | e:   0.430600 | Q: -235.740112 | won: False 
#  564 | steps:  6624 | steps_t:  5704 | t: 24.252033 | r:  -510.000000 | e:   0.429600 | Q: -334.313995 | won: False 
#  565 | steps:  6635 | steps_t:  5714 | t: 24.345186 | r:  -510.000000 | e:   0.428600 | Q: -322.267517 | won: False 
#  566 | steps:  6650 | steps_t:  5728 | t: 24.488780 | r:  -514.000000 | e:   0.427200 | Q: -235.864212 | won: False 
#  567 | steps:  6678 | steps_t:  5755 | t: 24.781870 | r:  -527.000000 | e:   0.424500 | Q: -223.722824 | won: False 
#  568 | steps:  6694 | steps_t:  5770 | t: 24.945826 | r:  -515.000000 | e:   0.423000 | Q: -245.938889 | won: False 
#  569 | steps:  6708 | steps_t:  5783 | t: 25.077492 | r:  -502.000000 | e:   0.421700 | Q: -258.832764 | won: False 
#  570 | steps:  6727 | steps_t:  5801 | t: 25.281079 | r:  -518.000000 | e:   0.419900 | Q: -270.242218 | won: False 
#  571 | steps:  6749 | steps_t:  5822 | t: 25.558365 | r:  -521.000000 | e:   0.417800 | Q: -234.816406 | won: False 
#  572 | steps:  6759 | steps_t:  5831 | t: 25.654440 | r:  -509.000000 | e:   0.416900 | Q: -348.797913 | won: False 
#  573 | steps:  6773 | steps_t:  5844 | t: 25.806220 | r:  -502.000000 | e:   0.415600 | Q: -235.537643 | won: False 
#  574 | steps:  6786 | steps_t:  5856 | t: 25.928916 | r:  -512.000000 | e:   0.414400 | Q: -269.598785 | won: False 
#  575 | steps:  6800 | steps_t:  5869 | t: 26.080890 | r:  -502.000000 | e:   0.413100 | Q: -264.268738 | won: False 
#  576 | steps:  6812 | steps_t:  5880 | t: 26.194791 | r:  -511.000000 | e:   0.412000 | Q: -323.134705 | won: False 
#  577 | steps:  6843 | steps_t:  5910 | t: 26.516503 | r:  -530.000000 | e:   0.409000 | Q: -227.315582 | won: False 
#  578 | steps:  6853 | steps_t:  5919 | t: 26.635039 | r:  -509.000000 | e:   0.408100 | Q: -237.082764 | won: False 
#  579 | steps:  6862 | steps_t:  5927 | t: 26.706238 | r:  -508.000000 | e:   0.407300 | Q: -247.686768 | won: False 
#  580 | steps:  6883 | steps_t:  5947 | t: 26.919356 | r:  -520.000000 | e:   0.405300 | Q: -263.380493 | won: False 
#  581 | steps:  6895 | steps_t:  5958 | t: 27.034744 | r:  -511.000000 | e:   0.404200 | Q: -272.975555 | won: False 
#  582 | steps:  6913 | steps_t:  5975 | t: 27.206311 | r:  -517.000000 | e:   0.402500 | Q: -210.835281 | won: False 
#  583 | steps:  6929 | steps_t:  5990 | t: 27.357116 | r:  -515.000000 | e:   0.401000 | Q: -240.029221 | won: False 
#  584 | steps:  6946 | steps_t:  6006 | t: 27.531141 | r:  -516.000000 | e:   0.399400 | Q: -247.739609 | won: False 
#  585 | steps:  6956 | steps_t:  6015 | t: 27.622298 | r:  -509.000000 | e:   0.398500 | Q: -313.403015 | won: False 
#  586 | steps:  6970 | steps_t:  6028 | t: 27.773246 | r:  -513.000000 | e:   0.397200 | Q: -232.796143 | won: False 
#  587 | steps:  6996 | steps_t:  6053 | t: 28.034878 | r:  -525.000000 | e:   0.394700 | Q: -264.533142 | won: False 
#  588 | steps:  7014 | steps_t:  6070 | t: 28.226604 | r:  -517.000000 | e:   0.393000 | Q: -243.009476 | won: False 
#  589 | steps:  7023 | steps_t:  6078 | t: 28.332827 | r:  -508.000000 | e:   0.392200 | Q: -230.986938 | won: False 
#  590 | steps:  7033 | steps_t:  6087 | t: 28.422995 | r:  -509.000000 | e:   0.391300 | Q: -248.242447 | won: False 
#  591 | steps:  7055 | steps_t:  6108 | t: 28.666726 | r:  -521.000000 | e:   0.389200 | Q: -232.889099 | won: False 
#  592 | steps:  7072 | steps_t:  6124 | t: 28.818021 | r:  -516.000000 | e:   0.387600 | Q: -230.135056 | won: False 
#  593 | steps:  7090 | steps_t:  6141 | t: 28.995365 | r:  -517.000000 | e:   0.385900 | Q: -238.418091 | won: False 
#  594 | steps:  7098 | steps_t:  6148 | t: 29.071948 | r:  -507.000000 | e:   0.385200 | Q: -266.471588 | won: False 
#  595 | steps:  7121 | steps_t:  6170 | t: 29.316820 | r:  -500.000000 | e:   0.383000 | Q: -243.536377 | won: False 
#  596 | steps:  7138 | steps_t:  6186 | t: 29.491186 | r:  -516.000000 | e:   0.381400 | Q: -241.234131 | won: False 
#  597 | steps:  7144 | steps_t:  6191 | t: 29.542611 | r:  -505.000000 | e:   0.380900 | Q: -268.173492 | won: False 
#  598 | steps:  7158 | steps_t:  6204 | t: 29.695516 | r:  -502.000000 | e:   0.379600 | Q: -243.006912 | won: False 
#  599 | steps:  7171 | steps_t:  6216 | t: 29.819426 | r:  -512.000000 | e:   0.378400 | Q: -281.525146 | won: False 
#  600 | steps:  7183 | steps_t:  6227 | t: 29.932603 | r:  -511.000000 | e:   0.377300 | Q: -285.507904 | won: False 
#  601 | steps:  7195 | steps_t:  6238 | t: 30.050108 | r:  -511.000000 | e:   0.376200 | Q: -258.244415 | won: False 
#  602 | steps:  7213 | steps_t:  6255 | t: 30.504243 | r:  -517.000000 | e:   0.374500 | Q: -219.851166 | won: False 
#  603 | steps:  7226 | steps_t:  6267 | t: 31.059079 | r:  -512.000000 | e:   0.373300 | Q: -214.172531 | won: False 
#  604 | steps:  7244 | steps_t:  6284 | t: 31.827384 | r:  -506.000000 | e:   0.371600 | Q: -232.389191 | won: False 
#  605 | steps:  7258 | steps_t:  6297 | t: 32.246793 | r:  -502.000000 | e:   0.370300 | Q: -253.007645 | won: False 
#  606 | steps:  7268 | steps_t:  6306 | t: 32.326077 | r:  -509.000000 | e:   0.369400 | Q: -322.786804 | won: False 
#  607 | steps:  7280 | steps_t:  6317 | t: 32.421214 | r:  -511.000000 | e:   0.368300 | Q: -247.485458 | won: False 
#  608 | steps:  7295 | steps_t:  6331 | t: 32.540612 | r:  -492.000000 | e:   0.366900 | Q: -281.291718 | won: False 
#  609 | steps:  7319 | steps_t:  6354 | t: 32.757576 | r:  -512.000000 | e:   0.364600 | Q: -230.660141 | won: False 
#  610 | steps:  7329 | steps_t:  6363 | t: 32.856963 | r:  -509.000000 | e:   0.363700 | Q: -251.345795 | won: False 
#  611 | steps:  7339 | steps_t:  6372 | t: 32.950955 | r:  -509.000000 | e:   0.362800 | Q: -235.402039 | won: False 
#  612 | steps:  7354 | steps_t:  6386 | t: 33.125031 | r:  -503.000000 | e:   0.361400 | Q: -253.569748 | won: False 
#  613 | steps:  7366 | steps_t:  6397 | t: 33.228095 | r:  -511.000000 | e:   0.360300 | Q: -237.500732 | won: False 
#  614 | steps:  7374 | steps_t:  6404 | t: 33.313349 | r:  -507.000000 | e:   0.359600 | Q: -268.317444 | won: False 
#  615 | steps:  7384 | steps_t:  6413 | t: 33.428770 | r:  -509.000000 | e:   0.358700 | Q: -272.640625 | won: False 
#  616 | steps:  7413 | steps_t:  6441 | t: 33.721952 | r:  -517.000000 | e:   0.355900 | Q: -238.646759 | won: False 
#  617 | steps:  7421 | steps_t:  6448 | t: 33.786149 | r:  -507.000000 | e:   0.355200 | Q: -274.478516 | won: False 
#  618 | steps:  7441 | steps_t:  6467 | t: 33.997564 | r:  -508.000000 | e:   0.353300 | Q: -245.085892 | won: False 
#  619 | steps:  7458 | steps_t:  6483 | t: 34.165625 | r:  -516.000000 | e:   0.351700 | Q: -240.396042 | won: False 
#  620 | steps:  7463 | steps_t:  6487 | t: 34.203673 | r:  -504.000000 | e:   0.351300 | Q:        nan | won: False 
