#    1 | steps:    10 | steps_t:     0 | t: 0.010358 | r:  -509.000000 | e:   1.000000 | Q:        nan | won: False 
#    2 | steps:    30 | steps_t:     0 | t: 0.017140 | r:  -519.000000 | e:   1.000000 | Q:        nan | won: False 
#    3 | steps:    38 | steps_t:     0 | t: 0.020138 | r:  -507.000000 | e:   1.000000 | Q:        nan | won: False 
#    4 | steps:    48 | steps_t:     0 | t: 0.023545 | r:  -509.000000 | e:   1.000000 | Q:        nan | won: False 
#    5 | steps:    57 | steps_t:     0 | t: 0.026414 | r:  -508.000000 | e:   1.000000 | Q:        nan | won: False 
#    6 | steps:    63 | steps_t:     0 | t: 0.028412 | r:  -505.000000 | e:   1.000000 | Q:        nan | won: False 
#    7 | steps:    72 | steps_t:     0 | t: 0.031515 | r:  -508.000000 | e:   1.000000 | Q:        nan | won: False 
#    8 | steps:    79 | steps_t:     0 | t: 0.033801 | r:  -506.000000 | e:   1.000000 | Q:        nan | won: False 
#    9 | steps:   101 | steps_t:     0 | t: 0.041103 | r:  -521.000000 | e:   1.000000 | Q:        nan | won: False 
#   10 | steps:   110 | steps_t:     0 | t: 0.044144 | r:  -508.000000 | e:   1.000000 | Q:        nan | won: False 
#   11 | steps:   116 | steps_t:     0 | t: 0.046289 | r:  -505.000000 | e:   1.000000 | Q:        nan | won: False 
#   12 | steps:   125 | steps_t:     0 | t: 0.049493 | r:  -508.000000 | e:   1.000000 | Q:        nan | won: False 
#   13 | steps:   133 | steps_t:     0 | t: 0.053286 | r:  -507.000000 | e:   1.000000 | Q:        nan | won: False 
#   14 | steps:   143 | steps_t:     0 | t: 0.056660 | r:  -509.000000 | e:   1.000000 | Q:        nan | won: False 
#   15 | steps:   152 | steps_t:     0 | t: 0.059655 | r:  -508.000000 | e:   1.000000 | Q:        nan | won: False 
#   16 | steps:   167 | steps_t:     0 | t: 0.064877 | r:  -492.000000 | e:   1.000000 | Q:        nan | won: False 
#   17 | steps:   181 | steps_t:     0 | t: 0.070443 | r:  -513.000000 | e:   1.000000 | Q:        nan | won: False 
#   18 | steps:   187 | steps_t:     0 | t: 0.072584 | r:  -505.000000 | e:   1.000000 | Q:        nan | won: False 
#   19 | steps:   196 | steps_t:     0 | t: 0.075680 | r:  -508.000000 | e:   1.000000 | Q:        nan | won: False 
#   20 | steps:   201 | steps_t:     0 | t: 0.077571 | r:  -504.000000 | e:   1.000000 | Q:        nan | won: False 
#   21 | steps:   212 | steps_t:     0 | t: 0.081433 | r:  -510.000000 | e:   1.000000 | Q:        nan | won: False 
#   22 | steps:   222 | steps_t:     0 | t: 0.085229 | r:  -509.000000 | e:   1.000000 | Q:        nan | won: False 
#   23 | steps:   230 | steps_t:     0 | t: 0.088500 | r:  -507.000000 | e:   1.000000 | Q:        nan | won: False 
#   24 | steps:   243 | steps_t:     0 | t: 0.093353 | r:  -512.000000 | e:   1.000000 | Q:        nan | won: False 
#   25 | steps:   255 | steps_t:     0 | t: 0.097679 | r:  -511.000000 | e:   1.000000 | Q:        nan | won: False 
#   26 | steps:   274 | steps_t:     0 | t: 0.104559 | r:  -518.000000 | e:   1.000000 | Q:        nan | won: False 
#   27 | steps:   284 | steps_t:     0 | t: 0.108176 | r:  -509.000000 | e:   1.000000 | Q:        nan | won: False 
#   28 | steps:   303 | steps_t:     0 | t: 0.115027 | r:  -518.000000 | e:   1.000000 | Q:        nan | won: False 
#   29 | steps:   313 | steps_t:     0 | t: 0.118506 | r:  -509.000000 | e:   1.000000 | Q:        nan | won: False 
#   30 | steps:   327 | steps_t:     0 | t: 0.123335 | r:  -513.000000 | e:   1.000000 | Q:        nan | won: False 
#   31 | steps:   337 | steps_t:     0 | t: 0.126775 | r:  -509.000000 | e:   1.000000 | Q:        nan | won: False 
#   32 | steps:   356 | steps_t:     0 | t: 0.132910 | r:  -507.000000 | e:   1.000000 | Q:        nan | won: False 
#   33 | steps:   367 | steps_t:     0 | t: 0.136648 | r:  -510.000000 | e:   1.000000 | Q:        nan | won: False 
#   34 | steps:   387 | steps_t:     0 | t: 0.143372 | r:  -519.000000 | e:   1.000000 | Q:        nan | won: False 
#   35 | steps:   396 | steps_t:     0 | t: 0.146860 | r:  -508.000000 | e:   1.000000 | Q:        nan | won: False 
#   36 | steps:   407 | steps_t:     0 | t: 0.150630 | r:  -510.000000 | e:   1.000000 | Q:        nan | won: False 
#   37 | steps:   417 | steps_t:     0 | t: 0.154143 | r:  -509.000000 | e:   1.000000 | Q:        nan | won: False 
#   38 | steps:   425 | steps_t:     0 | t: 0.156959 | r:  -507.000000 | e:   1.000000 | Q:        nan | won: False 
#   39 | steps:   472 | steps_t:     0 | t: 0.172647 | r:  -535.000000 | e:   1.000000 | Q:        nan | won: False 
#   40 | steps:   481 | steps_t:     0 | t: 0.176021 | r:  -508.000000 | e:   1.000000 | Q:        nan | won: False 
#   41 | steps:   495 | steps_t:     0 | t: 0.180799 | r:  -513.000000 | e:   1.000000 | Q:        nan | won: False 
#   42 | steps:   505 | steps_t:     0 | t: 0.184438 | r:  -509.000000 | e:   1.000000 | Q:        nan | won: False 
#   43 | steps:   514 | steps_t:     0 | t: 0.187944 | r:  -508.000000 | e:   1.000000 | Q:        nan | won: False 
#   44 | steps:   521 | steps_t:     0 | t: 0.190683 | r:  -506.000000 | e:   1.000000 | Q:        nan | won: False 
#   45 | steps:   529 | steps_t:     0 | t: 0.193797 | r:  -507.000000 | e:   1.000000 | Q:        nan | won: False 
#   46 | steps:   540 | steps_t:     0 | t: 0.197870 | r:  -510.000000 | e:   1.000000 | Q:        nan | won: False 
#   47 | steps:   550 | steps_t:     0 | t: 0.201514 | r:  -509.000000 | e:   1.000000 | Q:        nan | won: False 
#   48 | steps:   564 | steps_t:     0 | t: 0.206614 | r:  -513.000000 | e:   1.000000 | Q:        nan | won: False 
#   49 | steps:   574 | steps_t:     0 | t: 0.210482 | r:  -509.000000 | e:   1.000000 | Q:        nan | won: False 
#   50 | steps:   582 | steps_t:     0 | t: 0.213561 | r:  -507.000000 | e:   1.000000 | Q:        nan | won: False 
#   51 | steps:   591 | steps_t:     0 | t: 0.216883 | r:  -508.000000 | e:   1.000000 | Q:        nan | won: False 
#   52 | steps:   598 | steps_t:     0 | t: 0.219576 | r:  -506.000000 | e:   1.000000 | Q:        nan | won: False 
#   53 | steps:   607 | steps_t:     0 | t: 0.222820 | r:  -508.000000 | e:   1.000000 | Q:        nan | won: False 
#   54 | steps:   617 | steps_t:     0 | t: 0.226486 | r:  -509.000000 | e:   1.000000 | Q:        nan | won: False 
#   55 | steps:   628 | steps_t:     0 | t: 0.230356 | r:  -510.000000 | e:   1.000000 | Q:        nan | won: False 
#   56 | steps:   636 | steps_t:     0 | t: 0.233354 | r:  -507.000000 | e:   1.000000 | Q:        nan | won: False 
#   57 | steps:   642 | steps_t:     0 | t: 0.235604 | r:  -505.000000 | e:   1.000000 | Q:        nan | won: False 
#   58 | steps:   652 | steps_t:     0 | t: 0.239269 | r:  -509.000000 | e:   1.000000 | Q:        nan | won: False 
#   59 | steps:   672 | steps_t:     0 | t: 0.246835 | r:  -519.000000 | e:   1.000000 | Q:        nan | won: False 
#   60 | steps:   680 | steps_t:     0 | t: 0.249747 | r:  -507.000000 | e:   1.000000 | Q:        nan | won: False 
#   61 | steps:   688 | steps_t:     0 | t: 0.252846 | r:  -507.000000 | e:   1.000000 | Q:        nan | won: False 
#   62 | steps:   696 | steps_t:     0 | t: 0.255857 | r:  -507.000000 | e:   1.000000 | Q:        nan | won: False 
#   63 | steps:   704 | steps_t:     0 | t: 0.258865 | r:  -507.000000 | e:   1.000000 | Q:        nan | won: False 
#   64 | steps:   716 | steps_t:     0 | t: 0.263325 | r:  -511.000000 | e:   1.000000 | Q:        nan | won: False 
#   65 | steps:   730 | steps_t:     0 | t: 0.268622 | r:  -513.000000 | e:   1.000000 | Q:        nan | won: False 
#   66 | steps:   761 | steps_t:     0 | t: 0.280215 | r:  -519.000000 | e:   1.000000 | Q:        nan | won: False 
#   67 | steps:   769 | steps_t:     0 | t: 0.283356 | r:  -507.000000 | e:   1.000000 | Q:        nan | won: False 
#   68 | steps:   782 | steps_t:     0 | t: 0.288829 | r:  -512.000000 | e:   1.000000 | Q:        nan | won: False 
#   69 | steps:   790 | steps_t:     0 | t: 0.291885 | r:  -507.000000 | e:   1.000000 | Q:        nan | won: False 
#   70 | steps:   806 | steps_t:     0 | t: 0.297741 | r:  -504.000000 | e:   1.000000 | Q:        nan | won: False 
#   71 | steps:   812 | steps_t:     0 | t: 0.300034 | r:  -505.000000 | e:   1.000000 | Q:        nan | won: False 
#   72 | steps:   819 | steps_t:     0 | t: 0.302652 | r:  -506.000000 | e:   1.000000 | Q:        nan | won: False 
#   73 | steps:   827 | steps_t:     0 | t: 0.305688 | r:  -507.000000 | e:   1.000000 | Q:        nan | won: False 
#   74 | steps:   839 | steps_t:     0 | t: 0.310238 | r:  -511.000000 | e:   1.000000 | Q:        nan | won: False 
#   75 | steps:   853 | steps_t:     0 | t: 0.315432 | r:  -513.000000 | e:   1.000000 | Q:        nan | won: False 
#   76 | steps:   874 | steps_t:     0 | t: 0.323397 | r:  -520.000000 | e:   1.000000 | Q:        nan | won: False 
#   77 | steps:   893 | steps_t:     0 | t: 0.330471 | r:  -518.000000 | e:   1.000000 | Q:        nan | won: False 
#   78 | steps:   899 | steps_t:     0 | t: 0.332785 | r:  -505.000000 | e:   1.000000 | Q:        nan | won: False 
#   79 | steps:   907 | steps_t:     0 | t: 0.335932 | r:  -507.000000 | e:   1.000000 | Q:        nan | won: False 
#   80 | steps:   917 | steps_t:     0 | t: 0.339741 | r:  -509.000000 | e:   1.000000 | Q:        nan | won: False 
#   81 | steps:   930 | steps_t:     0 | t: 0.344934 | r:  -512.000000 | e:   1.000000 | Q:        nan | won: False 
#   82 | steps:   942 | steps_t:     0 | t: 0.349576 | r:  -511.000000 | e:   1.000000 | Q:        nan | won: False 
#   83 | steps:   955 | steps_t:     0 | t: 0.354329 | r:  -512.000000 | e:   1.000000 | Q:        nan | won: False 
#   84 | steps:   970 | steps_t:     0 | t: 0.359770 | r:  -492.000000 | e:   1.000000 | Q:        nan | won: False 
#   85 | steps:   978 | steps_t:     0 | t: 0.362684 | r:  -507.000000 | e:   1.000000 | Q:        nan | won: False 
#   86 | steps:   987 | steps_t:     0 | t: 0.366014 | r:  -508.000000 | e:   1.000000 | Q:        nan | won: False 
#   87 | steps:   997 | steps_t:     0 | t: 0.369694 | r:  -509.000000 | e:   1.000000 | Q:        nan | won: False 
#   88 | steps:  1015 | steps_t:     0 | t: 0.376534 | r:  -506.000000 | e:   1.000000 | Q:        nan | won: False 
#   89 | steps:  1035 | steps_t:     0 | t: 0.384081 | r:  -519.000000 | e:   1.000000 | Q:        nan | won: False 
#   90 | steps:  1045 | steps_t:     0 | t: 0.387719 | r:  -509.000000 | e:   1.000000 | Q:        nan | won: False 
#   91 | steps:  1055 | steps_t:     0 | t: 0.391377 | r:  -509.000000 | e:   1.000000 | Q:        nan | won: False 
#   92 | steps:  1067 | steps_t:     0 | t: 0.395772 | r:  -511.000000 | e:   1.000000 | Q:        nan | won: False 
#   93 | steps:  1085 | steps_t:     0 | t: 0.402435 | r:  -517.000000 | e:   1.000000 | Q:        nan | won: False 
#   94 | steps:  1097 | steps_t:     0 | t: 0.407309 | r:  -511.000000 | e:   1.000000 | Q:        nan | won: False 
#   95 | steps:  1107 | steps_t:     0 | t: 0.411051 | r:  -509.000000 | e:   1.000000 | Q:        nan | won: False 
#   96 | steps:  1113 | steps_t:     0 | t: 0.413286 | r:  -505.000000 | e:   1.000000 | Q:        nan | won: False 
#   97 | steps:  1121 | steps_t:     0 | t: 0.416129 | r:  -507.000000 | e:   1.000000 | Q:        nan | won: False 
#   98 | steps:  1133 | steps_t:     0 | t: 0.420549 | r:  -511.000000 | e:   1.000000 | Q:        nan | won: False 
#   99 | steps:  1154 | steps_t:     0 | t: 0.428237 | r:  -520.000000 | e:   1.000000 | Q:        nan | won: False 
#  100 | steps:  1171 | steps_t:     0 | t: 0.434550 | r:  -516.000000 | e:   1.000000 | Q:        nan | won: False 
#  101 | steps:  1180 | steps_t:     0 | t: 0.438304 | r:  -508.000000 | e:   1.000000 | Q:        nan | won: False 
#  102 | steps:  1189 | steps_t:     0 | t: 0.441577 | r:  -508.000000 | e:   1.000000 | Q:        nan | won: False 
#  103 | steps:  1198 | steps_t:     0 | t: 0.444812 | r:  -508.000000 | e:   1.000000 | Q:        nan | won: False 
#  104 | steps:  1212 | steps_t:     0 | t: 0.449928 | r:  -513.000000 | e:   1.000000 | Q:        nan | won: False 
#  105 | steps:  1225 | steps_t:     0 | t: 0.455099 | r:  -512.000000 | e:   1.000000 | Q:        nan | won: False 
#  106 | steps:  1235 | steps_t:     0 | t: 0.458899 | r:  -509.000000 | e:   1.000000 | Q:        nan | won: False 
#  107 | steps:  1243 | steps_t:     0 | t: 0.461803 | r:  -507.000000 | e:   1.000000 | Q:        nan | won: False 
#  108 | steps:  1260 | steps_t:     0 | t: 0.468158 | r:  -516.000000 | e:   1.000000 | Q:        nan | won: False 
#  109 | steps:  1270 | steps_t:     0 | t: 0.472134 | r:  -509.000000 | e:   1.000000 | Q:        nan | won: False 
#  110 | steps:  1279 | steps_t:     0 | t: 0.475342 | r:  -508.000000 | e:   1.000000 | Q:        nan | won: False 
#  111 | steps:  1286 | steps_t:     0 | t: 0.477971 | r:  -506.000000 | e:   1.000000 | Q:        nan | won: False 
#  112 | steps:  1294 | steps_t:     0 | t: 0.481011 | r:  -507.000000 | e:   1.000000 | Q:        nan | won: False 
#  113 | steps:  1307 | steps_t:     0 | t: 0.485655 | r:  -512.000000 | e:   1.000000 | Q:        nan | won: False 
#  114 | steps:  1315 | steps_t:     0 | t: 0.488603 | r:  -507.000000 | e:   1.000000 | Q:        nan | won: False 
#  115 | steps:  1326 | steps_t:     0 | t: 0.492310 | r:  -510.000000 | e:   1.000000 | Q:        nan | won: False 
#  116 | steps:  1333 | steps_t:     0 | t: 0.494689 | r:  -506.000000 | e:   1.000000 | Q:        nan | won: False 
#  117 | steps:  1355 | steps_t:     0 | t: 0.502225 | r:  -521.000000 | e:   1.000000 | Q:        nan | won: False 
#  118 | steps:  1371 | steps_t:     0 | t: 0.508241 | r:  -515.000000 | e:   1.000000 | Q:        nan | won: False 
#  119 | steps:  1381 | steps_t:     0 | t: 0.511988 | r:  -509.000000 | e:   1.000000 | Q:        nan | won: False 
#  120 | steps:  1391 | steps_t:     0 | t: 0.515671 | r:  -509.000000 | e:   1.000000 | Q:        nan | won: False 
#  121 | steps:  1404 | steps_t:     0 | t: 0.520463 | r:  -512.000000 | e:   1.000000 | Q:        nan | won: False 
#  122 | steps:  1410 | steps_t:     0 | t: 0.522700 | r:  -505.000000 | e:   1.000000 | Q:        nan | won: False 
#  123 | steps:  1420 | steps_t:     0 | t: 0.526269 | r:  -509.000000 | e:   1.000000 | Q:        nan | won: False 
#  124 | steps:  1444 | steps_t:     0 | t: 0.534639 | r:  -523.000000 | e:   1.000000 | Q:        nan | won: False 
#  125 | steps:  1457 | steps_t:     0 | t: 0.539452 | r:  -512.000000 | e:   1.000000 | Q:        nan | won: False 
#  126 | steps:  1470 | steps_t:     0 | t: 0.544308 | r:  -512.000000 | e:   1.000000 | Q:        nan | won: False 
#  127 | steps:  1479 | steps_t:     0 | t: 0.547695 | r:  -508.000000 | e:   1.000000 | Q:        nan | won: False 
#  128 | steps:  1489 | steps_t:     0 | t: 0.551287 | r:  -509.000000 | e:   1.000000 | Q:        nan | won: False 
#  129 | steps:  1496 | steps_t:     0 | t: 0.554035 | r:  -506.000000 | e:   1.000000 | Q:        nan | won: False 
#  130 | steps:  1512 | steps_t:     0 | t: 0.559907 | r:  -515.000000 | e:   1.000000 | Q:        nan | won: False 
#  131 | steps:  1520 | steps_t:     0 | t: 0.562753 | r:  -507.000000 | e:   1.000000 | Q:        nan | won: False 
#  132 | steps:  1531 | steps_t:     0 | t: 0.566741 | r:  -510.000000 | e:   1.000000 | Q:        nan | won: False 
#  133 | steps:  1538 | steps_t:     0 | t: 0.569359 | r:  -506.000000 | e:   1.000000 | Q:        nan | won: False 
#  134 | steps:  1545 | steps_t:     0 | t: 0.572006 | r:  -506.000000 | e:   1.000000 | Q:        nan | won: False 
#  135 | steps:  1553 | steps_t:     0 | t: 0.574968 | r:  -507.000000 | e:   1.000000 | Q:        nan | won: False 
#  136 | steps:  1561 | steps_t:     0 | t: 0.577912 | r:  -507.000000 | e:   1.000000 | Q:        nan | won: False 
#  137 | steps:  1608 | steps_t:     0 | t: 0.595328 | r:  -535.000000 | e:   1.000000 | Q:        nan | won: False 
#  138 | steps:  1621 | steps_t:     0 | t: 0.600595 | r:  -512.000000 | e:   1.000000 | Q:        nan | won: False 
#  139 | steps:  1627 | steps_t:     0 | t: 0.603499 | r:  -505.000000 | e:   1.000000 | Q:        nan | won: False 
#  140 | steps:  1638 | steps_t:     0 | t: 0.608063 | r:  -510.000000 | e:   1.000000 | Q:        nan | won: False 
#  141 | steps:  1644 | steps_t:     0 | t: 0.610438 | r:  -505.000000 | e:   1.000000 | Q:        nan | won: False 
#  142 | steps:  1651 | steps_t:     0 | t: 0.613157 | r:  -506.000000 | e:   1.000000 | Q:        nan | won: False 
#  143 | steps:  1669 | steps_t:     0 | t: 0.620056 | r:  -517.000000 | e:   1.000000 | Q:        nan | won: False 
#  144 | steps:  1685 | steps_t:     0 | t: 0.627113 | r:  -515.000000 | e:   1.000000 | Q:        nan | won: False 
#  145 | steps:  1703 | steps_t:     0 | t: 0.634666 | r:  -517.000000 | e:   1.000000 | Q:        nan | won: False 
#  146 | steps:  1714 | steps_t:     0 | t: 0.639321 | r:  -510.000000 | e:   1.000000 | Q:        nan | won: False 
#  147 | steps:  1722 | steps_t:     0 | t: 0.642500 | r:  -507.000000 | e:   1.000000 | Q:        nan | won: False 
#  148 | steps:  1733 | steps_t:     0 | t: 0.646716 | r:  -510.000000 | e:   1.000000 | Q:        nan | won: False 
#  149 | steps:  1746 | steps_t:     0 | t: 0.652359 | r:  -512.000000 | e:   1.000000 | Q:        nan | won: False 
#  150 | steps:  1756 | steps_t:     0 | t: 0.656569 | r:  -509.000000 | e:   1.000000 | Q:        nan | won: False 
#  151 | steps:  1763 | steps_t:     0 | t: 0.659373 | r:  -506.000000 | e:   1.000000 | Q:        nan | won: False 
#  152 | steps:  1780 | steps_t:     0 | t: 0.665970 | r:  -516.000000 | e:   1.000000 | Q:        nan | won: False 
#  153 | steps:  1789 | steps_t:     0 | t: 0.669903 | r:  -508.000000 | e:   1.000000 | Q:        nan | won: False 
#  154 | steps:  1796 | steps_t:     0 | t: 0.673407 | r:  -506.000000 | e:   1.000000 | Q:        nan | won: False 
#  155 | steps:  1805 | steps_t:     0 | t: 0.678359 | r:  -508.000000 | e:   1.000000 | Q:        nan | won: False 
#  156 | steps:  1814 | steps_t:     0 | t: 0.681672 | r:  -508.000000 | e:   1.000000 | Q:        nan | won: False 
#  157 | steps:  1837 | steps_t:     0 | t: 0.690520 | r:  -522.000000 | e:   1.000000 | Q:        nan | won: False 
#  158 | steps:  1855 | steps_t:     0 | t: 0.697343 | r:  -506.000000 | e:   1.000000 | Q:        nan | won: False 
#  159 | steps:  1863 | steps_t:     0 | t: 0.700550 | r:  -507.000000 | e:   1.000000 | Q:        nan | won: False 
#  160 | steps:  1873 | steps_t:     0 | t: 0.704587 | r:  -509.000000 | e:   1.000000 | Q:        nan | won: False 
#  161 | steps:  1885 | steps_t:     0 | t: 0.709543 | r:  -511.000000 | e:   1.000000 | Q:        nan | won: False 
#  162 | steps:  1894 | steps_t:     0 | t: 0.712846 | r:  -508.000000 | e:   1.000000 | Q:        nan | won: False 
#  163 | steps:  1911 | steps_t:     0 | t: 0.719576 | r:  -516.000000 | e:   1.000000 | Q:        nan | won: False 
#  164 | steps:  1917 | steps_t:     0 | t: 0.722166 | r:  -505.000000 | e:   1.000000 | Q:        nan | won: False 
#  165 | steps:  1929 | steps_t:     0 | t: 0.726964 | r:  -511.000000 | e:   1.000000 | Q:        nan | won: False 
#  166 | steps:  1944 | steps_t:     0 | t: 0.733902 | r:  -514.000000 | e:   1.000000 | Q:        nan | won: False 
#  167 | steps:  1956 | steps_t:     0 | t: 0.738694 | r:  -511.000000 | e:   1.000000 | Q:        nan | won: False 
#  168 | steps:  1965 | steps_t:     0 | t: 0.742369 | r:  -508.000000 | e:   1.000000 | Q:        nan | won: False 
#  169 | steps:  1974 | steps_t:     0 | t: 0.745760 | r:  -508.000000 | e:   1.000000 | Q:        nan | won: False 
#  170 | steps:  1999 | steps_t:     0 | t: 0.755193 | r:  -524.000000 | e:   1.000000 | Q:        nan | won: False 
#  171 | steps:  2007 | steps_t:     0 | t: 0.758517 | r:  -507.000000 | e:   1.000000 | Q:        nan | won: False 
#  172 | steps:  2014 | steps_t:     0 | t: 0.761579 | r:  -506.000000 | e:   1.000000 | Q:        nan | won: False 
#  173 | steps:  2025 | steps_t:     0 | t: 0.765930 | r:  -510.000000 | e:   1.000000 | Q:        nan | won: False 
#  174 | steps:  2048 | steps_t:     0 | t: 0.774243 | r:  -522.000000 | e:   1.000000 | Q:        nan | won: False 
#  175 | steps:  2058 | steps_t:     0 | t: 0.778021 | r:  -509.000000 | e:   1.000000 | Q:        nan | won: False 
#  176 | steps:  2078 | steps_t:     0 | t: 0.785027 | r:  -519.000000 | e:   1.000000 | Q:        nan | won: False 
#  177 | steps:  2084 | steps_t:     0 | t: 0.787104 | r:  -505.000000 | e:   1.000000 | Q:        nan | won: False 
#  178 | steps:  2096 | steps_t:     0 | t: 0.791265 | r:  -511.000000 | e:   1.000000 | Q:        nan | won: False 
#  179 | steps:  2106 | steps_t:     0 | t: 0.794797 | r:  -509.000000 | e:   1.000000 | Q:        nan | won: False 
#  180 | steps:  2117 | steps_t:     0 | t: 0.798539 | r:  -510.000000 | e:   1.000000 | Q:        nan | won: False 
#  181 | steps:  2124 | steps_t:     0 | t: 0.801037 | r:  -506.000000 | e:   1.000000 | Q:        nan | won: False 
#  182 | steps:  2134 | steps_t:     0 | t: 0.804707 | r:  -509.000000 | e:   1.000000 | Q:        nan | won: False 
#  183 | steps:  2141 | steps_t:     0 | t: 0.807332 | r:  -506.000000 | e:   1.000000 | Q:        nan | won: False 
#  184 | steps:  2149 | steps_t:     0 | t: 0.810004 | r:  -507.000000 | e:   1.000000 | Q:        nan | won: False 
#  185 | steps:  2155 | steps_t:     0 | t: 0.812071 | r:  -505.000000 | e:   1.000000 | Q:        nan | won: False 
#  186 | steps:  2163 | steps_t:     0 | t: 0.814742 | r:  -507.000000 | e:   1.000000 | Q:        nan | won: False 
#  187 | steps:  2178 | steps_t:     0 | t: 0.819945 | r:  -514.000000 | e:   1.000000 | Q:        nan | won: False 
#  188 | steps:  2188 | steps_t:     0 | t: 0.823453 | r:  -509.000000 | e:   1.000000 | Q:        nan | won: False 
#  189 | steps:  2196 | steps_t:     0 | t: 0.826482 | r:  -507.000000 | e:   1.000000 | Q:        nan | won: False 
#  190 | steps:  2207 | steps_t:     0 | t: 0.830753 | r:  -510.000000 | e:   1.000000 | Q:        nan | won: False 
#  191 | steps:  2220 | steps_t:     0 | t: 0.835598 | r:  -512.000000 | e:   1.000000 | Q:        nan | won: False 
#  192 | steps:  2238 | steps_t:     0 | t: 0.841778 | r:  -517.000000 | e:   1.000000 | Q:        nan | won: False 
#  193 | steps:  2246 | steps_t:     0 | t: 0.844647 | r:  -507.000000 | e:   1.000000 | Q:        nan | won: False 
#  194 | steps:  2255 | steps_t:     0 | t: 0.847840 | r:  -508.000000 | e:   1.000000 | Q:        nan | won: False 
#  195 | steps:  2277 | steps_t:     0 | t: 0.855239 | r:  -521.000000 | e:   1.000000 | Q:        nan | won: False 
#  196 | steps:  2290 | steps_t:     0 | t: 0.859807 | r:  -512.000000 | e:   1.000000 | Q:        nan | won: False 
#  197 | steps:  2299 | steps_t:     0 | t: 0.863107 | r:  -508.000000 | e:   1.000000 | Q:        nan | won: False 
#  198 | steps:  2308 | steps_t:     0 | t: 0.866192 | r:  -508.000000 | e:   1.000000 | Q:        nan | won: False 
#  199 | steps:  2321 | steps_t:     0 | t: 0.870600 | r:  -512.000000 | e:   1.000000 | Q:        nan | won: False 
#  200 | steps:  2333 | steps_t:     0 | t: 0.874671 | r:  -511.000000 | e:   1.000000 | Q:        nan | won: False 
#  201 | steps:  2345 | steps_t:     0 | t: 0.878757 | r:  -511.000000 | e:   1.000000 | Q:        nan | won: False 
#  202 | steps:  2357 | steps_t:     0 | t: 0.882817 | r:  -511.000000 | e:   1.000000 | Q:        nan | won: False 
#  203 | steps:  2365 | steps_t:     0 | t: 0.885513 | r:  -507.000000 | e:   1.000000 | Q:        nan | won: False 
#  204 | steps:  2373 | steps_t:     0 | t: 0.888378 | r:  -507.000000 | e:   1.000000 | Q:        nan | won: False 
#  205 | steps:  2383 | steps_t:     0 | t: 0.892358 | r:  -509.000000 | e:   1.000000 | Q:        nan | won: False 
#  206 | steps:  2391 | steps_t:     0 | t: 0.895242 | r:  -507.000000 | e:   1.000000 | Q:        nan | won: False 
#  207 | steps:  2402 | steps_t:     0 | t: 0.899342 | r:  -510.000000 | e:   1.000000 | Q:        nan | won: False 
#  208 | steps:  2408 | steps_t:     0 | t: 0.901690 | r:  -505.000000 | e:   1.000000 | Q:        nan | won: False 
#  209 | steps:  2415 | steps_t:     0 | t: 0.904351 | r:  -506.000000 | e:   1.000000 | Q:        nan | won: False 
#  210 | steps:  2423 | steps_t:     0 | t: 0.907240 | r:  -507.000000 | e:   1.000000 | Q:        nan | won: False 
#  211 | steps:  2445 | steps_t:     0 | t: 0.914726 | r:  -521.000000 | e:   1.000000 | Q:        nan | won: False 
#  212 | steps:  2452 | steps_t:     0 | t: 0.917046 | r:  -506.000000 | e:   1.000000 | Q:        nan | won: False 
#  213 | steps:  2464 | steps_t:     0 | t: 0.921344 | r:  -511.000000 | e:   1.000000 | Q:        nan | won: False 
#  214 | steps:  2472 | steps_t:     0 | t: 0.924383 | r:  -507.000000 | e:   1.000000 | Q:        nan | won: False 
#  215 | steps:  2480 | steps_t:     0 | t: 0.927075 | r:  -507.000000 | e:   1.000000 | Q:        nan | won: False 
#  216 | steps:  2503 | steps_t:     0 | t: 0.934943 | r:  -522.000000 | e:   1.000000 | Q:        nan | won: False 
#  217 | steps:  2510 | steps_t:     0 | t: 0.937411 | r:  -506.000000 | e:   1.000000 | Q:        nan | won: False 
#  218 | steps:  2531 | steps_t:     0 | t: 0.944347 | r:  -520.000000 | e:   1.000000 | Q:        nan | won: False 
#  219 | steps:  2539 | steps_t:     0 | t: 0.946996 | r:  -507.000000 | e:   1.000000 | Q:        nan | won: False 
#  220 | steps:  2547 | steps_t:     0 | t: 0.949725 | r:  -507.000000 | e:   1.000000 | Q:        nan | won: False 
#  221 | steps:  2555 | steps_t:     0 | t: 0.952477 | r:  -507.000000 | e:   1.000000 | Q:        nan | won: False 
#  222 | steps:  2567 | steps_t:     0 | t: 0.956751 | r:  -511.000000 | e:   1.000000 | Q:        nan | won: False 
#  223 | steps:  2575 | steps_t:     0 | t: 0.959593 | r:  -507.000000 | e:   1.000000 | Q:        nan | won: False 
#  224 | steps:  2583 | steps_t:     0 | t: 0.962221 | r:  -507.000000 | e:   1.000000 | Q:        nan | won: False 
#  225 | steps:  2590 | steps_t:     0 | t: 0.964669 | r:  -506.000000 | e:   1.000000 | Q:        nan | won: False 
#  226 | steps:  2600 | steps_t:     0 | t: 0.968131 | r:  -509.000000 | e:   1.000000 | Q:        nan | won: False 
#  227 | steps:  2608 | steps_t:     0 | t: 0.970790 | r:  -507.000000 | e:   1.000000 | Q:        nan | won: False 
#  228 | steps:  2613 | steps_t:     0 | t: 0.972516 | r:  -504.000000 | e:   1.000000 | Q:        nan | won: False 
#  229 | steps:  2623 | steps_t:     0 | t: 0.976012 | r:  -509.000000 | e:   1.000000 | Q:        nan | won: False 
#  230 | steps:  2631 | steps_t:     0 | t: 0.978785 | r:  -507.000000 | e:   1.000000 | Q:        nan | won: False 
#  231 | steps:  2641 | steps_t:     0 | t: 0.982258 | r:  -509.000000 | e:   1.000000 | Q:        nan | won: False 
#  232 | steps:  2653 | steps_t:     0 | t: 0.986472 | r:  -511.000000 | e:   1.000000 | Q:        nan | won: False 
#  233 | steps:  2662 | steps_t:     0 | t: 0.989646 | r:  -508.000000 | e:   1.000000 | Q:        nan | won: False 
#  234 | steps:  2672 | steps_t:     0 | t: 0.992956 | r:  -509.000000 | e:   1.000000 | Q:        nan | won: False 
#  235 | steps:  2692 | steps_t:     0 | t: 0.999831 | r:  -519.000000 | e:   1.000000 | Q:        nan | won: False 
#  236 | steps:  2700 | steps_t:     0 | t: 1.002530 | r:  -507.000000 | e:   1.000000 | Q:        nan | won: False 
#  237 | steps:  2722 | steps_t:     0 | t: 1.009985 | r:  -521.000000 | e:   1.000000 | Q:        nan | won: False 
#  238 | steps:  2735 | steps_t:     0 | t: 1.014340 | r:  -512.000000 | e:   1.000000 | Q:        nan | won: False 
#  239 | steps:  2742 | steps_t:     0 | t: 1.016936 | r:  -506.000000 | e:   1.000000 | Q:        nan | won: False 
#  240 | steps:  2753 | steps_t:     0 | t: 1.020903 | r:  -510.000000 | e:   1.000000 | Q:        nan | won: False 
#  241 | steps:  2770 | steps_t:     0 | t: 1.026656 | r:  -516.000000 | e:   1.000000 | Q:        nan | won: False 
#  242 | steps:  2777 | steps_t:     0 | t: 1.029082 | r:  -506.000000 | e:   1.000000 | Q:        nan | won: False 
#  243 | steps:  2784 | steps_t:     0 | t: 1.031536 | r:  -506.000000 | e:   1.000000 | Q:        nan | won: False 
#  244 | steps:  2792 | steps_t:     0 | t: 1.034336 | r:  -507.000000 | e:   1.000000 | Q:        nan | won: False 
#  245 | steps:  2809 | steps_t:     0 | t: 1.040127 | r:  -516.000000 | e:   1.000000 | Q:        nan | won: False 
#  246 | steps:  2818 | steps_t:     0 | t: 1.043224 | r:  -508.000000 | e:   1.000000 | Q:        nan | won: False 
#  247 | steps:  2839 | steps_t:     0 | t: 1.050503 | r:  -520.000000 | e:   1.000000 | Q:        nan | won: False 
#  248 | steps:  2850 | steps_t:     0 | t: 1.054507 | r:  -510.000000 | e:   1.000000 | Q:        nan | won: False 
#  249 | steps:  2860 | steps_t:     0 | t: 1.057868 | r:  -509.000000 | e:   1.000000 | Q:        nan | won: False 
#  250 | steps:  2871 | steps_t:     0 | t: 1.061497 | r:  -510.000000 | e:   1.000000 | Q:        nan | won: False 
#  251 | steps:  2881 | steps_t:     0 | t: 1.065015 | r:  -509.000000 | e:   1.000000 | Q:        nan | won: False 
#  252 | steps:  2890 | steps_t:     0 | t: 1.068075 | r:  -508.000000 | e:   1.000000 | Q:        nan | won: False 
#  253 | steps:  2899 | steps_t:     0 | t: 1.071200 | r:  -508.000000 | e:   1.000000 | Q:        nan | won: False 
#  254 | steps:  2906 | steps_t:     0 | t: 1.073648 | r:  -506.000000 | e:   1.000000 | Q:        nan | won: False 
#  255 | steps:  2920 | steps_t:     0 | t: 1.078482 | r:  -513.000000 | e:   1.000000 | Q:        nan | won: False 
#  256 | steps:  2926 | steps_t:     0 | t: 1.080531 | r:  -505.000000 | e:   1.000000 | Q:        nan | won: False 
#  257 | steps:  2947 | steps_t:     0 | t: 1.088784 | r:  -509.000000 | e:   1.000000 | Q:        nan | won: False 
#  258 | steps:  2953 | steps_t:     0 | t: 1.091009 | r:  -505.000000 | e:   1.000000 | Q:        nan | won: False 
#  259 | steps:  2963 | steps_t:     0 | t: 1.094451 | r:  -509.000000 | e:   1.000000 | Q:        nan | won: False 
#  260 | steps:  2971 | steps_t:     0 | t: 1.097165 | r:  -507.000000 | e:   1.000000 | Q:        nan | won: False 
#  261 | steps:  2981 | steps_t:     0 | t: 1.100489 | r:  -509.000000 | e:   1.000000 | Q:        nan | won: False 
#  262 | steps:  2989 | steps_t:     0 | t: 1.103399 | r:  -507.000000 | e:   1.000000 | Q:        nan | won: False 
#  263 | steps:  3006 | steps_t:     0 | t: 1.109224 | r:  -516.000000 | e:   1.000000 | Q:        nan | won: False 
#  264 | steps:  3016 | steps_t:     0 | t: 1.112702 | r:  -509.000000 | e:   1.000000 | Q:        nan | won: False 
#  265 | steps:  3029 | steps_t:     0 | t: 1.117327 | r:  -512.000000 | e:   1.000000 | Q:        nan | won: False 
#  266 | steps:  3049 | steps_t:     0 | t: 1.124191 | r:  -519.000000 | e:   1.000000 | Q:        nan | won: False 
#  267 | steps:  3073 | steps_t:     0 | t: 1.132417 | r:  -523.000000 | e:   1.000000 | Q:        nan | won: False 
#  268 | steps:  3082 | steps_t:     0 | t: 1.135639 | r:  -508.000000 | e:   1.000000 | Q:        nan | won: False 
#  269 | steps:  3098 | steps_t:     0 | t: 1.141046 | r:  -504.000000 | e:   1.000000 | Q:        nan | won: False 
#  270 | steps:  3107 | steps_t:     0 | t: 1.144203 | r:  -508.000000 | e:   1.000000 | Q:        nan | won: False 
#  271 | steps:  3115 | steps_t:     0 | t: 1.147202 | r:  -507.000000 | e:   1.000000 | Q:        nan | won: False 
#  272 | steps:  3134 | steps_t:     0 | t: 1.154026 | r:  -496.000000 | e:   1.000000 | Q:        nan | won: False 
#  273 | steps:  3141 | steps_t:     0 | t: 1.158261 | r:  -506.000000 | e:   1.000000 | Q:        nan | won: False 
#  274 | steps:  3156 | steps_t:     0 | t: 1.163404 | r:  -514.000000 | e:   1.000000 | Q:        nan | won: False 
#  275 | steps:  3163 | steps_t:     0 | t: 1.165814 | r:  -506.000000 | e:   1.000000 | Q:        nan | won: False 
#  276 | steps:  3171 | steps_t:     0 | t: 1.168624 | r:  -507.000000 | e:   1.000000 | Q:        nan | won: False 
#  277 | steps:  3179 | steps_t:     0 | t: 1.171290 | r:  -507.000000 | e:   1.000000 | Q:        nan | won: False 
#  278 | steps:  3193 | steps_t:     0 | t: 1.176075 | r:  -513.000000 | e:   1.000000 | Q:        nan | won: False 
#  279 | steps:  3207 | steps_t:     0 | t: 1.180989 | r:  -513.000000 | e:   1.000000 | Q:        nan | won: False 
#  280 | steps:  3222 | steps_t:     0 | t: 1.186239 | r:  -503.000000 | e:   1.000000 | Q:        nan | won: False 
#  281 | steps:  3229 | steps_t:     0 | t: 1.188558 | r:  -506.000000 | e:   1.000000 | Q:        nan | won: False 
#  282 | steps:  3238 | steps_t:     0 | t: 1.191538 | r:  -508.000000 | e:   1.000000 | Q:        nan | won: False 
#  283 | steps:  3251 | steps_t:     0 | t: 1.195917 | r:  -512.000000 | e:   1.000000 | Q:        nan | won: False 
#  284 | steps:  3264 | steps_t:     0 | t: 1.200390 | r:  -512.000000 | e:   1.000000 | Q:        nan | won: False 
#  285 | steps:  3272 | steps_t:     0 | t: 1.203047 | r:  -507.000000 | e:   1.000000 | Q:        nan | won: False 
#  286 | steps:  3283 | steps_t:     0 | t: 1.206700 | r:  -510.000000 | e:   1.000000 | Q:        nan | won: False 
#  287 | steps:  3304 | steps_t:     0 | t: 1.214560 | r:  -520.000000 | e:   1.000000 | Q:        nan | won: False 
#  288 | steps:  3311 | steps_t:     0 | t: 1.217337 | r:  -506.000000 | e:   1.000000 | Q:        nan | won: False 
#  289 | steps:  3323 | steps_t:     0 | t: 1.221901 | r:  -511.000000 | e:   1.000000 | Q:        nan | won: False 
#  290 | steps:  3329 | steps_t:     0 | t: 1.223990 | r:  -505.000000 | e:   1.000000 | Q:        nan | won: False 
#  291 | steps:  3353 | steps_t:     0 | t: 1.232248 | r:  -523.000000 | e:   1.000000 | Q:        nan | won: False 
#  292 | steps:  3362 | steps_t:     0 | t: 1.235470 | r:  -508.000000 | e:   1.000000 | Q:        nan | won: False 
#  293 | steps:  3370 | steps_t:     0 | t: 1.238133 | r:  -507.000000 | e:   1.000000 | Q:        nan | won: False 
#  294 | steps:  3382 | steps_t:     0 | t: 1.242622 | r:  -511.000000 | e:   1.000000 | Q:        nan | won: False 
#  295 | steps:  3390 | steps_t:     0 | t: 1.245785 | r:  -507.000000 | e:   1.000000 | Q:        nan | won: False 
#  296 | steps:  3414 | steps_t:     0 | t: 1.254750 | r:  -523.000000 | e:   1.000000 | Q:        nan | won: False 
#  297 | steps:  3432 | steps_t:     0 | t: 1.260857 | r:  -517.000000 | e:   1.000000 | Q:        nan | won: False 
#  298 | steps:  3443 | steps_t:     0 | t: 1.264557 | r:  -510.000000 | e:   1.000000 | Q:        nan | won: False 
#  299 | steps:  3454 | steps_t:     0 | t: 1.268398 | r:  -510.000000 | e:   1.000000 | Q:        nan | won: False 
#  300 | steps:  3466 | steps_t:     0 | t: 1.272575 | r:  -511.000000 | e:   1.000000 | Q:        nan | won: False 
#  301 | steps:  3475 | steps_t:     0 | t: 1.275916 | r:  -508.000000 | e:   1.000000 | Q:        nan | won: False 
#  302 | steps:  3495 | steps_t:     0 | t: 1.282590 | r:  -519.000000 | e:   1.000000 | Q:        nan | won: False 
#  303 | steps:  3519 | steps_t:     0 | t: 1.291260 | r:  -523.000000 | e:   1.000000 | Q:        nan | won: False 
#  304 | steps:  3533 | steps_t:     0 | t: 1.296082 | r:  -513.000000 | e:   1.000000 | Q:        nan | won: False 
#  305 | steps:  3545 | steps_t:     0 | t: 1.300308 | r:  -511.000000 | e:   1.000000 | Q:        nan | won: False 
#  306 | steps:  3555 | steps_t:     0 | t: 1.303777 | r:  -509.000000 | e:   1.000000 | Q:        nan | won: False 
#  307 | steps:  3575 | steps_t:     0 | t: 1.310961 | r:  -519.000000 | e:   1.000000 | Q:        nan | won: False 
#  308 | steps:  3592 | steps_t:     0 | t: 1.316772 | r:  -516.000000 | e:   1.000000 | Q:        nan | won: False 
#  309 | steps:  3600 | steps_t:     0 | t: 1.319958 | r:  -507.000000 | e:   1.000000 | Q:        nan | won: False 
#  310 | steps:  3609 | steps_t:     0 | t: 1.323104 | r:  -508.000000 | e:   1.000000 | Q:        nan | won: False 
#  311 | steps:  3618 | steps_t:     0 | t: 1.326052 | r:  -508.000000 | e:   1.000000 | Q:        nan | won: False 
#  312 | steps:  3624 | steps_t:     0 | t: 1.328109 | r:  -505.000000 | e:   1.000000 | Q:        nan | won: False 
#  313 | steps:  3629 | steps_t:     0 | t: 1.329823 | r:  -504.000000 | e:   1.000000 | Q:        nan | won: False 
#  314 | steps:  3636 | steps_t:     0 | t: 1.332302 | r:  -506.000000 | e:   1.000000 | Q:        nan | won: False 
#  315 | steps:  3645 | steps_t:     0 | t: 1.335417 | r:  -508.000000 | e:   1.000000 | Q:        nan | won: False 
#  316 | steps:  3664 | steps_t:     0 | t: 1.342543 | r:  -507.000000 | e:   1.000000 | Q:        nan | won: False 
#  317 | steps:  3688 | steps_t:     0 | t: 1.350789 | r:  -523.000000 | e:   1.000000 | Q:        nan | won: False 
#  318 | steps:  3696 | steps_t:     0 | t: 1.353460 | r:  -507.000000 | e:   1.000000 | Q:        nan | won: False 
#  319 | steps:  3706 | steps_t:     0 | t: 1.356898 | r:  -509.000000 | e:   1.000000 | Q:        nan | won: False 
#  320 | steps:  3713 | steps_t:     0 | t: 1.359306 | r:  -506.000000 | e:   1.000000 | Q:        nan | won: False 
#  321 | steps:  3726 | steps_t:     0 | t: 1.363733 | r:  -512.000000 | e:   1.000000 | Q:        nan | won: False 
#  322 | steps:  3750 | steps_t:     0 | t: 1.372606 | r:  -512.000000 | e:   1.000000 | Q:        nan | won: False 
#  323 | steps:  3760 | steps_t:     0 | t: 1.376134 | r:  -509.000000 | e:   1.000000 | Q:        nan | won: False 
#  324 | steps:  3765 | steps_t:     0 | t: 1.377868 | r:  -504.000000 | e:   1.000000 | Q:        nan | won: False 
#  325 | steps:  3773 | steps_t:     0 | t: 1.380613 | r:  -507.000000 | e:   1.000000 | Q:        nan | won: False 
#  326 | steps:  3780 | steps_t:     0 | t: 1.383034 | r:  -506.000000 | e:   1.000000 | Q:        nan | won: False 
#  327 | steps:  3787 | steps_t:     0 | t: 1.385488 | r:  -506.000000 | e:   1.000000 | Q:        nan | won: False 
#  328 | steps:  3797 | steps_t:     0 | t: 1.388776 | r:  -509.000000 | e:   1.000000 | Q:        nan | won: False 
#  329 | steps:  3807 | steps_t:     0 | t: 1.392242 | r:  -509.000000 | e:   1.000000 | Q:        nan | won: False 
#  330 | steps:  3812 | steps_t:     0 | t: 1.393984 | r:  -504.000000 | e:   1.000000 | Q:        nan | won: False 
#  331 | steps:  3818 | steps_t:     0 | t: 1.396015 | r:  -505.000000 | e:   1.000000 | Q:        nan | won: False 
#  332 | steps:  3824 | steps_t:     0 | t: 1.397921 | r:  -505.000000 | e:   1.000000 | Q:        nan | won: False 
#  333 | steps:  3832 | steps_t:     0 | t: 1.400620 | r:  -507.000000 | e:   1.000000 | Q:        nan | won: False 
#  334 | steps:  3840 | steps_t:     0 | t: 1.404188 | r:  -507.000000 | e:   1.000000 | Q:        nan | won: False 
#  335 | steps:  3847 | steps_t:     0 | t: 1.406585 | r:  -506.000000 | e:   1.000000 | Q:        nan | won: False 
#  336 | steps:  3864 | steps_t:     0 | t: 1.412413 | r:  -516.000000 | e:   1.000000 | Q:        nan | won: False 
#  337 | steps:  3871 | steps_t:     0 | t: 1.414956 | r:  -506.000000 | e:   1.000000 | Q:        nan | won: False 
#  338 | steps:  3885 | steps_t:     0 | t: 1.419838 | r:  -513.000000 | e:   1.000000 | Q:        nan | won: False 
#  339 | steps:  3892 | steps_t:     0 | t: 1.422263 | r:  -506.000000 | e:   1.000000 | Q:        nan | won: False 
#  340 | steps:  3911 | steps_t:     0 | t: 1.428593 | r:  -518.000000 | e:   1.000000 | Q:        nan | won: False 
#  341 | steps:  3917 | steps_t:     0 | t: 1.430689 | r:  -505.000000 | e:   1.000000 | Q:        nan | won: False 
#  342 | steps:  3926 | steps_t:     0 | t: 1.433918 | r:  -508.000000 | e:   1.000000 | Q:        nan | won: False 
#  343 | steps:  3937 | steps_t:     0 | t: 1.438595 | r:  -510.000000 | e:   1.000000 | Q:        nan | won: False 
#  344 | steps:  3954 | steps_t:     0 | t: 1.444448 | r:  -516.000000 | e:   1.000000 | Q:        nan | won: False 
#  345 | steps:  3967 | steps_t:     0 | t: 1.449156 | r:  -512.000000 | e:   1.000000 | Q:        nan | won: False 
#  346 | steps:  3972 | steps_t:     0 | t: 1.451119 | r:  -504.000000 | e:   1.000000 | Q:        nan | won: False 
#  347 | steps:  3979 | steps_t:     0 | t: 1.453768 | r:  -506.000000 | e:   1.000000 | Q:        nan | won: False 
#  348 | steps:  3996 | steps_t:     0 | t: 1.460138 | r:  -505.000000 | e:   1.000000 | Q:        nan | won: False 
#  349 | steps:  4014 | steps_t:     0 | t: 1.467064 | r:  -506.000000 | e:   1.000000 | Q:        nan | won: False 
#  350 | steps:  4029 | steps_t:     0 | t: 1.473311 | r:  -514.000000 | e:   1.000000 | Q:        nan | won: False 
#  351 | steps:  4039 | steps_t:     0 | t: 1.477079 | r:  -509.000000 | e:   1.000000 | Q:        nan | won: False 
#  352 | steps:  4058 | steps_t:     0 | t: 1.484184 | r:  -518.000000 | e:   1.000000 | Q:        nan | won: False 
#  353 | steps:  4069 | steps_t:     0 | t: 1.488377 | r:  -510.000000 | e:   1.000000 | Q:        nan | won: False 
#  354 | steps:  4079 | steps_t:     0 | t: 1.492151 | r:  -509.000000 | e:   1.000000 | Q:        nan | won: False 
#  355 | steps:  4087 | steps_t:     0 | t: 1.495060 | r:  -507.000000 | e:   1.000000 | Q:        nan | won: False 
#  356 | steps:  4099 | steps_t:     0 | t: 1.499607 | r:  -511.000000 | e:   1.000000 | Q:        nan | won: False 
#  357 | steps:  4111 | steps_t:     0 | t: 1.504257 | r:  -511.000000 | e:   1.000000 | Q:        nan | won: False 
#  358 | steps:  4120 | steps_t:     0 | t: 1.507506 | r:  -508.000000 | e:   1.000000 | Q:        nan | won: False 
#  359 | steps:  4128 | steps_t:     0 | t: 1.510443 | r:  -507.000000 | e:   1.000000 | Q:        nan | won: False 
#  360 | steps:  4138 | steps_t:     0 | t: 1.514153 | r:  -509.000000 | e:   1.000000 | Q:        nan | won: False 
#  361 | steps:  4144 | steps_t:     0 | t: 1.516408 | r:  -505.000000 | e:   1.000000 | Q:        nan | won: False 
#  362 | steps:  4154 | steps_t:     0 | t: 1.520197 | r:  -509.000000 | e:   1.000000 | Q:        nan | won: False 
#  363 | steps:  4165 | steps_t:     0 | t: 1.524283 | r:  -510.000000 | e:   1.000000 | Q:        nan | won: False 
#  364 | steps:  4173 | steps_t:     0 | t: 1.527082 | r:  -507.000000 | e:   1.000000 | Q:        nan | won: False 
#  365 | steps:  4186 | steps_t:     0 | t: 1.532041 | r:  -512.000000 | e:   1.000000 | Q:        nan | won: False 
#  366 | steps:  4198 | steps_t:     0 | t: 1.536546 | r:  -511.000000 | e:   1.000000 | Q:        nan | won: False 
#  367 | steps:  4207 | steps_t:     0 | t: 1.540019 | r:  -508.000000 | e:   1.000000 | Q:        nan | won: False 
#  368 | steps:  4218 | steps_t:     0 | t: 1.543995 | r:  -510.000000 | e:   1.000000 | Q:        nan | won: False 
#  369 | steps:  4226 | steps_t:     0 | t: 1.546999 | r:  -507.000000 | e:   1.000000 | Q:        nan | won: False 
#  370 | steps:  4235 | steps_t:     0 | t: 1.550221 | r:  -508.000000 | e:   1.000000 | Q:        nan | won: False 
#  371 | steps:  4243 | steps_t:     0 | t: 1.553221 | r:  -507.000000 | e:   1.000000 | Q:        nan | won: False 
#  372 | steps:  4261 | steps_t:     0 | t: 1.559896 | r:  -517.000000 | e:   1.000000 | Q:        nan | won: False 
#  373 | steps:  4285 | steps_t:     0 | t: 1.569095 | r:  -523.000000 | e:   1.000000 | Q:        nan | won: False 
#  374 | steps:  4301 | steps_t:     0 | t: 1.575017 | r:  -515.000000 | e:   1.000000 | Q:        nan | won: False 
#  375 | steps:  4309 | steps_t:     0 | t: 1.578097 | r:  -507.000000 | e:   1.000000 | Q:        nan | won: False 
#  376 | steps:  4328 | steps_t:     0 | t: 1.585118 | r:  -518.000000 | e:   1.000000 | Q:        nan | won: False 
#  377 | steps:  4340 | steps_t:     0 | t: 1.589638 | r:  -511.000000 | e:   1.000000 | Q:        nan | won: False 
#  378 | steps:  4351 | steps_t:     0 | t: 1.593799 | r:  -510.000000 | e:   1.000000 | Q:        nan | won: False 
#  379 | steps:  4358 | steps_t:     0 | t: 1.596399 | r:  -506.000000 | e:   1.000000 | Q:        nan | won: False 
#  380 | steps:  4367 | steps_t:     0 | t: 1.599591 | r:  -508.000000 | e:   1.000000 | Q:        nan | won: False 
#  381 | steps:  4374 | steps_t:     0 | t: 1.602128 | r:  -506.000000 | e:   1.000000 | Q:        nan | won: False 
#  382 | steps:  4388 | steps_t:     0 | t: 1.607262 | r:  -513.000000 | e:   1.000000 | Q:        nan | won: False 
#  383 | steps:  4400 | steps_t:     0 | t: 1.611589 | r:  -511.000000 | e:   1.000000 | Q:        nan | won: False 
#  384 | steps:  4415 | steps_t:     0 | t: 1.617094 | r:  -514.000000 | e:   1.000000 | Q:        nan | won: False 
#  385 | steps:  4424 | steps_t:     0 | t: 1.620343 | r:  -508.000000 | e:   1.000000 | Q:        nan | won: False 
#  386 | steps:  4430 | steps_t:     0 | t: 1.622603 | r:  -505.000000 | e:   1.000000 | Q:        nan | won: False 
#  387 | steps:  4438 | steps_t:     0 | t: 1.625460 | r:  -507.000000 | e:   1.000000 | Q:        nan | won: False 
#  388 | steps:  4449 | steps_t:     0 | t: 1.629702 | r:  -510.000000 | e:   1.000000 | Q:        nan | won: False 
#  389 | steps:  4458 | steps_t:     0 | t: 1.632973 | r:  -508.000000 | e:   1.000000 | Q:        nan | won: False 
#  390 | steps:  4478 | steps_t:     0 | t: 1.640387 | r:  -519.000000 | e:   1.000000 | Q:        nan | won: False 
#  391 | steps:  4498 | steps_t:     0 | t: 1.647702 | r:  -519.000000 | e:   1.000000 | Q:        nan | won: False 
#  392 | steps:  4519 | steps_t:     0 | t: 1.655157 | r:  -520.000000 | e:   1.000000 | Q:        nan | won: False 
#  393 | steps:  4525 | steps_t:     0 | t: 1.657234 | r:  -505.000000 | e:   1.000000 | Q:        nan | won: False 
#  394 | steps:  4534 | steps_t:     0 | t: 1.660182 | r:  -508.000000 | e:   1.000000 | Q:        nan | won: False 
#  395 | steps:  4540 | steps_t:     0 | t: 1.662463 | r:  -505.000000 | e:   1.000000 | Q:        nan | won: False 
#  396 | steps:  4557 | steps_t:     0 | t: 1.668301 | r:  -505.000000 | e:   1.000000 | Q:        nan | won: False 
#  397 | steps:  4565 | steps_t:     0 | t: 1.671548 | r:  -507.000000 | e:   1.000000 | Q:        nan | won: False 
#  398 | steps:  4576 | steps_t:     0 | t: 1.675620 | r:  -510.000000 | e:   1.000000 | Q:        nan | won: False 
#  399 | steps:  4588 | steps_t:     0 | t: 1.680096 | r:  -511.000000 | e:   1.000000 | Q:        nan | won: False 
#  400 | steps:  4597 | steps_t:     0 | t: 1.683149 | r:  -508.000000 | e:   1.000000 | Q:        nan | won: False 
#  401 | steps:  4605 | steps_t:     0 | t: 1.685874 | r:  -507.000000 | e:   1.000000 | Q:        nan | won: False 
#  402 | steps:  4615 | steps_t:     0 | t: 1.689286 | r:  -509.000000 | e:   1.000000 | Q:        nan | won: False 
#  403 | steps:  4621 | steps_t:     0 | t: 1.691369 | r:  -505.000000 | e:   1.000000 | Q:        nan | won: False 
#  404 | steps:  4630 | steps_t:     0 | t: 1.694621 | r:  -508.000000 | e:   1.000000 | Q:        nan | won: False 
#  405 | steps:  4637 | steps_t:     0 | t: 1.696939 | r:  -506.000000 | e:   1.000000 | Q:        nan | won: False 
#  406 | steps:  4650 | steps_t:     0 | t: 1.701319 | r:  -512.000000 | e:   1.000000 | Q:        nan | won: False 
#  407 | steps:  4659 | steps_t:     0 | t: 1.704827 | r:  -508.000000 | e:   1.000000 | Q:        nan | won: False 
#  408 | steps:  4672 | steps_t:     0 | t: 1.709775 | r:  -512.000000 | e:   1.000000 | Q:        nan | won: False 
#  409 | steps:  4694 | steps_t:     0 | t: 1.717864 | r:  -521.000000 | e:   1.000000 | Q:        nan | won: False 
#  410 | steps:  4702 | steps_t:     0 | t: 1.720916 | r:  -507.000000 | e:   1.000000 | Q:        nan | won: False 
#  411 | steps:  4715 | steps_t:     0 | t: 1.725781 | r:  -512.000000 | e:   1.000000 | Q:        nan | won: False 
#  412 | steps:  4732 | steps_t:     0 | t: 1.731976 | r:  -516.000000 | e:   1.000000 | Q:        nan | won: False 
#  413 | steps:  4744 | steps_t:     0 | t: 1.736290 | r:  -511.000000 | e:   1.000000 | Q:        nan | won: False 
#  414 | steps:  4766 | steps_t:     0 | t: 1.744658 | r:  -521.000000 | e:   1.000000 | Q:        nan | won: False 
#  415 | steps:  4775 | steps_t:     0 | t: 1.747974 | r:  -508.000000 | e:   1.000000 | Q:        nan | won: False 
#  416 | steps:  4783 | steps_t:     0 | t: 1.750895 | r:  -507.000000 | e:   1.000000 | Q:        nan | won: False 
#  417 | steps:  4790 | steps_t:     0 | t: 1.753397 | r:  -506.000000 | e:   1.000000 | Q:        nan | won: False 
#  418 | steps:  4799 | steps_t:     0 | t: 1.756853 | r:  -508.000000 | e:   1.000000 | Q:        nan | won: False 
#  419 | steps:  4808 | steps_t:     0 | t: 1.760415 | r:  -508.000000 | e:   1.000000 | Q:        nan | won: False 
#  420 | steps:  4814 | steps_t:     0 | t: 1.762687 | r:  -505.000000 | e:   1.000000 | Q:        nan | won: False 
#  421 | steps:  4825 | steps_t:     0 | t: 1.766757 | r:  -510.000000 | e:   1.000000 | Q:        nan | won: False 
#  422 | steps:  4833 | steps_t:     0 | t: 1.769836 | r:  -507.000000 | e:   1.000000 | Q:        nan | won: False 
#  423 | steps:  4841 | steps_t:     0 | t: 1.772823 | r:  -507.000000 | e:   1.000000 | Q:        nan | won: False 
#  424 | steps:  4850 | steps_t:     0 | t: 1.775996 | r:  -508.000000 | e:   1.000000 | Q:        nan | won: False 
#  425 | steps:  4865 | steps_t:     0 | t: 1.781569 | r:  -514.000000 | e:   1.000000 | Q:        nan | won: False 
#  426 | steps:  4872 | steps_t:     0 | t: 1.784269 | r:  -506.000000 | e:   1.000000 | Q:        nan | won: False 
#  427 | steps:  4883 | steps_t:     0 | t: 1.788376 | r:  -510.000000 | e:   1.000000 | Q:        nan | won: False 
#  428 | steps:  4902 | steps_t:     0 | t: 1.795732 | r:  -518.000000 | e:   1.000000 | Q:        nan | won: False 
#  429 | steps:  4919 | steps_t:     0 | t: 1.802053 | r:  -516.000000 | e:   1.000000 | Q:        nan | won: False 
#  430 | steps:  4928 | steps_t:     0 | t: 1.805516 | r:  -508.000000 | e:   1.000000 | Q:        nan | won: False 
#  431 | steps:  4942 | steps_t:     0 | t: 1.810624 | r:  -513.000000 | e:   1.000000 | Q:        nan | won: False 
#  432 | steps:  4965 | steps_t:     0 | t: 1.819252 | r:  -522.000000 | e:   1.000000 | Q:        nan | won: False 
#  433 | steps:  4974 | steps_t:     0 | t: 1.822728 | r:  -508.000000 | e:   1.000000 | Q:        nan | won: False 
#  434 | steps:  4995 | steps_t:     0 | t: 1.830810 | r:  -520.000000 | e:   1.000000 | Q:        nan | won: False 
#  435 | steps:  5011 | steps_t:     9 | t: 2.044630 | r:  -515.000000 | e:   0.999100 | Q:        nan | won: False 
#  436 | steps:  5024 | steps_t:    21 | t: 2.139702 | r:  -512.000000 | e:   0.997900 | Q:        nan | won: False 
#  437 | steps:  5036 | steps_t:    32 | t: 2.219994 | r:  -511.000000 | e:   0.996800 | Q:        nan | won: False 
#  438 | steps:  5048 | steps_t:    43 | t: 2.302225 | r:  -511.000000 | e:   0.995700 | Q:        nan | won: False 
#  439 | steps:  5057 | steps_t:    51 | t: 2.358081 | r:  -508.000000 | e:   0.994900 | Q:        nan | won: False 
#  440 | steps:  5070 | steps_t:    63 | t: 2.443499 | r:  -512.000000 | e:   0.993700 | Q:        nan | won: False 
#  441 | steps:  5077 | steps_t:    69 | t: 2.487041 | r:  -506.000000 | e:   0.993100 | Q:        nan | won: False 
#  442 | steps:  5088 | steps_t:    79 | t: 2.556701 | r:  -510.000000 | e:   0.992100 | Q:        nan | won: False 
#  443 | steps:  5095 | steps_t:    85 | t: 2.598531 | r:  -506.000000 | e:   0.991500 | Q:        nan | won: False 
#  444 | steps:  5107 | steps_t:    96 | t: 2.675399 | r:  -511.000000 | e:   0.990400 | Q:        nan | won: False 
#  445 | steps:  5123 | steps_t:   111 | t: 2.784030 | r:  -515.000000 | e:   0.988900 | Q:        nan | won: False 
#  446 | steps:  5131 | steps_t:   118 | t: 2.834714 | r:  -507.000000 | e:   0.988200 | Q:        nan | won: False 
#  447 | steps:  5144 | steps_t:   130 | t: 2.923249 | r:  -512.000000 | e:   0.987000 | Q:        nan | won: False 
#  448 | steps:  5154 | steps_t:   139 | t: 2.989335 | r:  -509.000000 | e:   0.986100 | Q:        nan | won: False 
#  449 | steps:  5162 | steps_t:   146 | t: 3.040254 | r:  -507.000000 | e:   0.985400 | Q:        nan | won: False 
#  450 | steps:  5176 | steps_t:   159 | t: 3.130460 | r:  -513.000000 | e:   0.984100 | Q:        nan | won: False 
#  451 | steps:  5191 | steps_t:   173 | t: 3.240253 | r:  -492.000000 | e:   0.982700 | Q: -257.189453 | won: False 
#  452 | steps:  5201 | steps_t:   182 | t: 3.303504 | r:  -509.000000 | e:   0.981800 | Q:        nan | won: False 
#  453 | steps:  5211 | steps_t:   191 | t: 3.365709 | r:  -509.000000 | e:   0.980900 | Q:        nan | won: False 
#  454 | steps:  5218 | steps_t:   197 | t: 3.408510 | r:  -506.000000 | e:   0.980300 | Q:        nan | won: False 
#  455 | steps:  5223 | steps_t:   201 | t: 3.440245 | r:  -504.000000 | e:   0.979900 | Q:        nan | won: False 
#  456 | steps:  5237 | steps_t:   214 | t: 3.537215 | r:  -513.000000 | e:   0.978600 | Q: -323.040283 | won: False 
#  457 | steps:  5248 | steps_t:   224 | t: 3.608547 | r:  -510.000000 | e:   0.977600 | Q:        nan | won: False 
#  458 | steps:  5254 | steps_t:   229 | t: 3.643008 | r:  -505.000000 | e:   0.977100 | Q:        nan | won: False 
#  459 | steps:  5263 | steps_t:   237 | t: 3.698177 | r:  -508.000000 | e:   0.976300 | Q:        nan | won: False 
#  460 | steps:  5275 | steps_t:   248 | t: 3.781471 | r:  -511.000000 | e:   0.975200 | Q: -303.738708 | won: False 
#  461 | steps:  5282 | steps_t:   254 | t: 3.827986 | r:  -506.000000 | e:   0.974600 | Q:        nan | won: False 
#  462 | steps:  5292 | steps_t:   263 | t: 3.892912 | r:  -509.000000 | e:   0.973700 | Q:        nan | won: False 
#  463 | steps:  5303 | steps_t:   273 | t: 3.963449 | r:  -510.000000 | e:   0.972700 | Q: -295.618866 | won: False 
#  464 | steps:  5309 | steps_t:   278 | t: 4.001776 | r:  -505.000000 | e:   0.972200 | Q:        nan | won: False 
#  465 | steps:  5328 | steps_t:   296 | t: 4.126764 | r:  -518.000000 | e:   0.970400 | Q:        nan | won: False 
#  466 | steps:  5334 | steps_t:   301 | t: 4.163822 | r:  -505.000000 | e:   0.969900 | Q:        nan | won: False 
#  467 | steps:  5341 | steps_t:   307 | t: 4.205834 | r:  -506.000000 | e:   0.969300 | Q:        nan | won: False 
#  468 | steps:  5349 | steps_t:   314 | t: 4.253985 | r:  -507.000000 | e:   0.968600 | Q:        nan | won: False 
#  469 | steps:  5355 | steps_t:   319 | t: 4.290288 | r:  -505.000000 | e:   0.968100 | Q:        nan | won: False 
#  470 | steps:  5363 | steps_t:   326 | t: 4.337940 | r:  -507.000000 | e:   0.967400 | Q:        nan | won: False 
#  471 | steps:  5369 | steps_t:   331 | t: 4.372468 | r:  -505.000000 | e:   0.966900 | Q:        nan | won: False 
#  472 | steps:  5388 | steps_t:   349 | t: 4.503680 | r:  -518.000000 | e:   0.965100 | Q: -333.932800 | won: False 
#  473 | steps:  5398 | steps_t:   358 | t: 4.566931 | r:  -509.000000 | e:   0.964200 | Q:        nan | won: False 
#  474 | steps:  5423 | steps_t:   382 | t: 4.749821 | r:  -524.000000 | e:   0.961800 | Q: -318.328552 | won: False 
#  475 | steps:  5430 | steps_t:   388 | t: 4.795951 | r:  -506.000000 | e:   0.961200 | Q:        nan | won: False 
#  476 | steps:  5439 | steps_t:   396 | t: 4.855203 | r:  -508.000000 | e:   0.960400 | Q: -296.843506 | won: False 
#  477 | steps:  5448 | steps_t:   404 | t: 4.910453 | r:  -508.000000 | e:   0.959600 | Q:        nan | won: False 
#  478 | steps:  5459 | steps_t:   414 | t: 4.983269 | r:  -510.000000 | e:   0.958600 | Q:        nan | won: False 
#  479 | steps:  5464 | steps_t:   418 | t: 5.015005 | r:  -504.000000 | e:   0.958200 | Q: -314.701416 | won: False 
#  480 | steps:  5479 | steps_t:   432 | t: 5.122366 | r:  -514.000000 | e:   0.956800 | Q:        nan | won: False 
#  481 | steps:  5489 | steps_t:   441 | t: 5.192968 | r:  -509.000000 | e:   0.955900 | Q: -311.460449 | won: False 
#  482 | steps:  5500 | steps_t:   451 | t: 5.267297 | r:  -510.000000 | e:   0.954900 | Q:        nan | won: False 
#  483 | steps:  5508 | steps_t:   458 | t: 5.319271 | r:  -507.000000 | e:   0.954200 | Q: -321.518433 | won: False 
#  484 | steps:  5524 | steps_t:   473 | t: 5.425756 | r:  -515.000000 | e:   0.952700 | Q: -318.941925 | won: False 
#  485 | steps:  5530 | steps_t:   478 | t: 5.462933 | r:  -505.000000 | e:   0.952200 | Q:        nan | won: False 
#  486 | steps:  5549 | steps_t:   496 | t: 5.586162 | r:  -518.000000 | e:   0.950400 | Q:        nan | won: False 
#  487 | steps:  5559 | steps_t:   505 | t: 5.653725 | r:  -509.000000 | e:   0.949500 | Q: -277.626282 | won: False 
#  488 | steps:  5569 | steps_t:   514 | t: 5.720619 | r:  -509.000000 | e:   0.948600 | Q:        nan | won: False 
#  489 | steps:  5577 | steps_t:   521 | t: 5.770979 | r:  -507.000000 | e:   0.947900 | Q:        nan | won: False 
#  490 | steps:  5584 | steps_t:   527 | t: 5.814427 | r:  -506.000000 | e:   0.947300 | Q:        nan | won: False 
#  491 | steps:  5592 | steps_t:   534 | t: 5.862785 | r:  -507.000000 | e:   0.946600 | Q:        nan | won: False 
#  492 | steps:  5599 | steps_t:   540 | t: 5.904101 | r:  -506.000000 | e:   0.946000 | Q:        nan | won: False 
#  493 | steps:  5607 | steps_t:   547 | t: 5.956491 | r:  -507.000000 | e:   0.945300 | Q: -309.170319 | won: False 
#  494 | steps:  5617 | steps_t:   556 | t: 6.021178 | r:  -509.000000 | e:   0.944400 | Q:        nan | won: False 
#  495 | steps:  5624 | steps_t:   562 | t: 6.067096 | r:  -506.000000 | e:   0.943800 | Q:        nan | won: False 
#  496 | steps:  5635 | steps_t:   572 | t: 6.136769 | r:  -510.000000 | e:   0.942800 | Q:        nan | won: False 
#  497 | steps:  5644 | steps_t:   580 | t: 6.192234 | r:  -508.000000 | e:   0.942000 | Q: -307.364990 | won: False 
#  498 | steps:  5651 | steps_t:   586 | t: 6.236597 | r:  -506.000000 | e:   0.941400 | Q:        nan | won: False 
#  499 | steps:  5660 | steps_t:   594 | t: 6.299682 | r:  -508.000000 | e:   0.940600 | Q: -315.705078 | won: False 
#  500 | steps:  5669 | steps_t:   602 | t: 6.355398 | r:  -508.000000 | e:   0.939800 | Q:        nan | won: False 
#  501 | steps:  5682 | steps_t:   614 | t: 6.438720 | r:  -512.000000 | e:   0.938600 | Q:        nan | won: False 
#  502 | steps:  5688 | steps_t:   619 | t: 6.474873 | r:  -505.000000 | e:   0.938100 | Q: -294.053253 | won: False 
#  503 | steps:  5694 | steps_t:   624 | t: 6.509610 | r:  -505.000000 | e:   0.937600 | Q:        nan | won: False 
#  504 | steps:  5707 | steps_t:   636 | t: 6.599968 | r:  -512.000000 | e:   0.936400 | Q: -280.183472 | won: False 
#  505 | steps:  5717 | steps_t:   645 | t: 6.665909 | r:  -509.000000 | e:   0.935500 | Q:        nan | won: False 
#  506 | steps:  5728 | steps_t:   655 | t: 6.737015 | r:  -510.000000 | e:   0.934500 | Q: -269.831512 | won: False 
#  507 | steps:  5736 | steps_t:   662 | t: 6.787723 | r:  -507.000000 | e:   0.933800 | Q: -268.139771 | won: False 
#  508 | steps:  5746 | steps_t:   671 | t: 6.851496 | r:  -509.000000 | e:   0.932900 | Q: -272.446106 | won: False 
#  509 | steps:  5759 | steps_t:   683 | t: 6.935459 | r:  -512.000000 | e:   0.931700 | Q:        nan | won: False 
#  510 | steps:  5766 | steps_t:   689 | t: 6.979978 | r:  -506.000000 | e:   0.931100 | Q: -285.432251 | won: False 
#  511 | steps:  5776 | steps_t:   698 | t: 7.044486 | r:  -509.000000 | e:   0.930200 | Q:        nan | won: False 
#  512 | steps:  5782 | steps_t:   703 | t: 7.079440 | r:  -505.000000 | e:   0.929700 | Q:        nan | won: False 
#  513 | steps:  5792 | steps_t:   712 | t: 7.143835 | r:  -509.000000 | e:   0.928800 | Q:        nan | won: False 
#  514 | steps:  5802 | steps_t:   721 | t: 7.212639 | r:  -509.000000 | e:   0.927900 | Q: -283.306274 | won: False 
#  515 | steps:  5821 | steps_t:   739 | t: 7.340557 | r:  -518.000000 | e:   0.926100 | Q: -289.788513 | won: False 
#  516 | steps:  5826 | steps_t:   743 | t: 7.369880 | r:  -504.000000 | e:   0.925700 | Q:        nan | won: False 
#  517 | steps:  5834 | steps_t:   750 | t: 7.420061 | r:  -507.000000 | e:   0.925000 | Q: -286.563721 | won: False 
#  518 | steps:  5844 | steps_t:   759 | t: 7.487091 | r:  -509.000000 | e:   0.924100 | Q:        nan | won: False 
#  519 | steps:  5852 | steps_t:   766 | t: 7.536989 | r:  -507.000000 | e:   0.923400 | Q:        nan | won: False 
#  520 | steps:  5859 | steps_t:   772 | t: 7.582488 | r:  -506.000000 | e:   0.922800 | Q:        nan | won: False 
#  521 | steps:  5867 | steps_t:   779 | t: 7.635307 | r:  -507.000000 | e:   0.922100 | Q: -307.373718 | won: False 
#  522 | steps:  5881 | steps_t:   792 | t: 7.730474 | r:  -513.000000 | e:   0.920800 | Q: -302.373840 | won: False 
#  523 | steps:  5887 | steps_t:   797 | t: 7.766489 | r:  -505.000000 | e:   0.920300 | Q: -312.180725 | won: False 
#  524 | steps:  5894 | steps_t:   803 | t: 7.808626 | r:  -506.000000 | e:   0.919700 | Q:        nan | won: False 
#  525 | steps:  5903 | steps_t:   811 | t: 7.867889 | r:  -508.000000 | e:   0.918900 | Q: -312.550476 | won: False 
#  526 | steps:  5915 | steps_t:   822 | t: 7.948948 | r:  -511.000000 | e:   0.917800 | Q:        nan | won: False 
#  527 | steps:  5937 | steps_t:   843 | t: 8.098645 | r:  -521.000000 | e:   0.915700 | Q: -319.294861 | won: False 
#  528 | steps:  5944 | steps_t:   849 | t: 8.143116 | r:  -506.000000 | e:   0.915100 | Q:        nan | won: False 
#  529 | steps:  5955 | steps_t:   859 | t: 8.212068 | r:  -510.000000 | e:   0.914100 | Q: -294.252197 | won: False 
#  530 | steps:  5964 | steps_t:   867 | t: 8.270092 | r:  -508.000000 | e:   0.913300 | Q:        nan | won: False 
#  531 | steps:  5969 | steps_t:   871 | t: 8.300278 | r:  -504.000000 | e:   0.912900 | Q:        nan | won: False 
#  532 | steps:  5982 | steps_t:   883 | t: 8.388509 | r:  -512.000000 | e:   0.911700 | Q: -354.712769 | won: False 
#  533 | steps:  5993 | steps_t:   893 | t: 8.460724 | r:  -510.000000 | e:   0.910700 | Q: -356.741028 | won: False 
#  534 | steps:  5999 | steps_t:   898 | t: 8.503833 | r:  -505.000000 | e:   0.910200 | Q:        nan | won: False 
#  535 | steps:  6005 | steps_t:   903 | t: 8.541090 | r:  -505.000000 | e:   0.909700 | Q: -329.329529 | won: False 
#  536 | steps:  6025 | steps_t:   922 | t: 8.687288 | r:  -519.000000 | e:   0.907800 | Q: -310.722534 | won: False 
#  537 | steps:  6032 | steps_t:   928 | t: 8.733056 | r:  -506.000000 | e:   0.907200 | Q:        nan | won: False 
#  538 | steps:  6038 | steps_t:   933 | t: 8.770820 | r:  -505.000000 | e:   0.906700 | Q: -337.039978 | won: False 
#  539 | steps:  6048 | steps_t:   942 | t: 8.841024 | r:  -509.000000 | e:   0.905800 | Q: -335.060791 | won: False 
#  540 | steps:  6064 | steps_t:   957 | t: 8.961205 | r:  -515.000000 | e:   0.904300 | Q: -326.169312 | won: False 
#  541 | steps:  6072 | steps_t:   964 | t: 9.020960 | r:  -507.000000 | e:   0.903600 | Q:        nan | won: False 
#  542 | steps:  6083 | steps_t:   974 | t: 9.099918 | r:  -510.000000 | e:   0.902600 | Q:        nan | won: False 
#  543 | steps:  6090 | steps_t:   980 | t: 9.148971 | r:  -506.000000 | e:   0.902000 | Q:        nan | won: False 
#  544 | steps:  6098 | steps_t:   987 | t: 9.202626 | r:  -507.000000 | e:   0.901300 | Q: -310.907379 | won: False 
#  545 | steps:  6108 | steps_t:   996 | t: 9.268970 | r:  -509.000000 | e:   0.900400 | Q: -317.126801 | won: False 
#  546 | steps:  6121 | steps_t:  1008 | t: 9.357604 | r:  -512.000000 | e:   0.899200 | Q: -301.878723 | won: False 
#  547 | steps:  6135 | steps_t:  1021 | t: 9.459302 | r:  -513.000000 | e:   0.897900 | Q: -305.934875 | won: False 
#  548 | steps:  6141 | steps_t:  1026 | t: 9.498138 | r:  -505.000000 | e:   0.897400 | Q:        nan | won: False 
#  549 | steps:  6148 | steps_t:  1032 | t: 9.542663 | r:  -506.000000 | e:   0.896800 | Q: -299.303284 | won: False 
#  550 | steps:  6157 | steps_t:  1040 | t: 9.600101 | r:  -508.000000 | e:   0.896000 | Q:        nan | won: False 
#  551 | steps:  6170 | steps_t:  1052 | t: 9.691037 | r:  -512.000000 | e:   0.894800 | Q: -315.732239 | won: False 
#  552 | steps:  6177 | steps_t:  1058 | t: 9.736247 | r:  -506.000000 | e:   0.894200 | Q:        nan | won: False 
#  553 | steps:  6184 | steps_t:  1064 | t: 9.779939 | r:  -506.000000 | e:   0.893600 | Q:        nan | won: False 
#  554 | steps:  6194 | steps_t:  1073 | t: 9.847566 | r:  -509.000000 | e:   0.892700 | Q: -311.271393 | won: False 
#  555 | steps:  6202 | steps_t:  1080 | t: 9.901672 | r:  -507.000000 | e:   0.892000 | Q: -307.631775 | won: False 
#  556 | steps:  6212 | steps_t:  1089 | t: 9.968368 | r:  -509.000000 | e:   0.891100 | Q: -300.191925 | won: False 
#  557 | steps:  6222 | steps_t:  1098 | t: 10.036114 | r:  -509.000000 | e:   0.890200 | Q:        nan | won: False 
#  558 | steps:  6231 | steps_t:  1106 | t: 10.098285 | r:  -508.000000 | e:   0.889400 | Q: -323.109009 | won: False 
#  559 | steps:  6249 | steps_t:  1123 | t: 10.232645 | r:  -517.000000 | e:   0.887700 | Q: -322.462646 | won: False 
#  560 | steps:  6257 | steps_t:  1130 | t: 10.288166 | r:  -507.000000 | e:   0.887000 | Q:        nan | won: False 
#  561 | steps:  6267 | steps_t:  1139 | t: 10.355976 | r:  -509.000000 | e:   0.886100 | Q: -294.761566 | won: False 
#  562 | steps:  6276 | steps_t:  1147 | t: 10.416639 | r:  -508.000000 | e:   0.885300 | Q: -276.760040 | won: False 
#  563 | steps:  6284 | steps_t:  1154 | t: 10.469370 | r:  -507.000000 | e:   0.884600 | Q: -255.956207 | won: False 
#  564 | steps:  6301 | steps_t:  1170 | t: 10.589700 | r:  -516.000000 | e:   0.883000 | Q: -280.550995 | won: False 
#  565 | steps:  6308 | steps_t:  1176 | t: 10.635437 | r:  -506.000000 | e:   0.882400 | Q: -282.121246 | won: False 
#  566 | steps:  6320 | steps_t:  1187 | t: 10.716130 | r:  -511.000000 | e:   0.881300 | Q:        nan | won: False 
#  567 | steps:  6331 | steps_t:  1197 | t: 10.791526 | r:  -510.000000 | e:   0.880300 | Q: -323.049438 | won: False 
#  568 | steps:  6339 | steps_t:  1204 | t: 10.847828 | r:  -507.000000 | e:   0.879600 | Q:        nan | won: False 
#  569 | steps:  6357 | steps_t:  1221 | t: 10.977581 | r:  -517.000000 | e:   0.877900 | Q: -309.368622 | won: False 
#  570 | steps:  6365 | steps_t:  1228 | t: 11.035100 | r:  -507.000000 | e:   0.877200 | Q: -312.732330 | won: False 
#  571 | steps:  6374 | steps_t:  1236 | t: 11.094009 | r:  -508.000000 | e:   0.876400 | Q:        nan | won: False 
#  572 | steps:  6383 | steps_t:  1244 | t: 11.158382 | r:  -508.000000 | e:   0.875600 | Q:        nan | won: False 
#  573 | steps:  6391 | steps_t:  1251 | t: 11.213873 | r:  -507.000000 | e:   0.874900 | Q: -279.917999 | won: False 
#  574 | steps:  6400 | steps_t:  1259 | t: 11.276593 | r:  -508.000000 | e:   0.874100 | Q: -274.380402 | won: False 
#  575 | steps:  6407 | steps_t:  1265 | t: 11.320357 | r:  -506.000000 | e:   0.873500 | Q:        nan | won: False 
#  576 | steps:  6414 | steps_t:  1271 | t: 11.365576 | r:  -506.000000 | e:   0.872900 | Q: -284.145020 | won: False 
#  577 | steps:  6423 | steps_t:  1279 | t: 11.424558 | r:  -508.000000 | e:   0.872100 | Q: -296.439423 | won: False 
#  578 | steps:  6431 | steps_t:  1286 | t: 11.481472 | r:  -507.000000 | e:   0.871400 | Q: -308.264465 | won: False 
#  579 | steps:  6439 | steps_t:  1293 | t: 11.539854 | r:  -507.000000 | e:   0.870700 | Q: -314.582031 | won: False 
#  580 | steps:  6453 | steps_t:  1306 | t: 11.645842 | r:  -513.000000 | e:   0.869400 | Q: -303.731812 | won: False 
#  581 | steps:  6462 | steps_t:  1314 | t: 11.714527 | r:  -508.000000 | e:   0.868600 | Q:        nan | won: False 
#  582 | steps:  6472 | steps_t:  1323 | t: 11.795087 | r:  -509.000000 | e:   0.867700 | Q: -313.800781 | won: False 
#  583 | steps:  6479 | steps_t:  1329 | t: 11.847998 | r:  -506.000000 | e:   0.867100 | Q: -299.197571 | won: False 
#  584 | steps:  6491 | steps_t:  1340 | t: 11.944532 | r:  -511.000000 | e:   0.866000 | Q: -302.269653 | won: False 
#  585 | steps:  6505 | steps_t:  1353 | t: 12.057607 | r:  -513.000000 | e:   0.864700 | Q: -303.483337 | won: False 
#  586 | steps:  6513 | steps_t:  1360 | t: 12.120068 | r:  -507.000000 | e:   0.864000 | Q: -301.978210 | won: False 
#  587 | steps:  6522 | steps_t:  1368 | t: 12.183277 | r:  -508.000000 | e:   0.863200 | Q:        nan | won: False 
#  588 | steps:  6531 | steps_t:  1376 | t: 12.246274 | r:  -508.000000 | e:   0.862400 | Q:        nan | won: False 
#  589 | steps:  6542 | steps_t:  1386 | t: 12.328310 | r:  -510.000000 | e:   0.861400 | Q: -299.080719 | won: False 
#  590 | steps:  6553 | steps_t:  1396 | t: 12.407827 | r:  -510.000000 | e:   0.860400 | Q: -299.052826 | won: False 
#  591 | steps:  6565 | steps_t:  1407 | t: 14.201566 | r:  -511.000000 | e:   0.859300 | Q: -301.012756 | won: False 
#  592 | steps:  6581 | steps_t:  1422 | t: 17.117841 | r:  -515.000000 | e:   0.857800 | Q:        nan | won: False 
#  593 | steps:  6593 | steps_t:  1433 | t: 19.570442 | r:  -511.000000 | e:   0.856700 | Q: -328.061340 | won: False 
#  594 | steps:  6602 | steps_t:  1441 | t: 21.702704 | r:  -508.000000 | e:   0.855900 | Q: -330.053070 | won: False 
#  595 | steps:  6612 | steps_t:  1450 | t: 23.958847 | r:  -509.000000 | e:   0.855000 | Q: -326.821838 | won: False 
#  596 | steps:  6620 | steps_t:  1457 | t: 25.969423 | r:  -507.000000 | e:   0.854300 | Q: -321.967255 | won: False 
#  597 | steps:  6629 | steps_t:  1465 | t: 28.118737 | r:  -508.000000 | e:   0.853500 | Q: -332.311829 | won: False 
#  598 | steps:  6643 | steps_t:  1478 | t: 30.819080 | r:  -513.000000 | e:   0.852200 | Q: -318.338593 | won: False 
#  599 | steps:  6651 | steps_t:  1485 | t: 32.839546 | r:  -507.000000 | e:   0.851500 | Q: -326.754852 | won: False 
#  600 | steps:  6658 | steps_t:  1491 | t: 34.694580 | r:  -506.000000 | e:   0.850900 | Q:        nan | won: False 
