#    1 | steps:    11 | steps_t:     0 | t: 0.019464 | r:  -510.000000 | e:   1.000000 | Q:        nan | won: False 
#    2 | steps:    19 | steps_t:     0 | t: 0.022861 | r:  -507.000000 | e:   1.000000 | Q:        nan | won: False 
#    3 | steps:    30 | steps_t:     0 | t: 0.026682 | r:  -510.000000 | e:   1.000000 | Q:        nan | won: False 
#    4 | steps:    39 | steps_t:     0 | t: 0.029869 | r:  -508.000000 | e:   1.000000 | Q:        nan | won: False 
#    5 | steps:    46 | steps_t:     0 | t: 0.032552 | r:  -506.000000 | e:   1.000000 | Q:        nan | won: False 
#    6 | steps:    52 | steps_t:     0 | t: 0.034682 | r:  -505.000000 | e:   1.000000 | Q:        nan | won: False 
#    7 | steps:    72 | steps_t:     0 | t: 0.041158 | r:  -519.000000 | e:   1.000000 | Q:        nan | won: False 
#    8 | steps:    80 | steps_t:     0 | t: 0.043972 | r:  -507.000000 | e:   1.000000 | Q:        nan | won: False 
#    9 | steps:    91 | steps_t:     0 | t: 0.047603 | r:  -510.000000 | e:   1.000000 | Q:        nan | won: False 
#   10 | steps:    98 | steps_t:     0 | t: 0.050259 | r:  -506.000000 | e:   1.000000 | Q:        nan | won: False 
#   11 | steps:   110 | steps_t:     0 | t: 0.054094 | r:  -511.000000 | e:   1.000000 | Q:        nan | won: False 
#   12 | steps:   120 | steps_t:     0 | t: 0.057390 | r:  -509.000000 | e:   1.000000 | Q:        nan | won: False 
#   13 | steps:   142 | steps_t:     0 | t: 0.064926 | r:  -521.000000 | e:   1.000000 | Q:        nan | won: False 
#   14 | steps:   148 | steps_t:     0 | t: 0.067148 | r:  -505.000000 | e:   1.000000 | Q:        nan | won: False 
#   15 | steps:   167 | steps_t:     0 | t: 0.073136 | r:  -518.000000 | e:   1.000000 | Q:        nan | won: False 
#   16 | steps:   184 | steps_t:     0 | t: 0.078694 | r:  -516.000000 | e:   1.000000 | Q:        nan | won: False 
#   17 | steps:   190 | steps_t:     0 | t: 0.081072 | r:  -505.000000 | e:   1.000000 | Q:        nan | won: False 
#   18 | steps:   210 | steps_t:     0 | t: 0.087437 | r:  -519.000000 | e:   1.000000 | Q:        nan | won: False 
#   19 | steps:   221 | steps_t:     0 | t: 0.091127 | r:  -510.000000 | e:   1.000000 | Q:        nan | won: False 
#   20 | steps:   230 | steps_t:     0 | t: 0.094149 | r:  -508.000000 | e:   1.000000 | Q:        nan | won: False 
#   21 | steps:   237 | steps_t:     0 | t: 0.096447 | r:  -506.000000 | e:   1.000000 | Q:        nan | won: False 
#   22 | steps:   252 | steps_t:     0 | t: 0.101387 | r:  -514.000000 | e:   1.000000 | Q:        nan | won: False 
#   23 | steps:   260 | steps_t:     0 | t: 0.104246 | r:  -507.000000 | e:   1.000000 | Q:        nan | won: False 
#   24 | steps:   269 | steps_t:     0 | t: 0.107210 | r:  -508.000000 | e:   1.000000 | Q:        nan | won: False 
#   25 | steps:   277 | steps_t:     0 | t: 0.110163 | r:  -507.000000 | e:   1.000000 | Q:        nan | won: False 
#   26 | steps:   283 | steps_t:     0 | t: 0.112389 | r:  -505.000000 | e:   1.000000 | Q:        nan | won: False 
#   27 | steps:   291 | steps_t:     0 | t: 0.115301 | r:  -507.000000 | e:   1.000000 | Q:        nan | won: False 
#   28 | steps:   300 | steps_t:     0 | t: 0.118144 | r:  -508.000000 | e:   1.000000 | Q:        nan | won: False 
#   29 | steps:   307 | steps_t:     0 | t: 0.120588 | r:  -506.000000 | e:   1.000000 | Q:        nan | won: False 
#   30 | steps:   329 | steps_t:     0 | t: 0.127422 | r:  -521.000000 | e:   1.000000 | Q:        nan | won: False 
#   31 | steps:   335 | steps_t:     0 | t: 0.129651 | r:  -505.000000 | e:   1.000000 | Q:        nan | won: False 
#   32 | steps:   342 | steps_t:     0 | t: 0.131895 | r:  -506.000000 | e:   1.000000 | Q:        nan | won: False 
#   33 | steps:   354 | steps_t:     0 | t: 0.135793 | r:  -511.000000 | e:   1.000000 | Q:        nan | won: False 
#   34 | steps:   364 | steps_t:     0 | t: 0.139147 | r:  -509.000000 | e:   1.000000 | Q:        nan | won: False 
#   35 | steps:   374 | steps_t:     0 | t: 0.142589 | r:  -509.000000 | e:   1.000000 | Q:        nan | won: False 
#   36 | steps:   383 | steps_t:     0 | t: 0.145854 | r:  -508.000000 | e:   1.000000 | Q:        nan | won: False 
#   37 | steps:   392 | steps_t:     0 | t: 0.149019 | r:  -508.000000 | e:   1.000000 | Q:        nan | won: False 
#   38 | steps:   404 | steps_t:     0 | t: 0.152981 | r:  -511.000000 | e:   1.000000 | Q:        nan | won: False 
#   39 | steps:   420 | steps_t:     0 | t: 0.158173 | r:  -515.000000 | e:   1.000000 | Q:        nan | won: False 
#   40 | steps:   427 | steps_t:     0 | t: 0.160531 | r:  -506.000000 | e:   1.000000 | Q:        nan | won: False 
#   41 | steps:   435 | steps_t:     0 | t: 0.163195 | r:  -507.000000 | e:   1.000000 | Q:        nan | won: False 
#   42 | steps:   447 | steps_t:     0 | t: 0.167178 | r:  -511.000000 | e:   1.000000 | Q:        nan | won: False 
#   43 | steps:   456 | steps_t:     0 | t: 0.170178 | r:  -508.000000 | e:   1.000000 | Q:        nan | won: False 
#   44 | steps:   471 | steps_t:     0 | t: 0.174955 | r:  -514.000000 | e:   1.000000 | Q:        nan | won: False 
#   45 | steps:   482 | steps_t:     0 | t: 0.178602 | r:  -510.000000 | e:   1.000000 | Q:        nan | won: False 
#   46 | steps:   492 | steps_t:     0 | t: 0.182054 | r:  -509.000000 | e:   1.000000 | Q:        nan | won: False 
#   47 | steps:   500 | steps_t:     0 | t: 0.184769 | r:  -507.000000 | e:   1.000000 | Q:        nan | won: False 
#   48 | steps:   508 | steps_t:     0 | t: 0.187443 | r:  -507.000000 | e:   1.000000 | Q:        nan | won: False 
#   49 | steps:   523 | steps_t:     0 | t: 0.192209 | r:  -514.000000 | e:   1.000000 | Q:        nan | won: False 
#   50 | steps:   533 | steps_t:     0 | t: 0.195708 | r:  -509.000000 | e:   1.000000 | Q:        nan | won: False 
#   51 | steps:   539 | steps_t:     0 | t: 0.197898 | r:  -505.000000 | e:   1.000000 | Q:        nan | won: False 
#   52 | steps:   545 | steps_t:     0 | t: 0.199942 | r:  -505.000000 | e:   1.000000 | Q:        nan | won: False 
#   53 | steps:   566 | steps_t:     0 | t: 0.206728 | r:  -520.000000 | e:   1.000000 | Q:        nan | won: False 
#   54 | steps:   578 | steps_t:     0 | t: 0.210786 | r:  -511.000000 | e:   1.000000 | Q:        nan | won: False 
#   55 | steps:   593 | steps_t:     0 | t: 0.215815 | r:  -514.000000 | e:   1.000000 | Q:        nan | won: False 
#   56 | steps:   614 | steps_t:     0 | t: 0.222528 | r:  -520.000000 | e:   1.000000 | Q:        nan | won: False 
#   57 | steps:   632 | steps_t:     0 | t: 0.228260 | r:  -517.000000 | e:   1.000000 | Q:        nan | won: False 
#   58 | steps:   640 | steps_t:     0 | t: 0.231158 | r:  -507.000000 | e:   1.000000 | Q:        nan | won: False 
#   59 | steps:   647 | steps_t:     0 | t: 0.233435 | r:  -506.000000 | e:   1.000000 | Q:        nan | won: False 
#   60 | steps:   655 | steps_t:     0 | t: 0.236323 | r:  -507.000000 | e:   1.000000 | Q:        nan | won: False 
#   61 | steps:   663 | steps_t:     0 | t: 0.239059 | r:  -507.000000 | e:   1.000000 | Q:        nan | won: False 
#   62 | steps:   669 | steps_t:     0 | t: 0.241083 | r:  -505.000000 | e:   1.000000 | Q:        nan | won: False 
#   63 | steps:   677 | steps_t:     0 | t: 0.243741 | r:  -507.000000 | e:   1.000000 | Q:        nan | won: False 
#   64 | steps:   688 | steps_t:     0 | t: 0.247477 | r:  -510.000000 | e:   1.000000 | Q:        nan | won: False 
#   65 | steps:   697 | steps_t:     0 | t: 0.250660 | r:  -508.000000 | e:   1.000000 | Q:        nan | won: False 
#   66 | steps:   718 | steps_t:     0 | t: 0.257195 | r:  -520.000000 | e:   1.000000 | Q:        nan | won: False 
#   67 | steps:   735 | steps_t:     0 | t: 0.262774 | r:  -516.000000 | e:   1.000000 | Q:        nan | won: False 
#   68 | steps:   750 | steps_t:     0 | t: 0.267949 | r:  -514.000000 | e:   1.000000 | Q:        nan | won: False 
#   69 | steps:   766 | steps_t:     0 | t: 0.273145 | r:  -504.000000 | e:   1.000000 | Q:        nan | won: False 
#   70 | steps:   777 | steps_t:     0 | t: 0.276834 | r:  -510.000000 | e:   1.000000 | Q:        nan | won: False 
#   71 | steps:   782 | steps_t:     0 | t: 0.278723 | r:  -504.000000 | e:   1.000000 | Q:        nan | won: False 
#   72 | steps:   852 | steps_t:     0 | t: 0.300555 | r:  -558.000000 | e:   1.000000 | Q:        nan | won: False 
#   73 | steps:   860 | steps_t:     0 | t: 0.303500 | r:  -507.000000 | e:   1.000000 | Q:        nan | won: False 
#   74 | steps:   883 | steps_t:     0 | t: 0.310761 | r:  -522.000000 | e:   1.000000 | Q:        nan | won: False 
#   75 | steps:   894 | steps_t:     0 | t: 0.314571 | r:  -510.000000 | e:   1.000000 | Q:        nan | won: False 
#   76 | steps:   916 | steps_t:     0 | t: 0.321503 | r:  -521.000000 | e:   1.000000 | Q:        nan | won: False 
#   77 | steps:   924 | steps_t:     0 | t: 0.324310 | r:  -507.000000 | e:   1.000000 | Q:        nan | won: False 
#   78 | steps:   931 | steps_t:     0 | t: 0.326817 | r:  -506.000000 | e:   1.000000 | Q:        nan | won: False 
#   79 | steps:   939 | steps_t:     0 | t: 0.329795 | r:  -507.000000 | e:   1.000000 | Q:        nan | won: False 
#   80 | steps:   946 | steps_t:     0 | t: 0.332198 | r:  -506.000000 | e:   1.000000 | Q:        nan | won: False 
#   81 | steps:   954 | steps_t:     0 | t: 0.334960 | r:  -507.000000 | e:   1.000000 | Q:        nan | won: False 
#   82 | steps:   961 | steps_t:     0 | t: 0.337188 | r:  -506.000000 | e:   1.000000 | Q:        nan | won: False 
#   83 | steps:   971 | steps_t:     0 | t: 0.340587 | r:  -509.000000 | e:   1.000000 | Q:        nan | won: False 
#   84 | steps:   980 | steps_t:     0 | t: 0.343696 | r:  -508.000000 | e:   1.000000 | Q:        nan | won: False 
#   85 | steps:   992 | steps_t:     0 | t: 0.347602 | r:  -511.000000 | e:   1.000000 | Q:        nan | won: False 
#   86 | steps:  1009 | steps_t:     7 | t: 0.497013 | r:  -516.000000 | e:   0.999300 | Q:        nan | won: False 
#   87 | steps:  1017 | steps_t:    14 | t: 0.551297 | r:  -507.000000 | e:   0.998600 | Q:        nan | won: False 
#   88 | steps:  1026 | steps_t:    22 | t: 0.609680 | r:  -508.000000 | e:   0.997800 | Q:        nan | won: False 
#   89 | steps:  1032 | steps_t:    27 | t: 0.649902 | r:  -505.000000 | e:   0.997300 | Q:        nan | won: False 
#   90 | steps:  1041 | steps_t:    35 | t: 0.713792 | r:  -508.000000 | e:   0.996500 | Q:        nan | won: False 
#   91 | steps:  1050 | steps_t:    43 | t: 0.774349 | r:  -508.000000 | e:   0.995700 | Q:        nan | won: False 
#   92 | steps:  1059 | steps_t:    51 | t: 0.831128 | r:  -508.000000 | e:   0.994900 | Q:        nan | won: False 
#   93 | steps:  1064 | steps_t:    55 | t: 0.859694 | r:  -504.000000 | e:   0.994500 | Q:        nan | won: False 
#   94 | steps:  1073 | steps_t:    63 | t: 0.916521 | r:  -508.000000 | e:   0.993700 | Q:        nan | won: False 
#   95 | steps:  1083 | steps_t:    72 | t: 0.976319 | r:  -509.000000 | e:   0.992800 | Q:        nan | won: False 
#   96 | steps:  1096 | steps_t:    84 | t: 1.065302 | r:  -512.000000 | e:   0.991600 | Q: -44.235790 | won: False 
#   97 | steps:  1110 | steps_t:    97 | t: 1.160262 | r:  -513.000000 | e:   0.990300 | Q:        nan | won: False 
#   98 | steps:  1120 | steps_t:   106 | t: 1.224576 | r:  -509.000000 | e:   0.989400 | Q:        nan | won: False 
#   99 | steps:  1143 | steps_t:   128 | t: 1.380193 | r:  -500.000000 | e:   0.987200 | Q:        nan | won: False 
#  100 | steps:  1150 | steps_t:   134 | t: 1.421616 | r:  -506.000000 | e:   0.986600 | Q:        nan | won: False 
#  101 | steps:  1156 | steps_t:   139 | t: 1.455445 | r:  -505.000000 | e:   0.986100 | Q:        nan | won: False 
#  102 | steps:  1167 | steps_t:   149 | t: 1.529115 | r:  -510.000000 | e:   0.985100 | Q: -275.442902 | won: False 
#  103 | steps:  1175 | steps_t:   156 | t: 1.580034 | r:  -507.000000 | e:   0.984400 | Q:        nan | won: False 
#  104 | steps:  1182 | steps_t:   162 | t: 1.621432 | r:  -506.000000 | e:   0.983800 | Q:        nan | won: False 
#  105 | steps:  1190 | steps_t:   169 | t: 1.672866 | r:  -507.000000 | e:   0.983100 | Q:        nan | won: False 
#  106 | steps:  1208 | steps_t:   186 | t: 1.795642 | r:  -517.000000 | e:   0.981400 | Q:        nan | won: False 
#  107 | steps:  1216 | steps_t:   193 | t: 1.844163 | r:  -507.000000 | e:   0.980700 | Q:        nan | won: False 
#  108 | steps:  1227 | steps_t:   203 | t: 1.913644 | r:  -510.000000 | e:   0.979700 | Q:        nan | won: False 
#  109 | steps:  1235 | steps_t:   210 | t: 1.962809 | r:  -507.000000 | e:   0.979000 | Q:        nan | won: False 
#  110 | steps:  1242 | steps_t:   216 | t: 2.002862 | r:  -506.000000 | e:   0.978400 | Q:        nan | won: False 
#  111 | steps:  1251 | steps_t:   224 | t: 2.059450 | r:  -508.000000 | e:   0.977600 | Q:        nan | won: False 
#  112 | steps:  1258 | steps_t:   230 | t: 2.103312 | r:  -506.000000 | e:   0.977000 | Q:        nan | won: False 
#  113 | steps:  1266 | steps_t:   237 | t: 2.151652 | r:  -507.000000 | e:   0.976300 | Q: -324.818329 | won: False 
#  114 | steps:  1276 | steps_t:   246 | t: 2.215154 | r:  -509.000000 | e:   0.975400 | Q: -321.133789 | won: False 
#  115 | steps:  1294 | steps_t:   263 | t: 2.333173 | r:  -517.000000 | e:   0.973700 | Q:        nan | won: False 
#  116 | steps:  1301 | steps_t:   269 | t: 2.374627 | r:  -506.000000 | e:   0.973100 | Q:        nan | won: False 
#  117 | steps:  1309 | steps_t:   276 | t: 2.422600 | r:  -507.000000 | e:   0.972400 | Q:        nan | won: False 
#  118 | steps:  1318 | steps_t:   284 | t: 2.487519 | r:  -508.000000 | e:   0.971600 | Q:        nan | won: False 
#  119 | steps:  1330 | steps_t:   295 | t: 2.564961 | r:  -511.000000 | e:   0.970500 | Q:        nan | won: False 
#  120 | steps:  1339 | steps_t:   303 | t: 2.619481 | r:  -508.000000 | e:   0.969700 | Q:        nan | won: False 
#  121 | steps:  1364 | steps_t:   327 | t: 2.790928 | r:  -524.000000 | e:   0.967300 | Q:        nan | won: False 
#  122 | steps:  1370 | steps_t:   332 | t: 2.826720 | r:  -505.000000 | e:   0.966800 | Q:        nan | won: False 
#  123 | steps:  1378 | steps_t:   339 | t: 2.874558 | r:  -507.000000 | e:   0.966100 | Q:        nan | won: False 
#  124 | steps:  1386 | steps_t:   346 | t: 2.923795 | r:  -507.000000 | e:   0.965400 | Q:        nan | won: False 
#  125 | steps:  1398 | steps_t:   357 | t: 3.009340 | r:  -511.000000 | e:   0.964300 | Q: -309.103302 | won: False 
#  126 | steps:  1407 | steps_t:   365 | t: 3.066005 | r:  -508.000000 | e:   0.963500 | Q:        nan | won: False 
#  127 | steps:  1419 | steps_t:   376 | t: 3.147183 | r:  -511.000000 | e:   0.962400 | Q:        nan | won: False 
#  128 | steps:  1430 | steps_t:   386 | t: 3.220958 | r:  -510.000000 | e:   0.961400 | Q:        nan | won: False 
#  129 | steps:  1441 | steps_t:   396 | t: 3.290206 | r:  -510.000000 | e:   0.960400 | Q:        nan | won: False 
#  130 | steps:  1458 | steps_t:   412 | t: 3.403024 | r:  -505.000000 | e:   0.958800 | Q: -274.347870 | won: False 
#  131 | steps:  1464 | steps_t:   417 | t: 3.440674 | r:  -505.000000 | e:   0.958300 | Q:        nan | won: False 
#  132 | steps:  1482 | steps_t:   434 | t: 3.561482 | r:  -506.000000 | e:   0.956600 | Q:        nan | won: False 
#  133 | steps:  1489 | steps_t:   440 | t: 3.606530 | r:  -506.000000 | e:   0.956000 | Q: -312.096436 | won: False 
#  134 | steps:  1494 | steps_t:   444 | t: 3.635064 | r:  -504.000000 | e:   0.955600 | Q:        nan | won: False 
#  135 | steps:  1503 | steps_t:   452 | t: 3.692656 | r:  -508.000000 | e:   0.954800 | Q: -293.273010 | won: False 
#  136 | steps:  1514 | steps_t:   462 | t: 3.764609 | r:  -510.000000 | e:   0.953800 | Q:        nan | won: False 
#  137 | steps:  1520 | steps_t:   467 | t: 3.802258 | r:  -505.000000 | e:   0.953300 | Q:        nan | won: False 
#  138 | steps:  1529 | steps_t:   475 | t: 3.857824 | r:  -508.000000 | e:   0.952500 | Q:        nan | won: False 
#  139 | steps:  1546 | steps_t:   491 | t: 3.970245 | r:  -516.000000 | e:   0.950900 | Q:        nan | won: False 
#  140 | steps:  1555 | steps_t:   499 | t: 4.027787 | r:  -508.000000 | e:   0.950100 | Q:        nan | won: False 
#  141 | steps:  1564 | steps_t:   507 | t: 4.084612 | r:  -508.000000 | e:   0.949300 | Q:        nan | won: False 
#  142 | steps:  1572 | steps_t:   514 | t: 4.132420 | r:  -507.000000 | e:   0.948600 | Q: -313.143707 | won: False 
#  143 | steps:  1583 | steps_t:   524 | t: 4.211641 | r:  -510.000000 | e:   0.947600 | Q: -312.542816 | won: False 
#  144 | steps:  1591 | steps_t:   531 | t: 4.259112 | r:  -507.000000 | e:   0.946900 | Q:        nan | won: False 
#  145 | steps:  1597 | steps_t:   536 | t: 4.294934 | r:  -505.000000 | e:   0.946400 | Q:        nan | won: False 
#  146 | steps:  1604 | steps_t:   542 | t: 4.336334 | r:  -506.000000 | e:   0.945800 | Q:        nan | won: False 
#  147 | steps:  1612 | steps_t:   549 | t: 4.383398 | r:  -507.000000 | e:   0.945100 | Q:        nan | won: False 
#  148 | steps:  1623 | steps_t:   559 | t: 4.453597 | r:  -510.000000 | e:   0.944100 | Q: -298.142059 | won: False 
#  149 | steps:  1633 | steps_t:   568 | t: 4.514969 | r:  -509.000000 | e:   0.943200 | Q: -288.583710 | won: False 
#  150 | steps:  1656 | steps_t:   590 | t: 4.668953 | r:  -522.000000 | e:   0.941000 | Q: -303.904907 | won: False 
#  151 | steps:  1667 | steps_t:   600 | t: 4.740961 | r:  -510.000000 | e:   0.940000 | Q:        nan | won: False 
#  152 | steps:  1689 | steps_t:   621 | t: 4.886522 | r:  -521.000000 | e:   0.937900 | Q: -283.024445 | won: False 
#  153 | steps:  1700 | steps_t:   631 | t: 4.956407 | r:  -510.000000 | e:   0.936900 | Q:        nan | won: False 
#  154 | steps:  1714 | steps_t:   644 | t: 5.043915 | r:  -513.000000 | e:   0.935600 | Q: -315.577667 | won: False 
#  155 | steps:  1726 | steps_t:   655 | t: 5.123496 | r:  -511.000000 | e:   0.934500 | Q:        nan | won: False 
#  156 | steps:  1737 | steps_t:   665 | t: 5.196917 | r:  -510.000000 | e:   0.933500 | Q: -310.140778 | won: False 
#  157 | steps:  1742 | steps_t:   669 | t: 5.225020 | r:  -504.000000 | e:   0.933100 | Q:        nan | won: False 
#  158 | steps:  1750 | steps_t:   676 | t: 5.273173 | r:  -507.000000 | e:   0.932400 | Q:        nan | won: False 
#  159 | steps:  1758 | steps_t:   683 | t: 5.321485 | r:  -507.000000 | e:   0.931700 | Q: -290.863953 | won: False 
#  160 | steps:  1776 | steps_t:   700 | t: 5.438272 | r:  -517.000000 | e:   0.930000 | Q:        nan | won: False 
#  161 | steps:  1782 | steps_t:   705 | t: 5.476479 | r:  -505.000000 | e:   0.929500 | Q:        nan | won: False 
#  162 | steps:  1800 | steps_t:   722 | t: 5.598297 | r:  -517.000000 | e:   0.927800 | Q: -264.323303 | won: False 
#  163 | steps:  1805 | steps_t:   726 | t: 5.629712 | r:  -504.000000 | e:   0.927400 | Q: -268.249908 | won: False 
#  164 | steps:  1817 | steps_t:   737 | t: 5.706695 | r:  -511.000000 | e:   0.926300 | Q: -287.610535 | won: False 
#  165 | steps:  1822 | steps_t:   741 | t: 5.733613 | r:  -504.000000 | e:   0.925900 | Q:        nan | won: False 
#  166 | steps:  1828 | steps_t:   746 | t: 5.769182 | r:  -505.000000 | e:   0.925400 | Q:        nan | won: False 
#  167 | steps:  1837 | steps_t:   754 | t: 5.823603 | r:  -508.000000 | e:   0.924600 | Q:        nan | won: False 
#  168 | steps:  1848 | steps_t:   764 | t: 5.891792 | r:  -510.000000 | e:   0.923600 | Q:        nan | won: False 
#  169 | steps:  1855 | steps_t:   770 | t: 5.936813 | r:  -506.000000 | e:   0.923000 | Q:        nan | won: False 
#  170 | steps:  1861 | steps_t:   775 | t: 5.971093 | r:  -505.000000 | e:   0.922500 | Q:        nan | won: False 
#  171 | steps:  1881 | steps_t:   794 | t: 6.106348 | r:  -519.000000 | e:   0.920600 | Q: -293.394806 | won: False 
#  172 | steps:  1891 | steps_t:   803 | t: 6.177454 | r:  -509.000000 | e:   0.919700 | Q: -312.388245 | won: False 
#  173 | steps:  1898 | steps_t:   809 | t: 6.221108 | r:  -506.000000 | e:   0.919100 | Q: -311.234589 | won: False 
#  174 | steps:  1908 | steps_t:   818 | t: 6.290968 | r:  -509.000000 | e:   0.918200 | Q: -309.174438 | won: False 
#  175 | steps:  1917 | steps_t:   826 | t: 6.350103 | r:  -508.000000 | e:   0.917400 | Q: -289.822906 | won: False 
#  176 | steps:  1934 | steps_t:   842 | t: 6.468810 | r:  -516.000000 | e:   0.915800 | Q:        nan | won: False 
#  177 | steps:  1943 | steps_t:   850 | t: 6.533934 | r:  -508.000000 | e:   0.915000 | Q: -258.879974 | won: False 
#  178 | steps:  1950 | steps_t:   856 | t: 6.580362 | r:  -506.000000 | e:   0.914400 | Q:        nan | won: False 
#  179 | steps:  1957 | steps_t:   862 | t: 6.622180 | r:  -506.000000 | e:   0.913800 | Q:        nan | won: False 
#  180 | steps:  1969 | steps_t:   873 | t: 6.699094 | r:  -511.000000 | e:   0.912700 | Q: -290.192627 | won: False 
#  181 | steps:  1984 | steps_t:   887 | t: 6.800716 | r:  -503.000000 | e:   0.911300 | Q: -305.336456 | won: False 
#  182 | steps:  2006 | steps_t:   908 | t: 7.010771 | r:  -521.000000 | e:   0.909200 | Q: -315.368622 | won: False 
#  183 | steps:  2016 | steps_t:   917 | t: 7.082422 | r:  -509.000000 | e:   0.908300 | Q:        nan | won: False 
#  184 | steps:  2024 | steps_t:   924 | t: 7.139350 | r:  -507.000000 | e:   0.907600 | Q:        nan | won: False 
#  185 | steps:  2032 | steps_t:   931 | t: 7.191062 | r:  -507.000000 | e:   0.906900 | Q:        nan | won: False 
#  186 | steps:  2042 | steps_t:   940 | t: 7.256772 | r:  -509.000000 | e:   0.906000 | Q: -275.701569 | won: False 
#  187 | steps:  2050 | steps_t:   947 | t: 7.310169 | r:  -507.000000 | e:   0.905300 | Q: -262.097351 | won: False 
#  188 | steps:  2056 | steps_t:   952 | t: 7.345720 | r:  -505.000000 | e:   0.904800 | Q:        nan | won: False 
#  189 | steps:  2067 | steps_t:   962 | t: 7.422689 | r:  -510.000000 | e:   0.903800 | Q: -271.427673 | won: False 
#  190 | steps:  2073 | steps_t:   967 | t: 7.468824 | r:  -505.000000 | e:   0.903300 | Q: -291.682495 | won: False 
#  191 | steps:  2082 | steps_t:   975 | t: 7.532898 | r:  -508.000000 | e:   0.902500 | Q: -318.226074 | won: False 
#  192 | steps:  2103 | steps_t:   995 | t: 7.691310 | r:  -520.000000 | e:   0.900500 | Q:        nan | won: False 
#  193 | steps:  2117 | steps_t:  1008 | t: 7.783405 | r:  -513.000000 | e:   0.899200 | Q: -313.126465 | won: False 
#  194 | steps:  2125 | steps_t:  1015 | t: 7.834576 | r:  -507.000000 | e:   0.898500 | Q: -332.276367 | won: False 
#  195 | steps:  2132 | steps_t:  1021 | t: 7.879296 | r:  -506.000000 | e:   0.897900 | Q:        nan | won: False 
#  196 | steps:  2146 | steps_t:  1034 | t: 7.976686 | r:  -513.000000 | e:   0.896600 | Q: -342.380402 | won: False 
#  197 | steps:  2165 | steps_t:  1052 | t: 8.113716 | r:  -518.000000 | e:   0.894800 | Q: -327.662994 | won: False 
#  198 | steps:  2171 | steps_t:  1057 | t: 8.152089 | r:  -505.000000 | e:   0.894300 | Q: -343.568146 | won: False 
#  199 | steps:  2181 | steps_t:  1066 | t: 8.220815 | r:  -509.000000 | e:   0.893400 | Q: -357.081879 | won: False 
#  200 | steps:  2189 | steps_t:  1073 | t: 8.272606 | r:  -507.000000 | e:   0.892700 | Q:        nan | won: False 
#  201 | steps:  2197 | steps_t:  1080 | t: 8.324941 | r:  -507.000000 | e:   0.892000 | Q:        nan | won: False 
#  202 | steps:  2207 | steps_t:  1089 | t: 8.394254 | r:  -509.000000 | e:   0.891100 | Q:        nan | won: False 
#  203 | steps:  2219 | steps_t:  1100 | t: 8.481942 | r:  -511.000000 | e:   0.890000 | Q: -326.729980 | won: False 
#  204 | steps:  2227 | steps_t:  1107 | t: 8.538574 | r:  -507.000000 | e:   0.889300 | Q: -301.751709 | won: False 
#  205 | steps:  2246 | steps_t:  1125 | t: 8.674520 | r:  -496.000000 | e:   0.887500 | Q: -286.043121 | won: False 
#  206 | steps:  2254 | steps_t:  1132 | t: 8.726910 | r:  -507.000000 | e:   0.886800 | Q: -290.605560 | won: False 
#  207 | steps:  2264 | steps_t:  1141 | t: 8.793519 | r:  -509.000000 | e:   0.885900 | Q:        nan | won: False 
#  208 | steps:  2276 | steps_t:  1152 | t: 8.878361 | r:  -511.000000 | e:   0.884800 | Q: -285.248260 | won: False 
#  209 | steps:  2282 | steps_t:  1157 | t: 8.915682 | r:  -505.000000 | e:   0.884300 | Q:        nan | won: False 
#  210 | steps:  2291 | steps_t:  1165 | t: 8.976537 | r:  -508.000000 | e:   0.883500 | Q: -269.168793 | won: False 
#  211 | steps:  2303 | steps_t:  1176 | t: 9.059867 | r:  -511.000000 | e:   0.882400 | Q: -257.386597 | won: False 
#  212 | steps:  2310 | steps_t:  1182 | t: 9.106576 | r:  -506.000000 | e:   0.881800 | Q: -266.152863 | won: False 
#  213 | steps:  2317 | steps_t:  1188 | t: 9.152829 | r:  -506.000000 | e:   0.881200 | Q: -273.882904 | won: False 
#  214 | steps:  2326 | steps_t:  1196 | t: 9.213481 | r:  -508.000000 | e:   0.880400 | Q: -304.136139 | won: False 
#  215 | steps:  2333 | steps_t:  1202 | t: 9.260530 | r:  -506.000000 | e:   0.879800 | Q: -297.312439 | won: False 
#  216 | steps:  2340 | steps_t:  1208 | t: 9.306054 | r:  -506.000000 | e:   0.879200 | Q: -306.192352 | won: False 
