#    1 | steps:    22 | steps_t:     0 | t: 0.021430 | r:  -521.000000 | e:   1.000000 | Q:        nan | won: False 
#    2 | steps:    33 | steps_t:     0 | t: 0.025630 | r:  -510.000000 | e:   1.000000 | Q:        nan | won: False 
#    3 | steps:    47 | steps_t:     0 | t: 0.030670 | r:  -513.000000 | e:   1.000000 | Q:        nan | won: False 
#    4 | steps:    57 | steps_t:     0 | t: 0.034244 | r:  -509.000000 | e:   1.000000 | Q:        nan | won: False 
#    5 | steps:    79 | steps_t:     0 | t: 0.042537 | r:  -521.000000 | e:   1.000000 | Q:        nan | won: False 
#    6 | steps:    99 | steps_t:     0 | t: 0.049956 | r:  -519.000000 | e:   1.000000 | Q:        nan | won: False 
#    7 | steps:   113 | steps_t:     0 | t: 0.055333 | r:  -513.000000 | e:   1.000000 | Q:        nan | won: False 
#    8 | steps:   122 | steps_t:     0 | t: 0.058633 | r:  -508.000000 | e:   1.000000 | Q:        nan | won: False 
#    9 | steps:   139 | steps_t:     0 | t: 0.065927 | r:  -516.000000 | e:   1.000000 | Q:        nan | won: False 
#   10 | steps:   147 | steps_t:     0 | t: 0.068891 | r:  -507.000000 | e:   1.000000 | Q:        nan | won: False 
#   11 | steps:   155 | steps_t:     0 | t: 0.071981 | r:  -507.000000 | e:   1.000000 | Q:        nan | won: False 
#   12 | steps:   162 | steps_t:     0 | t: 0.074713 | r:  -506.000000 | e:   1.000000 | Q:        nan | won: False 
#   13 | steps:   172 | steps_t:     0 | t: 0.078609 | r:  -509.000000 | e:   1.000000 | Q:        nan | won: False 
#   14 | steps:   182 | steps_t:     0 | t: 0.082396 | r:  -509.000000 | e:   1.000000 | Q:        nan | won: False 
#   15 | steps:   189 | steps_t:     0 | t: 0.085818 | r:  -506.000000 | e:   1.000000 | Q:        nan | won: False 
#   16 | steps:   197 | steps_t:     0 | t: 0.088862 | r:  -507.000000 | e:   1.000000 | Q:        nan | won: False 
#   17 | steps:   204 | steps_t:     0 | t: 0.091645 | r:  -506.000000 | e:   1.000000 | Q:        nan | won: False 
#   18 | steps:   217 | steps_t:     0 | t: 0.096819 | r:  -512.000000 | e:   1.000000 | Q:        nan | won: False 
#   19 | steps:   232 | steps_t:     0 | t: 0.102876 | r:  -514.000000 | e:   1.000000 | Q:        nan | won: False 
#   20 | steps:   249 | steps_t:     0 | t: 0.109414 | r:  -505.000000 | e:   1.000000 | Q:        nan | won: False 
#   21 | steps:   257 | steps_t:     0 | t: 0.112670 | r:  -507.000000 | e:   1.000000 | Q:        nan | won: False 
#   22 | steps:   264 | steps_t:     0 | t: 0.116018 | r:  -506.000000 | e:   1.000000 | Q:        nan | won: False 
#   23 | steps:   270 | steps_t:     0 | t: 0.118474 | r:  -505.000000 | e:   1.000000 | Q:        nan | won: False 
#   24 | steps:   293 | steps_t:     0 | t: 0.127275 | r:  -522.000000 | e:   1.000000 | Q:        nan | won: False 
#   25 | steps:   305 | steps_t:     0 | t: 0.131959 | r:  -511.000000 | e:   1.000000 | Q:        nan | won: False 
#   26 | steps:   311 | steps_t:     0 | t: 0.134391 | r:  -505.000000 | e:   1.000000 | Q:        nan | won: False 
#   27 | steps:   316 | steps_t:     0 | t: 0.136358 | r:  -504.000000 | e:   1.000000 | Q:        nan | won: False 
#   28 | steps:   340 | steps_t:     0 | t: 0.145477 | r:  -523.000000 | e:   1.000000 | Q:        nan | won: False 
#   29 | steps:   348 | steps_t:     0 | t: 0.149303 | r:  -507.000000 | e:   1.000000 | Q:        nan | won: False 
#   30 | steps:   355 | steps_t:     0 | t: 0.152401 | r:  -506.000000 | e:   1.000000 | Q:        nan | won: False 
#   31 | steps:   373 | steps_t:     0 | t: 0.159349 | r:  -506.000000 | e:   1.000000 | Q:        nan | won: False 
#   32 | steps:   383 | steps_t:     0 | t: 0.163169 | r:  -509.000000 | e:   1.000000 | Q:        nan | won: False 
#   33 | steps:   401 | steps_t:     0 | t: 0.170002 | r:  -517.000000 | e:   1.000000 | Q:        nan | won: False 
#   34 | steps:   413 | steps_t:     0 | t: 0.174509 | r:  -511.000000 | e:   1.000000 | Q:        nan | won: False 
#   35 | steps:   423 | steps_t:     0 | t: 0.178504 | r:  -509.000000 | e:   1.000000 | Q:        nan | won: False 
#   36 | steps:   432 | steps_t:     0 | t: 0.182343 | r:  -508.000000 | e:   1.000000 | Q:        nan | won: False 
#   37 | steps:   441 | steps_t:     0 | t: 0.186325 | r:  -508.000000 | e:   1.000000 | Q:        nan | won: False 
#   38 | steps:   449 | steps_t:     0 | t: 0.189594 | r:  -507.000000 | e:   1.000000 | Q:        nan | won: False 
#   39 | steps:   456 | steps_t:     0 | t: 0.192389 | r:  -506.000000 | e:   1.000000 | Q:        nan | won: False 
#   40 | steps:   464 | steps_t:     0 | t: 0.195684 | r:  -507.000000 | e:   1.000000 | Q:        nan | won: False 
#   41 | steps:   495 | steps_t:     0 | t: 0.207848 | r:  -530.000000 | e:   1.000000 | Q:        nan | won: False 
#   42 | steps:   516 | steps_t:     0 | t: 0.216381 | r:  -520.000000 | e:   1.000000 | Q:        nan | won: False 
#   43 | steps:   523 | steps_t:     0 | t: 0.219677 | r:  -506.000000 | e:   1.000000 | Q:        nan | won: False 
#   44 | steps:   533 | steps_t:     0 | t: 0.223720 | r:  -509.000000 | e:   1.000000 | Q:        nan | won: False 
#   45 | steps:   540 | steps_t:     0 | t: 0.226747 | r:  -506.000000 | e:   1.000000 | Q:        nan | won: False 
#   46 | steps:   549 | steps_t:     0 | t: 0.230425 | r:  -508.000000 | e:   1.000000 | Q:        nan | won: False 
#   47 | steps:   555 | steps_t:     0 | t: 0.233141 | r:  -505.000000 | e:   1.000000 | Q:        nan | won: False 
#   48 | steps:   562 | steps_t:     0 | t: 0.236087 | r:  -506.000000 | e:   1.000000 | Q:        nan | won: False 
#   49 | steps:   578 | steps_t:     0 | t: 0.242666 | r:  -515.000000 | e:   1.000000 | Q:        nan | won: False 
#   50 | steps:   587 | steps_t:     0 | t: 0.246738 | r:  -508.000000 | e:   1.000000 | Q:        nan | won: False 
#   51 | steps:   598 | steps_t:     0 | t: 0.251382 | r:  -510.000000 | e:   1.000000 | Q:        nan | won: False 
#   52 | steps:   606 | steps_t:     0 | t: 0.255167 | r:  -507.000000 | e:   1.000000 | Q:        nan | won: False 
#   53 | steps:   619 | steps_t:     0 | t: 0.261016 | r:  -512.000000 | e:   1.000000 | Q:        nan | won: False 
#   54 | steps:   625 | steps_t:     0 | t: 0.263557 | r:  -505.000000 | e:   1.000000 | Q:        nan | won: False 
#   55 | steps:   631 | steps_t:     0 | t: 0.265990 | r:  -505.000000 | e:   1.000000 | Q:        nan | won: False 
#   56 | steps:   637 | steps_t:     0 | t: 0.268732 | r:  -505.000000 | e:   1.000000 | Q:        nan | won: False 
#   57 | steps:   648 | steps_t:     0 | t: 0.273072 | r:  -510.000000 | e:   1.000000 | Q:        nan | won: False 
#   58 | steps:   663 | steps_t:     0 | t: 0.279214 | r:  -514.000000 | e:   1.000000 | Q:        nan | won: False 
#   59 | steps:   687 | steps_t:     0 | t: 0.288742 | r:  -523.000000 | e:   1.000000 | Q:        nan | won: False 
#   60 | steps:   696 | steps_t:     0 | t: 0.292530 | r:  -508.000000 | e:   1.000000 | Q:        nan | won: False 
#   61 | steps:   703 | steps_t:     0 | t: 0.295589 | r:  -506.000000 | e:   1.000000 | Q:        nan | won: False 
#   62 | steps:   712 | steps_t:     0 | t: 0.299412 | r:  -508.000000 | e:   1.000000 | Q:        nan | won: False 
#   63 | steps:   723 | steps_t:     0 | t: 0.304044 | r:  -510.000000 | e:   1.000000 | Q:        nan | won: False 
#   64 | steps:   736 | steps_t:     0 | t: 0.309458 | r:  -512.000000 | e:   1.000000 | Q:        nan | won: False 
#   65 | steps:   746 | steps_t:     0 | t: 0.313809 | r:  -509.000000 | e:   1.000000 | Q:        nan | won: False 
#   66 | steps:   758 | steps_t:     0 | t: 0.318813 | r:  -511.000000 | e:   1.000000 | Q:        nan | won: False 
#   67 | steps:   768 | steps_t:     0 | t: 0.324190 | r:  -509.000000 | e:   1.000000 | Q:        nan | won: False 
#   68 | steps:   775 | steps_t:     0 | t: 0.327312 | r:  -506.000000 | e:   1.000000 | Q:        nan | won: False 
#   69 | steps:   783 | steps_t:     0 | t: 0.330696 | r:  -507.000000 | e:   1.000000 | Q:        nan | won: False 
#   70 | steps:   790 | steps_t:     0 | t: 0.333825 | r:  -506.000000 | e:   1.000000 | Q:        nan | won: False 
#   71 | steps:   809 | steps_t:     0 | t: 0.341563 | r:  -518.000000 | e:   1.000000 | Q:        nan | won: False 
#   72 | steps:   818 | steps_t:     0 | t: 0.345581 | r:  -508.000000 | e:   1.000000 | Q:        nan | won: False 
#   73 | steps:   843 | steps_t:     0 | t: 0.355736 | r:  -524.000000 | e:   1.000000 | Q:        nan | won: False 
#   74 | steps:   855 | steps_t:     0 | t: 0.360896 | r:  -511.000000 | e:   1.000000 | Q:        nan | won: False 
#   75 | steps:   865 | steps_t:     0 | t: 0.365177 | r:  -509.000000 | e:   1.000000 | Q:        nan | won: False 
#   76 | steps:   876 | steps_t:     0 | t: 0.369967 | r:  -510.000000 | e:   1.000000 | Q:        nan | won: False 
#   77 | steps:   885 | steps_t:     0 | t: 0.373911 | r:  -508.000000 | e:   1.000000 | Q:        nan | won: False 
#   78 | steps:   893 | steps_t:     0 | t: 0.377383 | r:  -507.000000 | e:   1.000000 | Q:        nan | won: False 
#   79 | steps:   904 | steps_t:     0 | t: 0.382013 | r:  -510.000000 | e:   1.000000 | Q:        nan | won: False 
#   80 | steps:   914 | steps_t:     0 | t: 0.386286 | r:  -509.000000 | e:   1.000000 | Q:        nan | won: False 
#   81 | steps:   922 | steps_t:     0 | t: 0.389703 | r:  -507.000000 | e:   1.000000 | Q:        nan | won: False 
#   82 | steps:   931 | steps_t:     0 | t: 0.393502 | r:  -508.000000 | e:   1.000000 | Q:        nan | won: False 
#   83 | steps:   937 | steps_t:     0 | t: 0.396044 | r:  -505.000000 | e:   1.000000 | Q:        nan | won: False 
#   84 | steps:   945 | steps_t:     0 | t: 0.399331 | r:  -507.000000 | e:   1.000000 | Q:        nan | won: False 
#   85 | steps:   956 | steps_t:     0 | t: 0.404160 | r:  -510.000000 | e:   1.000000 | Q:        nan | won: False 
#   86 | steps:   964 | steps_t:     0 | t: 0.408117 | r:  -507.000000 | e:   1.000000 | Q:        nan | won: False 
#   87 | steps:   974 | steps_t:     0 | t: 0.412591 | r:  -509.000000 | e:   1.000000 | Q:        nan | won: False 
#   88 | steps:   985 | steps_t:     0 | t: 0.417237 | r:  -510.000000 | e:   1.000000 | Q:        nan | won: False 
#   89 | steps:   993 | steps_t:     0 | t: 0.420698 | r:  -507.000000 | e:   1.000000 | Q:        nan | won: False 
#   90 | steps:  1002 | steps_t:     0 | t: 0.424366 | r:  -508.000000 | e:   1.000000 | Q:        nan | won: False 
#   91 | steps:  1011 | steps_t:     0 | t: 0.428213 | r:  -508.000000 | e:   1.000000 | Q:        nan | won: False 
#   92 | steps:  1020 | steps_t:     0 | t: 0.432078 | r:  -508.000000 | e:   1.000000 | Q:        nan | won: False 
#   93 | steps:  1031 | steps_t:     0 | t: 0.436880 | r:  -510.000000 | e:   1.000000 | Q:        nan | won: False 
#   94 | steps:  1060 | steps_t:     0 | t: 0.448444 | r:  -528.000000 | e:   1.000000 | Q:        nan | won: False 
#   95 | steps:  1073 | steps_t:     0 | t: 0.453957 | r:  -512.000000 | e:   1.000000 | Q:        nan | won: False 
#   96 | steps:  1087 | steps_t:     0 | t: 0.459470 | r:  -513.000000 | e:   1.000000 | Q:        nan | won: False 
#   97 | steps:  1098 | steps_t:     0 | t: 0.463841 | r:  -510.000000 | e:   1.000000 | Q:        nan | won: False 
#   98 | steps:  1107 | steps_t:     0 | t: 0.467690 | r:  -508.000000 | e:   1.000000 | Q:        nan | won: False 
#   99 | steps:  1116 | steps_t:     0 | t: 0.471554 | r:  -508.000000 | e:   1.000000 | Q:        nan | won: False 
#  100 | steps:  1124 | steps_t:     0 | t: 0.474882 | r:  -507.000000 | e:   1.000000 | Q:        nan | won: False 
#  101 | steps:  1134 | steps_t:     0 | t: 0.478777 | r:  -509.000000 | e:   1.000000 | Q:        nan | won: False 
#  102 | steps:  1157 | steps_t:     0 | t: 0.487757 | r:  -522.000000 | e:   1.000000 | Q:        nan | won: False 
#  103 | steps:  1169 | steps_t:     0 | t: 0.492627 | r:  -511.000000 | e:   1.000000 | Q:        nan | won: False 
#  104 | steps:  1178 | steps_t:     0 | t: 0.496419 | r:  -508.000000 | e:   1.000000 | Q:        nan | won: False 
#  105 | steps:  1199 | steps_t:     0 | t: 0.504654 | r:  -520.000000 | e:   1.000000 | Q:        nan | won: False 
#  106 | steps:  1210 | steps_t:     0 | t: 0.509078 | r:  -510.000000 | e:   1.000000 | Q:        nan | won: False 
#  107 | steps:  1215 | steps_t:     0 | t: 0.511215 | r:  -504.000000 | e:   1.000000 | Q:        nan | won: False 
#  108 | steps:  1222 | steps_t:     0 | t: 0.513838 | r:  -506.000000 | e:   1.000000 | Q:        nan | won: False 
#  109 | steps:  1229 | steps_t:     0 | t: 0.516767 | r:  -506.000000 | e:   1.000000 | Q:        nan | won: False 
#  110 | steps:  1237 | steps_t:     0 | t: 0.519958 | r:  -507.000000 | e:   1.000000 | Q:        nan | won: False 
#  111 | steps:  1250 | steps_t:     0 | t: 0.525088 | r:  -512.000000 | e:   1.000000 | Q:        nan | won: False 
#  112 | steps:  1263 | steps_t:     0 | t: 0.530559 | r:  -512.000000 | e:   1.000000 | Q:        nan | won: False 
#  113 | steps:  1280 | steps_t:     0 | t: 0.537512 | r:  -516.000000 | e:   1.000000 | Q:        nan | won: False 
#  114 | steps:  1303 | steps_t:     0 | t: 0.546729 | r:  -522.000000 | e:   1.000000 | Q:        nan | won: False 
#  115 | steps:  1311 | steps_t:     0 | t: 0.549991 | r:  -507.000000 | e:   1.000000 | Q:        nan | won: False 
#  116 | steps:  1319 | steps_t:     0 | t: 0.553165 | r:  -507.000000 | e:   1.000000 | Q:        nan | won: False 
#  117 | steps:  1326 | steps_t:     0 | t: 0.556068 | r:  -506.000000 | e:   1.000000 | Q:        nan | won: False 
#  118 | steps:  1333 | steps_t:     0 | t: 0.558954 | r:  -506.000000 | e:   1.000000 | Q:        nan | won: False 
#  119 | steps:  1343 | steps_t:     0 | t: 0.563177 | r:  -509.000000 | e:   1.000000 | Q:        nan | won: False 
#  120 | steps:  1353 | steps_t:     0 | t: 0.567301 | r:  -509.000000 | e:   1.000000 | Q:        nan | won: False 
#  121 | steps:  1363 | steps_t:     0 | t: 0.571493 | r:  -509.000000 | e:   1.000000 | Q:        nan | won: False 
#  122 | steps:  1370 | steps_t:     0 | t: 0.574396 | r:  -506.000000 | e:   1.000000 | Q:        nan | won: False 
#  123 | steps:  1379 | steps_t:     0 | t: 0.578056 | r:  -508.000000 | e:   1.000000 | Q:        nan | won: False 
#  124 | steps:  1390 | steps_t:     0 | t: 0.582572 | r:  -510.000000 | e:   1.000000 | Q:        nan | won: False 
#  125 | steps:  1416 | steps_t:     0 | t: 0.592762 | r:  -514.000000 | e:   1.000000 | Q:        nan | won: False 
#  126 | steps:  1436 | steps_t:     0 | t: 0.601361 | r:  -519.000000 | e:   1.000000 | Q:        nan | won: False 
#  127 | steps:  1444 | steps_t:     0 | t: 0.605156 | r:  -507.000000 | e:   1.000000 | Q:        nan | won: False 
#  128 | steps:  1454 | steps_t:     0 | t: 0.609268 | r:  -509.000000 | e:   1.000000 | Q:        nan | won: False 
#  129 | steps:  1462 | steps_t:     0 | t: 0.612993 | r:  -507.000000 | e:   1.000000 | Q:        nan | won: False 
#  130 | steps:  1472 | steps_t:     0 | t: 0.617240 | r:  -509.000000 | e:   1.000000 | Q:        nan | won: False 
#  131 | steps:  1480 | steps_t:     0 | t: 0.620896 | r:  -507.000000 | e:   1.000000 | Q:        nan | won: False 
#  132 | steps:  1503 | steps_t:     0 | t: 0.633282 | r:  -522.000000 | e:   1.000000 | Q:        nan | won: False 
#  133 | steps:  1510 | steps_t:     0 | t: 0.637334 | r:  -506.000000 | e:   1.000000 | Q:        nan | won: False 
#  134 | steps:  1522 | steps_t:     0 | t: 0.643344 | r:  -511.000000 | e:   1.000000 | Q:        nan | won: False 
#  135 | steps:  1534 | steps_t:     0 | t: 0.649105 | r:  -511.000000 | e:   1.000000 | Q:        nan | won: False 
#  136 | steps:  1544 | steps_t:     0 | t: 0.654007 | r:  -509.000000 | e:   1.000000 | Q:        nan | won: False 
#  137 | steps:  1551 | steps_t:     0 | t: 0.657581 | r:  -506.000000 | e:   1.000000 | Q:        nan | won: False 
#  138 | steps:  1568 | steps_t:     0 | t: 0.665717 | r:  -516.000000 | e:   1.000000 | Q:        nan | won: False 
#  139 | steps:  1582 | steps_t:     0 | t: 0.672056 | r:  -513.000000 | e:   1.000000 | Q:        nan | won: False 
#  140 | steps:  1591 | steps_t:     0 | t: 0.676525 | r:  -508.000000 | e:   1.000000 | Q:        nan | won: False 
#  141 | steps:  1604 | steps_t:     0 | t: 0.682551 | r:  -512.000000 | e:   1.000000 | Q:        nan | won: False 
#  142 | steps:  1617 | steps_t:     0 | t: 0.688364 | r:  -512.000000 | e:   1.000000 | Q:        nan | won: False 
#  143 | steps:  1622 | steps_t:     0 | t: 0.690716 | r:  -504.000000 | e:   1.000000 | Q:        nan | won: False 
#  144 | steps:  1635 | steps_t:     0 | t: 0.696120 | r:  -512.000000 | e:   1.000000 | Q:        nan | won: False 
#  145 | steps:  1645 | steps_t:     0 | t: 0.700345 | r:  -509.000000 | e:   1.000000 | Q:        nan | won: False 
#  146 | steps:  1656 | steps_t:     0 | t: 0.704734 | r:  -510.000000 | e:   1.000000 | Q:        nan | won: False 
#  147 | steps:  1665 | steps_t:     0 | t: 0.709093 | r:  -508.000000 | e:   1.000000 | Q:        nan | won: False 
#  148 | steps:  1674 | steps_t:     0 | t: 0.713236 | r:  -508.000000 | e:   1.000000 | Q:        nan | won: False 
#  149 | steps:  1682 | steps_t:     0 | t: 0.716619 | r:  -507.000000 | e:   1.000000 | Q:        nan | won: False 
#  150 | steps:  1693 | steps_t:     0 | t: 0.721561 | r:  -510.000000 | e:   1.000000 | Q:        nan | won: False 
#  151 | steps:  1700 | steps_t:     0 | t: 0.724968 | r:  -506.000000 | e:   1.000000 | Q:        nan | won: False 
#  152 | steps:  1714 | steps_t:     0 | t: 0.730660 | r:  -513.000000 | e:   1.000000 | Q:        nan | won: False 
#  153 | steps:  1728 | steps_t:     0 | t: 0.736209 | r:  -513.000000 | e:   1.000000 | Q:        nan | won: False 
#  154 | steps:  1741 | steps_t:     0 | t: 0.742248 | r:  -512.000000 | e:   1.000000 | Q:        nan | won: False 
#  155 | steps:  1748 | steps_t:     0 | t: 0.745194 | r:  -506.000000 | e:   1.000000 | Q:        nan | won: False 
#  156 | steps:  1759 | steps_t:     0 | t: 0.749902 | r:  -510.000000 | e:   1.000000 | Q:        nan | won: False 
#  157 | steps:  1765 | steps_t:     0 | t: 0.752706 | r:  -505.000000 | e:   1.000000 | Q:        nan | won: False 
#  158 | steps:  1774 | steps_t:     0 | t: 0.756258 | r:  -508.000000 | e:   1.000000 | Q:        nan | won: False 
#  159 | steps:  1788 | steps_t:     0 | t: 0.761729 | r:  -513.000000 | e:   1.000000 | Q:        nan | won: False 
#  160 | steps:  1795 | steps_t:     0 | t: 0.764532 | r:  -506.000000 | e:   1.000000 | Q:        nan | won: False 
#  161 | steps:  1803 | steps_t:     0 | t: 0.767716 | r:  -507.000000 | e:   1.000000 | Q:        nan | won: False 
#  162 | steps:  1810 | steps_t:     0 | t: 0.770320 | r:  -506.000000 | e:   1.000000 | Q:        nan | won: False 
#  163 | steps:  1818 | steps_t:     0 | t: 0.773427 | r:  -507.000000 | e:   1.000000 | Q:        nan | won: False 
#  164 | steps:  1832 | steps_t:     0 | t: 0.778839 | r:  -513.000000 | e:   1.000000 | Q:        nan | won: False 
#  165 | steps:  1840 | steps_t:     0 | t: 0.782186 | r:  -507.000000 | e:   1.000000 | Q:        nan | won: False 
#  166 | steps:  1854 | steps_t:     0 | t: 0.787761 | r:  -513.000000 | e:   1.000000 | Q:        nan | won: False 
#  167 | steps:  1866 | steps_t:     0 | t: 0.792508 | r:  -511.000000 | e:   1.000000 | Q:        nan | won: False 
#  168 | steps:  1873 | steps_t:     0 | t: 0.795263 | r:  -506.000000 | e:   1.000000 | Q:        nan | won: False 
#  169 | steps:  1890 | steps_t:     0 | t: 0.801824 | r:  -516.000000 | e:   1.000000 | Q:        nan | won: False 
#  170 | steps:  1897 | steps_t:     0 | t: 0.804686 | r:  -506.000000 | e:   1.000000 | Q:        nan | won: False 
#  171 | steps:  1906 | steps_t:     0 | t: 0.808258 | r:  -508.000000 | e:   1.000000 | Q:        nan | won: False 
#  172 | steps:  1924 | steps_t:     0 | t: 0.815348 | r:  -517.000000 | e:   1.000000 | Q:        nan | won: False 
#  173 | steps:  1939 | steps_t:     0 | t: 0.821311 | r:  -492.000000 | e:   1.000000 | Q:        nan | won: False 
#  174 | steps:  1945 | steps_t:     0 | t: 0.823637 | r:  -505.000000 | e:   1.000000 | Q:        nan | won: False 
#  175 | steps:  1959 | steps_t:     0 | t: 0.829393 | r:  -502.000000 | e:   1.000000 | Q:        nan | won: False 
#  176 | steps:  1980 | steps_t:     0 | t: 0.837516 | r:  -520.000000 | e:   1.000000 | Q:        nan | won: False 
#  177 | steps:  1991 | steps_t:     0 | t: 0.841969 | r:  -510.000000 | e:   1.000000 | Q:        nan | won: False 
#  178 | steps:  1999 | steps_t:     0 | t: 0.845298 | r:  -507.000000 | e:   1.000000 | Q:        nan | won: False 
#  179 | steps:  2010 | steps_t:     0 | t: 0.849995 | r:  -510.000000 | e:   1.000000 | Q:        nan | won: False 
#  180 | steps:  2026 | steps_t:     0 | t: 0.856661 | r:  -515.000000 | e:   1.000000 | Q:        nan | won: False 
#  181 | steps:  2047 | steps_t:     0 | t: 0.864997 | r:  -520.000000 | e:   1.000000 | Q:        nan | won: False 
#  182 | steps:  2053 | steps_t:     0 | t: 0.867467 | r:  -505.000000 | e:   1.000000 | Q:        nan | won: False 
#  183 | steps:  2062 | steps_t:     0 | t: 0.870933 | r:  -508.000000 | e:   1.000000 | Q:        nan | won: False 
#  184 | steps:  2072 | steps_t:     0 | t: 0.874925 | r:  -509.000000 | e:   1.000000 | Q:        nan | won: False 
#  185 | steps:  2079 | steps_t:     0 | t: 0.877909 | r:  -506.000000 | e:   1.000000 | Q:        nan | won: False 
#  186 | steps:  2119 | steps_t:     0 | t: 0.894199 | r:  -528.000000 | e:   1.000000 | Q:        nan | won: False 
#  187 | steps:  2128 | steps_t:     0 | t: 0.897897 | r:  -508.000000 | e:   1.000000 | Q:        nan | won: False 
#  188 | steps:  2145 | steps_t:     0 | t: 0.904619 | r:  -516.000000 | e:   1.000000 | Q:        nan | won: False 
#  189 | steps:  2160 | steps_t:     0 | t: 0.910605 | r:  -514.000000 | e:   1.000000 | Q:        nan | won: False 
#  190 | steps:  2168 | steps_t:     0 | t: 0.913845 | r:  -507.000000 | e:   1.000000 | Q:        nan | won: False 
#  191 | steps:  2177 | steps_t:     0 | t: 0.917430 | r:  -508.000000 | e:   1.000000 | Q:        nan | won: False 
#  192 | steps:  2188 | steps_t:     0 | t: 0.921606 | r:  -510.000000 | e:   1.000000 | Q:        nan | won: False 
#  193 | steps:  2195 | steps_t:     0 | t: 0.924368 | r:  -506.000000 | e:   1.000000 | Q:        nan | won: False 
#  194 | steps:  2205 | steps_t:     0 | t: 0.928145 | r:  -509.000000 | e:   1.000000 | Q:        nan | won: False 
#  195 | steps:  2215 | steps_t:     0 | t: 0.932098 | r:  -509.000000 | e:   1.000000 | Q:        nan | won: False 
#  196 | steps:  2233 | steps_t:     0 | t: 0.939227 | r:  -517.000000 | e:   1.000000 | Q:        nan | won: False 
#  197 | steps:  2241 | steps_t:     0 | t: 0.942467 | r:  -507.000000 | e:   1.000000 | Q:        nan | won: False 
#  198 | steps:  2255 | steps_t:     0 | t: 0.947962 | r:  -513.000000 | e:   1.000000 | Q:        nan | won: False 
#  199 | steps:  2266 | steps_t:     0 | t: 0.952363 | r:  -510.000000 | e:   1.000000 | Q:        nan | won: False 
#  200 | steps:  2278 | steps_t:     0 | t: 0.957109 | r:  -511.000000 | e:   1.000000 | Q:        nan | won: False 
#  201 | steps:  2285 | steps_t:     0 | t: 0.959991 | r:  -506.000000 | e:   1.000000 | Q:        nan | won: False 
#  202 | steps:  2292 | steps_t:     0 | t: 0.962831 | r:  -506.000000 | e:   1.000000 | Q:        nan | won: False 
#  203 | steps:  2300 | steps_t:     0 | t: 0.966188 | r:  -507.000000 | e:   1.000000 | Q:        nan | won: False 
#  204 | steps:  2312 | steps_t:     0 | t: 0.970937 | r:  -511.000000 | e:   1.000000 | Q:        nan | won: False 
#  205 | steps:  2319 | steps_t:     0 | t: 0.973849 | r:  -506.000000 | e:   1.000000 | Q:        nan | won: False 
#  206 | steps:  2332 | steps_t:     0 | t: 0.979497 | r:  -512.000000 | e:   1.000000 | Q:        nan | won: False 
#  207 | steps:  2342 | steps_t:     0 | t: 0.984056 | r:  -509.000000 | e:   1.000000 | Q:        nan | won: False 
#  208 | steps:  2354 | steps_t:     0 | t: 0.989457 | r:  -511.000000 | e:   1.000000 | Q:        nan | won: False 
#  209 | steps:  2363 | steps_t:     0 | t: 0.993341 | r:  -508.000000 | e:   1.000000 | Q:        nan | won: False 
#  210 | steps:  2381 | steps_t:     0 | t: 1.000335 | r:  -517.000000 | e:   1.000000 | Q:        nan | won: False 
#  211 | steps:  2388 | steps_t:     0 | t: 1.003262 | r:  -506.000000 | e:   1.000000 | Q:        nan | won: False 
#  212 | steps:  2402 | steps_t:     0 | t: 1.008915 | r:  -513.000000 | e:   1.000000 | Q:        nan | won: False 
#  213 | steps:  2415 | steps_t:     0 | t: 1.014210 | r:  -512.000000 | e:   1.000000 | Q:        nan | won: False 
#  214 | steps:  2423 | steps_t:     0 | t: 1.017523 | r:  -507.000000 | e:   1.000000 | Q:        nan | won: False 
#  215 | steps:  2436 | steps_t:     0 | t: 1.022690 | r:  -512.000000 | e:   1.000000 | Q:        nan | won: False 
#  216 | steps:  2443 | steps_t:     0 | t: 1.025683 | r:  -506.000000 | e:   1.000000 | Q:        nan | won: False 
#  217 | steps:  2454 | steps_t:     0 | t: 1.030229 | r:  -510.000000 | e:   1.000000 | Q:        nan | won: False 
#  218 | steps:  2472 | steps_t:     0 | t: 1.037568 | r:  -517.000000 | e:   1.000000 | Q:        nan | won: False 
#  219 | steps:  2482 | steps_t:     0 | t: 1.041740 | r:  -509.000000 | e:   1.000000 | Q:        nan | won: False 
#  220 | steps:  2496 | steps_t:     0 | t: 1.047299 | r:  -513.000000 | e:   1.000000 | Q:        nan | won: False 
#  221 | steps:  2509 | steps_t:     0 | t: 1.052539 | r:  -512.000000 | e:   1.000000 | Q:        nan | won: False 
#  222 | steps:  2527 | steps_t:     0 | t: 1.059788 | r:  -517.000000 | e:   1.000000 | Q:        nan | won: False 
#  223 | steps:  2536 | steps_t:     0 | t: 1.063523 | r:  -508.000000 | e:   1.000000 | Q:        nan | won: False 
#  224 | steps:  2543 | steps_t:     0 | t: 1.066435 | r:  -506.000000 | e:   1.000000 | Q:        nan | won: False 
#  225 | steps:  2551 | steps_t:     0 | t: 1.069947 | r:  -507.000000 | e:   1.000000 | Q:        nan | won: False 
#  226 | steps:  2564 | steps_t:     0 | t: 1.075396 | r:  -512.000000 | e:   1.000000 | Q:        nan | won: False 
#  227 | steps:  2583 | steps_t:     0 | t: 1.082981 | r:  -496.000000 | e:   1.000000 | Q:        nan | won: False 
#  228 | steps:  2592 | steps_t:     0 | t: 1.089747 | r:  -508.000000 | e:   1.000000 | Q:        nan | won: False 
#  229 | steps:  2612 | steps_t:     0 | t: 1.098311 | r:  -519.000000 | e:   1.000000 | Q:        nan | won: False 
#  230 | steps:  2623 | steps_t:     0 | t: 1.103213 | r:  -510.000000 | e:   1.000000 | Q:        nan | won: False 
#  231 | steps:  2632 | steps_t:     0 | t: 1.106441 | r:  -508.000000 | e:   1.000000 | Q:        nan | won: False 
#  232 | steps:  2639 | steps_t:     0 | t: 1.108895 | r:  -506.000000 | e:   1.000000 | Q:        nan | won: False 
#  233 | steps:  2649 | steps_t:     0 | t: 1.112184 | r:  -509.000000 | e:   1.000000 | Q:        nan | won: False 
#  234 | steps:  2657 | steps_t:     0 | t: 1.114840 | r:  -507.000000 | e:   1.000000 | Q:        nan | won: False 
#  235 | steps:  2664 | steps_t:     0 | t: 1.117306 | r:  -506.000000 | e:   1.000000 | Q:        nan | won: False 
#  236 | steps:  2672 | steps_t:     0 | t: 1.120084 | r:  -507.000000 | e:   1.000000 | Q:        nan | won: False 
#  237 | steps:  2678 | steps_t:     0 | t: 1.122140 | r:  -505.000000 | e:   1.000000 | Q:        nan | won: False 
#  238 | steps:  2688 | steps_t:     0 | t: 1.125403 | r:  -509.000000 | e:   1.000000 | Q:        nan | won: False 
#  239 | steps:  2697 | steps_t:     0 | t: 1.128443 | r:  -508.000000 | e:   1.000000 | Q:        nan | won: False 
#  240 | steps:  2712 | steps_t:     0 | t: 1.133645 | r:  -503.000000 | e:   1.000000 | Q:        nan | won: False 
#  241 | steps:  2720 | steps_t:     0 | t: 1.136451 | r:  -507.000000 | e:   1.000000 | Q:        nan | won: False 
#  242 | steps:  2728 | steps_t:     0 | t: 1.139131 | r:  -507.000000 | e:   1.000000 | Q:        nan | won: False 
#  243 | steps:  2741 | steps_t:     0 | t: 1.143500 | r:  -512.000000 | e:   1.000000 | Q:        nan | won: False 
#  244 | steps:  2756 | steps_t:     0 | t: 1.148453 | r:  -514.000000 | e:   1.000000 | Q:        nan | won: False 
#  245 | steps:  2765 | steps_t:     0 | t: 1.151534 | r:  -508.000000 | e:   1.000000 | Q:        nan | won: False 
#  246 | steps:  2774 | steps_t:     0 | t: 1.154626 | r:  -508.000000 | e:   1.000000 | Q:        nan | won: False 
#  247 | steps:  2784 | steps_t:     0 | t: 1.158138 | r:  -509.000000 | e:   1.000000 | Q:        nan | won: False 
#  248 | steps:  2793 | steps_t:     0 | t: 1.161347 | r:  -508.000000 | e:   1.000000 | Q:        nan | won: False 
#  249 | steps:  2806 | steps_t:     0 | t: 1.166849 | r:  -512.000000 | e:   1.000000 | Q:        nan | won: False 
#  250 | steps:  2816 | steps_t:     0 | t: 1.170940 | r:  -509.000000 | e:   1.000000 | Q:        nan | won: False 
#  251 | steps:  2829 | steps_t:     0 | t: 1.176219 | r:  -512.000000 | e:   1.000000 | Q:        nan | won: False 
#  252 | steps:  2838 | steps_t:     0 | t: 1.179913 | r:  -508.000000 | e:   1.000000 | Q:        nan | won: False 
#  253 | steps:  2850 | steps_t:     0 | t: 1.184751 | r:  -511.000000 | e:   1.000000 | Q:        nan | won: False 
#  254 | steps:  2859 | steps_t:     0 | t: 1.188449 | r:  -508.000000 | e:   1.000000 | Q:        nan | won: False 
#  255 | steps:  2870 | steps_t:     0 | t: 1.193013 | r:  -510.000000 | e:   1.000000 | Q:        nan | won: False 
#  256 | steps:  2878 | steps_t:     0 | t: 1.196428 | r:  -507.000000 | e:   1.000000 | Q:        nan | won: False 
#  257 | steps:  2893 | steps_t:     0 | t: 1.202385 | r:  -503.000000 | e:   1.000000 | Q:        nan | won: False 
#  258 | steps:  2901 | steps_t:     0 | t: 1.205844 | r:  -507.000000 | e:   1.000000 | Q:        nan | won: False 
#  259 | steps:  2908 | steps_t:     0 | t: 1.208760 | r:  -506.000000 | e:   1.000000 | Q:        nan | won: False 
#  260 | steps:  2917 | steps_t:     0 | t: 1.212440 | r:  -508.000000 | e:   1.000000 | Q:        nan | won: False 
#  261 | steps:  2923 | steps_t:     0 | t: 1.214770 | r:  -505.000000 | e:   1.000000 | Q:        nan | won: False 
#  262 | steps:  2934 | steps_t:     0 | t: 1.219247 | r:  -510.000000 | e:   1.000000 | Q:        nan | won: False 
#  263 | steps:  2949 | steps_t:     0 | t: 1.225225 | r:  -514.000000 | e:   1.000000 | Q:        nan | won: False 
#  264 | steps:  2962 | steps_t:     0 | t: 1.230795 | r:  -512.000000 | e:   1.000000 | Q:        nan | won: False 
#  265 | steps:  2979 | steps_t:     0 | t: 1.237975 | r:  -516.000000 | e:   1.000000 | Q:        nan | won: False 
#  266 | steps:  2988 | steps_t:     0 | t: 1.241715 | r:  -508.000000 | e:   1.000000 | Q:        nan | won: False 
#  267 | steps:  2998 | steps_t:     0 | t: 1.245638 | r:  -509.000000 | e:   1.000000 | Q:        nan | won: False 
#  268 | steps:  3007 | steps_t:     0 | t: 1.249061 | r:  -508.000000 | e:   1.000000 | Q:        nan | won: False 
#  269 | steps:  3015 | steps_t:     0 | t: 1.251907 | r:  -507.000000 | e:   1.000000 | Q:        nan | won: False 
#  270 | steps:  3024 | steps_t:     0 | t: 1.255171 | r:  -508.000000 | e:   1.000000 | Q:        nan | won: False 
#  271 | steps:  3035 | steps_t:     0 | t: 1.259622 | r:  -510.000000 | e:   1.000000 | Q:        nan | won: False 
#  272 | steps:  3042 | steps_t:     0 | t: 1.262317 | r:  -506.000000 | e:   1.000000 | Q:        nan | won: False 
#  273 | steps:  3056 | steps_t:     0 | t: 1.267619 | r:  -513.000000 | e:   1.000000 | Q:        nan | won: False 
#  274 | steps:  3062 | steps_t:     0 | t: 1.269911 | r:  -505.000000 | e:   1.000000 | Q:        nan | won: False 
#  275 | steps:  3068 | steps_t:     0 | t: 1.272149 | r:  -505.000000 | e:   1.000000 | Q:        nan | won: False 
#  276 | steps:  3090 | steps_t:     0 | t: 1.280616 | r:  -510.000000 | e:   1.000000 | Q:        nan | won: False 
#  277 | steps:  3110 | steps_t:     0 | t: 1.288735 | r:  -519.000000 | e:   1.000000 | Q:        nan | won: False 
#  278 | steps:  3123 | steps_t:     0 | t: 1.294513 | r:  -512.000000 | e:   1.000000 | Q:        nan | won: False 
#  279 | steps:  3130 | steps_t:     0 | t: 1.297463 | r:  -506.000000 | e:   1.000000 | Q:        nan | won: False 
#  280 | steps:  3139 | steps_t:     0 | t: 1.301357 | r:  -508.000000 | e:   1.000000 | Q:        nan | won: False 
#  281 | steps:  3148 | steps_t:     0 | t: 1.305184 | r:  -508.000000 | e:   1.000000 | Q:        nan | won: False 
#  282 | steps:  3156 | steps_t:     0 | t: 1.308541 | r:  -507.000000 | e:   1.000000 | Q:        nan | won: False 
#  283 | steps:  3166 | steps_t:     0 | t: 1.312574 | r:  -509.000000 | e:   1.000000 | Q:        nan | won: False 
#  284 | steps:  3176 | steps_t:     0 | t: 1.316497 | r:  -509.000000 | e:   1.000000 | Q:        nan | won: False 
#  285 | steps:  3185 | steps_t:     0 | t: 1.319674 | r:  -508.000000 | e:   1.000000 | Q:        nan | won: False 
#  286 | steps:  3194 | steps_t:     0 | t: 1.323300 | r:  -508.000000 | e:   1.000000 | Q:        nan | won: False 
#  287 | steps:  3203 | steps_t:     0 | t: 1.326976 | r:  -508.000000 | e:   1.000000 | Q:        nan | won: False 
#  288 | steps:  3216 | steps_t:     0 | t: 1.332059 | r:  -512.000000 | e:   1.000000 | Q:        nan | won: False 
#  289 | steps:  3223 | steps_t:     0 | t: 1.334997 | r:  -506.000000 | e:   1.000000 | Q:        nan | won: False 
#  290 | steps:  3244 | steps_t:     0 | t: 1.342921 | r:  -520.000000 | e:   1.000000 | Q:        nan | won: False 
#  291 | steps:  3252 | steps_t:     0 | t: 1.346437 | r:  -507.000000 | e:   1.000000 | Q:        nan | won: False 
#  292 | steps:  3262 | steps_t:     0 | t: 1.350485 | r:  -509.000000 | e:   1.000000 | Q:        nan | won: False 
#  293 | steps:  3271 | steps_t:     0 | t: 1.354276 | r:  -508.000000 | e:   1.000000 | Q:        nan | won: False 
#  294 | steps:  3281 | steps_t:     0 | t: 1.358979 | r:  -509.000000 | e:   1.000000 | Q:        nan | won: False 
#  295 | steps:  3289 | steps_t:     0 | t: 1.362443 | r:  -507.000000 | e:   1.000000 | Q:        nan | won: False 
#  296 | steps:  3298 | steps_t:     0 | t: 1.366210 | r:  -508.000000 | e:   1.000000 | Q:        nan | won: False 
#  297 | steps:  3307 | steps_t:     0 | t: 1.369921 | r:  -508.000000 | e:   1.000000 | Q:        nan | won: False 
#  298 | steps:  3316 | steps_t:     0 | t: 1.373438 | r:  -508.000000 | e:   1.000000 | Q:        nan | won: False 
#  299 | steps:  3323 | steps_t:     0 | t: 1.376339 | r:  -506.000000 | e:   1.000000 | Q:        nan | won: False 
#  300 | steps:  3337 | steps_t:     0 | t: 1.382276 | r:  -502.000000 | e:   1.000000 | Q:        nan | won: False 
#  301 | steps:  3346 | steps_t:     0 | t: 1.385834 | r:  -508.000000 | e:   1.000000 | Q:        nan | won: False 
#  302 | steps:  3356 | steps_t:     0 | t: 1.390311 | r:  -509.000000 | e:   1.000000 | Q:        nan | won: False 
#  303 | steps:  3363 | steps_t:     0 | t: 1.393307 | r:  -506.000000 | e:   1.000000 | Q:        nan | won: False 
#  304 | steps:  3373 | steps_t:     0 | t: 1.397498 | r:  -509.000000 | e:   1.000000 | Q:        nan | won: False 
#  305 | steps:  3378 | steps_t:     0 | t: 1.399679 | r:  -504.000000 | e:   1.000000 | Q:        nan | won: False 
#  306 | steps:  3401 | steps_t:     0 | t: 1.409496 | r:  -522.000000 | e:   1.000000 | Q:        nan | won: False 
#  307 | steps:  3409 | steps_t:     0 | t: 1.413016 | r:  -507.000000 | e:   1.000000 | Q:        nan | won: False 
#  308 | steps:  3418 | steps_t:     0 | t: 1.416857 | r:  -508.000000 | e:   1.000000 | Q:        nan | won: False 
#  309 | steps:  3442 | steps_t:     0 | t: 1.427176 | r:  -523.000000 | e:   1.000000 | Q:        nan | won: False 
#  310 | steps:  3449 | steps_t:     0 | t: 1.430274 | r:  -506.000000 | e:   1.000000 | Q:        nan | won: False 
#  311 | steps:  3460 | steps_t:     0 | t: 1.434813 | r:  -510.000000 | e:   1.000000 | Q:        nan | won: False 
#  312 | steps:  3469 | steps_t:     0 | t: 1.438320 | r:  -508.000000 | e:   1.000000 | Q:        nan | won: False 
#  313 | steps:  3480 | steps_t:     0 | t: 1.442662 | r:  -510.000000 | e:   1.000000 | Q:        nan | won: False 
#  314 | steps:  3490 | steps_t:     0 | t: 1.446832 | r:  -509.000000 | e:   1.000000 | Q:        nan | won: False 
#  315 | steps:  3501 | steps_t:     0 | t: 1.451629 | r:  -510.000000 | e:   1.000000 | Q:        nan | won: False 
#  316 | steps:  3511 | steps_t:     0 | t: 1.455971 | r:  -509.000000 | e:   1.000000 | Q:        nan | won: False 
#  317 | steps:  3527 | steps_t:     0 | t: 1.462025 | r:  -504.000000 | e:   1.000000 | Q:        nan | won: False 
#  318 | steps:  3537 | steps_t:     0 | t: 1.465966 | r:  -509.000000 | e:   1.000000 | Q:        nan | won: False 
#  319 | steps:  3552 | steps_t:     0 | t: 1.471811 | r:  -514.000000 | e:   1.000000 | Q:        nan | won: False 
#  320 | steps:  3561 | steps_t:     0 | t: 1.475116 | r:  -508.000000 | e:   1.000000 | Q:        nan | won: False 
#  321 | steps:  3571 | steps_t:     0 | t: 1.478961 | r:  -509.000000 | e:   1.000000 | Q:        nan | won: False 
#  322 | steps:  3580 | steps_t:     0 | t: 1.482827 | r:  -508.000000 | e:   1.000000 | Q:        nan | won: False 
#  323 | steps:  3589 | steps_t:     0 | t: 1.486866 | r:  -508.000000 | e:   1.000000 | Q:        nan | won: False 
#  324 | steps:  3596 | steps_t:     0 | t: 1.489642 | r:  -506.000000 | e:   1.000000 | Q:        nan | won: False 
#  325 | steps:  3604 | steps_t:     0 | t: 1.492734 | r:  -507.000000 | e:   1.000000 | Q:        nan | won: False 
#  326 | steps:  3625 | steps_t:     0 | t: 1.500518 | r:  -520.000000 | e:   1.000000 | Q:        nan | won: False 
#  327 | steps:  3639 | steps_t:     0 | t: 1.505807 | r:  -513.000000 | e:   1.000000 | Q:        nan | won: False 
#  328 | steps:  3645 | steps_t:     0 | t: 1.508121 | r:  -505.000000 | e:   1.000000 | Q:        nan | won: False 
#  329 | steps:  3651 | steps_t:     0 | t: 1.510369 | r:  -505.000000 | e:   1.000000 | Q:        nan | won: False 
#  330 | steps:  3670 | steps_t:     0 | t: 1.517704 | r:  -518.000000 | e:   1.000000 | Q:        nan | won: False 
#  331 | steps:  3679 | steps_t:     0 | t: 1.521350 | r:  -508.000000 | e:   1.000000 | Q:        nan | won: False 
#  332 | steps:  3690 | steps_t:     0 | t: 1.525556 | r:  -510.000000 | e:   1.000000 | Q:        nan | won: False 
#  333 | steps:  3699 | steps_t:     0 | t: 1.528872 | r:  -508.000000 | e:   1.000000 | Q:        nan | won: False 
#  334 | steps:  3706 | steps_t:     0 | t: 1.531657 | r:  -506.000000 | e:   1.000000 | Q:        nan | won: False 
#  335 | steps:  3716 | steps_t:     0 | t: 1.535480 | r:  -509.000000 | e:   1.000000 | Q:        nan | won: False 
#  336 | steps:  3731 | steps_t:     0 | t: 1.541114 | r:  -514.000000 | e:   1.000000 | Q:        nan | won: False 
#  337 | steps:  3740 | steps_t:     0 | t: 1.544535 | r:  -508.000000 | e:   1.000000 | Q:        nan | won: False 
#  338 | steps:  3749 | steps_t:     0 | t: 1.548025 | r:  -508.000000 | e:   1.000000 | Q:        nan | won: False 
#  339 | steps:  3756 | steps_t:     0 | t: 1.550980 | r:  -506.000000 | e:   1.000000 | Q:        nan | won: False 
#  340 | steps:  3766 | steps_t:     0 | t: 1.554896 | r:  -509.000000 | e:   1.000000 | Q:        nan | won: False 
#  341 | steps:  3774 | steps_t:     0 | t: 1.557872 | r:  -507.000000 | e:   1.000000 | Q:        nan | won: False 
#  342 | steps:  3787 | steps_t:     0 | t: 1.562899 | r:  -512.000000 | e:   1.000000 | Q:        nan | won: False 
#  343 | steps:  3799 | steps_t:     0 | t: 1.567538 | r:  -511.000000 | e:   1.000000 | Q:        nan | won: False 
#  344 | steps:  3805 | steps_t:     0 | t: 1.569870 | r:  -505.000000 | e:   1.000000 | Q:        nan | won: False 
#  345 | steps:  3814 | steps_t:     0 | t: 1.573260 | r:  -508.000000 | e:   1.000000 | Q:        nan | won: False 
#  346 | steps:  3825 | steps_t:     0 | t: 1.577374 | r:  -510.000000 | e:   1.000000 | Q:        nan | won: False 
#  347 | steps:  3832 | steps_t:     0 | t: 1.580154 | r:  -506.000000 | e:   1.000000 | Q:        nan | won: False 
#  348 | steps:  3841 | steps_t:     0 | t: 1.583531 | r:  -508.000000 | e:   1.000000 | Q:        nan | won: False 
#  349 | steps:  3849 | steps_t:     0 | t: 1.586657 | r:  -507.000000 | e:   1.000000 | Q:        nan | won: False 
#  350 | steps:  3858 | steps_t:     0 | t: 1.589920 | r:  -508.000000 | e:   1.000000 | Q:        nan | won: False 
#  351 | steps:  3871 | steps_t:     0 | t: 1.594732 | r:  -501.000000 | e:   1.000000 | Q:        nan | won: False 
#  352 | steps:  3877 | steps_t:     0 | t: 1.597148 | r:  -505.000000 | e:   1.000000 | Q:        nan | won: False 
#  353 | steps:  3889 | steps_t:     0 | t: 1.601708 | r:  -511.000000 | e:   1.000000 | Q:        nan | won: False 
#  354 | steps:  3899 | steps_t:     0 | t: 1.605550 | r:  -509.000000 | e:   1.000000 | Q:        nan | won: False 
#  355 | steps:  3910 | steps_t:     0 | t: 1.609862 | r:  -510.000000 | e:   1.000000 | Q:        nan | won: False 
#  356 | steps:  3917 | steps_t:     0 | t: 1.612699 | r:  -506.000000 | e:   1.000000 | Q:        nan | won: False 
#  357 | steps:  3929 | steps_t:     0 | t: 1.617321 | r:  -511.000000 | e:   1.000000 | Q:        nan | won: False 
#  358 | steps:  3936 | steps_t:     0 | t: 1.620052 | r:  -506.000000 | e:   1.000000 | Q:        nan | won: False 
#  359 | steps:  3944 | steps_t:     0 | t: 1.623073 | r:  -507.000000 | e:   1.000000 | Q:        nan | won: False 
#  360 | steps:  3953 | steps_t:     0 | t: 1.626507 | r:  -508.000000 | e:   1.000000 | Q:        nan | won: False 
#  361 | steps:  3965 | steps_t:     0 | t: 1.630973 | r:  -511.000000 | e:   1.000000 | Q:        nan | won: False 
#  362 | steps:  3977 | steps_t:     0 | t: 1.635661 | r:  -511.000000 | e:   1.000000 | Q:        nan | won: False 
#  363 | steps:  3984 | steps_t:     0 | t: 1.638372 | r:  -506.000000 | e:   1.000000 | Q:        nan | won: False 
#  364 | steps:  3994 | steps_t:     0 | t: 1.642229 | r:  -509.000000 | e:   1.000000 | Q:        nan | won: False 
#  365 | steps:  4009 | steps_t:     0 | t: 1.647904 | r:  -514.000000 | e:   1.000000 | Q:        nan | won: False 
#  366 | steps:  4019 | steps_t:     0 | t: 1.651754 | r:  -509.000000 | e:   1.000000 | Q:        nan | won: False 
#  367 | steps:  4029 | steps_t:     0 | t: 1.655608 | r:  -509.000000 | e:   1.000000 | Q:        nan | won: False 
#  368 | steps:  4042 | steps_t:     0 | t: 1.660524 | r:  -512.000000 | e:   1.000000 | Q:        nan | won: False 
#  369 | steps:  4049 | steps_t:     0 | t: 1.663310 | r:  -506.000000 | e:   1.000000 | Q:        nan | won: False 
#  370 | steps:  4066 | steps_t:     0 | t: 1.669924 | r:  -516.000000 | e:   1.000000 | Q:        nan | won: False 
#  371 | steps:  4077 | steps_t:     0 | t: 1.674079 | r:  -510.000000 | e:   1.000000 | Q:        nan | won: False 
#  372 | steps:  4085 | steps_t:     0 | t: 1.677341 | r:  -507.000000 | e:   1.000000 | Q:        nan | won: False 
#  373 | steps:  4090 | steps_t:     0 | t: 1.679339 | r:  -504.000000 | e:   1.000000 | Q:        nan | won: False 
#  374 | steps:  4102 | steps_t:     0 | t: 1.684367 | r:  -511.000000 | e:   1.000000 | Q:        nan | won: False 
#  375 | steps:  4121 | steps_t:     0 | t: 1.692466 | r:  -518.000000 | e:   1.000000 | Q:        nan | won: False 
#  376 | steps:  4130 | steps_t:     0 | t: 1.696395 | r:  -508.000000 | e:   1.000000 | Q:        nan | won: False 
#  377 | steps:  4147 | steps_t:     0 | t: 1.703351 | r:  -516.000000 | e:   1.000000 | Q:        nan | won: False 
#  378 | steps:  4179 | steps_t:     0 | t: 1.716231 | r:  -520.000000 | e:   1.000000 | Q:        nan | won: False 
#  379 | steps:  4188 | steps_t:     0 | t: 1.720089 | r:  -508.000000 | e:   1.000000 | Q:        nan | won: False 
#  380 | steps:  4202 | steps_t:     0 | t: 1.725442 | r:  -513.000000 | e:   1.000000 | Q:        nan | won: False 
#  381 | steps:  4211 | steps_t:     0 | t: 1.728904 | r:  -508.000000 | e:   1.000000 | Q:        nan | won: False 
#  382 | steps:  4220 | steps_t:     0 | t: 1.732479 | r:  -508.000000 | e:   1.000000 | Q:        nan | won: False 
#  383 | steps:  4227 | steps_t:     0 | t: 1.735044 | r:  -506.000000 | e:   1.000000 | Q:        nan | won: False 
#  384 | steps:  4238 | steps_t:     0 | t: 1.740000 | r:  -510.000000 | e:   1.000000 | Q:        nan | won: False 
#  385 | steps:  4247 | steps_t:     0 | t: 1.743506 | r:  -508.000000 | e:   1.000000 | Q:        nan | won: False 
#  386 | steps:  4254 | steps_t:     0 | t: 1.746352 | r:  -506.000000 | e:   1.000000 | Q:        nan | won: False 
#  387 | steps:  4262 | steps_t:     0 | t: 1.749510 | r:  -507.000000 | e:   1.000000 | Q:        nan | won: False 
#  388 | steps:  4267 | steps_t:     0 | t: 1.751431 | r:  -504.000000 | e:   1.000000 | Q:        nan | won: False 
#  389 | steps:  4276 | steps_t:     0 | t: 1.754867 | r:  -508.000000 | e:   1.000000 | Q:        nan | won: False 
#  390 | steps:  4289 | steps_t:     0 | t: 1.759772 | r:  -512.000000 | e:   1.000000 | Q:        nan | won: False 
#  391 | steps:  4296 | steps_t:     0 | t: 1.762478 | r:  -506.000000 | e:   1.000000 | Q:        nan | won: False 
#  392 | steps:  4302 | steps_t:     0 | t: 1.764668 | r:  -505.000000 | e:   1.000000 | Q:        nan | won: False 
#  393 | steps:  4315 | steps_t:     0 | t: 1.770304 | r:  -512.000000 | e:   1.000000 | Q:        nan | won: False 
#  394 | steps:  4326 | steps_t:     0 | t: 1.774670 | r:  -510.000000 | e:   1.000000 | Q:        nan | won: False 
#  395 | steps:  4334 | steps_t:     0 | t: 1.777732 | r:  -507.000000 | e:   1.000000 | Q:        nan | won: False 
#  396 | steps:  4343 | steps_t:     0 | t: 1.781323 | r:  -508.000000 | e:   1.000000 | Q:        nan | won: False 
#  397 | steps:  4351 | steps_t:     0 | t: 1.784271 | r:  -507.000000 | e:   1.000000 | Q:        nan | won: False 
#  398 | steps:  4360 | steps_t:     0 | t: 1.787672 | r:  -508.000000 | e:   1.000000 | Q:        nan | won: False 
#  399 | steps:  4377 | steps_t:     0 | t: 1.793887 | r:  -516.000000 | e:   1.000000 | Q:        nan | won: False 
#  400 | steps:  4388 | steps_t:     0 | t: 1.798051 | r:  -510.000000 | e:   1.000000 | Q:        nan | won: False 
#  401 | steps:  4404 | steps_t:     0 | t: 1.804690 | r:  -504.000000 | e:   1.000000 | Q:        nan | won: False 
#  402 | steps:  4415 | steps_t:     0 | t: 1.808737 | r:  -510.000000 | e:   1.000000 | Q:        nan | won: False 
#  403 | steps:  4423 | steps_t:     0 | t: 1.811634 | r:  -507.000000 | e:   1.000000 | Q:        nan | won: False 
#  404 | steps:  4431 | steps_t:     0 | t: 1.814800 | r:  -507.000000 | e:   1.000000 | Q:        nan | won: False 
#  405 | steps:  4441 | steps_t:     0 | t: 1.818566 | r:  -509.000000 | e:   1.000000 | Q:        nan | won: False 
#  406 | steps:  4448 | steps_t:     0 | t: 1.821494 | r:  -506.000000 | e:   1.000000 | Q:        nan | won: False 
#  407 | steps:  4454 | steps_t:     0 | t: 1.823750 | r:  -505.000000 | e:   1.000000 | Q:        nan | won: False 
#  408 | steps:  4462 | steps_t:     0 | t: 1.826623 | r:  -507.000000 | e:   1.000000 | Q:        nan | won: False 
#  409 | steps:  4473 | steps_t:     0 | t: 1.830866 | r:  -510.000000 | e:   1.000000 | Q:        nan | won: False 
#  410 | steps:  4485 | steps_t:     0 | t: 1.836681 | r:  -511.000000 | e:   1.000000 | Q:        nan | won: False 
#  411 | steps:  4500 | steps_t:     0 | t: 1.842387 | r:  -514.000000 | e:   1.000000 | Q:        nan | won: False 
#  412 | steps:  4514 | steps_t:     0 | t: 1.847551 | r:  -502.000000 | e:   1.000000 | Q:        nan | won: False 
#  413 | steps:  4523 | steps_t:     0 | t: 1.851012 | r:  -508.000000 | e:   1.000000 | Q:        nan | won: False 
#  414 | steps:  4538 | steps_t:     0 | t: 1.856675 | r:  -514.000000 | e:   1.000000 | Q:        nan | won: False 
#  415 | steps:  4550 | steps_t:     0 | t: 1.861354 | r:  -511.000000 | e:   1.000000 | Q:        nan | won: False 
#  416 | steps:  4558 | steps_t:     0 | t: 1.864396 | r:  -507.000000 | e:   1.000000 | Q:        nan | won: False 
#  417 | steps:  4568 | steps_t:     0 | t: 1.868198 | r:  -509.000000 | e:   1.000000 | Q:        nan | won: False 
#  418 | steps:  4577 | steps_t:     0 | t: 1.871516 | r:  -508.000000 | e:   1.000000 | Q:        nan | won: False 
#  419 | steps:  4589 | steps_t:     0 | t: 1.876131 | r:  -511.000000 | e:   1.000000 | Q:        nan | won: False 
#  420 | steps:  4607 | steps_t:     0 | t: 1.883076 | r:  -517.000000 | e:   1.000000 | Q:        nan | won: False 
#  421 | steps:  4619 | steps_t:     0 | t: 1.887724 | r:  -511.000000 | e:   1.000000 | Q:        nan | won: False 
#  422 | steps:  4628 | steps_t:     0 | t: 1.891232 | r:  -508.000000 | e:   1.000000 | Q:        nan | won: False 
#  423 | steps:  4639 | steps_t:     0 | t: 1.895518 | r:  -510.000000 | e:   1.000000 | Q:        nan | won: False 
#  424 | steps:  4648 | steps_t:     0 | t: 1.899171 | r:  -508.000000 | e:   1.000000 | Q:        nan | won: False 
#  425 | steps:  4658 | steps_t:     0 | t: 1.903237 | r:  -509.000000 | e:   1.000000 | Q:        nan | won: False 
#  426 | steps:  4664 | steps_t:     0 | t: 1.905610 | r:  -505.000000 | e:   1.000000 | Q:        nan | won: False 
#  427 | steps:  4670 | steps_t:     0 | t: 1.907930 | r:  -505.000000 | e:   1.000000 | Q:        nan | won: False 
#  428 | steps:  4682 | steps_t:     0 | t: 1.912591 | r:  -511.000000 | e:   1.000000 | Q:        nan | won: False 
#  429 | steps:  4691 | steps_t:     0 | t: 1.916122 | r:  -508.000000 | e:   1.000000 | Q:        nan | won: False 
#  430 | steps:  4731 | steps_t:     0 | t: 1.931240 | r:  -528.000000 | e:   1.000000 | Q:        nan | won: False 
#  431 | steps:  4737 | steps_t:     0 | t: 1.933683 | r:  -505.000000 | e:   1.000000 | Q:        nan | won: False 
#  432 | steps:  4752 | steps_t:     0 | t: 1.939338 | r:  -503.000000 | e:   1.000000 | Q:        nan | won: False 
#  433 | steps:  4768 | steps_t:     0 | t: 1.945397 | r:  -515.000000 | e:   1.000000 | Q:        nan | won: False 
#  434 | steps:  4779 | steps_t:     0 | t: 1.950292 | r:  -510.000000 | e:   1.000000 | Q:        nan | won: False 
#  435 | steps:  4792 | steps_t:     0 | t: 1.955145 | r:  -512.000000 | e:   1.000000 | Q:        nan | won: False 
#  436 | steps:  4799 | steps_t:     0 | t: 1.957868 | r:  -506.000000 | e:   1.000000 | Q:        nan | won: False 
#  437 | steps:  4808 | steps_t:     0 | t: 1.961386 | r:  -508.000000 | e:   1.000000 | Q:        nan | won: False 
#  438 | steps:  4814 | steps_t:     0 | t: 1.963922 | r:  -505.000000 | e:   1.000000 | Q:        nan | won: False 
#  439 | steps:  4824 | steps_t:     0 | t: 1.967850 | r:  -509.000000 | e:   1.000000 | Q:        nan | won: False 
#  440 | steps:  4834 | steps_t:     0 | t: 1.971570 | r:  -509.000000 | e:   1.000000 | Q:        nan | won: False 
#  441 | steps:  4844 | steps_t:     0 | t: 1.975354 | r:  -509.000000 | e:   1.000000 | Q:        nan | won: False 
#  442 | steps:  4850 | steps_t:     0 | t: 1.977636 | r:  -505.000000 | e:   1.000000 | Q:        nan | won: False 
#  443 | steps:  4865 | steps_t:     0 | t: 1.983428 | r:  -514.000000 | e:   1.000000 | Q:        nan | won: False 
#  444 | steps:  4873 | steps_t:     0 | t: 1.986542 | r:  -507.000000 | e:   1.000000 | Q:        nan | won: False 
#  445 | steps:  4881 | steps_t:     0 | t: 1.989644 | r:  -507.000000 | e:   1.000000 | Q:        nan | won: False 
#  446 | steps:  4887 | steps_t:     0 | t: 1.991958 | r:  -505.000000 | e:   1.000000 | Q:        nan | won: False 
#  447 | steps:  4895 | steps_t:     0 | t: 1.995139 | r:  -507.000000 | e:   1.000000 | Q:        nan | won: False 
#  448 | steps:  4904 | steps_t:     0 | t: 1.998748 | r:  -508.000000 | e:   1.000000 | Q:        nan | won: False 
#  449 | steps:  4915 | steps_t:     0 | t: 2.002950 | r:  -510.000000 | e:   1.000000 | Q:        nan | won: False 
#  450 | steps:  4927 | steps_t:     0 | t: 2.007558 | r:  -511.000000 | e:   1.000000 | Q:        nan | won: False 
#  451 | steps:  4935 | steps_t:     0 | t: 2.010497 | r:  -507.000000 | e:   1.000000 | Q:        nan | won: False 
#  452 | steps:  4944 | steps_t:     0 | t: 2.013982 | r:  -508.000000 | e:   1.000000 | Q:        nan | won: False 
#  453 | steps:  4962 | steps_t:     0 | t: 2.020663 | r:  -517.000000 | e:   1.000000 | Q:        nan | won: False 
#  454 | steps:  4972 | steps_t:     0 | t: 2.024501 | r:  -509.000000 | e:   1.000000 | Q:        nan | won: False 
#  455 | steps:  4979 | steps_t:     0 | t: 2.027355 | r:  -506.000000 | e:   1.000000 | Q:        nan | won: False 
#  456 | steps:  4986 | steps_t:     0 | t: 2.030088 | r:  -506.000000 | e:   1.000000 | Q:        nan | won: False 
#  457 | steps:  4993 | steps_t:     0 | t: 2.032828 | r:  -506.000000 | e:   1.000000 | Q:        nan | won: False 
#  458 | steps:  5002 | steps_t:     0 | t: 2.156964 | r:  -508.000000 | e:   1.000000 | Q:        nan | won: False 
#  459 | steps:  5010 | steps_t:     7 | t: 2.217620 | r:  -507.000000 | e:   0.999300 | Q:        nan | won: False 
#  460 | steps:  5017 | steps_t:    13 | t: 2.270925 | r:  -506.000000 | e:   0.998700 | Q:        nan | won: False 
#  461 | steps:  5023 | steps_t:    18 | t: 2.312037 | r:  -505.000000 | e:   0.998200 | Q:        nan | won: False 
#  462 | steps:  5033 | steps_t:    27 | t: 2.385669 | r:  -509.000000 | e:   0.997300 | Q:        nan | won: False 
#  463 | steps:  5039 | steps_t:    32 | t: 2.425834 | r:  -505.000000 | e:   0.996800 | Q:        nan | won: False 
#  464 | steps:  5050 | steps_t:    42 | t: 2.508074 | r:  -510.000000 | e:   0.995800 | Q:        nan | won: False 
#  465 | steps:  5057 | steps_t:    48 | t: 2.560719 | r:  -506.000000 | e:   0.995200 | Q:        nan | won: False 
#  466 | steps:  5071 | steps_t:    61 | t: 2.656535 | r:  -513.000000 | e:   0.993900 | Q:        nan | won: False 
#  467 | steps:  5093 | steps_t:    82 | t: 2.827284 | r:  -521.000000 | e:   0.991800 | Q:        nan | won: False 
#  468 | steps:  5104 | steps_t:    92 | t: 2.913880 | r:  -510.000000 | e:   0.990800 | Q:        nan | won: False 
#  469 | steps:  5109 | steps_t:    96 | t: 2.953553 | r:  -504.000000 | e:   0.990400 | Q:        nan | won: False 
#  470 | steps:  5117 | steps_t:   103 | t: 3.024051 | r:  -507.000000 | e:   0.989700 | Q:        nan | won: False 
#  471 | steps:  5126 | steps_t:   111 | t: 3.094165 | r:  -508.000000 | e:   0.988900 | Q: -171.529114 | won: False 
#  472 | steps:  5134 | steps_t:   118 | t: 3.152446 | r:  -507.000000 | e:   0.988200 | Q:        nan | won: False 
#  473 | steps:  5156 | steps_t:   139 | t: 3.367701 | r:  -521.000000 | e:   0.986100 | Q:        nan | won: False 
#  474 | steps:  5164 | steps_t:   146 | t: 3.425678 | r:  -507.000000 | e:   0.985400 | Q: -323.461304 | won: False 
#  475 | steps:  5174 | steps_t:   155 | t: 3.508867 | r:  -509.000000 | e:   0.984500 | Q: -342.421692 | won: False 
#  476 | steps:  5180 | steps_t:   160 | t: 3.557578 | r:  -505.000000 | e:   0.984000 | Q:        nan | won: False 
#  477 | steps:  5188 | steps_t:   167 | t: 3.642254 | r:  -507.000000 | e:   0.983300 | Q: -345.282654 | won: False 
#  478 | steps:  5205 | steps_t:   183 | t: 3.795841 | r:  -516.000000 | e:   0.981700 | Q: -327.926392 | won: False 
#  479 | steps:  5229 | steps_t:   206 | t: 3.991725 | r:  -523.000000 | e:   0.979400 | Q:        nan | won: False 
#  480 | steps:  5239 | steps_t:   215 | t: 4.081188 | r:  -509.000000 | e:   0.978500 | Q:        nan | won: False 
#  481 | steps:  5250 | steps_t:   225 | t: 4.176889 | r:  -510.000000 | e:   0.977500 | Q:        nan | won: False 
#  482 | steps:  5258 | steps_t:   232 | t: 4.249528 | r:  -507.000000 | e:   0.976800 | Q: -326.475281 | won: False 
#  483 | steps:  5266 | steps_t:   239 | t: 4.323133 | r:  -507.000000 | e:   0.976100 | Q:        nan | won: False 
#  484 | steps:  5280 | steps_t:   252 | t: 4.441734 | r:  -513.000000 | e:   0.974800 | Q:        nan | won: False 
#  485 | steps:  5295 | steps_t:   266 | t: 4.584201 | r:  -514.000000 | e:   0.973400 | Q:        nan | won: False 
#  486 | steps:  5306 | steps_t:   276 | t: 4.673847 | r:  -510.000000 | e:   0.972400 | Q:        nan | won: False 
#  487 | steps:  5315 | steps_t:   284 | t: 4.750363 | r:  -508.000000 | e:   0.971600 | Q:        nan | won: False 
#  488 | steps:  5335 | steps_t:   303 | t: 4.939252 | r:  -508.000000 | e:   0.969700 | Q: -299.813629 | won: False 
#  489 | steps:  5344 | steps_t:   311 | t: 5.015842 | r:  -508.000000 | e:   0.968900 | Q: -348.070984 | won: False 
#  490 | steps:  5361 | steps_t:   327 | t: 5.171496 | r:  -516.000000 | e:   0.967300 | Q:        nan | won: False 
#  491 | steps:  5366 | steps_t:   331 | t: 5.213394 | r:  -504.000000 | e:   0.966900 | Q:        nan | won: False 
#  492 | steps:  5374 | steps_t:   338 | t: 5.282676 | r:  -507.000000 | e:   0.966200 | Q:        nan | won: False 
#  493 | steps:  5381 | steps_t:   344 | t: 5.345204 | r:  -506.000000 | e:   0.965600 | Q:        nan | won: False 
#  494 | steps:  5395 | steps_t:   357 | t: 5.486418 | r:  -513.000000 | e:   0.964300 | Q: -267.221619 | won: False 
#  495 | steps:  5411 | steps_t:   372 | t: 5.642852 | r:  -504.000000 | e:   0.962800 | Q:        nan | won: False 
#  496 | steps:  5421 | steps_t:   381 | t: 5.744661 | r:  -509.000000 | e:   0.961900 | Q: -297.501007 | won: False 
#  497 | steps:  5434 | steps_t:   393 | t: 6.220252 | r:  -512.000000 | e:   0.960700 | Q:        nan | won: False 
#  498 | steps:  5448 | steps_t:   406 | t: 6.703249 | r:  -513.000000 | e:   0.959400 | Q: -294.351624 | won: False 
#  499 | steps:  5455 | steps_t:   412 | t: 6.946971 | r:  -506.000000 | e:   0.958800 | Q: -296.546661 | won: False 
#  500 | steps:  5462 | steps_t:   418 | t: 7.168350 | r:  -506.000000 | e:   0.958200 | Q:        nan | won: False 
#  501 | steps:  5480 | steps_t:   435 | t: 10.115579 | r:  -517.000000 | e:   0.956500 | Q: -287.201843 | won: False 
#  502 | steps:  5489 | steps_t:   443 | t: 12.235669 | r:  -508.000000 | e:   0.955700 | Q: -309.656006 | won: False 
#  503 | steps:  5496 | steps_t:   449 | t: 14.112137 | r:  -506.000000 | e:   0.955100 | Q:        nan | won: False 
#  504 | steps:  5506 | steps_t:   458 | t: 16.381148 | r:  -509.000000 | e:   0.954200 | Q:        nan | won: False 
#  505 | steps:  5515 | steps_t:   466 | t: 18.472465 | r:  -508.000000 | e:   0.953400 | Q: -290.343933 | won: False 
#  506 | steps:  5530 | steps_t:   480 | t: 21.288743 | r:  -514.000000 | e:   0.952000 | Q:        nan | won: False 
#  507 | steps:  5538 | steps_t:   487 | t: 23.253227 | r:  -507.000000 | e:   0.951300 | Q:        nan | won: False 
#  508 | steps:  5547 | steps_t:   495 | t: 25.348146 | r:  -508.000000 | e:   0.950500 | Q: -286.719177 | won: False 
#  509 | steps:  5558 | steps_t:   505 | t: 27.695039 | r:  -510.000000 | e:   0.949500 | Q:        nan | won: False 
#  510 | steps:  5564 | steps_t:   510 | t: 29.422313 | r:  -505.000000 | e:   0.949000 | Q: -313.861328 | won: False 
#  511 | steps:  5571 | steps_t:   516 | t: 31.248064 | r:  -506.000000 | e:   0.948400 | Q: -305.754028 | won: False 
#  512 | steps:  5578 | steps_t:   522 | t: 33.107243 | r:  -506.000000 | e:   0.947800 | Q:        nan | won: False 
#  513 | steps:  5589 | steps_t:   532 | t: 36.104121 | r:  -510.000000 | e:   0.946800 | Q: -319.076477 | won: False 
#  514 | steps:  5599 | steps_t:   541 | t: 38.681765 | r:  -509.000000 | e:   0.945900 | Q: -326.657501 | won: False 
#  515 | steps:  5609 | steps_t:   550 | t: 40.897090 | r:  -509.000000 | e:   0.945000 | Q:        nan | won: False 
#  516 | steps:  5618 | steps_t:   558 | t: 43.045277 | r:  -508.000000 | e:   0.944200 | Q:        nan | won: False 
#  517 | steps:  5634 | steps_t:   573 | t: 45.972468 | r:  -515.000000 | e:   0.942700 | Q: -257.120239 | won: False 
#  518 | steps:  5644 | steps_t:   582 | t: 48.163033 | r:  -509.000000 | e:   0.941800 | Q: -256.668488 | won: False 
#  519 | steps:  5652 | steps_t:   589 | t: 50.153881 | r:  -507.000000 | e:   0.941100 | Q: -297.507721 | won: False 
#  520 | steps:  5659 | steps_t:   595 | t: 52.019492 | r:  -506.000000 | e:   0.940500 | Q:        nan | won: False 
#  521 | steps:  5669 | steps_t:   604 | t: 54.272465 | r:  -509.000000 | e:   0.939600 | Q: -334.755249 | won: False 
#  522 | steps:  5682 | steps_t:   616 | t: 56.915648 | r:  -512.000000 | e:   0.938400 | Q:        nan | won: False 
#  523 | steps:  5700 | steps_t:   633 | t: 60.182772 | r:  -506.000000 | e:   0.936700 | Q:        nan | won: False 
#  524 | steps:  5707 | steps_t:   639 | t: 62.089744 | r:  -506.000000 | e:   0.936100 | Q:        nan | won: False 
#  525 | steps:  5714 | steps_t:   645 | t: 63.977999 | r:  -506.000000 | e:   0.935500 | Q: -303.017792 | won: False 
#  526 | steps:  5730 | steps_t:   660 | t: 67.051232 | r:  -515.000000 | e:   0.934000 | Q:        nan | won: False 
#  527 | steps:  5750 | steps_t:   679 | t: 70.582694 | r:  -519.000000 | e:   0.932100 | Q: -299.625824 | won: False 
#  528 | steps:  5758 | steps_t:   686 | t: 72.584918 | r:  -507.000000 | e:   0.931400 | Q:        nan | won: False 
#  529 | steps:  5765 | steps_t:   692 | t: 74.482291 | r:  -506.000000 | e:   0.930800 | Q: -310.332977 | won: False 
#  530 | steps:  5775 | steps_t:   701 | t: 76.761834 | r:  -509.000000 | e:   0.929900 | Q: -311.003754 | won: False 
