#    1 | steps:     6 | steps_t:     0 | t: 0.009109 | r:  -505.000000 | e:   1.000000 | Q:        nan | won: False 
#    2 | steps:    16 | steps_t:     0 | t: 0.012423 | r:  -509.000000 | e:   1.000000 | Q:        nan | won: False 
#    3 | steps:    24 | steps_t:     0 | t: 0.015082 | r:  -507.000000 | e:   1.000000 | Q:        nan | won: False 
#    4 | steps:    34 | steps_t:     0 | t: 0.018424 | r:  -509.000000 | e:   1.000000 | Q:        nan | won: False 
#    5 | steps:    43 | steps_t:     0 | t: 0.021319 | r:  -508.000000 | e:   1.000000 | Q:        nan | won: False 
#    6 | steps:    67 | steps_t:     0 | t: 0.028839 | r:  -523.000000 | e:   1.000000 | Q:        nan | won: False 
#    7 | steps:    76 | steps_t:     0 | t: 0.031824 | r:  -508.000000 | e:   1.000000 | Q:        nan | won: False 
#    8 | steps:    87 | steps_t:     0 | t: 0.035334 | r:  -510.000000 | e:   1.000000 | Q:        nan | won: False 
#    9 | steps:    97 | steps_t:     0 | t: 0.038601 | r:  -509.000000 | e:   1.000000 | Q:        nan | won: False 
#   10 | steps:   108 | steps_t:     0 | t: 0.042027 | r:  -510.000000 | e:   1.000000 | Q:        nan | won: False 
#   11 | steps:   120 | steps_t:     0 | t: 0.045778 | r:  -511.000000 | e:   1.000000 | Q:        nan | won: False 
#   12 | steps:   129 | steps_t:     0 | t: 0.048888 | r:  -508.000000 | e:   1.000000 | Q:        nan | won: False 
#   13 | steps:   136 | steps_t:     0 | t: 0.051203 | r:  -506.000000 | e:   1.000000 | Q:        nan | won: False 
#   14 | steps:   158 | steps_t:     0 | t: 0.058705 | r:  -521.000000 | e:   1.000000 | Q:        nan | won: False 
#   15 | steps:   172 | steps_t:     0 | t: 0.063089 | r:  -513.000000 | e:   1.000000 | Q:        nan | won: False 
#   16 | steps:   180 | steps_t:     0 | t: 0.065627 | r:  -507.000000 | e:   1.000000 | Q:        nan | won: False 
#   17 | steps:   189 | steps_t:     0 | t: 0.068396 | r:  -508.000000 | e:   1.000000 | Q:        nan | won: False 
#   18 | steps:   195 | steps_t:     0 | t: 0.070335 | r:  -505.000000 | e:   1.000000 | Q:        nan | won: False 
#   19 | steps:   206 | steps_t:     0 | t: 0.073724 | r:  -510.000000 | e:   1.000000 | Q:        nan | won: False 
#   20 | steps:   214 | steps_t:     0 | t: 0.076291 | r:  -507.000000 | e:   1.000000 | Q:        nan | won: False 
#   21 | steps:   224 | steps_t:     0 | t: 0.079665 | r:  -509.000000 | e:   1.000000 | Q:        nan | won: False 
#   22 | steps:   230 | steps_t:     0 | t: 0.081815 | r:  -505.000000 | e:   1.000000 | Q:        nan | won: False 
#   23 | steps:   239 | steps_t:     0 | t: 0.084732 | r:  -508.000000 | e:   1.000000 | Q:        nan | won: False 
#   24 | steps:   254 | steps_t:     0 | t: 0.089432 | r:  -514.000000 | e:   1.000000 | Q:        nan | won: False 
#   25 | steps:   263 | steps_t:     0 | t: 0.092819 | r:  -508.000000 | e:   1.000000 | Q:        nan | won: False 
#   26 | steps:   280 | steps_t:     0 | t: 0.098063 | r:  -516.000000 | e:   1.000000 | Q:        nan | won: False 
#   27 | steps:   290 | steps_t:     0 | t: 0.101245 | r:  -509.000000 | e:   1.000000 | Q:        nan | won: False 
#   28 | steps:   304 | steps_t:     0 | t: 0.105553 | r:  -513.000000 | e:   1.000000 | Q:        nan | won: False 
#   29 | steps:   313 | steps_t:     0 | t: 0.108381 | r:  -508.000000 | e:   1.000000 | Q:        nan | won: False 
#   30 | steps:   356 | steps_t:     0 | t: 0.121755 | r:  -531.000000 | e:   1.000000 | Q:        nan | won: False 
#   31 | steps:   364 | steps_t:     0 | t: 0.124502 | r:  -507.000000 | e:   1.000000 | Q:        nan | won: False 
#   32 | steps:   371 | steps_t:     0 | t: 0.126763 | r:  -506.000000 | e:   1.000000 | Q:        nan | won: False 
#   33 | steps:   380 | steps_t:     0 | t: 0.129600 | r:  -508.000000 | e:   1.000000 | Q:        nan | won: False 
#   34 | steps:   386 | steps_t:     0 | t: 0.131532 | r:  -505.000000 | e:   1.000000 | Q:        nan | won: False 
#   35 | steps:   402 | steps_t:     0 | t: 0.136492 | r:  -515.000000 | e:   1.000000 | Q:        nan | won: False 
#   36 | steps:   412 | steps_t:     0 | t: 0.139733 | r:  -509.000000 | e:   1.000000 | Q:        nan | won: False 
#   37 | steps:   417 | steps_t:     0 | t: 0.141552 | r:  -504.000000 | e:   1.000000 | Q:        nan | won: False 
#   38 | steps:   424 | steps_t:     0 | t: 0.144047 | r:  -506.000000 | e:   1.000000 | Q:        nan | won: False 
#   39 | steps:   431 | steps_t:     0 | t: 0.146541 | r:  -506.000000 | e:   1.000000 | Q:        nan | won: False 
#   40 | steps:   446 | steps_t:     0 | t: 0.151217 | r:  -514.000000 | e:   1.000000 | Q:        nan | won: False 
#   41 | steps:   457 | steps_t:     0 | t: 0.154715 | r:  -510.000000 | e:   1.000000 | Q:        nan | won: False 
#   42 | steps:   472 | steps_t:     0 | t: 0.159531 | r:  -514.000000 | e:   1.000000 | Q:        nan | won: False 
#   43 | steps:   479 | steps_t:     0 | t: 0.161889 | r:  -506.000000 | e:   1.000000 | Q:        nan | won: False 
#   44 | steps:   497 | steps_t:     0 | t: 0.167876 | r:  -517.000000 | e:   1.000000 | Q:        nan | won: False 
#   45 | steps:   508 | steps_t:     0 | t: 0.171556 | r:  -510.000000 | e:   1.000000 | Q:        nan | won: False 
#   46 | steps:   526 | steps_t:     0 | t: 0.177569 | r:  -517.000000 | e:   1.000000 | Q:        nan | won: False 
#   47 | steps:   540 | steps_t:     0 | t: 0.182517 | r:  -513.000000 | e:   1.000000 | Q:        nan | won: False 
#   48 | steps:   547 | steps_t:     0 | t: 0.184817 | r:  -506.000000 | e:   1.000000 | Q:        nan | won: False 
#   49 | steps:   555 | steps_t:     0 | t: 0.187424 | r:  -507.000000 | e:   1.000000 | Q:        nan | won: False 
#   50 | steps:   562 | steps_t:     0 | t: 0.189719 | r:  -506.000000 | e:   1.000000 | Q:        nan | won: False 
#   51 | steps:   579 | steps_t:     0 | t: 0.195079 | r:  -516.000000 | e:   1.000000 | Q:        nan | won: False 
#   52 | steps:   603 | steps_t:     0 | t: 0.202803 | r:  -523.000000 | e:   1.000000 | Q:        nan | won: False 
#   53 | steps:   610 | steps_t:     0 | t: 0.205230 | r:  -506.000000 | e:   1.000000 | Q:        nan | won: False 
#   54 | steps:   616 | steps_t:     0 | t: 0.207261 | r:  -505.000000 | e:   1.000000 | Q:        nan | won: False 
#   55 | steps:   641 | steps_t:     0 | t: 0.215499 | r:  -524.000000 | e:   1.000000 | Q:        nan | won: False 
#   56 | steps:   649 | steps_t:     0 | t: 0.218198 | r:  -507.000000 | e:   1.000000 | Q:        nan | won: False 
#   57 | steps:   656 | steps_t:     0 | t: 0.220510 | r:  -506.000000 | e:   1.000000 | Q:        nan | won: False 
#   58 | steps:   669 | steps_t:     0 | t: 0.224781 | r:  -512.000000 | e:   1.000000 | Q:        nan | won: False 
#   59 | steps:   682 | steps_t:     0 | t: 0.229066 | r:  -512.000000 | e:   1.000000 | Q:        nan | won: False 
#   60 | steps:   693 | steps_t:     0 | t: 0.232558 | r:  -510.000000 | e:   1.000000 | Q:        nan | won: False 
#   61 | steps:   702 | steps_t:     0 | t: 0.235573 | r:  -508.000000 | e:   1.000000 | Q:        nan | won: False 
#   62 | steps:   716 | steps_t:     0 | t: 0.240934 | r:  -513.000000 | e:   1.000000 | Q:        nan | won: False 
#   63 | steps:   731 | steps_t:     0 | t: 0.245932 | r:  -514.000000 | e:   1.000000 | Q:        nan | won: False 
#   64 | steps:   741 | steps_t:     0 | t: 0.249264 | r:  -509.000000 | e:   1.000000 | Q:        nan | won: False 
#   65 | steps:   752 | steps_t:     0 | t: 0.252865 | r:  -510.000000 | e:   1.000000 | Q:        nan | won: False 
#   66 | steps:   761 | steps_t:     0 | t: 0.255835 | r:  -508.000000 | e:   1.000000 | Q:        nan | won: False 
#   67 | steps:   771 | steps_t:     0 | t: 0.259050 | r:  -509.000000 | e:   1.000000 | Q:        nan | won: False 
#   68 | steps:   785 | steps_t:     0 | t: 0.263766 | r:  -513.000000 | e:   1.000000 | Q:        nan | won: False 
#   69 | steps:   797 | steps_t:     0 | t: 0.267812 | r:  -511.000000 | e:   1.000000 | Q:        nan | won: False 
#   70 | steps:   804 | steps_t:     0 | t: 0.270200 | r:  -506.000000 | e:   1.000000 | Q:        nan | won: False 
#   71 | steps:   812 | steps_t:     0 | t: 0.272948 | r:  -507.000000 | e:   1.000000 | Q:        nan | won: False 
#   72 | steps:   821 | steps_t:     0 | t: 0.275901 | r:  -508.000000 | e:   1.000000 | Q:        nan | won: False 
#   73 | steps:   828 | steps_t:     0 | t: 0.278247 | r:  -506.000000 | e:   1.000000 | Q:        nan | won: False 
#   74 | steps:   837 | steps_t:     0 | t: 0.281323 | r:  -508.000000 | e:   1.000000 | Q:        nan | won: False 
#   75 | steps:   847 | steps_t:     0 | t: 0.284957 | r:  -509.000000 | e:   1.000000 | Q:        nan | won: False 
#   76 | steps:   864 | steps_t:     0 | t: 0.290550 | r:  -505.000000 | e:   1.000000 | Q:        nan | won: False 
#   77 | steps:   879 | steps_t:     0 | t: 0.295435 | r:  -492.000000 | e:   1.000000 | Q:        nan | won: False 
#   78 | steps:   889 | steps_t:     0 | t: 0.298980 | r:  -509.000000 | e:   1.000000 | Q:        nan | won: False 
#   79 | steps:   895 | steps_t:     0 | t: 0.301305 | r:  -505.000000 | e:   1.000000 | Q:        nan | won: False 
#   80 | steps:   907 | steps_t:     0 | t: 0.305181 | r:  -511.000000 | e:   1.000000 | Q:        nan | won: False 
#   81 | steps:   918 | steps_t:     0 | t: 0.308825 | r:  -510.000000 | e:   1.000000 | Q:        nan | won: False 
#   82 | steps:   926 | steps_t:     0 | t: 0.311544 | r:  -507.000000 | e:   1.000000 | Q:        nan | won: False 
#   83 | steps:   950 | steps_t:     0 | t: 0.319189 | r:  -523.000000 | e:   1.000000 | Q:        nan | won: False 
#   84 | steps:   959 | steps_t:     0 | t: 0.322207 | r:  -508.000000 | e:   1.000000 | Q:        nan | won: False 
#   85 | steps:   967 | steps_t:     0 | t: 0.324999 | r:  -507.000000 | e:   1.000000 | Q:        nan | won: False 
#   86 | steps:   976 | steps_t:     0 | t: 0.328045 | r:  -508.000000 | e:   1.000000 | Q:        nan | won: False 
#   87 | steps:   982 | steps_t:     0 | t: 0.330163 | r:  -505.000000 | e:   1.000000 | Q:        nan | won: False 
#   88 | steps:   991 | steps_t:     0 | t: 0.333325 | r:  -508.000000 | e:   1.000000 | Q:        nan | won: False 
#   89 | steps:  1017 | steps_t:     0 | t: 0.341707 | r:  -514.000000 | e:   1.000000 | Q:        nan | won: False 
#   90 | steps:  1033 | steps_t:     0 | t: 0.346985 | r:  -515.000000 | e:   1.000000 | Q:        nan | won: False 
#   91 | steps:  1048 | steps_t:     0 | t: 0.351913 | r:  -503.000000 | e:   1.000000 | Q:        nan | won: False 
#   92 | steps:  1056 | steps_t:     0 | t: 0.354568 | r:  -507.000000 | e:   1.000000 | Q:        nan | won: False 
#   93 | steps:  1074 | steps_t:     0 | t: 0.360676 | r:  -495.000000 | e:   1.000000 | Q:        nan | won: False 
#   94 | steps:  1087 | steps_t:     0 | t: 0.365218 | r:  -512.000000 | e:   1.000000 | Q:        nan | won: False 
#   95 | steps:  1096 | steps_t:     0 | t: 0.368284 | r:  -508.000000 | e:   1.000000 | Q:        nan | won: False 
#   96 | steps:  1104 | steps_t:     0 | t: 0.370962 | r:  -507.000000 | e:   1.000000 | Q:        nan | won: False 
#   97 | steps:  1111 | steps_t:     0 | t: 0.373282 | r:  -506.000000 | e:   1.000000 | Q:        nan | won: False 
#   98 | steps:  1123 | steps_t:     0 | t: 0.377294 | r:  -511.000000 | e:   1.000000 | Q:        nan | won: False 
#   99 | steps:  1134 | steps_t:     0 | t: 0.380974 | r:  -510.000000 | e:   1.000000 | Q:        nan | won: False 
#  100 | steps:  1148 | steps_t:     0 | t: 0.385591 | r:  -502.000000 | e:   1.000000 | Q:        nan | won: False 
#  101 | steps:  1159 | steps_t:     0 | t: 0.389162 | r:  -510.000000 | e:   1.000000 | Q:        nan | won: False 
#  102 | steps:  1174 | steps_t:     0 | t: 0.394437 | r:  -514.000000 | e:   1.000000 | Q:        nan | won: False 
#  103 | steps:  1186 | steps_t:     0 | t: 0.398710 | r:  -511.000000 | e:   1.000000 | Q:        nan | won: False 
#  104 | steps:  1193 | steps_t:     0 | t: 0.400959 | r:  -506.000000 | e:   1.000000 | Q:        nan | won: False 
#  105 | steps:  1200 | steps_t:     0 | t: 0.403554 | r:  -506.000000 | e:   1.000000 | Q:        nan | won: False 
#  106 | steps:  1214 | steps_t:     0 | t: 0.408626 | r:  -513.000000 | e:   1.000000 | Q:        nan | won: False 
#  107 | steps:  1233 | steps_t:     0 | t: 0.415477 | r:  -518.000000 | e:   1.000000 | Q:        nan | won: False 
#  108 | steps:  1242 | steps_t:     0 | t: 0.418739 | r:  -508.000000 | e:   1.000000 | Q:        nan | won: False 
#  109 | steps:  1251 | steps_t:     0 | t: 0.421552 | r:  -508.000000 | e:   1.000000 | Q:        nan | won: False 
#  110 | steps:  1263 | steps_t:     0 | t: 0.425594 | r:  -511.000000 | e:   1.000000 | Q:        nan | won: False 
#  111 | steps:  1272 | steps_t:     0 | t: 0.428818 | r:  -508.000000 | e:   1.000000 | Q:        nan | won: False 
#  112 | steps:  1282 | steps_t:     0 | t: 0.432094 | r:  -509.000000 | e:   1.000000 | Q:        nan | won: False 
#  113 | steps:  1291 | steps_t:     0 | t: 0.435040 | r:  -508.000000 | e:   1.000000 | Q:        nan | won: False 
#  114 | steps:  1300 | steps_t:     0 | t: 0.437974 | r:  -508.000000 | e:   1.000000 | Q:        nan | won: False 
#  115 | steps:  1306 | steps_t:     0 | t: 0.439935 | r:  -505.000000 | e:   1.000000 | Q:        nan | won: False 
#  116 | steps:  1312 | steps_t:     0 | t: 0.441975 | r:  -505.000000 | e:   1.000000 | Q:        nan | won: False 
#  117 | steps:  1323 | steps_t:     0 | t: 0.445461 | r:  -510.000000 | e:   1.000000 | Q:        nan | won: False 
#  118 | steps:  1329 | steps_t:     0 | t: 0.447482 | r:  -505.000000 | e:   1.000000 | Q:        nan | won: False 
#  119 | steps:  1351 | steps_t:     0 | t: 0.454536 | r:  -521.000000 | e:   1.000000 | Q:        nan | won: False 
#  120 | steps:  1359 | steps_t:     0 | t: 0.457415 | r:  -507.000000 | e:   1.000000 | Q:        nan | won: False 
#  121 | steps:  1365 | steps_t:     0 | t: 0.459423 | r:  -505.000000 | e:   1.000000 | Q:        nan | won: False 
#  122 | steps:  1380 | steps_t:     0 | t: 0.464404 | r:  -514.000000 | e:   1.000000 | Q:        nan | won: False 
#  123 | steps:  1394 | steps_t:     0 | t: 0.468997 | r:  -513.000000 | e:   1.000000 | Q:        nan | won: False 
#  124 | steps:  1404 | steps_t:     0 | t: 0.472202 | r:  -509.000000 | e:   1.000000 | Q:        nan | won: False 
#  125 | steps:  1425 | steps_t:     0 | t: 0.479284 | r:  -520.000000 | e:   1.000000 | Q:        nan | won: False 
#  126 | steps:  1434 | steps_t:     0 | t: 0.482739 | r:  -508.000000 | e:   1.000000 | Q:        nan | won: False 
#  127 | steps:  1442 | steps_t:     0 | t: 0.485804 | r:  -507.000000 | e:   1.000000 | Q:        nan | won: False 
#  128 | steps:  1450 | steps_t:     0 | t: 0.488854 | r:  -507.000000 | e:   1.000000 | Q:        nan | won: False 
#  129 | steps:  1457 | steps_t:     0 | t: 0.491205 | r:  -506.000000 | e:   1.000000 | Q:        nan | won: False 
#  130 | steps:  1468 | steps_t:     0 | t: 0.494992 | r:  -510.000000 | e:   1.000000 | Q:        nan | won: False 
#  131 | steps:  1475 | steps_t:     0 | t: 0.497293 | r:  -506.000000 | e:   1.000000 | Q:        nan | won: False 
#  132 | steps:  1484 | steps_t:     0 | t: 0.500335 | r:  -508.000000 | e:   1.000000 | Q:        nan | won: False 
#  133 | steps:  1505 | steps_t:     0 | t: 0.507283 | r:  -520.000000 | e:   1.000000 | Q:        nan | won: False 
#  134 | steps:  1514 | steps_t:     0 | t: 0.510511 | r:  -508.000000 | e:   1.000000 | Q:        nan | won: False 
#  135 | steps:  1521 | steps_t:     0 | t: 0.512944 | r:  -506.000000 | e:   1.000000 | Q:        nan | won: False 
#  136 | steps:  1528 | steps_t:     0 | t: 0.515348 | r:  -506.000000 | e:   1.000000 | Q:        nan | won: False 
#  137 | steps:  1540 | steps_t:     0 | t: 0.519541 | r:  -511.000000 | e:   1.000000 | Q:        nan | won: False 
#  138 | steps:  1560 | steps_t:     0 | t: 0.526270 | r:  -508.000000 | e:   1.000000 | Q:        nan | won: False 
#  139 | steps:  1576 | steps_t:     0 | t: 0.531592 | r:  -504.000000 | e:   1.000000 | Q:        nan | won: False 
#  140 | steps:  1586 | steps_t:     0 | t: 0.534816 | r:  -509.000000 | e:   1.000000 | Q:        nan | won: False 
#  141 | steps:  1596 | steps_t:     0 | t: 0.538060 | r:  -509.000000 | e:   1.000000 | Q:        nan | won: False 
#  142 | steps:  1614 | steps_t:     0 | t: 0.543815 | r:  -506.000000 | e:   1.000000 | Q:        nan | won: False 
#  143 | steps:  1624 | steps_t:     0 | t: 0.547054 | r:  -509.000000 | e:   1.000000 | Q:        nan | won: False 
#  144 | steps:  1631 | steps_t:     0 | t: 0.549410 | r:  -506.000000 | e:   1.000000 | Q:        nan | won: False 
#  145 | steps:  1641 | steps_t:     0 | t: 0.552955 | r:  -509.000000 | e:   1.000000 | Q:        nan | won: False 
#  146 | steps:  1655 | steps_t:     0 | t: 0.557663 | r:  -513.000000 | e:   1.000000 | Q:        nan | won: False 
#  147 | steps:  1660 | steps_t:     0 | t: 0.559360 | r:  -504.000000 | e:   1.000000 | Q:        nan | won: False 
#  148 | steps:  1666 | steps_t:     0 | t: 0.561418 | r:  -505.000000 | e:   1.000000 | Q:        nan | won: False 
#  149 | steps:  1678 | steps_t:     0 | t: 0.565873 | r:  -511.000000 | e:   1.000000 | Q:        nan | won: False 
#  150 | steps:  1695 | steps_t:     0 | t: 0.572171 | r:  -516.000000 | e:   1.000000 | Q:        nan | won: False 
#  151 | steps:  1705 | steps_t:     0 | t: 0.575920 | r:  -509.000000 | e:   1.000000 | Q:        nan | won: False 
#  152 | steps:  1713 | steps_t:     0 | t: 0.578788 | r:  -507.000000 | e:   1.000000 | Q:        nan | won: False 
#  153 | steps:  1719 | steps_t:     0 | t: 0.581040 | r:  -505.000000 | e:   1.000000 | Q:        nan | won: False 
#  154 | steps:  1726 | steps_t:     0 | t: 0.583586 | r:  -506.000000 | e:   1.000000 | Q:        nan | won: False 
#  155 | steps:  1735 | steps_t:     0 | t: 0.587044 | r:  -508.000000 | e:   1.000000 | Q:        nan | won: False 
#  156 | steps:  1745 | steps_t:     0 | t: 0.590782 | r:  -509.000000 | e:   1.000000 | Q:        nan | won: False 
#  157 | steps:  1755 | steps_t:     0 | t: 0.594939 | r:  -509.000000 | e:   1.000000 | Q:        nan | won: False 
#  158 | steps:  1768 | steps_t:     0 | t: 0.600239 | r:  -512.000000 | e:   1.000000 | Q:        nan | won: False 
#  159 | steps:  1775 | steps_t:     0 | t: 0.603403 | r:  -506.000000 | e:   1.000000 | Q:        nan | won: False 
#  160 | steps:  1780 | steps_t:     0 | t: 0.605656 | r:  -504.000000 | e:   1.000000 | Q:        nan | won: False 
#  161 | steps:  1787 | steps_t:     0 | t: 0.609174 | r:  -506.000000 | e:   1.000000 | Q:        nan | won: False 
#  162 | steps:  1797 | steps_t:     0 | t: 0.614457 | r:  -509.000000 | e:   1.000000 | Q:        nan | won: False 
#  163 | steps:  1807 | steps_t:     0 | t: 0.619735 | r:  -509.000000 | e:   1.000000 | Q:        nan | won: False 
#  164 | steps:  1817 | steps_t:     0 | t: 0.624716 | r:  -509.000000 | e:   1.000000 | Q:        nan | won: False 
#  165 | steps:  1825 | steps_t:     0 | t: 0.628823 | r:  -507.000000 | e:   1.000000 | Q:        nan | won: False 
#  166 | steps:  1836 | steps_t:     0 | t: 0.634777 | r:  -510.000000 | e:   1.000000 | Q:        nan | won: False 
#  167 | steps:  1842 | steps_t:     0 | t: 0.637525 | r:  -505.000000 | e:   1.000000 | Q:        nan | won: False 
#  168 | steps:  1857 | steps_t:     0 | t: 0.642952 | r:  -492.000000 | e:   1.000000 | Q:        nan | won: False 
#  169 | steps:  1871 | steps_t:     0 | t: 0.648419 | r:  -491.000000 | e:   1.000000 | Q:        nan | won: False 
#  170 | steps:  1889 | steps_t:     0 | t: 0.655049 | r:  -506.000000 | e:   1.000000 | Q:        nan | won: False 
#  171 | steps:  1899 | steps_t:     0 | t: 0.658895 | r:  -509.000000 | e:   1.000000 | Q:        nan | won: False 
#  172 | steps:  1908 | steps_t:     0 | t: 0.662426 | r:  -508.000000 | e:   1.000000 | Q:        nan | won: False 
#  173 | steps:  1915 | steps_t:     0 | t: 0.665276 | r:  -506.000000 | e:   1.000000 | Q:        nan | won: False 
#  174 | steps:  1923 | steps_t:     0 | t: 0.668262 | r:  -507.000000 | e:   1.000000 | Q:        nan | won: False 
#  175 | steps:  1929 | steps_t:     0 | t: 0.670450 | r:  -505.000000 | e:   1.000000 | Q:        nan | won: False 
#  176 | steps:  1939 | steps_t:     0 | t: 0.674240 | r:  -509.000000 | e:   1.000000 | Q:        nan | won: False 
#  177 | steps:  1946 | steps_t:     0 | t: 0.676841 | r:  -506.000000 | e:   1.000000 | Q:        nan | won: False 
#  178 | steps:  1954 | steps_t:     0 | t: 0.679830 | r:  -507.000000 | e:   1.000000 | Q:        nan | won: False 
#  179 | steps:  1964 | steps_t:     0 | t: 0.683295 | r:  -509.000000 | e:   1.000000 | Q:        nan | won: False 
#  180 | steps:  1971 | steps_t:     0 | t: 0.685800 | r:  -506.000000 | e:   1.000000 | Q:        nan | won: False 
#  181 | steps:  1980 | steps_t:     0 | t: 0.688896 | r:  -508.000000 | e:   1.000000 | Q:        nan | won: False 
#  182 | steps:  1989 | steps_t:     0 | t: 0.692153 | r:  -508.000000 | e:   1.000000 | Q:        nan | won: False 
#  183 | steps:  2001 | steps_t:     0 | t: 0.696280 | r:  -511.000000 | e:   1.000000 | Q:        nan | won: False 
#  184 | steps:  2007 | steps_t:     0 | t: 0.698717 | r:  -505.000000 | e:   1.000000 | Q:        nan | won: False 
#  185 | steps:  2022 | steps_t:     0 | t: 0.704326 | r:  -514.000000 | e:   1.000000 | Q:        nan | won: False 
#  186 | steps:  2030 | steps_t:     0 | t: 0.707446 | r:  -507.000000 | e:   1.000000 | Q:        nan | won: False 
#  187 | steps:  2039 | steps_t:     0 | t: 0.711130 | r:  -508.000000 | e:   1.000000 | Q:        nan | won: False 
#  188 | steps:  2051 | steps_t:     0 | t: 0.715559 | r:  -511.000000 | e:   1.000000 | Q:        nan | won: False 
#  189 | steps:  2058 | steps_t:     0 | t: 0.718101 | r:  -506.000000 | e:   1.000000 | Q:        nan | won: False 
#  190 | steps:  2066 | steps_t:     0 | t: 0.720836 | r:  -507.000000 | e:   1.000000 | Q:        nan | won: False 
#  191 | steps:  2081 | steps_t:     0 | t: 0.726008 | r:  -514.000000 | e:   1.000000 | Q:        nan | won: False 
#  192 | steps:  2088 | steps_t:     0 | t: 0.728445 | r:  -506.000000 | e:   1.000000 | Q:        nan | won: False 
#  193 | steps:  2107 | steps_t:     0 | t: 0.734779 | r:  -518.000000 | e:   1.000000 | Q:        nan | won: False 
#  194 | steps:  2114 | steps_t:     0 | t: 0.737323 | r:  -506.000000 | e:   1.000000 | Q:        nan | won: False 
#  195 | steps:  2124 | steps_t:     0 | t: 0.740849 | r:  -509.000000 | e:   1.000000 | Q:        nan | won: False 
#  196 | steps:  2135 | steps_t:     0 | t: 0.744784 | r:  -510.000000 | e:   1.000000 | Q:        nan | won: False 
#  197 | steps:  2146 | steps_t:     0 | t: 0.748673 | r:  -510.000000 | e:   1.000000 | Q:        nan | won: False 
#  198 | steps:  2155 | steps_t:     0 | t: 0.751707 | r:  -508.000000 | e:   1.000000 | Q:        nan | won: False 
#  199 | steps:  2164 | steps_t:     0 | t: 0.754756 | r:  -508.000000 | e:   1.000000 | Q:        nan | won: False 
#  200 | steps:  2174 | steps_t:     0 | t: 0.758190 | r:  -509.000000 | e:   1.000000 | Q:        nan | won: False 
#  201 | steps:  2186 | steps_t:     0 | t: 0.762345 | r:  -511.000000 | e:   1.000000 | Q:        nan | won: False 
#  202 | steps:  2194 | steps_t:     0 | t: 0.765194 | r:  -507.000000 | e:   1.000000 | Q:        nan | won: False 
#  203 | steps:  2201 | steps_t:     0 | t: 0.767625 | r:  -506.000000 | e:   1.000000 | Q:        nan | won: False 
#  204 | steps:  2208 | steps_t:     0 | t: 0.770131 | r:  -506.000000 | e:   1.000000 | Q:        nan | won: False 
#  205 | steps:  2220 | steps_t:     0 | t: 0.774435 | r:  -511.000000 | e:   1.000000 | Q:        nan | won: False 
#  206 | steps:  2240 | steps_t:     0 | t: 0.781448 | r:  -519.000000 | e:   1.000000 | Q:        nan | won: False 
#  207 | steps:  2247 | steps_t:     0 | t: 0.783977 | r:  -506.000000 | e:   1.000000 | Q:        nan | won: False 
#  208 | steps:  2254 | steps_t:     0 | t: 0.786375 | r:  -506.000000 | e:   1.000000 | Q:        nan | won: False 
#  209 | steps:  2262 | steps_t:     0 | t: 0.789181 | r:  -507.000000 | e:   1.000000 | Q:        nan | won: False 
#  210 | steps:  2279 | steps_t:     0 | t: 0.794925 | r:  -505.000000 | e:   1.000000 | Q:        nan | won: False 
#  211 | steps:  2295 | steps_t:     0 | t: 0.800325 | r:  -515.000000 | e:   1.000000 | Q:        nan | won: False 
#  212 | steps:  2304 | steps_t:     0 | t: 0.803672 | r:  -508.000000 | e:   1.000000 | Q:        nan | won: False 
#  213 | steps:  2311 | steps_t:     0 | t: 0.806311 | r:  -506.000000 | e:   1.000000 | Q:        nan | won: False 
#  214 | steps:  2319 | steps_t:     0 | t: 0.809171 | r:  -507.000000 | e:   1.000000 | Q:        nan | won: False 
#  215 | steps:  2325 | steps_t:     0 | t: 0.811280 | r:  -505.000000 | e:   1.000000 | Q:        nan | won: False 
#  216 | steps:  2333 | steps_t:     0 | t: 0.814296 | r:  -507.000000 | e:   1.000000 | Q:        nan | won: False 
#  217 | steps:  2340 | steps_t:     0 | t: 0.816853 | r:  -506.000000 | e:   1.000000 | Q:        nan | won: False 
#  218 | steps:  2348 | steps_t:     0 | t: 0.819583 | r:  -507.000000 | e:   1.000000 | Q:        nan | won: False 
#  219 | steps:  2358 | steps_t:     0 | t: 0.823018 | r:  -509.000000 | e:   1.000000 | Q:        nan | won: False 
#  220 | steps:  2364 | steps_t:     0 | t: 0.825124 | r:  -505.000000 | e:   1.000000 | Q:        nan | won: False 
#  221 | steps:  2377 | steps_t:     0 | t: 0.829326 | r:  -512.000000 | e:   1.000000 | Q:        nan | won: False 
#  222 | steps:  2385 | steps_t:     0 | t: 0.832129 | r:  -507.000000 | e:   1.000000 | Q:        nan | won: False 
#  223 | steps:  2399 | steps_t:     0 | t: 0.837120 | r:  -513.000000 | e:   1.000000 | Q:        nan | won: False 
#  224 | steps:  2407 | steps_t:     0 | t: 0.840171 | r:  -507.000000 | e:   1.000000 | Q:        nan | won: False 
#  225 | steps:  2415 | steps_t:     0 | t: 0.843207 | r:  -507.000000 | e:   1.000000 | Q:        nan | won: False 
#  226 | steps:  2422 | steps_t:     0 | t: 0.845906 | r:  -506.000000 | e:   1.000000 | Q:        nan | won: False 
#  227 | steps:  2432 | steps_t:     0 | t: 0.849756 | r:  -509.000000 | e:   1.000000 | Q:        nan | won: False 
#  228 | steps:  2439 | steps_t:     0 | t: 0.852309 | r:  -506.000000 | e:   1.000000 | Q:        nan | won: False 
#  229 | steps:  2449 | steps_t:     0 | t: 0.856031 | r:  -509.000000 | e:   1.000000 | Q:        nan | won: False 
#  230 | steps:  2456 | steps_t:     0 | t: 0.858540 | r:  -506.000000 | e:   1.000000 | Q:        nan | won: False 
#  231 | steps:  2463 | steps_t:     0 | t: 0.861148 | r:  -506.000000 | e:   1.000000 | Q:        nan | won: False 
#  232 | steps:  2485 | steps_t:     0 | t: 0.869611 | r:  -521.000000 | e:   1.000000 | Q:        nan | won: False 
#  233 | steps:  2503 | steps_t:     0 | t: 0.875428 | r:  -517.000000 | e:   1.000000 | Q:        nan | won: False 
#  234 | steps:  2515 | steps_t:     0 | t: 0.879443 | r:  -511.000000 | e:   1.000000 | Q:        nan | won: False 
#  235 | steps:  2523 | steps_t:     0 | t: 0.882183 | r:  -507.000000 | e:   1.000000 | Q:        nan | won: False 
#  236 | steps:  2545 | steps_t:     0 | t: 0.889387 | r:  -521.000000 | e:   1.000000 | Q:        nan | won: False 
#  237 | steps:  2553 | steps_t:     0 | t: 0.892126 | r:  -507.000000 | e:   1.000000 | Q:        nan | won: False 
#  238 | steps:  2575 | steps_t:     0 | t: 0.899626 | r:  -521.000000 | e:   1.000000 | Q:        nan | won: False 
#  239 | steps:  2584 | steps_t:     0 | t: 0.903484 | r:  -508.000000 | e:   1.000000 | Q:        nan | won: False 
#  240 | steps:  2600 | steps_t:     0 | t: 0.909565 | r:  -515.000000 | e:   1.000000 | Q:        nan | won: False 
#  241 | steps:  2606 | steps_t:     0 | t: 0.912108 | r:  -505.000000 | e:   1.000000 | Q:        nan | won: False 
#  242 | steps:  2615 | steps_t:     0 | t: 0.915390 | r:  -508.000000 | e:   1.000000 | Q:        nan | won: False 
#  243 | steps:  2630 | steps_t:     0 | t: 0.921023 | r:  -514.000000 | e:   1.000000 | Q:        nan | won: False 
#  244 | steps:  2638 | steps_t:     0 | t: 0.924198 | r:  -507.000000 | e:   1.000000 | Q:        nan | won: False 
#  245 | steps:  2644 | steps_t:     0 | t: 0.926479 | r:  -505.000000 | e:   1.000000 | Q:        nan | won: False 
#  246 | steps:  2650 | steps_t:     0 | t: 0.928904 | r:  -505.000000 | e:   1.000000 | Q:        nan | won: False 
#  247 | steps:  2657 | steps_t:     0 | t: 0.931833 | r:  -506.000000 | e:   1.000000 | Q:        nan | won: False 
#  248 | steps:  2666 | steps_t:     0 | t: 0.935157 | r:  -508.000000 | e:   1.000000 | Q:        nan | won: False 
#  249 | steps:  2680 | steps_t:     0 | t: 0.939810 | r:  -513.000000 | e:   1.000000 | Q:        nan | won: False 
#  250 | steps:  2689 | steps_t:     0 | t: 0.943001 | r:  -508.000000 | e:   1.000000 | Q:        nan | won: False 
#  251 | steps:  2699 | steps_t:     0 | t: 0.946466 | r:  -509.000000 | e:   1.000000 | Q:        nan | won: False 
#  252 | steps:  2704 | steps_t:     0 | t: 0.948489 | r:  -504.000000 | e:   1.000000 | Q:        nan | won: False 
#  253 | steps:  2710 | steps_t:     0 | t: 0.950736 | r:  -505.000000 | e:   1.000000 | Q:        nan | won: False 
#  254 | steps:  2718 | steps_t:     0 | t: 0.953810 | r:  -507.000000 | e:   1.000000 | Q:        nan | won: False 
#  255 | steps:  2725 | steps_t:     0 | t: 0.956476 | r:  -506.000000 | e:   1.000000 | Q:        nan | won: False 
#  256 | steps:  2742 | steps_t:     0 | t: 0.963668 | r:  -505.000000 | e:   1.000000 | Q:        nan | won: False 
#  257 | steps:  2751 | steps_t:     0 | t: 0.966825 | r:  -508.000000 | e:   1.000000 | Q:        nan | won: False 
#  258 | steps:  2760 | steps_t:     0 | t: 0.969840 | r:  -508.000000 | e:   1.000000 | Q:        nan | won: False 
#  259 | steps:  2768 | steps_t:     0 | t: 0.972575 | r:  -507.000000 | e:   1.000000 | Q:        nan | won: False 
#  260 | steps:  2783 | steps_t:     0 | t: 0.977788 | r:  -514.000000 | e:   1.000000 | Q:        nan | won: False 
#  261 | steps:  2792 | steps_t:     0 | t: 0.980966 | r:  -508.000000 | e:   1.000000 | Q:        nan | won: False 
#  262 | steps:  2806 | steps_t:     0 | t: 0.985678 | r:  -513.000000 | e:   1.000000 | Q:        nan | won: False 
#  263 | steps:  2818 | steps_t:     0 | t: 0.990409 | r:  -511.000000 | e:   1.000000 | Q:        nan | won: False 
#  264 | steps:  2829 | steps_t:     0 | t: 0.995126 | r:  -510.000000 | e:   1.000000 | Q:        nan | won: False 
#  265 | steps:  2837 | steps_t:     0 | t: 0.997905 | r:  -507.000000 | e:   1.000000 | Q:        nan | won: False 
#  266 | steps:  2847 | steps_t:     0 | t: 1.001155 | r:  -509.000000 | e:   1.000000 | Q:        nan | won: False 
#  267 | steps:  2855 | steps_t:     0 | t: 1.003844 | r:  -507.000000 | e:   1.000000 | Q:        nan | won: False 
#  268 | steps:  2880 | steps_t:     0 | t: 1.012268 | r:  -524.000000 | e:   1.000000 | Q:        nan | won: False 
#  269 | steps:  2887 | steps_t:     0 | t: 1.014952 | r:  -506.000000 | e:   1.000000 | Q:        nan | won: False 
#  270 | steps:  2896 | steps_t:     0 | t: 1.018256 | r:  -508.000000 | e:   1.000000 | Q:        nan | won: False 
#  271 | steps:  2904 | steps_t:     0 | t: 1.021130 | r:  -507.000000 | e:   1.000000 | Q:        nan | won: False 
#  272 | steps:  2913 | steps_t:     0 | t: 1.025006 | r:  -508.000000 | e:   1.000000 | Q:        nan | won: False 
#  273 | steps:  2920 | steps_t:     0 | t: 1.027484 | r:  -506.000000 | e:   1.000000 | Q:        nan | won: False 
#  274 | steps:  2929 | steps_t:     0 | t: 1.030388 | r:  -508.000000 | e:   1.000000 | Q:        nan | won: False 
#  275 | steps:  2943 | steps_t:     0 | t: 1.034818 | r:  -513.000000 | e:   1.000000 | Q:        nan | won: False 
#  276 | steps:  2948 | steps_t:     0 | t: 1.036475 | r:  -504.000000 | e:   1.000000 | Q:        nan | won: False 
#  277 | steps:  2954 | steps_t:     0 | t: 1.038439 | r:  -505.000000 | e:   1.000000 | Q:        nan | won: False 
#  278 | steps:  2969 | steps_t:     0 | t: 1.043384 | r:  -514.000000 | e:   1.000000 | Q:        nan | won: False 
#  279 | steps:  2980 | steps_t:     0 | t: 1.047396 | r:  -510.000000 | e:   1.000000 | Q:        nan | won: False 
#  280 | steps:  2988 | steps_t:     0 | t: 1.050426 | r:  -507.000000 | e:   1.000000 | Q:        nan | won: False 
#  281 | steps:  2999 | steps_t:     0 | t: 1.054976 | r:  -510.000000 | e:   1.000000 | Q:        nan | won: False 
#  282 | steps:  3006 | steps_t:     0 | t: 1.057898 | r:  -506.000000 | e:   1.000000 | Q:        nan | won: False 
#  283 | steps:  3019 | steps_t:     0 | t: 1.062448 | r:  -512.000000 | e:   1.000000 | Q:        nan | won: False 
#  284 | steps:  3026 | steps_t:     0 | t: 1.064919 | r:  -506.000000 | e:   1.000000 | Q:        nan | won: False 
#  285 | steps:  3040 | steps_t:     0 | t: 1.069545 | r:  -513.000000 | e:   1.000000 | Q:        nan | won: False 
#  286 | steps:  3045 | steps_t:     0 | t: 1.071260 | r:  -504.000000 | e:   1.000000 | Q:        nan | won: False 
#  287 | steps:  3057 | steps_t:     0 | t: 1.075403 | r:  -511.000000 | e:   1.000000 | Q:        nan | won: False 
#  288 | steps:  3064 | steps_t:     0 | t: 1.078069 | r:  -506.000000 | e:   1.000000 | Q:        nan | won: False 
#  289 | steps:  3073 | steps_t:     0 | t: 1.081332 | r:  -508.000000 | e:   1.000000 | Q:        nan | won: False 
#  290 | steps:  3080 | steps_t:     0 | t: 1.084005 | r:  -506.000000 | e:   1.000000 | Q:        nan | won: False 
#  291 | steps:  3087 | steps_t:     0 | t: 1.086990 | r:  -506.000000 | e:   1.000000 | Q:        nan | won: False 
#  292 | steps:  3095 | steps_t:     0 | t: 1.089796 | r:  -507.000000 | e:   1.000000 | Q:        nan | won: False 
#  293 | steps:  3113 | steps_t:     0 | t: 1.096191 | r:  -517.000000 | e:   1.000000 | Q:        nan | won: False 
#  294 | steps:  3121 | steps_t:     0 | t: 1.099011 | r:  -507.000000 | e:   1.000000 | Q:        nan | won: False 
#  295 | steps:  3129 | steps_t:     0 | t: 1.101703 | r:  -507.000000 | e:   1.000000 | Q:        nan | won: False 
#  296 | steps:  3138 | steps_t:     0 | t: 1.104712 | r:  -508.000000 | e:   1.000000 | Q:        nan | won: False 
#  297 | steps:  3155 | steps_t:     0 | t: 1.111073 | r:  -516.000000 | e:   1.000000 | Q:        nan | won: False 
#  298 | steps:  3160 | steps_t:     0 | t: 1.113035 | r:  -504.000000 | e:   1.000000 | Q:        nan | won: False 
#  299 | steps:  3179 | steps_t:     0 | t: 1.120307 | r:  -518.000000 | e:   1.000000 | Q:        nan | won: False 
#  300 | steps:  3200 | steps_t:     0 | t: 1.127344 | r:  -520.000000 | e:   1.000000 | Q:        nan | won: False 
#  301 | steps:  3211 | steps_t:     0 | t: 1.131177 | r:  -510.000000 | e:   1.000000 | Q:        nan | won: False 
#  302 | steps:  3221 | steps_t:     0 | t: 1.134381 | r:  -509.000000 | e:   1.000000 | Q:        nan | won: False 
#  303 | steps:  3228 | steps_t:     0 | t: 1.136726 | r:  -506.000000 | e:   1.000000 | Q:        nan | won: False 
#  304 | steps:  3238 | steps_t:     0 | t: 1.140262 | r:  -509.000000 | e:   1.000000 | Q:        nan | won: False 
#  305 | steps:  3247 | steps_t:     0 | t: 1.143761 | r:  -508.000000 | e:   1.000000 | Q:        nan | won: False 
#  306 | steps:  3259 | steps_t:     0 | t: 1.148682 | r:  -511.000000 | e:   1.000000 | Q:        nan | won: False 
#  307 | steps:  3273 | steps_t:     0 | t: 1.153637 | r:  -513.000000 | e:   1.000000 | Q:        nan | won: False 
#  308 | steps:  3284 | steps_t:     0 | t: 1.157440 | r:  -510.000000 | e:   1.000000 | Q:        nan | won: False 
#  309 | steps:  3296 | steps_t:     0 | t: 1.161413 | r:  -511.000000 | e:   1.000000 | Q:        nan | won: False 
#  310 | steps:  3305 | steps_t:     0 | t: 1.164464 | r:  -508.000000 | e:   1.000000 | Q:        nan | won: False 
#  311 | steps:  3315 | steps_t:     0 | t: 1.167965 | r:  -509.000000 | e:   1.000000 | Q:        nan | won: False 
#  312 | steps:  3324 | steps_t:     0 | t: 1.171325 | r:  -508.000000 | e:   1.000000 | Q:        nan | won: False 
#  313 | steps:  3339 | steps_t:     0 | t: 1.177119 | r:  -492.000000 | e:   1.000000 | Q:        nan | won: False 
#  314 | steps:  3347 | steps_t:     0 | t: 1.180497 | r:  -507.000000 | e:   1.000000 | Q:        nan | won: False 
#  315 | steps:  3359 | steps_t:     0 | t: 1.184856 | r:  -511.000000 | e:   1.000000 | Q:        nan | won: False 
#  316 | steps:  3365 | steps_t:     0 | t: 1.187161 | r:  -505.000000 | e:   1.000000 | Q:        nan | won: False 
#  317 | steps:  3381 | steps_t:     0 | t: 1.192572 | r:  -515.000000 | e:   1.000000 | Q:        nan | won: False 
#  318 | steps:  3389 | steps_t:     0 | t: 1.195529 | r:  -507.000000 | e:   1.000000 | Q:        nan | won: False 
#  319 | steps:  3398 | steps_t:     0 | t: 1.198638 | r:  -508.000000 | e:   1.000000 | Q:        nan | won: False 
#  320 | steps:  3404 | steps_t:     0 | t: 1.201026 | r:  -505.000000 | e:   1.000000 | Q:        nan | won: False 
#  321 | steps:  3412 | steps_t:     0 | t: 1.204087 | r:  -507.000000 | e:   1.000000 | Q:        nan | won: False 
#  322 | steps:  3421 | steps_t:     0 | t: 1.207787 | r:  -508.000000 | e:   1.000000 | Q:        nan | won: False 
#  323 | steps:  3432 | steps_t:     0 | t: 1.211888 | r:  -510.000000 | e:   1.000000 | Q:        nan | won: False 
#  324 | steps:  3448 | steps_t:     0 | t: 1.218271 | r:  -515.000000 | e:   1.000000 | Q:        nan | won: False 
#  325 | steps:  3455 | steps_t:     0 | t: 1.220746 | r:  -506.000000 | e:   1.000000 | Q:        nan | won: False 
#  326 | steps:  3463 | steps_t:     0 | t: 1.223468 | r:  -507.000000 | e:   1.000000 | Q:        nan | won: False 
#  327 | steps:  3478 | steps_t:     0 | t: 1.228663 | r:  -492.000000 | e:   1.000000 | Q:        nan | won: False 
#  328 | steps:  3487 | steps_t:     0 | t: 1.231862 | r:  -508.000000 | e:   1.000000 | Q:        nan | won: False 
#  329 | steps:  3496 | steps_t:     0 | t: 1.234941 | r:  -508.000000 | e:   1.000000 | Q:        nan | won: False 
#  330 | steps:  3507 | steps_t:     0 | t: 1.238776 | r:  -510.000000 | e:   1.000000 | Q:        nan | won: False 
#  331 | steps:  3518 | steps_t:     0 | t: 1.242822 | r:  -510.000000 | e:   1.000000 | Q:        nan | won: False 
#  332 | steps:  3525 | steps_t:     0 | t: 1.245559 | r:  -506.000000 | e:   1.000000 | Q:        nan | won: False 
#  333 | steps:  3535 | steps_t:     0 | t: 1.248987 | r:  -509.000000 | e:   1.000000 | Q:        nan | won: False 
#  334 | steps:  3545 | steps_t:     0 | t: 1.252512 | r:  -509.000000 | e:   1.000000 | Q:        nan | won: False 
#  335 | steps:  3560 | steps_t:     0 | t: 1.257802 | r:  -514.000000 | e:   1.000000 | Q:        nan | won: False 
#  336 | steps:  3585 | steps_t:     0 | t: 1.266397 | r:  -524.000000 | e:   1.000000 | Q:        nan | won: False 
#  337 | steps:  3593 | steps_t:     0 | t: 1.269324 | r:  -507.000000 | e:   1.000000 | Q:        nan | won: False 
#  338 | steps:  3615 | steps_t:     0 | t: 1.276798 | r:  -521.000000 | e:   1.000000 | Q:        nan | won: False 
#  339 | steps:  3625 | steps_t:     0 | t: 1.280535 | r:  -509.000000 | e:   1.000000 | Q:        nan | won: False 
#  340 | steps:  3634 | steps_t:     0 | t: 1.283619 | r:  -508.000000 | e:   1.000000 | Q:        nan | won: False 
#  341 | steps:  3642 | steps_t:     0 | t: 1.286320 | r:  -507.000000 | e:   1.000000 | Q:        nan | won: False 
#  342 | steps:  3653 | steps_t:     0 | t: 1.290065 | r:  -510.000000 | e:   1.000000 | Q:        nan | won: False 
#  343 | steps:  3671 | steps_t:     0 | t: 1.296210 | r:  -517.000000 | e:   1.000000 | Q:        nan | won: False 
#  344 | steps:  3689 | steps_t:     0 | t: 1.302193 | r:  -517.000000 | e:   1.000000 | Q:        nan | won: False 
#  345 | steps:  3711 | steps_t:     0 | t: 1.309988 | r:  -521.000000 | e:   1.000000 | Q:        nan | won: False 
#  346 | steps:  3722 | steps_t:     0 | t: 1.314080 | r:  -510.000000 | e:   1.000000 | Q:        nan | won: False 
#  347 | steps:  3730 | steps_t:     0 | t: 1.317079 | r:  -507.000000 | e:   1.000000 | Q:        nan | won: False 
#  348 | steps:  3739 | steps_t:     0 | t: 1.320256 | r:  -508.000000 | e:   1.000000 | Q:        nan | won: False 
#  349 | steps:  3748 | steps_t:     0 | t: 1.323454 | r:  -508.000000 | e:   1.000000 | Q:        nan | won: False 
#  350 | steps:  3758 | steps_t:     0 | t: 1.327007 | r:  -509.000000 | e:   1.000000 | Q:        nan | won: False 
#  351 | steps:  3767 | steps_t:     0 | t: 1.330113 | r:  -508.000000 | e:   1.000000 | Q:        nan | won: False 
#  352 | steps:  3775 | steps_t:     0 | t: 1.332778 | r:  -507.000000 | e:   1.000000 | Q:        nan | won: False 
#  353 | steps:  3804 | steps_t:     0 | t: 1.342519 | r:  -528.000000 | e:   1.000000 | Q:        nan | won: False 
#  354 | steps:  3811 | steps_t:     0 | t: 1.345107 | r:  -506.000000 | e:   1.000000 | Q:        nan | won: False 
#  355 | steps:  3819 | steps_t:     0 | t: 1.348048 | r:  -507.000000 | e:   1.000000 | Q:        nan | won: False 
#  356 | steps:  3830 | steps_t:     0 | t: 1.352057 | r:  -510.000000 | e:   1.000000 | Q:        nan | won: False 
#  357 | steps:  3839 | steps_t:     0 | t: 1.355330 | r:  -508.000000 | e:   1.000000 | Q:        nan | won: False 
#  358 | steps:  3852 | steps_t:     0 | t: 1.359922 | r:  -512.000000 | e:   1.000000 | Q:        nan | won: False 
#  359 | steps:  3861 | steps_t:     0 | t: 1.363150 | r:  -508.000000 | e:   1.000000 | Q:        nan | won: False 
#  360 | steps:  3870 | steps_t:     0 | t: 1.366289 | r:  -508.000000 | e:   1.000000 | Q:        nan | won: False 
#  361 | steps:  3890 | steps_t:     0 | t: 1.373659 | r:  -519.000000 | e:   1.000000 | Q:        nan | won: False 
#  362 | steps:  3900 | steps_t:     0 | t: 1.377671 | r:  -509.000000 | e:   1.000000 | Q:        nan | won: False 
#  363 | steps:  3912 | steps_t:     0 | t: 1.381949 | r:  -511.000000 | e:   1.000000 | Q:        nan | won: False 
#  364 | steps:  3919 | steps_t:     0 | t: 1.384532 | r:  -506.000000 | e:   1.000000 | Q:        nan | won: False 
#  365 | steps:  3930 | steps_t:     0 | t: 1.388216 | r:  -510.000000 | e:   1.000000 | Q:        nan | won: False 
#  366 | steps:  3948 | steps_t:     0 | t: 1.394899 | r:  -517.000000 | e:   1.000000 | Q:        nan | won: False 
#  367 | steps:  3958 | steps_t:     0 | t: 1.398931 | r:  -509.000000 | e:   1.000000 | Q:        nan | won: False 
#  368 | steps:  3969 | steps_t:     0 | t: 1.405257 | r:  -510.000000 | e:   1.000000 | Q:        nan | won: False 
#  369 | steps:  3979 | steps_t:     0 | t: 1.409159 | r:  -509.000000 | e:   1.000000 | Q:        nan | won: False 
#  370 | steps:  3991 | steps_t:     0 | t: 1.413828 | r:  -511.000000 | e:   1.000000 | Q:        nan | won: False 
#  371 | steps:  4004 | steps_t:     0 | t: 1.418849 | r:  -512.000000 | e:   1.000000 | Q:        nan | won: False 
#  372 | steps:  4012 | steps_t:     0 | t: 1.421888 | r:  -507.000000 | e:   1.000000 | Q:        nan | won: False 
#  373 | steps:  4019 | steps_t:     0 | t: 1.424572 | r:  -506.000000 | e:   1.000000 | Q:        nan | won: False 
#  374 | steps:  4031 | steps_t:     0 | t: 1.428998 | r:  -511.000000 | e:   1.000000 | Q:        nan | won: False 
#  375 | steps:  4038 | steps_t:     0 | t: 1.431950 | r:  -506.000000 | e:   1.000000 | Q:        nan | won: False 
#  376 | steps:  4047 | steps_t:     0 | t: 1.435718 | r:  -508.000000 | e:   1.000000 | Q:        nan | won: False 
#  377 | steps:  4055 | steps_t:     0 | t: 1.438856 | r:  -507.000000 | e:   1.000000 | Q:        nan | won: False 
#  378 | steps:  4063 | steps_t:     0 | t: 1.441936 | r:  -507.000000 | e:   1.000000 | Q:        nan | won: False 
#  379 | steps:  4073 | steps_t:     0 | t: 1.445315 | r:  -509.000000 | e:   1.000000 | Q:        nan | won: False 
#  380 | steps:  4080 | steps_t:     0 | t: 1.448102 | r:  -506.000000 | e:   1.000000 | Q:        nan | won: False 
#  381 | steps:  4088 | steps_t:     0 | t: 1.450989 | r:  -507.000000 | e:   1.000000 | Q:        nan | won: False 
#  382 | steps:  4096 | steps_t:     0 | t: 1.454108 | r:  -507.000000 | e:   1.000000 | Q:        nan | won: False 
#  383 | steps:  4105 | steps_t:     0 | t: 1.457541 | r:  -508.000000 | e:   1.000000 | Q:        nan | won: False 
#  384 | steps:  4116 | steps_t:     0 | t: 1.461818 | r:  -510.000000 | e:   1.000000 | Q:        nan | won: False 
#  385 | steps:  4133 | steps_t:     0 | t: 1.468412 | r:  -516.000000 | e:   1.000000 | Q:        nan | won: False 
#  386 | steps:  4144 | steps_t:     0 | t: 1.472437 | r:  -510.000000 | e:   1.000000 | Q:        nan | won: False 
#  387 | steps:  4160 | steps_t:     0 | t: 1.478729 | r:  -515.000000 | e:   1.000000 | Q:        nan | won: False 
#  388 | steps:  4169 | steps_t:     0 | t: 1.482273 | r:  -508.000000 | e:   1.000000 | Q:        nan | won: False 
#  389 | steps:  4176 | steps_t:     0 | t: 1.484871 | r:  -506.000000 | e:   1.000000 | Q:        nan | won: False 
#  390 | steps:  4194 | steps_t:     0 | t: 1.491558 | r:  -506.000000 | e:   1.000000 | Q:        nan | won: False 
#  391 | steps:  4204 | steps_t:     0 | t: 1.495696 | r:  -509.000000 | e:   1.000000 | Q:        nan | won: False 
#  392 | steps:  4226 | steps_t:     0 | t: 1.504328 | r:  -521.000000 | e:   1.000000 | Q:        nan | won: False 
#  393 | steps:  4232 | steps_t:     0 | t: 1.506681 | r:  -505.000000 | e:   1.000000 | Q:        nan | won: False 
#  394 | steps:  4241 | steps_t:     0 | t: 1.510059 | r:  -508.000000 | e:   1.000000 | Q:        nan | won: False 
#  395 | steps:  4250 | steps_t:     0 | t: 1.513229 | r:  -508.000000 | e:   1.000000 | Q:        nan | won: False 
#  396 | steps:  4257 | steps_t:     0 | t: 1.515517 | r:  -506.000000 | e:   1.000000 | Q:        nan | won: False 
#  397 | steps:  4277 | steps_t:     0 | t: 1.522215 | r:  -519.000000 | e:   1.000000 | Q:        nan | won: False 
#  398 | steps:  4286 | steps_t:     0 | t: 1.525508 | r:  -508.000000 | e:   1.000000 | Q:        nan | won: False 
#  399 | steps:  4305 | steps_t:     0 | t: 1.532376 | r:  -518.000000 | e:   1.000000 | Q:        nan | won: False 
#  400 | steps:  4319 | steps_t:     0 | t: 1.537164 | r:  -502.000000 | e:   1.000000 | Q:        nan | won: False 
#  401 | steps:  4327 | steps_t:     0 | t: 1.540080 | r:  -507.000000 | e:   1.000000 | Q:        nan | won: False 
#  402 | steps:  4335 | steps_t:     0 | t: 1.542983 | r:  -507.000000 | e:   1.000000 | Q:        nan | won: False 
#  403 | steps:  4347 | steps_t:     0 | t: 1.547133 | r:  -511.000000 | e:   1.000000 | Q:        nan | won: False 
#  404 | steps:  4352 | steps_t:     0 | t: 1.549029 | r:  -504.000000 | e:   1.000000 | Q:        nan | won: False 
#  405 | steps:  4361 | steps_t:     0 | t: 1.552171 | r:  -508.000000 | e:   1.000000 | Q:        nan | won: False 
#  406 | steps:  4367 | steps_t:     0 | t: 1.554369 | r:  -505.000000 | e:   1.000000 | Q:        nan | won: False 
#  407 | steps:  4381 | steps_t:     0 | t: 1.559386 | r:  -513.000000 | e:   1.000000 | Q:        nan | won: False 
#  408 | steps:  4390 | steps_t:     0 | t: 1.562968 | r:  -508.000000 | e:   1.000000 | Q:        nan | won: False 
#  409 | steps:  4420 | steps_t:     0 | t: 1.573178 | r:  -518.000000 | e:   1.000000 | Q:        nan | won: False 
#  410 | steps:  4430 | steps_t:     0 | t: 1.576870 | r:  -509.000000 | e:   1.000000 | Q:        nan | won: False 
#  411 | steps:  4435 | steps_t:     0 | t: 1.578816 | r:  -504.000000 | e:   1.000000 | Q:        nan | won: False 
#  412 | steps:  4458 | steps_t:     0 | t: 1.587070 | r:  -522.000000 | e:   1.000000 | Q:        nan | won: False 
#  413 | steps:  4464 | steps_t:     0 | t: 1.589689 | r:  -505.000000 | e:   1.000000 | Q:        nan | won: False 
#  414 | steps:  4478 | steps_t:     0 | t: 1.595004 | r:  -513.000000 | e:   1.000000 | Q:        nan | won: False 
#  415 | steps:  4495 | steps_t:     0 | t: 1.601192 | r:  -516.000000 | e:   1.000000 | Q:        nan | won: False 
#  416 | steps:  4501 | steps_t:     0 | t: 1.603530 | r:  -505.000000 | e:   1.000000 | Q:        nan | won: False 
#  417 | steps:  4513 | steps_t:     0 | t: 1.607623 | r:  -500.000000 | e:   1.000000 | Q:        nan | won: False 
#  418 | steps:  4530 | steps_t:     0 | t: 1.613527 | r:  -516.000000 | e:   1.000000 | Q:        nan | won: False 
#  419 | steps:  4540 | steps_t:     0 | t: 1.617032 | r:  -509.000000 | e:   1.000000 | Q:        nan | won: False 
#  420 | steps:  4560 | steps_t:     0 | t: 1.623996 | r:  -508.000000 | e:   1.000000 | Q:        nan | won: False 
#  421 | steps:  4568 | steps_t:     0 | t: 1.626917 | r:  -507.000000 | e:   1.000000 | Q:        nan | won: False 
#  422 | steps:  4578 | steps_t:     0 | t: 1.630997 | r:  -509.000000 | e:   1.000000 | Q:        nan | won: False 
#  423 | steps:  4596 | steps_t:     0 | t: 1.637469 | r:  -517.000000 | e:   1.000000 | Q:        nan | won: False 
#  424 | steps:  4605 | steps_t:     0 | t: 1.640800 | r:  -508.000000 | e:   1.000000 | Q:        nan | won: False 
#  425 | steps:  4620 | steps_t:     0 | t: 1.646051 | r:  -503.000000 | e:   1.000000 | Q:        nan | won: False 
#  426 | steps:  4628 | steps_t:     0 | t: 1.648815 | r:  -507.000000 | e:   1.000000 | Q:        nan | won: False 
#  427 | steps:  4635 | steps_t:     0 | t: 1.651264 | r:  -506.000000 | e:   1.000000 | Q:        nan | won: False 
#  428 | steps:  4644 | steps_t:     0 | t: 1.654554 | r:  -508.000000 | e:   1.000000 | Q:        nan | won: False 
#  429 | steps:  4656 | steps_t:     0 | t: 1.658694 | r:  -511.000000 | e:   1.000000 | Q:        nan | won: False 
#  430 | steps:  4663 | steps_t:     0 | t: 1.661549 | r:  -506.000000 | e:   1.000000 | Q:        nan | won: False 
#  431 | steps:  4674 | steps_t:     0 | t: 1.667652 | r:  -510.000000 | e:   1.000000 | Q:        nan | won: False 
#  432 | steps:  4682 | steps_t:     0 | t: 1.670578 | r:  -507.000000 | e:   1.000000 | Q:        nan | won: False 
#  433 | steps:  4727 | steps_t:     0 | t: 1.685291 | r:  -533.000000 | e:   1.000000 | Q:        nan | won: False 
#  434 | steps:  4739 | steps_t:     0 | t: 1.690267 | r:  -511.000000 | e:   1.000000 | Q:        nan | won: False 
#  435 | steps:  4752 | steps_t:     0 | t: 1.695450 | r:  -512.000000 | e:   1.000000 | Q:        nan | won: False 
#  436 | steps:  4760 | steps_t:     0 | t: 1.698567 | r:  -507.000000 | e:   1.000000 | Q:        nan | won: False 
#  437 | steps:  4779 | steps_t:     0 | t: 1.705728 | r:  -518.000000 | e:   1.000000 | Q:        nan | won: False 
#  438 | steps:  4787 | steps_t:     0 | t: 1.708825 | r:  -507.000000 | e:   1.000000 | Q:        nan | won: False 
#  439 | steps:  4814 | steps_t:     0 | t: 1.720299 | r:  -526.000000 | e:   1.000000 | Q:        nan | won: False 
#  440 | steps:  4823 | steps_t:     0 | t: 1.724030 | r:  -508.000000 | e:   1.000000 | Q:        nan | won: False 
#  441 | steps:  4835 | steps_t:     0 | t: 1.728528 | r:  -511.000000 | e:   1.000000 | Q:        nan | won: False 
#  442 | steps:  4846 | steps_t:     0 | t: 1.732762 | r:  -510.000000 | e:   1.000000 | Q:        nan | won: False 
#  443 | steps:  4854 | steps_t:     0 | t: 1.735850 | r:  -507.000000 | e:   1.000000 | Q:        nan | won: False 
#  444 | steps:  4861 | steps_t:     0 | t: 1.738170 | r:  -506.000000 | e:   1.000000 | Q:        nan | won: False 
#  445 | steps:  4869 | steps_t:     0 | t: 1.740941 | r:  -507.000000 | e:   1.000000 | Q:        nan | won: False 
#  446 | steps:  4876 | steps_t:     0 | t: 1.743267 | r:  -506.000000 | e:   1.000000 | Q:        nan | won: False 
#  447 | steps:  4920 | steps_t:     0 | t: 1.759262 | r:  -543.000000 | e:   1.000000 | Q:        nan | won: False 
#  448 | steps:  4928 | steps_t:     0 | t: 1.762266 | r:  -507.000000 | e:   1.000000 | Q:        nan | won: False 
#  449 | steps:  4938 | steps_t:     0 | t: 1.765559 | r:  -509.000000 | e:   1.000000 | Q:        nan | won: False 
#  450 | steps:  4944 | steps_t:     0 | t: 1.767803 | r:  -505.000000 | e:   1.000000 | Q:        nan | won: False 
#  451 | steps:  4956 | steps_t:     0 | t: 1.771896 | r:  -511.000000 | e:   1.000000 | Q:        nan | won: False 
#  452 | steps:  4973 | steps_t:     0 | t: 1.777675 | r:  -516.000000 | e:   1.000000 | Q:        nan | won: False 
#  453 | steps:  4992 | steps_t:     0 | t: 1.784548 | r:  -507.000000 | e:   1.000000 | Q:        nan | won: False 
#  454 | steps:  5003 | steps_t:     1 | t: 1.914765 | r:  -510.000000 | e:   0.999900 | Q:        nan | won: False 
#  455 | steps:  5012 | steps_t:     9 | t: 1.982764 | r:  -508.000000 | e:   0.999100 | Q:        nan | won: False 
#  456 | steps:  5021 | steps_t:    17 | t: 2.045116 | r:  -508.000000 | e:   0.998300 | Q:        nan | won: False 
#  457 | steps:  5029 | steps_t:    24 | t: 2.097500 | r:  -507.000000 | e:   0.997600 | Q:        nan | won: False 
#  458 | steps:  5037 | steps_t:    31 | t: 2.149750 | r:  -507.000000 | e:   0.996900 | Q:        nan | won: False 
#  459 | steps:  5050 | steps_t:    43 | t: 2.239955 | r:  -512.000000 | e:   0.995700 | Q:        nan | won: False 
#  460 | steps:  5059 | steps_t:    51 | t: 2.297276 | r:  -508.000000 | e:   0.994900 | Q:        nan | won: False 
#  461 | steps:  5067 | steps_t:    58 | t: 2.346943 | r:  -507.000000 | e:   0.994200 | Q:        nan | won: False 
#  462 | steps:  5074 | steps_t:    64 | t: 2.388964 | r:  -506.000000 | e:   0.993600 | Q:        nan | won: False 
#  463 | steps:  5080 | steps_t:    69 | t: 2.425393 | r:  -505.000000 | e:   0.993100 | Q:        nan | won: False 
#  464 | steps:  5086 | steps_t:    74 | t: 2.461984 | r:  -505.000000 | e:   0.992600 | Q:        nan | won: False 
#  465 | steps:  5104 | steps_t:    91 | t: 2.580113 | r:  -517.000000 | e:   0.990900 | Q:        nan | won: False 
#  466 | steps:  5112 | steps_t:    98 | t: 2.631154 | r:  -507.000000 | e:   0.990200 | Q:        nan | won: False 
#  467 | steps:  5121 | steps_t:   106 | t: 2.690023 | r:  -508.000000 | e:   0.989400 | Q: -95.632324 | won: False 
#  468 | steps:  5133 | steps_t:   117 | t: 2.767107 | r:  -511.000000 | e:   0.988300 | Q:        nan | won: False 
#  469 | steps:  5140 | steps_t:   123 | t: 2.811232 | r:  -506.000000 | e:   0.987700 | Q:        nan | won: False 
#  470 | steps:  5146 | steps_t:   128 | t: 2.848541 | r:  -505.000000 | e:   0.987200 | Q:        nan | won: False 
#  471 | steps:  5155 | steps_t:   136 | t: 2.904400 | r:  -508.000000 | e:   0.986400 | Q:        nan | won: False 
#  472 | steps:  5168 | steps_t:   148 | t: 2.989558 | r:  -512.000000 | e:   0.985200 | Q:        nan | won: False 
#  473 | steps:  5179 | steps_t:   158 | t: 3.057713 | r:  -510.000000 | e:   0.984200 | Q:        nan | won: False 
#  474 | steps:  5185 | steps_t:   163 | t: 3.093028 | r:  -505.000000 | e:   0.983700 | Q:        nan | won: False 
#  475 | steps:  5195 | steps_t:   172 | t: 3.157747 | r:  -509.000000 | e:   0.982800 | Q:        nan | won: False 
#  476 | steps:  5203 | steps_t:   179 | t: 3.206586 | r:  -507.000000 | e:   0.982100 | Q:        nan | won: False 
#  477 | steps:  5210 | steps_t:   185 | t: 3.249976 | r:  -506.000000 | e:   0.981500 | Q:        nan | won: False 
#  478 | steps:  5236 | steps_t:   210 | t: 3.433078 | r:  -525.000000 | e:   0.979000 | Q: -290.657379 | won: False 
#  479 | steps:  5245 | steps_t:   218 | t: 3.491341 | r:  -508.000000 | e:   0.978200 | Q:        nan | won: False 
#  480 | steps:  5265 | steps_t:   237 | t: 3.635598 | r:  -508.000000 | e:   0.976300 | Q:        nan | won: False 
#  481 | steps:  5273 | steps_t:   244 | t: 3.686098 | r:  -507.000000 | e:   0.975600 | Q: -256.948059 | won: False 
#  482 | steps:  5280 | steps_t:   250 | t: 3.732663 | r:  -506.000000 | e:   0.975000 | Q:        nan | won: False 
#  483 | steps:  5286 | steps_t:   255 | t: 3.771729 | r:  -505.000000 | e:   0.974500 | Q:        nan | won: False 
#  484 | steps:  5291 | steps_t:   259 | t: 3.800756 | r:  -504.000000 | e:   0.974100 | Q:        nan | won: False 
#  485 | steps:  5299 | steps_t:   266 | t: 3.854251 | r:  -507.000000 | e:   0.973400 | Q: -265.711639 | won: False 
#  486 | steps:  5308 | steps_t:   274 | t: 3.908559 | r:  -508.000000 | e:   0.972600 | Q:        nan | won: False 
#  487 | steps:  5316 | steps_t:   281 | t: 3.958882 | r:  -507.000000 | e:   0.971900 | Q:        nan | won: False 
#  488 | steps:  5323 | steps_t:   287 | t: 4.002467 | r:  -506.000000 | e:   0.971300 | Q:        nan | won: False 
#  489 | steps:  5329 | steps_t:   292 | t: 4.038831 | r:  -505.000000 | e:   0.970800 | Q:        nan | won: False 
#  490 | steps:  5336 | steps_t:   298 | t: 4.082946 | r:  -506.000000 | e:   0.970200 | Q:        nan | won: False 
#  491 | steps:  5344 | steps_t:   305 | t: 4.136487 | r:  -507.000000 | e:   0.969500 | Q:        nan | won: False 
#  492 | steps:  5359 | steps_t:   319 | t: 4.240314 | r:  -503.000000 | e:   0.968100 | Q:        nan | won: False 
#  493 | steps:  5368 | steps_t:   327 | t: 4.300518 | r:  -508.000000 | e:   0.967300 | Q:        nan | won: False 
#  494 | steps:  5375 | steps_t:   333 | t: 4.345081 | r:  -506.000000 | e:   0.966700 | Q:        nan | won: False 
#  495 | steps:  5381 | steps_t:   338 | t: 4.380065 | r:  -505.000000 | e:   0.966200 | Q:        nan | won: False 
#  496 | steps:  5392 | steps_t:   348 | t: 4.455926 | r:  -510.000000 | e:   0.965200 | Q: -313.101898 | won: False 
#  497 | steps:  5400 | steps_t:   355 | t: 4.511171 | r:  -507.000000 | e:   0.964500 | Q:        nan | won: False 
#  498 | steps:  5410 | steps_t:   364 | t: 4.577263 | r:  -509.000000 | e:   0.963600 | Q:        nan | won: False 
#  499 | steps:  5421 | steps_t:   374 | t: 4.653892 | r:  -510.000000 | e:   0.962600 | Q:        nan | won: False 
#  500 | steps:  5439 | steps_t:   391 | t: 4.781806 | r:  -517.000000 | e:   0.960900 | Q: -327.942078 | won: False 
#  501 | steps:  5453 | steps_t:   404 | t: 4.875711 | r:  -513.000000 | e:   0.959600 | Q:        nan | won: False 
#  502 | steps:  5464 | steps_t:   414 | t: 4.950225 | r:  -510.000000 | e:   0.958600 | Q:        nan | won: False 
#  503 | steps:  5483 | steps_t:   432 | t: 5.082378 | r:  -518.000000 | e:   0.956800 | Q:        nan | won: False 
#  504 | steps:  5493 | steps_t:   441 | t: 5.150464 | r:  -509.000000 | e:   0.955900 | Q: -297.362030 | won: False 
#  505 | steps:  5513 | steps_t:   460 | t: 5.290695 | r:  -519.000000 | e:   0.954000 | Q: -298.320923 | won: False 
#  506 | steps:  5530 | steps_t:   476 | t: 5.411689 | r:  -516.000000 | e:   0.952400 | Q:        nan | won: False 
#  507 | steps:  5544 | steps_t:   489 | t: 5.509024 | r:  -513.000000 | e:   0.951100 | Q:        nan | won: False 
#  508 | steps:  5552 | steps_t:   496 | t: 5.561858 | r:  -507.000000 | e:   0.950400 | Q:        nan | won: False 
#  509 | steps:  5562 | steps_t:   505 | t: 5.632265 | r:  -509.000000 | e:   0.949500 | Q:        nan | won: False 
#  510 | steps:  5581 | steps_t:   523 | t: 5.768614 | r:  -518.000000 | e:   0.947700 | Q: -293.787323 | won: False 
#  511 | steps:  5592 | steps_t:   533 | t: 5.843344 | r:  -510.000000 | e:   0.946700 | Q:        nan | won: False 
#  512 | steps:  5600 | steps_t:   540 | t: 5.894812 | r:  -507.000000 | e:   0.946000 | Q:        nan | won: False 
#  513 | steps:  5607 | steps_t:   546 | t: 5.938825 | r:  -506.000000 | e:   0.945400 | Q:        nan | won: False 
#  514 | steps:  5612 | steps_t:   550 | t: 5.972237 | r:  -504.000000 | e:   0.945000 | Q:        nan | won: False 
#  515 | steps:  5626 | steps_t:   563 | t: 6.074025 | r:  -502.000000 | e:   0.943700 | Q: -325.048218 | won: False 
#  516 | steps:  5636 | steps_t:   572 | t: 6.140061 | r:  -509.000000 | e:   0.942800 | Q:        nan | won: False 
#  517 | steps:  5644 | steps_t:   579 | t: 6.195950 | r:  -507.000000 | e:   0.942100 | Q:        nan | won: False 
#  518 | steps:  5661 | steps_t:   595 | t: 6.317003 | r:  -516.000000 | e:   0.940500 | Q:        nan | won: False 
#  519 | steps:  5671 | steps_t:   604 | t: 6.386806 | r:  -509.000000 | e:   0.939600 | Q: -277.046082 | won: False 
#  520 | steps:  5682 | steps_t:   614 | t: 6.465999 | r:  -510.000000 | e:   0.938600 | Q:        nan | won: False 
#  521 | steps:  5698 | steps_t:   629 | t: 6.589844 | r:  -515.000000 | e:   0.937100 | Q: -273.588531 | won: False 
#  522 | steps:  5709 | steps_t:   639 | t: 6.668359 | r:  -510.000000 | e:   0.936100 | Q: -267.795685 | won: False 
#  523 | steps:  5719 | steps_t:   648 | t: 6.737849 | r:  -509.000000 | e:   0.935200 | Q: -267.693756 | won: False 
#  524 | steps:  5730 | steps_t:   658 | t: 6.822516 | r:  -510.000000 | e:   0.934200 | Q: -263.664185 | won: False 
#  525 | steps:  5743 | steps_t:   670 | t: 6.928751 | r:  -512.000000 | e:   0.933000 | Q: -270.502472 | won: False 
#  526 | steps:  5751 | steps_t:   677 | t: 6.984413 | r:  -507.000000 | e:   0.932300 | Q:        nan | won: False 
#  527 | steps:  5759 | steps_t:   684 | t: 7.038363 | r:  -507.000000 | e:   0.931600 | Q:        nan | won: False 
#  528 | steps:  5768 | steps_t:   692 | t: 7.105565 | r:  -508.000000 | e:   0.930800 | Q:        nan | won: False 
#  529 | steps:  5787 | steps_t:   710 | t: 7.255154 | r:  -518.000000 | e:   0.929000 | Q: -312.607117 | won: False 
#  530 | steps:  5807 | steps_t:   729 | t: 7.416134 | r:  -519.000000 | e:   0.927100 | Q: -278.169617 | won: False 
#  531 | steps:  5815 | steps_t:   736 | t: 7.478910 | r:  -507.000000 | e:   0.926400 | Q: -279.935089 | won: False 
#  532 | steps:  5827 | steps_t:   747 | t: 7.581211 | r:  -511.000000 | e:   0.925300 | Q: -278.694977 | won: False 
#  533 | steps:  5836 | steps_t:   755 | t: 7.653191 | r:  -508.000000 | e:   0.924500 | Q: -276.544006 | won: False 
#  534 | steps:  5847 | steps_t:   765 | t: 7.740427 | r:  -510.000000 | e:   0.923500 | Q: -265.414215 | won: False 
#  535 | steps:  5854 | steps_t:   771 | t: 7.790777 | r:  -506.000000 | e:   0.922900 | Q:        nan | won: False 
#  536 | steps:  5867 | steps_t:   783 | t: 7.897146 | r:  -512.000000 | e:   0.921700 | Q: -267.381256 | won: False 
#  537 | steps:  5873 | steps_t:   788 | t: 7.942476 | r:  -505.000000 | e:   0.921200 | Q:        nan | won: False 
#  538 | steps:  5899 | steps_t:   813 | t: 8.180421 | r:  -525.000000 | e:   0.918700 | Q: -306.329681 | won: False 
#  539 | steps:  5908 | steps_t:   821 | t: 8.251436 | r:  -508.000000 | e:   0.917900 | Q: -306.128632 | won: False 
#  540 | steps:  5938 | steps_t:   850 | t: 8.520086 | r:  -518.000000 | e:   0.915000 | Q: -293.520355 | won: False 
#  541 | steps:  5949 | steps_t:   860 | t: 8.613484 | r:  -510.000000 | e:   0.914000 | Q: -295.100647 | won: False 
#  542 | steps:  5960 | steps_t:   870 | t: 8.707042 | r:  -510.000000 | e:   0.913000 | Q: -281.838989 | won: False 
#  543 | steps:  5968 | steps_t:   877 | t: 8.776740 | r:  -507.000000 | e:   0.912300 | Q:        nan | won: False 
#  544 | steps:  5978 | steps_t:   886 | t: 8.866598 | r:  -509.000000 | e:   0.911400 | Q: -277.262207 | won: False 
#  545 | steps:  5985 | steps_t:   892 | t: 8.923082 | r:  -506.000000 | e:   0.910800 | Q:        nan | won: False 
#  546 | steps:  5994 | steps_t:   900 | t: 8.999030 | r:  -508.000000 | e:   0.910000 | Q: -289.879272 | won: False 
#  547 | steps:  6002 | steps_t:   907 | t: 9.123578 | r:  -507.000000 | e:   0.909300 | Q:        nan | won: False 
#  548 | steps:  6009 | steps_t:   913 | t: 9.177989 | r:  -506.000000 | e:   0.908700 | Q: -307.040100 | won: False 
#  549 | steps:  6017 | steps_t:   920 | t: 9.241132 | r:  -507.000000 | e:   0.908000 | Q: -316.591400 | won: False 
#  550 | steps:  6025 | steps_t:   927 | t: 9.304198 | r:  -507.000000 | e:   0.907300 | Q:        nan | won: False 
#  551 | steps:  6030 | steps_t:   931 | t: 9.343084 | r:  -504.000000 | e:   0.906900 | Q: -301.210419 | won: False 
#  552 | steps:  6054 | steps_t:   954 | t: 9.562412 | r:  -523.000000 | e:   0.904600 | Q:        nan | won: False 
#  553 | steps:  6064 | steps_t:   963 | t: 9.648014 | r:  -509.000000 | e:   0.903700 | Q: -293.554016 | won: False 
#  554 | steps:  6076 | steps_t:   974 | t: 9.750760 | r:  -511.000000 | e:   0.902600 | Q:        nan | won: False 
#  555 | steps:  6091 | steps_t:   988 | t: 9.881186 | r:  -492.000000 | e:   0.901200 | Q: -300.633881 | won: False 
#  556 | steps:  6100 | steps_t:   996 | t: 9.962168 | r:  -508.000000 | e:   0.900400 | Q:        nan | won: False 
#  557 | steps:  6107 | steps_t:  1002 | t: 10.023059 | r:  -506.000000 | e:   0.899800 | Q:        nan | won: False 
#  558 | steps:  6119 | steps_t:  1013 | t: 10.130857 | r:  -511.000000 | e:   0.898700 | Q: -344.007385 | won: False 
#  559 | steps:  6129 | steps_t:  1022 | t: 10.229737 | r:  -509.000000 | e:   0.897800 | Q: -339.291077 | won: False 
#  560 | steps:  6138 | steps_t:  1030 | t: 10.312535 | r:  -508.000000 | e:   0.897000 | Q: -334.708191 | won: False 
#  561 | steps:  6146 | steps_t:  1037 | t: 10.380920 | r:  -507.000000 | e:   0.896300 | Q:        nan | won: False 
#  562 | steps:  6160 | steps_t:  1050 | t: 10.513965 | r:  -513.000000 | e:   0.895000 | Q:        nan | won: False 
#  563 | steps:  6166 | steps_t:  1055 | t: 10.562092 | r:  -505.000000 | e:   0.894500 | Q: -327.239197 | won: False 
#  564 | steps:  6173 | steps_t:  1061 | t: 10.625490 | r:  -506.000000 | e:   0.893900 | Q: -326.868622 | won: False 
#  565 | steps:  6182 | steps_t:  1069 | t: 10.708950 | r:  -508.000000 | e:   0.893100 | Q: -317.081879 | won: False 
#  566 | steps:  6199 | steps_t:  1085 | t: 10.859461 | r:  -516.000000 | e:   0.891500 | Q: -280.246979 | won: False 
#  567 | steps:  6229 | steps_t:  1114 | t: 11.116441 | r:  -529.000000 | e:   0.888600 | Q: -274.964722 | won: False 
#  568 | steps:  6238 | steps_t:  1122 | t: 11.188703 | r:  -508.000000 | e:   0.887800 | Q:        nan | won: False 
#  569 | steps:  6247 | steps_t:  1130 | t: 11.268853 | r:  -508.000000 | e:   0.887000 | Q: -317.530426 | won: False 
#  570 | steps:  6263 | steps_t:  1145 | t: 11.432747 | r:  -515.000000 | e:   0.885500 | Q: -287.011108 | won: False 
#  571 | steps:  6272 | steps_t:  1153 | t: 11.503928 | r:  -508.000000 | e:   0.884700 | Q: -294.128021 | won: False 
#  572 | steps:  6282 | steps_t:  1162 | t: 11.591685 | r:  -509.000000 | e:   0.883800 | Q: -300.732574 | won: False 
#  573 | steps:  6289 | steps_t:  1168 | t: 11.648708 | r:  -506.000000 | e:   0.883200 | Q:        nan | won: False 
#  574 | steps:  6296 | steps_t:  1174 | t: 11.706759 | r:  -506.000000 | e:   0.882600 | Q:        nan | won: False 
#  575 | steps:  6303 | steps_t:  1180 | t: 11.763721 | r:  -506.000000 | e:   0.882000 | Q: -343.543579 | won: False 
#  576 | steps:  6308 | steps_t:  1184 | t: 11.801777 | r:  -504.000000 | e:   0.881600 | Q: -359.677917 | won: False 
#  577 | steps:  6333 | steps_t:  1208 | t: 12.024235 | r:  -524.000000 | e:   0.879200 | Q: -338.605347 | won: False 
#  578 | steps:  6344 | steps_t:  1218 | t: 12.120095 | r:  -510.000000 | e:   0.878200 | Q: -328.481354 | won: False 
#  579 | steps:  6353 | steps_t:  1226 | t: 12.205472 | r:  -508.000000 | e:   0.877400 | Q: -314.343872 | won: False 
#  580 | steps:  6360 | steps_t:  1232 | t: 12.268393 | r:  -506.000000 | e:   0.876800 | Q: -308.845856 | won: False 
#  581 | steps:  6379 | steps_t:  1250 | t: 12.458441 | r:  -518.000000 | e:   0.875000 | Q: -298.206238 | won: False 
#  582 | steps:  6389 | steps_t:  1259 | t: 12.541284 | r:  -509.000000 | e:   0.874100 | Q: -302.962311 | won: False 
#  583 | steps:  6410 | steps_t:  1279 | t: 12.769530 | r:  -520.000000 | e:   0.872100 | Q: -310.615936 | won: False 
#  584 | steps:  6419 | steps_t:  1287 | t: 12.839787 | r:  -508.000000 | e:   0.871300 | Q: -317.094299 | won: False 
#  585 | steps:  6425 | steps_t:  1292 | t: 12.886482 | r:  -505.000000 | e:   0.870800 | Q:        nan | won: False 
#  586 | steps:  6434 | steps_t:  1300 | t: 12.965829 | r:  -508.000000 | e:   0.870000 | Q: -335.251099 | won: False 
#  587 | steps:  6444 | steps_t:  1309 | t: 13.103628 | r:  -509.000000 | e:   0.869100 | Q:        nan | won: False 
#  588 | steps:  6451 | steps_t:  1315 | t: 13.173398 | r:  -506.000000 | e:   0.868500 | Q: -311.875031 | won: False 
#  589 | steps:  6463 | steps_t:  1326 | t: 13.282220 | r:  -511.000000 | e:   0.867400 | Q: -309.370636 | won: False 
#  590 | steps:  6476 | steps_t:  1338 | t: 13.396917 | r:  -512.000000 | e:   0.866200 | Q:        nan | won: False 
#  591 | steps:  6484 | steps_t:  1345 | t: 13.464813 | r:  -507.000000 | e:   0.865500 | Q: -324.168610 | won: False 
#  592 | steps:  6493 | steps_t:  1353 | t: 13.539941 | r:  -508.000000 | e:   0.864700 | Q: -312.376007 | won: False 
#  593 | steps:  6501 | steps_t:  1360 | t: 13.605644 | r:  -507.000000 | e:   0.864000 | Q: -319.855042 | won: False 
#  594 | steps:  6508 | steps_t:  1366 | t: 13.663504 | r:  -506.000000 | e:   0.863400 | Q: -316.095703 | won: False 
#  595 | steps:  6519 | steps_t:  1376 | t: 13.751576 | r:  -510.000000 | e:   0.862400 | Q: -315.617523 | won: False 
#  596 | steps:  6527 | steps_t:  1383 | t: 13.818669 | r:  -507.000000 | e:   0.861700 | Q: -307.410309 | won: False 
#  597 | steps:  6536 | steps_t:  1391 | t: 13.904803 | r:  -508.000000 | e:   0.860900 | Q: -309.108459 | won: False 
#  598 | steps:  6550 | steps_t:  1404 | t: 14.029010 | r:  -513.000000 | e:   0.859600 | Q:        nan | won: False 
#  599 | steps:  6571 | steps_t:  1424 | t: 14.229015 | r:  -520.000000 | e:   0.857600 | Q: -317.735687 | won: False 
#  600 | steps:  6579 | steps_t:  1431 | t: 14.296440 | r:  -507.000000 | e:   0.856900 | Q: -348.043976 | won: False 
#  601 | steps:  6589 | steps_t:  1440 | t: 14.384900 | r:  -509.000000 | e:   0.856000 | Q: -341.479736 | won: False 
#  602 | steps:  6612 | steps_t:  1462 | t: 14.600344 | r:  -522.000000 | e:   0.853800 | Q: -309.363129 | won: False 
#  603 | steps:  6620 | steps_t:  1469 | t: 14.666358 | r:  -507.000000 | e:   0.853100 | Q: -308.407135 | won: False 
#  604 | steps:  6629 | steps_t:  1477 | t: 14.748417 | r:  -508.000000 | e:   0.852300 | Q: -320.784058 | won: False 
#  605 | steps:  6638 | steps_t:  1485 | t: 14.823034 | r:  -508.000000 | e:   0.851500 | Q: -339.908325 | won: False 
#  606 | steps:  6647 | steps_t:  1493 | t: 14.906017 | r:  -508.000000 | e:   0.850700 | Q: -346.171448 | won: False 
#  607 | steps:  6658 | steps_t:  1503 | t: 15.009138 | r:  -510.000000 | e:   0.849700 | Q:        nan | won: False 
#  608 | steps:  6678 | steps_t:  1522 | t: 15.197750 | r:  -519.000000 | e:   0.847800 | Q: -315.770782 | won: False 
#  609 | steps:  6695 | steps_t:  1538 | t: 15.368816 | r:  -516.000000 | e:   0.846200 | Q: -311.840332 | won: False 
#  610 | steps:  6710 | steps_t:  1552 | t: 15.492986 | r:  -514.000000 | e:   0.844800 | Q: -320.848419 | won: False 
#  611 | steps:  6718 | steps_t:  1559 | t: 15.563241 | r:  -507.000000 | e:   0.844100 | Q: -330.736847 | won: False 
#  612 | steps:  6727 | steps_t:  1567 | t: 15.647444 | r:  -508.000000 | e:   0.843300 | Q: -335.757202 | won: False 
#  613 | steps:  6735 | steps_t:  1574 | t: 15.719753 | r:  -507.000000 | e:   0.842600 | Q:        nan | won: False 
#  614 | steps:  6742 | steps_t:  1580 | t: 15.782661 | r:  -506.000000 | e:   0.842000 | Q:        nan | won: False 
#  615 | steps:  6753 | steps_t:  1590 | t: 15.889540 | r:  -510.000000 | e:   0.841000 | Q: -340.515625 | won: False 
#  616 | steps:  6762 | steps_t:  1598 | t: 15.967563 | r:  -508.000000 | e:   0.840200 | Q: -338.776001 | won: False 
#  617 | steps:  6771 | steps_t:  1606 | t: 16.037259 | r:  -508.000000 | e:   0.839400 | Q: -323.271393 | won: False 
#  618 | steps:  6780 | steps_t:  1614 | t: 16.235224 | r:  -508.000000 | e:   0.838600 | Q:        nan | won: False 
#  619 | steps:  6791 | steps_t:  1624 | t: 16.596169 | r:  -510.000000 | e:   0.837600 | Q: -342.940460 | won: False 
#  620 | steps:  6802 | steps_t:  1634 | t: 16.956615 | r:  -510.000000 | e:   0.836600 | Q: -325.836151 | won: False 
#  621 | steps:  6809 | steps_t:  1640 | t: 17.163683 | r:  -506.000000 | e:   0.836000 | Q:        nan | won: False 
#  622 | steps:  6819 | steps_t:  1649 | t: 17.482091 | r:  -509.000000 | e:   0.835100 | Q: -308.510254 | won: False 
#  623 | steps:  6845 | steps_t:  1674 | t: 18.353667 | r:  -514.000000 | e:   0.832600 | Q: -330.146149 | won: False 
#  624 | steps:  6853 | steps_t:  1681 | t: 18.602413 | r:  -507.000000 | e:   0.831900 | Q:        nan | won: False 
#  625 | steps:  6867 | steps_t:  1694 | t: 19.063408 | r:  -513.000000 | e:   0.830600 | Q: -304.650177 | won: False 
#  626 | steps:  6881 | steps_t:  1707 | t: 19.169033 | r:  -513.000000 | e:   0.829300 | Q: -307.516602 | won: False 
#  627 | steps:  6886 | steps_t:  1711 | t: 19.199939 | r:  -504.000000 | e:   0.828900 | Q:        nan | won: False 
#  628 | steps:  6892 | steps_t:  1716 | t: 19.236689 | r:  -505.000000 | e:   0.828400 | Q:        nan | won: False 
#  629 | steps:  6904 | steps_t:  1727 | t: 19.324528 | r:  -511.000000 | e:   0.827300 | Q: -312.499237 | won: False 
#  630 | steps:  6913 | steps_t:  1735 | t: 19.391131 | r:  -508.000000 | e:   0.826500 | Q:        nan | won: False 
#  631 | steps:  6925 | steps_t:  1746 | t: 19.478090 | r:  -511.000000 | e:   0.825400 | Q: -302.960175 | won: False 
#  632 | steps:  6935 | steps_t:  1755 | t: 19.552169 | r:  -509.000000 | e:   0.824500 | Q: -294.254211 | won: False 
#  633 | steps:  6948 | steps_t:  1767 | t: 19.653067 | r:  -512.000000 | e:   0.823300 | Q: -291.642426 | won: False 
#  634 | steps:  6957 | steps_t:  1775 | t: 19.716872 | r:  -508.000000 | e:   0.822500 | Q: -297.529266 | won: False 
#  635 | steps:  6964 | steps_t:  1781 | t: 19.767291 | r:  -506.000000 | e:   0.821900 | Q:        nan | won: False 
#  636 | steps:  6977 | steps_t:  1793 | t: 19.874891 | r:  -512.000000 | e:   0.820700 | Q: -316.261292 | won: False 
#  637 | steps:  6985 | steps_t:  1800 | t: 19.943777 | r:  -507.000000 | e:   0.820000 | Q: -299.212677 | won: False 
#  638 | steps:  6993 | steps_t:  1807 | t: 20.014031 | r:  -507.000000 | e:   0.819300 | Q:        nan | won: False 
#  639 | steps:  7003 | steps_t:  1816 | t: 20.136737 | r:  -509.000000 | e:   0.818400 | Q: -326.292267 | won: False 
#  640 | steps:  7018 | steps_t:  1830 | t: 20.269571 | r:  -514.000000 | e:   0.817000 | Q: -328.397095 | won: False 
#  641 | steps:  7031 | steps_t:  1842 | t: 20.408727 | r:  -512.000000 | e:   0.815800 | Q: -316.607147 | won: False 
#  642 | steps:  7037 | steps_t:  1847 | t: 20.481399 | r:  -505.000000 | e:   0.815300 | Q: -315.356506 | won: False 
#  643 | steps:  7048 | steps_t:  1857 | t: 20.600344 | r:  -510.000000 | e:   0.814300 | Q: -342.603790 | won: False 
#  644 | steps:  7063 | steps_t:  1871 | t: 20.762636 | r:  -492.000000 | e:   0.812900 | Q: -344.901550 | won: False 
#  645 | steps:  7072 | steps_t:  1879 | t: 20.857404 | r:  -508.000000 | e:   0.812100 | Q:        nan | won: False 
#  646 | steps:  7083 | steps_t:  1889 | t: 20.976159 | r:  -510.000000 | e:   0.811100 | Q:        nan | won: False 
#  647 | steps:  7095 | steps_t:  1900 | t: 21.256729 | r:  -511.000000 | e:   0.810000 | Q:        nan | won: False 
#  648 | steps:  7104 | steps_t:  1908 | t: 21.667695 | r:  -508.000000 | e:   0.809200 | Q: -309.886993 | won: False 
#  649 | steps:  7127 | steps_t:  1930 | t: 22.481112 | r:  -522.000000 | e:   0.807000 | Q: -320.600952 | won: False 
#  650 | steps:  7140 | steps_t:  1942 | t: 22.999376 | r:  -512.000000 | e:   0.805800 | Q: -342.452393 | won: False 
#  651 | steps:  7147 | steps_t:  1948 | t: 23.242955 | r:  -506.000000 | e:   0.805200 | Q: -367.667816 | won: False 
#  652 | steps:  7155 | steps_t:  1955 | t: 23.523469 | r:  -507.000000 | e:   0.804500 | Q:        nan | won: False 
#  653 | steps:  7166 | steps_t:  1965 | t: 23.965386 | r:  -510.000000 | e:   0.803500 | Q: -354.194550 | won: False 
#  654 | steps:  7177 | steps_t:  1975 | t: 24.368657 | r:  -510.000000 | e:   0.802500 | Q: -335.951660 | won: False 
#  655 | steps:  7196 | steps_t:  1993 | t: 25.048866 | r:  -507.000000 | e:   0.800700 | Q: -328.122589 | won: False 
#  656 | steps:  7202 | steps_t:  1998 | t: 25.266427 | r:  -505.000000 | e:   0.800200 | Q: -307.527893 | won: False 
#  657 | steps:  7221 | steps_t:  2016 | t: 26.026891 | r:  -507.000000 | e:   0.798400 | Q: -301.572571 | won: False 
#  658 | steps:  7232 | steps_t:  2026 | t: 26.132672 | r:  -510.000000 | e:   0.797400 | Q: -310.879059 | won: False 
#  659 | steps:  7240 | steps_t:  2033 | t: 26.185977 | r:  -507.000000 | e:   0.796700 | Q:        nan | won: False 
#  660 | steps:  7246 | steps_t:  2038 | t: 26.225778 | r:  -505.000000 | e:   0.796200 | Q: -337.242218 | won: False 
#  661 | steps:  7253 | steps_t:  2044 | t: 26.278077 | r:  -506.000000 | e:   0.795600 | Q: -393.339355 | won: False 
#  662 | steps:  7268 | steps_t:  2058 | t: 26.398601 | r:  -514.000000 | e:   0.794200 | Q: -331.787262 | won: False 
#  663 | steps:  7275 | steps_t:  2064 | t: 26.446907 | r:  -506.000000 | e:   0.793600 | Q: -340.251617 | won: False 
#  664 | steps:  7282 | steps_t:  2070 | t: 26.495222 | r:  -506.000000 | e:   0.793000 | Q: -359.415070 | won: False 
#  665 | steps:  7292 | steps_t:  2079 | t: 26.565201 | r:  -509.000000 | e:   0.792100 | Q:        nan | won: False 
#  666 | steps:  7298 | steps_t:  2084 | t: 26.607339 | r:  -505.000000 | e:   0.791600 | Q: -326.283417 | won: False 
#  667 | steps:  7305 | steps_t:  2090 | t: 26.653414 | r:  -506.000000 | e:   0.791000 | Q:        nan | won: False 
#  668 | steps:  7329 | steps_t:  2113 | t: 26.842130 | r:  -523.000000 | e:   0.788700 | Q: -329.201813 | won: False 
#  669 | steps:  7337 | steps_t:  2120 | t: 26.902201 | r:  -507.000000 | e:   0.788000 | Q: -324.892578 | won: False 
#  670 | steps:  7350 | steps_t:  2132 | t: 27.002788 | r:  -512.000000 | e:   0.786800 | Q: -327.183258 | won: False 
#  671 | steps:  7360 | steps_t:  2141 | t: 27.080615 | r:  -509.000000 | e:   0.785900 | Q: -333.140930 | won: False 
#  672 | steps:  7386 | steps_t:  2166 | t: 27.314468 | r:  -525.000000 | e:   0.783400 | Q: -314.413757 | won: False 
#  673 | steps:  7410 | steps_t:  2189 | t: 27.567618 | r:  -523.000000 | e:   0.781100 | Q: -297.150085 | won: False 
#  674 | steps:  7419 | steps_t:  2197 | t: 27.658642 | r:  -508.000000 | e:   0.780300 | Q: -308.957153 | won: False 
#  675 | steps:  7428 | steps_t:  2205 | t: 27.743090 | r:  -508.000000 | e:   0.779500 | Q:        nan | won: False 
#  676 | steps:  7439 | steps_t:  2215 | t: 27.847579 | r:  -510.000000 | e:   0.778500 | Q: -320.483612 | won: False 
#  677 | steps:  7450 | steps_t:  2225 | t: 27.948643 | r:  -510.000000 | e:   0.777500 | Q: -323.244293 | won: False 
#  678 | steps:  7457 | steps_t:  2231 | t: 28.008781 | r:  -506.000000 | e:   0.776900 | Q: -330.457245 | won: False 
#  679 | steps:  7466 | steps_t:  2239 | t: 28.209956 | r:  -508.000000 | e:   0.776100 | Q:        nan | won: False 
#  680 | steps:  7474 | steps_t:  2246 | t: 28.545071 | r:  -507.000000 | e:   0.775400 | Q: -316.084717 | won: False 
#  681 | steps:  7481 | steps_t:  2252 | t: 28.771050 | r:  -506.000000 | e:   0.774800 | Q:        nan | won: False 
#  682 | steps:  7505 | steps_t:  2275 | t: 29.612101 | r:  -523.000000 | e:   0.772500 | Q: -293.935242 | won: False 
#  683 | steps:  7523 | steps_t:  2292 | t: 30.283956 | r:  -506.000000 | e:   0.770800 | Q: -298.849915 | won: False 
#  684 | steps:  7530 | steps_t:  2298 | t: 30.513624 | r:  -506.000000 | e:   0.770200 | Q: -391.573151 | won: False 
#  685 | steps:  7539 | steps_t:  2306 | t: 30.822462 | r:  -508.000000 | e:   0.769400 | Q: -342.562836 | won: False 
#  686 | steps:  7546 | steps_t:  2312 | t: 31.062374 | r:  -506.000000 | e:   0.768800 | Q: -306.857819 | won: False 
#  687 | steps:  7556 | steps_t:  2321 | t: 31.403835 | r:  -509.000000 | e:   0.767900 | Q: -405.512390 | won: False 
#  688 | steps:  7571 | steps_t:  2335 | t: 32.023124 | r:  -514.000000 | e:   0.766500 | Q: -287.768585 | won: False 
#  689 | steps:  7580 | steps_t:  2343 | t: 32.489680 | r:  -508.000000 | e:   0.765700 | Q: -422.220490 | won: False 
#  690 | steps:  7592 | steps_t:  2354 | t: 33.052299 | r:  -511.000000 | e:   0.764600 | Q: -327.644135 | won: False 
#  691 | steps:  7607 | steps_t:  2368 | t: 33.157737 | r:  -514.000000 | e:   0.763200 | Q: -425.204102 | won: False 
#  692 | steps:  7619 | steps_t:  2379 | t: 33.239797 | r:  -511.000000 | e:   0.762100 | Q: -319.976990 | won: False 
#  693 | steps:  7629 | steps_t:  2388 | t: 33.309417 | r:  -509.000000 | e:   0.761200 | Q: -436.681763 | won: False 
#  694 | steps:  7639 | steps_t:  2397 | t: 33.382644 | r:  -509.000000 | e:   0.760300 | Q: -296.982025 | won: False 
#  695 | steps:  7649 | steps_t:  2406 | t: 33.453588 | r:  -509.000000 | e:   0.759400 | Q: -309.572937 | won: False 
#  696 | steps:  7659 | steps_t:  2415 | t: 33.524869 | r:  -509.000000 | e:   0.758500 | Q:        nan | won: False 
#  697 | steps:  7668 | steps_t:  2423 | t: 33.584782 | r:  -508.000000 | e:   0.757700 | Q: -318.182434 | won: False 
#  698 | steps:  7689 | steps_t:  2443 | t: 33.740319 | r:  -520.000000 | e:   0.755700 | Q: -360.466156 | won: False 
#  699 | steps:  7710 | steps_t:  2463 | t: 33.915443 | r:  -520.000000 | e:   0.753700 | Q: -308.991882 | won: False 
#  700 | steps:  7719 | steps_t:  2471 | t: 33.997643 | r:  -508.000000 | e:   0.752900 | Q:        nan | won: False 
#  701 | steps:  7727 | steps_t:  2478 | t: 34.092911 | r:  -507.000000 | e:   0.752200 | Q: -417.897766 | won: False 
#  702 | steps:  7737 | steps_t:  2487 | t: 34.186425 | r:  -509.000000 | e:   0.751300 | Q: -384.844543 | won: False 
#  703 | steps:  7746 | steps_t:  2495 | t: 34.258155 | r:  -508.000000 | e:   0.750500 | Q: -322.545319 | won: False 
#  704 | steps:  7756 | steps_t:  2504 | t: 34.334353 | r:  -509.000000 | e:   0.749600 | Q:        nan | won: False 
#  705 | steps:  7770 | steps_t:  2517 | t: 34.466415 | r:  -513.000000 | e:   0.748300 | Q: -334.380249 | won: False 
#  706 | steps:  7777 | steps_t:  2523 | t: 34.526827 | r:  -506.000000 | e:   0.747700 | Q: -345.770538 | won: False 
#  707 | steps:  7786 | steps_t:  2531 | t: 34.607599 | r:  -508.000000 | e:   0.746900 | Q: -332.052307 | won: False 
#  708 | steps:  7802 | steps_t:  2546 | t: 34.753289 | r:  -515.000000 | e:   0.745400 | Q: -314.407837 | won: False 
#  709 | steps:  7815 | steps_t:  2558 | t: 34.881453 | r:  -512.000000 | e:   0.744200 | Q: -425.147919 | won: False 
#  710 | steps:  7823 | steps_t:  2565 | t: 34.966964 | r:  -507.000000 | e:   0.743500 | Q: -361.306183 | won: False 
#  711 | steps:  7830 | steps_t:  2571 | t: 35.167279 | r:  -506.000000 | e:   0.742900 | Q: -312.649719 | won: False 
#  712 | steps:  7839 | steps_t:  2579 | t: 35.573389 | r:  -508.000000 | e:   0.742100 | Q: -311.147308 | won: False 
#  713 | steps:  7860 | steps_t:  2599 | t: 36.418051 | r:  -520.000000 | e:   0.740100 | Q: -293.826599 | won: False 
#  714 | steps:  7868 | steps_t:  2606 | t: 36.744614 | r:  -507.000000 | e:   0.739400 | Q: -299.487518 | won: False 
#  715 | steps:  7885 | steps_t:  2622 | t: 37.484077 | r:  -516.000000 | e:   0.737800 | Q: -303.568817 | won: False 
#  716 | steps:  7895 | steps_t:  2631 | t: 37.855407 | r:  -509.000000 | e:   0.736900 | Q: -301.389374 | won: False 
#  717 | steps:  7905 | steps_t:  2640 | t: 38.179445 | r:  -509.000000 | e:   0.736000 | Q: -472.642975 | won: False 
#  718 | steps:  7912 | steps_t:  2646 | t: 38.422391 | r:  -506.000000 | e:   0.735400 | Q: -313.420441 | won: False 
#  719 | steps:  7918 | steps_t:  2651 | t: 38.622884 | r:  -505.000000 | e:   0.734900 | Q:        nan | won: False 
#  720 | steps:  7928 | steps_t:  2660 | t: 38.963045 | r:  -509.000000 | e:   0.734000 | Q: -352.595551 | won: False 
#  721 | steps:  7938 | steps_t:  2669 | t: 39.321722 | r:  -509.000000 | e:   0.733100 | Q: -281.922974 | won: False 
#  722 | steps:  7953 | steps_t:  2683 | t: 39.869455 | r:  -514.000000 | e:   0.731700 | Q: -345.858490 | won: False 
#  723 | steps:  7975 | steps_t:  2704 | t: 40.159689 | r:  -521.000000 | e:   0.729600 | Q: -312.175415 | won: False 
#  724 | steps:  7983 | steps_t:  2711 | t: 40.216336 | r:  -507.000000 | e:   0.728900 | Q: -307.258270 | won: False 
#  725 | steps:  7989 | steps_t:  2716 | t: 40.256713 | r:  -505.000000 | e:   0.728400 | Q: -293.433319 | won: False 
#  726 | steps:  8006 | steps_t:  2732 | t: 40.404851 | r:  -516.000000 | e:   0.726800 | Q: -284.170990 | won: False 
#  727 | steps:  8013 | steps_t:  2738 | t: 40.454129 | r:  -506.000000 | e:   0.726200 | Q: -419.000610 | won: False 
#  728 | steps:  8021 | steps_t:  2745 | t: 40.506264 | r:  -507.000000 | e:   0.725500 | Q: -298.877014 | won: False 
#  729 | steps:  8036 | steps_t:  2759 | t: 40.618051 | r:  -503.000000 | e:   0.724100 | Q: -279.605377 | won: False 
#  730 | steps:  8043 | steps_t:  2765 | t: 40.663921 | r:  -506.000000 | e:   0.723500 | Q: -276.016327 | won: False 
#  731 | steps:  8054 | steps_t:  2775 | t: 40.738441 | r:  -510.000000 | e:   0.722500 | Q: -282.710480 | won: False 
#  732 | steps:  8065 | steps_t:  2785 | t: 40.817720 | r:  -510.000000 | e:   0.721500 | Q: -290.746948 | won: False 
#  733 | steps:  8071 | steps_t:  2790 | t: 40.858524 | r:  -505.000000 | e:   0.721000 | Q:        nan | won: False 
#  734 | steps:  8093 | steps_t:  2811 | t: 41.021783 | r:  -521.000000 | e:   0.718900 | Q: -298.424927 | won: False 
#  735 | steps:  8107 | steps_t:  2824 | t: 41.132405 | r:  -513.000000 | e:   0.717600 | Q: -297.512756 | won: False 
#  736 | steps:  8129 | steps_t:  2845 | t: 41.320189 | r:  -521.000000 | e:   0.715500 | Q: -305.950745 | won: False 
#  737 | steps:  8141 | steps_t:  2856 | t: 41.413453 | r:  -511.000000 | e:   0.714400 | Q: -350.045502 | won: False 
#  738 | steps:  8152 | steps_t:  2866 | t: 41.505941 | r:  -510.000000 | e:   0.713400 | Q: -307.148468 | won: False 
#  739 | steps:  8160 | steps_t:  2873 | t: 41.570785 | r:  -507.000000 | e:   0.712700 | Q:        nan | won: False 
#  740 | steps:  8171 | steps_t:  2883 | t: 41.675296 | r:  -510.000000 | e:   0.711700 | Q: -360.265991 | won: False 
#  741 | steps:  8183 | steps_t:  2894 | t: 41.809004 | r:  -511.000000 | e:   0.710600 | Q: -288.256317 | won: False 
#  742 | steps:  8190 | steps_t:  2900 | t: 41.878227 | r:  -506.000000 | e:   0.710000 | Q: -406.621033 | won: False 
#  743 | steps:  8196 | steps_t:  2905 | t: 41.930830 | r:  -505.000000 | e:   0.709500 | Q:        nan | won: False 
#  744 | steps:  8203 | steps_t:  2911 | t: 41.992081 | r:  -506.000000 | e:   0.708900 | Q: -298.151398 | won: False 
#  745 | steps:  8218 | steps_t:  2925 | t: 42.137810 | r:  -514.000000 | e:   0.707500 | Q: -283.803955 | won: False 
#  746 | steps:  8226 | steps_t:  2932 | t: 42.213990 | r:  -507.000000 | e:   0.706800 | Q: -300.312622 | won: False 
#  747 | steps:  8238 | steps_t:  2943 | t: 42.332269 | r:  -511.000000 | e:   0.705700 | Q: -300.311798 | won: False 
#  748 | steps:  8249 | steps_t:  2953 | t: 42.438202 | r:  -510.000000 | e:   0.704700 | Q: -298.807831 | won: False 
#  749 | steps:  8258 | steps_t:  2961 | t: 42.519759 | r:  -508.000000 | e:   0.703900 | Q: -456.303284 | won: False 
#  750 | steps:  8279 | steps_t:  2981 | t: 42.734481 | r:  -520.000000 | e:   0.701900 | Q: -290.971222 | won: False 
#  751 | steps:  8295 | steps_t:  2996 | t: 42.904857 | r:  -515.000000 | e:   0.700400 | Q: -278.006287 | won: False 
#  752 | steps:  8316 | steps_t:  3016 | t: 43.097332 | r:  -520.000000 | e:   0.698400 | Q: -288.343750 | won: False 
#  753 | steps:  8325 | steps_t:  3024 | t: 43.184318 | r:  -508.000000 | e:   0.697600 | Q: -289.362671 | won: False 
#  754 | steps:  8334 | steps_t:  3032 | t: 43.274808 | r:  -508.000000 | e:   0.696800 | Q: -305.299652 | won: False 
#  755 | steps:  8340 | steps_t:  3037 | t: 43.334650 | r:  -505.000000 | e:   0.696300 | Q: -308.068512 | won: False 
#  756 | steps:  8353 | steps_t:  3049 | t: 43.462072 | r:  -512.000000 | e:   0.695100 | Q: -388.250488 | won: False 
#  757 | steps:  8362 | steps_t:  3057 | t: 43.546370 | r:  -508.000000 | e:   0.694300 | Q: -304.432983 | won: False 
#  758 | steps:  8385 | steps_t:  3079 | t: 43.791931 | r:  -522.000000 | e:   0.692100 | Q: -283.985321 | won: False 
#  759 | steps:  8395 | steps_t:  3088 | t: 43.882428 | r:  -509.000000 | e:   0.691200 | Q: -369.748657 | won: False 
#  760 | steps:  8402 | steps_t:  3094 | t: 43.943630 | r:  -506.000000 | e:   0.690600 | Q:        nan | won: False 
#  761 | steps:  8410 | steps_t:  3101 | t: 44.017955 | r:  -507.000000 | e:   0.689900 | Q: -289.191040 | won: False 
#  762 | steps:  8420 | steps_t:  3110 | t: 44.111300 | r:  -509.000000 | e:   0.689000 | Q: -324.469666 | won: False 
#  763 | steps:  8428 | steps_t:  3117 | t: 44.186310 | r:  -507.000000 | e:   0.688300 | Q: -291.757477 | won: False 
#  764 | steps:  8437 | steps_t:  3125 | t: 44.309228 | r:  -508.000000 | e:   0.687500 | Q: -315.185211 | won: False 
#  765 | steps:  8446 | steps_t:  3133 | t: 44.405429 | r:  -508.000000 | e:   0.686700 | Q: -393.989716 | won: False 
#  766 | steps:  8454 | steps_t:  3140 | t: 44.479803 | r:  -507.000000 | e:   0.686000 | Q: -257.900024 | won: False 
#  767 | steps:  8460 | steps_t:  3145 | t: 44.523964 | r:  -505.000000 | e:   0.685500 | Q: -356.014069 | won: False 
#  768 | steps:  8469 | steps_t:  3153 | t: 44.600988 | r:  -508.000000 | e:   0.684700 | Q: -264.312927 | won: False 
#  769 | steps:  8478 | steps_t:  3161 | t: 44.687356 | r:  -508.000000 | e:   0.683900 | Q: -288.296753 | won: False 
#  770 | steps:  8490 | steps_t:  3172 | t: 44.798208 | r:  -511.000000 | e:   0.682800 | Q: -442.044098 | won: False 
#  771 | steps:  8508 | steps_t:  3189 | t: 44.973380 | r:  -506.000000 | e:   0.681100 | Q: -297.594086 | won: False 
#  772 | steps:  8515 | steps_t:  3195 | t: 45.030318 | r:  -506.000000 | e:   0.680500 | Q: -288.273468 | won: False 
#  773 | steps:  8523 | steps_t:  3202 | t: 45.097407 | r:  -507.000000 | e:   0.679800 | Q: -434.759369 | won: False 
#  774 | steps:  8530 | steps_t:  3208 | t: 45.165204 | r:  -506.000000 | e:   0.679200 | Q: -309.840790 | won: False 
#  775 | steps:  8561 | steps_t:  3238 | t: 45.471523 | r:  -530.000000 | e:   0.676200 | Q: -298.967560 | won: False 
#  776 | steps:  8570 | steps_t:  3246 | t: 45.553431 | r:  -508.000000 | e:   0.675400 | Q: -305.883789 | won: False 
#  777 | steps:  8586 | steps_t:  3261 | t: 45.715867 | r:  -504.000000 | e:   0.673900 | Q: -297.877319 | won: False 
#  778 | steps:  8595 | steps_t:  3269 | t: 45.784994 | r:  -508.000000 | e:   0.673100 | Q: -316.864227 | won: False 
#  779 | steps:  8610 | steps_t:  3283 | t: 45.925447 | r:  -503.000000 | e:   0.671700 | Q: -294.400452 | won: False 
#  780 | steps:  8620 | steps_t:  3292 | t: 46.011522 | r:  -509.000000 | e:   0.670800 | Q: -451.240448 | won: False 
#  781 | steps:  8627 | steps_t:  3298 | t: 46.076452 | r:  -506.000000 | e:   0.670200 | Q: -304.122345 | won: False 
#  782 | steps:  8641 | steps_t:  3311 | t: 46.215402 | r:  -502.000000 | e:   0.668900 | Q: -348.480560 | won: False 
#  783 | steps:  8658 | steps_t:  3327 | t: 46.381828 | r:  -516.000000 | e:   0.667300 | Q: -284.657043 | won: False 
#  784 | steps:  8670 | steps_t:  3338 | t: 46.500895 | r:  -511.000000 | e:   0.666200 | Q: -305.741425 | won: False 
#  785 | steps:  8682 | steps_t:  3349 | t: 46.611220 | r:  -511.000000 | e:   0.665100 | Q: -308.347931 | won: False 
#  786 | steps:  8728 | steps_t:  3394 | t: 47.321501 | r:  -545.000000 | e:   0.660600 | Q: -276.582550 | won: False 
#  787 | steps:  8739 | steps_t:  3404 | t: 47.720817 | r:  -510.000000 | e:   0.659600 | Q: -284.139893 | won: False 
#  788 | steps:  8751 | steps_t:  3415 | t: 48.157523 | r:  -511.000000 | e:   0.658500 | Q: -323.725159 | won: False 
#  789 | steps:  8759 | steps_t:  3422 | t: 48.434468 | r:  -507.000000 | e:   0.657800 | Q: -283.850403 | won: False 
#  790 | steps:  8768 | steps_t:  3430 | t: 48.737402 | r:  -508.000000 | e:   0.657000 | Q: -403.048004 | won: False 
#  791 | steps:  8777 | steps_t:  3438 | t: 49.025365 | r:  -508.000000 | e:   0.656200 | Q: -303.531616 | won: False 
#  792 | steps:  8784 | steps_t:  3444 | t: 49.074197 | r:  -506.000000 | e:   0.655600 | Q: -422.176361 | won: False 
#  793 | steps:  8794 | steps_t:  3453 | t: 49.140700 | r:  -509.000000 | e:   0.654700 | Q: -399.753693 | won: False 
#  794 | steps:  8804 | steps_t:  3462 | t: 49.216073 | r:  -509.000000 | e:   0.653800 | Q: -293.562073 | won: False 
#  795 | steps:  8815 | steps_t:  3472 | t: 49.303607 | r:  -510.000000 | e:   0.652800 | Q: -321.264252 | won: False 
#  796 | steps:  8826 | steps_t:  3482 | t: 49.388629 | r:  -510.000000 | e:   0.651800 | Q: -296.199158 | won: False 
#  797 | steps:  8840 | steps_t:  3495 | t: 49.496883 | r:  -491.000000 | e:   0.650500 | Q: -282.997070 | won: False 
