#    1 | steps:    17 | steps_t:     0 | t: 0.020166 | r:  -516.000000 | e:   1.000000 | Q:        nan | won: False 
#    2 | steps:    38 | steps_t:     0 | t: 0.026772 | r:  -520.000000 | e:   1.000000 | Q:        nan | won: False 
#    3 | steps:    56 | steps_t:     0 | t: 0.032481 | r:  -517.000000 | e:   1.000000 | Q:        nan | won: False 
#    4 | steps:    66 | steps_t:     0 | t: 0.035824 | r:  -509.000000 | e:   1.000000 | Q:        nan | won: False 
#    5 | steps:    77 | steps_t:     0 | t: 0.039640 | r:  -510.000000 | e:   1.000000 | Q:        nan | won: False 
#    6 | steps:   100 | steps_t:     0 | t: 0.046724 | r:  -522.000000 | e:   1.000000 | Q:        nan | won: False 
#    7 | steps:   107 | steps_t:     0 | t: 0.049003 | r:  -506.000000 | e:   1.000000 | Q:        nan | won: False 
#    8 | steps:   114 | steps_t:     0 | t: 0.051500 | r:  -506.000000 | e:   1.000000 | Q:        nan | won: False 
#    9 | steps:   123 | steps_t:     0 | t: 0.055404 | r:  -508.000000 | e:   1.000000 | Q:        nan | won: False 
#   10 | steps:   132 | steps_t:     0 | t: 0.058947 | r:  -508.000000 | e:   1.000000 | Q:        nan | won: False 
#   11 | steps:   141 | steps_t:     0 | t: 0.062046 | r:  -508.000000 | e:   1.000000 | Q:        nan | won: False 
#   12 | steps:   151 | steps_t:     0 | t: 0.065172 | r:  -509.000000 | e:   1.000000 | Q:        nan | won: False 
#   13 | steps:   165 | steps_t:     0 | t: 0.069515 | r:  -502.000000 | e:   1.000000 | Q:        nan | won: False 
#   14 | steps:   172 | steps_t:     0 | t: 0.071782 | r:  -506.000000 | e:   1.000000 | Q:        nan | won: False 
#   15 | steps:   183 | steps_t:     0 | t: 0.075248 | r:  -510.000000 | e:   1.000000 | Q:        nan | won: False 
#   16 | steps:   199 | steps_t:     0 | t: 0.080295 | r:  -515.000000 | e:   1.000000 | Q:        nan | won: False 
#   17 | steps:   213 | steps_t:     0 | t: 0.084992 | r:  -513.000000 | e:   1.000000 | Q:        nan | won: False 
#   18 | steps:   233 | steps_t:     0 | t: 0.091617 | r:  -508.000000 | e:   1.000000 | Q:        nan | won: False 
#   19 | steps:   246 | steps_t:     0 | t: 0.095779 | r:  -512.000000 | e:   1.000000 | Q:        nan | won: False 
#   20 | steps:   258 | steps_t:     0 | t: 0.099616 | r:  -511.000000 | e:   1.000000 | Q:        nan | won: False 
#   21 | steps:   266 | steps_t:     0 | t: 0.102207 | r:  -507.000000 | e:   1.000000 | Q:        nan | won: False 
#   22 | steps:   274 | steps_t:     0 | t: 0.104819 | r:  -507.000000 | e:   1.000000 | Q:        nan | won: False 
#   23 | steps:   282 | steps_t:     0 | t: 0.107362 | r:  -507.000000 | e:   1.000000 | Q:        nan | won: False 
#   24 | steps:   289 | steps_t:     0 | t: 0.109602 | r:  -506.000000 | e:   1.000000 | Q:        nan | won: False 
#   25 | steps:   298 | steps_t:     0 | t: 0.112515 | r:  -508.000000 | e:   1.000000 | Q:        nan | won: False 
#   26 | steps:   305 | steps_t:     0 | t: 0.114932 | r:  -506.000000 | e:   1.000000 | Q:        nan | won: False 
#   27 | steps:   320 | steps_t:     0 | t: 0.119570 | r:  -503.000000 | e:   1.000000 | Q:        nan | won: False 
#   28 | steps:   328 | steps_t:     0 | t: 0.122611 | r:  -507.000000 | e:   1.000000 | Q:        nan | won: False 
#   29 | steps:   337 | steps_t:     0 | t: 0.125529 | r:  -508.000000 | e:   1.000000 | Q:        nan | won: False 
#   30 | steps:   345 | steps_t:     0 | t: 0.128048 | r:  -507.000000 | e:   1.000000 | Q:        nan | won: False 
#   31 | steps:   357 | steps_t:     0 | t: 0.131762 | r:  -511.000000 | e:   1.000000 | Q:        nan | won: False 
#   32 | steps:   366 | steps_t:     0 | t: 0.134614 | r:  -508.000000 | e:   1.000000 | Q:        nan | won: False 
#   33 | steps:   378 | steps_t:     0 | t: 0.138516 | r:  -511.000000 | e:   1.000000 | Q:        nan | won: False 
#   34 | steps:   390 | steps_t:     0 | t: 0.142182 | r:  -511.000000 | e:   1.000000 | Q:        nan | won: False 
#   35 | steps:   400 | steps_t:     0 | t: 0.145952 | r:  -509.000000 | e:   1.000000 | Q:        nan | won: False 
#   36 | steps:   411 | steps_t:     0 | t: 0.149418 | r:  -510.000000 | e:   1.000000 | Q:        nan | won: False 
#   37 | steps:   418 | steps_t:     0 | t: 0.151671 | r:  -506.000000 | e:   1.000000 | Q:        nan | won: False 
#   38 | steps:   442 | steps_t:     0 | t: 0.159221 | r:  -523.000000 | e:   1.000000 | Q:        nan | won: False 
#   39 | steps:   454 | steps_t:     0 | t: 0.162970 | r:  -511.000000 | e:   1.000000 | Q:        nan | won: False 
#   40 | steps:   474 | steps_t:     0 | t: 0.169088 | r:  -519.000000 | e:   1.000000 | Q:        nan | won: False 
#   41 | steps:   483 | steps_t:     0 | t: 0.172071 | r:  -508.000000 | e:   1.000000 | Q:        nan | won: False 
#   42 | steps:   494 | steps_t:     0 | t: 0.176189 | r:  -510.000000 | e:   1.000000 | Q:        nan | won: False 
#   43 | steps:   502 | steps_t:     0 | t: 0.178862 | r:  -507.000000 | e:   1.000000 | Q:        nan | won: False 
#   44 | steps:   509 | steps_t:     0 | t: 0.181006 | r:  -506.000000 | e:   1.000000 | Q:        nan | won: False 
#   45 | steps:   526 | steps_t:     0 | t: 0.186531 | r:  -516.000000 | e:   1.000000 | Q:        nan | won: False 
#   46 | steps:   533 | steps_t:     0 | t: 0.188696 | r:  -506.000000 | e:   1.000000 | Q:        nan | won: False 
#   47 | steps:   540 | steps_t:     0 | t: 0.190950 | r:  -506.000000 | e:   1.000000 | Q:        nan | won: False 
#   48 | steps:   549 | steps_t:     0 | t: 0.193837 | r:  -508.000000 | e:   1.000000 | Q:        nan | won: False 
#   49 | steps:   557 | steps_t:     0 | t: 0.196240 | r:  -507.000000 | e:   1.000000 | Q:        nan | won: False 
#   50 | steps:   565 | steps_t:     0 | t: 0.198716 | r:  -507.000000 | e:   1.000000 | Q:        nan | won: False 
#   51 | steps:   577 | steps_t:     0 | t: 0.202617 | r:  -511.000000 | e:   1.000000 | Q:        nan | won: False 
#   52 | steps:   585 | steps_t:     0 | t: 0.205204 | r:  -507.000000 | e:   1.000000 | Q:        nan | won: False 
#   53 | steps:   601 | steps_t:     0 | t: 0.210632 | r:  -515.000000 | e:   1.000000 | Q:        nan | won: False 
#   54 | steps:   610 | steps_t:     0 | t: 0.213470 | r:  -508.000000 | e:   1.000000 | Q:        nan | won: False 
#   55 | steps:   619 | steps_t:     0 | t: 0.216246 | r:  -508.000000 | e:   1.000000 | Q:        nan | won: False 
#   56 | steps:   628 | steps_t:     0 | t: 0.219198 | r:  -508.000000 | e:   1.000000 | Q:        nan | won: False 
#   57 | steps:   637 | steps_t:     0 | t: 0.222160 | r:  -508.000000 | e:   1.000000 | Q:        nan | won: False 
#   58 | steps:   644 | steps_t:     0 | t: 0.224324 | r:  -506.000000 | e:   1.000000 | Q:        nan | won: False 
#   59 | steps:   651 | steps_t:     0 | t: 0.226558 | r:  -506.000000 | e:   1.000000 | Q:        nan | won: False 
#   60 | steps:   675 | steps_t:     0 | t: 0.234014 | r:  -523.000000 | e:   1.000000 | Q:        nan | won: False 
#   61 | steps:   684 | steps_t:     0 | t: 0.236949 | r:  -508.000000 | e:   1.000000 | Q:        nan | won: False 
#   62 | steps:   691 | steps_t:     0 | t: 0.239983 | r:  -506.000000 | e:   1.000000 | Q:        nan | won: False 
#   63 | steps:   698 | steps_t:     0 | t: 0.242384 | r:  -506.000000 | e:   1.000000 | Q:        nan | won: False 
#   64 | steps:   707 | steps_t:     0 | t: 0.245273 | r:  -508.000000 | e:   1.000000 | Q:        nan | won: False 
#   65 | steps:   723 | steps_t:     0 | t: 0.250141 | r:  -515.000000 | e:   1.000000 | Q:        nan | won: False 
#   66 | steps:   730 | steps_t:     0 | t: 0.252536 | r:  -506.000000 | e:   1.000000 | Q:        nan | won: False 
#   67 | steps:   739 | steps_t:     0 | t: 0.255510 | r:  -508.000000 | e:   1.000000 | Q:        nan | won: False 
#   68 | steps:   745 | steps_t:     0 | t: 0.257483 | r:  -505.000000 | e:   1.000000 | Q:        nan | won: False 
#   69 | steps:   758 | steps_t:     0 | t: 0.261602 | r:  -512.000000 | e:   1.000000 | Q:        nan | won: False 
#   70 | steps:   772 | steps_t:     0 | t: 0.265982 | r:  -513.000000 | e:   1.000000 | Q:        nan | won: False 
#   71 | steps:   782 | steps_t:     0 | t: 0.269235 | r:  -509.000000 | e:   1.000000 | Q:        nan | won: False 
#   72 | steps:   791 | steps_t:     0 | t: 0.272967 | r:  -508.000000 | e:   1.000000 | Q:        nan | won: False 
#   73 | steps:   800 | steps_t:     0 | t: 0.275773 | r:  -508.000000 | e:   1.000000 | Q:        nan | won: False 
#   74 | steps:   810 | steps_t:     0 | t: 0.278968 | r:  -509.000000 | e:   1.000000 | Q:        nan | won: False 
#   75 | steps:   822 | steps_t:     0 | t: 0.282831 | r:  -511.000000 | e:   1.000000 | Q:        nan | won: False 
#   76 | steps:   835 | steps_t:     0 | t: 0.287804 | r:  -512.000000 | e:   1.000000 | Q:        nan | won: False 
#   77 | steps:   844 | steps_t:     0 | t: 0.290662 | r:  -508.000000 | e:   1.000000 | Q:        nan | won: False 
#   78 | steps:   856 | steps_t:     0 | t: 0.294536 | r:  -511.000000 | e:   1.000000 | Q:        nan | won: False 
#   79 | steps:   872 | steps_t:     0 | t: 0.299620 | r:  -515.000000 | e:   1.000000 | Q:        nan | won: False 
#   80 | steps:   882 | steps_t:     0 | t: 0.303223 | r:  -509.000000 | e:   1.000000 | Q:        nan | won: False 
#   81 | steps:   890 | steps_t:     0 | t: 0.306265 | r:  -507.000000 | e:   1.000000 | Q:        nan | won: False 
#   82 | steps:   911 | steps_t:     0 | t: 0.313172 | r:  -520.000000 | e:   1.000000 | Q:        nan | won: False 
#   83 | steps:   925 | steps_t:     0 | t: 0.317690 | r:  -502.000000 | e:   1.000000 | Q:        nan | won: False 
#   84 | steps:   932 | steps_t:     0 | t: 0.319957 | r:  -506.000000 | e:   1.000000 | Q:        nan | won: False 
#   85 | steps:   939 | steps_t:     0 | t: 0.322253 | r:  -506.000000 | e:   1.000000 | Q:        nan | won: False 
#   86 | steps:   947 | steps_t:     0 | t: 0.324830 | r:  -507.000000 | e:   1.000000 | Q:        nan | won: False 
#   87 | steps:   958 | steps_t:     0 | t: 0.328251 | r:  -510.000000 | e:   1.000000 | Q:        nan | won: False 
#   88 | steps:   965 | steps_t:     0 | t: 0.330515 | r:  -506.000000 | e:   1.000000 | Q:        nan | won: False 
#   89 | steps:   976 | steps_t:     0 | t: 0.334399 | r:  -510.000000 | e:   1.000000 | Q:        nan | won: False 
#   90 | steps:   983 | steps_t:     0 | t: 0.336970 | r:  -506.000000 | e:   1.000000 | Q:        nan | won: False 
#   91 | steps:   991 | steps_t:     0 | t: 0.340070 | r:  -507.000000 | e:   1.000000 | Q:        nan | won: False 
#   92 | steps:  1000 | steps_t:     0 | t: 0.343080 | r:  -508.000000 | e:   1.000000 | Q:        nan | won: False 
#   93 | steps:  1009 | steps_t:     7 | t: 0.501092 | r:  -508.000000 | e:   0.999300 | Q:        nan | won: False 
#   94 | steps:  1017 | steps_t:    14 | t: 0.552646 | r:  -507.000000 | e:   0.998600 | Q:        nan | won: False 
#   95 | steps:  1025 | steps_t:    21 | t: 0.606144 | r:  -507.000000 | e:   0.997900 | Q:        nan | won: False 
#   96 | steps:  1036 | steps_t:    31 | t: 0.682703 | r:  -510.000000 | e:   0.996900 | Q:        nan | won: False 
#   97 | steps:  1053 | steps_t:    47 | t: 0.793562 | r:  -505.000000 | e:   0.995300 | Q:        nan | won: False 
#   98 | steps:  1063 | steps_t:    56 | t: 0.855983 | r:  -509.000000 | e:   0.994400 | Q:        nan | won: False 
#   99 | steps:  1079 | steps_t:    71 | t: 0.963923 | r:  -515.000000 | e:   0.992900 | Q:        nan | won: False 
#  100 | steps:  1088 | steps_t:    79 | t: 1.020353 | r:  -508.000000 | e:   0.992100 | Q:        nan | won: False 
#  101 | steps:  1096 | steps_t:    86 | t: 1.071202 | r:  -507.000000 | e:   0.991400 | Q:        nan | won: False 
#  102 | steps:  1102 | steps_t:    91 | t: 1.106548 | r:  -505.000000 | e:   0.990900 | Q:        nan | won: False 
#  103 | steps:  1111 | steps_t:    99 | t: 1.163183 | r:  -508.000000 | e:   0.990100 | Q:        nan | won: False 
#  104 | steps:  1118 | steps_t:   105 | t: 1.209020 | r:  -506.000000 | e:   0.989500 | Q:        nan | won: False 
#  105 | steps:  1126 | steps_t:   112 | t: 1.259892 | r:  -507.000000 | e:   0.988800 | Q:        nan | won: False 
#  106 | steps:  1143 | steps_t:   128 | t: 1.372017 | r:  -516.000000 | e:   0.987200 | Q:        nan | won: False 
#  107 | steps:  1151 | steps_t:   135 | t: 1.423084 | r:  -507.000000 | e:   0.986500 | Q:        nan | won: False 
#  108 | steps:  1158 | steps_t:   141 | t: 1.464128 | r:  -506.000000 | e:   0.985900 | Q:        nan | won: False 
#  109 | steps:  1177 | steps_t:   159 | t: 1.590712 | r:  -507.000000 | e:   0.984100 | Q: -288.689880 | won: False 
#  110 | steps:  1195 | steps_t:   176 | t: 1.705045 | r:  -517.000000 | e:   0.982400 | Q:        nan | won: False 
#  111 | steps:  1215 | steps_t:   195 | t: 1.841202 | r:  -519.000000 | e:   0.980500 | Q:        nan | won: False 
#  112 | steps:  1226 | steps_t:   205 | t: 1.915056 | r:  -510.000000 | e:   0.979500 | Q: -324.068756 | won: False 
#  113 | steps:  1234 | steps_t:   212 | t: 1.966477 | r:  -507.000000 | e:   0.978800 | Q:        nan | won: False 
#  114 | steps:  1241 | steps_t:   218 | t: 2.007825 | r:  -506.000000 | e:   0.978200 | Q:        nan | won: False 
#  115 | steps:  1248 | steps_t:   224 | t: 2.051989 | r:  -506.000000 | e:   0.977600 | Q:        nan | won: False 
#  116 | steps:  1288 | steps_t:   263 | t: 2.323176 | r:  -539.000000 | e:   0.973700 | Q:        nan | won: False 
#  117 | steps:  1306 | steps_t:   280 | t: 2.445566 | r:  -517.000000 | e:   0.972000 | Q: -328.956726 | won: False 
#  118 | steps:  1316 | steps_t:   289 | t: 2.510518 | r:  -509.000000 | e:   0.971100 | Q:        nan | won: False 
#  119 | steps:  1328 | steps_t:   300 | t: 2.585054 | r:  -511.000000 | e:   0.970000 | Q:        nan | won: False 
#  120 | steps:  1340 | steps_t:   311 | t: 2.660144 | r:  -511.000000 | e:   0.968900 | Q:        nan | won: False 
#  121 | steps:  1358 | steps_t:   328 | t: 2.772448 | r:  -506.000000 | e:   0.967200 | Q:        nan | won: False 
#  122 | steps:  1368 | steps_t:   337 | t: 2.835601 | r:  -509.000000 | e:   0.966300 | Q: -292.983643 | won: False 
#  123 | steps:  1383 | steps_t:   351 | t: 2.931689 | r:  -514.000000 | e:   0.964900 | Q:        nan | won: False 
#  124 | steps:  1391 | steps_t:   358 | t: 2.980791 | r:  -507.000000 | e:   0.964200 | Q:        nan | won: False 
#  125 | steps:  1414 | steps_t:   380 | t: 3.150353 | r:  -522.000000 | e:   0.962000 | Q: -327.047852 | won: False 
#  126 | steps:  1422 | steps_t:   387 | t: 3.202341 | r:  -507.000000 | e:   0.961300 | Q: -323.254028 | won: False 
#  127 | steps:  1430 | steps_t:   394 | t: 3.249219 | r:  -507.000000 | e:   0.960600 | Q:        nan | won: False 
#  128 | steps:  1438 | steps_t:   401 | t: 3.297291 | r:  -507.000000 | e:   0.959900 | Q:        nan | won: False 
#  129 | steps:  1456 | steps_t:   418 | t: 3.420004 | r:  -517.000000 | e:   0.958200 | Q: -318.495026 | won: False 
#  130 | steps:  1479 | steps_t:   440 | t: 3.579103 | r:  -522.000000 | e:   0.956000 | Q: -305.744568 | won: False 
#  131 | steps:  1492 | steps_t:   452 | t: 3.672077 | r:  -512.000000 | e:   0.954800 | Q: -300.750580 | won: False 
#  132 | steps:  1513 | steps_t:   472 | t: 3.817078 | r:  -520.000000 | e:   0.952800 | Q:        nan | won: False 
#  133 | steps:  1539 | steps_t:   497 | t: 3.993063 | r:  -525.000000 | e:   0.950300 | Q: -275.193146 | won: False 
#  134 | steps:  1544 | steps_t:   501 | t: 4.023704 | r:  -504.000000 | e:   0.949900 | Q: -272.645386 | won: False 
#  135 | steps:  1556 | steps_t:   512 | t: 4.101968 | r:  -511.000000 | e:   0.948800 | Q:        nan | won: False 
#  136 | steps:  1563 | steps_t:   518 | t: 4.146014 | r:  -506.000000 | e:   0.948200 | Q:        nan | won: False 
#  137 | steps:  1575 | steps_t:   529 | t: 4.222778 | r:  -511.000000 | e:   0.947100 | Q:        nan | won: False 
#  138 | steps:  1589 | steps_t:   542 | t: 4.324168 | r:  -502.000000 | e:   0.945800 | Q: -317.724396 | won: False 
#  139 | steps:  1600 | steps_t:   552 | t: 4.394829 | r:  -510.000000 | e:   0.944800 | Q: -300.604736 | won: False 
#  140 | steps:  1621 | steps_t:   572 | t: 4.546553 | r:  -520.000000 | e:   0.942800 | Q: -267.559540 | won: False 
#  141 | steps:  1631 | steps_t:   581 | t: 4.611729 | r:  -509.000000 | e:   0.941900 | Q: -265.141144 | won: False 
#  142 | steps:  1640 | steps_t:   589 | t: 4.667158 | r:  -508.000000 | e:   0.941100 | Q: -275.043915 | won: False 
#  143 | steps:  1651 | steps_t:   599 | t: 4.739321 | r:  -510.000000 | e:   0.940100 | Q: -291.792847 | won: False 
#  144 | steps:  1658 | steps_t:   605 | t: 4.782315 | r:  -506.000000 | e:   0.939500 | Q: -304.019501 | won: False 
#  145 | steps:  1667 | steps_t:   613 | t: 4.839093 | r:  -508.000000 | e:   0.938700 | Q: -306.673157 | won: False 
#  146 | steps:  1683 | steps_t:   628 | t: 4.945844 | r:  -515.000000 | e:   0.937200 | Q: -302.416718 | won: False 
#  147 | steps:  1691 | steps_t:   635 | t: 4.995716 | r:  -507.000000 | e:   0.936500 | Q:        nan | won: False 
#  148 | steps:  1699 | steps_t:   642 | t: 5.051104 | r:  -507.000000 | e:   0.935800 | Q:        nan | won: False 
#  149 | steps:  1711 | steps_t:   653 | t: 5.130422 | r:  -511.000000 | e:   0.934700 | Q:        nan | won: False 
#  150 | steps:  1720 | steps_t:   661 | t: 5.190066 | r:  -508.000000 | e:   0.933900 | Q: -297.986389 | won: False 
#  151 | steps:  1730 | steps_t:   670 | t: 5.252182 | r:  -509.000000 | e:   0.933000 | Q:        nan | won: False 
#  152 | steps:  1739 | steps_t:   678 | t: 5.310440 | r:  -508.000000 | e:   0.932200 | Q:        nan | won: False 
#  153 | steps:  1746 | steps_t:   684 | t: 5.357482 | r:  -506.000000 | e:   0.931600 | Q:        nan | won: False 
#  154 | steps:  1752 | steps_t:   689 | t: 5.394692 | r:  -505.000000 | e:   0.931100 | Q: -304.925018 | won: False 
#  155 | steps:  1761 | steps_t:   697 | t: 5.452311 | r:  -508.000000 | e:   0.930300 | Q:        nan | won: False 
#  156 | steps:  1780 | steps_t:   715 | t: 5.583474 | r:  -518.000000 | e:   0.928500 | Q: -295.581177 | won: False 
#  157 | steps:  1787 | steps_t:   721 | t: 5.629820 | r:  -506.000000 | e:   0.927900 | Q: -289.632477 | won: False 
#  158 | steps:  1795 | steps_t:   728 | t: 5.678427 | r:  -507.000000 | e:   0.927200 | Q:        nan | won: False 
#  159 | steps:  1803 | steps_t:   735 | t: 5.730970 | r:  -507.000000 | e:   0.926500 | Q:        nan | won: False 
#  160 | steps:  1816 | steps_t:   747 | t: 5.815675 | r:  -512.000000 | e:   0.925300 | Q: -284.018677 | won: False 
#  161 | steps:  1825 | steps_t:   755 | t: 5.870129 | r:  -508.000000 | e:   0.924500 | Q:        nan | won: False 
#  162 | steps:  1832 | steps_t:   761 | t: 5.915607 | r:  -506.000000 | e:   0.923900 | Q:        nan | won: False 
#  163 | steps:  1838 | steps_t:   766 | t: 5.952177 | r:  -505.000000 | e:   0.923400 | Q:        nan | won: False 
#  164 | steps:  1850 | steps_t:   777 | t: 6.028641 | r:  -511.000000 | e:   0.922300 | Q:        nan | won: False 
#  165 | steps:  1864 | steps_t:   790 | t: 6.122078 | r:  -513.000000 | e:   0.921000 | Q: -335.943054 | won: False 
#  166 | steps:  1886 | steps_t:   811 | t: 6.270508 | r:  -521.000000 | e:   0.918900 | Q: -324.959320 | won: False 
#  167 | steps:  1894 | steps_t:   818 | t: 6.324261 | r:  -507.000000 | e:   0.918200 | Q: -324.440887 | won: False 
#  168 | steps:  1906 | steps_t:   829 | t: 6.403631 | r:  -511.000000 | e:   0.917100 | Q: -337.378510 | won: False 
#  169 | steps:  1918 | steps_t:   840 | t: 6.485801 | r:  -511.000000 | e:   0.916000 | Q: -313.037811 | won: False 
#  170 | steps:  1930 | steps_t:   851 | t: 6.564014 | r:  -511.000000 | e:   0.914900 | Q: -299.913910 | won: False 
#  171 | steps:  1938 | steps_t:   858 | t: 6.615619 | r:  -507.000000 | e:   0.914200 | Q: -281.298065 | won: False 
#  172 | steps:  1946 | steps_t:   865 | t: 6.667422 | r:  -507.000000 | e:   0.913500 | Q: -282.589478 | won: False 
#  173 | steps:  1953 | steps_t:   871 | t: 6.710232 | r:  -506.000000 | e:   0.912900 | Q:        nan | won: False 
#  174 | steps:  1962 | steps_t:   879 | t: 6.764951 | r:  -508.000000 | e:   0.912100 | Q: -305.197144 | won: False 
#  175 | steps:  1972 | steps_t:   888 | t: 6.826248 | r:  -509.000000 | e:   0.911200 | Q:        nan | won: False 
#  176 | steps:  1981 | steps_t:   896 | t: 6.883483 | r:  -508.000000 | e:   0.910400 | Q:        nan | won: False 
#  177 | steps:  1987 | steps_t:   901 | t: 6.921096 | r:  -505.000000 | e:   0.909900 | Q:        nan | won: False 
#  178 | steps:  1997 | steps_t:   910 | t: 6.988604 | r:  -509.000000 | e:   0.909000 | Q:        nan | won: False 
#  179 | steps:  2008 | steps_t:   920 | t: 7.120720 | r:  -510.000000 | e:   0.908000 | Q:        nan | won: False 
#  180 | steps:  2015 | steps_t:   926 | t: 7.166382 | r:  -506.000000 | e:   0.907400 | Q:        nan | won: False 
#  181 | steps:  2022 | steps_t:   932 | t: 7.209553 | r:  -506.000000 | e:   0.906800 | Q:        nan | won: False 
#  182 | steps:  2029 | steps_t:   938 | t: 7.250507 | r:  -506.000000 | e:   0.906200 | Q:        nan | won: False 
#  183 | steps:  2038 | steps_t:   946 | t: 7.306138 | r:  -508.000000 | e:   0.905400 | Q: -310.150818 | won: False 
#  184 | steps:  2050 | steps_t:   957 | t: 7.382366 | r:  -511.000000 | e:   0.904300 | Q: -313.103271 | won: False 
#  185 | steps:  2066 | steps_t:   972 | t: 7.494103 | r:  -504.000000 | e:   0.902800 | Q: -309.336426 | won: False 
#  186 | steps:  2077 | steps_t:   982 | t: 7.568383 | r:  -510.000000 | e:   0.901800 | Q: -330.685547 | won: False 
#  187 | steps:  2085 | steps_t:   989 | t: 7.627676 | r:  -507.000000 | e:   0.901100 | Q: -332.096710 | won: False 
#  188 | steps:  2097 | steps_t:  1000 | t: 7.716935 | r:  -511.000000 | e:   0.900000 | Q: -320.538696 | won: False 
#  189 | steps:  2103 | steps_t:  1005 | t: 7.755766 | r:  -505.000000 | e:   0.899500 | Q:        nan | won: False 
#  190 | steps:  2111 | steps_t:  1012 | t: 7.805835 | r:  -507.000000 | e:   0.898800 | Q:        nan | won: False 
#  191 | steps:  2120 | steps_t:  1020 | t: 7.866631 | r:  -508.000000 | e:   0.898000 | Q: -287.211487 | won: False 
#  192 | steps:  2128 | steps_t:  1027 | t: 7.919026 | r:  -507.000000 | e:   0.897300 | Q: -285.019196 | won: False 
#  193 | steps:  2138 | steps_t:  1036 | t: 7.982597 | r:  -509.000000 | e:   0.896400 | Q: -291.483307 | won: False 
#  194 | steps:  2148 | steps_t:  1045 | t: 8.048198 | r:  -509.000000 | e:   0.895500 | Q: -287.230011 | won: False 
#  195 | steps:  2155 | steps_t:  1051 | t: 8.090093 | r:  -506.000000 | e:   0.894900 | Q:        nan | won: False 
#  196 | steps:  2165 | steps_t:  1060 | t: 8.159880 | r:  -509.000000 | e:   0.894000 | Q:        nan | won: False 
#  197 | steps:  2173 | steps_t:  1067 | t: 8.215676 | r:  -507.000000 | e:   0.893300 | Q: -278.523926 | won: False 
#  198 | steps:  2179 | steps_t:  1072 | t: 8.255645 | r:  -505.000000 | e:   0.892800 | Q:        nan | won: False 
#  199 | steps:  2184 | steps_t:  1076 | t: 8.287936 | r:  -504.000000 | e:   0.892400 | Q: -277.687134 | won: False 
#  200 | steps:  2209 | steps_t:  1100 | t: 8.469691 | r:  -524.000000 | e:   0.890000 | Q: -291.500153 | won: False 
#  201 | steps:  2223 | steps_t:  1113 | t: 8.568389 | r:  -513.000000 | e:   0.888700 | Q: -317.205048 | won: False 
#  202 | steps:  2232 | steps_t:  1121 | t: 8.630511 | r:  -508.000000 | e:   0.887900 | Q: -339.334320 | won: False 
#  203 | steps:  2240 | steps_t:  1128 | t: 8.684361 | r:  -507.000000 | e:   0.887200 | Q: -330.907135 | won: False 
#  204 | steps:  2250 | steps_t:  1137 | t: 8.756355 | r:  -509.000000 | e:   0.886300 | Q: -324.572601 | won: False 
#  205 | steps:  2262 | steps_t:  1148 | t: 8.840638 | r:  -511.000000 | e:   0.885200 | Q:        nan | won: False 
#  206 | steps:  2274 | steps_t:  1159 | t: 8.924433 | r:  -511.000000 | e:   0.884100 | Q:        nan | won: False 
#  207 | steps:  2282 | steps_t:  1166 | t: 8.975961 | r:  -507.000000 | e:   0.883400 | Q: -312.346832 | won: False 
#  208 | steps:  2289 | steps_t:  1172 | t: 9.026164 | r:  -506.000000 | e:   0.882800 | Q:        nan | won: False 
#  209 | steps:  2296 | steps_t:  1178 | t: 9.069798 | r:  -506.000000 | e:   0.882200 | Q:        nan | won: False 
#  210 | steps:  2306 | steps_t:  1187 | t: 9.134564 | r:  -509.000000 | e:   0.881300 | Q: -327.679169 | won: False 
#  211 | steps:  2313 | steps_t:  1193 | t: 9.180701 | r:  -506.000000 | e:   0.880700 | Q:        nan | won: False 
#  212 | steps:  2322 | steps_t:  1201 | t: 9.240907 | r:  -508.000000 | e:   0.879900 | Q: -325.859100 | won: False 
#  213 | steps:  2332 | steps_t:  1210 | t: 9.310578 | r:  -509.000000 | e:   0.879000 | Q:        nan | won: False 
#  214 | steps:  2339 | steps_t:  1216 | t: 9.355496 | r:  -506.000000 | e:   0.878400 | Q:        nan | won: False 
#  215 | steps:  2344 | steps_t:  1220 | t: 9.387184 | r:  -504.000000 | e:   0.878000 | Q:        nan | won: False 
#  216 | steps:  2353 | steps_t:  1228 | t: 9.448900 | r:  -508.000000 | e:   0.877200 | Q:        nan | won: False 
#  217 | steps:  2361 | steps_t:  1235 | t: 9.502456 | r:  -507.000000 | e:   0.876500 | Q: -308.613861 | won: False 
#  218 | steps:  2370 | steps_t:  1243 | t: 9.558871 | r:  -508.000000 | e:   0.875700 | Q:        nan | won: False 
#  219 | steps:  2381 | steps_t:  1253 | t: 9.639993 | r:  -510.000000 | e:   0.874700 | Q: -323.669373 | won: False 
#  220 | steps:  2389 | steps_t:  1260 | t: 9.692336 | r:  -507.000000 | e:   0.874000 | Q:        nan | won: False 
#  221 | steps:  2397 | steps_t:  1267 | t: 9.748193 | r:  -507.000000 | e:   0.873300 | Q: -319.682617 | won: False 
#  222 | steps:  2405 | steps_t:  1274 | t: 9.802928 | r:  -507.000000 | e:   0.872600 | Q: -316.646667 | won: False 
#  223 | steps:  2413 | steps_t:  1281 | t: 9.855785 | r:  -507.000000 | e:   0.871900 | Q: -304.736328 | won: False 
#  224 | steps:  2419 | steps_t:  1286 | t: 9.894151 | r:  -505.000000 | e:   0.871400 | Q: -324.527374 | won: False 
#  225 | steps:  2438 | steps_t:  1304 | t: 10.032180 | r:  -518.000000 | e:   0.869600 | Q: -339.075409 | won: False 
#  226 | steps:  2446 | steps_t:  1311 | t: 10.084599 | r:  -507.000000 | e:   0.868900 | Q:        nan | won: False 
#  227 | steps:  2468 | steps_t:  1332 | t: 10.248918 | r:  -521.000000 | e:   0.866800 | Q: -301.180328 | won: False 
#  228 | steps:  2475 | steps_t:  1338 | t: 10.304035 | r:  -506.000000 | e:   0.866200 | Q: -300.176666 | won: False 
#  229 | steps:  2487 | steps_t:  1349 | t: 10.391044 | r:  -511.000000 | e:   0.865100 | Q: -297.120026 | won: False 
#  230 | steps:  2503 | steps_t:  1364 | t: 10.508539 | r:  -515.000000 | e:   0.863600 | Q: -314.143066 | won: False 
#  231 | steps:  2516 | steps_t:  1376 | t: 10.604348 | r:  -512.000000 | e:   0.862400 | Q: -335.112823 | won: False 
#  232 | steps:  2524 | steps_t:  1383 | t: 10.659200 | r:  -507.000000 | e:   0.861700 | Q:        nan | won: False 
#  233 | steps:  2532 | steps_t:  1390 | t: 10.712750 | r:  -507.000000 | e:   0.861000 | Q: -348.698090 | won: False 
#  234 | steps:  2543 | steps_t:  1400 | t: 10.790868 | r:  -510.000000 | e:   0.860000 | Q:        nan | won: False 
#  235 | steps:  2555 | steps_t:  1411 | t: 10.878022 | r:  -511.000000 | e:   0.858900 | Q: -328.691650 | won: False 
#  236 | steps:  2563 | steps_t:  1418 | t: 10.935216 | r:  -507.000000 | e:   0.858200 | Q: -349.533264 | won: False 
#  237 | steps:  2572 | steps_t:  1426 | t: 10.998803 | r:  -508.000000 | e:   0.857400 | Q: -352.522400 | won: False 
#  238 | steps:  2588 | steps_t:  1441 | t: 11.107485 | r:  -515.000000 | e:   0.855900 | Q: -335.697968 | won: False 
#  239 | steps:  2595 | steps_t:  1447 | t: 11.154803 | r:  -506.000000 | e:   0.855300 | Q: -323.940552 | won: False 
#  240 | steps:  2601 | steps_t:  1452 | t: 11.191129 | r:  -505.000000 | e:   0.854800 | Q:        nan | won: False 
#  241 | steps:  2609 | steps_t:  1459 | t: 11.245388 | r:  -507.000000 | e:   0.854100 | Q: -336.259613 | won: False 
#  242 | steps:  2617 | steps_t:  1466 | t: 11.299083 | r:  -507.000000 | e:   0.853400 | Q: -336.855835 | won: False 
#  243 | steps:  2624 | steps_t:  1472 | t: 11.344372 | r:  -506.000000 | e:   0.852800 | Q:        nan | won: False 
#  244 | steps:  2665 | steps_t:  1512 | t: 11.667174 | r:  -529.000000 | e:   0.848800 | Q: -301.502655 | won: False 
#  245 | steps:  2675 | steps_t:  1521 | t: 11.742461 | r:  -509.000000 | e:   0.847900 | Q:        nan | won: False 
#  246 | steps:  2685 | steps_t:  1530 | t: 11.824317 | r:  -509.000000 | e:   0.847000 | Q: -307.797974 | won: False 
#  247 | steps:  2693 | steps_t:  1537 | t: 11.884128 | r:  -507.000000 | e:   0.846300 | Q: -311.754700 | won: False 
#  248 | steps:  2710 | steps_t:  1553 | t: 12.020755 | r:  -516.000000 | e:   0.844700 | Q: -307.366028 | won: False 
#  249 | steps:  2722 | steps_t:  1564 | t: 12.115391 | r:  -511.000000 | e:   0.843600 | Q: -305.939606 | won: False 
#  250 | steps:  2728 | steps_t:  1569 | t: 12.156941 | r:  -505.000000 | e:   0.843100 | Q:        nan | won: False 
#  251 | steps:  2738 | steps_t:  1578 | t: 12.230908 | r:  -509.000000 | e:   0.842200 | Q: -295.186035 | won: False 
#  252 | steps:  2747 | steps_t:  1586 | t: 12.297422 | r:  -508.000000 | e:   0.841400 | Q: -294.051178 | won: False 
#  253 | steps:  2753 | steps_t:  1591 | t: 12.334227 | r:  -505.000000 | e:   0.840900 | Q:        nan | won: False 
#  254 | steps:  2762 | steps_t:  1599 | t: 12.391858 | r:  -508.000000 | e:   0.840100 | Q: -330.851501 | won: False 
#  255 | steps:  2777 | steps_t:  1613 | t: 12.501871 | r:  -503.000000 | e:   0.838700 | Q: -310.166321 | won: False 
#  256 | steps:  2790 | steps_t:  1625 | t: 12.604250 | r:  -512.000000 | e:   0.837500 | Q: -323.555420 | won: False 
#  257 | steps:  2797 | steps_t:  1631 | t: 12.661642 | r:  -506.000000 | e:   0.836900 | Q: -305.910126 | won: False 
#  258 | steps:  2805 | steps_t:  1638 | t: 12.731174 | r:  -507.000000 | e:   0.836200 | Q: -325.422333 | won: False 
#  259 | steps:  2813 | steps_t:  1645 | t: 12.798222 | r:  -507.000000 | e:   0.835500 | Q: -313.403168 | won: False 
#  260 | steps:  2829 | steps_t:  1660 | t: 12.949716 | r:  -504.000000 | e:   0.834000 | Q: -300.452209 | won: False 
#  261 | steps:  2847 | steps_t:  1677 | t: 13.116949 | r:  -517.000000 | e:   0.832300 | Q: -317.046295 | won: False 
#  262 | steps:  2857 | steps_t:  1686 | t: 13.191980 | r:  -509.000000 | e:   0.831400 | Q: -318.402283 | won: False 
#  263 | steps:  2866 | steps_t:  1694 | t: 13.275170 | r:  -508.000000 | e:   0.830600 | Q: -312.140778 | won: False 
#  264 | steps:  2877 | steps_t:  1704 | t: 13.380723 | r:  -510.000000 | e:   0.829600 | Q: -292.652740 | won: False 
#  265 | steps:  2898 | steps_t:  1724 | t: 13.580343 | r:  -520.000000 | e:   0.827600 | Q: -291.585449 | won: False 
#  266 | steps:  2905 | steps_t:  1730 | t: 13.634333 | r:  -506.000000 | e:   0.827000 | Q:        nan | won: False 
#  267 | steps:  2913 | steps_t:  1737 | t: 13.704638 | r:  -507.000000 | e:   0.826300 | Q: -321.139069 | won: False 
#  268 | steps:  2931 | steps_t:  1754 | t: 13.875234 | r:  -517.000000 | e:   0.824600 | Q: -304.259186 | won: False 
#  269 | steps:  2937 | steps_t:  1759 | t: 13.930792 | r:  -505.000000 | e:   0.824100 | Q:        nan | won: False 
#  270 | steps:  2944 | steps_t:  1765 | t: 13.997424 | r:  -506.000000 | e:   0.823500 | Q: -341.194794 | won: False 
#  271 | steps:  2951 | steps_t:  1771 | t: 14.061123 | r:  -506.000000 | e:   0.822900 | Q: -353.476532 | won: False 
#  272 | steps:  2961 | steps_t:  1780 | t: 14.150385 | r:  -509.000000 | e:   0.822000 | Q: -331.512299 | won: False 
#  273 | steps:  2968 | steps_t:  1786 | t: 14.206311 | r:  -506.000000 | e:   0.821400 | Q:        nan | won: False 
#  274 | steps:  2976 | steps_t:  1793 | t: 14.272452 | r:  -507.000000 | e:   0.820700 | Q: -306.977631 | won: False 
#  275 | steps:  2987 | steps_t:  1803 | t: 14.373431 | r:  -510.000000 | e:   0.819700 | Q: -308.765472 | won: False 
#  276 | steps:  2993 | steps_t:  1808 | t: 14.422453 | r:  -505.000000 | e:   0.819200 | Q: -321.899170 | won: False 
#  277 | steps:  3003 | steps_t:  1817 | t: 14.553013 | r:  -509.000000 | e:   0.818300 | Q: -333.282410 | won: False 
#  278 | steps:  3010 | steps_t:  1823 | t: 14.611691 | r:  -506.000000 | e:   0.817700 | Q:        nan | won: False 
#  279 | steps:  3017 | steps_t:  1829 | t: 14.670463 | r:  -506.000000 | e:   0.817100 | Q:        nan | won: False 
#  280 | steps:  3042 | steps_t:  1853 | t: 14.922984 | r:  -524.000000 | e:   0.814700 | Q: -345.434021 | won: False 
#  281 | steps:  3052 | steps_t:  1862 | t: 15.018561 | r:  -509.000000 | e:   0.813800 | Q: -325.576660 | won: False 
#  282 | steps:  3060 | steps_t:  1869 | t: 15.083288 | r:  -507.000000 | e:   0.813100 | Q:        nan | won: False 
#  283 | steps:  3069 | steps_t:  1877 | t: 15.167280 | r:  -508.000000 | e:   0.812300 | Q: -335.923096 | won: False 
#  284 | steps:  3075 | steps_t:  1882 | t: 15.217371 | r:  -505.000000 | e:   0.811800 | Q:        nan | won: False 
#  285 | steps:  3083 | steps_t:  1889 | t: 15.285730 | r:  -507.000000 | e:   0.811100 | Q: -314.262604 | won: False 
#  286 | steps:  3094 | steps_t:  1899 | t: 15.388386 | r:  -510.000000 | e:   0.810100 | Q: -323.299652 | won: False 
#  287 | steps:  3109 | steps_t:  1913 | t: 15.531335 | r:  -514.000000 | e:   0.808700 | Q: -331.566895 | won: False 
#  288 | steps:  3132 | steps_t:  1935 | t: 15.760111 | r:  -522.000000 | e:   0.806500 | Q: -335.748871 | won: False 
#  289 | steps:  3141 | steps_t:  1943 | t: 15.839669 | r:  -508.000000 | e:   0.805700 | Q: -354.207428 | won: False 
#  290 | steps:  3150 | steps_t:  1951 | t: 15.929581 | r:  -508.000000 | e:   0.804900 | Q: -324.453644 | won: False 
#  291 | steps:  3176 | steps_t:  1976 | t: 16.180346 | r:  -514.000000 | e:   0.802400 | Q: -300.664093 | won: False 
#  292 | steps:  3194 | steps_t:  1993 | t: 16.364441 | r:  -517.000000 | e:   0.800700 | Q: -301.237579 | won: False 
#  293 | steps:  3200 | steps_t:  1998 | t: 16.408725 | r:  -505.000000 | e:   0.800200 | Q: -327.180969 | won: False 
#  294 | steps:  3208 | steps_t:  2005 | t: 16.478301 | r:  -507.000000 | e:   0.799500 | Q: -358.910675 | won: False 
#  295 | steps:  3218 | steps_t:  2014 | t: 16.567227 | r:  -509.000000 | e:   0.798600 | Q: -312.796997 | won: False 
#  296 | steps:  3232 | steps_t:  2027 | t: 16.695214 | r:  -502.000000 | e:   0.797300 | Q: -286.972870 | won: False 
#  297 | steps:  3245 | steps_t:  2039 | t: 16.819685 | r:  -512.000000 | e:   0.796100 | Q: -297.091736 | won: False 
#  298 | steps:  3253 | steps_t:  2046 | t: 16.880924 | r:  -507.000000 | e:   0.795400 | Q:        nan | won: False 
#  299 | steps:  3258 | steps_t:  2050 | t: 16.925301 | r:  -504.000000 | e:   0.795000 | Q:        nan | won: False 
#  300 | steps:  3271 | steps_t:  2062 | t: 17.047254 | r:  -512.000000 | e:   0.793800 | Q: -324.707855 | won: False 
#  301 | steps:  3283 | steps_t:  2073 | t: 17.162674 | r:  -511.000000 | e:   0.792700 | Q: -296.476257 | won: False 
#  302 | steps:  3292 | steps_t:  2081 | t: 17.248557 | r:  -508.000000 | e:   0.791900 | Q: -320.178131 | won: False 
#  303 | steps:  3300 | steps_t:  2088 | t: 17.328359 | r:  -507.000000 | e:   0.791200 | Q: -271.953552 | won: False 
#  304 | steps:  3311 | steps_t:  2098 | t: 17.445563 | r:  -510.000000 | e:   0.790200 | Q: -282.018250 | won: False 
#  305 | steps:  3320 | steps_t:  2106 | t: 17.525308 | r:  -508.000000 | e:   0.789400 | Q: -401.328125 | won: False 
#  306 | steps:  3339 | steps_t:  2124 | t: 17.768261 | r:  -507.000000 | e:   0.787600 | Q: -314.757050 | won: False 
#  307 | steps:  3362 | steps_t:  2146 | t: 17.990985 | r:  -522.000000 | e:   0.785400 | Q: -308.006683 | won: False 
#  308 | steps:  3370 | steps_t:  2153 | t: 18.065352 | r:  -507.000000 | e:   0.784700 | Q: -306.033295 | won: False 
#  309 | steps:  3387 | steps_t:  2169 | t: 18.234426 | r:  -505.000000 | e:   0.783100 | Q: -320.342621 | won: False 
#  310 | steps:  3400 | steps_t:  2181 | t: 18.350991 | r:  -512.000000 | e:   0.781900 | Q: -311.037262 | won: False 
#  311 | steps:  3408 | steps_t:  2188 | t: 18.421596 | r:  -507.000000 | e:   0.781200 | Q: -390.341888 | won: False 
#  312 | steps:  3418 | steps_t:  2197 | t: 18.517661 | r:  -509.000000 | e:   0.780300 | Q: -321.763458 | won: False 
#  313 | steps:  3430 | steps_t:  2208 | t: 18.623842 | r:  -511.000000 | e:   0.779200 | Q: -333.821472 | won: False 
#  314 | steps:  3451 | steps_t:  2228 | t: 18.819061 | r:  -520.000000 | e:   0.777200 | Q: -313.087067 | won: False 
#  315 | steps:  3458 | steps_t:  2234 | t: 18.877608 | r:  -506.000000 | e:   0.776600 | Q: -285.089661 | won: False 
#  316 | steps:  3468 | steps_t:  2243 | t: 18.964699 | r:  -509.000000 | e:   0.775700 | Q: -289.242828 | won: False 
#  317 | steps:  3475 | steps_t:  2249 | t: 19.029146 | r:  -506.000000 | e:   0.775100 | Q: -323.726562 | won: False 
#  318 | steps:  3484 | steps_t:  2257 | t: 19.102185 | r:  -508.000000 | e:   0.774300 | Q:        nan | won: False 
#  319 | steps:  3499 | steps_t:  2271 | t: 19.250085 | r:  -514.000000 | e:   0.772900 | Q: -308.579651 | won: False 
#  320 | steps:  3506 | steps_t:  2277 | t: 19.319541 | r:  -506.000000 | e:   0.772300 | Q:        nan | won: False 
#  321 | steps:  3516 | steps_t:  2286 | t: 19.408552 | r:  -509.000000 | e:   0.771400 | Q: -313.387787 | won: False 
#  322 | steps:  3524 | steps_t:  2293 | t: 19.487897 | r:  -507.000000 | e:   0.770700 | Q: -310.941895 | won: False 
#  323 | steps:  3531 | steps_t:  2299 | t: 19.551548 | r:  -506.000000 | e:   0.770100 | Q: -337.600586 | won: False 
#  324 | steps:  3542 | steps_t:  2309 | t: 19.643737 | r:  -510.000000 | e:   0.769100 | Q: -306.904297 | won: False 
#  325 | steps:  3548 | steps_t:  2314 | t: 19.701110 | r:  -505.000000 | e:   0.768600 | Q: -315.705414 | won: False 
#  326 | steps:  3560 | steps_t:  2325 | t: 19.822820 | r:  -511.000000 | e:   0.767500 | Q: -317.815704 | won: False 
#  327 | steps:  3569 | steps_t:  2333 | t: 20.111866 | r:  -508.000000 | e:   0.766700 | Q: -321.675323 | won: False 
#  328 | steps:  3587 | steps_t:  2350 | t: 20.695461 | r:  -506.000000 | e:   0.765000 | Q: -304.262909 | won: False 
#  329 | steps:  3594 | steps_t:  2356 | t: 20.912499 | r:  -506.000000 | e:   0.764400 | Q: -414.512909 | won: False 
#  330 | steps:  3606 | steps_t:  2367 | t: 21.306008 | r:  -511.000000 | e:   0.763300 | Q: -342.349487 | won: False 
#  331 | steps:  3615 | steps_t:  2375 | t: 21.583854 | r:  -508.000000 | e:   0.762500 | Q: -323.092468 | won: False 
#  332 | steps:  3624 | steps_t:  2383 | t: 21.839721 | r:  -508.000000 | e:   0.761700 | Q: -321.851166 | won: False 
#  333 | steps:  3634 | steps_t:  2392 | t: 21.907801 | r:  -509.000000 | e:   0.760800 | Q: -387.813354 | won: False 
#  334 | steps:  3642 | steps_t:  2399 | t: 21.961792 | r:  -507.000000 | e:   0.760100 | Q: -301.897919 | won: False 
#  335 | steps:  3654 | steps_t:  2410 | t: 22.051794 | r:  -511.000000 | e:   0.759000 | Q: -305.359467 | won: False 
#  336 | steps:  3673 | steps_t:  2428 | t: 22.196689 | r:  -507.000000 | e:   0.757200 | Q: -320.658325 | won: False 
#  337 | steps:  3680 | steps_t:  2434 | t: 22.245517 | r:  -506.000000 | e:   0.756600 | Q: -391.240265 | won: False 
#  338 | steps:  3704 | steps_t:  2457 | t: 22.441308 | r:  -523.000000 | e:   0.754300 | Q: -319.139954 | won: False 
#  339 | steps:  3714 | steps_t:  2466 | t: 22.524686 | r:  -509.000000 | e:   0.753400 | Q: -309.548798 | won: False 
#  340 | steps:  3736 | steps_t:  2487 | t: 22.721545 | r:  -521.000000 | e:   0.751300 | Q: -352.046753 | won: False 
#  341 | steps:  3747 | steps_t:  2497 | t: 22.826137 | r:  -510.000000 | e:   0.750300 | Q: -322.212463 | won: False 
#  342 | steps:  3755 | steps_t:  2504 | t: 22.888345 | r:  -507.000000 | e:   0.749600 | Q: -312.308807 | won: False 
#  343 | steps:  3772 | steps_t:  2520 | t: 23.064316 | r:  -516.000000 | e:   0.748000 | Q: -300.255615 | won: False 
#  344 | steps:  3778 | steps_t:  2525 | t: 23.109639 | r:  -505.000000 | e:   0.747500 | Q:        nan | won: False 
#  345 | steps:  3800 | steps_t:  2546 | t: 23.327412 | r:  -521.000000 | e:   0.745400 | Q: -294.824432 | won: False 
#  346 | steps:  3813 | steps_t:  2558 | t: 23.444116 | r:  -512.000000 | e:   0.744200 | Q: -307.221405 | won: False 
#  347 | steps:  3820 | steps_t:  2564 | t: 23.508507 | r:  -506.000000 | e:   0.743600 | Q: -341.353851 | won: False 
#  348 | steps:  3828 | steps_t:  2571 | t: 23.584519 | r:  -507.000000 | e:   0.742900 | Q: -314.083252 | won: False 
#  349 | steps:  3835 | steps_t:  2577 | t: 23.646408 | r:  -506.000000 | e:   0.742300 | Q: -304.832825 | won: False 
#  350 | steps:  3850 | steps_t:  2591 | t: 23.789488 | r:  -514.000000 | e:   0.740900 | Q: -289.222290 | won: False 
#  351 | steps:  3859 | steps_t:  2599 | t: 23.875863 | r:  -508.000000 | e:   0.740100 | Q: -341.168732 | won: False 
#  352 | steps:  3872 | steps_t:  2611 | t: 24.009345 | r:  -512.000000 | e:   0.738900 | Q: -330.227966 | won: False 
#  353 | steps:  3881 | steps_t:  2619 | t: 24.095896 | r:  -508.000000 | e:   0.738100 | Q: -304.975098 | won: False 
#  354 | steps:  3889 | steps_t:  2626 | t: 24.167569 | r:  -507.000000 | e:   0.737400 | Q: -290.117706 | won: False 
#  355 | steps:  3904 | steps_t:  2640 | t: 24.340232 | r:  -514.000000 | e:   0.736000 | Q: -284.388367 | won: False 
#  356 | steps:  3914 | steps_t:  2649 | t: 24.426288 | r:  -509.000000 | e:   0.735100 | Q: -386.431488 | won: False 
#  357 | steps:  3931 | steps_t:  2665 | t: 24.577988 | r:  -516.000000 | e:   0.733500 | Q: -304.996155 | won: False 
#  358 | steps:  3936 | steps_t:  2669 | t: 24.617595 | r:  -504.000000 | e:   0.733100 | Q: -291.560699 | won: False 
#  359 | steps:  3943 | steps_t:  2675 | t: 24.679245 | r:  -506.000000 | e:   0.732500 | Q: -300.051727 | won: False 
#  360 | steps:  3955 | steps_t:  2686 | t: 24.783257 | r:  -511.000000 | e:   0.731400 | Q: -314.789581 | won: False 
#  361 | steps:  3969 | steps_t:  2699 | t: 24.933562 | r:  -513.000000 | e:   0.730100 | Q: -334.421600 | won: False 
#  362 | steps:  3980 | steps_t:  2709 | t: 25.034423 | r:  -510.000000 | e:   0.729100 | Q: -311.521240 | won: False 
#  363 | steps:  3991 | steps_t:  2719 | t: 25.144991 | r:  -510.000000 | e:   0.728100 | Q: -320.824280 | won: False 
#  364 | steps:  4002 | steps_t:  2729 | t: 25.288767 | r:  -510.000000 | e:   0.727100 | Q: -417.193054 | won: False 
#  365 | steps:  4018 | steps_t:  2744 | t: 25.433410 | r:  -515.000000 | e:   0.725600 | Q: -316.216370 | won: False 
#  366 | steps:  4025 | steps_t:  2750 | t: 25.492210 | r:  -506.000000 | e:   0.725000 | Q: -306.002930 | won: False 
#  367 | steps:  4036 | steps_t:  2760 | t: 25.604009 | r:  -510.000000 | e:   0.724000 | Q: -384.340912 | won: False 
#  368 | steps:  4045 | steps_t:  2768 | t: 25.698333 | r:  -508.000000 | e:   0.723200 | Q: -368.977356 | won: False 
#  369 | steps:  4053 | steps_t:  2775 | t: 25.778632 | r:  -507.000000 | e:   0.722500 | Q: -394.101440 | won: False 
#  370 | steps:  4069 | steps_t:  2790 | t: 25.954990 | r:  -504.000000 | e:   0.721000 | Q: -286.728119 | won: False 
#  371 | steps:  4081 | steps_t:  2801 | t: 26.098551 | r:  -511.000000 | e:   0.719900 | Q: -286.930389 | won: False 
#  372 | steps:  4094 | steps_t:  2813 | t: 26.220492 | r:  -512.000000 | e:   0.718700 | Q: -283.437622 | won: False 
#  373 | steps:  4107 | steps_t:  2825 | t: 26.355607 | r:  -512.000000 | e:   0.717500 | Q: -311.057678 | won: False 
#  374 | steps:  4115 | steps_t:  2832 | t: 26.434003 | r:  -507.000000 | e:   0.716800 | Q: -382.149628 | won: False 
#  375 | steps:  4128 | steps_t:  2844 | t: 26.568821 | r:  -512.000000 | e:   0.715600 | Q: -468.104401 | won: False 
#  376 | steps:  4139 | steps_t:  2854 | t: 26.677134 | r:  -510.000000 | e:   0.714600 | Q: -312.571564 | won: False 
#  377 | steps:  4150 | steps_t:  2864 | t: 26.791444 | r:  -510.000000 | e:   0.713600 | Q: -345.936615 | won: False 
#  378 | steps:  4180 | steps_t:  2893 | t: 27.108462 | r:  -529.000000 | e:   0.710700 | Q: -295.112732 | won: False 
#  379 | steps:  4187 | steps_t:  2899 | t: 27.169261 | r:  -506.000000 | e:   0.710100 | Q:        nan | won: False 
#  380 | steps:  4200 | steps_t:  2911 | t: 27.294946 | r:  -512.000000 | e:   0.708900 | Q: -415.374603 | won: False 
#  381 | steps:  4218 | steps_t:  2928 | t: 27.485007 | r:  -517.000000 | e:   0.707200 | Q: -284.777924 | won: False 
#  382 | steps:  4230 | steps_t:  2939 | t: 27.597540 | r:  -511.000000 | e:   0.706100 | Q: -296.273926 | won: False 
#  383 | steps:  4239 | steps_t:  2947 | t: 27.682153 | r:  -508.000000 | e:   0.705300 | Q: -398.755737 | won: False 
#  384 | steps:  4247 | steps_t:  2954 | t: 27.754101 | r:  -507.000000 | e:   0.704600 | Q: -385.949371 | won: False 
#  385 | steps:  4257 | steps_t:  2963 | t: 27.852789 | r:  -509.000000 | e:   0.703700 | Q: -340.334442 | won: False 
#  386 | steps:  4266 | steps_t:  2971 | t: 27.929880 | r:  -508.000000 | e:   0.702900 | Q: -297.469696 | won: False 
#  387 | steps:  4278 | steps_t:  2982 | t: 28.060203 | r:  -511.000000 | e:   0.701800 | Q: -306.554108 | won: False 
#  388 | steps:  4289 | steps_t:  2992 | t: 28.161020 | r:  -510.000000 | e:   0.700800 | Q: -306.544159 | won: False 
#  389 | steps:  4298 | steps_t:  3000 | t: 28.237591 | r:  -508.000000 | e:   0.700000 | Q: -432.685730 | won: False 
#  390 | steps:  4307 | steps_t:  3008 | t: 28.324457 | r:  -508.000000 | e:   0.699200 | Q: -300.801270 | won: False 
#  391 | steps:  4313 | steps_t:  3013 | t: 28.387884 | r:  -505.000000 | e:   0.698700 | Q: -311.581970 | won: False 
#  392 | steps:  4327 | steps_t:  3026 | t: 28.525119 | r:  -513.000000 | e:   0.697400 | Q: -346.643341 | won: False 
#  393 | steps:  4332 | steps_t:  3030 | t: 28.563362 | r:  -504.000000 | e:   0.697000 | Q: -389.509430 | won: False 
#  394 | steps:  4343 | steps_t:  3040 | t: 28.659909 | r:  -510.000000 | e:   0.696000 | Q: -428.953613 | won: False 
#  395 | steps:  4349 | steps_t:  3045 | t: 28.708631 | r:  -505.000000 | e:   0.695500 | Q: -357.788055 | won: False 
#  396 | steps:  4359 | steps_t:  3054 | t: 28.808936 | r:  -509.000000 | e:   0.694600 | Q: -334.178467 | won: False 
#  397 | steps:  4368 | steps_t:  3062 | t: 28.893574 | r:  -508.000000 | e:   0.693800 | Q: -369.338440 | won: False 
#  398 | steps:  4394 | steps_t:  3087 | t: 29.196507 | r:  -525.000000 | e:   0.691300 | Q: -281.728302 | won: False 
#  399 | steps:  4409 | steps_t:  3101 | t: 29.330697 | r:  -503.000000 | e:   0.689900 | Q: -283.284729 | won: False 
#  400 | steps:  4414 | steps_t:  3105 | t: 29.376048 | r:  -504.000000 | e:   0.689500 | Q: -377.598724 | won: False 
#  401 | steps:  4434 | steps_t:  3124 | t: 29.588260 | r:  -508.000000 | e:   0.687600 | Q: -302.901642 | won: False 
#  402 | steps:  4448 | steps_t:  3137 | t: 29.738052 | r:  -513.000000 | e:   0.686300 | Q: -300.445068 | won: False 
#  403 | steps:  4462 | steps_t:  3150 | t: 29.884415 | r:  -513.000000 | e:   0.685000 | Q: -281.979797 | won: False 
#  404 | steps:  4476 | steps_t:  3163 | t: 30.041013 | r:  -502.000000 | e:   0.683700 | Q: -270.295685 | won: False 
#  405 | steps:  4485 | steps_t:  3171 | t: 30.129280 | r:  -508.000000 | e:   0.682900 | Q: -296.424133 | won: False 
#  406 | steps:  4495 | steps_t:  3180 | t: 30.228935 | r:  -509.000000 | e:   0.682000 | Q: -290.249573 | won: False 
#  407 | steps:  4506 | steps_t:  3190 | t: 30.358564 | r:  -510.000000 | e:   0.681000 | Q: -260.707550 | won: False 
#  408 | steps:  4516 | steps_t:  3199 | t: 30.457265 | r:  -509.000000 | e:   0.680100 | Q: -417.865387 | won: False 
#  409 | steps:  4533 | steps_t:  3215 | t: 30.621922 | r:  -516.000000 | e:   0.678500 | Q: -252.753464 | won: False 
#  410 | steps:  4546 | steps_t:  3227 | t: 30.756185 | r:  -512.000000 | e:   0.677300 | Q: -253.784988 | won: False 
#  411 | steps:  4557 | steps_t:  3237 | t: 30.873679 | r:  -510.000000 | e:   0.676300 | Q: -324.709106 | won: False 
#  412 | steps:  4567 | steps_t:  3246 | t: 30.964940 | r:  -509.000000 | e:   0.675400 | Q: -314.819885 | won: False 
#  413 | steps:  4575 | steps_t:  3253 | t: 31.035473 | r:  -507.000000 | e:   0.674700 | Q: -433.606506 | won: False 
#  414 | steps:  4585 | steps_t:  3262 | t: 31.139582 | r:  -509.000000 | e:   0.673800 | Q: -299.823761 | won: False 
#  415 | steps:  4596 | steps_t:  3272 | t: 31.267529 | r:  -510.000000 | e:   0.672800 | Q: -376.507385 | won: False 
#  416 | steps:  4607 | steps_t:  3282 | t: 31.375738 | r:  -510.000000 | e:   0.671800 | Q: -319.935577 | won: False 
#  417 | steps:  4619 | steps_t:  3293 | t: 31.479726 | r:  -511.000000 | e:   0.670700 | Q: -367.342499 | won: False 
#  418 | steps:  4627 | steps_t:  3300 | t: 31.549091 | r:  -507.000000 | e:   0.670000 | Q: -309.648010 | won: False 
#  419 | steps:  4639 | steps_t:  3311 | t: 31.690697 | r:  -511.000000 | e:   0.668900 | Q: -300.305145 | won: False 
#  420 | steps:  4649 | steps_t:  3320 | t: 31.800501 | r:  -509.000000 | e:   0.668000 | Q: -300.042206 | won: False 
#  421 | steps:  4657 | steps_t:  3327 | t: 31.875964 | r:  -507.000000 | e:   0.667300 | Q:        nan | won: False 
#  422 | steps:  4664 | steps_t:  3333 | t: 31.931563 | r:  -506.000000 | e:   0.666700 | Q: -268.765991 | won: False 
#  423 | steps:  4675 | steps_t:  3343 | t: 32.054865 | r:  -510.000000 | e:   0.665700 | Q: -271.359192 | won: False 
#  424 | steps:  4683 | steps_t:  3350 | t: 32.154375 | r:  -507.000000 | e:   0.665000 | Q: -295.605408 | won: False 
#  425 | steps:  4693 | steps_t:  3359 | t: 32.240330 | r:  -509.000000 | e:   0.664100 | Q: -310.931824 | won: False 
#  426 | steps:  4723 | steps_t:  3388 | t: 32.518014 | r:  -518.000000 | e:   0.661200 | Q: -289.153503 | won: False 
#  427 | steps:  4735 | steps_t:  3399 | t: 32.635910 | r:  -511.000000 | e:   0.660100 | Q: -313.772034 | won: False 
#  428 | steps:  4740 | steps_t:  3403 | t: 32.682857 | r:  -504.000000 | e:   0.659700 | Q: -363.928345 | won: False 
#  429 | steps:  4756 | steps_t:  3418 | t: 32.852310 | r:  -515.000000 | e:   0.658200 | Q: -277.105225 | won: False 
#  430 | steps:  4827 | steps_t:  3488 | t: 33.658386 | r:  -570.000000 | e:   0.651200 | Q: -256.606537 | won: False 
#  431 | steps:  4836 | steps_t:  3496 | t: 33.726884 | r:  -508.000000 | e:   0.650400 | Q: -445.019684 | won: False 
#  432 | steps:  4844 | steps_t:  3503 | t: 33.799420 | r:  -507.000000 | e:   0.649700 | Q: -345.424408 | won: False 
#  433 | steps:  4853 | steps_t:  3511 | t: 33.879959 | r:  -508.000000 | e:   0.648900 | Q: -295.489288 | won: False 
#  434 | steps:  4863 | steps_t:  3520 | t: 33.976202 | r:  -509.000000 | e:   0.648000 | Q: -352.452637 | won: False 
#  435 | steps:  4878 | steps_t:  3534 | t: 34.114883 | r:  -503.000000 | e:   0.646600 | Q: -301.793304 | won: False 
#  436 | steps:  4895 | steps_t:  3550 | t: 34.287729 | r:  -516.000000 | e:   0.645000 | Q: -256.291901 | won: False 
#  437 | steps:  4904 | steps_t:  3558 | t: 34.372943 | r:  -508.000000 | e:   0.644200 | Q: -269.245026 | won: False 
#  438 | steps:  4919 | steps_t:  3572 | t: 34.531281 | r:  -492.000000 | e:   0.642800 | Q: -274.243378 | won: False 
#  439 | steps:  4928 | steps_t:  3580 | t: 34.622251 | r:  -508.000000 | e:   0.642000 | Q: -283.429749 | won: False 
#  440 | steps:  4950 | steps_t:  3601 | t: 35.003577 | r:  -521.000000 | e:   0.639900 | Q: -304.578857 | won: False 
#  441 | steps:  4960 | steps_t:  3610 | t: 35.326005 | r:  -509.000000 | e:   0.639000 | Q: -360.605377 | won: False 
#  442 | steps:  4965 | steps_t:  3614 | t: 35.471046 | r:  -504.000000 | e:   0.638600 | Q:        nan | won: False 
#  443 | steps:  4971 | steps_t:  3619 | t: 35.659143 | r:  -505.000000 | e:   0.638100 | Q: -336.661102 | won: False 
#  444 | steps:  4981 | steps_t:  3628 | t: 35.983780 | r:  -509.000000 | e:   0.637200 | Q: -273.667877 | won: False 
#  445 | steps:  4992 | steps_t:  3638 | t: 36.366547 | r:  -510.000000 | e:   0.636200 | Q: -375.361115 | won: False 
#  446 | steps:  5000 | steps_t:  3645 | t: 36.618934 | r:  -507.000000 | e:   0.635500 | Q: -299.859314 | won: False 
#  447 | steps:  5008 | steps_t:  3652 | t: 36.818639 | r:  -507.000000 | e:   0.634800 | Q: -404.895386 | won: False 
#  448 | steps:  5027 | steps_t:  3670 | t: 36.968343 | r:  -518.000000 | e:   0.633000 | Q: -330.871582 | won: False 
#  449 | steps:  5037 | steps_t:  3679 | t: 37.040780 | r:  -509.000000 | e:   0.632100 | Q: -393.289246 | won: False 
#  450 | steps:  5046 | steps_t:  3687 | t: 37.109009 | r:  -508.000000 | e:   0.631300 | Q: -273.185577 | won: False 
#  451 | steps:  5055 | steps_t:  3695 | t: 37.177188 | r:  -508.000000 | e:   0.630500 | Q: -363.156555 | won: False 
#  452 | steps:  5066 | steps_t:  3705 | t: 37.276297 | r:  -510.000000 | e:   0.629500 | Q: -400.094086 | won: False 
#  453 | steps:  5077 | steps_t:  3715 | t: 37.372357 | r:  -510.000000 | e:   0.628500 | Q: -355.189575 | won: False 
#  454 | steps:  5089 | steps_t:  3726 | t: 37.479226 | r:  -511.000000 | e:   0.627400 | Q: -398.416046 | won: False 
#  455 | steps:  5100 | steps_t:  3736 | t: 37.593703 | r:  -510.000000 | e:   0.626400 | Q: -406.806946 | won: False 
#  456 | steps:  5108 | steps_t:  3743 | t: 37.662211 | r:  -507.000000 | e:   0.625700 | Q: -370.851044 | won: False 
#  457 | steps:  5138 | steps_t:  3772 | t: 37.976427 | r:  -529.000000 | e:   0.622800 | Q: -277.788635 | won: False 
#  458 | steps:  5153 | steps_t:  3786 | t: 38.124272 | r:  -503.000000 | e:   0.621400 | Q: -279.801575 | won: False 
#  459 | steps:  5161 | steps_t:  3793 | t: 38.202327 | r:  -507.000000 | e:   0.620700 | Q: -274.604584 | won: False 
#  460 | steps:  5171 | steps_t:  3802 | t: 38.299206 | r:  -509.000000 | e:   0.619800 | Q: -275.866730 | won: False 
#  461 | steps:  5178 | steps_t:  3808 | t: 38.367258 | r:  -506.000000 | e:   0.619200 | Q: -283.561493 | won: False 
#  462 | steps:  5186 | steps_t:  3815 | t: 38.440478 | r:  -507.000000 | e:   0.618500 | Q: -415.508942 | won: False 
#  463 | steps:  5192 | steps_t:  3820 | t: 38.498551 | r:  -505.000000 | e:   0.618000 | Q: -302.293304 | won: False 
#  464 | steps:  5202 | steps_t:  3829 | t: 38.598136 | r:  -509.000000 | e:   0.617100 | Q: -438.975250 | won: False 
#  465 | steps:  5209 | steps_t:  3835 | t: 38.665964 | r:  -506.000000 | e:   0.616500 | Q: -310.909393 | won: False 
#  466 | steps:  5218 | steps_t:  3843 | t: 38.753644 | r:  -508.000000 | e:   0.615700 | Q: -311.519592 | won: False 
#  467 | steps:  5230 | steps_t:  3854 | t: 38.884377 | r:  -511.000000 | e:   0.614600 | Q: -288.348633 | won: False 
#  468 | steps:  5237 | steps_t:  3860 | t: 38.944366 | r:  -506.000000 | e:   0.614000 | Q: -273.996979 | won: False 
#  469 | steps:  5251 | steps_t:  3873 | t: 39.095804 | r:  -491.000000 | e:   0.612700 | Q: -272.013275 | won: False 
#  470 | steps:  5281 | steps_t:  3902 | t: 39.444758 | r:  -529.000000 | e:   0.609800 | Q: -311.156158 | won: False 
#  471 | steps:  5303 | steps_t:  3923 | t: 39.699341 | r:  -521.000000 | e:   0.607700 | Q: -265.044922 | won: False 
#  472 | steps:  5312 | steps_t:  3931 | t: 39.784796 | r:  -508.000000 | e:   0.606900 | Q: -272.220490 | won: False 
#  473 | steps:  5318 | steps_t:  3936 | t: 39.833434 | r:  -505.000000 | e:   0.606400 | Q: -377.174866 | won: False 
#  474 | steps:  5336 | steps_t:  3953 | t: 40.002430 | r:  -517.000000 | e:   0.604700 | Q: -280.352661 | won: False 
#  475 | steps:  5357 | steps_t:  3973 | t: 40.241445 | r:  -520.000000 | e:   0.602700 | Q: -295.281586 | won: False 
#  476 | steps:  5374 | steps_t:  3989 | t: 40.419254 | r:  -516.000000 | e:   0.601100 | Q: -270.613129 | won: False 
#  477 | steps:  5399 | steps_t:  4013 | t: 40.672914 | r:  -524.000000 | e:   0.598700 | Q: -313.625061 | won: False 
#  478 | steps:  5406 | steps_t:  4019 | t: 40.760066 | r:  -506.000000 | e:   0.598100 | Q: -289.108582 | won: False 
#  479 | steps:  5419 | steps_t:  4031 | t: 40.895125 | r:  -512.000000 | e:   0.596900 | Q: -291.596832 | won: False 
#  480 | steps:  5431 | steps_t:  4042 | t: 41.023695 | r:  -511.000000 | e:   0.595800 | Q: -252.103668 | won: False 
#  481 | steps:  5440 | steps_t:  4050 | t: 41.112612 | r:  -508.000000 | e:   0.595000 | Q: -325.775543 | won: False 
#  482 | steps:  5454 | steps_t:  4063 | t: 41.262220 | r:  -513.000000 | e:   0.593700 | Q: -295.631409 | won: False 
#  483 | steps:  5465 | steps_t:  4073 | t: 41.381424 | r:  -510.000000 | e:   0.592700 | Q: -385.711029 | won: False 
#  484 | steps:  5500 | steps_t:  4107 | t: 41.783105 | r:  -523.000000 | e:   0.589300 | Q: -270.897186 | won: False 
#  485 | steps:  5507 | steps_t:  4113 | t: 41.836068 | r:  -506.000000 | e:   0.588700 | Q: -337.721069 | won: False 
#  486 | steps:  5519 | steps_t:  4124 | t: 41.944375 | r:  -511.000000 | e:   0.587600 | Q: -299.580078 | won: False 
#  487 | steps:  5557 | steps_t:  4161 | t: 42.338050 | r:  -526.000000 | e:   0.583900 | Q: -256.891357 | won: False 
#  488 | steps:  5570 | steps_t:  4173 | t: 42.473096 | r:  -512.000000 | e:   0.582700 | Q: -305.831390 | won: False 
#  489 | steps:  5581 | steps_t:  4183 | t: 42.586710 | r:  -510.000000 | e:   0.581700 | Q: -349.744904 | won: False 
#  490 | steps:  5591 | steps_t:  4192 | t: 42.689622 | r:  -509.000000 | e:   0.580800 | Q: -305.904633 | won: False 
#  491 | steps:  5614 | steps_t:  4214 | t: 42.940520 | r:  -511.000000 | e:   0.578600 | Q: -226.099197 | won: False 
#  492 | steps:  5620 | steps_t:  4219 | t: 42.995680 | r:  -505.000000 | e:   0.578100 | Q: -361.116455 | won: False 
#  493 | steps:  5637 | steps_t:  4235 | t: 43.168490 | r:  -505.000000 | e:   0.576500 | Q: -235.610580 | won: False 
#  494 | steps:  5673 | steps_t:  4270 | t: 43.580015 | r:  -524.000000 | e:   0.573000 | Q: -274.853180 | won: False 
#  495 | steps:  5688 | steps_t:  4284 | t: 43.742767 | r:  -514.000000 | e:   0.571600 | Q: -297.289612 | won: False 
#  496 | steps:  5703 | steps_t:  4298 | t: 44.191605 | r:  -514.000000 | e:   0.570200 | Q: -268.043427 | won: False 
#  497 | steps:  5710 | steps_t:  4304 | t: 44.414172 | r:  -506.000000 | e:   0.569600 | Q: -312.762512 | won: False 
#  498 | steps:  5716 | steps_t:  4309 | t: 44.610041 | r:  -505.000000 | e:   0.569100 | Q: -311.121979 | won: False 
#  499 | steps:  5723 | steps_t:  4315 | t: 44.856555 | r:  -506.000000 | e:   0.568500 | Q: -274.961975 | won: False 
#  500 | steps:  5736 | steps_t:  4327 | t: 45.431651 | r:  -512.000000 | e:   0.567300 | Q: -275.402374 | won: False 
#  501 | steps:  5748 | steps_t:  4338 | t: 45.794593 | r:  -511.000000 | e:   0.566200 | Q: -341.017792 | won: False 
#  502 | steps:  5762 | steps_t:  4351 | t: 45.903910 | r:  -513.000000 | e:   0.564900 | Q: -292.465424 | won: False 
#  503 | steps:  5783 | steps_t:  4371 | t: 46.069130 | r:  -509.000000 | e:   0.562900 | Q: -259.402435 | won: False 
#  504 | steps:  5809 | steps_t:  4396 | t: 46.312235 | r:  -525.000000 | e:   0.560400 | Q: -282.881897 | won: False 
#  505 | steps:  5824 | steps_t:  4410 | t: 46.458604 | r:  -514.000000 | e:   0.559000 | Q: -299.411377 | won: False 
#  506 | steps:  5838 | steps_t:  4423 | t: 46.584376 | r:  -513.000000 | e:   0.557700 | Q: -342.454529 | won: False 
#  507 | steps:  5855 | steps_t:  4439 | t: 46.768045 | r:  -516.000000 | e:   0.556100 | Q: -259.325623 | won: False 
#  508 | steps:  5864 | steps_t:  4447 | t: 46.854885 | r:  -508.000000 | e:   0.555300 | Q: -324.203339 | won: False 
#  509 | steps:  5873 | steps_t:  4455 | t: 46.934572 | r:  -508.000000 | e:   0.554500 | Q: -270.883820 | won: False 
#  510 | steps:  5881 | steps_t:  4462 | t: 47.022880 | r:  -507.000000 | e:   0.553800 | Q: -272.417450 | won: False 
#  511 | steps:  5890 | steps_t:  4470 | t: 47.107993 | r:  -508.000000 | e:   0.553000 | Q: -288.009064 | won: False 
#  512 | steps:  5908 | steps_t:  4487 | t: 47.294224 | r:  -517.000000 | e:   0.551300 | Q: -258.827484 | won: False 
#  513 | steps:  5915 | steps_t:  4493 | t: 47.357218 | r:  -506.000000 | e:   0.550700 | Q:        nan | won: False 
#  514 | steps:  5926 | steps_t:  4503 | t: 47.461812 | r:  -510.000000 | e:   0.549700 | Q: -277.382416 | won: False 
#  515 | steps:  5952 | steps_t:  4528 | t: 47.732525 | r:  -514.000000 | e:   0.547200 | Q: -252.646713 | won: False 
#  516 | steps:  5961 | steps_t:  4536 | t: 47.824394 | r:  -508.000000 | e:   0.546400 | Q: -296.395111 | won: False 
#  517 | steps:  5971 | steps_t:  4545 | t: 47.913724 | r:  -509.000000 | e:   0.545500 | Q: -313.047638 | won: False 
#  518 | steps:  5983 | steps_t:  4556 | t: 48.027235 | r:  -511.000000 | e:   0.544400 | Q: -359.865295 | won: False 
#  519 | steps:  5994 | steps_t:  4566 | t: 48.133510 | r:  -510.000000 | e:   0.543400 | Q: -397.566925 | won: False 
#  520 | steps:  6013 | steps_t:  4584 | t: 48.336372 | r:  -518.000000 | e:   0.541600 | Q: -287.324860 | won: False 
#  521 | steps:  6023 | steps_t:  4593 | t: 48.449514 | r:  -509.000000 | e:   0.540700 | Q: -358.234863 | won: False 
#  522 | steps:  6035 | steps_t:  4604 | t: 48.585279 | r:  -511.000000 | e:   0.539600 | Q: -305.148254 | won: False 
#  523 | steps:  6041 | steps_t:  4609 | t: 48.646731 | r:  -505.000000 | e:   0.539100 | Q: -266.095428 | won: False 
#  524 | steps:  6071 | steps_t:  4638 | t: 48.975164 | r:  -529.000000 | e:   0.536200 | Q: -264.093597 | won: False 
#  525 | steps:  6084 | steps_t:  4650 | t: 49.116647 | r:  -512.000000 | e:   0.535000 | Q: -247.301514 | won: False 
#  526 | steps:  6093 | steps_t:  4658 | t: 49.206948 | r:  -508.000000 | e:   0.534200 | Q: -354.456024 | won: False 
#  527 | steps:  6103 | steps_t:  4667 | t: 49.309426 | r:  -509.000000 | e:   0.533300 | Q: -355.573090 | won: False 
#  528 | steps:  6118 | steps_t:  4681 | t: 49.464827 | r:  -503.000000 | e:   0.531900 | Q: -249.612579 | won: False 
#  529 | steps:  6125 | steps_t:  4687 | t: 49.535290 | r:  -506.000000 | e:   0.531300 | Q: -367.159698 | won: False 
#  530 | steps:  6133 | steps_t:  4694 | t: 49.617828 | r:  -507.000000 | e:   0.530600 | Q: -381.411041 | won: False 
#  531 | steps:  6156 | steps_t:  4716 | t: 50.136325 | r:  -511.000000 | e:   0.528400 | Q: -266.250214 | won: False 
#  532 | steps:  6174 | steps_t:  4733 | t: 50.738110 | r:  -506.000000 | e:   0.526700 | Q: -274.364349 | won: False 
#  533 | steps:  6181 | steps_t:  4739 | t: 50.952605 | r:  -506.000000 | e:   0.526100 | Q: -355.933044 | won: False 
#  534 | steps:  6195 | steps_t:  4752 | t: 51.415879 | r:  -491.000000 | e:   0.524800 | Q: -273.345093 | won: False 
#  535 | steps:  6205 | steps_t:  4761 | t: 51.726968 | r:  -509.000000 | e:   0.523900 | Q: -264.338165 | won: False 
#  536 | steps:  6219 | steps_t:  4774 | t: 51.870252 | r:  -502.000000 | e:   0.522600 | Q: -260.421600 | won: False 
#  537 | steps:  6230 | steps_t:  4784 | t: 51.951629 | r:  -510.000000 | e:   0.521600 | Q: -349.685455 | won: False 
#  538 | steps:  6238 | steps_t:  4791 | t: 52.008482 | r:  -507.000000 | e:   0.520900 | Q: -276.268463 | won: False 
#  539 | steps:  6244 | steps_t:  4796 | t: 52.049210 | r:  -505.000000 | e:   0.520400 | Q: -338.228027 | won: False 
#  540 | steps:  6260 | steps_t:  4811 | t: 52.173903 | r:  -515.000000 | e:   0.518900 | Q: -277.896729 | won: False 
#  541 | steps:  6270 | steps_t:  4820 | t: 52.238853 | r:  -509.000000 | e:   0.518000 | Q: -412.321930 | won: False 
#  542 | steps:  6279 | steps_t:  4828 | t: 52.301363 | r:  -508.000000 | e:   0.517200 | Q: -391.897919 | won: False 
#  543 | steps:  6293 | steps_t:  4841 | t: 52.416275 | r:  -513.000000 | e:   0.515900 | Q: -270.785095 | won: False 
#  544 | steps:  6303 | steps_t:  4850 | t: 52.499322 | r:  -509.000000 | e:   0.515000 | Q: -384.903259 | won: False 
#  545 | steps:  6315 | steps_t:  4861 | t: 52.602612 | r:  -511.000000 | e:   0.513900 | Q: -278.590271 | won: False 
#  546 | steps:  6324 | steps_t:  4869 | t: 52.684987 | r:  -508.000000 | e:   0.513100 | Q: -240.032349 | won: False 
#  547 | steps:  6335 | steps_t:  4879 | t: 52.799499 | r:  -510.000000 | e:   0.512100 | Q: -350.814026 | won: False 
#  548 | steps:  6348 | steps_t:  4891 | t: 52.938982 | r:  -512.000000 | e:   0.510900 | Q: -280.491669 | won: False 
#  549 | steps:  6365 | steps_t:  4907 | t: 53.119573 | r:  -516.000000 | e:   0.509300 | Q: -297.016907 | won: False 
#  550 | steps:  6375 | steps_t:  4916 | t: 53.212260 | r:  -509.000000 | e:   0.508400 | Q: -267.807159 | won: False 
#  551 | steps:  6385 | steps_t:  4925 | t: 53.302006 | r:  -509.000000 | e:   0.507500 | Q: -260.186951 | won: False 
#  552 | steps:  6408 | steps_t:  4947 | t: 53.532308 | r:  -522.000000 | e:   0.505300 | Q: -276.354919 | won: False 
#  553 | steps:  6418 | steps_t:  4956 | t: 53.640974 | r:  -509.000000 | e:   0.504400 | Q: -367.970673 | won: False 
#  554 | steps:  6428 | steps_t:  4965 | t: 53.738223 | r:  -509.000000 | e:   0.503500 | Q: -342.323608 | won: False 
#  555 | steps:  6450 | steps_t:  4986 | t: 53.994748 | r:  -510.000000 | e:   0.501400 | Q: -232.921204 | won: False 
#  556 | steps:  6457 | steps_t:  4992 | t: 54.059373 | r:  -506.000000 | e:   0.500800 | Q: -266.057709 | won: False 
#  557 | steps:  6491 | steps_t:  5025 | t: 54.388456 | r:  -533.000000 | e:   0.497500 | Q: -234.835571 | won: False 
#  558 | steps:  6496 | steps_t:  5029 | t: 54.427540 | r:  -504.000000 | e:   0.497100 | Q: -332.744720 | won: False 
#  559 | steps:  6506 | steps_t:  5038 | t: 54.513278 | r:  -509.000000 | e:   0.496200 | Q: -290.916473 | won: False 
#  560 | steps:  6521 | steps_t:  5052 | t: 54.672711 | r:  -503.000000 | e:   0.494800 | Q: -271.880035 | won: False 
#  561 | steps:  6529 | steps_t:  5059 | t: 54.751841 | r:  -507.000000 | e:   0.494100 | Q: -291.432678 | won: False 
#  562 | steps:  6544 | steps_t:  5073 | t: 54.906374 | r:  -503.000000 | e:   0.492700 | Q: -300.848633 | won: False 
#  563 | steps:  6555 | steps_t:  5083 | t: 55.016664 | r:  -510.000000 | e:   0.491700 | Q: -284.821411 | won: False 
#  564 | steps:  6561 | steps_t:  5088 | t: 55.070593 | r:  -505.000000 | e:   0.491200 | Q: -273.868011 | won: False 
#  565 | steps:  6581 | steps_t:  5107 | t: 55.297531 | r:  -519.000000 | e:   0.489300 | Q: -252.287354 | won: False 
#  566 | steps:  6590 | steps_t:  5115 | t: 55.375377 | r:  -508.000000 | e:   0.488500 | Q: -305.532043 | won: False 
#  567 | steps:  6616 | steps_t:  5140 | t: 55.626181 | r:  -525.000000 | e:   0.486000 | Q: -287.842133 | won: False 
#  568 | steps:  6624 | steps_t:  5147 | t: 55.698135 | r:  -507.000000 | e:   0.485300 | Q: -280.038330 | won: False 
#  569 | steps:  6635 | steps_t:  5157 | t: 55.811594 | r:  -510.000000 | e:   0.484300 | Q: -357.865570 | won: False 
#  570 | steps:  6640 | steps_t:  5161 | t: 55.855474 | r:  -504.000000 | e:   0.483900 | Q: -370.543854 | won: False 
#  571 | steps:  6651 | steps_t:  5171 | t: 55.969059 | r:  -510.000000 | e:   0.482900 | Q: -280.094696 | won: False 
#  572 | steps:  6665 | steps_t:  5184 | t: 56.137683 | r:  -513.000000 | e:   0.481600 | Q: -267.777618 | won: False 
#  573 | steps:  6674 | steps_t:  5192 | t: 56.235278 | r:  -508.000000 | e:   0.480800 | Q: -369.482819 | won: False 
#  574 | steps:  6701 | steps_t:  5218 | t: 56.534216 | r:  -526.000000 | e:   0.478200 | Q: -273.458923 | won: False 
#  575 | steps:  6722 | steps_t:  5238 | t: 56.747315 | r:  -520.000000 | e:   0.476200 | Q: -219.574051 | won: False 
#  576 | steps:  6729 | steps_t:  5244 | t: 56.816735 | r:  -506.000000 | e:   0.475600 | Q: -248.463165 | won: False 
#  577 | steps:  6739 | steps_t:  5253 | t: 56.939032 | r:  -509.000000 | e:   0.474700 | Q: -295.738129 | won: False 
#  578 | steps:  6779 | steps_t:  5292 | t: 57.401449 | r:    72.000000 | e:   0.470800 | Q: -205.006348 | won: True 
#  579 | steps:  6790 | steps_t:  5302 | t: 57.506762 | r:  -510.000000 | e:   0.469800 | Q: -282.754944 | won: False 
#  580 | steps:  6813 | steps_t:  5324 | t: 57.762349 | r:  -511.000000 | e:   0.467600 | Q: -244.604004 | won: False 
#  581 | steps:  6823 | steps_t:  5333 | t: 57.860966 | r:  -509.000000 | e:   0.466700 | Q: -255.860092 | won: False 
#  582 | steps:  6834 | steps_t:  5343 | t: 57.973141 | r:  -510.000000 | e:   0.465700 | Q: -375.536255 | won: False 
#  583 | steps:  6861 | steps_t:  5369 | t: 58.280628 | r:  -504.000000 | e:   0.463100 | Q: -274.171570 | won: False 
#  584 | steps:  6871 | steps_t:  5378 | t: 58.398780 | r:  -509.000000 | e:   0.462200 | Q: -339.931854 | won: False 
#  585 | steps:  6892 | steps_t:  5398 | t: 58.618482 | r:  -520.000000 | e:   0.460200 | Q: -285.815704 | won: False 
#  586 | steps:  6907 | steps_t:  5412 | t: 58.783061 | r:  -492.000000 | e:   0.458800 | Q: -240.163879 | won: False 
#  587 | steps:  6916 | steps_t:  5420 | t: 58.871604 | r:  -508.000000 | e:   0.458000 | Q: -228.592667 | won: False 
#  588 | steps:  6926 | steps_t:  5429 | t: 58.973055 | r:  -509.000000 | e:   0.457100 | Q: -232.901077 | won: False 
#  589 | steps:  6936 | steps_t:  5438 | t: 59.070468 | r:  -509.000000 | e:   0.456200 | Q: -293.702484 | won: False 
#  590 | steps:  6942 | steps_t:  5443 | t: 59.123545 | r:  -505.000000 | e:   0.455700 | Q: -308.827637 | won: False 
#  591 | steps:  6960 | steps_t:  5460 | t: 59.350482 | r:  -517.000000 | e:   0.454000 | Q: -227.386337 | won: False 
#  592 | steps:  6969 | steps_t:  5468 | t: 59.453573 | r:  -508.000000 | e:   0.453200 | Q: -238.499954 | won: False 
#  593 | steps:  6983 | steps_t:  5481 | t: 59.593979 | r:  -513.000000 | e:   0.451900 | Q: -253.031097 | won: False 
#  594 | steps:  6991 | steps_t:  5488 | t: 59.666868 | r:  -507.000000 | e:   0.451200 | Q: -311.810608 | won: False 
#  595 | steps:  6999 | steps_t:  5495 | t: 59.744820 | r:  -507.000000 | e:   0.450500 | Q: -268.348114 | won: False 
#  596 | steps:  7015 | steps_t:  5510 | t: 59.953553 | r:  -515.000000 | e:   0.449000 | Q: -259.016449 | won: False 
#  597 | steps:  7034 | steps_t:  5528 | t: 60.164003 | r:  -518.000000 | e:   0.447200 | Q: -267.338287 | won: False 
#  598 | steps:  7042 | steps_t:  5535 | t: 60.257174 | r:  -507.000000 | e:   0.446500 | Q: -245.219894 | won: False 
#  599 | steps:  7052 | steps_t:  5544 | t: 60.372703 | r:  -509.000000 | e:   0.445600 | Q: -252.352386 | won: False 
#  600 | steps:  7063 | steps_t:  5554 | t: 60.485759 | r:  -510.000000 | e:   0.444600 | Q: -306.948639 | won: False 
#  601 | steps:  7073 | steps_t:  5563 | t: 60.601840 | r:  -509.000000 | e:   0.443700 | Q: -273.453278 | won: False 
#  602 | steps:  7090 | steps_t:  5579 | t: 60.788215 | r:  -505.000000 | e:   0.442100 | Q: -249.553894 | won: False 
#  603 | steps:  7103 | steps_t:  5591 | t: 60.951145 | r:  -512.000000 | e:   0.440900 | Q: -277.403534 | won: False 
#  604 | steps:  7117 | steps_t:  5604 | t: 61.118963 | r:  -513.000000 | e:   0.439600 | Q: -270.070068 | won: False 
#  605 | steps:  7127 | steps_t:  5613 | t: 61.224168 | r:  -509.000000 | e:   0.438700 | Q: -397.670441 | won: False 
#  606 | steps:  7133 | steps_t:  5618 | t: 61.285433 | r:  -505.000000 | e:   0.438200 | Q: -362.878662 | won: False 
#  607 | steps:  7156 | steps_t:  5640 | t: 61.520018 | r:  -522.000000 | e:   0.436000 | Q: -255.789093 | won: False 
#  608 | steps:  7172 | steps_t:  5655 | t: 61.685012 | r:  -515.000000 | e:   0.434500 | Q: -229.487015 | won: False 
#  609 | steps:  7185 | steps_t:  5667 | t: 61.806787 | r:  -512.000000 | e:   0.433300 | Q: -274.290863 | won: False 
#  610 | steps:  7194 | steps_t:  5675 | t: 61.899864 | r:  -508.000000 | e:   0.432500 | Q: -262.051788 | won: False 
#  611 | steps:  7208 | steps_t:  5688 | t: 62.056589 | r:  -502.000000 | e:   0.431200 | Q: -270.316711 | won: False 
#  612 | steps:  7219 | steps_t:  5698 | t: 62.146122 | r:  -510.000000 | e:   0.430200 | Q: -302.121002 | won: False 
#  613 | steps:  7233 | steps_t:  5711 | t: 62.297007 | r:  -513.000000 | e:   0.428900 | Q: -260.430878 | won: False 
#  614 | steps:  7240 | steps_t:  5717 | t: 62.386104 | r:  -506.000000 | e:   0.428300 | Q: -264.982208 | won: False 
#  615 | steps:  7255 | steps_t:  5731 | t: 62.513353 | r:  -514.000000 | e:   0.426900 | Q: -268.038971 | won: False 
#  616 | steps:  7269 | steps_t:  5744 | t: 62.663093 | r:  -513.000000 | e:   0.425600 | Q: -299.181885 | won: False 
#  617 | steps:  7280 | steps_t:  5754 | t: 62.772376 | r:  -510.000000 | e:   0.424600 | Q: -284.169006 | won: False 
#  618 | steps:  7289 | steps_t:  5762 | t: 62.862220 | r:  -508.000000 | e:   0.423800 | Q: -267.459045 | won: False 
#  619 | steps:  7299 | steps_t:  5771 | t: 62.965631 | r:  -509.000000 | e:   0.422900 | Q: -261.604675 | won: False 
#  620 | steps:  7313 | steps_t:  5784 | t: 63.119946 | r:  -513.000000 | e:   0.421600 | Q: -233.332596 | won: False 
#  621 | steps:  7324 | steps_t:  5794 | t: 63.214607 | r:  -510.000000 | e:   0.420600 | Q: -213.615784 | won: False 
#  622 | steps:  7334 | steps_t:  5803 | t: 63.310758 | r:  -509.000000 | e:   0.419700 | Q: -274.896637 | won: False 
#  623 | steps:  7348 | steps_t:  5816 | t: 63.472329 | r:  -491.000000 | e:   0.418400 | Q: -240.854889 | won: False 
#  624 | steps:  7378 | steps_t:  5845 | t: 63.801675 | r:  -518.000000 | e:   0.415500 | Q: -241.402374 | won: False 
#  625 | steps:  7388 | steps_t:  5854 | t: 63.887714 | r:  -509.000000 | e:   0.414600 | Q: -284.676880 | won: False 
#  626 | steps:  7398 | steps_t:  5863 | t: 63.995141 | r:  -509.000000 | e:   0.413700 | Q: -364.547394 | won: False 
#  627 | steps:  7421 | steps_t:  5885 | t: 64.232721 | r:  -522.000000 | e:   0.411500 | Q: -274.164978 | won: False 
#  628 | steps:  7444 | steps_t:  5907 | t: 64.463060 | r:  -522.000000 | e:   0.409300 | Q: -231.152924 | won: False 
#  629 | steps:  7457 | steps_t:  5919 | t: 64.606939 | r:  -512.000000 | e:   0.408100 | Q: -262.104980 | won: False 
#  630 | steps:  7465 | steps_t:  5926 | t: 64.681229 | r:  -507.000000 | e:   0.407400 | Q: -267.993530 | won: False 
#  631 | steps:  7472 | steps_t:  5932 | t: 64.735625 | r:  -506.000000 | e:   0.406800 | Q: -273.569641 | won: False 
#  632 | steps:  7482 | steps_t:  5941 | t: 64.841958 | r:  -509.000000 | e:   0.405900 | Q: -279.992004 | won: False 
#  633 | steps:  7508 | steps_t:  5966 | t: 65.114826 | r:  -525.000000 | e:   0.403400 | Q: -261.482910 | won: False 
#  634 | steps:  7518 | steps_t:  5975 | t: 65.219198 | r:  -509.000000 | e:   0.402500 | Q: -242.942368 | won: False 
#  635 | steps:  7529 | steps_t:  5985 | t: 65.352323 | r:  -510.000000 | e:   0.401500 | Q: -250.737076 | won: False 
#  636 | steps:  7552 | steps_t:  6007 | t: 65.655695 | r:  -511.000000 | e:   0.399300 | Q: -246.650055 | won: False 
#  637 | steps:  7557 | steps_t:  6011 | t: 65.696785 | r:  -504.000000 | e:   0.398900 | Q: -333.754700 | won: False 
#  638 | steps:  7567 | steps_t:  6020 | t: 65.802860 | r:  -509.000000 | e:   0.398000 | Q: -272.959747 | won: False 
#  639 | steps:  7596 | steps_t:  6048 | t: 66.133587 | r:  -517.000000 | e:   0.395200 | Q: -272.227478 | won: False 
#  640 | steps:  7635 | steps_t:  6086 | t: 66.522729 | r:    73.000000 | e:   0.391400 | Q: -222.079269 | won: True 
#  641 | steps:  7643 | steps_t:  6093 | t: 66.602043 | r:  -507.000000 | e:   0.390700 | Q: -243.602539 | won: False 
#  642 | steps:  7665 | steps_t:  6114 | t: 66.847044 | r:  -510.000000 | e:   0.388600 | Q: -224.311630 | won: False 
#  643 | steps:  7707 | steps_t:  6155 | t: 67.285077 | r:  -530.000000 | e:   0.384500 | Q: -221.747986 | won: False 
#  644 | steps:  7724 | steps_t:  6171 | t: 67.487650 | r:  -516.000000 | e:   0.382900 | Q: -202.598404 | won: False 
#  645 | steps:  7736 | steps_t:  6182 | t: 67.619157 | r:  -511.000000 | e:   0.381800 | Q: -230.890427 | won: False 
#  646 | steps:  7748 | steps_t:  6193 | t: 67.782860 | r:  -511.000000 | e:   0.380700 | Q: -318.862427 | won: False 
#  647 | steps:  7757 | steps_t:  6201 | t: 67.879343 | r:  -508.000000 | e:   0.379900 | Q: -231.423431 | won: False 
#  648 | steps:  7770 | steps_t:  6213 | t: 68.010548 | r:  -512.000000 | e:   0.378700 | Q: -236.690842 | won: False 
#  649 | steps:  7782 | steps_t:  6224 | t: 68.131863 | r:  -511.000000 | e:   0.377600 | Q: -299.698364 | won: False 
#  650 | steps:  7801 | steps_t:  6242 | t: 68.355023 | r:  -518.000000 | e:   0.375800 | Q: -205.464661 | won: False 
#  651 | steps:  7811 | steps_t:  6251 | t: 68.479439 | r:  -509.000000 | e:   0.374900 | Q: -282.237549 | won: False 
#  652 | steps:  7822 | steps_t:  6261 | t: 68.589761 | r:  -510.000000 | e:   0.373900 | Q: -262.822601 | won: False 
#  653 | steps:  7863 | steps_t:  6301 | t: 69.060612 | r:  -540.000000 | e:   0.369900 | Q: -248.837753 | won: False 
#  654 | steps:  7875 | steps_t:  6312 | t: 69.181914 | r:  -511.000000 | e:   0.368800 | Q: -244.570038 | won: False 
#  655 | steps:  7902 | steps_t:  6338 | t: 69.466533 | r:  -515.000000 | e:   0.366200 | Q: -221.340714 | won: False 
#  656 | steps:  7914 | steps_t:  6349 | t: 69.599801 | r:  -511.000000 | e:   0.365100 | Q: -285.740112 | won: False 
#  657 | steps:  7945 | steps_t:  6379 | t: 70.458101 | r:  -519.000000 | e:   0.362100 | Q: -217.118607 | won: False 
#  658 | steps:  7957 | steps_t:  6390 | t: 70.874918 | r:  -511.000000 | e:   0.361000 | Q: -229.136459 | won: False 
#  659 | steps:  7970 | steps_t:  6402 | t: 71.347552 | r:  -512.000000 | e:   0.359800 | Q: -210.796387 | won: False 
#  660 | steps:  7991 | steps_t:  6422 | t: 71.813372 | r:  -509.000000 | e:   0.357800 | Q: -221.158127 | won: False 
#  661 | steps:  8008 | steps_t:  6438 | t: 71.967942 | r:  -516.000000 | e:   0.356200 | Q: -247.778519 | won: False 
#  662 | steps:  8017 | steps_t:  6446 | t: 72.037494 | r:  -508.000000 | e:   0.355400 | Q: -235.755585 | won: False 
#  663 | steps:  8031 | steps_t:  6459 | t: 72.147200 | r:  -513.000000 | e:   0.354100 | Q: -241.015762 | won: False 
#  664 | steps:  8042 | steps_t:  6469 | t: 72.242746 | r:  -510.000000 | e:   0.353100 | Q: -242.525604 | won: False 
#  665 | steps:  8052 | steps_t:  6478 | t: 72.330669 | r:  -509.000000 | e:   0.352200 | Q: -234.486023 | won: False 
#  666 | steps:  8069 | steps_t:  6494 | t: 72.490421 | r:  -516.000000 | e:   0.350600 | Q: -233.433517 | won: False 
#  667 | steps:  8078 | steps_t:  6502 | t: 72.583801 | r:  -508.000000 | e:   0.349800 | Q: -230.734482 | won: False 
#  668 | steps:  8091 | steps_t:  6514 | t: 72.730129 | r:  -512.000000 | e:   0.348600 | Q: -207.691101 | won: False 
#  669 | steps:  8113 | steps_t:  6535 | t: 72.967168 | r:  -510.000000 | e:   0.346500 | Q: -220.721603 | won: False 
#  670 | steps:  8125 | steps_t:  6546 | t: 73.080169 | r:  -511.000000 | e:   0.345400 | Q: -268.124451 | won: False 
#  671 | steps:  8157 | steps_t:  6577 | t: 73.454567 | r:  -531.000000 | e:   0.342300 | Q: -195.657990 | won: False 
#  672 | steps:  8166 | steps_t:  6585 | t: 73.555084 | r:  -508.000000 | e:   0.341500 | Q: -231.945084 | won: False 
#  673 | steps:  8174 | steps_t:  6592 | t: 73.633976 | r:  -507.000000 | e:   0.340800 | Q: -385.996338 | won: False 
#  674 | steps:  8196 | steps_t:  6613 | t: 73.892690 | r:  -510.000000 | e:   0.338700 | Q: -211.572021 | won: False 
#  675 | steps:  8208 | steps_t:  6624 | t: 74.043578 | r:  -511.000000 | e:   0.337600 | Q: -227.669724 | won: False 
#  676 | steps:  8224 | steps_t:  6639 | t: 74.200149 | r:  -515.000000 | e:   0.336100 | Q: -226.210541 | won: False 
#  677 | steps:  8230 | steps_t:  6644 | t: 74.259785 | r:  -505.000000 | e:   0.335600 | Q: -302.921753 | won: False 
#  678 | steps:  8240 | steps_t:  6653 | t: 74.387221 | r:  -509.000000 | e:   0.334700 | Q: -231.430038 | won: False 
#  679 | steps:  8249 | steps_t:  6661 | t: 74.483632 | r:  -508.000000 | e:   0.333900 | Q: -221.816879 | won: False 
#  680 | steps:  8258 | steps_t:  6669 | t: 74.564841 | r:  -508.000000 | e:   0.333100 | Q: -220.503922 | won: False 
#  681 | steps:  8272 | steps_t:  6682 | t: 74.716068 | r:  -513.000000 | e:   0.331800 | Q: -216.014862 | won: False 
#  682 | steps:  8294 | steps_t:  6703 | t: 74.957329 | r:  -510.000000 | e:   0.329700 | Q: -227.350220 | won: False 
#  683 | steps:  8307 | steps_t:  6715 | t: 75.100791 | r:  -512.000000 | e:   0.328500 | Q: -245.578217 | won: False 
#  684 | steps:  8321 | steps_t:  6728 | t: 75.242381 | r:  -513.000000 | e:   0.327200 | Q: -226.963913 | won: False 
#  685 | steps:  8335 | steps_t:  6741 | t: 75.379323 | r:  -513.000000 | e:   0.325900 | Q: -258.981506 | won: False 
#  686 | steps:  8345 | steps_t:  6750 | t: 75.485114 | r:  -509.000000 | e:   0.325000 | Q: -243.227295 | won: False 
#  687 | steps:  8368 | steps_t:  6772 | t: 75.726795 | r:  -500.000000 | e:   0.322800 | Q: -192.494797 | won: False 
#  688 | steps:  8381 | steps_t:  6784 | t: 75.878776 | r:  -512.000000 | e:   0.321600 | Q: -237.152817 | won: False 
#  689 | steps:  8417 | steps_t:  6819 | t: 76.301709 | r:  -535.000000 | e:   0.318100 | Q: -217.399536 | won: False 
#  690 | steps:  8426 | steps_t:  6827 | t: 76.409106 | r:  -508.000000 | e:   0.317300 | Q: -253.212509 | won: False 
#  691 | steps:  8435 | steps_t:  6835 | t: 76.499842 | r:  -508.000000 | e:   0.316500 | Q: -340.205505 | won: False 
#  692 | steps:  8445 | steps_t:  6844 | t: 76.608299 | r:  -509.000000 | e:   0.315600 | Q: -286.472412 | won: False 
#  693 | steps:  8455 | steps_t:  6853 | t: 76.739576 | r:  -509.000000 | e:   0.314700 | Q: -265.168091 | won: False 
#  694 | steps:  8470 | steps_t:  6867 | t: 76.872997 | r:  -503.000000 | e:   0.313300 | Q: -279.130402 | won: False 
#  695 | steps:  8482 | steps_t:  6878 | t: 77.006351 | r:  -511.000000 | e:   0.312200 | Q: -285.404388 | won: False 
#  696 | steps:  8491 | steps_t:  6886 | t: 77.091338 | r:  -508.000000 | e:   0.311400 | Q: -242.009552 | won: False 
#  697 | steps:  8505 | steps_t:  6899 | t: 77.275243 | r:  -513.000000 | e:   0.310100 | Q: -267.285004 | won: False 
#  698 | steps:  8516 | steps_t:  6909 | t: 77.411108 | r:  -510.000000 | e:   0.309100 | Q: -249.458557 | won: False 
#  699 | steps:  8526 | steps_t:  6918 | t: 77.514059 | r:  -509.000000 | e:   0.308200 | Q: -234.646454 | won: False 
#  700 | steps:  8544 | steps_t:  6935 | t: 77.681538 | r:  -517.000000 | e:   0.306500 | Q: -259.159607 | won: False 
#  701 | steps:  8556 | steps_t:  6946 | t: 77.816605 | r:  -511.000000 | e:   0.305400 | Q: -228.983780 | won: False 
#  702 | steps:  8573 | steps_t:  6962 | t: 78.024211 | r:  -516.000000 | e:   0.303800 | Q: -234.347870 | won: False 
#  703 | steps:  8587 | steps_t:  6975 | t: 78.164213 | r:  -513.000000 | e:   0.302500 | Q: -243.044510 | won: False 
#  704 | steps:  8601 | steps_t:  6988 | t: 78.349205 | r:  -513.000000 | e:   0.301200 | Q: -263.727234 | won: False 
#  705 | steps:  8614 | steps_t:  7000 | t: 78.472936 | r:  -512.000000 | e:   0.300000 | Q: -274.834900 | won: False 
#  706 | steps:  8622 | steps_t:  7007 | t: 78.553298 | r:  -507.000000 | e:   0.299300 | Q: -234.053162 | won: False 
#  707 | steps:  8642 | steps_t:  7026 | t: 78.790169 | r:  -508.000000 | e:   0.297400 | Q: -234.218887 | won: False 
#  708 | steps:  8660 | steps_t:  7043 | t: 78.965101 | r:  -506.000000 | e:   0.295700 | Q: -235.129974 | won: False 
#  709 | steps:  8735 | steps_t:  7117 | t: 79.846700 | r:  -563.000000 | e:   0.288300 | Q: -213.838806 | won: False 
#  710 | steps:  8746 | steps_t:  7127 | t: 79.932686 | r:  -510.000000 | e:   0.287300 | Q: -374.687714 | won: False 
#  711 | steps:  8767 | steps_t:  7147 | t: 80.140769 | r:  -520.000000 | e:   0.285300 | Q: -238.309540 | won: False 
#  712 | steps:  8777 | steps_t:  7156 | t: 80.237681 | r:  -509.000000 | e:   0.284400 | Q: -286.843414 | won: False 
#  713 | steps:  8799 | steps_t:  7177 | t: 80.483274 | r:  -521.000000 | e:   0.282300 | Q: -246.548050 | won: False 
#  714 | steps:  8809 | steps_t:  7186 | t: 80.579304 | r:  -509.000000 | e:   0.281400 | Q: -258.179840 | won: False 
#  715 | steps:  8818 | steps_t:  7194 | t: 80.665331 | r:  -508.000000 | e:   0.280600 | Q: -242.615997 | won: False 
#  716 | steps:  8835 | steps_t:  7210 | t: 80.869712 | r:  -516.000000 | e:   0.279000 | Q: -226.600098 | won: False 
#  717 | steps:  8883 | steps_t:  7257 | t: 81.397687 | r:  -536.000000 | e:   0.274300 | Q: -190.158432 | won: False 
#  718 | steps:  8892 | steps_t:  7265 | t: 81.488733 | r:  -508.000000 | e:   0.273500 | Q: -229.506516 | won: False 
#  719 | steps:  8902 | steps_t:  7274 | t: 81.613682 | r:  -509.000000 | e:   0.272600 | Q: -250.729324 | won: False 
#  720 | steps:  8907 | steps_t:  7278 | t: 81.673637 | r:  -504.000000 | e:   0.272200 | Q: -241.281128 | won: False 
#  721 | steps:  8921 | steps_t:  7291 | t: 81.836199 | r:  -513.000000 | e:   0.270900 | Q: -221.475983 | won: False 
#  722 | steps:  8936 | steps_t:  7305 | t: 81.991581 | r:  -514.000000 | e:   0.269500 | Q: -201.954895 | won: False 
#  723 | steps:  8946 | steps_t:  7314 | t: 82.090864 | r:  -509.000000 | e:   0.268600 | Q: -250.519058 | won: False 
#  724 | steps:  8965 | steps_t:  7332 | t: 82.326990 | r:  -507.000000 | e:   0.266800 | Q: -227.986847 | won: False 
#  725 | steps:  8977 | steps_t:  7343 | t: 82.453368 | r:  -511.000000 | e:   0.265700 | Q: -242.458130 | won: False 
#  726 | steps:  8989 | steps_t:  7354 | t: 82.571256 | r:  -511.000000 | e:   0.264600 | Q: -235.129837 | won: False 
#  727 | steps:  9005 | steps_t:  7369 | t: 82.787325 | r:  -515.000000 | e:   0.263100 | Q: -204.511566 | won: False 
#  728 | steps:  9015 | steps_t:  7378 | t: 82.885890 | r:  -509.000000 | e:   0.262200 | Q: -307.624054 | won: False 
#  729 | steps:  9045 | steps_t:  7407 | t: 83.246153 | r:  -518.000000 | e:   0.259300 | Q: -215.009155 | won: False 
#  730 | steps:  9074 | steps_t:  7435 | t: 83.620682 | r:  -528.000000 | e:   0.256500 | Q: -226.182816 | won: False 
#  731 | steps:  9085 | steps_t:  7445 | t: 83.761714 | r:  -510.000000 | e:   0.255500 | Q: -233.333191 | won: False 
#  732 | steps:  9094 | steps_t:  7453 | t: 84.138726 | r:  -508.000000 | e:   0.254700 | Q: -254.049438 | won: False 
#  733 | steps:  9103 | steps_t:  7461 | t: 84.512556 | r:  -508.000000 | e:   0.253900 | Q: -238.602890 | won: False 
#  734 | steps:  9118 | steps_t:  7475 | t: 85.061992 | r:  -514.000000 | e:   0.252500 | Q: -200.288223 | won: False 
#  735 | steps:  9134 | steps_t:  7490 | t: 85.638790 | r:  -515.000000 | e:   0.251000 | Q: -187.894516 | won: False 
#  736 | steps:  9143 | steps_t:  7498 | t: 85.759887 | r:  -508.000000 | e:   0.250200 | Q: -231.146011 | won: False 
#  737 | steps:  9152 | steps_t:  7506 | t: 85.825429 | r:  -508.000000 | e:   0.249400 | Q: -241.784729 | won: False 
#  738 | steps:  9162 | steps_t:  7515 | t: 85.904952 | r:  -509.000000 | e:   0.248500 | Q: -253.315491 | won: False 
#  739 | steps:  9179 | steps_t:  7531 | t: 86.045567 | r:  -516.000000 | e:   0.246900 | Q: -190.649017 | won: False 
#  740 | steps:  9187 | steps_t:  7538 | t: 86.110484 | r:  -507.000000 | e:   0.246200 | Q: -232.691483 | won: False 
#  741 | steps:  9203 | steps_t:  7553 | t: 86.266819 | r:  -515.000000 | e:   0.244700 | Q: -197.626251 | won: False 
#  742 | steps:  9216 | steps_t:  7565 | t: 86.403121 | r:  -512.000000 | e:   0.243500 | Q: -242.329147 | won: False 
#  743 | steps:  9230 | steps_t:  7578 | t: 86.555264 | r:  -513.000000 | e:   0.242200 | Q: -252.597656 | won: False 
#  744 | steps:  9242 | steps_t:  7589 | t: 86.672998 | r:  -511.000000 | e:   0.241100 | Q: -253.154572 | won: False 
#  745 | steps:  9252 | steps_t:  7598 | t: 86.777125 | r:  -509.000000 | e:   0.240200 | Q: -239.956161 | won: False 
#  746 | steps:  9264 | steps_t:  7609 | t: 86.903731 | r:  -511.000000 | e:   0.239100 | Q: -228.559662 | won: False 
#  747 | steps:  9277 | steps_t:  7621 | t: 87.068298 | r:  -512.000000 | e:   0.237900 | Q: -235.498154 | won: False 
#  748 | steps:  9297 | steps_t:  7640 | t: 87.285847 | r:  -508.000000 | e:   0.236000 | Q: -203.435211 | won: False 
#  749 | steps:  9308 | steps_t:  7650 | t: 87.394273 | r:  -510.000000 | e:   0.235000 | Q: -263.711273 | won: False 
#  750 | steps:  9328 | steps_t:  7669 | t: 87.616711 | r:  -519.000000 | e:   0.233100 | Q: -179.434479 | won: False 
#  751 | steps:  9336 | steps_t:  7676 | t: 87.691927 | r:  -507.000000 | e:   0.232400 | Q: -212.042969 | won: False 
#  752 | steps:  9350 | steps_t:  7689 | t: 87.845305 | r:  -513.000000 | e:   0.231100 | Q: -233.290558 | won: False 
#  753 | steps:  9359 | steps_t:  7697 | t: 87.946352 | r:  -508.000000 | e:   0.230300 | Q: -224.664597 | won: False 
#  754 | steps:  9386 | steps_t:  7723 | t: 88.251920 | r:  -526.000000 | e:   0.227700 | Q: -201.424652 | won: False 
#  755 | steps:  9396 | steps_t:  7732 | t: 88.349353 | r:  -509.000000 | e:   0.226800 | Q: -253.675537 | won: False 
#  756 | steps:  9404 | steps_t:  7739 | t: 88.425798 | r:  -507.000000 | e:   0.226100 | Q: -216.221832 | won: False 
#  757 | steps:  9411 | steps_t:  7745 | t: 88.505170 | r:  -506.000000 | e:   0.225500 | Q: -200.072845 | won: False 
#  758 | steps:  9421 | steps_t:  7754 | t: 88.626055 | r:  -509.000000 | e:   0.224600 | Q: -219.287598 | won: False 
#  759 | steps:  9433 | steps_t:  7765 | t: 88.767311 | r:  -511.000000 | e:   0.223500 | Q: -264.022339 | won: False 
#  760 | steps:  9442 | steps_t:  7773 | t: 88.857284 | r:  -508.000000 | e:   0.222700 | Q: -203.019516 | won: False 
#  761 | steps:  9460 | steps_t:  7790 | t: 89.055233 | r:  -495.000000 | e:   0.221000 | Q: -178.188538 | won: False 
#  762 | steps:  9480 | steps_t:  7809 | t: 89.277549 | r:  -508.000000 | e:   0.219100 | Q: -200.918045 | won: False 
#  763 | steps:  9496 | steps_t:  7824 | t: 89.442513 | r:  -515.000000 | e:   0.217600 | Q: -219.334915 | won: False 
#  764 | steps:  9518 | steps_t:  7845 | t: 89.714830 | r:  -521.000000 | e:   0.215500 | Q: -193.817322 | won: False 
#  765 | steps:  9536 | steps_t:  7862 | t: 89.898290 | r:  -506.000000 | e:   0.213800 | Q: -201.082016 | won: False 
#  766 | steps:  9548 | steps_t:  7873 | t: 90.009987 | r:  -511.000000 | e:   0.212700 | Q: -247.219467 | won: False 
#  767 | steps:  9561 | steps_t:  7885 | t: 90.157654 | r:  -512.000000 | e:   0.211500 | Q: -235.795425 | won: False 
#  768 | steps:  9579 | steps_t:  7902 | t: 90.420550 | r:  -517.000000 | e:   0.209800 | Q: -234.850464 | won: False 
#  769 | steps:  9624 | steps_t:  7946 | t: 90.977982 | r:  -533.000000 | e:   0.205400 | Q: -206.190002 | won: False 
#  770 | steps:  9634 | steps_t:  7955 | t: 91.065917 | r:  -509.000000 | e:   0.204500 | Q: -230.896866 | won: False 
