#    1 | steps:     6 | steps_t:     0 | t: 0.021114 | r:  -505.000000 | e:   1.000000 | Q:        nan | won: False 
#    2 | steps:    19 | steps_t:     0 | t: 0.025653 | r:  -512.000000 | e:   1.000000 | Q:        nan | won: False 
#    3 | steps:    28 | steps_t:     0 | t: 0.028566 | r:  -508.000000 | e:   1.000000 | Q:        nan | won: False 
#    4 | steps:    39 | steps_t:     0 | t: 0.032405 | r:  -510.000000 | e:   1.000000 | Q:        nan | won: False 
#    5 | steps:    48 | steps_t:     0 | t: 0.035853 | r:  -508.000000 | e:   1.000000 | Q:        nan | won: False 
#    6 | steps:    56 | steps_t:     0 | t: 0.038468 | r:  -507.000000 | e:   1.000000 | Q:        nan | won: False 
#    7 | steps:    65 | steps_t:     0 | t: 0.041310 | r:  -508.000000 | e:   1.000000 | Q:        nan | won: False 
#    8 | steps:    74 | steps_t:     0 | t: 0.044137 | r:  -508.000000 | e:   1.000000 | Q:        nan | won: False 
#    9 | steps:    83 | steps_t:     0 | t: 0.047293 | r:  -508.000000 | e:   1.000000 | Q:        nan | won: False 
#   10 | steps:    89 | steps_t:     0 | t: 0.049696 | r:  -505.000000 | e:   1.000000 | Q:        nan | won: False 
#   11 | steps:    98 | steps_t:     0 | t: 0.053033 | r:  -508.000000 | e:   1.000000 | Q:        nan | won: False 
#   12 | steps:   105 | steps_t:     3 | t: 0.215491 | r:  -506.000000 | e:   0.999700 | Q:        nan | won: False 
#   13 | steps:   113 | steps_t:    10 | t: 0.273789 | r:  -507.000000 | e:   0.999000 | Q:        nan | won: False 
#   14 | steps:   120 | steps_t:    16 | t: 0.320443 | r:  -506.000000 | e:   0.998400 | Q:        nan | won: False 
#   15 | steps:   129 | steps_t:    24 | t: 0.377367 | r:  -508.000000 | e:   0.997600 | Q:        nan | won: False 
#   16 | steps:   144 | steps_t:    38 | t: 0.474192 | r:  -514.000000 | e:   0.996200 | Q:        nan | won: False 
#   17 | steps:   153 | steps_t:    46 | t: 0.529938 | r:  -508.000000 | e:   0.995400 | Q:        nan | won: False 
#   18 | steps:   173 | steps_t:    65 | t: 0.665320 | r:  -519.000000 | e:   0.993500 | Q:        nan | won: False 
#   19 | steps:   187 | steps_t:    78 | t: 0.767724 | r:  -502.000000 | e:   0.992200 | Q:        nan | won: False 
#   20 | steps:   202 | steps_t:    92 | t: 0.862619 | r:  -514.000000 | e:   0.990800 | Q:        nan | won: False 
#   21 | steps:   217 | steps_t:   106 | t: 0.957287 | r:  -514.000000 | e:   0.989400 | Q:        nan | won: False 
#   22 | steps:   223 | steps_t:   111 | t: 0.991934 | r:  -505.000000 | e:   0.988900 | Q:        nan | won: False 
#   23 | steps:   228 | steps_t:   115 | t: 1.019773 | r:  -504.000000 | e:   0.988500 | Q:        nan | won: False 
#   24 | steps:   239 | steps_t:   125 | t: 1.088249 | r:  -510.000000 | e:   0.987500 | Q:        nan | won: False 
#   25 | steps:   251 | steps_t:   136 | t: 1.163938 | r:  -511.000000 | e:   0.986400 | Q:        nan | won: False 
#   26 | steps:   262 | steps_t:   146 | t: 1.234452 | r:  -510.000000 | e:   0.985400 | Q:        nan | won: False 
#   27 | steps:   269 | steps_t:   152 | t: 1.275578 | r:  -506.000000 | e:   0.984800 | Q:        nan | won: False 
#   28 | steps:   278 | steps_t:   160 | t: 1.332052 | r:  -508.000000 | e:   0.984000 | Q:        nan | won: False 
#   29 | steps:   288 | steps_t:   169 | t: 1.396898 | r:  -509.000000 | e:   0.983100 | Q:        nan | won: False 
#   30 | steps:   297 | steps_t:   177 | t: 1.451115 | r:  -508.000000 | e:   0.982300 | Q:        nan | won: False 
#   31 | steps:   319 | steps_t:   198 | t: 1.595197 | r:  -521.000000 | e:   0.980200 | Q:        nan | won: False 
#   32 | steps:   336 | steps_t:   214 | t: 1.707778 | r:  -516.000000 | e:   0.978600 | Q:        nan | won: False 
#   33 | steps:   345 | steps_t:   222 | t: 1.772383 | r:  -508.000000 | e:   0.977800 | Q: -237.255219 | won: False 
#   34 | steps:   354 | steps_t:   230 | t: 1.828687 | r:  -508.000000 | e:   0.977000 | Q:        nan | won: False 
#   35 | steps:   361 | steps_t:   236 | t: 1.870397 | r:  -506.000000 | e:   0.976400 | Q:        nan | won: False 
#   36 | steps:   376 | steps_t:   250 | t: 1.966292 | r:  -514.000000 | e:   0.975000 | Q:        nan | won: False 
#   37 | steps:   383 | steps_t:   256 | t: 2.009486 | r:  -506.000000 | e:   0.974400 | Q:        nan | won: False 
#   38 | steps:   391 | steps_t:   263 | t: 2.055166 | r:  -507.000000 | e:   0.973700 | Q:        nan | won: False 
#   39 | steps:   401 | steps_t:   272 | t: 2.117867 | r:  -509.000000 | e:   0.972800 | Q:        nan | won: False 
#   40 | steps:   413 | steps_t:   283 | t: 2.196160 | r:  -511.000000 | e:   0.971700 | Q: -284.150879 | won: False 
#   41 | steps:   423 | steps_t:   292 | t: 2.261129 | r:  -509.000000 | e:   0.970800 | Q:        nan | won: False 
#   42 | steps:   448 | steps_t:   316 | t: 2.435392 | r:  -524.000000 | e:   0.968400 | Q:        nan | won: False 
#   43 | steps:   454 | steps_t:   321 | t: 2.471711 | r:  -505.000000 | e:   0.967900 | Q: -287.862640 | won: False 
#   44 | steps:   463 | steps_t:   329 | t: 2.525849 | r:  -508.000000 | e:   0.967100 | Q:        nan | won: False 
#   45 | steps:   472 | steps_t:   337 | t: 2.582869 | r:  -508.000000 | e:   0.966300 | Q: -282.160156 | won: False 
#   46 | steps:   479 | steps_t:   343 | t: 2.625274 | r:  -506.000000 | e:   0.965700 | Q:        nan | won: False 
#   47 | steps:   490 | steps_t:   353 | t: 2.690304 | r:  -510.000000 | e:   0.964700 | Q:        nan | won: False 
#   48 | steps:   497 | steps_t:   359 | t: 2.736892 | r:  -506.000000 | e:   0.964100 | Q:        nan | won: False 
#   49 | steps:   503 | steps_t:   364 | t: 2.773026 | r:  -505.000000 | e:   0.963600 | Q: -333.512634 | won: False 
#   50 | steps:   511 | steps_t:   371 | t: 2.823373 | r:  -507.000000 | e:   0.962900 | Q: -338.288086 | won: False 
#   51 | steps:   518 | steps_t:   377 | t: 2.866228 | r:  -506.000000 | e:   0.962300 | Q:        nan | won: False 
#   52 | steps:   526 | steps_t:   384 | t: 2.917751 | r:  -507.000000 | e:   0.961600 | Q: -325.957092 | won: False 
#   53 | steps:   538 | steps_t:   395 | t: 2.993679 | r:  -511.000000 | e:   0.960500 | Q:        nan | won: False 
#   54 | steps:   551 | steps_t:   407 | t: 3.077274 | r:  -512.000000 | e:   0.959300 | Q:        nan | won: False 
#   55 | steps:   558 | steps_t:   413 | t: 3.118834 | r:  -506.000000 | e:   0.958700 | Q:        nan | won: False 
#   56 | steps:   564 | steps_t:   418 | t: 3.154717 | r:  -505.000000 | e:   0.958200 | Q:        nan | won: False 
#   57 | steps:   573 | steps_t:   426 | t: 3.210031 | r:  -508.000000 | e:   0.957400 | Q:        nan | won: False 
#   58 | steps:   581 | steps_t:   433 | t: 3.259822 | r:  -507.000000 | e:   0.956700 | Q:        nan | won: False 
#   59 | steps:   592 | steps_t:   443 | t: 3.327051 | r:  -510.000000 | e:   0.955700 | Q:        nan | won: False 
#   60 | steps:   600 | steps_t:   450 | t: 3.376157 | r:  -507.000000 | e:   0.955000 | Q:        nan | won: False 
#   61 | steps:   607 | steps_t:   456 | t: 3.419762 | r:  -506.000000 | e:   0.954400 | Q: -319.325775 | won: False 
#   62 | steps:   614 | steps_t:   462 | t: 3.462010 | r:  -506.000000 | e:   0.953800 | Q:        nan | won: False 
#   63 | steps:   622 | steps_t:   469 | t: 3.510334 | r:  -507.000000 | e:   0.953100 | Q:        nan | won: False 
#   64 | steps:   636 | steps_t:   482 | t: 3.602587 | r:  -513.000000 | e:   0.951800 | Q:        nan | won: False 
#   65 | steps:   643 | steps_t:   488 | t: 3.645889 | r:  -506.000000 | e:   0.951200 | Q: -308.789948 | won: False 
#   66 | steps:   653 | steps_t:   497 | t: 3.707609 | r:  -509.000000 | e:   0.950300 | Q:        nan | won: False 
#   67 | steps:   659 | steps_t:   502 | t: 3.745918 | r:  -505.000000 | e:   0.949800 | Q:        nan | won: False 
#   68 | steps:   669 | steps_t:   511 | t: 3.810561 | r:  -509.000000 | e:   0.948900 | Q:        nan | won: False 
#   69 | steps:   676 | steps_t:   517 | t: 3.851422 | r:  -506.000000 | e:   0.948300 | Q:        nan | won: False 
#   70 | steps:   685 | steps_t:   525 | t: 3.911335 | r:  -508.000000 | e:   0.947500 | Q: -341.681458 | won: False 
#   71 | steps:   693 | steps_t:   532 | t: 3.958629 | r:  -507.000000 | e:   0.946800 | Q:        nan | won: False 
#   72 | steps:   702 | steps_t:   540 | t: 4.010994 | r:  -508.000000 | e:   0.946000 | Q:        nan | won: False 
#   73 | steps:   708 | steps_t:   545 | t: 4.045046 | r:  -505.000000 | e:   0.945500 | Q:        nan | won: False 
#   74 | steps:   719 | steps_t:   555 | t: 4.110724 | r:  -510.000000 | e:   0.944500 | Q:        nan | won: False 
#   75 | steps:   728 | steps_t:   563 | t: 4.163697 | r:  -508.000000 | e:   0.943700 | Q:        nan | won: False 
#   76 | steps:   735 | steps_t:   569 | t: 4.206726 | r:  -506.000000 | e:   0.943100 | Q:        nan | won: False 
#   77 | steps:   742 | steps_t:   575 | t: 4.249471 | r:  -506.000000 | e:   0.942500 | Q:        nan | won: False 
#   78 | steps:   753 | steps_t:   585 | t: 4.314925 | r:  -510.000000 | e:   0.941500 | Q:        nan | won: False 
#   79 | steps:   765 | steps_t:   596 | t: 4.393129 | r:  -511.000000 | e:   0.940400 | Q:        nan | won: False 
#   80 | steps:   775 | steps_t:   605 | t: 4.456557 | r:  -509.000000 | e:   0.939500 | Q: -313.283661 | won: False 
#   81 | steps:   786 | steps_t:   615 | t: 4.526938 | r:  -510.000000 | e:   0.938500 | Q: -305.401886 | won: False 
#   82 | steps:   793 | steps_t:   621 | t: 4.572804 | r:  -506.000000 | e:   0.937900 | Q:        nan | won: False 
#   83 | steps:   803 | steps_t:   630 | t: 4.635532 | r:  -509.000000 | e:   0.937000 | Q:        nan | won: False 
#   84 | steps:   812 | steps_t:   638 | t: 4.694074 | r:  -508.000000 | e:   0.936200 | Q: -323.831085 | won: False 
#   85 | steps:   820 | steps_t:   645 | t: 4.741606 | r:  -507.000000 | e:   0.935500 | Q:        nan | won: False 
#   86 | steps:   829 | steps_t:   653 | t: 4.800547 | r:  -508.000000 | e:   0.934700 | Q: -327.367035 | won: False 
#   87 | steps:   842 | steps_t:   665 | t: 4.888455 | r:  -512.000000 | e:   0.933500 | Q:        nan | won: False 
#   88 | steps:   849 | steps_t:   671 | t: 4.932893 | r:  -506.000000 | e:   0.932900 | Q:        nan | won: False 
#   89 | steps:   855 | steps_t:   676 | t: 4.967721 | r:  -505.000000 | e:   0.932400 | Q:        nan | won: False 
#   90 | steps:   869 | steps_t:   689 | t: 5.056102 | r:  -502.000000 | e:   0.931100 | Q:        nan | won: False 
#   91 | steps:   884 | steps_t:   703 | t: 5.156395 | r:  -514.000000 | e:   0.929700 | Q: -340.708984 | won: False 
#   92 | steps:   893 | steps_t:   711 | t: 5.212896 | r:  -508.000000 | e:   0.928900 | Q: -337.761597 | won: False 
#   93 | steps:   902 | steps_t:   719 | t: 5.266124 | r:  -508.000000 | e:   0.928100 | Q:        nan | won: False 
#   94 | steps:   940 | steps_t:   756 | t: 5.533647 | r:  -526.000000 | e:   0.924400 | Q: -328.863281 | won: False 
#   95 | steps:   949 | steps_t:   764 | t: 5.594435 | r:  -508.000000 | e:   0.923600 | Q: -329.594513 | won: False 
#   96 | steps:   962 | steps_t:   776 | t: 5.678123 | r:  -512.000000 | e:   0.922400 | Q: -333.325500 | won: False 
#   97 | steps:   973 | steps_t:   786 | t: 5.747997 | r:  -510.000000 | e:   0.921400 | Q: -320.931946 | won: False 
#   98 | steps:   982 | steps_t:   794 | t: 5.805099 | r:  -508.000000 | e:   0.920600 | Q:        nan | won: False 
#   99 | steps:   991 | steps_t:   802 | t: 5.861111 | r:  -508.000000 | e:   0.919800 | Q: -321.417999 | won: False 
#  100 | steps:  1000 | steps_t:   810 | t: 7.572860 | r:  -508.000000 | e:   0.919000 | Q: -324.340973 | won: False 
#  101 | steps:  1022 | steps_t:   831 | t: 11.346619 | r:  -521.000000 | e:   0.916900 | Q: -332.098969 | won: False 
