#    1 | steps:    13 | steps_t:     0 | t: 0.029664 | r:  -490.000000 | e:   1.000000 | Q:        nan | won: False 
#    2 | steps:   180 | steps_t:    79 | t: 1.453973 | r:  -373.000000 | e:   0.992100 | Q:        nan | won: False 
#    3 | steps:   294 | steps_t:   192 | t: 3.178249 | r:  -470.000000 | e:   0.980800 | Q:        nan | won: False 
#    4 | steps:   307 | steps_t:   204 | t: 3.384190 | r:  -479.000000 | e:   0.979600 | Q:        nan | won: False 
#    5 | steps:   317 | steps_t:   213 | t: 3.560482 | r:  -487.000000 | e:   0.978700 | Q:        nan | won: False 
#    6 | steps:   374 | steps_t:   269 | t: 4.634424 | r:  -479.000000 | e:   0.973100 | Q:   7.145813 | won: False 
#    7 | steps:   401 | steps_t:   295 | t: 5.158664 | r:  -471.000000 | e:   0.970500 | Q:        nan | won: False 
#    8 | steps:   432 | steps_t:   325 | t: 5.759621 | r:  -453.000000 | e:   0.967500 | Q:   2.898761 | won: False 
#    9 | steps:   481 | steps_t:   373 | t: 6.725216 | r:  -405.000000 | e:   0.962700 | Q:        nan | won: False 
#   10 | steps:   553 | steps_t:   444 | t: 8.163125 | r:  -494.000000 | e:   0.955600 | Q:   1.180769 | won: False 
#   11 | steps:   742 | steps_t:   632 | t: 12.009581 | r:  -406.000000 | e:   0.936800 | Q:   0.513641 | won: False 
#   12 | steps:   755 | steps_t:   644 | t: 12.267080 | r:  -479.000000 | e:   0.935600 | Q:        nan | won: False 
#   13 | steps:   779 | steps_t:   667 | t: 12.754701 | r:  -424.000000 | e:   0.933300 | Q:        nan | won: False 
#   14 | steps:   795 | steps_t:   682 | t: 13.069650 | r:  -471.000000 | e:   0.931800 | Q: -14.603807 | won: False 
#   15 | steps:   848 | steps_t:   734 | t: 14.105815 | r:  -475.000000 | e:   0.926600 | Q: -25.864437 | won: False 
#   16 | steps:   948 | steps_t:   833 | t: 16.185359 | r:  -394.000000 | e:   0.916700 | Q: -27.677481 | won: False 
#   17 | steps:   964 | steps_t:   848 | t: 16.507719 | r:  -449.000000 | e:   0.915200 | Q: -43.245430 | won: False 
#   18 | steps:   988 | steps_t:   871 | t: 16.989482 | r:  -468.000000 | e:   0.912900 | Q: -39.206978 | won: False 
#   19 | steps:  1025 | steps_t:   907 | t: 17.769246 | r:  -503.000000 | e:   0.909300 | Q: -28.193483 | won: False 
#   20 | steps:  1074 | steps_t:   955 | t: 18.814231 | r:  -438.000000 | e:   0.904500 | Q: -48.933270 | won: False 
#   21 | steps:  1107 | steps_t:   987 | t: 19.485339 | r:  -411.000000 | e:   0.901300 | Q: -45.658409 | won: False 
#   22 | steps:  1124 | steps_t:  1003 | t: 19.821737 | r:  -494.000000 | e:   0.899700 | Q:        nan | won: False 
#   23 | steps:  1137 | steps_t:  1015 | t: 20.071401 | r:  -479.000000 | e:   0.898500 | Q: -54.187309 | won: False 
#   24 | steps:  1191 | steps_t:  1068 | t: 21.260608 | r:  -498.000000 | e:   0.893200 | Q: -54.948910 | won: False 
#   25 | steps:  1222 | steps_t:  1098 | t: 21.921235 | r:  -442.000000 | e:   0.890200 | Q: -75.086205 | won: False 
#   26 | steps:  1302 | steps_t:  1177 | t: 23.709384 | r:  -290.000000 | e:   0.882300 | Q: -67.427025 | won: False 
#   27 | steps:  1359 | steps_t:  1233 | t: 24.971525 | r:  -501.000000 | e:   0.876700 | Q: -65.107285 | won: False 
#   28 | steps:  1396 | steps_t:  1269 | t: 25.769038 | r:  -481.000000 | e:   0.873100 | Q: -72.660843 | won: False 
#   29 | steps:  1441 | steps_t:  1313 | t: 26.820053 | r:  -489.000000 | e:   0.868700 | Q: -83.621872 | won: False 
#   30 | steps:  1482 | steps_t:  1353 | t: 27.770927 | r:  -463.000000 | e:   0.864700 | Q: -96.491295 | won: False 
#   31 | steps:  1515 | steps_t:  1385 | t: 28.580440 | r:  -455.000000 | e:   0.861500 | Q: -81.924767 | won: False 
#   32 | steps:  1538 | steps_t:  1407 | t: 29.172842 | r:  -456.000000 | e:   0.859300 | Q: -78.825142 | won: False 
#   33 | steps:  1576 | steps_t:  1444 | t: 29.957929 | r:  -394.000000 | e:   0.855600 | Q: -80.585022 | won: False 
#   34 | steps:  1594 | steps_t:  1461 | t: 30.343098 | r:  -484.000000 | e:   0.853900 | Q: -79.076591 | won: False 
#   35 | steps:  1648 | steps_t:  1514 | t: 31.527747 | r:  -498.000000 | e:   0.848600 | Q: -80.505844 | won: False 
#   36 | steps:  1662 | steps_t:  1527 | t: 31.821605 | r:  -491.000000 | e:   0.847300 | Q:        nan | won: False 
#   37 | steps:  1885 | steps_t:  1749 | t: 36.832437 | r:  -469.000000 | e:   0.825100 | Q: -61.175888 | won: False 
#   38 | steps:  1904 | steps_t:  1767 | t: 37.247977 | r:  -507.000000 | e:   0.823300 | Q: -86.021935 | won: False 
#   39 | steps:  1922 | steps_t:  1784 | t: 37.621607 | r:  -451.000000 | e:   0.821600 | Q: -86.377419 | won: False 
#   40 | steps:  1936 | steps_t:  1797 | t: 37.909515 | r:  -491.000000 | e:   0.820300 | Q: -86.580284 | won: False 
#   41 | steps:  1957 | steps_t:  1817 | t: 38.374441 | r:  -487.000000 | e:   0.818300 | Q: -83.289177 | won: False 
#   42 | steps:  1977 | steps_t:  1836 | t: 38.808173 | r:  -453.000000 | e:   0.816400 | Q: -83.648758 | won: False 
#   43 | steps:  2022 | steps_t:  1880 | t: 39.793439 | r:  -401.000000 | e:   0.812000 | Q: -78.281876 | won: False 
#   44 | steps:  2079 | steps_t:  1936 | t: 41.127976 | r:  -413.000000 | e:   0.806400 | Q: -72.662064 | won: False 
#   45 | steps:  2091 | steps_t:  1947 | t: 41.395081 | r:  -467.000000 | e:   0.805300 | Q: -77.956940 | won: False 
#   46 | steps:  2206 | steps_t:  2061 | t: 43.931637 | r:  -427.000000 | e:   0.793900 | Q: -79.536522 | won: False 
#   47 | steps:  2223 | steps_t:  2077 | t: 44.301549 | r:  -439.000000 | e:   0.792300 | Q: -96.888527 | won: False 
#   48 | steps:  2263 | steps_t:  2116 | t: 45.241920 | r:  -418.000000 | e:   0.788400 | Q: -100.264786 | won: False 
#   49 | steps:  2306 | steps_t:  2158 | t: 46.216830 | r:  -465.000000 | e:   0.784200 | Q: -117.353508 | won: False 
#   50 | steps:  2349 | steps_t:  2200 | t: 47.210976 | r:  -410.000000 | e:   0.780000 | Q: -88.437141 | won: False 
#   51 | steps:  2379 | steps_t:  2229 | t: 47.904293 | r:  -430.000000 | e:   0.777100 | Q: -90.358337 | won: False 
#   52 | steps:  2396 | steps_t:  2245 | t: 48.287645 | r:  -494.000000 | e:   0.775500 | Q: -113.213943 | won: False 
#   53 | steps:  2419 | steps_t:  2267 | t: 48.802766 | r:  -445.000000 | e:   0.773300 | Q: -112.182419 | won: False 
#   54 | steps:  2431 | steps_t:  2278 | t: 49.066384 | r:  -434.000000 | e:   0.772200 | Q: -122.550201 | won: False 
#   55 | steps:  2456 | steps_t:  2302 | t: 49.650449 | r:  -458.000000 | e:   0.769800 | Q: -120.473328 | won: False 
#   56 | steps:  2475 | steps_t:  2320 | t: 50.083583 | r:  -485.000000 | e:   0.768000 | Q: -113.102829 | won: False 
#   57 | steps:  2497 | steps_t:  2341 | t: 50.588869 | r:  -422.000000 | e:   0.765900 | Q: -115.622498 | won: False 
#   58 | steps:  2509 | steps_t:  2352 | t: 50.853347 | r:  -489.000000 | e:   0.764800 | Q: -121.210159 | won: False 
#   59 | steps:  2522 | steps_t:  2364 | t: 51.130897 | r:  -468.000000 | e:   0.763600 | Q: -119.934692 | won: False 
#   60 | steps:  2611 | steps_t:  2452 | t: 53.117723 | r:  -390.000000 | e:   0.754800 | Q: -109.108429 | won: False 
#   61 | steps:  2683 | steps_t:  2523 | t: 54.760377 | r:  -395.000000 | e:   0.747700 | Q: -95.899467 | won: False 
#   62 | steps:  2701 | steps_t:  2540 | t: 55.179343 | r:  -418.000000 | e:   0.746000 | Q: -118.739616 | won: False 
#   63 | steps:  2853 | steps_t:  2691 | t: 58.821365 | r:  -475.000000 | e:   0.730900 | Q: -91.114098 | won: False 
#   64 | steps:  2877 | steps_t:  2714 | t: 59.370977 | r:  -424.000000 | e:   0.728600 | Q: -115.802361 | won: False 
#   65 | steps:  2970 | steps_t:  2806 | t: 62.709763 | r:  -339.000000 | e:   0.719400 | Q: -111.038277 | won: False 
#   66 | steps:  2990 | steps_t:  2825 | t: 63.150713 | r:  -486.000000 | e:   0.717500 | Q: -126.150856 | won: False 
#   67 | steps:  3009 | steps_t:  2843 | t: 63.564783 | r:  -474.000000 | e:   0.715700 | Q: -119.194885 | won: False 
#   68 | steps:  3034 | steps_t:  2867 | t: 64.105159 | r:  -491.000000 | e:   0.713300 | Q: -119.932350 | won: False 
#   69 | steps:  3091 | steps_t:  2923 | t: 65.369402 | r:  -413.000000 | e:   0.707700 | Q: -99.650780 | won: False 
#   70 | steps:  3132 | steps_t:  2963 | t: 66.273335 | r:  -474.000000 | e:   0.703700 | Q: -97.309433 | won: False 
#   71 | steps:  3157 | steps_t:  2987 | t: 66.815432 | r:  -469.000000 | e:   0.701300 | Q: -94.081383 | won: False 
#   72 | steps:  3222 | steps_t:  3051 | t: 68.228827 | r:  -454.000000 | e:   0.694900 | Q: -99.660149 | won: False 
#   73 | steps:  3297 | steps_t:  3125 | t: 69.856064 | r:  -431.000000 | e:   0.687500 | Q: -103.900459 | won: False 
#   74 | steps:  3347 | steps_t:  3174 | t: 71.209225 | r:  -362.000000 | e:   0.682600 | Q: -100.684036 | won: False 
#   75 | steps:  3390 | steps_t:  3216 | t: 73.288054 | r:  -421.000000 | e:   0.678400 | Q: -108.772575 | won: False 
#   76 | steps:  3476 | steps_t:  3301 | t: 76.798980 | r:  -296.000000 | e:   0.669900 | Q: -95.751472 | won: False 
#   77 | steps:  3491 | steps_t:  3315 | t: 77.802219 | r:  -481.000000 | e:   0.668500 | Q: -98.747208 | won: False 
#   78 | steps:  3502 | steps_t:  3325 | t: 78.534230 | r:  -499.000000 | e:   0.667500 | Q: -95.374847 | won: False 
#   79 | steps:  3519 | steps_t:  3341 | t: 79.644975 | r:  -461.000000 | e:   0.665900 | Q: -97.144737 | won: False 
#   80 | steps:  3552 | steps_t:  3373 | t: 80.203796 | r:  -466.000000 | e:   0.662700 | Q: -100.517944 | won: False 
#   81 | steps:  3574 | steps_t:  3394 | t: 80.629028 | r:  -466.000000 | e:   0.660600 | Q: -123.019028 | won: False 
#   82 | steps:  3587 | steps_t:  3406 | t: 80.890936 | r:  -501.000000 | e:   0.659400 | Q: -123.341385 | won: False 
#   83 | steps:  3611 | steps_t:  3429 | t: 81.369512 | r:  -424.000000 | e:   0.657100 | Q: -109.289284 | won: False 
#   84 | steps:  3625 | steps_t:  3442 | t: 81.645170 | r:  -447.000000 | e:   0.655800 | Q: -109.556580 | won: False 
#   85 | steps:  3698 | steps_t:  3514 | t: 83.167880 | r:  -440.000000 | e:   0.648600 | Q: -78.124741 | won: False 
#   86 | steps:  3729 | steps_t:  3544 | t: 83.818893 | r:  -387.000000 | e:   0.645600 | Q: -97.052856 | won: False 
#   87 | steps:  3849 | steps_t:  3663 | t: 86.373013 | r:  -377.000000 | e:   0.633700 | Q: -80.812500 | won: False 
#   88 | steps:  3896 | steps_t:  3709 | t: 87.401328 | r:  -414.000000 | e:   0.629100 | Q: -108.336853 | won: False 
#   89 | steps:  3988 | steps_t:  3800 | t: 89.466838 | r:  -448.000000 | e:   0.620000 | Q: -99.022438 | won: False 
#   90 | steps:  4002 | steps_t:  3813 | t: 89.760684 | r:  -469.000000 | e:   0.618700 | Q: -103.591553 | won: False 
#   91 | steps:  4028 | steps_t:  3838 | t: 90.316460 | r:  -448.000000 | e:   0.616200 | Q: -111.678024 | won: False 
#   92 | steps:  4043 | steps_t:  3852 | t: 90.626428 | r:  -492.000000 | e:   0.614800 | Q: -111.626961 | won: False 
#   93 | steps:  4075 | steps_t:  3883 | t: 91.319606 | r:  -476.000000 | e:   0.611700 | Q: -97.670303 | won: False 
#   94 | steps:  4125 | steps_t:  3932 | t: 92.399356 | r:  -439.000000 | e:   0.606800 | Q: -92.253700 | won: False 
#   95 | steps:  4165 | steps_t:  3971 | t: 93.271679 | r:  -396.000000 | e:   0.602900 | Q: -91.295731 | won: False 
#   96 | steps:  4338 | steps_t:  4143 | t: 97.203820 | r:  -441.000000 | e:   0.585700 | Q: -81.896996 | won: False 
#   97 | steps:  4449 | steps_t:  4253 | t: 99.959339 | r:  -445.000000 | e:   0.574700 | Q: -76.911438 | won: False 
#   98 | steps:  4458 | steps_t:  4261 | t: 100.557307 | r:  -453.000000 | e:   0.573900 | Q: -94.326889 | won: False 
#   99 | steps:  4485 | steps_t:  4287 | t: 101.831873 | r:  -383.000000 | e:   0.571300 | Q: -94.697502 | won: False 
#  100 | steps:  4505 | steps_t:  4306 | t: 105.513231 | r:  -420.000000 | e:   0.569400 | Q: -97.090057 | won: False 
#  101 | steps:  4538 | steps_t:  4338 | t: 113.095116 | r:  -444.000000 | e:   0.566200 | Q: -90.496536 | won: False 
