#    1 | steps:    10 | steps_t:     0 | t: 0.012120 | r:  -509.000000 | e:   1.000000 | Q:        nan | won: False 
#    2 | steps:    18 | steps_t:     0 | t: 0.014809 | r:  -507.000000 | e:   1.000000 | Q:        nan | won: False 
#    3 | steps:    25 | steps_t:     0 | t: 0.016923 | r:  -506.000000 | e:   1.000000 | Q:        nan | won: False 
#    4 | steps:    31 | steps_t:     0 | t: 0.018850 | r:  -505.000000 | e:   1.000000 | Q:        nan | won: False 
#    5 | steps:    40 | steps_t:     0 | t: 0.021748 | r:  -508.000000 | e:   1.000000 | Q:        nan | won: False 
#    6 | steps:    51 | steps_t:     0 | t: 0.025309 | r:  -510.000000 | e:   1.000000 | Q:        nan | won: False 
#    7 | steps:    65 | steps_t:     0 | t: 0.030148 | r:  -513.000000 | e:   1.000000 | Q:        nan | won: False 
#    8 | steps:    75 | steps_t:     0 | t: 0.033746 | r:  -509.000000 | e:   1.000000 | Q:        nan | won: False 
#    9 | steps:    90 | steps_t:     0 | t: 0.038974 | r:  -514.000000 | e:   1.000000 | Q:        nan | won: False 
#   10 | steps:   105 | steps_t:     0 | t: 0.044416 | r:  -514.000000 | e:   1.000000 | Q:        nan | won: False 
#   11 | steps:   120 | steps_t:     0 | t: 0.050344 | r:  -514.000000 | e:   1.000000 | Q:        nan | won: False 
#   12 | steps:   126 | steps_t:     0 | t: 0.052888 | r:  -505.000000 | e:   1.000000 | Q:        nan | won: False 
#   13 | steps:   138 | steps_t:     0 | t: 0.057072 | r:  -511.000000 | e:   1.000000 | Q:        nan | won: False 
#   14 | steps:   169 | steps_t:     0 | t: 0.067654 | r:  -519.000000 | e:   1.000000 | Q:        nan | won: False 
#   15 | steps:   181 | steps_t:     0 | t: 0.071760 | r:  -511.000000 | e:   1.000000 | Q:        nan | won: False 
#   16 | steps:   193 | steps_t:     0 | t: 0.076223 | r:  -511.000000 | e:   1.000000 | Q:        nan | won: False 
#   17 | steps:   204 | steps_t:     0 | t: 0.079979 | r:  -510.000000 | e:   1.000000 | Q:        nan | won: False 
#   18 | steps:   212 | steps_t:     0 | t: 0.082766 | r:  -507.000000 | e:   1.000000 | Q:        nan | won: False 
#   19 | steps:   222 | steps_t:     0 | t: 0.086322 | r:  -509.000000 | e:   1.000000 | Q:        nan | won: False 
#   20 | steps:   241 | steps_t:     0 | t: 0.092716 | r:  -518.000000 | e:   1.000000 | Q:        nan | won: False 
#   21 | steps:   266 | steps_t:     0 | t: 0.101180 | r:  -513.000000 | e:   1.000000 | Q:        nan | won: False 
#   22 | steps:   284 | steps_t:     0 | t: 0.107505 | r:  -517.000000 | e:   1.000000 | Q:        nan | won: False 
#   23 | steps:   305 | steps_t:     0 | t: 0.114703 | r:  -520.000000 | e:   1.000000 | Q:        nan | won: False 
#   24 | steps:   319 | steps_t:     0 | t: 0.119560 | r:  -513.000000 | e:   1.000000 | Q:        nan | won: False 
#   25 | steps:   329 | steps_t:     0 | t: 0.123058 | r:  -509.000000 | e:   1.000000 | Q:        nan | won: False 
#   26 | steps:   339 | steps_t:     0 | t: 0.126498 | r:  -509.000000 | e:   1.000000 | Q:        nan | won: False 
#   27 | steps:   347 | steps_t:     0 | t: 0.129305 | r:  -507.000000 | e:   1.000000 | Q:        nan | won: False 
#   28 | steps:   356 | steps_t:     0 | t: 0.132360 | r:  -508.000000 | e:   1.000000 | Q:        nan | won: False 
#   29 | steps:   363 | steps_t:     0 | t: 0.134713 | r:  -506.000000 | e:   1.000000 | Q:        nan | won: False 
#   30 | steps:   371 | steps_t:     0 | t: 0.137682 | r:  -507.000000 | e:   1.000000 | Q:        nan | won: False 
#   31 | steps:   391 | steps_t:     0 | t: 0.144718 | r:  -519.000000 | e:   1.000000 | Q:        nan | won: False 
#   32 | steps:   401 | steps_t:     0 | t: 0.148142 | r:  -509.000000 | e:   1.000000 | Q:        nan | won: False 
#   33 | steps:   411 | steps_t:     0 | t: 0.151748 | r:  -509.000000 | e:   1.000000 | Q:        nan | won: False 
#   34 | steps:   419 | steps_t:     0 | t: 0.154202 | r:  -507.000000 | e:   1.000000 | Q:        nan | won: False 
#   35 | steps:   439 | steps_t:     0 | t: 0.160260 | r:  -519.000000 | e:   1.000000 | Q:        nan | won: False 
#   36 | steps:   448 | steps_t:     0 | t: 0.163151 | r:  -508.000000 | e:   1.000000 | Q:        nan | won: False 
#   37 | steps:   458 | steps_t:     0 | t: 0.166316 | r:  -509.000000 | e:   1.000000 | Q:        nan | won: False 
#   38 | steps:   467 | steps_t:     0 | t: 0.169327 | r:  -508.000000 | e:   1.000000 | Q:        nan | won: False 
#   39 | steps:   477 | steps_t:     0 | t: 0.173017 | r:  -509.000000 | e:   1.000000 | Q:        nan | won: False 
#   40 | steps:   488 | steps_t:     0 | t: 0.176986 | r:  -510.000000 | e:   1.000000 | Q:        nan | won: False 
#   41 | steps:   496 | steps_t:     0 | t: 0.179821 | r:  -507.000000 | e:   1.000000 | Q:        nan | won: False 
#   42 | steps:   507 | steps_t:     0 | t: 0.183700 | r:  -510.000000 | e:   1.000000 | Q:        nan | won: False 
#   43 | steps:   517 | steps_t:     0 | t: 0.187293 | r:  -509.000000 | e:   1.000000 | Q:        nan | won: False 
#   44 | steps:   574 | steps_t:     0 | t: 0.206945 | r:  -545.000000 | e:   1.000000 | Q:        nan | won: False 
#   45 | steps:   583 | steps_t:     0 | t: 0.210214 | r:  -508.000000 | e:   1.000000 | Q:        nan | won: False 
#   46 | steps:   602 | steps_t:     0 | t: 0.216897 | r:  -518.000000 | e:   1.000000 | Q:        nan | won: False 
#   47 | steps:   608 | steps_t:     0 | t: 0.219100 | r:  -505.000000 | e:   1.000000 | Q:        nan | won: False 
#   48 | steps:   617 | steps_t:     0 | t: 0.222239 | r:  -508.000000 | e:   1.000000 | Q:        nan | won: False 
#   49 | steps:   623 | steps_t:     0 | t: 0.224263 | r:  -505.000000 | e:   1.000000 | Q:        nan | won: False 
#   50 | steps:   635 | steps_t:     0 | t: 0.228472 | r:  -511.000000 | e:   1.000000 | Q:        nan | won: False 
#   51 | steps:   644 | steps_t:     0 | t: 0.231646 | r:  -508.000000 | e:   1.000000 | Q:        nan | won: False 
#   52 | steps:   655 | steps_t:     0 | t: 0.235631 | r:  -510.000000 | e:   1.000000 | Q:        nan | won: False 
#   53 | steps:   667 | steps_t:     0 | t: 0.240220 | r:  -511.000000 | e:   1.000000 | Q:        nan | won: False 
#   54 | steps:   674 | steps_t:     0 | t: 0.242932 | r:  -506.000000 | e:   1.000000 | Q:        nan | won: False 
#   55 | steps:   688 | steps_t:     0 | t: 0.248503 | r:  -513.000000 | e:   1.000000 | Q:        nan | won: False 
#   56 | steps:   695 | steps_t:     0 | t: 0.251208 | r:  -506.000000 | e:   1.000000 | Q:        nan | won: False 
#   57 | steps:   719 | steps_t:     0 | t: 0.259383 | r:  -523.000000 | e:   1.000000 | Q:        nan | won: False 
#   58 | steps:   726 | steps_t:     0 | t: 0.262043 | r:  -506.000000 | e:   1.000000 | Q:        nan | won: False 
#   59 | steps:   737 | steps_t:     0 | t: 0.266130 | r:  -510.000000 | e:   1.000000 | Q:        nan | won: False 
#   60 | steps:   744 | steps_t:     0 | t: 0.268878 | r:  -506.000000 | e:   1.000000 | Q:        nan | won: False 
#   61 | steps:   767 | steps_t:     0 | t: 0.277080 | r:  -522.000000 | e:   1.000000 | Q:        nan | won: False 
#   62 | steps:   777 | steps_t:     0 | t: 0.280831 | r:  -509.000000 | e:   1.000000 | Q:        nan | won: False 
#   63 | steps:   783 | steps_t:     0 | t: 0.283111 | r:  -505.000000 | e:   1.000000 | Q:        nan | won: False 
#   64 | steps:   791 | steps_t:     0 | t: 0.286021 | r:  -507.000000 | e:   1.000000 | Q:        nan | won: False 
#   65 | steps:   802 | steps_t:     0 | t: 0.290035 | r:  -510.000000 | e:   1.000000 | Q:        nan | won: False 
#   66 | steps:   811 | steps_t:     0 | t: 0.293369 | r:  -508.000000 | e:   1.000000 | Q:        nan | won: False 
#   67 | steps:   829 | steps_t:     0 | t: 0.299931 | r:  -517.000000 | e:   1.000000 | Q:        nan | won: False 
#   68 | steps:   842 | steps_t:     0 | t: 0.304874 | r:  -512.000000 | e:   1.000000 | Q:        nan | won: False 
#   69 | steps:   852 | steps_t:     0 | t: 0.308645 | r:  -509.000000 | e:   1.000000 | Q:        nan | won: False 
#   70 | steps:   866 | steps_t:     0 | t: 0.313621 | r:  -513.000000 | e:   1.000000 | Q:        nan | won: False 
#   71 | steps:   876 | steps_t:     0 | t: 0.317185 | r:  -509.000000 | e:   1.000000 | Q:        nan | won: False 
#   72 | steps:   895 | steps_t:     0 | t: 0.323948 | r:  -518.000000 | e:   1.000000 | Q:        nan | won: False 
#   73 | steps:   903 | steps_t:     0 | t: 0.326936 | r:  -507.000000 | e:   1.000000 | Q:        nan | won: False 
#   74 | steps:   926 | steps_t:     0 | t: 0.335191 | r:  -522.000000 | e:   1.000000 | Q:        nan | won: False 
#   75 | steps:   933 | steps_t:     0 | t: 0.338032 | r:  -506.000000 | e:   1.000000 | Q:        nan | won: False 
#   76 | steps:   945 | steps_t:     0 | t: 0.342288 | r:  -511.000000 | e:   1.000000 | Q:        nan | won: False 
#   77 | steps:   956 | steps_t:     0 | t: 0.346330 | r:  -510.000000 | e:   1.000000 | Q:        nan | won: False 
#   78 | steps:   963 | steps_t:     0 | t: 0.349117 | r:  -506.000000 | e:   1.000000 | Q:        nan | won: False 
#   79 | steps:   969 | steps_t:     0 | t: 0.351322 | r:  -505.000000 | e:   1.000000 | Q:        nan | won: False 
#   80 | steps:   976 | steps_t:     0 | t: 0.353999 | r:  -506.000000 | e:   1.000000 | Q:        nan | won: False 
#   81 | steps:   984 | steps_t:     0 | t: 0.357058 | r:  -507.000000 | e:   1.000000 | Q:        nan | won: False 
#   82 | steps:   995 | steps_t:     0 | t: 0.361151 | r:  -510.000000 | e:   1.000000 | Q:        nan | won: False 
#   83 | steps:  1005 | steps_t:     0 | t: 0.364948 | r:  -509.000000 | e:   1.000000 | Q:        nan | won: False 
#   84 | steps:  1018 | steps_t:     0 | t: 0.369554 | r:  -512.000000 | e:   1.000000 | Q:        nan | won: False 
#   85 | steps:  1028 | steps_t:     0 | t: 0.373234 | r:  -509.000000 | e:   1.000000 | Q:        nan | won: False 
#   86 | steps:  1035 | steps_t:     0 | t: 0.375639 | r:  -506.000000 | e:   1.000000 | Q:        nan | won: False 
#   87 | steps:  1045 | steps_t:     0 | t: 0.379158 | r:  -509.000000 | e:   1.000000 | Q:        nan | won: False 
#   88 | steps:  1053 | steps_t:     0 | t: 0.381965 | r:  -507.000000 | e:   1.000000 | Q:        nan | won: False 
#   89 | steps:  1068 | steps_t:     0 | t: 0.387183 | r:  -503.000000 | e:   1.000000 | Q:        nan | won: False 
#   90 | steps:  1080 | steps_t:     0 | t: 0.391430 | r:  -511.000000 | e:   1.000000 | Q:        nan | won: False 
#   91 | steps:  1088 | steps_t:     0 | t: 0.394274 | r:  -507.000000 | e:   1.000000 | Q:        nan | won: False 
#   92 | steps:  1095 | steps_t:     0 | t: 0.396784 | r:  -506.000000 | e:   1.000000 | Q:        nan | won: False 
#   93 | steps:  1107 | steps_t:     0 | t: 0.400982 | r:  -511.000000 | e:   1.000000 | Q:        nan | won: False 
#   94 | steps:  1117 | steps_t:     0 | t: 0.404119 | r:  -509.000000 | e:   1.000000 | Q:        nan | won: False 
#   95 | steps:  1130 | steps_t:     0 | t: 0.408822 | r:  -512.000000 | e:   1.000000 | Q:        nan | won: False 
#   96 | steps:  1145 | steps_t:     0 | t: 0.414077 | r:  -514.000000 | e:   1.000000 | Q:        nan | won: False 
#   97 | steps:  1157 | steps_t:     0 | t: 0.418254 | r:  -511.000000 | e:   1.000000 | Q:        nan | won: False 
#   98 | steps:  1164 | steps_t:     0 | t: 0.420777 | r:  -506.000000 | e:   1.000000 | Q:        nan | won: False 
#   99 | steps:  1177 | steps_t:     0 | t: 0.425337 | r:  -512.000000 | e:   1.000000 | Q:        nan | won: False 
#  100 | steps:  1187 | steps_t:     0 | t: 0.429240 | r:  -509.000000 | e:   1.000000 | Q:        nan | won: False 
#  101 | steps:  1203 | steps_t:     0 | t: 0.434893 | r:  -515.000000 | e:   1.000000 | Q:        nan | won: False 
#  102 | steps:  1213 | steps_t:     0 | t: 0.438563 | r:  -509.000000 | e:   1.000000 | Q:        nan | won: False 
#  103 | steps:  1232 | steps_t:     0 | t: 0.445351 | r:  -518.000000 | e:   1.000000 | Q:        nan | won: False 
#  104 | steps:  1241 | steps_t:     0 | t: 0.448547 | r:  -508.000000 | e:   1.000000 | Q:        nan | won: False 
#  105 | steps:  1252 | steps_t:     0 | t: 0.452447 | r:  -510.000000 | e:   1.000000 | Q:        nan | won: False 
#  106 | steps:  1271 | steps_t:     0 | t: 0.459259 | r:  -518.000000 | e:   1.000000 | Q:        nan | won: False 
#  107 | steps:  1281 | steps_t:     0 | t: 0.463045 | r:  -509.000000 | e:   1.000000 | Q:        nan | won: False 
#  108 | steps:  1288 | steps_t:     0 | t: 0.465749 | r:  -506.000000 | e:   1.000000 | Q:        nan | won: False 
#  109 | steps:  1295 | steps_t:     0 | t: 0.468316 | r:  -506.000000 | e:   1.000000 | Q:        nan | won: False 
#  110 | steps:  1301 | steps_t:     0 | t: 0.470591 | r:  -505.000000 | e:   1.000000 | Q:        nan | won: False 
#  111 | steps:  1311 | steps_t:     0 | t: 0.474079 | r:  -509.000000 | e:   1.000000 | Q:        nan | won: False 
#  112 | steps:  1320 | steps_t:     0 | t: 0.477384 | r:  -508.000000 | e:   1.000000 | Q:        nan | won: False 
#  113 | steps:  1331 | steps_t:     0 | t: 0.481395 | r:  -510.000000 | e:   1.000000 | Q:        nan | won: False 
#  114 | steps:  1337 | steps_t:     0 | t: 0.483652 | r:  -505.000000 | e:   1.000000 | Q:        nan | won: False 
#  115 | steps:  1346 | steps_t:     0 | t: 0.486876 | r:  -508.000000 | e:   1.000000 | Q:        nan | won: False 
#  116 | steps:  1367 | steps_t:     0 | t: 0.494406 | r:  -509.000000 | e:   1.000000 | Q:        nan | won: False 
#  117 | steps:  1391 | steps_t:     0 | t: 0.502959 | r:  -523.000000 | e:   1.000000 | Q:        nan | won: False 
#  118 | steps:  1400 | steps_t:     0 | t: 0.506370 | r:  -508.000000 | e:   1.000000 | Q:        nan | won: False 
#  119 | steps:  1416 | steps_t:     0 | t: 0.512080 | r:  -515.000000 | e:   1.000000 | Q:        nan | won: False 
#  120 | steps:  1426 | steps_t:     0 | t: 0.515731 | r:  -509.000000 | e:   1.000000 | Q:        nan | won: False 
#  121 | steps:  1435 | steps_t:     0 | t: 0.518916 | r:  -508.000000 | e:   1.000000 | Q:        nan | won: False 
#  122 | steps:  1442 | steps_t:     0 | t: 0.521496 | r:  -506.000000 | e:   1.000000 | Q:        nan | won: False 
#  123 | steps:  1449 | steps_t:     0 | t: 0.524729 | r:  -506.000000 | e:   1.000000 | Q:        nan | won: False 
#  124 | steps:  1458 | steps_t:     0 | t: 0.527875 | r:  -508.000000 | e:   1.000000 | Q:        nan | won: False 
#  125 | steps:  1465 | steps_t:     0 | t: 0.530331 | r:  -506.000000 | e:   1.000000 | Q:        nan | won: False 
#  126 | steps:  1479 | steps_t:     0 | t: 0.535340 | r:  -513.000000 | e:   1.000000 | Q:        nan | won: False 
#  127 | steps:  1489 | steps_t:     0 | t: 0.539030 | r:  -509.000000 | e:   1.000000 | Q:        nan | won: False 
#  128 | steps:  1508 | steps_t:     0 | t: 0.545112 | r:  -518.000000 | e:   1.000000 | Q:        nan | won: False 
#  129 | steps:  1532 | steps_t:     0 | t: 0.552530 | r:  -523.000000 | e:   1.000000 | Q:        nan | won: False 
#  130 | steps:  1541 | steps_t:     0 | t: 0.556082 | r:  -508.000000 | e:   1.000000 | Q:        nan | won: False 
#  131 | steps:  1547 | steps_t:     0 | t: 0.558288 | r:  -505.000000 | e:   1.000000 | Q:        nan | won: False 
#  132 | steps:  1561 | steps_t:     0 | t: 0.563048 | r:  -513.000000 | e:   1.000000 | Q:        nan | won: False 
#  133 | steps:  1567 | steps_t:     0 | t: 0.565161 | r:  -505.000000 | e:   1.000000 | Q:        nan | won: False 
#  134 | steps:  1606 | steps_t:     0 | t: 0.578347 | r:  -527.000000 | e:   1.000000 | Q:        nan | won: False 
#  135 | steps:  1619 | steps_t:     0 | t: 0.582513 | r:  -512.000000 | e:   1.000000 | Q:        nan | won: False 
#  136 | steps:  1624 | steps_t:     0 | t: 0.584322 | r:  -504.000000 | e:   1.000000 | Q:        nan | won: False 
#  137 | steps:  1638 | steps_t:     0 | t: 0.589261 | r:  -513.000000 | e:   1.000000 | Q:        nan | won: False 
#  138 | steps:  1646 | steps_t:     0 | t: 0.592150 | r:  -507.000000 | e:   1.000000 | Q:        nan | won: False 
#  139 | steps:  1655 | steps_t:     0 | t: 0.595330 | r:  -508.000000 | e:   1.000000 | Q:        nan | won: False 
#  140 | steps:  1663 | steps_t:     0 | t: 0.598747 | r:  -507.000000 | e:   1.000000 | Q:        nan | won: False 
#  141 | steps:  1670 | steps_t:     0 | t: 0.601683 | r:  -506.000000 | e:   1.000000 | Q:        nan | won: False 
#  142 | steps:  1677 | steps_t:     0 | t: 0.604352 | r:  -506.000000 | e:   1.000000 | Q:        nan | won: False 
#  143 | steps:  1685 | steps_t:     0 | t: 0.607605 | r:  -507.000000 | e:   1.000000 | Q:        nan | won: False 
#  144 | steps:  1694 | steps_t:     0 | t: 0.611297 | r:  -508.000000 | e:   1.000000 | Q:        nan | won: False 
#  145 | steps:  1703 | steps_t:     0 | t: 0.615025 | r:  -508.000000 | e:   1.000000 | Q:        nan | won: False 
#  146 | steps:  1714 | steps_t:     0 | t: 0.619834 | r:  -510.000000 | e:   1.000000 | Q:        nan | won: False 
#  147 | steps:  1724 | steps_t:     0 | t: 0.624200 | r:  -509.000000 | e:   1.000000 | Q:        nan | won: False 
#  148 | steps:  1735 | steps_t:     0 | t: 0.628697 | r:  -510.000000 | e:   1.000000 | Q:        nan | won: False 
#  149 | steps:  1749 | steps_t:     0 | t: 0.635744 | r:  -513.000000 | e:   1.000000 | Q:        nan | won: False 
#  150 | steps:  1755 | steps_t:     0 | t: 0.638427 | r:  -505.000000 | e:   1.000000 | Q:        nan | won: False 
#  151 | steps:  1764 | steps_t:     0 | t: 0.641728 | r:  -508.000000 | e:   1.000000 | Q:        nan | won: False 
#  152 | steps:  1772 | steps_t:     0 | t: 0.644672 | r:  -507.000000 | e:   1.000000 | Q:        nan | won: False 
#  153 | steps:  1777 | steps_t:     0 | t: 0.646482 | r:  -504.000000 | e:   1.000000 | Q:        nan | won: False 
#  154 | steps:  1786 | steps_t:     0 | t: 0.649894 | r:  -508.000000 | e:   1.000000 | Q:        nan | won: False 
#  155 | steps:  1796 | steps_t:     0 | t: 0.653783 | r:  -509.000000 | e:   1.000000 | Q:        nan | won: False 
#  156 | steps:  1805 | steps_t:     0 | t: 0.657784 | r:  -508.000000 | e:   1.000000 | Q:        nan | won: False 
#  157 | steps:  1814 | steps_t:     0 | t: 0.661103 | r:  -508.000000 | e:   1.000000 | Q:        nan | won: False 
#  158 | steps:  1822 | steps_t:     0 | t: 0.663820 | r:  -507.000000 | e:   1.000000 | Q:        nan | won: False 
#  159 | steps:  1834 | steps_t:     0 | t: 0.668371 | r:  -511.000000 | e:   1.000000 | Q:        nan | won: False 
#  160 | steps:  1843 | steps_t:     0 | t: 0.672691 | r:  -508.000000 | e:   1.000000 | Q:        nan | won: False 
#  161 | steps:  1851 | steps_t:     0 | t: 0.675786 | r:  -507.000000 | e:   1.000000 | Q:        nan | won: False 
#  162 | steps:  1866 | steps_t:     0 | t: 0.681123 | r:  -514.000000 | e:   1.000000 | Q:        nan | won: False 
#  163 | steps:  1875 | steps_t:     0 | t: 0.684667 | r:  -508.000000 | e:   1.000000 | Q:        nan | won: False 
#  164 | steps:  1889 | steps_t:     0 | t: 0.690507 | r:  -513.000000 | e:   1.000000 | Q:        nan | won: False 
#  165 | steps:  1906 | steps_t:     0 | t: 0.696581 | r:  -516.000000 | e:   1.000000 | Q:        nan | won: False 
#  166 | steps:  1919 | steps_t:     0 | t: 0.701049 | r:  -512.000000 | e:   1.000000 | Q:        nan | won: False 
#  167 | steps:  1932 | steps_t:     0 | t: 0.706282 | r:  -512.000000 | e:   1.000000 | Q:        nan | won: False 
#  168 | steps:  1942 | steps_t:     0 | t: 0.710081 | r:  -509.000000 | e:   1.000000 | Q:        nan | won: False 
#  169 | steps:  1953 | steps_t:     0 | t: 0.714032 | r:  -510.000000 | e:   1.000000 | Q:        nan | won: False 
#  170 | steps:  1960 | steps_t:     0 | t: 0.716639 | r:  -506.000000 | e:   1.000000 | Q:        nan | won: False 
#  171 | steps:  1974 | steps_t:     0 | t: 0.721899 | r:  -513.000000 | e:   1.000000 | Q:        nan | won: False 
#  172 | steps:  1982 | steps_t:     0 | t: 0.725428 | r:  -507.000000 | e:   1.000000 | Q:        nan | won: False 
#  173 | steps:  1992 | steps_t:     0 | t: 0.728970 | r:  -509.000000 | e:   1.000000 | Q:        nan | won: False 
#  174 | steps:  2000 | steps_t:     0 | t: 0.731615 | r:  -507.000000 | e:   1.000000 | Q:        nan | won: False 
#  175 | steps:  2012 | steps_t:     0 | t: 0.736012 | r:  -511.000000 | e:   1.000000 | Q:        nan | won: False 
#  176 | steps:  2024 | steps_t:     0 | t: 0.740441 | r:  -511.000000 | e:   1.000000 | Q:        nan | won: False 
#  177 | steps:  2035 | steps_t:     0 | t: 0.744840 | r:  -510.000000 | e:   1.000000 | Q:        nan | won: False 
#  178 | steps:  2045 | steps_t:     0 | t: 0.748477 | r:  -509.000000 | e:   1.000000 | Q:        nan | won: False 
#  179 | steps:  2055 | steps_t:     0 | t: 0.752239 | r:  -509.000000 | e:   1.000000 | Q:        nan | won: False 
#  180 | steps:  2063 | steps_t:     0 | t: 0.755215 | r:  -507.000000 | e:   1.000000 | Q:        nan | won: False 
#  181 | steps:  2078 | steps_t:     0 | t: 0.760460 | r:  -503.000000 | e:   1.000000 | Q:        nan | won: False 
#  182 | steps:  2096 | steps_t:     0 | t: 0.766654 | r:  -517.000000 | e:   1.000000 | Q:        nan | won: False 
#  183 | steps:  2111 | steps_t:     0 | t: 0.771919 | r:  -492.000000 | e:   1.000000 | Q:        nan | won: False 
#  184 | steps:  2125 | steps_t:     0 | t: 0.776871 | r:  -513.000000 | e:   1.000000 | Q:        nan | won: False 
#  185 | steps:  2136 | steps_t:     0 | t: 0.780774 | r:  -510.000000 | e:   1.000000 | Q:        nan | won: False 
#  186 | steps:  2145 | steps_t:     0 | t: 0.783954 | r:  -508.000000 | e:   1.000000 | Q:        nan | won: False 
#  187 | steps:  2159 | steps_t:     0 | t: 0.788496 | r:  -513.000000 | e:   1.000000 | Q:        nan | won: False 
#  188 | steps:  2168 | steps_t:     0 | t: 0.792318 | r:  -508.000000 | e:   1.000000 | Q:        nan | won: False 
#  189 | steps:  2176 | steps_t:     0 | t: 0.795156 | r:  -507.000000 | e:   1.000000 | Q:        nan | won: False 
#  190 | steps:  2185 | steps_t:     0 | t: 0.798261 | r:  -508.000000 | e:   1.000000 | Q:        nan | won: False 
#  191 | steps:  2194 | steps_t:     0 | t: 0.801405 | r:  -508.000000 | e:   1.000000 | Q:        nan | won: False 
#  192 | steps:  2201 | steps_t:     0 | t: 0.803867 | r:  -506.000000 | e:   1.000000 | Q:        nan | won: False 
#  193 | steps:  2208 | steps_t:     0 | t: 0.806287 | r:  -506.000000 | e:   1.000000 | Q:        nan | won: False 
#  194 | steps:  2214 | steps_t:     0 | t: 0.808453 | r:  -505.000000 | e:   1.000000 | Q:        nan | won: False 
#  195 | steps:  2222 | steps_t:     0 | t: 0.811352 | r:  -507.000000 | e:   1.000000 | Q:        nan | won: False 
#  196 | steps:  2243 | steps_t:     0 | t: 0.818763 | r:  -520.000000 | e:   1.000000 | Q:        nan | won: False 
#  197 | steps:  2254 | steps_t:     0 | t: 0.822636 | r:  -510.000000 | e:   1.000000 | Q:        nan | won: False 
#  198 | steps:  2262 | steps_t:     0 | t: 0.825447 | r:  -507.000000 | e:   1.000000 | Q:        nan | won: False 
#  199 | steps:  2279 | steps_t:     0 | t: 0.831290 | r:  -516.000000 | e:   1.000000 | Q:        nan | won: False 
#  200 | steps:  2286 | steps_t:     0 | t: 0.833773 | r:  -506.000000 | e:   1.000000 | Q:        nan | won: False 
#  201 | steps:  2292 | steps_t:     0 | t: 0.835876 | r:  -505.000000 | e:   1.000000 | Q:        nan | won: False 
#  202 | steps:  2305 | steps_t:     0 | t: 0.840266 | r:  -512.000000 | e:   1.000000 | Q:        nan | won: False 
#  203 | steps:  2316 | steps_t:     0 | t: 0.844361 | r:  -510.000000 | e:   1.000000 | Q:        nan | won: False 
#  204 | steps:  2334 | steps_t:     0 | t: 0.850784 | r:  -517.000000 | e:   1.000000 | Q:        nan | won: False 
#  205 | steps:  2343 | steps_t:     0 | t: 0.854035 | r:  -508.000000 | e:   1.000000 | Q:        nan | won: False 
#  206 | steps:  2362 | steps_t:     0 | t: 0.860596 | r:  -507.000000 | e:   1.000000 | Q:        nan | won: False 
#  207 | steps:  2370 | steps_t:     0 | t: 0.863439 | r:  -507.000000 | e:   1.000000 | Q:        nan | won: False 
#  208 | steps:  2383 | steps_t:     0 | t: 0.867879 | r:  -512.000000 | e:   1.000000 | Q:        nan | won: False 
#  209 | steps:  2394 | steps_t:     0 | t: 0.871768 | r:  -510.000000 | e:   1.000000 | Q:        nan | won: False 
#  210 | steps:  2410 | steps_t:     0 | t: 0.877451 | r:  -515.000000 | e:   1.000000 | Q:        nan | won: False 
#  211 | steps:  2419 | steps_t:     0 | t: 0.880671 | r:  -508.000000 | e:   1.000000 | Q:        nan | won: False 
#  212 | steps:  2426 | steps_t:     0 | t: 0.883157 | r:  -506.000000 | e:   1.000000 | Q:        nan | won: False 
#  213 | steps:  2442 | steps_t:     0 | t: 0.888725 | r:  -504.000000 | e:   1.000000 | Q:        nan | won: False 
#  214 | steps:  2453 | steps_t:     0 | t: 0.892513 | r:  -510.000000 | e:   1.000000 | Q:        nan | won: False 
#  215 | steps:  2462 | steps_t:     0 | t: 0.895532 | r:  -508.000000 | e:   1.000000 | Q:        nan | won: False 
#  216 | steps:  2470 | steps_t:     0 | t: 0.898201 | r:  -507.000000 | e:   1.000000 | Q:        nan | won: False 
#  217 | steps:  2476 | steps_t:     0 | t: 0.900334 | r:  -505.000000 | e:   1.000000 | Q:        nan | won: False 
#  218 | steps:  2482 | steps_t:     0 | t: 0.902424 | r:  -505.000000 | e:   1.000000 | Q:        nan | won: False 
#  219 | steps:  2489 | steps_t:     0 | t: 0.904851 | r:  -506.000000 | e:   1.000000 | Q:        nan | won: False 
#  220 | steps:  2505 | steps_t:     0 | t: 0.910554 | r:  -515.000000 | e:   1.000000 | Q:        nan | won: False 
#  221 | steps:  2511 | steps_t:     0 | t: 0.912755 | r:  -505.000000 | e:   1.000000 | Q:        nan | won: False 
#  222 | steps:  2531 | steps_t:     0 | t: 0.919753 | r:  -519.000000 | e:   1.000000 | Q:        nan | won: False 
#  223 | steps:  2541 | steps_t:     0 | t: 0.923340 | r:  -509.000000 | e:   1.000000 | Q:        nan | won: False 
#  224 | steps:  2549 | steps_t:     0 | t: 0.926189 | r:  -507.000000 | e:   1.000000 | Q:        nan | won: False 
#  225 | steps:  2571 | steps_t:     0 | t: 0.933614 | r:  -521.000000 | e:   1.000000 | Q:        nan | won: False 
#  226 | steps:  2578 | steps_t:     0 | t: 0.936179 | r:  -506.000000 | e:   1.000000 | Q:        nan | won: False 
#  227 | steps:  2585 | steps_t:     0 | t: 0.938665 | r:  -506.000000 | e:   1.000000 | Q:        nan | won: False 
#  228 | steps:  2592 | steps_t:     0 | t: 0.941240 | r:  -506.000000 | e:   1.000000 | Q:        nan | won: False 
#  229 | steps:  2602 | steps_t:     0 | t: 0.944768 | r:  -509.000000 | e:   1.000000 | Q:        nan | won: False 
#  230 | steps:  2610 | steps_t:     0 | t: 0.947551 | r:  -507.000000 | e:   1.000000 | Q:        nan | won: False 
#  231 | steps:  2622 | steps_t:     0 | t: 0.951792 | r:  -511.000000 | e:   1.000000 | Q:        nan | won: False 
#  232 | steps:  2629 | steps_t:     0 | t: 0.954323 | r:  -506.000000 | e:   1.000000 | Q:        nan | won: False 
#  233 | steps:  2638 | steps_t:     0 | t: 0.957499 | r:  -508.000000 | e:   1.000000 | Q:        nan | won: False 
#  234 | steps:  2666 | steps_t:     0 | t: 0.966971 | r:  -527.000000 | e:   1.000000 | Q:        nan | won: False 
#  235 | steps:  2676 | steps_t:     0 | t: 0.970565 | r:  -509.000000 | e:   1.000000 | Q:        nan | won: False 
#  236 | steps:  2683 | steps_t:     0 | t: 0.973288 | r:  -506.000000 | e:   1.000000 | Q:        nan | won: False 
#  237 | steps:  2698 | steps_t:     0 | t: 0.978603 | r:  -503.000000 | e:   1.000000 | Q:        nan | won: False 
#  238 | steps:  2710 | steps_t:     0 | t: 0.982874 | r:  -511.000000 | e:   1.000000 | Q:        nan | won: False 
#  239 | steps:  2721 | steps_t:     0 | t: 0.986790 | r:  -510.000000 | e:   1.000000 | Q:        nan | won: False 
#  240 | steps:  2727 | steps_t:     0 | t: 0.988858 | r:  -505.000000 | e:   1.000000 | Q:        nan | won: False 
#  241 | steps:  2734 | steps_t:     0 | t: 0.991196 | r:  -506.000000 | e:   1.000000 | Q:        nan | won: False 
#  242 | steps:  2744 | steps_t:     0 | t: 0.994298 | r:  -509.000000 | e:   1.000000 | Q:        nan | won: False 
#  243 | steps:  2764 | steps_t:     0 | t: 1.000690 | r:  -519.000000 | e:   1.000000 | Q:        nan | won: False 
#  244 | steps:  2774 | steps_t:     0 | t: 1.004042 | r:  -509.000000 | e:   1.000000 | Q:        nan | won: False 
#  245 | steps:  2795 | steps_t:     0 | t: 1.011418 | r:  -520.000000 | e:   1.000000 | Q:        nan | won: False 
#  246 | steps:  2801 | steps_t:     0 | t: 1.013600 | r:  -505.000000 | e:   1.000000 | Q:        nan | won: False 
#  247 | steps:  2819 | steps_t:     0 | t: 1.019910 | r:  -517.000000 | e:   1.000000 | Q:        nan | won: False 
#  248 | steps:  2840 | steps_t:     0 | t: 1.027157 | r:  -520.000000 | e:   1.000000 | Q:        nan | won: False 
#  249 | steps:  2853 | steps_t:     0 | t: 1.031825 | r:  -512.000000 | e:   1.000000 | Q:        nan | won: False 
#  250 | steps:  2876 | steps_t:     0 | t: 1.040056 | r:  -522.000000 | e:   1.000000 | Q:        nan | won: False 
#  251 | steps:  2883 | steps_t:     0 | t: 1.042566 | r:  -506.000000 | e:   1.000000 | Q:        nan | won: False 
#  252 | steps:  2891 | steps_t:     0 | t: 1.045388 | r:  -507.000000 | e:   1.000000 | Q:        nan | won: False 
#  253 | steps:  2902 | steps_t:     0 | t: 1.049249 | r:  -510.000000 | e:   1.000000 | Q:        nan | won: False 
#  254 | steps:  2910 | steps_t:     0 | t: 1.051975 | r:  -507.000000 | e:   1.000000 | Q:        nan | won: False 
#  255 | steps:  2920 | steps_t:     0 | t: 1.055491 | r:  -509.000000 | e:   1.000000 | Q:        nan | won: False 
#  256 | steps:  2933 | steps_t:     0 | t: 1.060063 | r:  -512.000000 | e:   1.000000 | Q:        nan | won: False 
#  257 | steps:  2942 | steps_t:     0 | t: 1.063087 | r:  -508.000000 | e:   1.000000 | Q:        nan | won: False 
#  258 | steps:  2959 | steps_t:     0 | t: 1.069127 | r:  -516.000000 | e:   1.000000 | Q:        nan | won: False 
#  259 | steps:  2967 | steps_t:     0 | t: 1.071997 | r:  -507.000000 | e:   1.000000 | Q:        nan | won: False 
#  260 | steps:  2979 | steps_t:     0 | t: 1.076166 | r:  -511.000000 | e:   1.000000 | Q:        nan | won: False 
#  261 | steps:  2997 | steps_t:     0 | t: 1.082471 | r:  -517.000000 | e:   1.000000 | Q:        nan | won: False 
#  262 | steps:  3007 | steps_t:     0 | t: 1.085898 | r:  -509.000000 | e:   1.000000 | Q:        nan | won: False 
#  263 | steps:  3015 | steps_t:     0 | t: 1.088772 | r:  -507.000000 | e:   1.000000 | Q:        nan | won: False 
#  264 | steps:  3024 | steps_t:     0 | t: 1.091928 | r:  -508.000000 | e:   1.000000 | Q:        nan | won: False 
#  265 | steps:  3042 | steps_t:     0 | t: 1.098332 | r:  -506.000000 | e:   1.000000 | Q:        nan | won: False 
#  266 | steps:  3053 | steps_t:     0 | t: 1.102301 | r:  -510.000000 | e:   1.000000 | Q:        nan | won: False 
#  267 | steps:  3061 | steps_t:     0 | t: 1.105204 | r:  -507.000000 | e:   1.000000 | Q:        nan | won: False 
#  268 | steps:  3078 | steps_t:     0 | t: 1.111050 | r:  -516.000000 | e:   1.000000 | Q:        nan | won: False 
#  269 | steps:  3091 | steps_t:     0 | t: 1.115619 | r:  -512.000000 | e:   1.000000 | Q:        nan | won: False 
#  270 | steps:  3099 | steps_t:     0 | t: 1.118481 | r:  -507.000000 | e:   1.000000 | Q:        nan | won: False 
#  271 | steps:  3106 | steps_t:     0 | t: 1.120852 | r:  -506.000000 | e:   1.000000 | Q:        nan | won: False 
#  272 | steps:  3123 | steps_t:     0 | t: 1.126858 | r:  -516.000000 | e:   1.000000 | Q:        nan | won: False 
#  273 | steps:  3129 | steps_t:     0 | t: 1.129106 | r:  -505.000000 | e:   1.000000 | Q:        nan | won: False 
#  274 | steps:  3140 | steps_t:     0 | t: 1.133102 | r:  -510.000000 | e:   1.000000 | Q:        nan | won: False 
#  275 | steps:  3147 | steps_t:     0 | t: 1.135581 | r:  -506.000000 | e:   1.000000 | Q:        nan | won: False 
#  276 | steps:  3154 | steps_t:     0 | t: 1.138149 | r:  -506.000000 | e:   1.000000 | Q:        nan | won: False 
#  277 | steps:  3167 | steps_t:     0 | t: 1.142636 | r:  -512.000000 | e:   1.000000 | Q:        nan | won: False 
#  278 | steps:  3176 | steps_t:     0 | t: 1.145853 | r:  -508.000000 | e:   1.000000 | Q:        nan | won: False 
#  279 | steps:  3185 | steps_t:     0 | t: 1.148900 | r:  -508.000000 | e:   1.000000 | Q:        nan | won: False 
#  280 | steps:  3192 | steps_t:     0 | t: 1.151393 | r:  -506.000000 | e:   1.000000 | Q:        nan | won: False 
#  281 | steps:  3201 | steps_t:     0 | t: 1.154584 | r:  -508.000000 | e:   1.000000 | Q:        nan | won: False 
#  282 | steps:  3211 | steps_t:     0 | t: 1.158141 | r:  -509.000000 | e:   1.000000 | Q:        nan | won: False 
#  283 | steps:  3225 | steps_t:     0 | t: 1.163266 | r:  -513.000000 | e:   1.000000 | Q:        nan | won: False 
#  284 | steps:  3236 | steps_t:     0 | t: 1.167325 | r:  -510.000000 | e:   1.000000 | Q:        nan | won: False 
#  285 | steps:  3248 | steps_t:     0 | t: 1.171696 | r:  -511.000000 | e:   1.000000 | Q:        nan | won: False 
#  286 | steps:  3257 | steps_t:     0 | t: 1.174840 | r:  -508.000000 | e:   1.000000 | Q:        nan | won: False 
#  287 | steps:  3266 | steps_t:     0 | t: 1.177913 | r:  -508.000000 | e:   1.000000 | Q:        nan | won: False 
#  288 | steps:  3273 | steps_t:     0 | t: 1.180238 | r:  -506.000000 | e:   1.000000 | Q:        nan | won: False 
#  289 | steps:  3280 | steps_t:     0 | t: 1.182548 | r:  -506.000000 | e:   1.000000 | Q:        nan | won: False 
#  290 | steps:  3299 | steps_t:     0 | t: 1.189145 | r:  -518.000000 | e:   1.000000 | Q:        nan | won: False 
#  291 | steps:  3307 | steps_t:     0 | t: 1.191755 | r:  -507.000000 | e:   1.000000 | Q:        nan | won: False 
#  292 | steps:  3315 | steps_t:     0 | t: 1.194759 | r:  -507.000000 | e:   1.000000 | Q:        nan | won: False 
#  293 | steps:  3326 | steps_t:     0 | t: 1.198607 | r:  -510.000000 | e:   1.000000 | Q:        nan | won: False 
#  294 | steps:  3349 | steps_t:     0 | t: 1.206813 | r:  -522.000000 | e:   1.000000 | Q:        nan | won: False 
#  295 | steps:  3356 | steps_t:     0 | t: 1.209335 | r:  -506.000000 | e:   1.000000 | Q:        nan | won: False 
#  296 | steps:  3363 | steps_t:     0 | t: 1.211810 | r:  -506.000000 | e:   1.000000 | Q:        nan | won: False 
#  297 | steps:  3372 | steps_t:     0 | t: 1.214806 | r:  -508.000000 | e:   1.000000 | Q:        nan | won: False 
#  298 | steps:  3382 | steps_t:     0 | t: 1.218297 | r:  -509.000000 | e:   1.000000 | Q:        nan | won: False 
#  299 | steps:  3389 | steps_t:     0 | t: 1.220637 | r:  -506.000000 | e:   1.000000 | Q:        nan | won: False 
#  300 | steps:  3411 | steps_t:     0 | t: 1.228301 | r:  -521.000000 | e:   1.000000 | Q:        nan | won: False 
#  301 | steps:  3427 | steps_t:     0 | t: 1.234010 | r:  -515.000000 | e:   1.000000 | Q:        nan | won: False 
#  302 | steps:  3448 | steps_t:     0 | t: 1.241467 | r:  -520.000000 | e:   1.000000 | Q:        nan | won: False 
#  303 | steps:  3457 | steps_t:     0 | t: 1.244648 | r:  -508.000000 | e:   1.000000 | Q:        nan | won: False 
#  304 | steps:  3476 | steps_t:     0 | t: 1.251332 | r:  -518.000000 | e:   1.000000 | Q:        nan | won: False 
#  305 | steps:  3486 | steps_t:     0 | t: 1.254857 | r:  -509.000000 | e:   1.000000 | Q:        nan | won: False 
#  306 | steps:  3496 | steps_t:     0 | t: 1.258516 | r:  -509.000000 | e:   1.000000 | Q:        nan | won: False 
#  307 | steps:  3504 | steps_t:     0 | t: 1.261405 | r:  -507.000000 | e:   1.000000 | Q:        nan | won: False 
#  308 | steps:  3512 | steps_t:     0 | t: 1.264075 | r:  -507.000000 | e:   1.000000 | Q:        nan | won: False 
#  309 | steps:  3520 | steps_t:     0 | t: 1.266845 | r:  -507.000000 | e:   1.000000 | Q:        nan | won: False 
#  310 | steps:  3532 | steps_t:     0 | t: 1.271065 | r:  -511.000000 | e:   1.000000 | Q:        nan | won: False 
#  311 | steps:  3540 | steps_t:     0 | t: 1.273875 | r:  -507.000000 | e:   1.000000 | Q:        nan | won: False 
#  312 | steps:  3549 | steps_t:     0 | t: 1.277005 | r:  -508.000000 | e:   1.000000 | Q:        nan | won: False 
#  313 | steps:  3562 | steps_t:     0 | t: 1.281505 | r:  -512.000000 | e:   1.000000 | Q:        nan | won: False 
#  314 | steps:  3575 | steps_t:     0 | t: 1.285795 | r:  -512.000000 | e:   1.000000 | Q:        nan | won: False 
#  315 | steps:  3582 | steps_t:     0 | t: 1.288115 | r:  -506.000000 | e:   1.000000 | Q:        nan | won: False 
#  316 | steps:  3591 | steps_t:     0 | t: 1.291347 | r:  -508.000000 | e:   1.000000 | Q:        nan | won: False 
#  317 | steps:  3598 | steps_t:     0 | t: 1.293912 | r:  -506.000000 | e:   1.000000 | Q:        nan | won: False 
#  318 | steps:  3609 | steps_t:     0 | t: 1.297801 | r:  -510.000000 | e:   1.000000 | Q:        nan | won: False 
#  319 | steps:  3619 | steps_t:     0 | t: 1.301372 | r:  -509.000000 | e:   1.000000 | Q:        nan | won: False 
#  320 | steps:  3638 | steps_t:     0 | t: 1.307979 | r:  -518.000000 | e:   1.000000 | Q:        nan | won: False 
#  321 | steps:  3646 | steps_t:     0 | t: 1.310757 | r:  -507.000000 | e:   1.000000 | Q:        nan | won: False 
#  322 | steps:  3655 | steps_t:     0 | t: 1.313869 | r:  -508.000000 | e:   1.000000 | Q:        nan | won: False 
#  323 | steps:  3667 | steps_t:     0 | t: 1.317908 | r:  -511.000000 | e:   1.000000 | Q:        nan | won: False 
#  324 | steps:  3674 | steps_t:     0 | t: 1.320376 | r:  -506.000000 | e:   1.000000 | Q:        nan | won: False 
#  325 | steps:  3682 | steps_t:     0 | t: 1.323374 | r:  -507.000000 | e:   1.000000 | Q:        nan | won: False 
#  326 | steps:  3700 | steps_t:     0 | t: 1.329615 | r:  -517.000000 | e:   1.000000 | Q:        nan | won: False 
#  327 | steps:  3708 | steps_t:     0 | t: 1.332325 | r:  -507.000000 | e:   1.000000 | Q:        nan | won: False 
#  328 | steps:  3719 | steps_t:     0 | t: 1.336128 | r:  -510.000000 | e:   1.000000 | Q:        nan | won: False 
#  329 | steps:  3727 | steps_t:     0 | t: 1.338969 | r:  -507.000000 | e:   1.000000 | Q:        nan | won: False 
#  330 | steps:  3736 | steps_t:     0 | t: 1.342021 | r:  -508.000000 | e:   1.000000 | Q:        nan | won: False 
#  331 | steps:  3757 | steps_t:     0 | t: 1.349164 | r:  -520.000000 | e:   1.000000 | Q:        nan | won: False 
#  332 | steps:  3767 | steps_t:     0 | t: 1.352281 | r:  -509.000000 | e:   1.000000 | Q:        nan | won: False 
#  333 | steps:  3773 | steps_t:     0 | t: 1.354274 | r:  -505.000000 | e:   1.000000 | Q:        nan | won: False 
#  334 | steps:  3783 | steps_t:     0 | t: 1.358088 | r:  -509.000000 | e:   1.000000 | Q:        nan | won: False 
#  335 | steps:  3796 | steps_t:     0 | t: 1.362673 | r:  -512.000000 | e:   1.000000 | Q:        nan | won: False 
#  336 | steps:  3807 | steps_t:     0 | t: 1.366347 | r:  -510.000000 | e:   1.000000 | Q:        nan | won: False 
#  337 | steps:  3819 | steps_t:     0 | t: 1.370557 | r:  -511.000000 | e:   1.000000 | Q:        nan | won: False 
#  338 | steps:  3832 | steps_t:     0 | t: 1.375093 | r:  -512.000000 | e:   1.000000 | Q:        nan | won: False 
#  339 | steps:  3842 | steps_t:     0 | t: 1.378292 | r:  -509.000000 | e:   1.000000 | Q:        nan | won: False 
#  340 | steps:  3850 | steps_t:     0 | t: 1.380915 | r:  -507.000000 | e:   1.000000 | Q:        nan | won: False 
#  341 | steps:  3855 | steps_t:     0 | t: 1.382699 | r:  -504.000000 | e:   1.000000 | Q:        nan | won: False 
#  342 | steps:  3864 | steps_t:     0 | t: 1.386012 | r:  -508.000000 | e:   1.000000 | Q:        nan | won: False 
#  343 | steps:  3873 | steps_t:     0 | t: 1.389467 | r:  -508.000000 | e:   1.000000 | Q:        nan | won: False 
#  344 | steps:  3879 | steps_t:     0 | t: 1.391633 | r:  -505.000000 | e:   1.000000 | Q:        nan | won: False 
#  345 | steps:  3888 | steps_t:     0 | t: 1.394769 | r:  -508.000000 | e:   1.000000 | Q:        nan | won: False 
#  346 | steps:  3899 | steps_t:     0 | t: 1.398615 | r:  -510.000000 | e:   1.000000 | Q:        nan | won: False 
#  347 | steps:  3908 | steps_t:     0 | t: 1.401920 | r:  -508.000000 | e:   1.000000 | Q:        nan | won: False 
#  348 | steps:  3915 | steps_t:     0 | t: 1.404436 | r:  -506.000000 | e:   1.000000 | Q:        nan | won: False 
#  349 | steps:  3923 | steps_t:     0 | t: 1.407126 | r:  -507.000000 | e:   1.000000 | Q:        nan | won: False 
#  350 | steps:  3930 | steps_t:     0 | t: 1.409562 | r:  -506.000000 | e:   1.000000 | Q:        nan | won: False 
#  351 | steps:  3939 | steps_t:     0 | t: 1.412646 | r:  -508.000000 | e:   1.000000 | Q:        nan | won: False 
#  352 | steps:  3948 | steps_t:     0 | t: 1.415354 | r:  -508.000000 | e:   1.000000 | Q:        nan | won: False 
#  353 | steps:  3962 | steps_t:     0 | t: 1.419771 | r:  -513.000000 | e:   1.000000 | Q:        nan | won: False 
#  354 | steps:  3968 | steps_t:     0 | t: 1.421888 | r:  -505.000000 | e:   1.000000 | Q:        nan | won: False 
#  355 | steps:  3981 | steps_t:     0 | t: 1.426536 | r:  -512.000000 | e:   1.000000 | Q:        nan | won: False 
#  356 | steps:  3991 | steps_t:     0 | t: 1.429934 | r:  -509.000000 | e:   1.000000 | Q:        nan | won: False 
#  357 | steps:  4001 | steps_t:     0 | t: 1.433439 | r:  -509.000000 | e:   1.000000 | Q:        nan | won: False 
#  358 | steps:  4012 | steps_t:     0 | t: 1.437341 | r:  -510.000000 | e:   1.000000 | Q:        nan | won: False 
#  359 | steps:  4033 | steps_t:     0 | t: 1.444489 | r:  -520.000000 | e:   1.000000 | Q:        nan | won: False 
#  360 | steps:  4041 | steps_t:     0 | t: 1.447296 | r:  -507.000000 | e:   1.000000 | Q:        nan | won: False 
#  361 | steps:  4048 | steps_t:     0 | t: 1.449771 | r:  -506.000000 | e:   1.000000 | Q:        nan | won: False 
#  362 | steps:  4067 | steps_t:     0 | t: 1.456425 | r:  -518.000000 | e:   1.000000 | Q:        nan | won: False 
#  363 | steps:  4082 | steps_t:     0 | t: 1.461620 | r:  -514.000000 | e:   1.000000 | Q:        nan | won: False 
#  364 | steps:  4091 | steps_t:     0 | t: 1.464794 | r:  -508.000000 | e:   1.000000 | Q:        nan | won: False 
#  365 | steps:  4097 | steps_t:     0 | t: 1.466908 | r:  -505.000000 | e:   1.000000 | Q:        nan | won: False 
#  366 | steps:  4105 | steps_t:     0 | t: 1.469741 | r:  -507.000000 | e:   1.000000 | Q:        nan | won: False 
#  367 | steps:  4113 | steps_t:     0 | t: 1.472544 | r:  -507.000000 | e:   1.000000 | Q:        nan | won: False 
#  368 | steps:  4123 | steps_t:     0 | t: 1.476001 | r:  -509.000000 | e:   1.000000 | Q:        nan | won: False 
#  369 | steps:  4139 | steps_t:     0 | t: 1.480901 | r:  -504.000000 | e:   1.000000 | Q:        nan | won: False 
#  370 | steps:  4152 | steps_t:     0 | t: 1.485134 | r:  -512.000000 | e:   1.000000 | Q:        nan | won: False 
#  371 | steps:  4169 | steps_t:     0 | t: 1.491176 | r:  -516.000000 | e:   1.000000 | Q:        nan | won: False 
#  372 | steps:  4179 | steps_t:     0 | t: 1.494766 | r:  -509.000000 | e:   1.000000 | Q:        nan | won: False 
#  373 | steps:  4195 | steps_t:     0 | t: 1.500356 | r:  -515.000000 | e:   1.000000 | Q:        nan | won: False 
#  374 | steps:  4207 | steps_t:     0 | t: 1.504579 | r:  -511.000000 | e:   1.000000 | Q:        nan | won: False 
#  375 | steps:  4219 | steps_t:     0 | t: 1.508576 | r:  -511.000000 | e:   1.000000 | Q:        nan | won: False 
#  376 | steps:  4226 | steps_t:     0 | t: 1.510776 | r:  -506.000000 | e:   1.000000 | Q:        nan | won: False 
#  377 | steps:  4236 | steps_t:     0 | t: 1.513836 | r:  -509.000000 | e:   1.000000 | Q:        nan | won: False 
#  378 | steps:  4246 | steps_t:     0 | t: 1.517064 | r:  -509.000000 | e:   1.000000 | Q:        nan | won: False 
#  379 | steps:  4254 | steps_t:     0 | t: 1.519528 | r:  -507.000000 | e:   1.000000 | Q:        nan | won: False 
#  380 | steps:  4266 | steps_t:     0 | t: 1.523758 | r:  -511.000000 | e:   1.000000 | Q:        nan | won: False 
#  381 | steps:  4274 | steps_t:     0 | t: 1.526695 | r:  -507.000000 | e:   1.000000 | Q:        nan | won: False 
#  382 | steps:  4284 | steps_t:     0 | t: 1.530107 | r:  -509.000000 | e:   1.000000 | Q:        nan | won: False 
#  383 | steps:  4305 | steps_t:     0 | t: 1.537307 | r:  -520.000000 | e:   1.000000 | Q:        nan | won: False 
#  384 | steps:  4312 | steps_t:     0 | t: 1.539669 | r:  -506.000000 | e:   1.000000 | Q:        nan | won: False 
#  385 | steps:  4323 | steps_t:     0 | t: 1.543488 | r:  -510.000000 | e:   1.000000 | Q:        nan | won: False 
#  386 | steps:  4329 | steps_t:     0 | t: 1.545640 | r:  -505.000000 | e:   1.000000 | Q:        nan | won: False 
#  387 | steps:  4335 | steps_t:     0 | t: 1.547972 | r:  -505.000000 | e:   1.000000 | Q:        nan | won: False 
#  388 | steps:  4342 | steps_t:     0 | t: 1.550285 | r:  -506.000000 | e:   1.000000 | Q:        nan | won: False 
#  389 | steps:  4351 | steps_t:     0 | t: 1.553006 | r:  -508.000000 | e:   1.000000 | Q:        nan | won: False 
#  390 | steps:  4360 | steps_t:     0 | t: 1.556309 | r:  -508.000000 | e:   1.000000 | Q:        nan | won: False 
#  391 | steps:  4371 | steps_t:     0 | t: 1.560182 | r:  -510.000000 | e:   1.000000 | Q:        nan | won: False 
#  392 | steps:  4382 | steps_t:     0 | t: 1.563969 | r:  -510.000000 | e:   1.000000 | Q:        nan | won: False 
#  393 | steps:  4388 | steps_t:     0 | t: 1.566042 | r:  -505.000000 | e:   1.000000 | Q:        nan | won: False 
#  394 | steps:  4394 | steps_t:     0 | t: 1.568027 | r:  -505.000000 | e:   1.000000 | Q:        nan | won: False 
#  395 | steps:  4402 | steps_t:     0 | t: 1.570806 | r:  -507.000000 | e:   1.000000 | Q:        nan | won: False 
#  396 | steps:  4412 | steps_t:     0 | t: 1.574269 | r:  -509.000000 | e:   1.000000 | Q:        nan | won: False 
#  397 | steps:  4421 | steps_t:     0 | t: 1.577430 | r:  -508.000000 | e:   1.000000 | Q:        nan | won: False 
#  398 | steps:  4433 | steps_t:     0 | t: 1.581794 | r:  -511.000000 | e:   1.000000 | Q:        nan | won: False 
#  399 | steps:  4444 | steps_t:     0 | t: 1.585687 | r:  -510.000000 | e:   1.000000 | Q:        nan | won: False 
#  400 | steps:  4465 | steps_t:     0 | t: 1.593147 | r:  -520.000000 | e:   1.000000 | Q:        nan | won: False 
#  401 | steps:  4480 | steps_t:     0 | t: 1.598457 | r:  -514.000000 | e:   1.000000 | Q:        nan | won: False 
#  402 | steps:  4487 | steps_t:     0 | t: 1.601173 | r:  -506.000000 | e:   1.000000 | Q:        nan | won: False 
#  403 | steps:  4496 | steps_t:     0 | t: 1.604236 | r:  -508.000000 | e:   1.000000 | Q:        nan | won: False 
#  404 | steps:  4505 | steps_t:     0 | t: 1.607365 | r:  -508.000000 | e:   1.000000 | Q:        nan | won: False 
#  405 | steps:  4515 | steps_t:     0 | t: 1.611005 | r:  -509.000000 | e:   1.000000 | Q:        nan | won: False 
#  406 | steps:  4524 | steps_t:     0 | t: 1.614304 | r:  -508.000000 | e:   1.000000 | Q:        nan | won: False 
#  407 | steps:  4535 | steps_t:     0 | t: 1.618161 | r:  -510.000000 | e:   1.000000 | Q:        nan | won: False 
#  408 | steps:  4545 | steps_t:     0 | t: 1.621785 | r:  -509.000000 | e:   1.000000 | Q:        nan | won: False 
#  409 | steps:  4552 | steps_t:     0 | t: 1.624334 | r:  -506.000000 | e:   1.000000 | Q:        nan | won: False 
#  410 | steps:  4558 | steps_t:     0 | t: 1.626420 | r:  -505.000000 | e:   1.000000 | Q:        nan | won: False 
#  411 | steps:  4567 | steps_t:     0 | t: 1.629404 | r:  -508.000000 | e:   1.000000 | Q:        nan | won: False 
#  412 | steps:  4576 | steps_t:     0 | t: 1.632537 | r:  -508.000000 | e:   1.000000 | Q:        nan | won: False 
#  413 | steps:  4582 | steps_t:     0 | t: 1.634695 | r:  -505.000000 | e:   1.000000 | Q:        nan | won: False 
#  414 | steps:  4600 | steps_t:     0 | t: 1.640970 | r:  -506.000000 | e:   1.000000 | Q:        nan | won: False 
#  415 | steps:  4613 | steps_t:     0 | t: 1.645686 | r:  -512.000000 | e:   1.000000 | Q:        nan | won: False 
#  416 | steps:  4621 | steps_t:     0 | t: 1.648553 | r:  -507.000000 | e:   1.000000 | Q:        nan | won: False 
#  417 | steps:  4633 | steps_t:     0 | t: 1.652726 | r:  -511.000000 | e:   1.000000 | Q:        nan | won: False 
#  418 | steps:  4642 | steps_t:     0 | t: 1.656003 | r:  -508.000000 | e:   1.000000 | Q:        nan | won: False 
#  419 | steps:  4661 | steps_t:     0 | t: 1.662646 | r:  -518.000000 | e:   1.000000 | Q:        nan | won: False 
#  420 | steps:  4667 | steps_t:     0 | t: 1.664779 | r:  -505.000000 | e:   1.000000 | Q:        nan | won: False 
#  421 | steps:  4676 | steps_t:     0 | t: 1.667959 | r:  -508.000000 | e:   1.000000 | Q:        nan | won: False 
#  422 | steps:  4686 | steps_t:     0 | t: 1.671447 | r:  -509.000000 | e:   1.000000 | Q:        nan | won: False 
#  423 | steps:  4703 | steps_t:     0 | t: 1.677397 | r:  -505.000000 | e:   1.000000 | Q:        nan | won: False 
#  424 | steps:  4709 | steps_t:     0 | t: 1.679606 | r:  -505.000000 | e:   1.000000 | Q:        nan | won: False 
#  425 | steps:  4715 | steps_t:     0 | t: 1.681735 | r:  -505.000000 | e:   1.000000 | Q:        nan | won: False 
#  426 | steps:  4721 | steps_t:     0 | t: 1.683869 | r:  -505.000000 | e:   1.000000 | Q:        nan | won: False 
#  427 | steps:  4737 | steps_t:     0 | t: 1.689310 | r:  -515.000000 | e:   1.000000 | Q:        nan | won: False 
#  428 | steps:  4751 | steps_t:     0 | t: 1.694101 | r:  -513.000000 | e:   1.000000 | Q:        nan | won: False 
#  429 | steps:  4758 | steps_t:     0 | t: 1.696436 | r:  -506.000000 | e:   1.000000 | Q:        nan | won: False 
#  430 | steps:  4765 | steps_t:     0 | t: 1.698872 | r:  -506.000000 | e:   1.000000 | Q:        nan | won: False 
#  431 | steps:  4783 | steps_t:     0 | t: 1.705135 | r:  -517.000000 | e:   1.000000 | Q:        nan | won: False 
#  432 | steps:  4804 | steps_t:     0 | t: 1.712695 | r:  -520.000000 | e:   1.000000 | Q:        nan | won: False 
#  433 | steps:  4812 | steps_t:     0 | t: 1.715591 | r:  -507.000000 | e:   1.000000 | Q:        nan | won: False 
#  434 | steps:  4822 | steps_t:     0 | t: 1.719190 | r:  -509.000000 | e:   1.000000 | Q:        nan | won: False 
#  435 | steps:  4833 | steps_t:     0 | t: 1.723069 | r:  -510.000000 | e:   1.000000 | Q:        nan | won: False 
#  436 | steps:  4841 | steps_t:     0 | t: 1.725771 | r:  -507.000000 | e:   1.000000 | Q:        nan | won: False 
#  437 | steps:  4856 | steps_t:     0 | t: 1.731090 | r:  -492.000000 | e:   1.000000 | Q:        nan | won: False 
#  438 | steps:  4867 | steps_t:     0 | t: 1.734526 | r:  -510.000000 | e:   1.000000 | Q:        nan | won: False 
#  439 | steps:  4875 | steps_t:     0 | t: 1.737108 | r:  -507.000000 | e:   1.000000 | Q:        nan | won: False 
#  440 | steps:  4886 | steps_t:     0 | t: 1.740992 | r:  -510.000000 | e:   1.000000 | Q:        nan | won: False 
#  441 | steps:  4894 | steps_t:     0 | t: 1.743997 | r:  -507.000000 | e:   1.000000 | Q:        nan | won: False 
#  442 | steps:  4900 | steps_t:     0 | t: 1.745997 | r:  -505.000000 | e:   1.000000 | Q:        nan | won: False 
#  443 | steps:  4921 | steps_t:     0 | t: 1.753295 | r:  -520.000000 | e:   1.000000 | Q:        nan | won: False 
#  444 | steps:  4932 | steps_t:     0 | t: 1.757203 | r:  -510.000000 | e:   1.000000 | Q:        nan | won: False 
#  445 | steps:  4946 | steps_t:     0 | t: 1.762061 | r:  -513.000000 | e:   1.000000 | Q:        nan | won: False 
#  446 | steps:  4957 | steps_t:     0 | t: 1.765741 | r:  -510.000000 | e:   1.000000 | Q:        nan | won: False 
#  447 | steps:  4966 | steps_t:     0 | t: 1.768902 | r:  -508.000000 | e:   1.000000 | Q:        nan | won: False 
#  448 | steps:  4975 | steps_t:     0 | t: 1.772171 | r:  -508.000000 | e:   1.000000 | Q:        nan | won: False 
#  449 | steps:  4983 | steps_t:     0 | t: 1.775061 | r:  -507.000000 | e:   1.000000 | Q:        nan | won: False 
#  450 | steps:  4993 | steps_t:     0 | t: 1.778564 | r:  -509.000000 | e:   1.000000 | Q:        nan | won: False 
#  451 | steps:  5000 | steps_t:     0 | t: 1.781002 | r:  -506.000000 | e:   1.000000 | Q:        nan | won: False 
#  452 | steps:  5011 | steps_t:     9 | t: 1.966884 | r:  -510.000000 | e:   0.999100 | Q:        nan | won: False 
#  453 | steps:  5019 | steps_t:    16 | t: 2.020660 | r:  -507.000000 | e:   0.998400 | Q:        nan | won: False 
#  454 | steps:  5027 | steps_t:    23 | t: 2.070315 | r:  -507.000000 | e:   0.997700 | Q:        nan | won: False 
#  455 | steps:  5049 | steps_t:    44 | t: 2.221944 | r:  -521.000000 | e:   0.995600 | Q:        nan | won: False 
#  456 | steps:  5057 | steps_t:    51 | t: 2.272660 | r:  -507.000000 | e:   0.994900 | Q:        nan | won: False 
#  457 | steps:  5065 | steps_t:    58 | t: 2.324195 | r:  -507.000000 | e:   0.994200 | Q:        nan | won: False 
#  458 | steps:  5074 | steps_t:    66 | t: 2.380866 | r:  -508.000000 | e:   0.993400 | Q:        nan | won: False 
#  459 | steps:  5086 | steps_t:    77 | t: 2.457563 | r:  -511.000000 | e:   0.992300 | Q:        nan | won: False 
#  460 | steps:  5094 | steps_t:    84 | t: 2.508600 | r:  -507.000000 | e:   0.991600 | Q:        nan | won: False 
#  461 | steps:  5151 | steps_t:   140 | t: 2.890648 | r:  -545.000000 | e:   0.986000 | Q:        nan | won: False 
#  462 | steps:  5164 | steps_t:   152 | t: 2.975070 | r:  -512.000000 | e:   0.984800 | Q:        nan | won: False 
#  463 | steps:  5172 | steps_t:   159 | t: 3.024660 | r:  -507.000000 | e:   0.984100 | Q:        nan | won: False 
#  464 | steps:  5180 | steps_t:   166 | t: 3.071283 | r:  -507.000000 | e:   0.983400 | Q:        nan | won: False 
#  465 | steps:  5194 | steps_t:   179 | t: 3.160449 | r:  -513.000000 | e:   0.982100 | Q:        nan | won: False 
#  466 | steps:  5203 | steps_t:   187 | t: 3.223204 | r:  -508.000000 | e:   0.981300 | Q:        nan | won: False 
#  467 | steps:  5210 | steps_t:   193 | t: 3.265138 | r:  -506.000000 | e:   0.980700 | Q:        nan | won: False 
#  468 | steps:  5221 | steps_t:   203 | t: 3.335902 | r:  -510.000000 | e:   0.979700 | Q: -293.065765 | won: False 
#  469 | steps:  5237 | steps_t:   218 | t: 3.447469 | r:  -504.000000 | e:   0.978200 | Q: -284.912933 | won: False 
#  470 | steps:  5251 | steps_t:   231 | t: 3.545250 | r:  -513.000000 | e:   0.976900 | Q: -297.607056 | won: False 
#  471 | steps:  5258 | steps_t:   237 | t: 3.591082 | r:  -506.000000 | e:   0.976300 | Q:        nan | won: False 
#  472 | steps:  5267 | steps_t:   245 | t: 3.647185 | r:  -508.000000 | e:   0.975500 | Q:        nan | won: False 
#  473 | steps:  5274 | steps_t:   251 | t: 3.691930 | r:  -506.000000 | e:   0.974900 | Q: -307.140045 | won: False 
#  474 | steps:  5285 | steps_t:   261 | t: 3.760183 | r:  -510.000000 | e:   0.973900 | Q:        nan | won: False 
#  475 | steps:  5293 | steps_t:   268 | t: 3.811596 | r:  -507.000000 | e:   0.973200 | Q: -330.019623 | won: False 
#  476 | steps:  5302 | steps_t:   276 | t: 3.870403 | r:  -508.000000 | e:   0.972400 | Q:        nan | won: False 
#  477 | steps:  5311 | steps_t:   284 | t: 3.924755 | r:  -508.000000 | e:   0.971600 | Q:        nan | won: False 
#  478 | steps:  5319 | steps_t:   291 | t: 3.974253 | r:  -507.000000 | e:   0.970900 | Q:        nan | won: False 
#  479 | steps:  5330 | steps_t:   301 | t: 4.042223 | r:  -510.000000 | e:   0.969900 | Q:        nan | won: False 
#  480 | steps:  5340 | steps_t:   310 | t: 4.106997 | r:  -509.000000 | e:   0.969000 | Q:        nan | won: False 
#  481 | steps:  5349 | steps_t:   318 | t: 4.166843 | r:  -508.000000 | e:   0.968200 | Q: -283.056061 | won: False 
#  482 | steps:  5366 | steps_t:   334 | t: 4.276713 | r:  -516.000000 | e:   0.966600 | Q:        nan | won: False 
#  483 | steps:  5377 | steps_t:   344 | t: 4.349549 | r:  -510.000000 | e:   0.965600 | Q:        nan | won: False 
#  484 | steps:  5387 | steps_t:   353 | t: 4.417545 | r:  -509.000000 | e:   0.964700 | Q: -353.634613 | won: False 
#  485 | steps:  5395 | steps_t:   360 | t: 4.466508 | r:  -507.000000 | e:   0.964000 | Q: -341.115356 | won: False 
#  486 | steps:  5410 | steps_t:   374 | t: 4.567007 | r:  -492.000000 | e:   0.962600 | Q:        nan | won: False 
#  487 | steps:  5418 | steps_t:   381 | t: 4.616030 | r:  -507.000000 | e:   0.961900 | Q:        nan | won: False 
#  488 | steps:  5429 | steps_t:   391 | t: 4.686951 | r:  -510.000000 | e:   0.960900 | Q:        nan | won: False 
#  489 | steps:  5440 | steps_t:   401 | t: 4.757001 | r:  -510.000000 | e:   0.959900 | Q:        nan | won: False 
#  490 | steps:  5452 | steps_t:   412 | t: 4.834824 | r:  -511.000000 | e:   0.958800 | Q:        nan | won: False 
#  491 | steps:  5469 | steps_t:   428 | t: 4.952882 | r:  -516.000000 | e:   0.957200 | Q:        nan | won: False 
#  492 | steps:  5484 | steps_t:   442 | t: 5.050606 | r:  -514.000000 | e:   0.955800 | Q: -302.182098 | won: False 
#  493 | steps:  5494 | steps_t:   451 | t: 5.118786 | r:  -509.000000 | e:   0.954900 | Q: -273.976227 | won: False 
#  494 | steps:  5506 | steps_t:   462 | t: 5.202831 | r:  -511.000000 | e:   0.953800 | Q: -274.114227 | won: False 
#  495 | steps:  5525 | steps_t:   480 | t: 5.326476 | r:  -496.000000 | e:   0.952000 | Q:        nan | won: False 
#  496 | steps:  5536 | steps_t:   490 | t: 5.399829 | r:  -510.000000 | e:   0.951000 | Q:        nan | won: False 
#  497 | steps:  5544 | steps_t:   497 | t: 5.449810 | r:  -507.000000 | e:   0.950300 | Q:        nan | won: False 
#  498 | steps:  5551 | steps_t:   503 | t: 5.491030 | r:  -506.000000 | e:   0.949700 | Q:        nan | won: False 
#  499 | steps:  5572 | steps_t:   523 | t: 5.634873 | r:  -520.000000 | e:   0.947700 | Q: -321.912964 | won: False 
#  500 | steps:  5590 | steps_t:   540 | t: 5.756234 | r:  -517.000000 | e:   0.946000 | Q: -302.068329 | won: False 
#  501 | steps:  5596 | steps_t:   545 | t: 5.794705 | r:  -505.000000 | e:   0.945500 | Q:        nan | won: False 
#  502 | steps:  5605 | steps_t:   553 | t: 5.854731 | r:  -508.000000 | e:   0.944700 | Q: -313.499512 | won: False 
#  503 | steps:  5615 | steps_t:   562 | t: 5.916643 | r:  -509.000000 | e:   0.943800 | Q:        nan | won: False 
#  504 | steps:  5622 | steps_t:   568 | t: 5.959540 | r:  -506.000000 | e:   0.943200 | Q:        nan | won: False 
#  505 | steps:  5641 | steps_t:   586 | t: 6.083652 | r:  -518.000000 | e:   0.941400 | Q: -298.567993 | won: False 
#  506 | steps:  5652 | steps_t:   596 | t: 6.154949 | r:  -510.000000 | e:   0.940400 | Q:        nan | won: False 
#  507 | steps:  5661 | steps_t:   604 | t: 6.209709 | r:  -508.000000 | e:   0.939600 | Q: -328.441589 | won: False 
#  508 | steps:  5668 | steps_t:   610 | t: 6.251923 | r:  -506.000000 | e:   0.939000 | Q:        nan | won: False 
#  509 | steps:  5675 | steps_t:   616 | t: 6.298038 | r:  -506.000000 | e:   0.938400 | Q: -325.785187 | won: False 
#  510 | steps:  5682 | steps_t:   622 | t: 6.339486 | r:  -506.000000 | e:   0.937800 | Q:        nan | won: False 
#  511 | steps:  5694 | steps_t:   633 | t: 6.419169 | r:  -511.000000 | e:   0.936700 | Q:        nan | won: False 
#  512 | steps:  5705 | steps_t:   643 | t: 6.490349 | r:  -510.000000 | e:   0.935700 | Q:        nan | won: False 
#  513 | steps:  5713 | steps_t:   650 | t: 6.538031 | r:  -507.000000 | e:   0.935000 | Q:        nan | won: False 
#  514 | steps:  5723 | steps_t:   659 | t: 6.603040 | r:  -509.000000 | e:   0.934100 | Q: -290.506042 | won: False 
#  515 | steps:  5731 | steps_t:   666 | t: 6.655639 | r:  -507.000000 | e:   0.933400 | Q: -279.715698 | won: False 
#  516 | steps:  5743 | steps_t:   677 | t: 6.733533 | r:  -511.000000 | e:   0.932300 | Q:        nan | won: False 
#  517 | steps:  5754 | steps_t:   687 | t: 6.804652 | r:  -510.000000 | e:   0.931300 | Q: -300.971680 | won: False 
#  518 | steps:  5762 | steps_t:   694 | t: 6.854430 | r:  -507.000000 | e:   0.930600 | Q:        nan | won: False 
#  519 | steps:  5773 | steps_t:   704 | t: 6.922095 | r:  -510.000000 | e:   0.929600 | Q:        nan | won: False 
#  520 | steps:  5779 | steps_t:   709 | t: 6.959423 | r:  -505.000000 | e:   0.929100 | Q:        nan | won: False 
#  521 | steps:  5786 | steps_t:   715 | t: 7.001106 | r:  -506.000000 | e:   0.928500 | Q:        nan | won: False 
#  522 | steps:  5796 | steps_t:   724 | t: 7.063291 | r:  -509.000000 | e:   0.927600 | Q:        nan | won: False 
#  523 | steps:  5807 | steps_t:   734 | t: 7.138254 | r:  -510.000000 | e:   0.926600 | Q: -320.461029 | won: False 
#  524 | steps:  5816 | steps_t:   742 | t: 7.195583 | r:  -508.000000 | e:   0.925800 | Q:        nan | won: False 
#  525 | steps:  5823 | steps_t:   748 | t: 7.238623 | r:  -506.000000 | e:   0.925200 | Q:        nan | won: False 
#  526 | steps:  5843 | steps_t:   767 | t: 7.374402 | r:  -519.000000 | e:   0.923300 | Q: -298.906189 | won: False 
#  527 | steps:  5850 | steps_t:   773 | t: 7.419822 | r:  -506.000000 | e:   0.922700 | Q:        nan | won: False 
#  528 | steps:  5859 | steps_t:   781 | t: 7.475874 | r:  -508.000000 | e:   0.921900 | Q:        nan | won: False 
#  529 | steps:  5872 | steps_t:   793 | t: 7.559088 | r:  -512.000000 | e:   0.920700 | Q:        nan | won: False 
#  530 | steps:  5879 | steps_t:   799 | t: 7.600979 | r:  -506.000000 | e:   0.920100 | Q: -290.496918 | won: False 
#  531 | steps:  5888 | steps_t:   807 | t: 7.662122 | r:  -508.000000 | e:   0.919300 | Q:        nan | won: False 
#  532 | steps:  5903 | steps_t:   821 | t: 7.763033 | r:  -514.000000 | e:   0.917900 | Q: -297.582520 | won: False 
#  533 | steps:  5914 | steps_t:   831 | t: 7.836124 | r:  -510.000000 | e:   0.916900 | Q: -301.381561 | won: False 
#  534 | steps:  5922 | steps_t:   838 | t: 7.886385 | r:  -507.000000 | e:   0.916200 | Q:        nan | won: False 
#  535 | steps:  5933 | steps_t:   848 | t: 7.959955 | r:  -510.000000 | e:   0.915200 | Q:        nan | won: False 
#  536 | steps:  5942 | steps_t:   856 | t: 8.016224 | r:  -508.000000 | e:   0.914400 | Q:        nan | won: False 
#  537 | steps:  5956 | steps_t:   869 | t: 8.111730 | r:  -513.000000 | e:   0.913100 | Q: -314.618164 | won: False 
#  538 | steps:  5969 | steps_t:   881 | t: 8.199365 | r:  -512.000000 | e:   0.911900 | Q: -325.757019 | won: False 
#  539 | steps:  5983 | steps_t:   894 | t: 8.291292 | r:  -513.000000 | e:   0.910600 | Q: -322.401184 | won: False 
#  540 | steps:  5991 | steps_t:   901 | t: 8.342942 | r:  -507.000000 | e:   0.909900 | Q: -345.321442 | won: False 
#  541 | steps:  6003 | steps_t:   912 | t: 8.425694 | r:  -511.000000 | e:   0.908800 | Q: -341.245331 | won: False 
#  542 | steps:  6026 | steps_t:   934 | t: 8.587395 | r:  -522.000000 | e:   0.906600 | Q: -312.430908 | won: False 
#  543 | steps:  6035 | steps_t:   942 | t: 8.645558 | r:  -508.000000 | e:   0.905800 | Q:        nan | won: False 
#  544 | steps:  6044 | steps_t:   950 | t: 8.703769 | r:  -508.000000 | e:   0.905000 | Q: -262.416595 | won: False 
#  545 | steps:  6054 | steps_t:   959 | t: 8.772031 | r:  -509.000000 | e:   0.904100 | Q: -268.130707 | won: False 
#  546 | steps:  6062 | steps_t:   966 | t: 8.821129 | r:  -507.000000 | e:   0.903400 | Q:        nan | won: False 
#  547 | steps:  6072 | steps_t:   975 | t: 8.882825 | r:  -509.000000 | e:   0.902500 | Q:        nan | won: False 
#  548 | steps:  6082 | steps_t:   984 | t: 8.947949 | r:  -509.000000 | e:   0.901600 | Q: -282.485504 | won: False 
#  549 | steps:  6087 | steps_t:   988 | t: 8.979764 | r:  -504.000000 | e:   0.901200 | Q: -274.875427 | won: False 
#  550 | steps:  6098 | steps_t:   998 | t: 9.050828 | r:  -510.000000 | e:   0.900200 | Q:        nan | won: False 
#  551 | steps:  6112 | steps_t:  1011 | t: 9.144493 | r:  -513.000000 | e:   0.898900 | Q: -300.606903 | won: False 
#  552 | steps:  6120 | steps_t:  1018 | t: 9.198437 | r:  -507.000000 | e:   0.898200 | Q:        nan | won: False 
#  553 | steps:  6130 | steps_t:  1027 | t: 9.259974 | r:  -509.000000 | e:   0.897300 | Q: -283.132080 | won: False 
#  554 | steps:  6148 | steps_t:  1044 | t: 9.379055 | r:  -517.000000 | e:   0.895600 | Q: -273.134491 | won: False 
#  555 | steps:  6157 | steps_t:  1052 | t: 9.434739 | r:  -508.000000 | e:   0.894800 | Q:        nan | won: False 
#  556 | steps:  6169 | steps_t:  1063 | t: 9.515717 | r:  -511.000000 | e:   0.893700 | Q: -324.403870 | won: False 
#  557 | steps:  6179 | steps_t:  1072 | t: 9.577586 | r:  -509.000000 | e:   0.892800 | Q: -322.383575 | won: False 
#  558 | steps:  6187 | steps_t:  1079 | t: 9.628938 | r:  -507.000000 | e:   0.892100 | Q:        nan | won: False 
#  559 | steps:  6198 | steps_t:  1089 | t: 9.701179 | r:  -510.000000 | e:   0.891100 | Q: -303.916565 | won: False 
#  560 | steps:  6220 | steps_t:  1110 | t: 9.853809 | r:  -521.000000 | e:   0.889000 | Q: -268.172058 | won: False 
#  561 | steps:  6238 | steps_t:  1127 | t: 9.983208 | r:  -517.000000 | e:   0.887300 | Q: -278.685303 | won: False 
#  562 | steps:  6252 | steps_t:  1140 | t: 10.077794 | r:  -502.000000 | e:   0.886000 | Q: -313.757477 | won: False 
#  563 | steps:  6261 | steps_t:  1148 | t: 10.133924 | r:  -508.000000 | e:   0.885200 | Q: -319.255859 | won: False 
#  564 | steps:  6268 | steps_t:  1154 | t: 10.174438 | r:  -506.000000 | e:   0.884600 | Q:        nan | won: False 
#  565 | steps:  6279 | steps_t:  1164 | t: 10.244314 | r:  -510.000000 | e:   0.883600 | Q:        nan | won: False 
#  566 | steps:  6288 | steps_t:  1172 | t: 10.302085 | r:  -508.000000 | e:   0.882800 | Q:        nan | won: False 
#  567 | steps:  6309 | steps_t:  1192 | t: 10.445966 | r:  -520.000000 | e:   0.880800 | Q: -326.584595 | won: False 
#  568 | steps:  6316 | steps_t:  1198 | t: 10.491430 | r:  -506.000000 | e:   0.880200 | Q: -310.329498 | won: False 
#  569 | steps:  6331 | steps_t:  1212 | t: 10.600428 | r:  -503.000000 | e:   0.878800 | Q: -278.469788 | won: False 
#  570 | steps:  6338 | steps_t:  1218 | t: 10.645489 | r:  -506.000000 | e:   0.878200 | Q:        nan | won: False 
#  571 | steps:  6344 | steps_t:  1223 | t: 10.681518 | r:  -505.000000 | e:   0.877700 | Q: -294.052460 | won: False 
#  572 | steps:  6350 | steps_t:  1228 | t: 10.716415 | r:  -505.000000 | e:   0.877200 | Q:        nan | won: False 
#  573 | steps:  6358 | steps_t:  1235 | t: 10.767727 | r:  -507.000000 | e:   0.876500 | Q: -306.118256 | won: False 
#  574 | steps:  6365 | steps_t:  1241 | t: 10.808510 | r:  -506.000000 | e:   0.875900 | Q:        nan | won: False 
#  575 | steps:  6372 | steps_t:  1247 | t: 10.851791 | r:  -506.000000 | e:   0.875300 | Q:        nan | won: False 
#  576 | steps:  6394 | steps_t:  1268 | t: 11.007360 | r:  -521.000000 | e:   0.873200 | Q: -323.659760 | won: False 
#  577 | steps:  6404 | steps_t:  1277 | t: 11.071242 | r:  -509.000000 | e:   0.872300 | Q: -323.333069 | won: False 
#  578 | steps:  6414 | steps_t:  1286 | t: 11.140976 | r:  -509.000000 | e:   0.871400 | Q: -323.972656 | won: False 
#  579 | steps:  6420 | steps_t:  1291 | t: 11.180308 | r:  -505.000000 | e:   0.870900 | Q:        nan | won: False 
#  580 | steps:  6432 | steps_t:  1302 | t: 11.262867 | r:  -511.000000 | e:   0.869800 | Q: -321.981750 | won: False 
#  581 | steps:  6446 | steps_t:  1315 | t: 11.359348 | r:  -513.000000 | e:   0.868500 | Q: -315.984924 | won: False 
#  582 | steps:  6452 | steps_t:  1320 | t: 11.399536 | r:  -505.000000 | e:   0.868000 | Q: -319.432495 | won: False 
#  583 | steps:  6460 | steps_t:  1327 | t: 11.454664 | r:  -507.000000 | e:   0.867300 | Q: -309.181458 | won: False 
#  584 | steps:  6469 | steps_t:  1335 | t: 11.511244 | r:  -508.000000 | e:   0.866500 | Q:        nan | won: False 
#  585 | steps:  6478 | steps_t:  1343 | t: 11.569278 | r:  -508.000000 | e:   0.865700 | Q:        nan | won: False 
#  586 | steps:  6490 | steps_t:  1354 | t: 11.657207 | r:  -511.000000 | e:   0.864600 | Q: -341.492615 | won: False 
#  587 | steps:  6505 | steps_t:  1368 | t: 11.759362 | r:  -503.000000 | e:   0.863200 | Q: -361.250732 | won: False 
#  588 | steps:  6512 | steps_t:  1374 | t: 11.804348 | r:  -506.000000 | e:   0.862600 | Q:        nan | won: False 
#  589 | steps:  6529 | steps_t:  1390 | t: 11.924654 | r:  -505.000000 | e:   0.861000 | Q: -284.349243 | won: False 
#  590 | steps:  6538 | steps_t:  1398 | t: 11.982325 | r:  -508.000000 | e:   0.860200 | Q: -292.901489 | won: False 
#  591 | steps:  6563 | steps_t:  1422 | t: 12.170206 | r:  -524.000000 | e:   0.857800 | Q: -270.582703 | won: False 
#  592 | steps:  6574 | steps_t:  1432 | t: 12.244137 | r:  -510.000000 | e:   0.856800 | Q: -294.414948 | won: False 
#  593 | steps:  6589 | steps_t:  1446 | t: 12.351347 | r:  -514.000000 | e:   0.855400 | Q: -323.945801 | won: False 
#  594 | steps:  6597 | steps_t:  1453 | t: 12.404316 | r:  -507.000000 | e:   0.854700 | Q: -338.300751 | won: False 
#  595 | steps:  6612 | steps_t:  1467 | t: 12.509028 | r:  -514.000000 | e:   0.853300 | Q: -322.032776 | won: False 
#  596 | steps:  6623 | steps_t:  1477 | t: 12.586074 | r:  -510.000000 | e:   0.852300 | Q: -304.072021 | won: False 
#  597 | steps:  6631 | steps_t:  1484 | t: 12.642379 | r:  -507.000000 | e:   0.851600 | Q:        nan | won: False 
#  598 | steps:  6641 | steps_t:  1493 | t: 12.707133 | r:  -509.000000 | e:   0.850700 | Q: -315.205444 | won: False 
#  599 | steps:  6658 | steps_t:  1509 | t: 12.824741 | r:  -516.000000 | e:   0.849100 | Q: -327.011505 | won: False 
#  600 | steps:  6669 | steps_t:  1519 | t: 12.898635 | r:  -510.000000 | e:   0.848100 | Q:        nan | won: False 
#  601 | steps:  6678 | steps_t:  1527 | t: 12.959081 | r:  -508.000000 | e:   0.847300 | Q: -310.908417 | won: False 
#  602 | steps:  6685 | steps_t:  1533 | t: 13.006081 | r:  -506.000000 | e:   0.846700 | Q:        nan | won: False 
#  603 | steps:  6693 | steps_t:  1540 | t: 13.058312 | r:  -507.000000 | e:   0.846000 | Q: -328.051697 | won: False 
#  604 | steps:  6704 | steps_t:  1550 | t: 13.135967 | r:  -510.000000 | e:   0.845000 | Q: -363.369385 | won: False 
#  605 | steps:  6729 | steps_t:  1574 | t: 13.311177 | r:  -524.000000 | e:   0.842600 | Q: -339.916138 | won: False 
#  606 | steps:  6738 | steps_t:  1582 | t: 13.370962 | r:  -508.000000 | e:   0.841800 | Q:        nan | won: False 
#  607 | steps:  6744 | steps_t:  1587 | t: 13.413603 | r:  -505.000000 | e:   0.841300 | Q: -272.494659 | won: False 
#  608 | steps:  6762 | steps_t:  1604 | t: 13.548624 | r:  -517.000000 | e:   0.839600 | Q: -268.145020 | won: False 
#  609 | steps:  6770 | steps_t:  1611 | t: 13.608627 | r:  -507.000000 | e:   0.838900 | Q: -278.784088 | won: False 
#  610 | steps:  6795 | steps_t:  1635 | t: 13.797539 | r:  -524.000000 | e:   0.836500 | Q: -290.089813 | won: False 
#  611 | steps:  6806 | steps_t:  1645 | t: 13.876638 | r:  -510.000000 | e:   0.835500 | Q: -310.494690 | won: False 
#  612 | steps:  6816 | steps_t:  1654 | t: 13.948881 | r:  -509.000000 | e:   0.834600 | Q: -318.679474 | won: False 
#  613 | steps:  6823 | steps_t:  1660 | t: 13.996748 | r:  -506.000000 | e:   0.834000 | Q: -298.971252 | won: False 
#  614 | steps:  6838 | steps_t:  1674 | t: 14.104465 | r:  -503.000000 | e:   0.832600 | Q: -289.449951 | won: False 
#  615 | steps:  6861 | steps_t:  1696 | t: 14.280788 | r:  -522.000000 | e:   0.830400 | Q: -291.440125 | won: False 
#  616 | steps:  6871 | steps_t:  1705 | t: 14.360279 | r:  -509.000000 | e:   0.829500 | Q: -305.210754 | won: False 
#  617 | steps:  6890 | steps_t:  1723 | t: 14.497832 | r:  -518.000000 | e:   0.827700 | Q:        nan | won: False 
#  618 | steps:  6905 | steps_t:  1737 | t: 14.622643 | r:  -492.000000 | e:   0.826300 | Q: -318.502289 | won: False 
#  619 | steps:  6919 | steps_t:  1750 | t: 14.732042 | r:  -513.000000 | e:   0.825000 | Q: -337.798920 | won: False 
#  620 | steps:  6927 | steps_t:  1757 | t: 14.788081 | r:  -507.000000 | e:   0.824300 | Q:        nan | won: False 
#  621 | steps:  6935 | steps_t:  1764 | t: 14.854727 | r:  -507.000000 | e:   0.823600 | Q: -308.887909 | won: False 
#  622 | steps:  6941 | steps_t:  1769 | t: 14.899923 | r:  -505.000000 | e:   0.823100 | Q:        nan | won: False 
#  623 | steps:  6951 | steps_t:  1778 | t: 14.978399 | r:  -509.000000 | e:   0.822200 | Q:        nan | won: False 
#  624 | steps:  6965 | steps_t:  1791 | t: 15.088914 | r:  -513.000000 | e:   0.820900 | Q: -316.368896 | won: False 
#  625 | steps:  6972 | steps_t:  1797 | t: 15.141024 | r:  -506.000000 | e:   0.820300 | Q: -307.961151 | won: False 
#  626 | steps:  6981 | steps_t:  1805 | t: 15.208225 | r:  -508.000000 | e:   0.819500 | Q: -307.156708 | won: False 
#  627 | steps:  6993 | steps_t:  1816 | t: 15.308751 | r:  -511.000000 | e:   0.818400 | Q: -290.027893 | won: False 
#  628 | steps:  7001 | steps_t:  1823 | t: 15.370316 | r:  -507.000000 | e:   0.817700 | Q:        nan | won: False 
#  629 | steps:  7021 | steps_t:  1842 | t: 15.543622 | r:  -508.000000 | e:   0.815800 | Q: -269.942963 | won: False 
#  630 | steps:  7036 | steps_t:  1856 | t: 15.653187 | r:  -514.000000 | e:   0.814400 | Q: -308.323547 | won: False 
#  631 | steps:  7043 | steps_t:  1862 | t: 15.702147 | r:  -506.000000 | e:   0.813800 | Q:        nan | won: False 
#  632 | steps:  7054 | steps_t:  1872 | t: 15.785868 | r:  -510.000000 | e:   0.812800 | Q: -330.317261 | won: False 
#  633 | steps:  7062 | steps_t:  1879 | t: 15.848111 | r:  -507.000000 | e:   0.812100 | Q: -326.927246 | won: False 
#  634 | steps:  7071 | steps_t:  1887 | t: 15.921506 | r:  -508.000000 | e:   0.811300 | Q:        nan | won: False 
