#    1 | steps:    11 | steps_t:     0 | t: 0.010033 | r:  -510.000000 | e:   1.000000 | Q:        nan | won: False 
#    2 | steps:    18 | steps_t:     0 | t: 0.012439 | r:  -506.000000 | e:   1.000000 | Q:        nan | won: False 
#    3 | steps:    31 | steps_t:     0 | t: 0.016622 | r:  -512.000000 | e:   1.000000 | Q:        nan | won: False 
#    4 | steps:    40 | steps_t:     0 | t: 0.019976 | r:  -508.000000 | e:   1.000000 | Q:        nan | won: False 
#    5 | steps:    48 | steps_t:     0 | t: 0.022655 | r:  -507.000000 | e:   1.000000 | Q:        nan | won: False 
#    6 | steps:    58 | steps_t:     0 | t: 0.026472 | r:  -509.000000 | e:   1.000000 | Q:        nan | won: False 
#    7 | steps:    68 | steps_t:     0 | t: 0.029964 | r:  -509.000000 | e:   1.000000 | Q:        nan | won: False 
#    8 | steps:    79 | steps_t:     0 | t: 0.033393 | r:  -510.000000 | e:   1.000000 | Q:        nan | won: False 
#    9 | steps:    88 | steps_t:     0 | t: 0.036298 | r:  -508.000000 | e:   1.000000 | Q:        nan | won: False 
#   10 | steps:    97 | steps_t:     0 | t: 0.039350 | r:  -508.000000 | e:   1.000000 | Q:        nan | won: False 
#   11 | steps:   104 | steps_t:     0 | t: 0.041656 | r:  -506.000000 | e:   1.000000 | Q:        nan | won: False 
#   12 | steps:   126 | steps_t:     0 | t: 0.048665 | r:  -521.000000 | e:   1.000000 | Q:        nan | won: False 
#   13 | steps:   133 | steps_t:     0 | t: 0.051406 | r:  -506.000000 | e:   1.000000 | Q:        nan | won: False 
#   14 | steps:   146 | steps_t:     0 | t: 0.055591 | r:  -512.000000 | e:   1.000000 | Q:        nan | won: False 
#   15 | steps:   158 | steps_t:     0 | t: 0.060693 | r:  -511.000000 | e:   1.000000 | Q:        nan | won: False 
#   16 | steps:   172 | steps_t:     0 | t: 0.065006 | r:  -513.000000 | e:   1.000000 | Q:        nan | won: False 
#   17 | steps:   189 | steps_t:     0 | t: 0.070197 | r:  -516.000000 | e:   1.000000 | Q:        nan | won: False 
#   18 | steps:   210 | steps_t:     0 | t: 0.076825 | r:  -520.000000 | e:   1.000000 | Q:        nan | won: False 
#   19 | steps:   234 | steps_t:     0 | t: 0.084790 | r:  -523.000000 | e:   1.000000 | Q:        nan | won: False 
#   20 | steps:   240 | steps_t:     0 | t: 0.086928 | r:  -505.000000 | e:   1.000000 | Q:        nan | won: False 
#   21 | steps:   246 | steps_t:     0 | t: 0.089479 | r:  -505.000000 | e:   1.000000 | Q:        nan | won: False 
#   22 | steps:   255 | steps_t:     0 | t: 0.092912 | r:  -508.000000 | e:   1.000000 | Q:        nan | won: False 
#   23 | steps:   262 | steps_t:     0 | t: 0.095294 | r:  -506.000000 | e:   1.000000 | Q:        nan | won: False 
#   24 | steps:   268 | steps_t:     0 | t: 0.097224 | r:  -505.000000 | e:   1.000000 | Q:        nan | won: False 
#   25 | steps:   277 | steps_t:     0 | t: 0.100052 | r:  -508.000000 | e:   1.000000 | Q:        nan | won: False 
#   26 | steps:   290 | steps_t:     0 | t: 0.104082 | r:  -512.000000 | e:   1.000000 | Q:        nan | won: False 
#   27 | steps:   297 | steps_t:     0 | t: 0.106371 | r:  -506.000000 | e:   1.000000 | Q:        nan | won: False 
#   28 | steps:   308 | steps_t:     0 | t: 0.109790 | r:  -510.000000 | e:   1.000000 | Q:        nan | won: False 
#   29 | steps:   331 | steps_t:     0 | t: 0.117704 | r:  -522.000000 | e:   1.000000 | Q:        nan | won: False 
#   30 | steps:   338 | steps_t:     0 | t: 0.120049 | r:  -506.000000 | e:   1.000000 | Q:        nan | won: False 
#   31 | steps:   345 | steps_t:     0 | t: 0.122424 | r:  -506.000000 | e:   1.000000 | Q:        nan | won: False 
#   32 | steps:   350 | steps_t:     0 | t: 0.123960 | r:  -504.000000 | e:   1.000000 | Q:        nan | won: False 
#   33 | steps:   360 | steps_t:     0 | t: 0.127244 | r:  -509.000000 | e:   1.000000 | Q:        nan | won: False 
#   34 | steps:   368 | steps_t:     0 | t: 0.129808 | r:  -507.000000 | e:   1.000000 | Q:        nan | won: False 
#   35 | steps:   378 | steps_t:     0 | t: 0.132895 | r:  -509.000000 | e:   1.000000 | Q:        nan | won: False 
#   36 | steps:   387 | steps_t:     0 | t: 0.135653 | r:  -508.000000 | e:   1.000000 | Q:        nan | won: False 
#   37 | steps:   410 | steps_t:     0 | t: 0.142864 | r:  -522.000000 | e:   1.000000 | Q:        nan | won: False 
#   38 | steps:   420 | steps_t:     0 | t: 0.146835 | r:  -509.000000 | e:   1.000000 | Q:        nan | won: False 
#   39 | steps:   426 | steps_t:     0 | t: 0.148834 | r:  -505.000000 | e:   1.000000 | Q:        nan | won: False 
#   40 | steps:   444 | steps_t:     0 | t: 0.154450 | r:  -506.000000 | e:   1.000000 | Q:        nan | won: False 
#   41 | steps:   452 | steps_t:     0 | t: 0.157161 | r:  -507.000000 | e:   1.000000 | Q:        nan | won: False 
#   42 | steps:   471 | steps_t:     0 | t: 0.163082 | r:  -518.000000 | e:   1.000000 | Q:        nan | won: False 
#   43 | steps:   480 | steps_t:     0 | t: 0.165919 | r:  -508.000000 | e:   1.000000 | Q:        nan | won: False 
#   44 | steps:   487 | steps_t:     0 | t: 0.168213 | r:  -506.000000 | e:   1.000000 | Q:        nan | won: False 
#   45 | steps:   503 | steps_t:     0 | t: 0.173389 | r:  -515.000000 | e:   1.000000 | Q:        nan | won: False 
#   46 | steps:   517 | steps_t:     0 | t: 0.178675 | r:  -513.000000 | e:   1.000000 | Q:        nan | won: False 
#   47 | steps:   526 | steps_t:     0 | t: 0.181648 | r:  -508.000000 | e:   1.000000 | Q:        nan | won: False 
#   48 | steps:   543 | steps_t:     0 | t: 0.187082 | r:  -505.000000 | e:   1.000000 | Q:        nan | won: False 
#   49 | steps:   554 | steps_t:     0 | t: 0.190776 | r:  -510.000000 | e:   1.000000 | Q:        nan | won: False 
#   50 | steps:   566 | steps_t:     0 | t: 0.194777 | r:  -511.000000 | e:   1.000000 | Q:        nan | won: False 
#   51 | steps:   574 | steps_t:     0 | t: 0.197401 | r:  -507.000000 | e:   1.000000 | Q:        nan | won: False 
#   52 | steps:   581 | steps_t:     0 | t: 0.199705 | r:  -506.000000 | e:   1.000000 | Q:        nan | won: False 
#   53 | steps:   588 | steps_t:     0 | t: 0.201862 | r:  -506.000000 | e:   1.000000 | Q:        nan | won: False 
#   54 | steps:   596 | steps_t:     0 | t: 0.204482 | r:  -507.000000 | e:   1.000000 | Q:        nan | won: False 
#   55 | steps:   604 | steps_t:     0 | t: 0.207486 | r:  -507.000000 | e:   1.000000 | Q:        nan | won: False 
#   56 | steps:   611 | steps_t:     0 | t: 0.210126 | r:  -506.000000 | e:   1.000000 | Q:        nan | won: False 
#   57 | steps:   629 | steps_t:     0 | t: 0.215924 | r:  -517.000000 | e:   1.000000 | Q:        nan | won: False 
#   58 | steps:   639 | steps_t:     0 | t: 0.219353 | r:  -509.000000 | e:   1.000000 | Q:        nan | won: False 
#   59 | steps:   662 | steps_t:     0 | t: 0.226716 | r:  -522.000000 | e:   1.000000 | Q:        nan | won: False 
#   60 | steps:   669 | steps_t:     0 | t: 0.229160 | r:  -506.000000 | e:   1.000000 | Q:        nan | won: False 
#   61 | steps:   677 | steps_t:     0 | t: 0.231715 | r:  -507.000000 | e:   1.000000 | Q:        nan | won: False 
#   62 | steps:   685 | steps_t:     0 | t: 0.234309 | r:  -507.000000 | e:   1.000000 | Q:        nan | won: False 
#   63 | steps:   700 | steps_t:     0 | t: 0.239610 | r:  -514.000000 | e:   1.000000 | Q:        nan | won: False 
#   64 | steps:   709 | steps_t:     0 | t: 0.243154 | r:  -508.000000 | e:   1.000000 | Q:        nan | won: False 
#   65 | steps:   715 | steps_t:     0 | t: 0.245172 | r:  -505.000000 | e:   1.000000 | Q:        nan | won: False 
#   66 | steps:   727 | steps_t:     0 | t: 0.248936 | r:  -511.000000 | e:   1.000000 | Q:        nan | won: False 
#   67 | steps:   739 | steps_t:     0 | t: 0.252833 | r:  -511.000000 | e:   1.000000 | Q:        nan | won: False 
#   68 | steps:   747 | steps_t:     0 | t: 0.255476 | r:  -507.000000 | e:   1.000000 | Q:        nan | won: False 
#   69 | steps:   762 | steps_t:     0 | t: 0.260353 | r:  -514.000000 | e:   1.000000 | Q:        nan | won: False 
#   70 | steps:   778 | steps_t:     0 | t: 0.265512 | r:  -515.000000 | e:   1.000000 | Q:        nan | won: False 
#   71 | steps:   786 | steps_t:     0 | t: 0.268149 | r:  -507.000000 | e:   1.000000 | Q:        nan | won: False 
#   72 | steps:   794 | steps_t:     0 | t: 0.271295 | r:  -507.000000 | e:   1.000000 | Q:        nan | won: False 
#   73 | steps:   813 | steps_t:     0 | t: 0.278818 | r:  -507.000000 | e:   1.000000 | Q:        nan | won: False 
#   74 | steps:   824 | steps_t:     0 | t: 0.282504 | r:  -510.000000 | e:   1.000000 | Q:        nan | won: False 
#   75 | steps:   834 | steps_t:     0 | t: 0.285706 | r:  -509.000000 | e:   1.000000 | Q:        nan | won: False 
#   76 | steps:   845 | steps_t:     0 | t: 0.289406 | r:  -510.000000 | e:   1.000000 | Q:        nan | won: False 
#   77 | steps:   854 | steps_t:     0 | t: 0.292356 | r:  -508.000000 | e:   1.000000 | Q:        nan | won: False 
#   78 | steps:   862 | steps_t:     0 | t: 0.294981 | r:  -507.000000 | e:   1.000000 | Q:        nan | won: False 
#   79 | steps:   871 | steps_t:     0 | t: 0.297782 | r:  -508.000000 | e:   1.000000 | Q:        nan | won: False 
#   80 | steps:   880 | steps_t:     0 | t: 0.300966 | r:  -508.000000 | e:   1.000000 | Q:        nan | won: False 
#   81 | steps:   887 | steps_t:     0 | t: 0.303700 | r:  -506.000000 | e:   1.000000 | Q:        nan | won: False 
#   82 | steps:   901 | steps_t:     0 | t: 0.309047 | r:  -513.000000 | e:   1.000000 | Q:        nan | won: False 
#   83 | steps:   909 | steps_t:     0 | t: 0.311665 | r:  -507.000000 | e:   1.000000 | Q:        nan | won: False 
#   84 | steps:   919 | steps_t:     0 | t: 0.314956 | r:  -509.000000 | e:   1.000000 | Q:        nan | won: False 
#   85 | steps:   934 | steps_t:     0 | t: 0.319764 | r:  -503.000000 | e:   1.000000 | Q:        nan | won: False 
#   86 | steps:   943 | steps_t:     0 | t: 0.322754 | r:  -508.000000 | e:   1.000000 | Q:        nan | won: False 
#   87 | steps:   955 | steps_t:     0 | t: 0.326645 | r:  -511.000000 | e:   1.000000 | Q:        nan | won: False 
#   88 | steps:   965 | steps_t:     0 | t: 0.329890 | r:  -509.000000 | e:   1.000000 | Q:        nan | won: False 
#   89 | steps:   972 | steps_t:     0 | t: 0.332358 | r:  -506.000000 | e:   1.000000 | Q:        nan | won: False 
#   90 | steps:   979 | steps_t:     0 | t: 0.334724 | r:  -506.000000 | e:   1.000000 | Q:        nan | won: False 
#   91 | steps:   986 | steps_t:     0 | t: 0.337021 | r:  -506.000000 | e:   1.000000 | Q:        nan | won: False 
#   92 | steps:  1028 | steps_t:     0 | t: 0.351236 | r:  -530.000000 | e:   1.000000 | Q:        nan | won: False 
#   93 | steps:  1046 | steps_t:     0 | t: 0.357282 | r:  -517.000000 | e:   1.000000 | Q:        nan | won: False 
#   94 | steps:  1056 | steps_t:     0 | t: 0.360641 | r:  -509.000000 | e:   1.000000 | Q:        nan | won: False 
#   95 | steps:  1063 | steps_t:     0 | t: 0.363624 | r:  -506.000000 | e:   1.000000 | Q:        nan | won: False 
#   96 | steps:  1074 | steps_t:     0 | t: 0.368101 | r:  -510.000000 | e:   1.000000 | Q:        nan | won: False 
#   97 | steps:  1086 | steps_t:     0 | t: 0.372627 | r:  -511.000000 | e:   1.000000 | Q:        nan | won: False 
#   98 | steps:  1092 | steps_t:     0 | t: 0.374778 | r:  -505.000000 | e:   1.000000 | Q:        nan | won: False 
#   99 | steps:  1098 | steps_t:     0 | t: 0.376992 | r:  -505.000000 | e:   1.000000 | Q:        nan | won: False 
#  100 | steps:  1107 | steps_t:     0 | t: 0.380297 | r:  -508.000000 | e:   1.000000 | Q:        nan | won: False 
#  101 | steps:  1113 | steps_t:     0 | t: 0.382471 | r:  -505.000000 | e:   1.000000 | Q:        nan | won: False 
#  102 | steps:  1121 | steps_t:     0 | t: 0.385412 | r:  -507.000000 | e:   1.000000 | Q:        nan | won: False 
#  103 | steps:  1131 | steps_t:     0 | t: 0.389060 | r:  -509.000000 | e:   1.000000 | Q:        nan | won: False 
#  104 | steps:  1142 | steps_t:     0 | t: 0.393052 | r:  -510.000000 | e:   1.000000 | Q:        nan | won: False 
#  105 | steps:  1148 | steps_t:     0 | t: 0.395921 | r:  -505.000000 | e:   1.000000 | Q:        nan | won: False 
#  106 | steps:  1159 | steps_t:     0 | t: 0.399980 | r:  -510.000000 | e:   1.000000 | Q:        nan | won: False 
#  107 | steps:  1165 | steps_t:     0 | t: 0.402212 | r:  -505.000000 | e:   1.000000 | Q:        nan | won: False 
#  108 | steps:  1176 | steps_t:     0 | t: 0.406144 | r:  -510.000000 | e:   1.000000 | Q:        nan | won: False 
#  109 | steps:  1185 | steps_t:     0 | t: 0.409137 | r:  -508.000000 | e:   1.000000 | Q:        nan | won: False 
#  110 | steps:  1199 | steps_t:     0 | t: 0.413517 | r:  -513.000000 | e:   1.000000 | Q:        nan | won: False 
#  111 | steps:  1210 | steps_t:     0 | t: 0.417008 | r:  -510.000000 | e:   1.000000 | Q:        nan | won: False 
#  112 | steps:  1216 | steps_t:     0 | t: 0.418948 | r:  -505.000000 | e:   1.000000 | Q:        nan | won: False 
#  113 | steps:  1228 | steps_t:     0 | t: 0.422794 | r:  -511.000000 | e:   1.000000 | Q:        nan | won: False 
#  114 | steps:  1237 | steps_t:     0 | t: 0.425841 | r:  -508.000000 | e:   1.000000 | Q:        nan | won: False 
#  115 | steps:  1255 | steps_t:     0 | t: 0.432706 | r:  -517.000000 | e:   1.000000 | Q:        nan | won: False 
#  116 | steps:  1265 | steps_t:     0 | t: 0.436375 | r:  -509.000000 | e:   1.000000 | Q:        nan | won: False 
#  117 | steps:  1274 | steps_t:     0 | t: 0.439762 | r:  -508.000000 | e:   1.000000 | Q:        nan | won: False 
#  118 | steps:  1281 | steps_t:     0 | t: 0.442322 | r:  -506.000000 | e:   1.000000 | Q:        nan | won: False 
#  119 | steps:  1287 | steps_t:     0 | t: 0.444346 | r:  -505.000000 | e:   1.000000 | Q:        nan | won: False 
#  120 | steps:  1296 | steps_t:     0 | t: 0.447371 | r:  -508.000000 | e:   1.000000 | Q:        nan | won: False 
#  121 | steps:  1304 | steps_t:     0 | t: 0.449982 | r:  -507.000000 | e:   1.000000 | Q:        nan | won: False 
#  122 | steps:  1316 | steps_t:     0 | t: 0.453795 | r:  -511.000000 | e:   1.000000 | Q:        nan | won: False 
#  123 | steps:  1330 | steps_t:     0 | t: 0.458871 | r:  -513.000000 | e:   1.000000 | Q:        nan | won: False 
#  124 | steps:  1343 | steps_t:     0 | t: 0.463277 | r:  -512.000000 | e:   1.000000 | Q:        nan | won: False 
#  125 | steps:  1361 | steps_t:     0 | t: 0.468967 | r:  -517.000000 | e:   1.000000 | Q:        nan | won: False 
#  126 | steps:  1381 | steps_t:     0 | t: 0.475406 | r:  -519.000000 | e:   1.000000 | Q:        nan | won: False 
#  127 | steps:  1389 | steps_t:     0 | t: 0.478055 | r:  -507.000000 | e:   1.000000 | Q:        nan | won: False 
#  128 | steps:  1400 | steps_t:     0 | t: 0.481636 | r:  -510.000000 | e:   1.000000 | Q:        nan | won: False 
#  129 | steps:  1406 | steps_t:     0 | t: 0.483600 | r:  -505.000000 | e:   1.000000 | Q:        nan | won: False 
#  130 | steps:  1416 | steps_t:     0 | t: 0.486800 | r:  -509.000000 | e:   1.000000 | Q:        nan | won: False 
#  131 | steps:  1423 | steps_t:     0 | t: 0.489260 | r:  -506.000000 | e:   1.000000 | Q:        nan | won: False 
#  132 | steps:  1437 | steps_t:     0 | t: 0.494472 | r:  -513.000000 | e:   1.000000 | Q:        nan | won: False 
#  133 | steps:  1446 | steps_t:     0 | t: 0.497922 | r:  -508.000000 | e:   1.000000 | Q:        nan | won: False 
#  134 | steps:  1462 | steps_t:     0 | t: 0.503124 | r:  -515.000000 | e:   1.000000 | Q:        nan | won: False 
#  135 | steps:  1470 | steps_t:     0 | t: 0.505817 | r:  -507.000000 | e:   1.000000 | Q:        nan | won: False 
#  136 | steps:  1478 | steps_t:     0 | t: 0.508485 | r:  -507.000000 | e:   1.000000 | Q:        nan | won: False 
#  137 | steps:  1489 | steps_t:     0 | t: 0.512107 | r:  -510.000000 | e:   1.000000 | Q:        nan | won: False 
#  138 | steps:  1497 | steps_t:     0 | t: 0.514776 | r:  -507.000000 | e:   1.000000 | Q:        nan | won: False 
#  139 | steps:  1516 | steps_t:     0 | t: 0.521231 | r:  -518.000000 | e:   1.000000 | Q:        nan | won: False 
#  140 | steps:  1524 | steps_t:     0 | t: 0.524159 | r:  -507.000000 | e:   1.000000 | Q:        nan | won: False 
#  141 | steps:  1535 | steps_t:     0 | t: 0.528100 | r:  -510.000000 | e:   1.000000 | Q:        nan | won: False 
#  142 | steps:  1542 | steps_t:     0 | t: 0.530304 | r:  -506.000000 | e:   1.000000 | Q:        nan | won: False 
#  143 | steps:  1551 | steps_t:     0 | t: 0.533104 | r:  -508.000000 | e:   1.000000 | Q:        nan | won: False 
#  144 | steps:  1561 | steps_t:     0 | t: 0.536351 | r:  -509.000000 | e:   1.000000 | Q:        nan | won: False 
#  145 | steps:  1573 | steps_t:     0 | t: 0.540358 | r:  -511.000000 | e:   1.000000 | Q:        nan | won: False 
#  146 | steps:  1585 | steps_t:     0 | t: 0.544379 | r:  -511.000000 | e:   1.000000 | Q:        nan | won: False 
#  147 | steps:  1594 | steps_t:     0 | t: 0.547359 | r:  -508.000000 | e:   1.000000 | Q:        nan | won: False 
#  148 | steps:  1602 | steps_t:     0 | t: 0.550006 | r:  -507.000000 | e:   1.000000 | Q:        nan | won: False 
#  149 | steps:  1610 | steps_t:     0 | t: 0.553071 | r:  -507.000000 | e:   1.000000 | Q:        nan | won: False 
#  150 | steps:  1616 | steps_t:     0 | t: 0.555357 | r:  -505.000000 | e:   1.000000 | Q:        nan | won: False 
#  151 | steps:  1623 | steps_t:     0 | t: 0.558250 | r:  -506.000000 | e:   1.000000 | Q:        nan | won: False 
#  152 | steps:  1633 | steps_t:     0 | t: 0.561497 | r:  -509.000000 | e:   1.000000 | Q:        nan | won: False 
#  153 | steps:  1643 | steps_t:     0 | t: 0.564757 | r:  -509.000000 | e:   1.000000 | Q:        nan | won: False 
#  154 | steps:  1657 | steps_t:     0 | t: 0.569187 | r:  -513.000000 | e:   1.000000 | Q:        nan | won: False 
#  155 | steps:  1664 | steps_t:     0 | t: 0.571694 | r:  -506.000000 | e:   1.000000 | Q:        nan | won: False 
#  156 | steps:  1673 | steps_t:     0 | t: 0.575122 | r:  -508.000000 | e:   1.000000 | Q:        nan | won: False 
#  157 | steps:  1679 | steps_t:     0 | t: 0.577307 | r:  -505.000000 | e:   1.000000 | Q:        nan | won: False 
#  158 | steps:  1686 | steps_t:     0 | t: 0.579719 | r:  -506.000000 | e:   1.000000 | Q:        nan | won: False 
#  159 | steps:  1694 | steps_t:     0 | t: 0.582583 | r:  -507.000000 | e:   1.000000 | Q:        nan | won: False 
#  160 | steps:  1707 | steps_t:     0 | t: 0.587288 | r:  -512.000000 | e:   1.000000 | Q:        nan | won: False 
#  161 | steps:  1714 | steps_t:     0 | t: 0.590480 | r:  -506.000000 | e:   1.000000 | Q:        nan | won: False 
#  162 | steps:  1722 | steps_t:     0 | t: 0.594580 | r:  -507.000000 | e:   1.000000 | Q:        nan | won: False 
#  163 | steps:  1731 | steps_t:     0 | t: 0.599231 | r:  -508.000000 | e:   1.000000 | Q:        nan | won: False 
#  164 | steps:  1747 | steps_t:     0 | t: 0.605721 | r:  -515.000000 | e:   1.000000 | Q:        nan | won: False 
#  165 | steps:  1757 | steps_t:     0 | t: 0.610303 | r:  -509.000000 | e:   1.000000 | Q:        nan | won: False 
#  166 | steps:  1771 | steps_t:     0 | t: 0.616799 | r:  -513.000000 | e:   1.000000 | Q:        nan | won: False 
#  167 | steps:  1777 | steps_t:     0 | t: 0.620540 | r:  -505.000000 | e:   1.000000 | Q:        nan | won: False 
#  168 | steps:  1785 | steps_t:     0 | t: 0.623736 | r:  -507.000000 | e:   1.000000 | Q:        nan | won: False 
#  169 | steps:  1798 | steps_t:     0 | t: 0.629203 | r:  -512.000000 | e:   1.000000 | Q:        nan | won: False 
#  170 | steps:  1811 | steps_t:     0 | t: 0.633925 | r:  -512.000000 | e:   1.000000 | Q:        nan | won: False 
#  171 | steps:  1823 | steps_t:     0 | t: 0.638472 | r:  -511.000000 | e:   1.000000 | Q:        nan | won: False 
#  172 | steps:  1831 | steps_t:     0 | t: 0.641502 | r:  -507.000000 | e:   1.000000 | Q:        nan | won: False 
#  173 | steps:  1852 | steps_t:     0 | t: 0.651244 | r:  -520.000000 | e:   1.000000 | Q:        nan | won: False 
#  174 | steps:  1859 | steps_t:     0 | t: 0.653800 | r:  -506.000000 | e:   1.000000 | Q:        nan | won: False 
#  175 | steps:  1875 | steps_t:     0 | t: 0.659739 | r:  -515.000000 | e:   1.000000 | Q:        nan | won: False 
#  176 | steps:  1892 | steps_t:     0 | t: 0.665796 | r:  -516.000000 | e:   1.000000 | Q:        nan | won: False 
#  177 | steps:  1906 | steps_t:     0 | t: 0.670617 | r:  -513.000000 | e:   1.000000 | Q:        nan | won: False 
#  178 | steps:  1918 | steps_t:     0 | t: 0.675810 | r:  -511.000000 | e:   1.000000 | Q:        nan | won: False 
#  179 | steps:  1928 | steps_t:     0 | t: 0.679555 | r:  -509.000000 | e:   1.000000 | Q:        nan | won: False 
#  180 | steps:  1938 | steps_t:     0 | t: 0.684038 | r:  -509.000000 | e:   1.000000 | Q:        nan | won: False 
#  181 | steps:  1952 | steps_t:     0 | t: 0.689250 | r:  -513.000000 | e:   1.000000 | Q:        nan | won: False 
#  182 | steps:  1960 | steps_t:     0 | t: 0.693006 | r:  -507.000000 | e:   1.000000 | Q:        nan | won: False 
#  183 | steps:  1968 | steps_t:     0 | t: 0.696089 | r:  -507.000000 | e:   1.000000 | Q:        nan | won: False 
#  184 | steps:  1976 | steps_t:     0 | t: 0.698970 | r:  -507.000000 | e:   1.000000 | Q:        nan | won: False 
#  185 | steps:  1988 | steps_t:     0 | t: 0.703125 | r:  -511.000000 | e:   1.000000 | Q:        nan | won: False 
#  186 | steps:  2000 | steps_t:     0 | t: 0.708038 | r:  -511.000000 | e:   1.000000 | Q:        nan | won: False 
#  187 | steps:  2024 | steps_t:     0 | t: 0.717375 | r:  -523.000000 | e:   1.000000 | Q:        nan | won: False 
#  188 | steps:  2039 | steps_t:     0 | t: 0.723185 | r:  -514.000000 | e:   1.000000 | Q:        nan | won: False 
#  189 | steps:  2054 | steps_t:     0 | t: 0.729128 | r:  -514.000000 | e:   1.000000 | Q:        nan | won: False 
#  190 | steps:  2061 | steps_t:     0 | t: 0.731963 | r:  -506.000000 | e:   1.000000 | Q:        nan | won: False 
#  191 | steps:  2069 | steps_t:     0 | t: 0.734797 | r:  -507.000000 | e:   1.000000 | Q:        nan | won: False 
#  192 | steps:  2079 | steps_t:     0 | t: 0.738425 | r:  -509.000000 | e:   1.000000 | Q:        nan | won: False 
#  193 | steps:  2087 | steps_t:     0 | t: 0.742181 | r:  -507.000000 | e:   1.000000 | Q:        nan | won: False 
#  194 | steps:  2107 | steps_t:     0 | t: 0.750648 | r:  -519.000000 | e:   1.000000 | Q:        nan | won: False 
#  195 | steps:  2116 | steps_t:     0 | t: 0.753962 | r:  -508.000000 | e:   1.000000 | Q:        nan | won: False 
#  196 | steps:  2128 | steps_t:     0 | t: 0.758750 | r:  -511.000000 | e:   1.000000 | Q:        nan | won: False 
#  197 | steps:  2141 | steps_t:     0 | t: 0.763294 | r:  -512.000000 | e:   1.000000 | Q:        nan | won: False 
#  198 | steps:  2154 | steps_t:     0 | t: 0.767695 | r:  -512.000000 | e:   1.000000 | Q:        nan | won: False 
#  199 | steps:  2160 | steps_t:     0 | t: 0.769926 | r:  -505.000000 | e:   1.000000 | Q:        nan | won: False 
#  200 | steps:  2168 | steps_t:     0 | t: 1.971245 | r:  -507.000000 | e:   1.000000 | Q:        nan | won: False 
