#    1 | steps:    14 | steps_t:     0 | t: 0.011780 | r:  -513.000000 | e:   1.000000 | Q:        nan | won: False 
#    2 | steps:    32 | steps_t:     0 | t: 0.018412 | r:  -517.000000 | e:   1.000000 | Q:        nan | won: False 
#    3 | steps:    42 | steps_t:     0 | t: 0.021767 | r:  -509.000000 | e:   1.000000 | Q:        nan | won: False 
#    4 | steps:    63 | steps_t:     0 | t: 0.028836 | r:  -520.000000 | e:   1.000000 | Q:        nan | won: False 
#    5 | steps:    69 | steps_t:     0 | t: 0.030921 | r:  -505.000000 | e:   1.000000 | Q:        nan | won: False 
#    6 | steps:    79 | steps_t:     0 | t: 0.034271 | r:  -509.000000 | e:   1.000000 | Q:        nan | won: False 
#    7 | steps:    88 | steps_t:     0 | t: 0.037243 | r:  -508.000000 | e:   1.000000 | Q:        nan | won: False 
#    8 | steps:    95 | steps_t:     0 | t: 0.039422 | r:  -506.000000 | e:   1.000000 | Q:        nan | won: False 
#    9 | steps:   116 | steps_t:     0 | t: 0.047104 | r:  -520.000000 | e:   1.000000 | Q:        nan | won: False 
#   10 | steps:   124 | steps_t:     0 | t: 0.049956 | r:  -507.000000 | e:   1.000000 | Q:        nan | won: False 
#   11 | steps:   132 | steps_t:     0 | t: 0.052617 | r:  -507.000000 | e:   1.000000 | Q:        nan | won: False 
#   12 | steps:   138 | steps_t:     0 | t: 0.055222 | r:  -505.000000 | e:   1.000000 | Q:        nan | won: False 
#   13 | steps:   146 | steps_t:     0 | t: 0.058004 | r:  -507.000000 | e:   1.000000 | Q:        nan | won: False 
#   14 | steps:   160 | steps_t:     0 | t: 0.062675 | r:  -513.000000 | e:   1.000000 | Q:        nan | won: False 
#   15 | steps:   179 | steps_t:     0 | t: 0.069445 | r:  -518.000000 | e:   1.000000 | Q:        nan | won: False 
#   16 | steps:   194 | steps_t:     0 | t: 0.074927 | r:  -503.000000 | e:   1.000000 | Q:        nan | won: False 
#   17 | steps:   211 | steps_t:     0 | t: 0.080515 | r:  -505.000000 | e:   1.000000 | Q:        nan | won: False 
#   18 | steps:   218 | steps_t:     0 | t: 0.083020 | r:  -506.000000 | e:   1.000000 | Q:        nan | won: False 
#   19 | steps:   227 | steps_t:     0 | t: 0.086172 | r:  -508.000000 | e:   1.000000 | Q:        nan | won: False 
#   20 | steps:   235 | steps_t:     0 | t: 0.089065 | r:  -507.000000 | e:   1.000000 | Q:        nan | won: False 
#   21 | steps:   246 | steps_t:     0 | t: 0.093077 | r:  -510.000000 | e:   1.000000 | Q:        nan | won: False 
#   22 | steps:   257 | steps_t:     0 | t: 0.097253 | r:  -510.000000 | e:   1.000000 | Q:        nan | won: False 
#   23 | steps:   268 | steps_t:     0 | t: 0.101250 | r:  -510.000000 | e:   1.000000 | Q:        nan | won: False 
#   24 | steps:   278 | steps_t:     0 | t: 0.104821 | r:  -509.000000 | e:   1.000000 | Q:        nan | won: False 
#   25 | steps:   290 | steps_t:     0 | t: 0.109092 | r:  -511.000000 | e:   1.000000 | Q:        nan | won: False 
#   26 | steps:   298 | steps_t:     0 | t: 0.111830 | r:  -507.000000 | e:   1.000000 | Q:        nan | won: False 
#   27 | steps:   304 | steps_t:     0 | t: 0.113765 | r:  -505.000000 | e:   1.000000 | Q:        nan | won: False 
#   28 | steps:   312 | steps_t:     0 | t: 0.116454 | r:  -507.000000 | e:   1.000000 | Q:        nan | won: False 
#   29 | steps:   338 | steps_t:     0 | t: 0.124894 | r:  -525.000000 | e:   1.000000 | Q:        nan | won: False 
#   30 | steps:   347 | steps_t:     0 | t: 0.127985 | r:  -508.000000 | e:   1.000000 | Q:        nan | won: False 
#   31 | steps:   357 | steps_t:     0 | t: 0.131185 | r:  -509.000000 | e:   1.000000 | Q:        nan | won: False 
#   32 | steps:   374 | steps_t:     0 | t: 0.136787 | r:  -516.000000 | e:   1.000000 | Q:        nan | won: False 
#   33 | steps:   384 | steps_t:     0 | t: 0.140211 | r:  -509.000000 | e:   1.000000 | Q:        nan | won: False 
#   34 | steps:   409 | steps_t:     0 | t: 0.148412 | r:  -524.000000 | e:   1.000000 | Q:        nan | won: False 
#   35 | steps:   419 | steps_t:     0 | t: 0.151764 | r:  -509.000000 | e:   1.000000 | Q:        nan | won: False 
#   36 | steps:   426 | steps_t:     0 | t: 0.154103 | r:  -506.000000 | e:   1.000000 | Q:        nan | won: False 
#   37 | steps:   442 | steps_t:     0 | t: 0.159310 | r:  -515.000000 | e:   1.000000 | Q:        nan | won: False 
#   38 | steps:   454 | steps_t:     0 | t: 0.163243 | r:  -511.000000 | e:   1.000000 | Q:        nan | won: False 
#   39 | steps:   466 | steps_t:     0 | t: 0.167126 | r:  -511.000000 | e:   1.000000 | Q:        nan | won: False 
#   40 | steps:   475 | steps_t:     0 | t: 0.170358 | r:  -508.000000 | e:   1.000000 | Q:        nan | won: False 
#   41 | steps:   491 | steps_t:     0 | t: 0.175926 | r:  -515.000000 | e:   1.000000 | Q:        nan | won: False 
#   42 | steps:   502 | steps_t:     0 | t: 0.179671 | r:  -510.000000 | e:   1.000000 | Q:        nan | won: False 
#   43 | steps:   509 | steps_t:     0 | t: 0.182205 | r:  -506.000000 | e:   1.000000 | Q:        nan | won: False 
#   44 | steps:   517 | steps_t:     0 | t: 0.184998 | r:  -507.000000 | e:   1.000000 | Q:        nan | won: False 
#   45 | steps:   524 | steps_t:     0 | t: 0.187402 | r:  -506.000000 | e:   1.000000 | Q:        nan | won: False 
#   46 | steps:   536 | steps_t:     0 | t: 0.191401 | r:  -511.000000 | e:   1.000000 | Q:        nan | won: False 
#   47 | steps:   552 | steps_t:     0 | t: 0.196903 | r:  -515.000000 | e:   1.000000 | Q:        nan | won: False 
#   48 | steps:   567 | steps_t:     0 | t: 0.202081 | r:  -492.000000 | e:   1.000000 | Q:        nan | won: False 
#   49 | steps:   574 | steps_t:     0 | t: 0.204483 | r:  -506.000000 | e:   1.000000 | Q:        nan | won: False 
#   50 | steps:   583 | steps_t:     0 | t: 0.207401 | r:  -508.000000 | e:   1.000000 | Q:        nan | won: False 
#   51 | steps:   603 | steps_t:     0 | t: 0.214081 | r:  -519.000000 | e:   1.000000 | Q:        nan | won: False 
#   52 | steps:   609 | steps_t:     0 | t: 0.216219 | r:  -505.000000 | e:   1.000000 | Q:        nan | won: False 
#   53 | steps:   616 | steps_t:     0 | t: 0.218474 | r:  -506.000000 | e:   1.000000 | Q:        nan | won: False 
#   54 | steps:   622 | steps_t:     0 | t: 0.220381 | r:  -505.000000 | e:   1.000000 | Q:        nan | won: False 
#   55 | steps:   630 | steps_t:     0 | t: 0.223049 | r:  -507.000000 | e:   1.000000 | Q:        nan | won: False 
#   56 | steps:   638 | steps_t:     0 | t: 0.225695 | r:  -507.000000 | e:   1.000000 | Q:        nan | won: False 
#   57 | steps:   645 | steps_t:     0 | t: 0.228079 | r:  -506.000000 | e:   1.000000 | Q:        nan | won: False 
#   58 | steps:   660 | steps_t:     0 | t: 0.233171 | r:  -514.000000 | e:   1.000000 | Q:        nan | won: False 
#   59 | steps:   668 | steps_t:     0 | t: 0.235945 | r:  -507.000000 | e:   1.000000 | Q:        nan | won: False 
#   60 | steps:   677 | steps_t:     0 | t: 0.239057 | r:  -508.000000 | e:   1.000000 | Q:        nan | won: False 
#   61 | steps:   686 | steps_t:     0 | t: 0.242172 | r:  -508.000000 | e:   1.000000 | Q:        nan | won: False 
#   62 | steps:   696 | steps_t:     0 | t: 0.245621 | r:  -509.000000 | e:   1.000000 | Q:        nan | won: False 
#   63 | steps:   706 | steps_t:     0 | t: 0.249043 | r:  -509.000000 | e:   1.000000 | Q:        nan | won: False 
#   64 | steps:   714 | steps_t:     0 | t: 0.251764 | r:  -507.000000 | e:   1.000000 | Q:        nan | won: False 
#   65 | steps:   730 | steps_t:     0 | t: 0.257218 | r:  -504.000000 | e:   1.000000 | Q:        nan | won: False 
#   66 | steps:   741 | steps_t:     0 | t: 0.261079 | r:  -510.000000 | e:   1.000000 | Q:        nan | won: False 
#   67 | steps:   757 | steps_t:     0 | t: 0.266533 | r:  -515.000000 | e:   1.000000 | Q:        nan | won: False 
#   68 | steps:   764 | steps_t:     0 | t: 0.268846 | r:  -506.000000 | e:   1.000000 | Q:        nan | won: False 
#   69 | steps:   782 | steps_t:     0 | t: 0.274759 | r:  -517.000000 | e:   1.000000 | Q:        nan | won: False 
#   70 | steps:   792 | steps_t:     0 | t: 0.278828 | r:  -509.000000 | e:   1.000000 | Q:        nan | won: False 
#   71 | steps:   805 | steps_t:     0 | t: 0.283300 | r:  -512.000000 | e:   1.000000 | Q:        nan | won: False 
#   72 | steps:   811 | steps_t:     0 | t: 0.285378 | r:  -505.000000 | e:   1.000000 | Q:        nan | won: False 
#   73 | steps:   831 | steps_t:     0 | t: 0.292075 | r:  -519.000000 | e:   1.000000 | Q:        nan | won: False 
#   74 | steps:   839 | steps_t:     0 | t: 0.295014 | r:  -507.000000 | e:   1.000000 | Q:        nan | won: False 
#   75 | steps:   863 | steps_t:     0 | t: 0.303089 | r:  -523.000000 | e:   1.000000 | Q:        nan | won: False 
#   76 | steps:   874 | steps_t:     0 | t: 0.306852 | r:  -510.000000 | e:   1.000000 | Q:        nan | won: False 
#   77 | steps:   881 | steps_t:     0 | t: 0.309174 | r:  -506.000000 | e:   1.000000 | Q:        nan | won: False 
#   78 | steps:   894 | steps_t:     0 | t: 0.313568 | r:  -512.000000 | e:   1.000000 | Q:        nan | won: False 
#   79 | steps:   907 | steps_t:     0 | t: 0.317975 | r:  -512.000000 | e:   1.000000 | Q:        nan | won: False 
#   80 | steps:   919 | steps_t:     0 | t: 0.322047 | r:  -511.000000 | e:   1.000000 | Q:        nan | won: False 
#   81 | steps:   926 | steps_t:     0 | t: 0.324399 | r:  -506.000000 | e:   1.000000 | Q:        nan | won: False 
#   82 | steps:   946 | steps_t:     0 | t: 0.331302 | r:  -519.000000 | e:   1.000000 | Q:        nan | won: False 
#   83 | steps:   956 | steps_t:     0 | t: 0.334817 | r:  -509.000000 | e:   1.000000 | Q:        nan | won: False 
#   84 | steps:   964 | steps_t:     0 | t: 0.337579 | r:  -507.000000 | e:   1.000000 | Q:        nan | won: False 
#   85 | steps:   977 | steps_t:     0 | t: 0.341869 | r:  -512.000000 | e:   1.000000 | Q:        nan | won: False 
#   86 | steps:   984 | steps_t:     0 | t: 0.344326 | r:  -506.000000 | e:   1.000000 | Q:        nan | won: False 
#   87 | steps:   999 | steps_t:     0 | t: 0.349523 | r:  -514.000000 | e:   1.000000 | Q:        nan | won: False 
#   88 | steps:  1011 | steps_t:     0 | t: 0.353654 | r:  -511.000000 | e:   1.000000 | Q:        nan | won: False 
#   89 | steps:  1031 | steps_t:     0 | t: 0.360527 | r:  -519.000000 | e:   1.000000 | Q:        nan | won: False 
#   90 | steps:  1055 | steps_t:     0 | t: 0.368875 | r:  -523.000000 | e:   1.000000 | Q:        nan | won: False 
#   91 | steps:  1068 | steps_t:     0 | t: 0.373153 | r:  -512.000000 | e:   1.000000 | Q:        nan | won: False 
#   92 | steps:  1173 | steps_t:     0 | t: 0.407604 | r:  -593.000000 | e:   1.000000 | Q:        nan | won: False 
#   93 | steps:  1193 | steps_t:     0 | t: 0.414496 | r:  -519.000000 | e:   1.000000 | Q:        nan | won: False 
#   94 | steps:  1201 | steps_t:     0 | t: 0.417302 | r:  -507.000000 | e:   1.000000 | Q:        nan | won: False 
#   95 | steps:  1215 | steps_t:     0 | t: 0.422188 | r:  -513.000000 | e:   1.000000 | Q:        nan | won: False 
#   96 | steps:  1225 | steps_t:     0 | t: 0.425714 | r:  -509.000000 | e:   1.000000 | Q:        nan | won: False 
#   97 | steps:  1233 | steps_t:     0 | t: 0.428473 | r:  -507.000000 | e:   1.000000 | Q:        nan | won: False 
#   98 | steps:  1241 | steps_t:     0 | t: 0.431281 | r:  -507.000000 | e:   1.000000 | Q:        nan | won: False 
#   99 | steps:  1254 | steps_t:     0 | t: 0.435524 | r:  -512.000000 | e:   1.000000 | Q:        nan | won: False 
#  100 | steps:  1261 | steps_t:     0 | t: 0.437745 | r:  -506.000000 | e:   1.000000 | Q:        nan | won: False 
#  101 | steps:  1269 | steps_t:     0 | t: 0.440415 | r:  -507.000000 | e:   1.000000 | Q:        nan | won: False 
#  102 | steps:  1277 | steps_t:     0 | t: 0.443138 | r:  -507.000000 | e:   1.000000 | Q:        nan | won: False 
#  103 | steps:  1287 | steps_t:     0 | t: 0.446520 | r:  -509.000000 | e:   1.000000 | Q:        nan | won: False 
#  104 | steps:  1295 | steps_t:     0 | t: 0.449250 | r:  -507.000000 | e:   1.000000 | Q:        nan | won: False 
#  105 | steps:  1303 | steps_t:     0 | t: 0.451907 | r:  -507.000000 | e:   1.000000 | Q:        nan | won: False 
#  106 | steps:  1309 | steps_t:     0 | t: 0.454113 | r:  -505.000000 | e:   1.000000 | Q:        nan | won: False 
#  107 | steps:  1316 | steps_t:     0 | t: 0.456495 | r:  -506.000000 | e:   1.000000 | Q:        nan | won: False 
#  108 | steps:  1324 | steps_t:     0 | t: 0.459231 | r:  -507.000000 | e:   1.000000 | Q:        nan | won: False 
#  109 | steps:  1340 | steps_t:     0 | t: 0.464710 | r:  -515.000000 | e:   1.000000 | Q:        nan | won: False 
#  110 | steps:  1352 | steps_t:     0 | t: 0.468785 | r:  -511.000000 | e:   1.000000 | Q:        nan | won: False 
#  111 | steps:  1362 | steps_t:     0 | t: 0.472232 | r:  -509.000000 | e:   1.000000 | Q:        nan | won: False 
#  112 | steps:  1373 | steps_t:     0 | t: 0.476020 | r:  -510.000000 | e:   1.000000 | Q:        nan | won: False 
#  113 | steps:  1379 | steps_t:     0 | t: 0.478275 | r:  -505.000000 | e:   1.000000 | Q:        nan | won: False 
#  114 | steps:  1388 | steps_t:     0 | t: 0.481443 | r:  -508.000000 | e:   1.000000 | Q:        nan | won: False 
#  115 | steps:  1405 | steps_t:     0 | t: 0.487366 | r:  -505.000000 | e:   1.000000 | Q:        nan | won: False 
#  116 | steps:  1416 | steps_t:     0 | t: 0.491111 | r:  -510.000000 | e:   1.000000 | Q:        nan | won: False 
#  117 | steps:  1431 | steps_t:     0 | t: 0.496586 | r:  -503.000000 | e:   1.000000 | Q:        nan | won: False 
#  118 | steps:  1440 | steps_t:     0 | t: 0.499862 | r:  -508.000000 | e:   1.000000 | Q:        nan | won: False 
#  119 | steps:  1449 | steps_t:     0 | t: 0.502856 | r:  -508.000000 | e:   1.000000 | Q:        nan | won: False 
#  120 | steps:  1454 | steps_t:     0 | t: 0.504559 | r:  -504.000000 | e:   1.000000 | Q:        nan | won: False 
#  121 | steps:  1464 | steps_t:     0 | t: 0.507833 | r:  -509.000000 | e:   1.000000 | Q:        nan | won: False 
#  122 | steps:  1471 | steps_t:     0 | t: 0.510247 | r:  -506.000000 | e:   1.000000 | Q:        nan | won: False 
#  123 | steps:  1478 | steps_t:     0 | t: 0.512633 | r:  -506.000000 | e:   1.000000 | Q:        nan | won: False 
#  124 | steps:  1488 | steps_t:     0 | t: 0.516214 | r:  -509.000000 | e:   1.000000 | Q:        nan | won: False 
#  125 | steps:  1499 | steps_t:     0 | t: 0.519972 | r:  -510.000000 | e:   1.000000 | Q:        nan | won: False 
#  126 | steps:  1507 | steps_t:     0 | t: 0.522792 | r:  -507.000000 | e:   1.000000 | Q:        nan | won: False 
#  127 | steps:  1517 | steps_t:     0 | t: 0.526201 | r:  -509.000000 | e:   1.000000 | Q:        nan | won: False 
#  128 | steps:  1528 | steps_t:     0 | t: 0.530037 | r:  -510.000000 | e:   1.000000 | Q:        nan | won: False 
#  129 | steps:  1538 | steps_t:     0 | t: 0.533524 | r:  -509.000000 | e:   1.000000 | Q:        nan | won: False 
#  130 | steps:  1547 | steps_t:     0 | t: 0.536592 | r:  -508.000000 | e:   1.000000 | Q:        nan | won: False 
#  131 | steps:  1560 | steps_t:     0 | t: 0.541047 | r:  -512.000000 | e:   1.000000 | Q:        nan | won: False 
#  132 | steps:  1576 | steps_t:     0 | t: 0.546606 | r:  -515.000000 | e:   1.000000 | Q:        nan | won: False 
#  133 | steps:  1588 | steps_t:     0 | t: 0.550797 | r:  -511.000000 | e:   1.000000 | Q:        nan | won: False 
#  134 | steps:  1598 | steps_t:     0 | t: 0.554274 | r:  -509.000000 | e:   1.000000 | Q:        nan | won: False 
#  135 | steps:  1606 | steps_t:     0 | t: 0.557058 | r:  -507.000000 | e:   1.000000 | Q:        nan | won: False 
#  136 | steps:  1613 | steps_t:     0 | t: 0.559511 | r:  -506.000000 | e:   1.000000 | Q:        nan | won: False 
#  137 | steps:  1620 | steps_t:     0 | t: 0.561790 | r:  -506.000000 | e:   1.000000 | Q:        nan | won: False 
#  138 | steps:  1630 | steps_t:     0 | t: 0.565203 | r:  -509.000000 | e:   1.000000 | Q:        nan | won: False 
#  139 | steps:  1648 | steps_t:     0 | t: 0.571206 | r:  -517.000000 | e:   1.000000 | Q:        nan | won: False 
#  140 | steps:  1659 | steps_t:     0 | t: 0.574888 | r:  -510.000000 | e:   1.000000 | Q:        nan | won: False 
#  141 | steps:  1674 | steps_t:     0 | t: 0.580127 | r:  -514.000000 | e:   1.000000 | Q:        nan | won: False 
#  142 | steps:  1686 | steps_t:     0 | t: 0.584309 | r:  -511.000000 | e:   1.000000 | Q:        nan | won: False 
#  143 | steps:  1695 | steps_t:     0 | t: 0.587398 | r:  -508.000000 | e:   1.000000 | Q:        nan | won: False 
#  144 | steps:  1709 | steps_t:     0 | t: 0.592225 | r:  -491.000000 | e:   1.000000 | Q:        nan | won: False 
#  145 | steps:  1719 | steps_t:     0 | t: 0.600020 | r:  -509.000000 | e:   1.000000 | Q:        nan | won: False 
#  146 | steps:  1735 | steps_t:     0 | t: 0.609487 | r:  -515.000000 | e:   1.000000 | Q:        nan | won: False 
#  147 | steps:  1749 | steps_t:     0 | t: 0.614924 | r:  -513.000000 | e:   1.000000 | Q:        nan | won: False 
#  148 | steps:  1760 | steps_t:     0 | t: 0.618862 | r:  -510.000000 | e:   1.000000 | Q:        nan | won: False 
#  149 | steps:  1765 | steps_t:     0 | t: 0.620748 | r:  -504.000000 | e:   1.000000 | Q:        nan | won: False 
#  150 | steps:  1780 | steps_t:     0 | t: 0.626197 | r:  -514.000000 | e:   1.000000 | Q:        nan | won: False 
#  151 | steps:  1787 | steps_t:     0 | t: 0.628778 | r:  -506.000000 | e:   1.000000 | Q:        nan | won: False 
#  152 | steps:  1795 | steps_t:     0 | t: 0.631627 | r:  -507.000000 | e:   1.000000 | Q:        nan | won: False 
#  153 | steps:  1807 | steps_t:     0 | t: 0.635904 | r:  -511.000000 | e:   1.000000 | Q:        nan | won: False 
#  154 | steps:  1815 | steps_t:     0 | t: 0.638847 | r:  -507.000000 | e:   1.000000 | Q:        nan | won: False 
#  155 | steps:  1824 | steps_t:     0 | t: 0.643423 | r:  -508.000000 | e:   1.000000 | Q:        nan | won: False 
#  156 | steps:  1846 | steps_t:     0 | t: 0.651765 | r:  -521.000000 | e:   1.000000 | Q:        nan | won: False 
#  157 | steps:  1858 | steps_t:     0 | t: 0.656011 | r:  -511.000000 | e:   1.000000 | Q:        nan | won: False 
#  158 | steps:  1869 | steps_t:     0 | t: 0.659811 | r:  -510.000000 | e:   1.000000 | Q:        nan | won: False 
#  159 | steps:  1880 | steps_t:     0 | t: 0.663934 | r:  -510.000000 | e:   1.000000 | Q:        nan | won: False 
#  160 | steps:  1894 | steps_t:     0 | t: 0.669031 | r:  -513.000000 | e:   1.000000 | Q:        nan | won: False 
#  161 | steps:  1900 | steps_t:     0 | t: 0.671324 | r:  -505.000000 | e:   1.000000 | Q:        nan | won: False 
#  162 | steps:  1910 | steps_t:     0 | t: 0.675384 | r:  -509.000000 | e:   1.000000 | Q:        nan | won: False 
#  163 | steps:  1921 | steps_t:     0 | t: 0.679695 | r:  -510.000000 | e:   1.000000 | Q:        nan | won: False 
#  164 | steps:  1935 | steps_t:     0 | t: 0.684780 | r:  -513.000000 | e:   1.000000 | Q:        nan | won: False 
#  165 | steps:  1942 | steps_t:     0 | t: 0.687319 | r:  -506.000000 | e:   1.000000 | Q:        nan | won: False 
#  166 | steps:  1951 | steps_t:     0 | t: 0.690354 | r:  -508.000000 | e:   1.000000 | Q:        nan | won: False 
#  167 | steps:  1970 | steps_t:     0 | t: 0.698492 | r:  -518.000000 | e:   1.000000 | Q:        nan | won: False 
#  168 | steps:  1976 | steps_t:     0 | t: 0.701026 | r:  -505.000000 | e:   1.000000 | Q:        nan | won: False 
#  169 | steps:  1986 | steps_t:     0 | t: 0.705046 | r:  -509.000000 | e:   1.000000 | Q:        nan | won: False 
#  170 | steps:  1993 | steps_t:     0 | t: 0.707881 | r:  -506.000000 | e:   1.000000 | Q:        nan | won: False 
#  171 | steps:  2001 | steps_t:     0 | t: 0.711269 | r:  -507.000000 | e:   1.000000 | Q:        nan | won: False 
#  172 | steps:  2008 | steps_t:     0 | t: 0.714163 | r:  -506.000000 | e:   1.000000 | Q:        nan | won: False 
#  173 | steps:  2018 | steps_t:     0 | t: 0.718185 | r:  -509.000000 | e:   1.000000 | Q:        nan | won: False 
#  174 | steps:  2030 | steps_t:     0 | t: 0.722604 | r:  -511.000000 | e:   1.000000 | Q:        nan | won: False 
#  175 | steps:  2043 | steps_t:     0 | t: 0.727795 | r:  -512.000000 | e:   1.000000 | Q:        nan | won: False 
#  176 | steps:  2052 | steps_t:     0 | t: 0.731701 | r:  -508.000000 | e:   1.000000 | Q:        nan | won: False 
#  177 | steps:  2061 | steps_t:     0 | t: 0.735483 | r:  -508.000000 | e:   1.000000 | Q:        nan | won: False 
#  178 | steps:  2070 | steps_t:     0 | t: 0.739031 | r:  -508.000000 | e:   1.000000 | Q:        nan | won: False 
#  179 | steps:  2080 | steps_t:     0 | t: 0.742839 | r:  -509.000000 | e:   1.000000 | Q:        nan | won: False 
#  180 | steps:  2100 | steps_t:     0 | t: 0.751024 | r:  -519.000000 | e:   1.000000 | Q:        nan | won: False 
#  181 | steps:  2116 | steps_t:     0 | t: 0.757110 | r:  -515.000000 | e:   1.000000 | Q:        nan | won: False 
#  182 | steps:  2127 | steps_t:     0 | t: 0.761656 | r:  -510.000000 | e:   1.000000 | Q:        nan | won: False 
#  183 | steps:  2140 | steps_t:     0 | t: 0.767376 | r:  -512.000000 | e:   1.000000 | Q:        nan | won: False 
#  184 | steps:  2147 | steps_t:     0 | t: 0.769886 | r:  -506.000000 | e:   1.000000 | Q:        nan | won: False 
#  185 | steps:  2154 | steps_t:     0 | t: 0.772144 | r:  -506.000000 | e:   1.000000 | Q:        nan | won: False 
#  186 | steps:  2166 | steps_t:     0 | t: 0.776254 | r:  -511.000000 | e:   1.000000 | Q:        nan | won: False 
#  187 | steps:  2186 | steps_t:     0 | t: 0.783160 | r:  -508.000000 | e:   1.000000 | Q:        nan | won: False 
#  188 | steps:  2196 | steps_t:     0 | t: 0.786720 | r:  -509.000000 | e:   1.000000 | Q:        nan | won: False 
#  189 | steps:  2203 | steps_t:     0 | t: 0.789235 | r:  -506.000000 | e:   1.000000 | Q:        nan | won: False 
#  190 | steps:  2217 | steps_t:     0 | t: 0.794083 | r:  -513.000000 | e:   1.000000 | Q:        nan | won: False 
#  191 | steps:  2262 | steps_t:     0 | t: 0.809513 | r:    67.000000 | e:   1.000000 | Q:        nan | won: True 
#  192 | steps:  2268 | steps_t:     0 | t: 0.811743 | r:  -505.000000 | e:   1.000000 | Q:        nan | won: False 
#  193 | steps:  2277 | steps_t:     0 | t: 0.814850 | r:  -508.000000 | e:   1.000000 | Q:        nan | won: False 
#  194 | steps:  2283 | steps_t:     0 | t: 0.817067 | r:  -505.000000 | e:   1.000000 | Q:        nan | won: False 
#  195 | steps:  2295 | steps_t:     0 | t: 0.821241 | r:  -511.000000 | e:   1.000000 | Q:        nan | won: False 
#  196 | steps:  2313 | steps_t:     0 | t: 0.827549 | r:  -517.000000 | e:   1.000000 | Q:        nan | won: False 
#  197 | steps:  2326 | steps_t:     0 | t: 0.832417 | r:  -512.000000 | e:   1.000000 | Q:        nan | won: False 
#  198 | steps:  2335 | steps_t:     0 | t: 0.835497 | r:  -508.000000 | e:   1.000000 | Q:        nan | won: False 
#  199 | steps:  2346 | steps_t:     0 | t: 0.839357 | r:  -510.000000 | e:   1.000000 | Q:        nan | won: False 
#  200 | steps:  2356 | steps_t:     0 | t: 2.216149 | r:  -509.000000 | e:   1.000000 | Q:        nan | won: False 
