#    1 | steps:    16 | steps_t:     0 | t: 0.021535 | r:  -515.000000 | e:   1.000000 | Q:        nan | won: False 
#    2 | steps:    26 | steps_t:     0 | t: 0.024930 | r:  -509.000000 | e:   1.000000 | Q:        nan | won: False 
#    3 | steps:    34 | steps_t:     0 | t: 0.027526 | r:  -507.000000 | e:   1.000000 | Q:        nan | won: False 
#    4 | steps:    43 | steps_t:     0 | t: 0.030436 | r:  -508.000000 | e:   1.000000 | Q:        nan | won: False 
#    5 | steps:    49 | steps_t:     0 | t: 0.032241 | r:  -505.000000 | e:   1.000000 | Q:        nan | won: False 
#    6 | steps:    56 | steps_t:     0 | t: 0.034713 | r:  -506.000000 | e:   1.000000 | Q:        nan | won: False 
#    7 | steps:    62 | steps_t:     0 | t: 0.036643 | r:  -505.000000 | e:   1.000000 | Q:        nan | won: False 
#    8 | steps:    68 | steps_t:     0 | t: 0.038652 | r:  -505.000000 | e:   1.000000 | Q:        nan | won: False 
#    9 | steps:    74 | steps_t:     0 | t: 0.040685 | r:  -505.000000 | e:   1.000000 | Q:        nan | won: False 
#   10 | steps:    82 | steps_t:     0 | t: 0.043199 | r:  -507.000000 | e:   1.000000 | Q:        nan | won: False 
#   11 | steps:    92 | steps_t:     0 | t: 0.046663 | r:  -509.000000 | e:   1.000000 | Q:        nan | won: False 
#   12 | steps:   101 | steps_t:     0 | t: 0.049548 | r:  -508.000000 | e:   1.000000 | Q:        nan | won: False 
#   13 | steps:   109 | steps_t:     6 | t: 0.522569 | r:  -507.000000 | e:   0.999400 | Q:        nan | won: False 
#   14 | steps:   120 | steps_t:    16 | t: 0.868222 | r:  -510.000000 | e:   0.998400 | Q:        nan | won: False 
#   15 | steps:   133 | steps_t:    28 | t: 1.299767 | r:  -501.000000 | e:   0.997200 | Q:        nan | won: False 
#   16 | steps:   142 | steps_t:    36 | t: 1.575758 | r:  -508.000000 | e:   0.996400 | Q:        nan | won: False 
#   17 | steps:   151 | steps_t:    44 | t: 1.892367 | r:  -508.000000 | e:   0.995600 | Q:        nan | won: False 
#   18 | steps:   161 | steps_t:    53 | t: 2.188910 | r:  -509.000000 | e:   0.994700 | Q:        nan | won: False 
#   19 | steps:   167 | steps_t:    58 | t: 2.389455 | r:  -505.000000 | e:   0.994200 | Q:        nan | won: False 
#   20 | steps:   178 | steps_t:    68 | t: 2.778676 | r:  -510.000000 | e:   0.993200 | Q:        nan | won: False 
#   21 | steps:   189 | steps_t:    78 | t: 3.131781 | r:  -510.000000 | e:   0.992200 | Q:        nan | won: False 
#   22 | steps:   196 | steps_t:    84 | t: 3.404222 | r:  -506.000000 | e:   0.991600 | Q:        nan | won: False 
#   23 | steps:   214 | steps_t:   101 | t: 4.008413 | r:  -517.000000 | e:   0.989900 | Q:        nan | won: False 
#   24 | steps:   257 | steps_t:   143 | t: 5.642195 | r:  -531.000000 | e:   0.985700 | Q:        nan | won: False 
#   25 | steps:   265 | steps_t:   150 | t: 5.912637 | r:  -507.000000 | e:   0.985000 | Q:        nan | won: False 
#   26 | steps:   282 | steps_t:   166 | t: 6.572115 | r:  -516.000000 | e:   0.983400 | Q:        nan | won: False 
#   27 | steps:   292 | steps_t:   175 | t: 6.912825 | r:  -509.000000 | e:   0.982500 | Q:        nan | won: False 
#   28 | steps:   307 | steps_t:   189 | t: 7.471586 | r:  -503.000000 | e:   0.981100 | Q:        nan | won: False 
#   29 | steps:   322 | steps_t:   203 | t: 8.060620 | r:  -503.000000 | e:   0.979700 | Q: -316.105469 | won: False 
