#    1 | steps:     6 | steps_t:     0 | t: 0.021655 | r:  -505.000000 | e:   1.000000 | Q:        nan | won: False 
#    2 | steps:    13 | steps_t:     0 | t: 0.024704 | r:  -506.000000 | e:   1.000000 | Q:        nan | won: False 
#    3 | steps:    34 | steps_t:     0 | t: 0.031394 | r:  -520.000000 | e:   1.000000 | Q:        nan | won: False 
#    4 | steps:    48 | steps_t:     0 | t: 0.036153 | r:  -513.000000 | e:   1.000000 | Q:        nan | won: False 
#    5 | steps:    55 | steps_t:     0 | t: 0.038695 | r:  -506.000000 | e:   1.000000 | Q:        nan | won: False 
#    6 | steps:    62 | steps_t:     0 | t: 0.041106 | r:  -506.000000 | e:   1.000000 | Q:        nan | won: False 
#    7 | steps:    72 | steps_t:     0 | t: 0.044585 | r:  -509.000000 | e:   1.000000 | Q:        nan | won: False 
#    8 | steps:    89 | steps_t:     0 | t: 0.050115 | r:  -505.000000 | e:   1.000000 | Q:        nan | won: False 
#    9 | steps:    95 | steps_t:     0 | t: 0.052306 | r:  -505.000000 | e:   1.000000 | Q:        nan | won: False 
#   10 | steps:   108 | steps_t:     7 | t: 0.200168 | r:  -512.000000 | e:   0.999300 | Q:        nan | won: False 
#   11 | steps:   118 | steps_t:    16 | t: 0.264816 | r:  -509.000000 | e:   0.998400 | Q:        nan | won: False 
#   12 | steps:   128 | steps_t:    25 | t: 0.331002 | r:  -509.000000 | e:   0.997500 | Q:        nan | won: False 
#   13 | steps:   145 | steps_t:    41 | t: 0.445539 | r:  -516.000000 | e:   0.995900 | Q:        nan | won: False 
#   14 | steps:   155 | steps_t:    50 | t: 0.508547 | r:  -509.000000 | e:   0.995000 | Q:  -3.298757 | won: False 
#   15 | steps:   169 | steps_t:    63 | t: 0.595548 | r:  -513.000000 | e:   0.993700 | Q:        nan | won: False 
#   16 | steps:   180 | steps_t:    73 | t: 0.662735 | r:  -510.000000 | e:   0.992700 | Q:        nan | won: False 
#   17 | steps:   188 | steps_t:    80 | t: 0.711174 | r:  -507.000000 | e:   0.992000 | Q:        nan | won: False 
#   18 | steps:   201 | steps_t:    92 | t: 0.794929 | r:  -512.000000 | e:   0.990800 | Q:        nan | won: False 
#   19 | steps:   211 | steps_t:   101 | t: 0.858090 | r:  -509.000000 | e:   0.989900 | Q:        nan | won: False 
#   20 | steps:   218 | steps_t:   107 | t: 0.902373 | r:  -506.000000 | e:   0.989300 | Q:        nan | won: False 
#   21 | steps:   224 | steps_t:   112 | t: 0.936662 | r:  -505.000000 | e:   0.988800 | Q:        nan | won: False 
#   22 | steps:   232 | steps_t:   119 | t: 0.984860 | r:  -507.000000 | e:   0.988100 | Q: -139.461533 | won: False 
#   23 | steps:   242 | steps_t:   128 | t: 1.046626 | r:  -509.000000 | e:   0.987200 | Q: -162.118851 | won: False 
#   24 | steps:   263 | steps_t:   148 | t: 1.187770 | r:  -520.000000 | e:   0.985200 | Q: -267.678833 | won: False 
#   25 | steps:   271 | steps_t:   155 | t: 1.236522 | r:  -507.000000 | e:   0.984500 | Q:        nan | won: False 
#   26 | steps:   291 | steps_t:   174 | t: 1.362753 | r:  -519.000000 | e:   0.982600 | Q:        nan | won: False 
#   27 | steps:   315 | steps_t:   197 | t: 1.531648 | r:  -523.000000 | e:   0.980300 | Q: -260.948944 | won: False 
#   28 | steps:   330 | steps_t:   211 | t: 1.632244 | r:  -503.000000 | e:   0.978900 | Q:        nan | won: False 
#   29 | steps:   337 | steps_t:   217 | t: 1.675880 | r:  -506.000000 | e:   0.978300 | Q:        nan | won: False 
#   30 | steps:   342 | steps_t:   221 | t: 1.703858 | r:  -504.000000 | e:   0.977900 | Q:        nan | won: False 
#   31 | steps:   348 | steps_t:   226 | t: 1.739156 | r:  -505.000000 | e:   0.977400 | Q:        nan | won: False 
#   32 | steps:   361 | steps_t:   238 | t: 1.824759 | r:  -512.000000 | e:   0.976200 | Q: -223.251953 | won: False 
#   33 | steps:   371 | steps_t:   247 | t: 1.889729 | r:  -509.000000 | e:   0.975300 | Q:        nan | won: False 
#   34 | steps:   382 | steps_t:   257 | t: 1.959565 | r:  -510.000000 | e:   0.974300 | Q: -244.005295 | won: False 
#   35 | steps:   392 | steps_t:   266 | t: 2.018761 | r:  -509.000000 | e:   0.973400 | Q:        nan | won: False 
#   36 | steps:   403 | steps_t:   276 | t: 2.088979 | r:  -510.000000 | e:   0.972400 | Q: -274.285492 | won: False 
#   37 | steps:   412 | steps_t:   284 | t: 2.149632 | r:  -508.000000 | e:   0.971600 | Q: -275.897919 | won: False 
#   38 | steps:   422 | steps_t:   293 | t: 2.209494 | r:  -509.000000 | e:   0.970700 | Q:        nan | won: False 
#   39 | steps:   431 | steps_t:   301 | t: 2.265925 | r:  -508.000000 | e:   0.969900 | Q: -266.279449 | won: False 
#   40 | steps:   454 | steps_t:   323 | t: 2.415988 | r:  -522.000000 | e:   0.967700 | Q: -275.542877 | won: False 
#   41 | steps:   464 | steps_t:   332 | t: 2.480097 | r:  -509.000000 | e:   0.966800 | Q: -261.366516 | won: False 
#   42 | steps:   484 | steps_t:   351 | t: 2.612824 | r:  -519.000000 | e:   0.964900 | Q:        nan | won: False 
#   43 | steps:   492 | steps_t:   358 | t: 2.662875 | r:  -507.000000 | e:   0.964200 | Q:        nan | won: False 
#   44 | steps:   500 | steps_t:   365 | t: 2.712943 | r:  -507.000000 | e:   0.963500 | Q:        nan | won: False 
#   45 | steps:   507 | steps_t:   371 | t: 2.756411 | r:  -506.000000 | e:   0.962900 | Q:        nan | won: False 
#   46 | steps:   514 | steps_t:   377 | t: 2.798389 | r:  -506.000000 | e:   0.962300 | Q:        nan | won: False 
#   47 | steps:   522 | steps_t:   384 | t: 2.845081 | r:  -507.000000 | e:   0.961600 | Q:        nan | won: False 
#   48 | steps:   528 | steps_t:   389 | t: 2.881294 | r:  -505.000000 | e:   0.961100 | Q:        nan | won: False 
#   49 | steps:   538 | steps_t:   398 | t: 2.942757 | r:  -509.000000 | e:   0.960200 | Q:        nan | won: False 
#   50 | steps:   562 | steps_t:   421 | t: 3.107789 | r:  -523.000000 | e:   0.957900 | Q:        nan | won: False 
#   51 | steps:   570 | steps_t:   428 | t: 3.154951 | r:  -507.000000 | e:   0.957200 | Q:        nan | won: False 
#   52 | steps:   577 | steps_t:   434 | t: 3.196713 | r:  -506.000000 | e:   0.956600 | Q:        nan | won: False 
#   53 | steps:   585 | steps_t:   441 | t: 3.247681 | r:  -507.000000 | e:   0.955900 | Q: -271.464752 | won: False 
#   54 | steps:   593 | steps_t:   448 | t: 3.293900 | r:  -507.000000 | e:   0.955200 | Q:        nan | won: False 
#   55 | steps:   601 | steps_t:   455 | t: 3.345690 | r:  -507.000000 | e:   0.954500 | Q: -255.690414 | won: False 
#   56 | steps:   608 | steps_t:   461 | t: 3.393037 | r:  -506.000000 | e:   0.953900 | Q: -244.443192 | won: False 
#   57 | steps:   615 | steps_t:   467 | t: 3.436518 | r:  -506.000000 | e:   0.953300 | Q: -241.112930 | won: False 
#   58 | steps:   625 | steps_t:   476 | t: 3.498312 | r:  -509.000000 | e:   0.952400 | Q:        nan | won: False 
#   59 | steps:   635 | steps_t:   485 | t: 3.562015 | r:  -509.000000 | e:   0.951500 | Q: -243.845779 | won: False 
#   60 | steps:   641 | steps_t:   490 | t: 3.596257 | r:  -505.000000 | e:   0.951000 | Q:        nan | won: False 
#   61 | steps:   657 | steps_t:   505 | t: 3.696728 | r:  -504.000000 | e:   0.949500 | Q: -228.483856 | won: False 
#   62 | steps:   665 | steps_t:   512 | t: 3.746696 | r:  -507.000000 | e:   0.948800 | Q: -218.573608 | won: False 
#   63 | steps:   674 | steps_t:   520 | t: 3.801555 | r:  -508.000000 | e:   0.948000 | Q:        nan | won: False 
#   64 | steps:   680 | steps_t:   525 | t: 3.836226 | r:  -505.000000 | e:   0.947500 | Q:        nan | won: False 
#   65 | steps:   689 | steps_t:   533 | t: 3.894219 | r:  -508.000000 | e:   0.946700 | Q: -193.206924 | won: False 
#   66 | steps:   697 | steps_t:   540 | t: 3.945995 | r:  -507.000000 | e:   0.946000 | Q:        nan | won: False 
#   67 | steps:   708 | steps_t:   550 | t: 4.015987 | r:  -510.000000 | e:   0.945000 | Q:        nan | won: False 
#   68 | steps:   731 | steps_t:   572 | t: 4.166594 | r:  -522.000000 | e:   0.942800 | Q: -204.589050 | won: False 
#   69 | steps:   741 | steps_t:   581 | t: 4.229935 | r:  -509.000000 | e:   0.941900 | Q: -205.138260 | won: False 
#   70 | steps:   765 | steps_t:   604 | t: 4.388035 | r:  -523.000000 | e:   0.939600 | Q: -211.950134 | won: False 
#   71 | steps:   775 | steps_t:   613 | t: 4.451555 | r:  -509.000000 | e:   0.938700 | Q: -203.900757 | won: False 
#   72 | steps:   783 | steps_t:   620 | t: 4.502507 | r:  -507.000000 | e:   0.938000 | Q:        nan | won: False 
#   73 | steps:   797 | steps_t:   633 | t: 4.592742 | r:  -513.000000 | e:   0.936700 | Q: -231.570190 | won: False 
#   74 | steps:   812 | steps_t:   647 | t: 4.688748 | r:  -514.000000 | e:   0.935300 | Q:        nan | won: False 
#   75 | steps:   823 | steps_t:   657 | t: 4.758940 | r:  -510.000000 | e:   0.934300 | Q: -280.992554 | won: False 
#   76 | steps:   832 | steps_t:   665 | t: 4.815661 | r:  -508.000000 | e:   0.933500 | Q:        nan | won: False 
#   77 | steps:   840 | steps_t:   672 | t: 4.870516 | r:  -507.000000 | e:   0.932800 | Q: -277.461700 | won: False 
#   78 | steps:   848 | steps_t:   679 | t: 4.922269 | r:  -507.000000 | e:   0.932100 | Q: -276.713440 | won: False 
#   79 | steps:   864 | steps_t:   694 | t: 5.025747 | r:  -515.000000 | e:   0.930600 | Q:        nan | won: False 
#   80 | steps:   874 | steps_t:   703 | t: 5.089732 | r:  -509.000000 | e:   0.929700 | Q:        nan | won: False 
#   81 | steps:   887 | steps_t:   715 | t: 5.177838 | r:  -512.000000 | e:   0.928500 | Q: -277.406647 | won: False 
#   82 | steps:   893 | steps_t:   720 | t: 5.212512 | r:  -505.000000 | e:   0.928000 | Q:        nan | won: False 
#   83 | steps:   900 | steps_t:   726 | t: 5.252312 | r:  -506.000000 | e:   0.927400 | Q:        nan | won: False 
#   84 | steps:   907 | steps_t:   732 | t: 5.292264 | r:  -506.000000 | e:   0.926800 | Q:        nan | won: False 
#   85 | steps:   915 | steps_t:   739 | t: 5.339961 | r:  -507.000000 | e:   0.926100 | Q:        nan | won: False 
#   86 | steps:   928 | steps_t:   751 | t: 5.425638 | r:  -512.000000 | e:   0.924900 | Q:        nan | won: False 
#   87 | steps:   936 | steps_t:   758 | t: 5.478788 | r:  -507.000000 | e:   0.924200 | Q: -265.224884 | won: False 
#   88 | steps:   948 | steps_t:   769 | t: 5.560643 | r:  -511.000000 | e:   0.923100 | Q: -280.510254 | won: False 
#   89 | steps:   958 | steps_t:   778 | t: 5.627766 | r:  -509.000000 | e:   0.922200 | Q:        nan | won: False 
#   90 | steps:   967 | steps_t:   786 | t: 5.685821 | r:  -508.000000 | e:   0.921400 | Q: -272.734344 | won: False 
#   91 | steps:   990 | steps_t:   808 | t: 5.845622 | r:  -522.000000 | e:   0.919200 | Q: -253.645630 | won: False 
#   92 | steps:  1001 | steps_t:   818 | t: 5.918049 | r:  -510.000000 | e:   0.918200 | Q:        nan | won: False 
#   93 | steps:  1009 | steps_t:   825 | t: 5.968734 | r:  -507.000000 | e:   0.917500 | Q: -243.964432 | won: False 
#   94 | steps:  1016 | steps_t:   831 | t: 6.009621 | r:  -506.000000 | e:   0.916900 | Q:        nan | won: False 
#   95 | steps:  1026 | steps_t:   840 | t: 6.074650 | r:  -509.000000 | e:   0.916000 | Q: -235.832626 | won: False 
#   96 | steps:  1034 | steps_t:   847 | t: 6.124195 | r:  -507.000000 | e:   0.915300 | Q:        nan | won: False 
#   97 | steps:  1043 | steps_t:   855 | t: 6.179706 | r:  -508.000000 | e:   0.914500 | Q:        nan | won: False 
#   98 | steps:  1053 | steps_t:   864 | t: 6.244478 | r:  -509.000000 | e:   0.913600 | Q: -228.504303 | won: False 
#   99 | steps:  1063 | steps_t:   873 | t: 6.307868 | r:  -509.000000 | e:   0.912700 | Q: -258.569611 | won: False 
#  100 | steps:  1070 | steps_t:   879 | t: 6.545692 | r:  -506.000000 | e:   0.912100 | Q: -264.545746 | won: False 
#  101 | steps:  1084 | steps_t:   892 | t: 8.572052 | r:  -513.000000 | e:   0.910800 | Q:        nan | won: False 
